[2024-10-30T13:00:00.365+0000] {local_task_job_runner.py:123} INFO - ::group::Pre task execution logs
[2024-10-30T13:00:00.374+0000] {taskinstance.py:2612} INFO - Dependencies all met for dep_context=non-requeueable deps ti=<TaskInstance: web_scrapping_dag.task scheduled__2024-10-30T12:00:00+00:00 [queued]>
[2024-10-30T13:00:00.378+0000] {taskinstance.py:2612} INFO - Dependencies all met for dep_context=requeueable deps ti=<TaskInstance: web_scrapping_dag.task scheduled__2024-10-30T12:00:00+00:00 [queued]>
[2024-10-30T13:00:00.378+0000] {taskinstance.py:2865} INFO - Starting attempt 1 of 1
[2024-10-30T13:00:00.385+0000] {taskinstance.py:2888} INFO - Executing <Task(PythonOperator): task> on 2024-10-30 12:00:00+00:00
[2024-10-30T13:00:00.388+0000] {warnings.py:112} WARNING - /home/***/.local/lib/python3.12/site-packages/***/task/task_runner/standard_task_runner.py:70: DeprecationWarning: This process (pid=963) is multi-threaded, use of fork() may lead to deadlocks in the child.
  pid = os.fork()

[2024-10-30T13:00:00.389+0000] {standard_task_runner.py:72} INFO - Started process 964 to run task
[2024-10-30T13:00:00.390+0000] {standard_task_runner.py:104} INFO - Running: ['***', 'tasks', 'run', 'web_scrapping_dag', 'task', 'scheduled__2024-10-30T12:00:00+00:00', '--job-id', '7', '--raw', '--subdir', 'DAGS_FOLDER/first_dag_with_python.py', '--cfg-path', '/tmp/tmpxwrrnul7']
[2024-10-30T13:00:00.392+0000] {standard_task_runner.py:105} INFO - Job 7: Subtask task
[2024-10-30T13:00:00.416+0000] {task_command.py:467} INFO - Running <TaskInstance: web_scrapping_dag.task scheduled__2024-10-30T12:00:00+00:00 [running]> on host 0c345cfeaacd
[2024-10-30T13:00:00.459+0000] {taskinstance.py:3131} INFO - Exporting env vars: AIRFLOW_CTX_DAG_OWNER='***' AIRFLOW_CTX_DAG_ID='web_scrapping_dag' AIRFLOW_CTX_TASK_ID='task' AIRFLOW_CTX_EXECUTION_DATE='2024-10-30T12:00:00+00:00' AIRFLOW_CTX_TRY_NUMBER='1' AIRFLOW_CTX_DAG_RUN_ID='scheduled__2024-10-30T12:00:00+00:00'
[2024-10-30T13:00:00.460+0000] {taskinstance.py:731} INFO - ::endgroup::
[2024-10-30T13:00:00.667+0000] {logging_mixin.py:190} INFO - data/29.10.2024.csv
[2024-10-30T13:00:00.936+0000] {logging_mixin.py:190} INFO - Saved article: Shopenning yo‘qolgan musiqiy asari qariyb 200 yildan keyin topildi
[2024-10-30T13:00:01.048+0000] {logging_mixin.py:190} INFO - Saved article: Yevrokomissiya Xitoy elektromobillariga 35 foizgacha boj joriy etishni ma’qulladi
[2024-10-30T13:00:01.142+0000] {logging_mixin.py:190} INFO - Saved article: Chechenistonda maxsus kuchlar universitetiga dron hujum qildi. Ramzan Qodirov qasos olishga va’da berdi
[2024-10-30T13:00:01.219+0000] {logging_mixin.py:190} INFO - Saved article: Qirg‘izistonda besh nafar general unvonidan mahrum qilindi
[2024-10-30T13:00:01.387+0000] {logging_mixin.py:190} INFO - Saved article: AQSh va Yevropa nima sababdan turlicha iqtisodiy qiyinchiliklarga duch kelyapti?
[2024-10-30T13:00:01.711+0000] {logging_mixin.py:190} INFO - Saved article: Zelenskiyning «g‘alaba rejasi» ba’zi tafsilotlari ma’lum bo‘ldi – OAV
[2024-10-30T13:00:01.958+0000] {logging_mixin.py:190} INFO - Saved article: Putin yadroviy tiyib turuvchi kuchlarni sinovdan o‘tkazdi
[2024-10-30T13:00:02.081+0000] {logging_mixin.py:190} INFO - Saved article: Oltinga qiziqishning oshayotgani dollar dominantligiga soya soladi - FT
[2024-10-30T13:00:02.232+0000] {logging_mixin.py:190} INFO - Saved article: Jizzaxda 8,6 mlrd so‘mlik elektr energiyasidan noqonuniy foydalangan “metan zapravka” aniqlandi
[2024-10-30T13:00:02.355+0000] {logging_mixin.py:190} INFO - Saved article: KXDR rahbari Kim Chen Inning xavfsizligi kuchaytirildi – OAV
[2024-10-30T13:00:02.469+0000] {logging_mixin.py:190} INFO - Saved article: Yagona saylov okrugi bo‘yicha saylov natijalari tasdiqlandi
[2024-10-30T13:00:02.560+0000] {logging_mixin.py:190} INFO - Saved article: Aspirant tasodifan Meksika junglilarida yo‘qolgan shaharni topdi
[2024-10-30T13:00:02.679+0000] {logging_mixin.py:190} INFO - Saved article: Samarqand shahrida sodir bo‘lgan yong‘inda yashash xonadoni yonib ketdi
[2024-10-30T13:00:02.785+0000] {logging_mixin.py:190} INFO - Saved article: Xitoy tovushdan tez uchuvchi yo‘lovchi samolyotni sinovdan muvaffaqiyatli o‘tkazdi
[2024-10-30T13:00:03.528+0000] {logging_mixin.py:190} INFO - Saved article: Alisher Usmonov yana Xalqaro qilichbozlik federatsiyasi rahbari bo‘lishi mumkin
[2024-10-30T13:00:04.035+0000] {logging_mixin.py:190} INFO - Saved article: “Odamlar qiynalishyapti” – boysunliklar hukumatdan amaliy yordam kutmoqda
[2024-10-30T13:00:04.155+0000] {logging_mixin.py:190} INFO - Saved article: TikTok asoschisi Xitoyning eng badavlat insoniga aylandi
[2024-10-30T13:00:04.262+0000] {logging_mixin.py:190} INFO - Saved article: NYT avgust oyida Kursk oblastida tinch aholi vakillari o‘ldirilgani aks etgan videoni o‘rgandi
[2024-10-30T13:00:04.372+0000] {logging_mixin.py:190} INFO - Saved article: 29 oktyabr yangiliklari: O‘zbekistonda ro‘y bergan muhim voqea va hodisalar
[2024-10-30T13:00:04.486+0000] {logging_mixin.py:190} INFO - Saved article: AQSh Shimoliy Koreya qo‘shinlari urushga qo‘shilsa, Ukraina uchun qurol cheklovini olib tashlash bilan tahdid qildi
[2024-10-30T13:00:04.597+0000] {logging_mixin.py:190} INFO - Saved article: Toshkentda o‘g‘il bolaga qiz bola kiyimini kiydirib, sahna ko‘rinishi tashkillashtirgan tarbiyachi ishdan olindi
[2024-10-30T13:00:04.715+0000] {logging_mixin.py:190} INFO - Saved article: Apple M4 chipli yangi iMac kompyuterini taqdim qildi
[2024-10-30T13:00:04.823+0000] {logging_mixin.py:190} INFO - Saved article: Gurjistonda ommaviy norozilik ortidan saylovdagi ovozlar qayta sanaladi
[2024-10-30T13:00:05.152+0000] {logging_mixin.py:190} INFO - Saved article: Rossiyada noqonuniy migrantlarga nisbatan jazo choralari kuchaytirildi
[2024-10-30T13:00:05.327+0000] {logging_mixin.py:190} INFO - Saved article: ADM Jizzakh va Birinchi Rezinotexnika Zavodi o‘rtasida hamkorlik to‘g‘risida bitim imzolandi
[2024-10-30T13:00:05.475+0000] {logging_mixin.py:190} INFO - Saved article: Toshkentda ikki talaba taksichini o‘ldirib, mashinasini olib qochmoqchi bo‘ldi
[2024-10-30T13:00:05.593+0000] {logging_mixin.py:190} INFO - Saved article: Shimoliy Koreya Rossiyaga 5,5 mlrd dollarlik qurol yetkazib bergani aytilmoqda
[2024-10-30T13:00:05.955+0000] {logging_mixin.py:190} INFO - Saved article: Xalqaro yirik iqlim sammiti Ozarboyjonda o‘tadi: COP29’dan nimalar kutilyapti?
[2024-10-30T13:00:06.059+0000] {logging_mixin.py:190} INFO - Saved article: Rossiya sudi Googleʼni 2 undetsillion rubl jarimaga tortdi
[2024-10-30T13:00:06.229+0000] {logging_mixin.py:190} INFO - Saved article: Olimlar gaz plitalaridan foydalanish va bevaqt o‘lim o‘rtasidagi bog‘liqlikni ma’lum qildi
[2024-10-30T13:00:06.326+0000] {logging_mixin.py:190} INFO - Saved article: Yuqumli kasalliklar elektron monitoringi ishga tushirildi
[2024-10-30T13:00:06.425+0000] {logging_mixin.py:190} INFO - Saved article: Ishdagi depressiya sabab har yili 12 milliard ish kuni yo‘qotilyapti – tavsiyalar
[2024-10-30T13:00:06.569+0000] {logging_mixin.py:190} INFO - Saved article: SSV o‘zbekistonliklarga piyoda yurish foydalarini eslatdi
[2024-10-30T13:00:06.676+0000] {logging_mixin.py:190} INFO - Saved article: Akram Afif - Osiyoda yilning eng yaxshi futbolchisi!
[2024-10-30T13:00:07.040+0000] {logging_mixin.py:190} INFO - Saved article: Puerto Riko arxiyepiskopi Tramp uzr so‘rashini talab qildi
[2024-10-30T13:00:07.156+0000] {logging_mixin.py:190} INFO - Saved article: Abbosbek Fayzullayev - Osiyoning eng yaxshi yosh futbolchisi!
[2024-10-30T13:00:07.275+0000] {logging_mixin.py:190} INFO - Saved article: 2025 yilda O‘zbekiston 5,5 mlrd dollargacha tashqi qarz olishi mumkin
[2024-10-30T13:00:07.512+0000] {logging_mixin.py:190} INFO - Saved article: Samarqandda sodir bo‘lgan YTHda haydovchi vafot etdi
[2024-10-30T13:00:07.660+0000] {logging_mixin.py:190} INFO - Saved article: Yevropaliklar uy-joyga pul to‘lash uchun oziq-ovqat xarajatlarini kamaytirishga majbur bo‘lmoqda - so‘rovnoma
[2024-10-30T13:00:07.806+0000] {logging_mixin.py:190} INFO - Saved article: Apple o‘zining eng kichik kompyuterini taqdim etadi
[2024-10-30T13:00:07.926+0000] {logging_mixin.py:190} INFO - Saved article: Afg‘onistonda ayol olti egizakni dunyoga keltirdi
[2024-10-30T13:00:08.014+0000] {logging_mixin.py:190} INFO - Saved article: Octobank ilovasi orqali xorijdagi yaqinlaringizga pul yuboring va xizmatlar uchun to‘lov qiling
[2024-10-30T13:00:08.142+0000] {logging_mixin.py:190} INFO - Saved article: Hindistonlik biznesmen deyarli butun boyligini itiga meros qoldirdi
[2024-10-30T13:00:08.372+0000] {logging_mixin.py:190} INFO - Saved article: Germaniyada 18 yoshli yigit noqonuniy parkovkalar haqida xabar berib, millionerga aylandi
[2024-10-30T13:00:08.490+0000] {logging_mixin.py:190} INFO - Saved article: Egasini topgan «Oltin to‘p». Yoki «Real»ga nisbatan adolatsizlik qilindimi?
[2024-10-30T13:00:08.647+0000] {logging_mixin.py:190} INFO - Saved article: Indoneziyada iPhone 16 sotuvi taqiqlandi
[2024-10-30T13:00:09.116+0000] {logging_mixin.py:190} INFO - Saved article: Yer atmosferasining ifloslanishi rekord darajaga yetdi
[2024-10-30T13:00:09.474+0000] {logging_mixin.py:190} INFO - Saved article: Toshkent tumanidagi qariyb 43 ming xonadonda noma’lum muddatga gaz o‘chiriladi
[2024-10-30T13:00:09.596+0000] {logging_mixin.py:190} INFO - Saved article: Rossiya armiyasi Donetsk oblastidagi Gornyak shahrini egalladi
[2024-10-30T13:00:09.727+0000] {logging_mixin.py:190} INFO - Saved article: RF Mudofaa vazirligi aloqa boshqarmasi sobiq boshlig‘i pora uchun hibsga olindi
[2024-10-30T13:00:09.843+0000] {logging_mixin.py:190} INFO - Saved article: London dezinformatsiya uchun RFning 3 agentligiga qarshi sanksiyalar kiritdi
[2024-10-30T13:00:09.981+0000] {logging_mixin.py:190} INFO - Saved article: O‘zbekiston va Kuvayt o‘rtasida haftalik aviaqatnovlar soni oshiriladi
[2024-10-30T13:00:10.125+0000] {logging_mixin.py:190} INFO - Saved article: «Hizbulloh»ning yangi rahbari ma’lum bo‘ldi
[2024-10-30T13:00:10.226+0000] {logging_mixin.py:190} INFO - Saved article: Misr G‘azoda ikki kunlik sulh tuzishni taklif qildi
[2024-10-30T13:00:10.331+0000] {logging_mixin.py:190} INFO - Saved article: Davr bank jarimaga tortildi – Raqobat qo‘mitasi
[2024-10-30T13:00:10.430+0000] {logging_mixin.py:190} INFO - Saved article: Samarqandda savdo do‘koni yonib ketdi
[2024-10-30T13:00:10.552+0000] {logging_mixin.py:190} INFO - Saved article: Xususiy bandlik agentliklari litsenziya olishi uchun zaxira mablag‘i miqdori kamaytiriladi
[2024-10-30T13:00:10.672+0000] {logging_mixin.py:190} INFO - Saved article: Kambag‘allikni qisqartirishda yangi dastur, zargarlik buyumlari importida yengillik va chiqindi qarzdorligi uchun “jazo” – 1 noyabrdan nimalar o‘zgaradi?
[2024-10-30T13:00:11.111+0000] {logging_mixin.py:190} INFO - Saved article: Skuter va samokatdagi huquqbuzarliklar uchun ma’muriy javobgarlik belgilandi
[2024-10-30T13:00:11.209+0000] {logging_mixin.py:190} INFO - Saved article: Finlandiyada Rossiya yer uchastkasi xatlovga olindi
[2024-10-30T13:00:11.311+0000] {logging_mixin.py:190} INFO - Saved article: Trampning mitingida chiqish qilgan komik Puerto-Rikoni «chiqindi oroli» deb atadi. Demokratlar ham, respublikachilar ham g‘azabda
[2024-10-30T13:00:11.542+0000] {logging_mixin.py:190} INFO - Saved article: Eron raketalaridan ayrilgan Putin, urushga yo‘l olgan KXDR askarlari va Gurjiston muxolifati shartlari - kun dayjesti
[2024-10-30T13:00:11.657+0000] {logging_mixin.py:190} INFO - Saved article: Elektron xizmatlar ko‘rsatuvchi xorijiy kompaniyalar 100 mlrd so‘mdan ortiq soliq to‘ladi
[2024-10-30T13:00:11.870+0000] {logging_mixin.py:190} INFO - Saved article: Filippinda «Trami» to‘foni tufayli 5,7 mln kishi uyini tashlab ketdi
[2024-10-30T13:00:11.974+0000] {logging_mixin.py:190} INFO - Saved article: AQShdagi vatandoshlarni qo‘llab-quvvatlash bo‘yicha "Ildiz" platformasi tashkil etildi
[2024-10-30T13:00:12.058+0000] {logging_mixin.py:190} INFO - Saved article: Isroilda 2025 yildan UNRWA faoliyati taqiqlandi
[2024-10-30T13:00:12.152+0000] {logging_mixin.py:190} INFO - Saved article: Toshkent viloyatida fuqaro o‘zi tashlagan chiqindini o‘zi tozaladi
[2024-10-30T13:00:12.244+0000] {logging_mixin.py:190} INFO - Saved article: Gurjiston bosh vaziri: Muxolifat va NNT konstitutsiyaviy tuzumga qarshi chiqyapti
[2024-10-30T13:00:12.350+0000] {logging_mixin.py:190} INFO - Saved article: Berlinda "Xo‘ja Nasriddin" festivali o‘tkazildi
[2024-10-30T13:00:12.489+0000] {logging_mixin.py:190} INFO - Saved article: 30 oktyabr kuni harorat 17 darajagacha ko‘tariladi
[2024-10-30T13:00:12.640+0000] {logging_mixin.py:190} INFO - Saved article: 8 yilgacha qamoq jazosi – Jinoyat kodeksiga «lixoradchik»lar uchun alohida modda kiritildi
[2024-10-30T13:00:13.052+0000] {logging_mixin.py:190} INFO - Saved article: YeK KXDR harbiylarining RFga yuborilishini jiddiy eskalatsiya deb atadi
[2024-10-30T13:00:13.158+0000] {logging_mixin.py:190} INFO - Saved article: 1,1 mlrd so‘mlik elektrdan noqonuniy foydalangan metan zapravka aniqlandi
[2024-10-30T13:00:13.283+0000] {logging_mixin.py:190} INFO - Saved article: BMT bosh kotibi: G‘azo shimolidagi aholi chidab bo‘lmas ahvolda
[2024-10-30T13:00:13.387+0000] {logging_mixin.py:190} INFO - Saved article: Malayziya O‘zbekiston davlat idoralariga quyosh panellarini o‘rnatishni boshlaydi
[2024-10-30T13:00:13.485+0000] {logging_mixin.py:190} INFO - Saved article: Tramp: Harris saylovda g‘alaba qozonsa, AQShni uchinchi jahon urushiga tortadi
[2024-10-30T13:00:13.591+0000] {logging_mixin.py:190} INFO - Saved article: Abdulaziz Komilov Xorvatiya rahbariyati bilan muzokaralar o‘tkazdi
[2024-10-30T13:00:14.040+0000] {logging_mixin.py:190} INFO - Saved article: Kreml Gurjistondagi saylovlarga aralashgani bo‘yicha ayblovlarni rad etdi
[2024-10-30T13:00:14.162+0000] {logging_mixin.py:190} INFO - Saved article: Toshkentda oltin quymalari va xitoy tangalarini olib chiqib ketmoqchi bo‘lgan shaxs ushlandi
[2024-10-30T13:00:14.283+0000] {logging_mixin.py:190} INFO - Saved article: Litvadagi saylovlar g‘olibi mudofaa xarajatlarini oshirmoqchi
[2024-10-30T13:00:14.403+0000] {logging_mixin.py:190} INFO - Saved article: GFR fuqaroligiga ega eronlik Eron rasmiylari tomonidan qatl etildi
[2024-10-30T13:00:14.502+0000] {logging_mixin.py:190} INFO - Saved article: O‘zbekistonda o‘rtacha necha yoshda nikoh qurilayotgani aytildi
[2024-10-30T13:00:14.702+0000] {logging_mixin.py:190} INFO - Saved article: RF Xarkiv markazidagi YuNESKO obektiga havo hujumi uyushtirdi
[2024-10-30T13:00:14.843+0000] {logging_mixin.py:190} INFO - Saved article: Rodri - «Oltin to‘p-2024» sohibi
[2024-10-30T13:00:14.958+0000] {logging_mixin.py:190} INFO - Saved article: Putin iqtisodiyotdagi muammolar haqida gapirib, inflatsiyada g‘arb sanksiyalarini aybladi
[2024-10-30T13:00:15.057+0000] {logging_mixin.py:190} INFO - Saved article: Filadelfiya prokurori Ilon Maskka qarshi da’vo kiritdi
[2024-10-30T13:00:15.207+0000] {logging_mixin.py:190} INFO - Saved article: Hindiston farmatsevtika kompaniyasi Rossiyaga Amerika chiplarini yetkazib berayotgani ma’lum bo‘ldi
[2024-10-30T13:00:15.299+0000] {python.py:240} INFO - Done. Returned value was: None
[2024-10-30T13:00:15.306+0000] {taskinstance.py:340} INFO - ::group::Post task execution logs
[2024-10-30T13:00:15.306+0000] {taskinstance.py:352} INFO - Marking task as SUCCESS. dag_id=web_scrapping_dag, task_id=task, run_id=scheduled__2024-10-30T12:00:00+00:00, execution_date=20241030T120000, start_date=20241030T130000, end_date=20241030T130015
[2024-10-30T13:00:15.336+0000] {local_task_job_runner.py:266} INFO - Task exited with return code 0
[2024-10-30T13:00:15.345+0000] {taskinstance.py:3900} INFO - 0 downstream tasks scheduled from follow-on schedule check
[2024-10-30T13:00:15.346+0000] {local_task_job_runner.py:245} INFO - ::endgroup::
