[2024-10-30T23:15:15.714+0000] {local_task_job_runner.py:123} INFO - ::group::Pre task execution logs
[2024-10-30T23:15:15.726+0000] {taskinstance.py:2612} INFO - Dependencies all met for dep_context=non-requeueable deps ti=<TaskInstance: web_scrapping_dag.task scheduled__2024-10-30T22:00:00+00:00 [queued]>
[2024-10-30T23:15:15.731+0000] {taskinstance.py:2612} INFO - Dependencies all met for dep_context=requeueable deps ti=<TaskInstance: web_scrapping_dag.task scheduled__2024-10-30T22:00:00+00:00 [queued]>
[2024-10-30T23:15:15.732+0000] {taskinstance.py:2865} INFO - Starting attempt 1 of 1
[2024-10-30T23:15:15.739+0000] {taskinstance.py:2888} INFO - Executing <Task(PythonOperator): task> on 2024-10-30 22:00:00+00:00
[2024-10-30T23:15:15.744+0000] {warnings.py:112} WARNING - /home/***/.local/lib/python3.12/site-packages/***/task/task_runner/standard_task_runner.py:70: DeprecationWarning: This process (pid=1308) is multi-threaded, use of fork() may lead to deadlocks in the child.
  pid = os.fork()

[2024-10-30T23:15:15.745+0000] {standard_task_runner.py:72} INFO - Started process 1309 to run task
[2024-10-30T23:15:15.745+0000] {standard_task_runner.py:104} INFO - Running: ['***', 'tasks', 'run', 'web_scrapping_dag', 'task', 'scheduled__2024-10-30T22:00:00+00:00', '--job-id', '18', '--raw', '--subdir', 'DAGS_FOLDER/first_dag_with_python.py', '--cfg-path', '/tmp/tmpg00xjhl5']
[2024-10-30T23:15:15.748+0000] {standard_task_runner.py:105} INFO - Job 18: Subtask task
[2024-10-30T23:15:15.792+0000] {task_command.py:467} INFO - Running <TaskInstance: web_scrapping_dag.task scheduled__2024-10-30T22:00:00+00:00 [running]> on host 0c345cfeaacd
[2024-10-30T23:15:15.849+0000] {taskinstance.py:3131} INFO - Exporting env vars: AIRFLOW_CTX_DAG_OWNER='***' AIRFLOW_CTX_DAG_ID='web_scrapping_dag' AIRFLOW_CTX_TASK_ID='task' AIRFLOW_CTX_EXECUTION_DATE='2024-10-30T22:00:00+00:00' AIRFLOW_CTX_TRY_NUMBER='1' AIRFLOW_CTX_DAG_RUN_ID='scheduled__2024-10-30T22:00:00+00:00'
[2024-10-30T23:15:15.850+0000] {taskinstance.py:731} INFO - ::endgroup::
[2024-10-30T23:15:16.544+0000] {logging_mixin.py:190} INFO - data/29.10.2024.csv ------
[2024-10-30T23:15:16.720+0000] {python.py:240} INFO - Done. Returned value was: None
[2024-10-30T23:15:16.727+0000] {taskinstance.py:340} INFO - ::group::Post task execution logs
[2024-10-30T23:15:16.727+0000] {taskinstance.py:352} INFO - Marking task as SUCCESS. dag_id=web_scrapping_dag, task_id=task, run_id=scheduled__2024-10-30T22:00:00+00:00, execution_date=20241030T220000, start_date=20241030T231515, end_date=20241030T231516
[2024-10-30T23:15:16.760+0000] {local_task_job_runner.py:266} INFO - Task exited with return code 0
[2024-10-30T23:15:16.770+0000] {taskinstance.py:3900} INFO - 0 downstream tasks scheduled from follow-on schedule check
[2024-10-30T23:15:16.771+0000] {local_task_job_runner.py:245} INFO - ::endgroup::
