[2024-10-30T13:00:21.797+0000] {local_task_job_runner.py:123} INFO - ::group::Pre task execution logs
[2024-10-30T13:00:21.808+0000] {taskinstance.py:2612} INFO - Dependencies all met for dep_context=non-requeueable deps ti=<TaskInstance: web_scrapping_dag.task manual__2024-10-30T13:00:20.745095+00:00 [queued]>
[2024-10-30T13:00:21.813+0000] {taskinstance.py:2612} INFO - Dependencies all met for dep_context=requeueable deps ti=<TaskInstance: web_scrapping_dag.task manual__2024-10-30T13:00:20.745095+00:00 [queued]>
[2024-10-30T13:00:21.813+0000] {taskinstance.py:2865} INFO - Starting attempt 1 of 1
[2024-10-30T13:00:21.820+0000] {taskinstance.py:2888} INFO - Executing <Task(PythonOperator): task> on 2024-10-30 13:00:20.745095+00:00
[2024-10-30T13:00:21.824+0000] {warnings.py:112} WARNING - /home/***/.local/lib/python3.12/site-packages/***/task/task_runner/standard_task_runner.py:70: DeprecationWarning: This process (pid=973) is multi-threaded, use of fork() may lead to deadlocks in the child.
  pid = os.fork()

[2024-10-30T13:00:21.826+0000] {standard_task_runner.py:72} INFO - Started process 974 to run task
[2024-10-30T13:00:21.826+0000] {standard_task_runner.py:104} INFO - Running: ['***', 'tasks', 'run', 'web_scrapping_dag', 'task', 'manual__2024-10-30T13:00:20.745095+00:00', '--job-id', '8', '--raw', '--subdir', 'DAGS_FOLDER/first_dag_with_python.py', '--cfg-path', '/tmp/tmpqojcnvof']
[2024-10-30T13:00:21.828+0000] {standard_task_runner.py:105} INFO - Job 8: Subtask task
[2024-10-30T13:00:21.859+0000] {task_command.py:467} INFO - Running <TaskInstance: web_scrapping_dag.task manual__2024-10-30T13:00:20.745095+00:00 [running]> on host 0c345cfeaacd
[2024-10-30T13:00:21.914+0000] {taskinstance.py:3131} INFO - Exporting env vars: AIRFLOW_CTX_DAG_OWNER='***' AIRFLOW_CTX_DAG_ID='web_scrapping_dag' AIRFLOW_CTX_TASK_ID='task' AIRFLOW_CTX_EXECUTION_DATE='2024-10-30T13:00:20.745095+00:00' AIRFLOW_CTX_TRY_NUMBER='1' AIRFLOW_CTX_DAG_RUN_ID='manual__2024-10-30T13:00:20.745095+00:00'
[2024-10-30T13:00:21.916+0000] {taskinstance.py:731} INFO - ::endgroup::
[2024-10-30T13:00:22.022+0000] {logging_mixin.py:190} INFO - data/29.10.2024.csv ------
[2024-10-30T13:00:22.440+0000] {logging_mixin.py:190} INFO - Saved article: Shopenning yo‘qolgan musiqiy asari qariyb 200 yildan keyin topildi
[2024-10-30T13:00:22.563+0000] {logging_mixin.py:190} INFO - Saved article: Yevrokomissiya Xitoy elektromobillariga 35 foizgacha boj joriy etishni ma’qulladi
[2024-10-30T13:00:22.672+0000] {logging_mixin.py:190} INFO - Saved article: Chechenistonda maxsus kuchlar universitetiga dron hujum qildi. Ramzan Qodirov qasos olishga va’da berdi
[2024-10-30T13:00:22.768+0000] {logging_mixin.py:190} INFO - Saved article: Qirg‘izistonda besh nafar general unvonidan mahrum qilindi
[2024-10-30T13:00:22.941+0000] {logging_mixin.py:190} INFO - Saved article: AQSh va Yevropa nima sababdan turlicha iqtisodiy qiyinchiliklarga duch kelyapti?
[2024-10-30T13:00:23.063+0000] {logging_mixin.py:190} INFO - Saved article: Zelenskiyning «g‘alaba rejasi» ba’zi tafsilotlari ma’lum bo‘ldi – OAV
[2024-10-30T13:00:23.290+0000] {logging_mixin.py:190} INFO - Saved article: Putin yadroviy tiyib turuvchi kuchlarni sinovdan o‘tkazdi
[2024-10-30T13:00:23.421+0000] {logging_mixin.py:190} INFO - Saved article: Oltinga qiziqishning oshayotgani dollar dominantligiga soya soladi - FT
[2024-10-30T13:00:23.774+0000] {logging_mixin.py:190} INFO - Saved article: Jizzaxda 8,6 mlrd so‘mlik elektr energiyasidan noqonuniy foydalangan “metan zapravka” aniqlandi
[2024-10-30T13:00:23.880+0000] {logging_mixin.py:190} INFO - Saved article: KXDR rahbari Kim Chen Inning xavfsizligi kuchaytirildi – OAV
[2024-10-30T13:00:23.993+0000] {logging_mixin.py:190} INFO - Saved article: Yagona saylov okrugi bo‘yicha saylov natijalari tasdiqlandi
[2024-10-30T13:00:24.132+0000] {logging_mixin.py:190} INFO - Saved article: Aspirant tasodifan Meksika junglilarida yo‘qolgan shaharni topdi
[2024-10-30T13:00:24.271+0000] {logging_mixin.py:190} INFO - Saved article: Samarqand shahrida sodir bo‘lgan yong‘inda yashash xonadoni yonib ketdi
[2024-10-30T13:00:24.373+0000] {logging_mixin.py:190} INFO - Saved article: Xitoy tovushdan tez uchuvchi yo‘lovchi samolyotni sinovdan muvaffaqiyatli o‘tkazdi
[2024-10-30T13:00:24.476+0000] {logging_mixin.py:190} INFO - Saved article: Alisher Usmonov yana Xalqaro qilichbozlik federatsiyasi rahbari bo‘lishi mumkin
[2024-10-30T13:00:24.581+0000] {logging_mixin.py:190} INFO - Saved article: “Odamlar qiynalishyapti” – boysunliklar hukumatdan amaliy yordam kutmoqda
[2024-10-30T13:00:24.706+0000] {logging_mixin.py:190} INFO - Saved article: TikTok asoschisi Xitoyning eng badavlat insoniga aylandi
[2024-10-30T13:00:24.819+0000] {logging_mixin.py:190} INFO - Saved article: NYT avgust oyida Kursk oblastida tinch aholi vakillari o‘ldirilgani aks etgan videoni o‘rgandi
[2024-10-30T13:00:24.920+0000] {logging_mixin.py:190} INFO - Saved article: 29 oktyabr yangiliklari: O‘zbekistonda ro‘y bergan muhim voqea va hodisalar
[2024-10-30T13:00:25.031+0000] {logging_mixin.py:190} INFO - Saved article: AQSh Shimoliy Koreya qo‘shinlari urushga qo‘shilsa, Ukraina uchun qurol cheklovini olib tashlash bilan tahdid qildi
[2024-10-30T13:00:25.457+0000] {logging_mixin.py:190} INFO - Saved article: Toshkentda o‘g‘il bolaga qiz bola kiyimini kiydirib, sahna ko‘rinishi tashkillashtirgan tarbiyachi ishdan olindi
[2024-10-30T13:00:25.549+0000] {logging_mixin.py:190} INFO - Saved article: Apple M4 chipli yangi iMac kompyuterini taqdim qildi
[2024-10-30T13:00:25.672+0000] {logging_mixin.py:190} INFO - Saved article: Gurjistonda ommaviy norozilik ortidan saylovdagi ovozlar qayta sanaladi
[2024-10-30T13:00:26.061+0000] {logging_mixin.py:190} INFO - Saved article: Rossiyada noqonuniy migrantlarga nisbatan jazo choralari kuchaytirildi
[2024-10-30T13:00:26.166+0000] {logging_mixin.py:190} INFO - Saved article: ADM Jizzakh va Birinchi Rezinotexnika Zavodi o‘rtasida hamkorlik to‘g‘risida bitim imzolandi
[2024-10-30T13:00:26.272+0000] {logging_mixin.py:190} INFO - Saved article: Toshkentda ikki talaba taksichini o‘ldirib, mashinasini olib qochmoqchi bo‘ldi
[2024-10-30T13:00:26.583+0000] {logging_mixin.py:190} INFO - Saved article: Shimoliy Koreya Rossiyaga 5,5 mlrd dollarlik qurol yetkazib bergani aytilmoqda
[2024-10-30T13:00:27.455+0000] {logging_mixin.py:190} INFO - Saved article: Xalqaro yirik iqlim sammiti Ozarboyjonda o‘tadi: COP29’dan nimalar kutilyapti?
[2024-10-30T13:00:27.565+0000] {logging_mixin.py:190} INFO - Saved article: Rossiya sudi Googleʼni 2 undetsillion rubl jarimaga tortdi
[2024-10-30T13:00:27.662+0000] {logging_mixin.py:190} INFO - Saved article: Olimlar gaz plitalaridan foydalanish va bevaqt o‘lim o‘rtasidagi bog‘liqlikni ma’lum qildi
[2024-10-30T13:00:27.777+0000] {logging_mixin.py:190} INFO - Saved article: Yuqumli kasalliklar elektron monitoringi ishga tushirildi
[2024-10-30T13:00:27.884+0000] {logging_mixin.py:190} INFO - Saved article: Ishdagi depressiya sabab har yili 12 milliard ish kuni yo‘qotilyapti – tavsiyalar
[2024-10-30T13:00:27.983+0000] {logging_mixin.py:190} INFO - Saved article: SSV o‘zbekistonliklarga piyoda yurish foydalarini eslatdi
[2024-10-30T13:00:28.081+0000] {logging_mixin.py:190} INFO - Saved article: Akram Afif - Osiyoda yilning eng yaxshi futbolchisi!
[2024-10-30T13:00:28.198+0000] {logging_mixin.py:190} INFO - Saved article: Puerto Riko arxiyepiskopi Tramp uzr so‘rashini talab qildi
[2024-10-30T13:00:28.311+0000] {logging_mixin.py:190} INFO - Saved article: Abbosbek Fayzullayev - Osiyoning eng yaxshi yosh futbolchisi!
[2024-10-30T13:00:28.413+0000] {logging_mixin.py:190} INFO - Saved article: 2025 yilda O‘zbekiston 5,5 mlrd dollargacha tashqi qarz olishi mumkin
[2024-10-30T13:00:28.522+0000] {logging_mixin.py:190} INFO - Saved article: Samarqandda sodir bo‘lgan YTHda haydovchi vafot etdi
[2024-10-30T13:00:28.637+0000] {logging_mixin.py:190} INFO - Saved article: Yevropaliklar uy-joyga pul to‘lash uchun oziq-ovqat xarajatlarini kamaytirishga majbur bo‘lmoqda - so‘rovnoma
[2024-10-30T13:00:28.742+0000] {logging_mixin.py:190} INFO - Saved article: Apple o‘zining eng kichik kompyuterini taqdim etadi
[2024-10-30T13:00:28.853+0000] {logging_mixin.py:190} INFO - Saved article: Afg‘onistonda ayol olti egizakni dunyoga keltirdi
[2024-10-30T13:00:28.971+0000] {logging_mixin.py:190} INFO - Saved article: Octobank ilovasi orqali xorijdagi yaqinlaringizga pul yuboring va xizmatlar uchun to‘lov qiling
[2024-10-30T13:00:29.065+0000] {logging_mixin.py:190} INFO - Saved article: Hindistonlik biznesmen deyarli butun boyligini itiga meros qoldirdi
[2024-10-30T13:00:29.280+0000] {logging_mixin.py:190} INFO - Saved article: Germaniyada 18 yoshli yigit noqonuniy parkovkalar haqida xabar berib, millionerga aylandi
[2024-10-30T13:00:29.402+0000] {logging_mixin.py:190} INFO - Saved article: Egasini topgan «Oltin to‘p». Yoki «Real»ga nisbatan adolatsizlik qilindimi?
[2024-10-30T13:00:29.518+0000] {logging_mixin.py:190} INFO - Saved article: Indoneziyada iPhone 16 sotuvi taqiqlandi
[2024-10-30T13:00:29.633+0000] {logging_mixin.py:190} INFO - Saved article: Yer atmosferasining ifloslanishi rekord darajaga yetdi
[2024-10-30T13:00:29.771+0000] {logging_mixin.py:190} INFO - Saved article: Toshkent tumanidagi qariyb 43 ming xonadonda noma’lum muddatga gaz o‘chiriladi
[2024-10-30T13:00:29.942+0000] {logging_mixin.py:190} INFO - Saved article: Rossiya armiyasi Donetsk oblastidagi Gornyak shahrini egalladi
[2024-10-30T13:00:30.048+0000] {logging_mixin.py:190} INFO - Saved article: RF Mudofaa vazirligi aloqa boshqarmasi sobiq boshlig‘i pora uchun hibsga olindi
[2024-10-30T13:00:30.143+0000] {logging_mixin.py:190} INFO - Saved article: London dezinformatsiya uchun RFning 3 agentligiga qarshi sanksiyalar kiritdi
[2024-10-30T13:00:30.267+0000] {logging_mixin.py:190} INFO - Saved article: O‘zbekiston va Kuvayt o‘rtasida haftalik aviaqatnovlar soni oshiriladi
[2024-10-30T13:00:30.391+0000] {logging_mixin.py:190} INFO - Saved article: «Hizbulloh»ning yangi rahbari ma’lum bo‘ldi
[2024-10-30T13:00:30.484+0000] {logging_mixin.py:190} INFO - Saved article: Misr G‘azoda ikki kunlik sulh tuzishni taklif qildi
[2024-10-30T13:00:30.574+0000] {logging_mixin.py:190} INFO - Saved article: Davr bank jarimaga tortildi – Raqobat qo‘mitasi
[2024-10-30T13:00:30.704+0000] {logging_mixin.py:190} INFO - Saved article: Samarqandda savdo do‘koni yonib ketdi
[2024-10-30T13:00:31.113+0000] {logging_mixin.py:190} INFO - Saved article: Xususiy bandlik agentliklari litsenziya olishi uchun zaxira mablag‘i miqdori kamaytiriladi
[2024-10-30T13:00:31.228+0000] {logging_mixin.py:190} INFO - Saved article: Kambag‘allikni qisqartirishda yangi dastur, zargarlik buyumlari importida yengillik va chiqindi qarzdorligi uchun “jazo” – 1 noyabrdan nimalar o‘zgaradi?
[2024-10-30T13:00:31.353+0000] {logging_mixin.py:190} INFO - Saved article: Skuter va samokatdagi huquqbuzarliklar uchun ma’muriy javobgarlik belgilandi
[2024-10-30T13:00:31.476+0000] {logging_mixin.py:190} INFO - Saved article: Finlandiyada Rossiya yer uchastkasi xatlovga olindi
[2024-10-30T13:00:31.578+0000] {logging_mixin.py:190} INFO - Saved article: Trampning mitingida chiqish qilgan komik Puerto-Rikoni «chiqindi oroli» deb atadi. Demokratlar ham, respublikachilar ham g‘azabda
[2024-10-30T13:00:31.777+0000] {logging_mixin.py:190} INFO - Saved article: Eron raketalaridan ayrilgan Putin, urushga yo‘l olgan KXDR askarlari va Gurjiston muxolifati shartlari - kun dayjesti
[2024-10-30T13:00:31.874+0000] {logging_mixin.py:190} INFO - Saved article: Elektron xizmatlar ko‘rsatuvchi xorijiy kompaniyalar 100 mlrd so‘mdan ortiq soliq to‘ladi
[2024-10-30T13:00:32.088+0000] {logging_mixin.py:190} INFO - Saved article: Filippinda «Trami» to‘foni tufayli 5,7 mln kishi uyini tashlab ketdi
[2024-10-30T13:00:32.218+0000] {logging_mixin.py:190} INFO - Saved article: AQShdagi vatandoshlarni qo‘llab-quvvatlash bo‘yicha "Ildiz" platformasi tashkil etildi
[2024-10-30T13:00:32.317+0000] {logging_mixin.py:190} INFO - Saved article: Isroilda 2025 yildan UNRWA faoliyati taqiqlandi
[2024-10-30T13:00:32.414+0000] {logging_mixin.py:190} INFO - Saved article: Toshkent viloyatida fuqaro o‘zi tashlagan chiqindini o‘zi tozaladi
[2024-10-30T13:00:32.506+0000] {logging_mixin.py:190} INFO - Saved article: Gurjiston bosh vaziri: Muxolifat va NNT konstitutsiyaviy tuzumga qarshi chiqyapti
[2024-10-30T13:00:32.605+0000] {logging_mixin.py:190} INFO - Saved article: Berlinda "Xo‘ja Nasriddin" festivali o‘tkazildi
[2024-10-30T13:00:32.736+0000] {logging_mixin.py:190} INFO - Saved article: 30 oktyabr kuni harorat 17 darajagacha ko‘tariladi
[2024-10-30T13:00:32.906+0000] {logging_mixin.py:190} INFO - Saved article: 8 yilgacha qamoq jazosi – Jinoyat kodeksiga «lixoradchik»lar uchun alohida modda kiritildi
[2024-10-30T13:00:33.048+0000] {logging_mixin.py:190} INFO - Saved article: YeK KXDR harbiylarining RFga yuborilishini jiddiy eskalatsiya deb atadi
[2024-10-30T13:00:33.146+0000] {logging_mixin.py:190} INFO - Saved article: 1,1 mlrd so‘mlik elektrdan noqonuniy foydalangan metan zapravka aniqlandi
[2024-10-30T13:00:33.256+0000] {logging_mixin.py:190} INFO - Saved article: BMT bosh kotibi: G‘azo shimolidagi aholi chidab bo‘lmas ahvolda
[2024-10-30T13:00:33.406+0000] {logging_mixin.py:190} INFO - Saved article: Malayziya O‘zbekiston davlat idoralariga quyosh panellarini o‘rnatishni boshlaydi
[2024-10-30T13:00:33.513+0000] {logging_mixin.py:190} INFO - Saved article: Tramp: Harris saylovda g‘alaba qozonsa, AQShni uchinchi jahon urushiga tortadi
[2024-10-30T13:00:33.605+0000] {logging_mixin.py:190} INFO - Saved article: Abdulaziz Komilov Xorvatiya rahbariyati bilan muzokaralar o‘tkazdi
[2024-10-30T13:00:33.692+0000] {logging_mixin.py:190} INFO - Saved article: Kreml Gurjistondagi saylovlarga aralashgani bo‘yicha ayblovlarni rad etdi
[2024-10-30T13:00:33.787+0000] {logging_mixin.py:190} INFO - Saved article: Toshkentda oltin quymalari va xitoy tangalarini olib chiqib ketmoqchi bo‘lgan shaxs ushlandi
[2024-10-30T13:00:33.889+0000] {logging_mixin.py:190} INFO - Saved article: Litvadagi saylovlar g‘olibi mudofaa xarajatlarini oshirmoqchi
[2024-10-30T13:00:34.313+0000] {logging_mixin.py:190} INFO - Saved article: GFR fuqaroligiga ega eronlik Eron rasmiylari tomonidan qatl etildi
[2024-10-30T13:00:34.462+0000] {logging_mixin.py:190} INFO - Saved article: O‘zbekistonda o‘rtacha necha yoshda nikoh qurilayotgani aytildi
[2024-10-30T13:00:34.664+0000] {logging_mixin.py:190} INFO - Saved article: RF Xarkiv markazidagi YuNESKO obektiga havo hujumi uyushtirdi
[2024-10-30T13:00:34.766+0000] {logging_mixin.py:190} INFO - Saved article: Rodri - «Oltin to‘p-2024» sohibi
[2024-10-30T13:00:34.880+0000] {logging_mixin.py:190} INFO - Saved article: Putin iqtisodiyotdagi muammolar haqida gapirib, inflatsiyada g‘arb sanksiyalarini aybladi
[2024-10-30T13:00:35.324+0000] {logging_mixin.py:190} INFO - Saved article: Filadelfiya prokurori Ilon Maskka qarshi da’vo kiritdi
[2024-10-30T13:00:35.465+0000] {logging_mixin.py:190} INFO - Saved article: Hindiston farmatsevtika kompaniyasi Rossiyaga Amerika chiplarini yetkazib berayotgani ma’lum bo‘ldi
[2024-10-30T13:00:35.562+0000] {python.py:240} INFO - Done. Returned value was: None
[2024-10-30T13:00:35.569+0000] {taskinstance.py:340} INFO - ::group::Post task execution logs
[2024-10-30T13:00:35.569+0000] {taskinstance.py:352} INFO - Marking task as SUCCESS. dag_id=web_scrapping_dag, task_id=task, run_id=manual__2024-10-30T13:00:20.745095+00:00, execution_date=20241030T130020, start_date=20241030T130021, end_date=20241030T130035
[2024-10-30T13:00:35.600+0000] {local_task_job_runner.py:266} INFO - Task exited with return code 0
[2024-10-30T13:00:35.610+0000] {taskinstance.py:3900} INFO - 0 downstream tasks scheduled from follow-on schedule check
[2024-10-30T13:00:35.611+0000] {local_task_job_runner.py:245} INFO - ::endgroup::
