[2024-10-31T11:46:21.659+0000] {processor.py:186} INFO - Started process (PID=50) to work on /opt/airflow/dags/utils/extract.py
[2024-10-31T11:46:21.661+0000] {processor.py:914} INFO - Processing file /opt/airflow/dags/utils/extract.py for tasks to queue
[2024-10-31T11:46:21.663+0000] {logging_mixin.py:190} INFO - [2024-10-31T11:46:21.663+0000] {dagbag.py:588} INFO - Filling up the DagBag from /opt/airflow/dags/utils/extract.py
[2024-10-31T11:46:21.804+0000] {processor.py:927} WARNING - No viable dags retrieved from /opt/airflow/dags/utils/extract.py
[2024-10-31T11:46:21.826+0000] {processor.py:208} INFO - Processing /opt/airflow/dags/utils/extract.py took 0.173 seconds
[2024-10-31T11:46:52.452+0000] {processor.py:186} INFO - Started process (PID=114) to work on /opt/airflow/dags/utils/extract.py
[2024-10-31T11:46:52.454+0000] {processor.py:914} INFO - Processing file /opt/airflow/dags/utils/extract.py for tasks to queue
[2024-10-31T11:46:52.458+0000] {logging_mixin.py:190} INFO - [2024-10-31T11:46:52.457+0000] {dagbag.py:588} INFO - Filling up the DagBag from /opt/airflow/dags/utils/extract.py
[2024-10-31T11:46:52.531+0000] {processor.py:927} WARNING - No viable dags retrieved from /opt/airflow/dags/utils/extract.py
[2024-10-31T11:46:52.544+0000] {processor.py:208} INFO - Processing /opt/airflow/dags/utils/extract.py took 0.099 seconds
[2024-10-31T11:47:22.965+0000] {processor.py:186} INFO - Started process (PID=178) to work on /opt/airflow/dags/utils/extract.py
[2024-10-31T11:47:22.967+0000] {processor.py:914} INFO - Processing file /opt/airflow/dags/utils/extract.py for tasks to queue
[2024-10-31T11:47:22.972+0000] {logging_mixin.py:190} INFO - [2024-10-31T11:47:22.972+0000] {dagbag.py:588} INFO - Filling up the DagBag from /opt/airflow/dags/utils/extract.py
[2024-10-31T11:47:23.056+0000] {processor.py:927} WARNING - No viable dags retrieved from /opt/airflow/dags/utils/extract.py
[2024-10-31T11:47:23.079+0000] {processor.py:208} INFO - Processing /opt/airflow/dags/utils/extract.py took 0.121 seconds
[2024-10-31T11:47:53.318+0000] {processor.py:186} INFO - Started process (PID=242) to work on /opt/airflow/dags/utils/extract.py
[2024-10-31T11:47:53.319+0000] {processor.py:914} INFO - Processing file /opt/airflow/dags/utils/extract.py for tasks to queue
[2024-10-31T11:47:53.326+0000] {logging_mixin.py:190} INFO - [2024-10-31T11:47:53.325+0000] {dagbag.py:588} INFO - Filling up the DagBag from /opt/airflow/dags/utils/extract.py
[2024-10-31T11:47:53.425+0000] {processor.py:927} WARNING - No viable dags retrieved from /opt/airflow/dags/utils/extract.py
[2024-10-31T11:47:53.459+0000] {processor.py:208} INFO - Processing /opt/airflow/dags/utils/extract.py took 0.147 seconds
[2024-10-31T11:48:23.558+0000] {processor.py:186} INFO - Started process (PID=305) to work on /opt/airflow/dags/utils/extract.py
[2024-10-31T11:48:23.559+0000] {processor.py:914} INFO - Processing file /opt/airflow/dags/utils/extract.py for tasks to queue
[2024-10-31T11:48:23.563+0000] {logging_mixin.py:190} INFO - [2024-10-31T11:48:23.562+0000] {dagbag.py:588} INFO - Filling up the DagBag from /opt/airflow/dags/utils/extract.py
[2024-10-31T11:48:23.639+0000] {processor.py:927} WARNING - No viable dags retrieved from /opt/airflow/dags/utils/extract.py
[2024-10-31T11:48:23.658+0000] {processor.py:208} INFO - Processing /opt/airflow/dags/utils/extract.py took 0.107 seconds
[2024-10-31T11:48:54.546+0000] {processor.py:186} INFO - Started process (PID=370) to work on /opt/airflow/dags/utils/extract.py
[2024-10-31T11:48:54.548+0000] {processor.py:914} INFO - Processing file /opt/airflow/dags/utils/extract.py for tasks to queue
[2024-10-31T11:48:54.552+0000] {logging_mixin.py:190} INFO - [2024-10-31T11:48:54.552+0000] {dagbag.py:588} INFO - Filling up the DagBag from /opt/airflow/dags/utils/extract.py
[2024-10-31T11:48:54.612+0000] {processor.py:927} WARNING - No viable dags retrieved from /opt/airflow/dags/utils/extract.py
[2024-10-31T11:48:54.629+0000] {processor.py:208} INFO - Processing /opt/airflow/dags/utils/extract.py took 0.087 seconds
[2024-10-31T11:49:24.739+0000] {processor.py:186} INFO - Started process (PID=434) to work on /opt/airflow/dags/utils/extract.py
[2024-10-31T11:49:24.741+0000] {processor.py:914} INFO - Processing file /opt/airflow/dags/utils/extract.py for tasks to queue
[2024-10-31T11:49:24.743+0000] {logging_mixin.py:190} INFO - [2024-10-31T11:49:24.743+0000] {dagbag.py:588} INFO - Filling up the DagBag from /opt/airflow/dags/utils/extract.py
[2024-10-31T11:49:24.805+0000] {processor.py:927} WARNING - No viable dags retrieved from /opt/airflow/dags/utils/extract.py
[2024-10-31T11:49:24.816+0000] {processor.py:208} INFO - Processing /opt/airflow/dags/utils/extract.py took 0.082 seconds
[2024-10-31T11:49:55.697+0000] {processor.py:186} INFO - Started process (PID=504) to work on /opt/airflow/dags/utils/extract.py
[2024-10-31T11:49:55.698+0000] {processor.py:914} INFO - Processing file /opt/airflow/dags/utils/extract.py for tasks to queue
[2024-10-31T11:49:55.701+0000] {logging_mixin.py:190} INFO - [2024-10-31T11:49:55.700+0000] {dagbag.py:588} INFO - Filling up the DagBag from /opt/airflow/dags/utils/extract.py
[2024-10-31T11:49:55.758+0000] {processor.py:927} WARNING - No viable dags retrieved from /opt/airflow/dags/utils/extract.py
[2024-10-31T11:49:55.771+0000] {processor.py:208} INFO - Processing /opt/airflow/dags/utils/extract.py took 0.078 seconds
[2024-10-31T11:50:26.575+0000] {processor.py:186} INFO - Started process (PID=568) to work on /opt/airflow/dags/utils/extract.py
[2024-10-31T11:50:26.577+0000] {processor.py:914} INFO - Processing file /opt/airflow/dags/utils/extract.py for tasks to queue
[2024-10-31T11:50:26.583+0000] {logging_mixin.py:190} INFO - [2024-10-31T11:50:26.583+0000] {dagbag.py:588} INFO - Filling up the DagBag from /opt/airflow/dags/utils/extract.py
[2024-10-31T11:50:26.673+0000] {processor.py:927} WARNING - No viable dags retrieved from /opt/airflow/dags/utils/extract.py
[2024-10-31T11:50:26.705+0000] {processor.py:208} INFO - Processing /opt/airflow/dags/utils/extract.py took 0.142 seconds
[2024-10-31T11:50:56.958+0000] {processor.py:186} INFO - Started process (PID=631) to work on /opt/airflow/dags/utils/extract.py
[2024-10-31T11:50:56.959+0000] {processor.py:914} INFO - Processing file /opt/airflow/dags/utils/extract.py for tasks to queue
[2024-10-31T11:50:56.961+0000] {logging_mixin.py:190} INFO - [2024-10-31T11:50:56.961+0000] {dagbag.py:588} INFO - Filling up the DagBag from /opt/airflow/dags/utils/extract.py
[2024-10-31T11:50:57.019+0000] {processor.py:927} WARNING - No viable dags retrieved from /opt/airflow/dags/utils/extract.py
[2024-10-31T11:50:57.030+0000] {processor.py:208} INFO - Processing /opt/airflow/dags/utils/extract.py took 0.076 seconds
[2024-10-31T11:51:27.842+0000] {processor.py:186} INFO - Started process (PID=695) to work on /opt/airflow/dags/utils/extract.py
[2024-10-31T11:51:27.843+0000] {processor.py:914} INFO - Processing file /opt/airflow/dags/utils/extract.py for tasks to queue
[2024-10-31T11:51:27.845+0000] {logging_mixin.py:190} INFO - [2024-10-31T11:51:27.845+0000] {dagbag.py:588} INFO - Filling up the DagBag from /opt/airflow/dags/utils/extract.py
[2024-10-31T11:51:27.913+0000] {processor.py:927} WARNING - No viable dags retrieved from /opt/airflow/dags/utils/extract.py
[2024-10-31T11:51:27.925+0000] {processor.py:208} INFO - Processing /opt/airflow/dags/utils/extract.py took 0.087 seconds
[2024-10-31T11:51:58.147+0000] {processor.py:186} INFO - Started process (PID=759) to work on /opt/airflow/dags/utils/extract.py
[2024-10-31T11:51:58.148+0000] {processor.py:914} INFO - Processing file /opt/airflow/dags/utils/extract.py for tasks to queue
[2024-10-31T11:51:58.152+0000] {logging_mixin.py:190} INFO - [2024-10-31T11:51:58.152+0000] {dagbag.py:588} INFO - Filling up the DagBag from /opt/airflow/dags/utils/extract.py
[2024-10-31T11:51:58.218+0000] {processor.py:927} WARNING - No viable dags retrieved from /opt/airflow/dags/utils/extract.py
[2024-10-31T11:51:58.231+0000] {processor.py:208} INFO - Processing /opt/airflow/dags/utils/extract.py took 0.090 seconds
[2024-10-31T11:52:45.545+0000] {processor.py:186} INFO - Started process (PID=42) to work on /opt/airflow/dags/utils/extract.py
[2024-10-31T11:52:45.547+0000] {processor.py:914} INFO - Processing file /opt/airflow/dags/utils/extract.py for tasks to queue
[2024-10-31T11:52:45.549+0000] {logging_mixin.py:190} INFO - [2024-10-31T11:52:45.549+0000] {dagbag.py:588} INFO - Filling up the DagBag from /opt/airflow/dags/utils/extract.py
[2024-10-31T11:52:45.628+0000] {processor.py:927} WARNING - No viable dags retrieved from /opt/airflow/dags/utils/extract.py
[2024-10-31T11:52:45.642+0000] {processor.py:208} INFO - Processing /opt/airflow/dags/utils/extract.py took 0.102 seconds
[2024-10-31T11:53:15.989+0000] {processor.py:186} INFO - Started process (PID=106) to work on /opt/airflow/dags/utils/extract.py
[2024-10-31T11:53:15.993+0000] {processor.py:914} INFO - Processing file /opt/airflow/dags/utils/extract.py for tasks to queue
[2024-10-31T11:53:15.997+0000] {logging_mixin.py:190} INFO - [2024-10-31T11:53:15.996+0000] {dagbag.py:588} INFO - Filling up the DagBag from /opt/airflow/dags/utils/extract.py
[2024-10-31T11:53:16.089+0000] {processor.py:927} WARNING - No viable dags retrieved from /opt/airflow/dags/utils/extract.py
[2024-10-31T11:53:16.105+0000] {processor.py:208} INFO - Processing /opt/airflow/dags/utils/extract.py took 0.122 seconds
[2024-10-31T11:53:46.496+0000] {processor.py:186} INFO - Started process (PID=170) to work on /opt/airflow/dags/utils/extract.py
[2024-10-31T11:53:46.497+0000] {processor.py:914} INFO - Processing file /opt/airflow/dags/utils/extract.py for tasks to queue
[2024-10-31T11:53:46.500+0000] {logging_mixin.py:190} INFO - [2024-10-31T11:53:46.500+0000] {dagbag.py:588} INFO - Filling up the DagBag from /opt/airflow/dags/utils/extract.py
[2024-10-31T11:53:46.570+0000] {processor.py:927} WARNING - No viable dags retrieved from /opt/airflow/dags/utils/extract.py
[2024-10-31T11:53:46.587+0000] {processor.py:208} INFO - Processing /opt/airflow/dags/utils/extract.py took 0.096 seconds
[2024-10-31T11:54:16.618+0000] {processor.py:186} INFO - Started process (PID=233) to work on /opt/airflow/dags/utils/extract.py
[2024-10-31T11:54:16.623+0000] {processor.py:914} INFO - Processing file /opt/airflow/dags/utils/extract.py for tasks to queue
[2024-10-31T11:54:16.626+0000] {logging_mixin.py:190} INFO - [2024-10-31T11:54:16.626+0000] {dagbag.py:588} INFO - Filling up the DagBag from /opt/airflow/dags/utils/extract.py
[2024-10-31T11:54:16.689+0000] {processor.py:927} WARNING - No viable dags retrieved from /opt/airflow/dags/utils/extract.py
[2024-10-31T11:54:16.700+0000] {processor.py:208} INFO - Processing /opt/airflow/dags/utils/extract.py took 0.086 seconds
[2024-10-31T11:54:46.947+0000] {processor.py:186} INFO - Started process (PID=298) to work on /opt/airflow/dags/utils/extract.py
[2024-10-31T11:54:46.950+0000] {processor.py:914} INFO - Processing file /opt/airflow/dags/utils/extract.py for tasks to queue
[2024-10-31T11:54:46.955+0000] {logging_mixin.py:190} INFO - [2024-10-31T11:54:46.955+0000] {dagbag.py:588} INFO - Filling up the DagBag from /opt/airflow/dags/utils/extract.py
[2024-10-31T11:54:47.049+0000] {processor.py:927} WARNING - No viable dags retrieved from /opt/airflow/dags/utils/extract.py
[2024-10-31T11:54:47.066+0000] {processor.py:208} INFO - Processing /opt/airflow/dags/utils/extract.py took 0.126 seconds
[2024-10-31T11:55:17.280+0000] {processor.py:186} INFO - Started process (PID=361) to work on /opt/airflow/dags/utils/extract.py
[2024-10-31T11:55:17.281+0000] {processor.py:914} INFO - Processing file /opt/airflow/dags/utils/extract.py for tasks to queue
[2024-10-31T11:55:17.286+0000] {logging_mixin.py:190} INFO - [2024-10-31T11:55:17.286+0000] {dagbag.py:588} INFO - Filling up the DagBag from /opt/airflow/dags/utils/extract.py
[2024-10-31T11:55:17.356+0000] {processor.py:927} WARNING - No viable dags retrieved from /opt/airflow/dags/utils/extract.py
[2024-10-31T11:55:17.371+0000] {processor.py:208} INFO - Processing /opt/airflow/dags/utils/extract.py took 0.097 seconds
[2024-10-31T11:55:47.720+0000] {processor.py:186} INFO - Started process (PID=425) to work on /opt/airflow/dags/utils/extract.py
[2024-10-31T11:55:47.721+0000] {processor.py:914} INFO - Processing file /opt/airflow/dags/utils/extract.py for tasks to queue
[2024-10-31T11:55:47.723+0000] {logging_mixin.py:190} INFO - [2024-10-31T11:55:47.723+0000] {dagbag.py:588} INFO - Filling up the DagBag from /opt/airflow/dags/utils/extract.py
[2024-10-31T11:55:47.785+0000] {processor.py:927} WARNING - No viable dags retrieved from /opt/airflow/dags/utils/extract.py
[2024-10-31T11:55:47.796+0000] {processor.py:208} INFO - Processing /opt/airflow/dags/utils/extract.py took 0.081 seconds
[2024-10-31T11:56:18.830+0000] {processor.py:186} INFO - Started process (PID=495) to work on /opt/airflow/dags/utils/extract.py
[2024-10-31T11:56:18.833+0000] {processor.py:914} INFO - Processing file /opt/airflow/dags/utils/extract.py for tasks to queue
[2024-10-31T11:56:18.837+0000] {logging_mixin.py:190} INFO - [2024-10-31T11:56:18.837+0000] {dagbag.py:588} INFO - Filling up the DagBag from /opt/airflow/dags/utils/extract.py
[2024-10-31T11:56:18.910+0000] {processor.py:927} WARNING - No viable dags retrieved from /opt/airflow/dags/utils/extract.py
[2024-10-31T11:56:18.923+0000] {processor.py:208} INFO - Processing /opt/airflow/dags/utils/extract.py took 0.100 seconds
[2024-10-31T11:56:49.128+0000] {processor.py:186} INFO - Started process (PID=559) to work on /opt/airflow/dags/utils/extract.py
[2024-10-31T11:56:49.129+0000] {processor.py:914} INFO - Processing file /opt/airflow/dags/utils/extract.py for tasks to queue
[2024-10-31T11:56:49.131+0000] {logging_mixin.py:190} INFO - [2024-10-31T11:56:49.131+0000] {dagbag.py:588} INFO - Filling up the DagBag from /opt/airflow/dags/utils/extract.py
[2024-10-31T11:56:49.214+0000] {processor.py:927} WARNING - No viable dags retrieved from /opt/airflow/dags/utils/extract.py
[2024-10-31T11:56:49.231+0000] {processor.py:208} INFO - Processing /opt/airflow/dags/utils/extract.py took 0.109 seconds
[2024-10-31T11:57:19.428+0000] {processor.py:186} INFO - Started process (PID=623) to work on /opt/airflow/dags/utils/extract.py
[2024-10-31T11:57:19.430+0000] {processor.py:914} INFO - Processing file /opt/airflow/dags/utils/extract.py for tasks to queue
[2024-10-31T11:57:19.435+0000] {logging_mixin.py:190} INFO - [2024-10-31T11:57:19.435+0000] {dagbag.py:588} INFO - Filling up the DagBag from /opt/airflow/dags/utils/extract.py
[2024-10-31T11:57:19.514+0000] {processor.py:927} WARNING - No viable dags retrieved from /opt/airflow/dags/utils/extract.py
[2024-10-31T11:57:19.532+0000] {processor.py:208} INFO - Processing /opt/airflow/dags/utils/extract.py took 0.109 seconds
[2024-10-31T11:57:49.826+0000] {processor.py:186} INFO - Started process (PID=686) to work on /opt/airflow/dags/utils/extract.py
[2024-10-31T11:57:49.827+0000] {processor.py:914} INFO - Processing file /opt/airflow/dags/utils/extract.py for tasks to queue
[2024-10-31T11:57:49.830+0000] {logging_mixin.py:190} INFO - [2024-10-31T11:57:49.830+0000] {dagbag.py:588} INFO - Filling up the DagBag from /opt/airflow/dags/utils/extract.py
[2024-10-31T11:57:49.924+0000] {processor.py:927} WARNING - No viable dags retrieved from /opt/airflow/dags/utils/extract.py
[2024-10-31T11:57:49.943+0000] {processor.py:208} INFO - Processing /opt/airflow/dags/utils/extract.py took 0.123 seconds
[2024-10-31T11:58:20.132+0000] {processor.py:186} INFO - Started process (PID=750) to work on /opt/airflow/dags/utils/extract.py
[2024-10-31T11:58:20.134+0000] {processor.py:914} INFO - Processing file /opt/airflow/dags/utils/extract.py for tasks to queue
[2024-10-31T11:58:20.136+0000] {logging_mixin.py:190} INFO - [2024-10-31T11:58:20.136+0000] {dagbag.py:588} INFO - Filling up the DagBag from /opt/airflow/dags/utils/extract.py
[2024-10-31T11:58:20.191+0000] {processor.py:927} WARNING - No viable dags retrieved from /opt/airflow/dags/utils/extract.py
[2024-10-31T11:58:20.204+0000] {processor.py:208} INFO - Processing /opt/airflow/dags/utils/extract.py took 0.077 seconds
[2024-10-31T11:58:50.295+0000] {processor.py:186} INFO - Started process (PID=814) to work on /opt/airflow/dags/utils/extract.py
[2024-10-31T11:58:50.301+0000] {processor.py:914} INFO - Processing file /opt/airflow/dags/utils/extract.py for tasks to queue
[2024-10-31T11:58:50.305+0000] {logging_mixin.py:190} INFO - [2024-10-31T11:58:50.304+0000] {dagbag.py:588} INFO - Filling up the DagBag from /opt/airflow/dags/utils/extract.py
[2024-10-31T11:58:50.376+0000] {processor.py:927} WARNING - No viable dags retrieved from /opt/airflow/dags/utils/extract.py
[2024-10-31T11:58:50.389+0000] {processor.py:208} INFO - Processing /opt/airflow/dags/utils/extract.py took 0.099 seconds
[2024-10-31T11:59:20.748+0000] {processor.py:186} INFO - Started process (PID=878) to work on /opt/airflow/dags/utils/extract.py
[2024-10-31T11:59:20.750+0000] {processor.py:914} INFO - Processing file /opt/airflow/dags/utils/extract.py for tasks to queue
[2024-10-31T11:59:20.752+0000] {logging_mixin.py:190} INFO - [2024-10-31T11:59:20.752+0000] {dagbag.py:588} INFO - Filling up the DagBag from /opt/airflow/dags/utils/extract.py
[2024-10-31T11:59:20.809+0000] {processor.py:927} WARNING - No viable dags retrieved from /opt/airflow/dags/utils/extract.py
[2024-10-31T11:59:20.820+0000] {processor.py:208} INFO - Processing /opt/airflow/dags/utils/extract.py took 0.077 seconds
[2024-10-31T11:59:51.161+0000] {processor.py:186} INFO - Started process (PID=942) to work on /opt/airflow/dags/utils/extract.py
[2024-10-31T11:59:51.163+0000] {processor.py:914} INFO - Processing file /opt/airflow/dags/utils/extract.py for tasks to queue
[2024-10-31T11:59:51.167+0000] {logging_mixin.py:190} INFO - [2024-10-31T11:59:51.166+0000] {dagbag.py:588} INFO - Filling up the DagBag from /opt/airflow/dags/utils/extract.py
[2024-10-31T11:59:51.244+0000] {processor.py:927} WARNING - No viable dags retrieved from /opt/airflow/dags/utils/extract.py
[2024-10-31T11:59:51.260+0000] {processor.py:208} INFO - Processing /opt/airflow/dags/utils/extract.py took 0.104 seconds
[2024-10-31T12:00:21.662+0000] {processor.py:186} INFO - Started process (PID=1005) to work on /opt/airflow/dags/utils/extract.py
[2024-10-31T12:00:21.663+0000] {processor.py:914} INFO - Processing file /opt/airflow/dags/utils/extract.py for tasks to queue
[2024-10-31T12:00:21.665+0000] {logging_mixin.py:190} INFO - [2024-10-31T12:00:21.665+0000] {dagbag.py:588} INFO - Filling up the DagBag from /opt/airflow/dags/utils/extract.py
[2024-10-31T12:00:21.735+0000] {processor.py:927} WARNING - No viable dags retrieved from /opt/airflow/dags/utils/extract.py
[2024-10-31T12:00:21.749+0000] {processor.py:208} INFO - Processing /opt/airflow/dags/utils/extract.py took 0.092 seconds
[2024-10-31T12:01:15.035+0000] {processor.py:186} INFO - Started process (PID=187) to work on /opt/airflow/dags/utils/extract.py
[2024-10-31T12:01:15.039+0000] {processor.py:914} INFO - Processing file /opt/airflow/dags/utils/extract.py for tasks to queue
[2024-10-31T12:01:15.044+0000] {logging_mixin.py:190} INFO - [2024-10-31T12:01:15.043+0000] {dagbag.py:588} INFO - Filling up the DagBag from /opt/airflow/dags/utils/extract.py
[2024-10-31T12:01:15.183+0000] {processor.py:927} WARNING - No viable dags retrieved from /opt/airflow/dags/utils/extract.py
[2024-10-31T12:01:15.213+0000] {processor.py:208} INFO - Processing /opt/airflow/dags/utils/extract.py took 0.185 seconds
[2024-10-31T12:01:45.540+0000] {processor.py:186} INFO - Started process (PID=202) to work on /opt/airflow/dags/utils/extract.py
[2024-10-31T12:01:45.541+0000] {processor.py:914} INFO - Processing file /opt/airflow/dags/utils/extract.py for tasks to queue
[2024-10-31T12:01:45.545+0000] {logging_mixin.py:190} INFO - [2024-10-31T12:01:45.544+0000] {dagbag.py:588} INFO - Filling up the DagBag from /opt/airflow/dags/utils/extract.py
[2024-10-31T12:01:45.638+0000] {processor.py:927} WARNING - No viable dags retrieved from /opt/airflow/dags/utils/extract.py
[2024-10-31T12:01:45.652+0000] {processor.py:208} INFO - Processing /opt/airflow/dags/utils/extract.py took 0.118 seconds
[2024-10-31T12:02:16.188+0000] {processor.py:186} INFO - Started process (PID=219) to work on /opt/airflow/dags/utils/extract.py
[2024-10-31T12:02:16.193+0000] {processor.py:914} INFO - Processing file /opt/airflow/dags/utils/extract.py for tasks to queue
[2024-10-31T12:02:16.196+0000] {logging_mixin.py:190} INFO - [2024-10-31T12:02:16.195+0000] {dagbag.py:588} INFO - Filling up the DagBag from /opt/airflow/dags/utils/extract.py
[2024-10-31T12:02:16.307+0000] {processor.py:927} WARNING - No viable dags retrieved from /opt/airflow/dags/utils/extract.py
[2024-10-31T12:02:16.329+0000] {processor.py:208} INFO - Processing /opt/airflow/dags/utils/extract.py took 0.148 seconds
[2024-10-31T12:02:46.909+0000] {processor.py:186} INFO - Started process (PID=235) to work on /opt/airflow/dags/utils/extract.py
[2024-10-31T12:02:46.913+0000] {processor.py:914} INFO - Processing file /opt/airflow/dags/utils/extract.py for tasks to queue
[2024-10-31T12:02:46.924+0000] {logging_mixin.py:190} INFO - [2024-10-31T12:02:46.923+0000] {dagbag.py:588} INFO - Filling up the DagBag from /opt/airflow/dags/utils/extract.py
[2024-10-31T12:02:47.026+0000] {processor.py:927} WARNING - No viable dags retrieved from /opt/airflow/dags/utils/extract.py
[2024-10-31T12:02:47.051+0000] {processor.py:208} INFO - Processing /opt/airflow/dags/utils/extract.py took 0.154 seconds
[2024-10-31T12:03:17.438+0000] {processor.py:186} INFO - Started process (PID=249) to work on /opt/airflow/dags/utils/extract.py
[2024-10-31T12:03:17.441+0000] {processor.py:914} INFO - Processing file /opt/airflow/dags/utils/extract.py for tasks to queue
[2024-10-31T12:03:17.447+0000] {logging_mixin.py:190} INFO - [2024-10-31T12:03:17.446+0000] {dagbag.py:588} INFO - Filling up the DagBag from /opt/airflow/dags/utils/extract.py
[2024-10-31T12:03:17.549+0000] {processor.py:927} WARNING - No viable dags retrieved from /opt/airflow/dags/utils/extract.py
[2024-10-31T12:03:17.585+0000] {processor.py:208} INFO - Processing /opt/airflow/dags/utils/extract.py took 0.166 seconds
[2024-10-31T12:03:47.961+0000] {processor.py:186} INFO - Started process (PID=263) to work on /opt/airflow/dags/utils/extract.py
[2024-10-31T12:03:47.963+0000] {processor.py:914} INFO - Processing file /opt/airflow/dags/utils/extract.py for tasks to queue
[2024-10-31T12:03:47.967+0000] {logging_mixin.py:190} INFO - [2024-10-31T12:03:47.966+0000] {dagbag.py:588} INFO - Filling up the DagBag from /opt/airflow/dags/utils/extract.py
[2024-10-31T12:03:48.042+0000] {processor.py:927} WARNING - No viable dags retrieved from /opt/airflow/dags/utils/extract.py
[2024-10-31T12:03:48.055+0000] {processor.py:208} INFO - Processing /opt/airflow/dags/utils/extract.py took 0.100 seconds
[2024-10-31T12:05:46.730+0000] {processor.py:186} INFO - Started process (PID=186) to work on /opt/airflow/dags/utils/extract.py
[2024-10-31T12:05:46.731+0000] {processor.py:914} INFO - Processing file /opt/airflow/dags/utils/extract.py for tasks to queue
[2024-10-31T12:05:46.748+0000] {logging_mixin.py:190} INFO - [2024-10-31T12:05:46.745+0000] {dagbag.py:588} INFO - Filling up the DagBag from /opt/airflow/dags/utils/extract.py
[2024-10-31T12:05:47.002+0000] {processor.py:927} WARNING - No viable dags retrieved from /opt/airflow/dags/utils/extract.py
[2024-10-31T12:05:47.030+0000] {processor.py:208} INFO - Processing /opt/airflow/dags/utils/extract.py took 0.308 seconds
[2024-10-31T12:06:17.391+0000] {processor.py:186} INFO - Started process (PID=199) to work on /opt/airflow/dags/utils/extract.py
[2024-10-31T12:06:17.393+0000] {processor.py:914} INFO - Processing file /opt/airflow/dags/utils/extract.py for tasks to queue
[2024-10-31T12:06:17.397+0000] {logging_mixin.py:190} INFO - [2024-10-31T12:06:17.396+0000] {dagbag.py:588} INFO - Filling up the DagBag from /opt/airflow/dags/utils/extract.py
[2024-10-31T12:06:17.488+0000] {processor.py:927} WARNING - No viable dags retrieved from /opt/airflow/dags/utils/extract.py
[2024-10-31T12:06:17.500+0000] {processor.py:208} INFO - Processing /opt/airflow/dags/utils/extract.py took 0.118 seconds
[2024-10-31T12:06:47.999+0000] {processor.py:186} INFO - Started process (PID=217) to work on /opt/airflow/dags/utils/extract.py
[2024-10-31T12:06:48.016+0000] {processor.py:914} INFO - Processing file /opt/airflow/dags/utils/extract.py for tasks to queue
[2024-10-31T12:06:48.034+0000] {logging_mixin.py:190} INFO - [2024-10-31T12:06:48.033+0000] {dagbag.py:588} INFO - Filling up the DagBag from /opt/airflow/dags/utils/extract.py
[2024-10-31T12:06:48.144+0000] {processor.py:927} WARNING - No viable dags retrieved from /opt/airflow/dags/utils/extract.py
[2024-10-31T12:06:48.222+0000] {processor.py:208} INFO - Processing /opt/airflow/dags/utils/extract.py took 0.266 seconds
[2024-10-31T12:07:18.655+0000] {processor.py:186} INFO - Started process (PID=233) to work on /opt/airflow/dags/utils/extract.py
[2024-10-31T12:07:18.657+0000] {processor.py:914} INFO - Processing file /opt/airflow/dags/utils/extract.py for tasks to queue
[2024-10-31T12:07:18.661+0000] {logging_mixin.py:190} INFO - [2024-10-31T12:07:18.661+0000] {dagbag.py:588} INFO - Filling up the DagBag from /opt/airflow/dags/utils/extract.py
[2024-10-31T12:07:18.761+0000] {processor.py:927} WARNING - No viable dags retrieved from /opt/airflow/dags/utils/extract.py
[2024-10-31T12:07:18.785+0000] {processor.py:208} INFO - Processing /opt/airflow/dags/utils/extract.py took 0.138 seconds
[2024-10-31T12:07:49.217+0000] {processor.py:186} INFO - Started process (PID=250) to work on /opt/airflow/dags/utils/extract.py
[2024-10-31T12:07:49.219+0000] {processor.py:914} INFO - Processing file /opt/airflow/dags/utils/extract.py for tasks to queue
[2024-10-31T12:07:49.222+0000] {logging_mixin.py:190} INFO - [2024-10-31T12:07:49.221+0000] {dagbag.py:588} INFO - Filling up the DagBag from /opt/airflow/dags/utils/extract.py
[2024-10-31T12:07:49.320+0000] {processor.py:927} WARNING - No viable dags retrieved from /opt/airflow/dags/utils/extract.py
[2024-10-31T12:07:49.340+0000] {processor.py:208} INFO - Processing /opt/airflow/dags/utils/extract.py took 0.127 seconds
[2024-10-31T12:08:19.820+0000] {processor.py:186} INFO - Started process (PID=266) to work on /opt/airflow/dags/utils/extract.py
[2024-10-31T12:08:19.822+0000] {processor.py:914} INFO - Processing file /opt/airflow/dags/utils/extract.py for tasks to queue
[2024-10-31T12:08:19.826+0000] {logging_mixin.py:190} INFO - [2024-10-31T12:08:19.825+0000] {dagbag.py:588} INFO - Filling up the DagBag from /opt/airflow/dags/utils/extract.py
[2024-10-31T12:08:19.906+0000] {processor.py:927} WARNING - No viable dags retrieved from /opt/airflow/dags/utils/extract.py
[2024-10-31T12:08:19.925+0000] {processor.py:208} INFO - Processing /opt/airflow/dags/utils/extract.py took 0.117 seconds
[2024-10-31T12:08:50.354+0000] {processor.py:186} INFO - Started process (PID=282) to work on /opt/airflow/dags/utils/extract.py
[2024-10-31T12:08:50.356+0000] {processor.py:914} INFO - Processing file /opt/airflow/dags/utils/extract.py for tasks to queue
[2024-10-31T12:08:50.361+0000] {logging_mixin.py:190} INFO - [2024-10-31T12:08:50.360+0000] {dagbag.py:588} INFO - Filling up the DagBag from /opt/airflow/dags/utils/extract.py
[2024-10-31T12:08:50.453+0000] {processor.py:927} WARNING - No viable dags retrieved from /opt/airflow/dags/utils/extract.py
[2024-10-31T12:08:50.482+0000] {processor.py:208} INFO - Processing /opt/airflow/dags/utils/extract.py took 0.138 seconds
[2024-10-31T12:09:21.056+0000] {processor.py:186} INFO - Started process (PID=298) to work on /opt/airflow/dags/utils/extract.py
[2024-10-31T12:09:21.058+0000] {processor.py:914} INFO - Processing file /opt/airflow/dags/utils/extract.py for tasks to queue
[2024-10-31T12:09:21.062+0000] {logging_mixin.py:190} INFO - [2024-10-31T12:09:21.062+0000] {dagbag.py:588} INFO - Filling up the DagBag from /opt/airflow/dags/utils/extract.py
[2024-10-31T12:09:21.391+0000] {processor.py:927} WARNING - No viable dags retrieved from /opt/airflow/dags/utils/extract.py
[2024-10-31T12:09:21.398+0000] {processor.py:208} INFO - Processing /opt/airflow/dags/utils/extract.py took 0.351 seconds
[2024-10-31T12:09:51.977+0000] {processor.py:186} INFO - Started process (PID=307) to work on /opt/airflow/dags/utils/extract.py
[2024-10-31T12:09:51.980+0000] {processor.py:914} INFO - Processing file /opt/airflow/dags/utils/extract.py for tasks to queue
[2024-10-31T12:09:51.983+0000] {logging_mixin.py:190} INFO - [2024-10-31T12:09:51.982+0000] {dagbag.py:588} INFO - Filling up the DagBag from /opt/airflow/dags/utils/extract.py
[2024-10-31T12:09:52.262+0000] {processor.py:927} WARNING - No viable dags retrieved from /opt/airflow/dags/utils/extract.py
[2024-10-31T12:09:52.270+0000] {processor.py:208} INFO - Processing /opt/airflow/dags/utils/extract.py took 0.300 seconds
[2024-10-31T12:26:51.108+0000] {processor.py:186} INFO - Started process (PID=324) to work on /opt/airflow/dags/utils/extract.py
[2024-10-31T12:26:51.110+0000] {processor.py:914} INFO - Processing file /opt/airflow/dags/utils/extract.py for tasks to queue
[2024-10-31T12:26:51.114+0000] {logging_mixin.py:190} INFO - [2024-10-31T12:26:51.114+0000] {dagbag.py:588} INFO - Filling up the DagBag from /opt/airflow/dags/utils/extract.py
[2024-10-31T12:26:51.207+0000] {processor.py:927} WARNING - No viable dags retrieved from /opt/airflow/dags/utils/extract.py
[2024-10-31T12:26:51.236+0000] {processor.py:208} INFO - Processing /opt/airflow/dags/utils/extract.py took 0.136 seconds
[2024-10-31T12:27:21.627+0000] {processor.py:186} INFO - Started process (PID=340) to work on /opt/airflow/dags/utils/extract.py
[2024-10-31T12:27:21.630+0000] {processor.py:914} INFO - Processing file /opt/airflow/dags/utils/extract.py for tasks to queue
[2024-10-31T12:27:21.634+0000] {logging_mixin.py:190} INFO - [2024-10-31T12:27:21.634+0000] {dagbag.py:588} INFO - Filling up the DagBag from /opt/airflow/dags/utils/extract.py
[2024-10-31T12:27:21.718+0000] {processor.py:927} WARNING - No viable dags retrieved from /opt/airflow/dags/utils/extract.py
[2024-10-31T12:27:21.742+0000] {processor.py:208} INFO - Processing /opt/airflow/dags/utils/extract.py took 0.128 seconds
[2024-10-31T12:27:52.167+0000] {processor.py:186} INFO - Started process (PID=356) to work on /opt/airflow/dags/utils/extract.py
[2024-10-31T12:27:52.169+0000] {processor.py:914} INFO - Processing file /opt/airflow/dags/utils/extract.py for tasks to queue
[2024-10-31T12:27:52.177+0000] {logging_mixin.py:190} INFO - [2024-10-31T12:27:52.176+0000] {dagbag.py:588} INFO - Filling up the DagBag from /opt/airflow/dags/utils/extract.py
[2024-10-31T12:27:52.498+0000] {processor.py:927} WARNING - No viable dags retrieved from /opt/airflow/dags/utils/extract.py
[2024-10-31T12:27:52.512+0000] {processor.py:208} INFO - Processing /opt/airflow/dags/utils/extract.py took 0.358 seconds
[2024-10-31T12:28:22.906+0000] {processor.py:186} INFO - Started process (PID=372) to work on /opt/airflow/dags/utils/extract.py
[2024-10-31T12:28:22.908+0000] {processor.py:914} INFO - Processing file /opt/airflow/dags/utils/extract.py for tasks to queue
[2024-10-31T12:28:22.910+0000] {logging_mixin.py:190} INFO - [2024-10-31T12:28:22.909+0000] {dagbag.py:588} INFO - Filling up the DagBag from /opt/airflow/dags/utils/extract.py
[2024-10-31T12:28:22.970+0000] {processor.py:927} WARNING - No viable dags retrieved from /opt/airflow/dags/utils/extract.py
[2024-10-31T12:28:22.983+0000] {processor.py:208} INFO - Processing /opt/airflow/dags/utils/extract.py took 0.082 seconds
[2024-10-31T12:28:53.352+0000] {processor.py:186} INFO - Started process (PID=388) to work on /opt/airflow/dags/utils/extract.py
[2024-10-31T12:28:53.355+0000] {processor.py:914} INFO - Processing file /opt/airflow/dags/utils/extract.py for tasks to queue
[2024-10-31T12:28:53.358+0000] {logging_mixin.py:190} INFO - [2024-10-31T12:28:53.357+0000] {dagbag.py:588} INFO - Filling up the DagBag from /opt/airflow/dags/utils/extract.py
[2024-10-31T12:28:53.432+0000] {processor.py:927} WARNING - No viable dags retrieved from /opt/airflow/dags/utils/extract.py
[2024-10-31T12:28:53.453+0000] {processor.py:208} INFO - Processing /opt/airflow/dags/utils/extract.py took 0.107 seconds
[2024-10-31T12:29:23.835+0000] {processor.py:186} INFO - Started process (PID=404) to work on /opt/airflow/dags/utils/extract.py
[2024-10-31T12:29:23.837+0000] {processor.py:914} INFO - Processing file /opt/airflow/dags/utils/extract.py for tasks to queue
[2024-10-31T12:29:23.839+0000] {logging_mixin.py:190} INFO - [2024-10-31T12:29:23.839+0000] {dagbag.py:588} INFO - Filling up the DagBag from /opt/airflow/dags/utils/extract.py
[2024-10-31T12:29:24.065+0000] {processor.py:927} WARNING - No viable dags retrieved from /opt/airflow/dags/utils/extract.py
[2024-10-31T12:29:24.074+0000] {processor.py:208} INFO - Processing /opt/airflow/dags/utils/extract.py took 0.243 seconds
[2024-10-31T12:29:54.451+0000] {processor.py:186} INFO - Started process (PID=420) to work on /opt/airflow/dags/utils/extract.py
[2024-10-31T12:29:54.453+0000] {processor.py:914} INFO - Processing file /opt/airflow/dags/utils/extract.py for tasks to queue
[2024-10-31T12:29:54.455+0000] {logging_mixin.py:190} INFO - [2024-10-31T12:29:54.455+0000] {dagbag.py:588} INFO - Filling up the DagBag from /opt/airflow/dags/utils/extract.py
[2024-10-31T12:29:54.609+0000] {processor.py:927} WARNING - No viable dags retrieved from /opt/airflow/dags/utils/extract.py
[2024-10-31T12:29:54.618+0000] {processor.py:208} INFO - Processing /opt/airflow/dags/utils/extract.py took 0.173 seconds
[2024-10-31T12:30:25.022+0000] {processor.py:186} INFO - Started process (PID=436) to work on /opt/airflow/dags/utils/extract.py
[2024-10-31T12:30:25.024+0000] {processor.py:914} INFO - Processing file /opt/airflow/dags/utils/extract.py for tasks to queue
[2024-10-31T12:30:25.029+0000] {logging_mixin.py:190} INFO - [2024-10-31T12:30:25.028+0000] {dagbag.py:588} INFO - Filling up the DagBag from /opt/airflow/dags/utils/extract.py
[2024-10-31T12:30:25.111+0000] {processor.py:927} WARNING - No viable dags retrieved from /opt/airflow/dags/utils/extract.py
[2024-10-31T12:30:25.126+0000] {processor.py:208} INFO - Processing /opt/airflow/dags/utils/extract.py took 0.113 seconds
[2024-10-31T12:30:55.626+0000] {processor.py:186} INFO - Started process (PID=451) to work on /opt/airflow/dags/utils/extract.py
[2024-10-31T12:30:55.628+0000] {processor.py:914} INFO - Processing file /opt/airflow/dags/utils/extract.py for tasks to queue
[2024-10-31T12:30:55.631+0000] {logging_mixin.py:190} INFO - [2024-10-31T12:30:55.631+0000] {dagbag.py:588} INFO - Filling up the DagBag from /opt/airflow/dags/utils/extract.py
[2024-10-31T12:30:55.907+0000] {processor.py:927} WARNING - No viable dags retrieved from /opt/airflow/dags/utils/extract.py
[2024-10-31T12:30:55.917+0000] {processor.py:208} INFO - Processing /opt/airflow/dags/utils/extract.py took 0.298 seconds
[2024-10-31T12:31:26.399+0000] {processor.py:186} INFO - Started process (PID=467) to work on /opt/airflow/dags/utils/extract.py
[2024-10-31T12:31:26.401+0000] {processor.py:914} INFO - Processing file /opt/airflow/dags/utils/extract.py for tasks to queue
[2024-10-31T12:31:26.411+0000] {logging_mixin.py:190} INFO - [2024-10-31T12:31:26.410+0000] {dagbag.py:588} INFO - Filling up the DagBag from /opt/airflow/dags/utils/extract.py
[2024-10-31T12:31:26.688+0000] {processor.py:927} WARNING - No viable dags retrieved from /opt/airflow/dags/utils/extract.py
[2024-10-31T12:31:26.697+0000] {processor.py:208} INFO - Processing /opt/airflow/dags/utils/extract.py took 0.332 seconds
[2024-10-31T12:31:57.149+0000] {processor.py:186} INFO - Started process (PID=483) to work on /opt/airflow/dags/utils/extract.py
[2024-10-31T12:31:57.150+0000] {processor.py:914} INFO - Processing file /opt/airflow/dags/utils/extract.py for tasks to queue
[2024-10-31T12:31:57.152+0000] {logging_mixin.py:190} INFO - [2024-10-31T12:31:57.151+0000] {dagbag.py:588} INFO - Filling up the DagBag from /opt/airflow/dags/utils/extract.py
[2024-10-31T12:31:57.209+0000] {processor.py:927} WARNING - No viable dags retrieved from /opt/airflow/dags/utils/extract.py
[2024-10-31T12:31:57.220+0000] {processor.py:208} INFO - Processing /opt/airflow/dags/utils/extract.py took 0.075 seconds
[2024-10-31T12:32:27.684+0000] {processor.py:186} INFO - Started process (PID=498) to work on /opt/airflow/dags/utils/extract.py
[2024-10-31T12:32:27.687+0000] {processor.py:914} INFO - Processing file /opt/airflow/dags/utils/extract.py for tasks to queue
[2024-10-31T12:32:27.693+0000] {logging_mixin.py:190} INFO - [2024-10-31T12:32:27.692+0000] {dagbag.py:588} INFO - Filling up the DagBag from /opt/airflow/dags/utils/extract.py
[2024-10-31T12:32:28.119+0000] {processor.py:927} WARNING - No viable dags retrieved from /opt/airflow/dags/utils/extract.py
[2024-10-31T12:32:28.139+0000] {processor.py:208} INFO - Processing /opt/airflow/dags/utils/extract.py took 0.480 seconds
[2024-10-31T12:32:58.596+0000] {processor.py:186} INFO - Started process (PID=514) to work on /opt/airflow/dags/utils/extract.py
[2024-10-31T12:32:58.598+0000] {processor.py:914} INFO - Processing file /opt/airflow/dags/utils/extract.py for tasks to queue
[2024-10-31T12:32:58.605+0000] {logging_mixin.py:190} INFO - [2024-10-31T12:32:58.605+0000] {dagbag.py:588} INFO - Filling up the DagBag from /opt/airflow/dags/utils/extract.py
[2024-10-31T12:32:58.951+0000] {processor.py:927} WARNING - No viable dags retrieved from /opt/airflow/dags/utils/extract.py
[2024-10-31T12:32:58.964+0000] {processor.py:208} INFO - Processing /opt/airflow/dags/utils/extract.py took 0.380 seconds
[2024-10-31T12:33:29.472+0000] {processor.py:186} INFO - Started process (PID=531) to work on /opt/airflow/dags/utils/extract.py
[2024-10-31T12:33:29.475+0000] {processor.py:914} INFO - Processing file /opt/airflow/dags/utils/extract.py for tasks to queue
[2024-10-31T12:33:29.478+0000] {logging_mixin.py:190} INFO - [2024-10-31T12:33:29.478+0000] {dagbag.py:588} INFO - Filling up the DagBag from /opt/airflow/dags/utils/extract.py
[2024-10-31T12:33:29.536+0000] {processor.py:927} WARNING - No viable dags retrieved from /opt/airflow/dags/utils/extract.py
[2024-10-31T12:33:29.547+0000] {processor.py:208} INFO - Processing /opt/airflow/dags/utils/extract.py took 0.081 seconds
[2024-10-31T12:33:59.959+0000] {processor.py:186} INFO - Started process (PID=546) to work on /opt/airflow/dags/utils/extract.py
[2024-10-31T12:33:59.962+0000] {processor.py:914} INFO - Processing file /opt/airflow/dags/utils/extract.py for tasks to queue
[2024-10-31T12:33:59.966+0000] {logging_mixin.py:190} INFO - [2024-10-31T12:33:59.965+0000] {dagbag.py:588} INFO - Filling up the DagBag from /opt/airflow/dags/utils/extract.py
[2024-10-31T12:34:00.257+0000] {processor.py:927} WARNING - No viable dags retrieved from /opt/airflow/dags/utils/extract.py
[2024-10-31T12:34:00.267+0000] {processor.py:208} INFO - Processing /opt/airflow/dags/utils/extract.py took 0.314 seconds
[2024-10-31T12:34:30.670+0000] {processor.py:186} INFO - Started process (PID=562) to work on /opt/airflow/dags/utils/extract.py
[2024-10-31T12:34:30.671+0000] {processor.py:914} INFO - Processing file /opt/airflow/dags/utils/extract.py for tasks to queue
[2024-10-31T12:34:30.674+0000] {logging_mixin.py:190} INFO - [2024-10-31T12:34:30.673+0000] {dagbag.py:588} INFO - Filling up the DagBag from /opt/airflow/dags/utils/extract.py
[2024-10-31T12:34:30.828+0000] {processor.py:927} WARNING - No viable dags retrieved from /opt/airflow/dags/utils/extract.py
[2024-10-31T12:34:30.837+0000] {processor.py:208} INFO - Processing /opt/airflow/dags/utils/extract.py took 0.171 seconds
[2024-10-31T12:35:01.223+0000] {processor.py:186} INFO - Started process (PID=578) to work on /opt/airflow/dags/utils/extract.py
[2024-10-31T12:35:01.225+0000] {processor.py:914} INFO - Processing file /opt/airflow/dags/utils/extract.py for tasks to queue
[2024-10-31T12:35:01.227+0000] {logging_mixin.py:190} INFO - [2024-10-31T12:35:01.227+0000] {dagbag.py:588} INFO - Filling up the DagBag from /opt/airflow/dags/utils/extract.py
[2024-10-31T12:35:01.297+0000] {processor.py:927} WARNING - No viable dags retrieved from /opt/airflow/dags/utils/extract.py
[2024-10-31T12:35:01.313+0000] {processor.py:208} INFO - Processing /opt/airflow/dags/utils/extract.py took 0.096 seconds
[2024-10-31T12:35:31.742+0000] {processor.py:186} INFO - Started process (PID=594) to work on /opt/airflow/dags/utils/extract.py
[2024-10-31T12:35:31.748+0000] {processor.py:914} INFO - Processing file /opt/airflow/dags/utils/extract.py for tasks to queue
[2024-10-31T12:35:31.754+0000] {logging_mixin.py:190} INFO - [2024-10-31T12:35:31.754+0000] {dagbag.py:588} INFO - Filling up the DagBag from /opt/airflow/dags/utils/extract.py
[2024-10-31T12:35:32.062+0000] {processor.py:927} WARNING - No viable dags retrieved from /opt/airflow/dags/utils/extract.py
[2024-10-31T12:35:32.070+0000] {processor.py:208} INFO - Processing /opt/airflow/dags/utils/extract.py took 0.337 seconds
[2024-10-31T12:36:02.472+0000] {processor.py:186} INFO - Started process (PID=610) to work on /opt/airflow/dags/utils/extract.py
[2024-10-31T12:36:02.474+0000] {processor.py:914} INFO - Processing file /opt/airflow/dags/utils/extract.py for tasks to queue
[2024-10-31T12:36:02.476+0000] {logging_mixin.py:190} INFO - [2024-10-31T12:36:02.476+0000] {dagbag.py:588} INFO - Filling up the DagBag from /opt/airflow/dags/utils/extract.py
[2024-10-31T12:36:02.679+0000] {processor.py:927} WARNING - No viable dags retrieved from /opt/airflow/dags/utils/extract.py
[2024-10-31T12:36:02.691+0000] {processor.py:208} INFO - Processing /opt/airflow/dags/utils/extract.py took 0.222 seconds
[2024-10-31T12:36:33.199+0000] {processor.py:186} INFO - Started process (PID=625) to work on /opt/airflow/dags/utils/extract.py
[2024-10-31T12:36:33.201+0000] {processor.py:914} INFO - Processing file /opt/airflow/dags/utils/extract.py for tasks to queue
[2024-10-31T12:36:33.205+0000] {logging_mixin.py:190} INFO - [2024-10-31T12:36:33.204+0000] {dagbag.py:588} INFO - Filling up the DagBag from /opt/airflow/dags/utils/extract.py
[2024-10-31T12:36:33.307+0000] {processor.py:927} WARNING - No viable dags retrieved from /opt/airflow/dags/utils/extract.py
[2024-10-31T12:36:33.321+0000] {processor.py:208} INFO - Processing /opt/airflow/dags/utils/extract.py took 0.129 seconds
[2024-10-31T12:37:03.753+0000] {processor.py:186} INFO - Started process (PID=642) to work on /opt/airflow/dags/utils/extract.py
[2024-10-31T12:37:03.754+0000] {processor.py:914} INFO - Processing file /opt/airflow/dags/utils/extract.py for tasks to queue
[2024-10-31T12:37:03.756+0000] {logging_mixin.py:190} INFO - [2024-10-31T12:37:03.755+0000] {dagbag.py:588} INFO - Filling up the DagBag from /opt/airflow/dags/utils/extract.py
[2024-10-31T12:37:03.942+0000] {processor.py:927} WARNING - No viable dags retrieved from /opt/airflow/dags/utils/extract.py
[2024-10-31T12:37:03.959+0000] {processor.py:208} INFO - Processing /opt/airflow/dags/utils/extract.py took 0.210 seconds
[2024-10-31T12:37:34.396+0000] {processor.py:186} INFO - Started process (PID=658) to work on /opt/airflow/dags/utils/extract.py
[2024-10-31T12:37:34.397+0000] {processor.py:914} INFO - Processing file /opt/airflow/dags/utils/extract.py for tasks to queue
[2024-10-31T12:37:34.399+0000] {logging_mixin.py:190} INFO - [2024-10-31T12:37:34.399+0000] {dagbag.py:588} INFO - Filling up the DagBag from /opt/airflow/dags/utils/extract.py
[2024-10-31T12:37:34.578+0000] {processor.py:927} WARNING - No viable dags retrieved from /opt/airflow/dags/utils/extract.py
[2024-10-31T12:37:34.590+0000] {processor.py:208} INFO - Processing /opt/airflow/dags/utils/extract.py took 0.198 seconds
[2024-10-31T12:38:05.026+0000] {processor.py:186} INFO - Started process (PID=673) to work on /opt/airflow/dags/utils/extract.py
[2024-10-31T12:38:05.028+0000] {processor.py:914} INFO - Processing file /opt/airflow/dags/utils/extract.py for tasks to queue
[2024-10-31T12:38:05.033+0000] {logging_mixin.py:190} INFO - [2024-10-31T12:38:05.032+0000] {dagbag.py:588} INFO - Filling up the DagBag from /opt/airflow/dags/utils/extract.py
[2024-10-31T12:38:05.324+0000] {processor.py:927} WARNING - No viable dags retrieved from /opt/airflow/dags/utils/extract.py
[2024-10-31T12:38:05.335+0000] {processor.py:208} INFO - Processing /opt/airflow/dags/utils/extract.py took 0.323 seconds
[2024-10-31T12:38:35.788+0000] {processor.py:186} INFO - Started process (PID=690) to work on /opt/airflow/dags/utils/extract.py
[2024-10-31T12:38:35.790+0000] {processor.py:914} INFO - Processing file /opt/airflow/dags/utils/extract.py for tasks to queue
[2024-10-31T12:38:35.793+0000] {logging_mixin.py:190} INFO - [2024-10-31T12:38:35.793+0000] {dagbag.py:588} INFO - Filling up the DagBag from /opt/airflow/dags/utils/extract.py
[2024-10-31T12:38:36.226+0000] {processor.py:927} WARNING - No viable dags retrieved from /opt/airflow/dags/utils/extract.py
[2024-10-31T12:38:36.240+0000] {processor.py:208} INFO - Processing /opt/airflow/dags/utils/extract.py took 0.460 seconds
[2024-10-31T12:39:06.713+0000] {processor.py:186} INFO - Started process (PID=705) to work on /opt/airflow/dags/utils/extract.py
[2024-10-31T12:39:06.718+0000] {processor.py:914} INFO - Processing file /opt/airflow/dags/utils/extract.py for tasks to queue
[2024-10-31T12:39:06.726+0000] {logging_mixin.py:190} INFO - [2024-10-31T12:39:06.725+0000] {dagbag.py:588} INFO - Filling up the DagBag from /opt/airflow/dags/utils/extract.py
[2024-10-31T12:39:07.130+0000] {processor.py:927} WARNING - No viable dags retrieved from /opt/airflow/dags/utils/extract.py
[2024-10-31T12:39:07.147+0000] {processor.py:208} INFO - Processing /opt/airflow/dags/utils/extract.py took 0.455 seconds
[2024-10-31T12:39:37.635+0000] {processor.py:186} INFO - Started process (PID=722) to work on /opt/airflow/dags/utils/extract.py
[2024-10-31T12:39:37.639+0000] {processor.py:914} INFO - Processing file /opt/airflow/dags/utils/extract.py for tasks to queue
[2024-10-31T12:39:37.642+0000] {logging_mixin.py:190} INFO - [2024-10-31T12:39:37.642+0000] {dagbag.py:588} INFO - Filling up the DagBag from /opt/airflow/dags/utils/extract.py
[2024-10-31T12:39:37.980+0000] {processor.py:927} WARNING - No viable dags retrieved from /opt/airflow/dags/utils/extract.py
[2024-10-31T12:39:37.996+0000] {processor.py:208} INFO - Processing /opt/airflow/dags/utils/extract.py took 0.367 seconds
[2024-10-31T12:40:08.409+0000] {processor.py:186} INFO - Started process (PID=738) to work on /opt/airflow/dags/utils/extract.py
[2024-10-31T12:40:08.412+0000] {processor.py:914} INFO - Processing file /opt/airflow/dags/utils/extract.py for tasks to queue
[2024-10-31T12:40:08.417+0000] {logging_mixin.py:190} INFO - [2024-10-31T12:40:08.417+0000] {dagbag.py:588} INFO - Filling up the DagBag from /opt/airflow/dags/utils/extract.py
[2024-10-31T12:40:08.828+0000] {processor.py:927} WARNING - No viable dags retrieved from /opt/airflow/dags/utils/extract.py
[2024-10-31T12:40:08.845+0000] {processor.py:208} INFO - Processing /opt/airflow/dags/utils/extract.py took 0.449 seconds
[2024-10-31T12:40:39.524+0000] {processor.py:186} INFO - Started process (PID=760) to work on /opt/airflow/dags/utils/extract.py
[2024-10-31T12:40:39.525+0000] {processor.py:914} INFO - Processing file /opt/airflow/dags/utils/extract.py for tasks to queue
[2024-10-31T12:40:39.528+0000] {logging_mixin.py:190} INFO - [2024-10-31T12:40:39.528+0000] {dagbag.py:588} INFO - Filling up the DagBag from /opt/airflow/dags/utils/extract.py
[2024-10-31T12:40:39.595+0000] {processor.py:927} WARNING - No viable dags retrieved from /opt/airflow/dags/utils/extract.py
[2024-10-31T12:40:39.611+0000] {processor.py:208} INFO - Processing /opt/airflow/dags/utils/extract.py took 0.092 seconds
[2024-10-31T12:41:09.993+0000] {processor.py:186} INFO - Started process (PID=776) to work on /opt/airflow/dags/utils/extract.py
[2024-10-31T12:41:09.995+0000] {processor.py:914} INFO - Processing file /opt/airflow/dags/utils/extract.py for tasks to queue
[2024-10-31T12:41:10.000+0000] {logging_mixin.py:190} INFO - [2024-10-31T12:41:10.000+0000] {dagbag.py:588} INFO - Filling up the DagBag from /opt/airflow/dags/utils/extract.py
[2024-10-31T12:41:10.079+0000] {processor.py:927} WARNING - No viable dags retrieved from /opt/airflow/dags/utils/extract.py
[2024-10-31T12:41:10.094+0000] {processor.py:208} INFO - Processing /opt/airflow/dags/utils/extract.py took 0.108 seconds
[2024-10-31T12:41:40.463+0000] {processor.py:186} INFO - Started process (PID=792) to work on /opt/airflow/dags/utils/extract.py
[2024-10-31T12:41:40.464+0000] {processor.py:914} INFO - Processing file /opt/airflow/dags/utils/extract.py for tasks to queue
[2024-10-31T12:41:40.468+0000] {logging_mixin.py:190} INFO - [2024-10-31T12:41:40.467+0000] {dagbag.py:588} INFO - Filling up the DagBag from /opt/airflow/dags/utils/extract.py
[2024-10-31T12:41:40.564+0000] {processor.py:927} WARNING - No viable dags retrieved from /opt/airflow/dags/utils/extract.py
[2024-10-31T12:41:40.580+0000] {processor.py:208} INFO - Processing /opt/airflow/dags/utils/extract.py took 0.126 seconds
[2024-10-31T12:42:15.251+0000] {processor.py:186} INFO - Started process (PID=50) to work on /opt/airflow/dags/utils/extract.py
[2024-10-31T12:42:15.253+0000] {processor.py:914} INFO - Processing file /opt/airflow/dags/utils/extract.py for tasks to queue
[2024-10-31T12:42:15.255+0000] {logging_mixin.py:190} INFO - [2024-10-31T12:42:15.255+0000] {dagbag.py:588} INFO - Filling up the DagBag from /opt/airflow/dags/utils/extract.py
[2024-10-31T12:42:15.387+0000] {processor.py:927} WARNING - No viable dags retrieved from /opt/airflow/dags/utils/extract.py
[2024-10-31T12:42:15.399+0000] {processor.py:208} INFO - Processing /opt/airflow/dags/utils/extract.py took 0.154 seconds
[2024-10-31T12:43:31.158+0000] {processor.py:186} INFO - Started process (PID=49) to work on /opt/airflow/dags/utils/extract.py
[2024-10-31T12:43:31.164+0000] {processor.py:914} INFO - Processing file /opt/airflow/dags/utils/extract.py for tasks to queue
[2024-10-31T12:43:31.171+0000] {logging_mixin.py:190} INFO - [2024-10-31T12:43:31.171+0000] {dagbag.py:588} INFO - Filling up the DagBag from /opt/airflow/dags/utils/extract.py
[2024-10-31T12:43:31.357+0000] {processor.py:927} WARNING - No viable dags retrieved from /opt/airflow/dags/utils/extract.py
[2024-10-31T12:43:31.403+0000] {processor.py:208} INFO - Processing /opt/airflow/dags/utils/extract.py took 0.254 seconds
[2024-10-31T12:44:01.493+0000] {processor.py:186} INFO - Started process (PID=56) to work on /opt/airflow/dags/utils/extract.py
[2024-10-31T12:44:01.496+0000] {processor.py:914} INFO - Processing file /opt/airflow/dags/utils/extract.py for tasks to queue
[2024-10-31T12:44:01.505+0000] {logging_mixin.py:190} INFO - [2024-10-31T12:44:01.504+0000] {dagbag.py:588} INFO - Filling up the DagBag from /opt/airflow/dags/utils/extract.py
[2024-10-31T12:44:01.627+0000] {processor.py:927} WARNING - No viable dags retrieved from /opt/airflow/dags/utils/extract.py
[2024-10-31T12:44:01.648+0000] {processor.py:208} INFO - Processing /opt/airflow/dags/utils/extract.py took 0.166 seconds
[2024-10-31T12:44:32.049+0000] {processor.py:186} INFO - Started process (PID=64) to work on /opt/airflow/dags/utils/extract.py
[2024-10-31T12:44:32.051+0000] {processor.py:914} INFO - Processing file /opt/airflow/dags/utils/extract.py for tasks to queue
[2024-10-31T12:44:32.055+0000] {logging_mixin.py:190} INFO - [2024-10-31T12:44:32.055+0000] {dagbag.py:588} INFO - Filling up the DagBag from /opt/airflow/dags/utils/extract.py
[2024-10-31T12:44:32.132+0000] {processor.py:927} WARNING - No viable dags retrieved from /opt/airflow/dags/utils/extract.py
[2024-10-31T12:44:32.146+0000] {processor.py:208} INFO - Processing /opt/airflow/dags/utils/extract.py took 0.108 seconds
[2024-10-31T12:45:02.627+0000] {processor.py:186} INFO - Started process (PID=72) to work on /opt/airflow/dags/utils/extract.py
[2024-10-31T12:45:02.628+0000] {processor.py:914} INFO - Processing file /opt/airflow/dags/utils/extract.py for tasks to queue
[2024-10-31T12:45:02.633+0000] {logging_mixin.py:190} INFO - [2024-10-31T12:45:02.632+0000] {dagbag.py:588} INFO - Filling up the DagBag from /opt/airflow/dags/utils/extract.py
[2024-10-31T12:45:02.953+0000] {processor.py:927} WARNING - No viable dags retrieved from /opt/airflow/dags/utils/extract.py
[2024-10-31T12:45:02.963+0000] {processor.py:208} INFO - Processing /opt/airflow/dags/utils/extract.py took 0.345 seconds
[2024-10-31T12:45:33.246+0000] {processor.py:186} INFO - Started process (PID=80) to work on /opt/airflow/dags/utils/extract.py
[2024-10-31T12:45:33.249+0000] {processor.py:914} INFO - Processing file /opt/airflow/dags/utils/extract.py for tasks to queue
[2024-10-31T12:45:33.256+0000] {logging_mixin.py:190} INFO - [2024-10-31T12:45:33.255+0000] {dagbag.py:588} INFO - Filling up the DagBag from /opt/airflow/dags/utils/extract.py
[2024-10-31T12:45:33.621+0000] {processor.py:927} WARNING - No viable dags retrieved from /opt/airflow/dags/utils/extract.py
[2024-10-31T12:45:33.632+0000] {processor.py:208} INFO - Processing /opt/airflow/dags/utils/extract.py took 0.399 seconds
[2024-10-31T12:46:03.797+0000] {processor.py:186} INFO - Started process (PID=88) to work on /opt/airflow/dags/utils/extract.py
[2024-10-31T12:46:03.800+0000] {processor.py:914} INFO - Processing file /opt/airflow/dags/utils/extract.py for tasks to queue
[2024-10-31T12:46:03.804+0000] {logging_mixin.py:190} INFO - [2024-10-31T12:46:03.803+0000] {dagbag.py:588} INFO - Filling up the DagBag from /opt/airflow/dags/utils/extract.py
[2024-10-31T12:46:04.032+0000] {processor.py:927} WARNING - No viable dags retrieved from /opt/airflow/dags/utils/extract.py
[2024-10-31T12:46:04.040+0000] {processor.py:208} INFO - Processing /opt/airflow/dags/utils/extract.py took 0.251 seconds
[2024-10-31T12:46:34.252+0000] {processor.py:186} INFO - Started process (PID=96) to work on /opt/airflow/dags/utils/extract.py
[2024-10-31T12:46:34.254+0000] {processor.py:914} INFO - Processing file /opt/airflow/dags/utils/extract.py for tasks to queue
[2024-10-31T12:46:34.259+0000] {logging_mixin.py:190} INFO - [2024-10-31T12:46:34.258+0000] {dagbag.py:588} INFO - Filling up the DagBag from /opt/airflow/dags/utils/extract.py
[2024-10-31T12:46:34.584+0000] {processor.py:927} WARNING - No viable dags retrieved from /opt/airflow/dags/utils/extract.py
[2024-10-31T12:46:34.595+0000] {processor.py:208} INFO - Processing /opt/airflow/dags/utils/extract.py took 0.376 seconds
[2024-10-31T12:47:04.679+0000] {processor.py:186} INFO - Started process (PID=104) to work on /opt/airflow/dags/utils/extract.py
[2024-10-31T12:47:04.680+0000] {processor.py:914} INFO - Processing file /opt/airflow/dags/utils/extract.py for tasks to queue
[2024-10-31T12:47:04.682+0000] {logging_mixin.py:190} INFO - [2024-10-31T12:47:04.681+0000] {dagbag.py:588} INFO - Filling up the DagBag from /opt/airflow/dags/utils/extract.py
[2024-10-31T12:47:04.837+0000] {processor.py:927} WARNING - No viable dags retrieved from /opt/airflow/dags/utils/extract.py
[2024-10-31T12:47:04.844+0000] {processor.py:208} INFO - Processing /opt/airflow/dags/utils/extract.py took 0.170 seconds
[2024-10-31T12:47:35.462+0000] {processor.py:186} INFO - Started process (PID=112) to work on /opt/airflow/dags/utils/extract.py
[2024-10-31T12:47:35.463+0000] {processor.py:914} INFO - Processing file /opt/airflow/dags/utils/extract.py for tasks to queue
[2024-10-31T12:47:35.467+0000] {logging_mixin.py:190} INFO - [2024-10-31T12:47:35.467+0000] {dagbag.py:588} INFO - Filling up the DagBag from /opt/airflow/dags/utils/extract.py
[2024-10-31T12:47:35.575+0000] {processor.py:927} WARNING - No viable dags retrieved from /opt/airflow/dags/utils/extract.py
[2024-10-31T12:47:35.590+0000] {processor.py:208} INFO - Processing /opt/airflow/dags/utils/extract.py took 0.136 seconds
[2024-10-31T12:48:05.963+0000] {processor.py:186} INFO - Started process (PID=126) to work on /opt/airflow/dags/utils/extract.py
[2024-10-31T12:48:05.964+0000] {processor.py:914} INFO - Processing file /opt/airflow/dags/utils/extract.py for tasks to queue
[2024-10-31T12:48:05.967+0000] {logging_mixin.py:190} INFO - [2024-10-31T12:48:05.966+0000] {dagbag.py:588} INFO - Filling up the DagBag from /opt/airflow/dags/utils/extract.py
[2024-10-31T12:48:06.039+0000] {processor.py:927} WARNING - No viable dags retrieved from /opt/airflow/dags/utils/extract.py
[2024-10-31T12:48:06.048+0000] {processor.py:208} INFO - Processing /opt/airflow/dags/utils/extract.py took 0.091 seconds
[2024-10-31T12:48:36.427+0000] {processor.py:186} INFO - Started process (PID=134) to work on /opt/airflow/dags/utils/extract.py
[2024-10-31T12:48:36.429+0000] {processor.py:914} INFO - Processing file /opt/airflow/dags/utils/extract.py for tasks to queue
[2024-10-31T12:48:36.431+0000] {logging_mixin.py:190} INFO - [2024-10-31T12:48:36.431+0000] {dagbag.py:588} INFO - Filling up the DagBag from /opt/airflow/dags/utils/extract.py
[2024-10-31T12:48:36.503+0000] {processor.py:927} WARNING - No viable dags retrieved from /opt/airflow/dags/utils/extract.py
[2024-10-31T12:48:36.515+0000] {processor.py:208} INFO - Processing /opt/airflow/dags/utils/extract.py took 0.093 seconds
[2024-10-31T12:49:06.871+0000] {processor.py:186} INFO - Started process (PID=142) to work on /opt/airflow/dags/utils/extract.py
[2024-10-31T12:49:06.872+0000] {processor.py:914} INFO - Processing file /opt/airflow/dags/utils/extract.py for tasks to queue
[2024-10-31T12:49:06.875+0000] {logging_mixin.py:190} INFO - [2024-10-31T12:49:06.874+0000] {dagbag.py:588} INFO - Filling up the DagBag from /opt/airflow/dags/utils/extract.py
[2024-10-31T12:49:06.935+0000] {processor.py:927} WARNING - No viable dags retrieved from /opt/airflow/dags/utils/extract.py
[2024-10-31T12:49:06.943+0000] {processor.py:208} INFO - Processing /opt/airflow/dags/utils/extract.py took 0.078 seconds
[2024-10-31T12:49:37.356+0000] {processor.py:186} INFO - Started process (PID=150) to work on /opt/airflow/dags/utils/extract.py
[2024-10-31T12:49:37.357+0000] {processor.py:914} INFO - Processing file /opt/airflow/dags/utils/extract.py for tasks to queue
[2024-10-31T12:49:37.362+0000] {logging_mixin.py:190} INFO - [2024-10-31T12:49:37.361+0000] {dagbag.py:588} INFO - Filling up the DagBag from /opt/airflow/dags/utils/extract.py
[2024-10-31T12:49:37.440+0000] {processor.py:927} WARNING - No viable dags retrieved from /opt/airflow/dags/utils/extract.py
[2024-10-31T12:49:37.450+0000] {processor.py:208} INFO - Processing /opt/airflow/dags/utils/extract.py took 0.102 seconds
[2024-10-31T12:50:07.854+0000] {processor.py:186} INFO - Started process (PID=158) to work on /opt/airflow/dags/utils/extract.py
[2024-10-31T12:50:07.855+0000] {processor.py:914} INFO - Processing file /opt/airflow/dags/utils/extract.py for tasks to queue
[2024-10-31T12:50:07.857+0000] {logging_mixin.py:190} INFO - [2024-10-31T12:50:07.857+0000] {dagbag.py:588} INFO - Filling up the DagBag from /opt/airflow/dags/utils/extract.py
[2024-10-31T12:50:07.924+0000] {processor.py:927} WARNING - No viable dags retrieved from /opt/airflow/dags/utils/extract.py
[2024-10-31T12:50:07.934+0000] {processor.py:208} INFO - Processing /opt/airflow/dags/utils/extract.py took 0.086 seconds
[2024-10-31T12:50:38.436+0000] {processor.py:186} INFO - Started process (PID=166) to work on /opt/airflow/dags/utils/extract.py
[2024-10-31T12:50:38.437+0000] {processor.py:914} INFO - Processing file /opt/airflow/dags/utils/extract.py for tasks to queue
[2024-10-31T12:50:38.441+0000] {logging_mixin.py:190} INFO - [2024-10-31T12:50:38.441+0000] {dagbag.py:588} INFO - Filling up the DagBag from /opt/airflow/dags/utils/extract.py
[2024-10-31T12:50:38.543+0000] {processor.py:927} WARNING - No viable dags retrieved from /opt/airflow/dags/utils/extract.py
[2024-10-31T12:50:38.559+0000] {processor.py:208} INFO - Processing /opt/airflow/dags/utils/extract.py took 0.131 seconds
[2024-10-31T12:51:08.591+0000] {processor.py:186} INFO - Started process (PID=168) to work on /opt/airflow/dags/utils/extract.py
[2024-10-31T12:51:08.592+0000] {processor.py:914} INFO - Processing file /opt/airflow/dags/utils/extract.py for tasks to queue
[2024-10-31T12:51:08.595+0000] {logging_mixin.py:190} INFO - [2024-10-31T12:51:08.595+0000] {dagbag.py:588} INFO - Filling up the DagBag from /opt/airflow/dags/utils/extract.py
[2024-10-31T12:51:08.657+0000] {processor.py:927} WARNING - No viable dags retrieved from /opt/airflow/dags/utils/extract.py
[2024-10-31T12:51:08.667+0000] {processor.py:208} INFO - Processing /opt/airflow/dags/utils/extract.py took 0.083 seconds
[2024-10-31T12:51:39.112+0000] {processor.py:186} INFO - Started process (PID=176) to work on /opt/airflow/dags/utils/extract.py
[2024-10-31T12:51:39.114+0000] {processor.py:914} INFO - Processing file /opt/airflow/dags/utils/extract.py for tasks to queue
[2024-10-31T12:51:39.117+0000] {logging_mixin.py:190} INFO - [2024-10-31T12:51:39.117+0000] {dagbag.py:588} INFO - Filling up the DagBag from /opt/airflow/dags/utils/extract.py
[2024-10-31T12:51:39.391+0000] {processor.py:927} WARNING - No viable dags retrieved from /opt/airflow/dags/utils/extract.py
[2024-10-31T12:51:39.411+0000] {processor.py:208} INFO - Processing /opt/airflow/dags/utils/extract.py took 0.307 seconds
[2024-10-31T12:52:09.481+0000] {processor.py:186} INFO - Started process (PID=184) to work on /opt/airflow/dags/utils/extract.py
[2024-10-31T12:52:09.484+0000] {processor.py:914} INFO - Processing file /opt/airflow/dags/utils/extract.py for tasks to queue
[2024-10-31T12:52:09.490+0000] {logging_mixin.py:190} INFO - [2024-10-31T12:52:09.489+0000] {dagbag.py:588} INFO - Filling up the DagBag from /opt/airflow/dags/utils/extract.py
[2024-10-31T12:52:09.629+0000] {processor.py:927} WARNING - No viable dags retrieved from /opt/airflow/dags/utils/extract.py
[2024-10-31T12:52:09.646+0000] {processor.py:208} INFO - Processing /opt/airflow/dags/utils/extract.py took 0.178 seconds
[2024-10-31T12:52:39.989+0000] {processor.py:186} INFO - Started process (PID=197) to work on /opt/airflow/dags/utils/extract.py
[2024-10-31T12:52:39.994+0000] {processor.py:914} INFO - Processing file /opt/airflow/dags/utils/extract.py for tasks to queue
[2024-10-31T12:52:40.005+0000] {logging_mixin.py:190} INFO - [2024-10-31T12:52:40.004+0000] {dagbag.py:588} INFO - Filling up the DagBag from /opt/airflow/dags/utils/extract.py
[2024-10-31T12:52:40.144+0000] {processor.py:927} WARNING - No viable dags retrieved from /opt/airflow/dags/utils/extract.py
[2024-10-31T12:52:40.171+0000] {processor.py:208} INFO - Processing /opt/airflow/dags/utils/extract.py took 0.202 seconds
[2024-10-31T12:53:10.764+0000] {processor.py:186} INFO - Started process (PID=205) to work on /opt/airflow/dags/utils/extract.py
[2024-10-31T12:53:10.769+0000] {processor.py:914} INFO - Processing file /opt/airflow/dags/utils/extract.py for tasks to queue
[2024-10-31T12:53:10.781+0000] {logging_mixin.py:190} INFO - [2024-10-31T12:53:10.779+0000] {dagbag.py:588} INFO - Filling up the DagBag from /opt/airflow/dags/utils/extract.py
[2024-10-31T12:53:10.939+0000] {processor.py:927} WARNING - No viable dags retrieved from /opt/airflow/dags/utils/extract.py
[2024-10-31T12:53:10.961+0000] {processor.py:208} INFO - Processing /opt/airflow/dags/utils/extract.py took 0.236 seconds
[2024-10-31T12:53:41.199+0000] {processor.py:186} INFO - Started process (PID=213) to work on /opt/airflow/dags/utils/extract.py
[2024-10-31T12:53:41.203+0000] {processor.py:914} INFO - Processing file /opt/airflow/dags/utils/extract.py for tasks to queue
[2024-10-31T12:53:41.210+0000] {logging_mixin.py:190} INFO - [2024-10-31T12:53:41.209+0000] {dagbag.py:588} INFO - Filling up the DagBag from /opt/airflow/dags/utils/extract.py
[2024-10-31T12:53:41.478+0000] {processor.py:927} WARNING - No viable dags retrieved from /opt/airflow/dags/utils/extract.py
[2024-10-31T12:53:41.502+0000] {processor.py:208} INFO - Processing /opt/airflow/dags/utils/extract.py took 0.333 seconds
[2024-10-31T12:54:11.914+0000] {processor.py:186} INFO - Started process (PID=221) to work on /opt/airflow/dags/utils/extract.py
[2024-10-31T12:54:11.916+0000] {processor.py:914} INFO - Processing file /opt/airflow/dags/utils/extract.py for tasks to queue
[2024-10-31T12:54:11.919+0000] {logging_mixin.py:190} INFO - [2024-10-31T12:54:11.919+0000] {dagbag.py:588} INFO - Filling up the DagBag from /opt/airflow/dags/utils/extract.py
[2024-10-31T12:54:12.012+0000] {processor.py:927} WARNING - No viable dags retrieved from /opt/airflow/dags/utils/extract.py
[2024-10-31T12:54:12.025+0000] {processor.py:208} INFO - Processing /opt/airflow/dags/utils/extract.py took 0.119 seconds
[2024-10-31T12:54:42.529+0000] {processor.py:186} INFO - Started process (PID=229) to work on /opt/airflow/dags/utils/extract.py
[2024-10-31T12:54:42.533+0000] {processor.py:914} INFO - Processing file /opt/airflow/dags/utils/extract.py for tasks to queue
[2024-10-31T12:54:42.539+0000] {logging_mixin.py:190} INFO - [2024-10-31T12:54:42.538+0000] {dagbag.py:588} INFO - Filling up the DagBag from /opt/airflow/dags/utils/extract.py
[2024-10-31T12:54:42.674+0000] {processor.py:927} WARNING - No viable dags retrieved from /opt/airflow/dags/utils/extract.py
[2024-10-31T12:54:42.699+0000] {processor.py:208} INFO - Processing /opt/airflow/dags/utils/extract.py took 0.182 seconds
[2024-10-31T12:55:12.987+0000] {processor.py:186} INFO - Started process (PID=237) to work on /opt/airflow/dags/utils/extract.py
[2024-10-31T12:55:12.989+0000] {processor.py:914} INFO - Processing file /opt/airflow/dags/utils/extract.py for tasks to queue
[2024-10-31T12:55:12.994+0000] {logging_mixin.py:190} INFO - [2024-10-31T12:55:12.993+0000] {dagbag.py:588} INFO - Filling up the DagBag from /opt/airflow/dags/utils/extract.py
[2024-10-31T12:55:13.101+0000] {processor.py:927} WARNING - No viable dags retrieved from /opt/airflow/dags/utils/extract.py
[2024-10-31T12:55:13.120+0000] {processor.py:208} INFO - Processing /opt/airflow/dags/utils/extract.py took 0.143 seconds
[2024-10-31T12:55:43.563+0000] {processor.py:186} INFO - Started process (PID=245) to work on /opt/airflow/dags/utils/extract.py
[2024-10-31T12:55:43.566+0000] {processor.py:914} INFO - Processing file /opt/airflow/dags/utils/extract.py for tasks to queue
[2024-10-31T12:55:43.570+0000] {logging_mixin.py:190} INFO - [2024-10-31T12:55:43.570+0000] {dagbag.py:588} INFO - Filling up the DagBag from /opt/airflow/dags/utils/extract.py
[2024-10-31T12:55:43.655+0000] {processor.py:927} WARNING - No viable dags retrieved from /opt/airflow/dags/utils/extract.py
[2024-10-31T12:55:43.664+0000] {processor.py:208} INFO - Processing /opt/airflow/dags/utils/extract.py took 0.110 seconds
[2024-10-31T12:56:14.030+0000] {processor.py:186} INFO - Started process (PID=253) to work on /opt/airflow/dags/utils/extract.py
[2024-10-31T12:56:14.031+0000] {processor.py:914} INFO - Processing file /opt/airflow/dags/utils/extract.py for tasks to queue
[2024-10-31T12:56:14.034+0000] {logging_mixin.py:190} INFO - [2024-10-31T12:56:14.033+0000] {dagbag.py:588} INFO - Filling up the DagBag from /opt/airflow/dags/utils/extract.py
[2024-10-31T12:56:14.093+0000] {processor.py:927} WARNING - No viable dags retrieved from /opt/airflow/dags/utils/extract.py
[2024-10-31T12:56:14.101+0000] {processor.py:208} INFO - Processing /opt/airflow/dags/utils/extract.py took 0.078 seconds
[2024-10-31T12:56:44.550+0000] {processor.py:186} INFO - Started process (PID=261) to work on /opt/airflow/dags/utils/extract.py
[2024-10-31T12:56:44.554+0000] {processor.py:914} INFO - Processing file /opt/airflow/dags/utils/extract.py for tasks to queue
[2024-10-31T12:56:44.559+0000] {logging_mixin.py:190} INFO - [2024-10-31T12:56:44.559+0000] {dagbag.py:588} INFO - Filling up the DagBag from /opt/airflow/dags/utils/extract.py
[2024-10-31T12:56:44.668+0000] {processor.py:927} WARNING - No viable dags retrieved from /opt/airflow/dags/utils/extract.py
[2024-10-31T12:56:44.682+0000] {processor.py:208} INFO - Processing /opt/airflow/dags/utils/extract.py took 0.145 seconds
[2024-10-31T12:57:15.080+0000] {processor.py:186} INFO - Started process (PID=269) to work on /opt/airflow/dags/utils/extract.py
[2024-10-31T12:57:15.085+0000] {processor.py:914} INFO - Processing file /opt/airflow/dags/utils/extract.py for tasks to queue
[2024-10-31T12:57:15.091+0000] {logging_mixin.py:190} INFO - [2024-10-31T12:57:15.090+0000] {dagbag.py:588} INFO - Filling up the DagBag from /opt/airflow/dags/utils/extract.py
[2024-10-31T12:57:15.237+0000] {processor.py:927} WARNING - No viable dags retrieved from /opt/airflow/dags/utils/extract.py
[2024-10-31T12:57:15.249+0000] {processor.py:208} INFO - Processing /opt/airflow/dags/utils/extract.py took 0.181 seconds
[2024-10-31T12:57:45.478+0000] {processor.py:186} INFO - Started process (PID=277) to work on /opt/airflow/dags/utils/extract.py
[2024-10-31T12:57:45.479+0000] {processor.py:914} INFO - Processing file /opt/airflow/dags/utils/extract.py for tasks to queue
[2024-10-31T12:57:45.481+0000] {logging_mixin.py:190} INFO - [2024-10-31T12:57:45.481+0000] {dagbag.py:588} INFO - Filling up the DagBag from /opt/airflow/dags/utils/extract.py
[2024-10-31T12:57:45.543+0000] {processor.py:927} WARNING - No viable dags retrieved from /opt/airflow/dags/utils/extract.py
[2024-10-31T12:57:45.553+0000] {processor.py:208} INFO - Processing /opt/airflow/dags/utils/extract.py took 0.081 seconds
[2024-10-31T12:58:16.040+0000] {processor.py:186} INFO - Started process (PID=285) to work on /opt/airflow/dags/utils/extract.py
[2024-10-31T12:58:16.043+0000] {processor.py:914} INFO - Processing file /opt/airflow/dags/utils/extract.py for tasks to queue
[2024-10-31T12:58:16.049+0000] {logging_mixin.py:190} INFO - [2024-10-31T12:58:16.048+0000] {dagbag.py:588} INFO - Filling up the DagBag from /opt/airflow/dags/utils/extract.py
[2024-10-31T12:58:16.166+0000] {processor.py:927} WARNING - No viable dags retrieved from /opt/airflow/dags/utils/extract.py
[2024-10-31T12:58:16.186+0000] {processor.py:208} INFO - Processing /opt/airflow/dags/utils/extract.py took 0.170 seconds
[2024-10-31T12:58:46.663+0000] {processor.py:186} INFO - Started process (PID=293) to work on /opt/airflow/dags/utils/extract.py
[2024-10-31T12:58:46.667+0000] {processor.py:914} INFO - Processing file /opt/airflow/dags/utils/extract.py for tasks to queue
[2024-10-31T12:58:46.678+0000] {logging_mixin.py:190} INFO - [2024-10-31T12:58:46.677+0000] {dagbag.py:588} INFO - Filling up the DagBag from /opt/airflow/dags/utils/extract.py
[2024-10-31T12:58:46.807+0000] {processor.py:927} WARNING - No viable dags retrieved from /opt/airflow/dags/utils/extract.py
[2024-10-31T12:58:46.833+0000] {processor.py:208} INFO - Processing /opt/airflow/dags/utils/extract.py took 0.192 seconds
[2024-10-31T12:59:17.022+0000] {processor.py:186} INFO - Started process (PID=301) to work on /opt/airflow/dags/utils/extract.py
[2024-10-31T12:59:17.025+0000] {processor.py:914} INFO - Processing file /opt/airflow/dags/utils/extract.py for tasks to queue
[2024-10-31T12:59:17.028+0000] {logging_mixin.py:190} INFO - [2024-10-31T12:59:17.027+0000] {dagbag.py:588} INFO - Filling up the DagBag from /opt/airflow/dags/utils/extract.py
[2024-10-31T12:59:17.095+0000] {processor.py:927} WARNING - No viable dags retrieved from /opt/airflow/dags/utils/extract.py
[2024-10-31T12:59:17.106+0000] {processor.py:208} INFO - Processing /opt/airflow/dags/utils/extract.py took 0.094 seconds
[2024-10-31T12:59:47.559+0000] {processor.py:186} INFO - Started process (PID=309) to work on /opt/airflow/dags/utils/extract.py
[2024-10-31T12:59:47.563+0000] {processor.py:914} INFO - Processing file /opt/airflow/dags/utils/extract.py for tasks to queue
[2024-10-31T12:59:47.570+0000] {logging_mixin.py:190} INFO - [2024-10-31T12:59:47.569+0000] {dagbag.py:588} INFO - Filling up the DagBag from /opt/airflow/dags/utils/extract.py
[2024-10-31T12:59:47.689+0000] {processor.py:927} WARNING - No viable dags retrieved from /opt/airflow/dags/utils/extract.py
[2024-10-31T12:59:47.722+0000] {processor.py:208} INFO - Processing /opt/airflow/dags/utils/extract.py took 0.186 seconds
[2024-10-31T13:00:18.120+0000] {processor.py:186} INFO - Started process (PID=317) to work on /opt/airflow/dags/utils/extract.py
[2024-10-31T13:00:18.123+0000] {processor.py:914} INFO - Processing file /opt/airflow/dags/utils/extract.py for tasks to queue
[2024-10-31T13:00:18.126+0000] {logging_mixin.py:190} INFO - [2024-10-31T13:00:18.125+0000] {dagbag.py:588} INFO - Filling up the DagBag from /opt/airflow/dags/utils/extract.py
[2024-10-31T13:00:18.211+0000] {processor.py:927} WARNING - No viable dags retrieved from /opt/airflow/dags/utils/extract.py
[2024-10-31T13:00:18.224+0000] {processor.py:208} INFO - Processing /opt/airflow/dags/utils/extract.py took 0.113 seconds
[2024-10-31T13:00:48.678+0000] {processor.py:186} INFO - Started process (PID=325) to work on /opt/airflow/dags/utils/extract.py
[2024-10-31T13:00:48.680+0000] {processor.py:914} INFO - Processing file /opt/airflow/dags/utils/extract.py for tasks to queue
[2024-10-31T13:00:48.683+0000] {logging_mixin.py:190} INFO - [2024-10-31T13:00:48.683+0000] {dagbag.py:588} INFO - Filling up the DagBag from /opt/airflow/dags/utils/extract.py
[2024-10-31T13:00:48.749+0000] {processor.py:927} WARNING - No viable dags retrieved from /opt/airflow/dags/utils/extract.py
[2024-10-31T13:00:48.759+0000] {processor.py:208} INFO - Processing /opt/airflow/dags/utils/extract.py took 0.089 seconds
[2024-10-31T13:01:19.292+0000] {processor.py:186} INFO - Started process (PID=333) to work on /opt/airflow/dags/utils/extract.py
[2024-10-31T13:01:19.294+0000] {processor.py:914} INFO - Processing file /opt/airflow/dags/utils/extract.py for tasks to queue
[2024-10-31T13:01:19.302+0000] {logging_mixin.py:190} INFO - [2024-10-31T13:01:19.301+0000] {dagbag.py:588} INFO - Filling up the DagBag from /opt/airflow/dags/utils/extract.py
[2024-10-31T13:01:19.440+0000] {processor.py:927} WARNING - No viable dags retrieved from /opt/airflow/dags/utils/extract.py
[2024-10-31T13:01:19.457+0000] {processor.py:208} INFO - Processing /opt/airflow/dags/utils/extract.py took 0.179 seconds
[2024-10-31T13:21:23.821+0000] {processor.py:186} INFO - Started process (PID=342) to work on /opt/airflow/dags/utils/extract.py
[2024-10-31T13:21:23.822+0000] {processor.py:914} INFO - Processing file /opt/airflow/dags/utils/extract.py for tasks to queue
[2024-10-31T13:21:23.825+0000] {logging_mixin.py:190} INFO - [2024-10-31T13:21:23.825+0000] {dagbag.py:588} INFO - Filling up the DagBag from /opt/airflow/dags/utils/extract.py
[2024-10-31T13:21:23.930+0000] {processor.py:927} WARNING - No viable dags retrieved from /opt/airflow/dags/utils/extract.py
[2024-10-31T13:21:23.945+0000] {processor.py:208} INFO - Processing /opt/airflow/dags/utils/extract.py took 0.131 seconds
[2024-10-31T14:34:04.077+0000] {processor.py:186} INFO - Started process (PID=350) to work on /opt/airflow/dags/utils/extract.py
[2024-10-31T14:34:04.078+0000] {processor.py:914} INFO - Processing file /opt/airflow/dags/utils/extract.py for tasks to queue
[2024-10-31T14:34:04.087+0000] {logging_mixin.py:190} INFO - [2024-10-31T14:34:04.086+0000] {dagbag.py:588} INFO - Filling up the DagBag from /opt/airflow/dags/utils/extract.py
[2024-10-31T14:34:04.931+0000] {processor.py:927} WARNING - No viable dags retrieved from /opt/airflow/dags/utils/extract.py
[2024-10-31T14:34:05.039+0000] {processor.py:208} INFO - Processing /opt/airflow/dags/utils/extract.py took 0.993 seconds
[2024-10-31T14:50:48.357+0000] {processor.py:186} INFO - Started process (PID=358) to work on /opt/airflow/dags/utils/extract.py
[2024-10-31T14:50:48.359+0000] {processor.py:914} INFO - Processing file /opt/airflow/dags/utils/extract.py for tasks to queue
[2024-10-31T14:50:48.364+0000] {logging_mixin.py:190} INFO - [2024-10-31T14:50:48.363+0000] {dagbag.py:588} INFO - Filling up the DagBag from /opt/airflow/dags/utils/extract.py
[2024-10-31T14:50:48.513+0000] {processor.py:927} WARNING - No viable dags retrieved from /opt/airflow/dags/utils/extract.py
[2024-10-31T14:50:48.543+0000] {processor.py:208} INFO - Processing /opt/airflow/dags/utils/extract.py took 0.193 seconds
[2024-10-31T15:02:13.816+0000] {processor.py:186} INFO - Started process (PID=365) to work on /opt/airflow/dags/utils/extract.py
[2024-10-31T15:02:13.819+0000] {processor.py:914} INFO - Processing file /opt/airflow/dags/utils/extract.py for tasks to queue
[2024-10-31T15:02:13.827+0000] {logging_mixin.py:190} INFO - [2024-10-31T15:02:13.827+0000] {dagbag.py:588} INFO - Filling up the DagBag from /opt/airflow/dags/utils/extract.py
[2024-10-31T15:02:13.953+0000] {processor.py:927} WARNING - No viable dags retrieved from /opt/airflow/dags/utils/extract.py
[2024-10-31T15:02:13.990+0000] {processor.py:208} INFO - Processing /opt/airflow/dags/utils/extract.py took 0.185 seconds
[2024-10-31T15:12:09.268+0000] {processor.py:186} INFO - Started process (PID=373) to work on /opt/airflow/dags/utils/extract.py
[2024-10-31T15:12:09.271+0000] {processor.py:914} INFO - Processing file /opt/airflow/dags/utils/extract.py for tasks to queue
[2024-10-31T15:12:09.277+0000] {logging_mixin.py:190} INFO - [2024-10-31T15:12:09.277+0000] {dagbag.py:588} INFO - Filling up the DagBag from /opt/airflow/dags/utils/extract.py
[2024-10-31T15:12:09.398+0000] {processor.py:927} WARNING - No viable dags retrieved from /opt/airflow/dags/utils/extract.py
[2024-10-31T15:12:09.423+0000] {processor.py:208} INFO - Processing /opt/airflow/dags/utils/extract.py took 0.166 seconds
[2024-10-31T15:12:39.822+0000] {processor.py:186} INFO - Started process (PID=381) to work on /opt/airflow/dags/utils/extract.py
[2024-10-31T15:12:39.824+0000] {processor.py:914} INFO - Processing file /opt/airflow/dags/utils/extract.py for tasks to queue
[2024-10-31T15:12:39.829+0000] {logging_mixin.py:190} INFO - [2024-10-31T15:12:39.829+0000] {dagbag.py:588} INFO - Filling up the DagBag from /opt/airflow/dags/utils/extract.py
[2024-10-31T15:12:39.951+0000] {processor.py:927} WARNING - No viable dags retrieved from /opt/airflow/dags/utils/extract.py
[2024-10-31T15:12:39.966+0000] {processor.py:208} INFO - Processing /opt/airflow/dags/utils/extract.py took 0.150 seconds
[2024-10-31T15:13:10.388+0000] {processor.py:186} INFO - Started process (PID=389) to work on /opt/airflow/dags/utils/extract.py
[2024-10-31T15:13:10.390+0000] {processor.py:914} INFO - Processing file /opt/airflow/dags/utils/extract.py for tasks to queue
[2024-10-31T15:13:10.394+0000] {logging_mixin.py:190} INFO - [2024-10-31T15:13:10.394+0000] {dagbag.py:588} INFO - Filling up the DagBag from /opt/airflow/dags/utils/extract.py
[2024-10-31T15:13:10.618+0000] {processor.py:927} WARNING - No viable dags retrieved from /opt/airflow/dags/utils/extract.py
[2024-10-31T15:13:10.646+0000] {processor.py:208} INFO - Processing /opt/airflow/dags/utils/extract.py took 0.271 seconds
[2024-10-31T15:13:41.038+0000] {processor.py:186} INFO - Started process (PID=397) to work on /opt/airflow/dags/utils/extract.py
[2024-10-31T15:13:41.040+0000] {processor.py:914} INFO - Processing file /opt/airflow/dags/utils/extract.py for tasks to queue
[2024-10-31T15:13:41.042+0000] {logging_mixin.py:190} INFO - [2024-10-31T15:13:41.042+0000] {dagbag.py:588} INFO - Filling up the DagBag from /opt/airflow/dags/utils/extract.py
[2024-10-31T15:13:41.119+0000] {processor.py:927} WARNING - No viable dags retrieved from /opt/airflow/dags/utils/extract.py
[2024-10-31T15:13:41.130+0000] {processor.py:208} INFO - Processing /opt/airflow/dags/utils/extract.py took 0.098 seconds
[2024-10-31T15:14:11.635+0000] {processor.py:186} INFO - Started process (PID=405) to work on /opt/airflow/dags/utils/extract.py
[2024-10-31T15:14:11.638+0000] {processor.py:914} INFO - Processing file /opt/airflow/dags/utils/extract.py for tasks to queue
[2024-10-31T15:14:11.642+0000] {logging_mixin.py:190} INFO - [2024-10-31T15:14:11.642+0000] {dagbag.py:588} INFO - Filling up the DagBag from /opt/airflow/dags/utils/extract.py
[2024-10-31T15:14:11.761+0000] {processor.py:927} WARNING - No viable dags retrieved from /opt/airflow/dags/utils/extract.py
[2024-10-31T15:14:11.780+0000] {processor.py:208} INFO - Processing /opt/airflow/dags/utils/extract.py took 0.154 seconds
[2024-10-31T15:14:42.119+0000] {processor.py:186} INFO - Started process (PID=413) to work on /opt/airflow/dags/utils/extract.py
[2024-10-31T15:14:42.122+0000] {processor.py:914} INFO - Processing file /opt/airflow/dags/utils/extract.py for tasks to queue
[2024-10-31T15:14:42.124+0000] {logging_mixin.py:190} INFO - [2024-10-31T15:14:42.124+0000] {dagbag.py:588} INFO - Filling up the DagBag from /opt/airflow/dags/utils/extract.py
[2024-10-31T15:14:42.205+0000] {processor.py:927} WARNING - No viable dags retrieved from /opt/airflow/dags/utils/extract.py
[2024-10-31T15:14:42.220+0000] {processor.py:208} INFO - Processing /opt/airflow/dags/utils/extract.py took 0.107 seconds
[2024-10-31T15:15:12.784+0000] {processor.py:186} INFO - Started process (PID=421) to work on /opt/airflow/dags/utils/extract.py
[2024-10-31T15:15:12.791+0000] {processor.py:914} INFO - Processing file /opt/airflow/dags/utils/extract.py for tasks to queue
[2024-10-31T15:15:12.800+0000] {logging_mixin.py:190} INFO - [2024-10-31T15:15:12.799+0000] {dagbag.py:588} INFO - Filling up the DagBag from /opt/airflow/dags/utils/extract.py
[2024-10-31T15:15:12.960+0000] {processor.py:927} WARNING - No viable dags retrieved from /opt/airflow/dags/utils/extract.py
[2024-10-31T15:15:13.006+0000] {processor.py:208} INFO - Processing /opt/airflow/dags/utils/extract.py took 0.243 seconds
[2024-10-31T15:15:43.444+0000] {processor.py:186} INFO - Started process (PID=429) to work on /opt/airflow/dags/utils/extract.py
[2024-10-31T15:15:43.448+0000] {processor.py:914} INFO - Processing file /opt/airflow/dags/utils/extract.py for tasks to queue
[2024-10-31T15:15:43.455+0000] {logging_mixin.py:190} INFO - [2024-10-31T15:15:43.454+0000] {dagbag.py:588} INFO - Filling up the DagBag from /opt/airflow/dags/utils/extract.py
[2024-10-31T15:15:43.551+0000] {processor.py:927} WARNING - No viable dags retrieved from /opt/airflow/dags/utils/extract.py
[2024-10-31T15:15:43.564+0000] {processor.py:208} INFO - Processing /opt/airflow/dags/utils/extract.py took 0.126 seconds
[2024-10-31T15:16:13.943+0000] {processor.py:186} INFO - Started process (PID=437) to work on /opt/airflow/dags/utils/extract.py
[2024-10-31T15:16:13.944+0000] {processor.py:914} INFO - Processing file /opt/airflow/dags/utils/extract.py for tasks to queue
[2024-10-31T15:16:13.947+0000] {logging_mixin.py:190} INFO - [2024-10-31T15:16:13.947+0000] {dagbag.py:588} INFO - Filling up the DagBag from /opt/airflow/dags/utils/extract.py
[2024-10-31T15:16:14.051+0000] {processor.py:927} WARNING - No viable dags retrieved from /opt/airflow/dags/utils/extract.py
[2024-10-31T15:16:14.067+0000] {processor.py:208} INFO - Processing /opt/airflow/dags/utils/extract.py took 0.130 seconds
[2024-10-31T15:16:44.481+0000] {processor.py:186} INFO - Started process (PID=445) to work on /opt/airflow/dags/utils/extract.py
[2024-10-31T15:16:44.482+0000] {processor.py:914} INFO - Processing file /opt/airflow/dags/utils/extract.py for tasks to queue
[2024-10-31T15:16:44.484+0000] {logging_mixin.py:190} INFO - [2024-10-31T15:16:44.484+0000] {dagbag.py:588} INFO - Filling up the DagBag from /opt/airflow/dags/utils/extract.py
[2024-10-31T15:16:44.555+0000] {processor.py:927} WARNING - No viable dags retrieved from /opt/airflow/dags/utils/extract.py
[2024-10-31T15:16:44.567+0000] {processor.py:208} INFO - Processing /opt/airflow/dags/utils/extract.py took 0.094 seconds
[2024-10-31T15:17:15.042+0000] {processor.py:186} INFO - Started process (PID=453) to work on /opt/airflow/dags/utils/extract.py
[2024-10-31T15:17:15.044+0000] {processor.py:914} INFO - Processing file /opt/airflow/dags/utils/extract.py for tasks to queue
[2024-10-31T15:17:15.057+0000] {logging_mixin.py:190} INFO - [2024-10-31T15:17:15.056+0000] {dagbag.py:588} INFO - Filling up the DagBag from /opt/airflow/dags/utils/extract.py
[2024-10-31T15:17:15.155+0000] {processor.py:927} WARNING - No viable dags retrieved from /opt/airflow/dags/utils/extract.py
[2024-10-31T15:17:15.170+0000] {processor.py:208} INFO - Processing /opt/airflow/dags/utils/extract.py took 0.138 seconds
[2024-10-31T15:17:45.578+0000] {processor.py:186} INFO - Started process (PID=461) to work on /opt/airflow/dags/utils/extract.py
[2024-10-31T15:17:45.579+0000] {processor.py:914} INFO - Processing file /opt/airflow/dags/utils/extract.py for tasks to queue
[2024-10-31T15:17:45.581+0000] {logging_mixin.py:190} INFO - [2024-10-31T15:17:45.581+0000] {dagbag.py:588} INFO - Filling up the DagBag from /opt/airflow/dags/utils/extract.py
[2024-10-31T15:17:45.645+0000] {processor.py:927} WARNING - No viable dags retrieved from /opt/airflow/dags/utils/extract.py
[2024-10-31T15:17:45.658+0000] {processor.py:208} INFO - Processing /opt/airflow/dags/utils/extract.py took 0.084 seconds
[2024-10-31T15:18:16.113+0000] {processor.py:186} INFO - Started process (PID=469) to work on /opt/airflow/dags/utils/extract.py
[2024-10-31T15:18:16.115+0000] {processor.py:914} INFO - Processing file /opt/airflow/dags/utils/extract.py for tasks to queue
[2024-10-31T15:18:16.119+0000] {logging_mixin.py:190} INFO - [2024-10-31T15:18:16.119+0000] {dagbag.py:588} INFO - Filling up the DagBag from /opt/airflow/dags/utils/extract.py
[2024-10-31T15:18:16.242+0000] {processor.py:927} WARNING - No viable dags retrieved from /opt/airflow/dags/utils/extract.py
[2024-10-31T15:18:16.383+0000] {processor.py:208} INFO - Processing /opt/airflow/dags/utils/extract.py took 0.275 seconds
[2024-10-31T15:18:46.788+0000] {processor.py:186} INFO - Started process (PID=477) to work on /opt/airflow/dags/utils/extract.py
[2024-10-31T15:18:46.788+0000] {processor.py:914} INFO - Processing file /opt/airflow/dags/utils/extract.py for tasks to queue
[2024-10-31T15:18:46.790+0000] {logging_mixin.py:190} INFO - [2024-10-31T15:18:46.790+0000] {dagbag.py:588} INFO - Filling up the DagBag from /opt/airflow/dags/utils/extract.py
[2024-10-31T15:18:46.849+0000] {processor.py:927} WARNING - No viable dags retrieved from /opt/airflow/dags/utils/extract.py
[2024-10-31T15:18:46.862+0000] {processor.py:208} INFO - Processing /opt/airflow/dags/utils/extract.py took 0.078 seconds
[2024-10-31T15:19:17.283+0000] {processor.py:186} INFO - Started process (PID=485) to work on /opt/airflow/dags/utils/extract.py
[2024-10-31T15:19:17.285+0000] {processor.py:914} INFO - Processing file /opt/airflow/dags/utils/extract.py for tasks to queue
[2024-10-31T15:19:17.289+0000] {logging_mixin.py:190} INFO - [2024-10-31T15:19:17.288+0000] {dagbag.py:588} INFO - Filling up the DagBag from /opt/airflow/dags/utils/extract.py
[2024-10-31T15:19:17.368+0000] {processor.py:927} WARNING - No viable dags retrieved from /opt/airflow/dags/utils/extract.py
[2024-10-31T15:19:17.381+0000] {processor.py:208} INFO - Processing /opt/airflow/dags/utils/extract.py took 0.104 seconds
