[2024-10-31T09:00:00.431+0000] {local_task_job_runner.py:123} INFO - ::group::Pre task execution logs
[2024-10-31T09:00:00.440+0000] {taskinstance.py:2612} INFO - Dependencies all met for dep_context=non-requeueable deps ti=<TaskInstance: web_scrapping_dag.task scheduled__2024-10-31T08:00:00+00:00 [queued]>
[2024-10-31T09:00:00.444+0000] {taskinstance.py:2612} INFO - Dependencies all met for dep_context=requeueable deps ti=<TaskInstance: web_scrapping_dag.task scheduled__2024-10-31T08:00:00+00:00 [queued]>
[2024-10-31T09:00:00.444+0000] {taskinstance.py:2865} INFO - Starting attempt 1 of 1
[2024-10-31T09:00:00.453+0000] {taskinstance.py:2888} INFO - Executing <Task(PythonOperator): task> on 2024-10-31 08:00:00+00:00
[2024-10-31T09:00:00.459+0000] {warnings.py:112} WARNING - /home/***/.local/lib/python3.12/site-packages/***/task/task_runner/standard_task_runner.py:70: DeprecationWarning: This process (pid=4268) is multi-threaded, use of fork() may lead to deadlocks in the child.
  pid = os.fork()

[2024-10-31T09:00:00.461+0000] {standard_task_runner.py:72} INFO - Started process 4269 to run task
[2024-10-31T09:00:00.462+0000] {standard_task_runner.py:104} INFO - Running: ['***', 'tasks', 'run', 'web_scrapping_dag', 'task', 'scheduled__2024-10-31T08:00:00+00:00', '--job-id', '28', '--raw', '--subdir', 'DAGS_FOLDER/first_dag_with_python.py', '--cfg-path', '/tmp/tmp70x5q45g']
[2024-10-31T09:00:00.464+0000] {standard_task_runner.py:105} INFO - Job 28: Subtask task
[2024-10-31T09:00:00.495+0000] {task_command.py:467} INFO - Running <TaskInstance: web_scrapping_dag.task scheduled__2024-10-31T08:00:00+00:00 [running]> on host 0c345cfeaacd
[2024-10-31T09:00:00.540+0000] {taskinstance.py:3131} INFO - Exporting env vars: AIRFLOW_CTX_DAG_OWNER='***' AIRFLOW_CTX_DAG_ID='web_scrapping_dag' AIRFLOW_CTX_TASK_ID='task' AIRFLOW_CTX_EXECUTION_DATE='2024-10-31T08:00:00+00:00' AIRFLOW_CTX_TRY_NUMBER='1' AIRFLOW_CTX_DAG_RUN_ID='scheduled__2024-10-31T08:00:00+00:00'
[2024-10-31T09:00:00.541+0000] {taskinstance.py:731} INFO - ::endgroup::
[2024-10-31T09:00:00.866+0000] {logging_mixin.py:190} INFO - data/30.10.2024.csv ------
[2024-10-31T09:00:03.120+0000] {logging_mixin.py:190} INFO - Saved article: Hindistondagi yirik yangiliklar agentligi Wikipedia’ni sudga berdi
[2024-10-31T09:00:03.390+0000] {logging_mixin.py:190} INFO - Saved article: Reddit ijtimoiy tarmog‘i 20 yil ichida birinchi marta foyda ko‘rdi
[2024-10-31T09:00:03.484+0000] {logging_mixin.py:190} INFO - Saved article: AQSh Rossiya «do‘stlariga» qarshi sanksiyalar kiritdi
[2024-10-31T09:00:03.963+0000] {logging_mixin.py:190} INFO - Saved article: Qozog‘istonda davlat xizmatchilariga mukofot pullarini ajratish taqiqlandi
[2024-10-31T09:00:04.120+0000] {logging_mixin.py:190} INFO - Saved article: Erdo‘g‘an kurdlarni «Turkiya asrini» birgalikda qurishga chaqirdi
[2024-10-31T09:00:04.269+0000] {logging_mixin.py:190} INFO - Saved article: Trampning tarafdorlari Bayden ularni «chiqindi» deb ataganini aytishmoqda
[2024-10-31T09:00:04.415+0000] {logging_mixin.py:190} INFO - Saved article: «Hizbulloh»ning yangi rahbari Nasrullohning yo‘lini davom ettirishga va’da berdi
[2024-10-31T09:00:04.844+0000] {logging_mixin.py:190} INFO - Saved article: Turkiyada 8 ming yilga qamalgan Adnan Oktarning mulki musodara qilindi
[2024-10-31T09:00:05.052+0000] {logging_mixin.py:190} INFO - Saved article: Dekabr oyi oxirida MDH norasmiy sammiti bo‘lib o‘tadi
[2024-10-31T09:00:05.897+0000] {logging_mixin.py:190} INFO - Saved article: Yevropada sun’iy intellekt sabab millionlab ish o‘rinlari xavf ostida qolmoqda
[2024-10-31T09:00:06.063+0000] {logging_mixin.py:190} INFO - Saved article: Rossiya Davlat xizmatlari Google servislarini o‘chirishga tayyorgarlik boshladi
[2024-10-31T09:00:06.158+0000] {logging_mixin.py:190} INFO - Saved article: 30 oktyabr yangiliklari: O‘zbekistonda ro‘y bergan muhim voqea va hodisalar
[2024-10-31T09:00:07.092+0000] {logging_mixin.py:190} INFO - Saved article: Britaniyadagi atom suvosti kemalari ishlab chiqariladigan korxonada yong‘in yuz berdi
[2024-10-31T09:00:07.423+0000] {logging_mixin.py:190} INFO - Saved article: Toshkentga to‘rtta kirish darvozasi quriladi
[2024-10-31T09:00:07.828+0000] {logging_mixin.py:190} INFO - Saved article: Farg‘onada jamoat transporti yo‘l haqi oshirildi
[2024-10-31T09:00:08.198+0000] {logging_mixin.py:190} INFO - Saved article: Gurjistonda saylovlar bo‘yicha tergov boshlandi. Mamlakat prezidenti so‘roqqa chaqirildi
[2024-10-31T09:00:08.456+0000] {logging_mixin.py:190} INFO - Saved article: Chery 2024 Xalqaro foydalanuvchilar sammiti yakunlandi
[2024-10-31T09:00:08.694+0000] {logging_mixin.py:190} INFO - Saved article: Maktab darsliklari ijarasi uchun to‘lov tiklanishi mumkin
[2024-10-31T09:00:09.126+0000] {logging_mixin.py:190} INFO - Saved article: Saida Mirziyoyeva Fashion Trust Arabia taqdirlash marosimida ishtirok etdi
[2024-10-31T09:00:09.226+0000] {logging_mixin.py:190} INFO - Saved article: Maktabgacha va maktab ta’limi vaziriga yangi birinchi o‘rinbosar tayinlandi
[2024-10-31T09:00:09.341+0000] {logging_mixin.py:190} INFO - Saved article: Sovuq tushdi, ammo uylarga issiqlik berilmayapti. Nega?
[2024-10-31T09:00:09.877+0000] {logging_mixin.py:190} INFO - Saved article: 2025 yil uchun davlat budjeti: qaysi tashkilotga qancha pul ajratiladi?
[2024-10-31T09:00:11.069+0000] {logging_mixin.py:190} INFO - Saved article: Surxondaryoda isitish mavsumi 1 noyabrdan boshlanadi
[2024-10-31T09:00:11.323+0000] {logging_mixin.py:190} INFO - Saved article: BMW, Mercedes, Porsche va boshqa nemis kompaniyalarida umummilliy ish tashlash boshlandi
[2024-10-31T09:00:12.018+0000] {logging_mixin.py:190} INFO - Saved article: Alimentdan qochib yurgan otani “ilintirgan” xodim – MIB operatsiyasi tafsilotlari
[2024-10-31T09:00:12.405+0000] {logging_mixin.py:190} INFO - Saved article: Dunyoda silga chalinish holatlari oshdi – JSST
[2024-10-31T09:00:12.860+0000] {logging_mixin.py:190} INFO - Saved article: «Dahshatli voqea». AQSh yana o‘nlab kishi o‘ldirilishi ortidan G‘azodagi urushni yakunlashga chaqirdi
[2024-10-31T09:00:13.894+0000] {logging_mixin.py:190} INFO - Saved article: Atlas Mebel Beruniy: 1 noyabr kuni zamonaviy mebel bozori o‘z eshiklarini ochadi
[2024-10-31T09:00:14.047+0000] {logging_mixin.py:190} INFO - Saved article: Farg‘onada saylov qonunchiligini buzgan uchastka saylov komissiyasi a’zosi ma’muriy jazoga tortildi
[2024-10-31T09:00:15.064+0000] {logging_mixin.py:190} INFO - Saved article: Ispaniyada suv toshqini. 50 dan ortiq kishi halok bo‘lgan
[2024-10-31T09:00:15.184+0000] {logging_mixin.py:190} INFO - Saved article: Yangi uzilgan meva-sabzavotlarning “umrini uzaytirish” usuli ma’lum qilindi
[2024-10-31T09:00:15.359+0000] {logging_mixin.py:190} INFO - Saved article: Zelenskiy Shimoliy kengashni Ukrainani NATOga taklif qilishga chaqirdi
[2024-10-31T09:00:15.709+0000] {logging_mixin.py:190} INFO - Saved article: Enso Mayorka - ovchidan tabiat himoyachisiga aylangan sportchi haqida hikoya
[2024-10-31T09:00:16.770+0000] {logging_mixin.py:190} INFO - Saved article: Ma’lumotlar “kaft ustida” bo‘lsa, to‘g‘ri qaror chiqarish ehtimoli ortadi – Toshkentda ma’lumotlarni boshqarish mavzusida konferensiya bo‘lib o‘tdi
[2024-10-31T09:00:16.920+0000] {logging_mixin.py:190} INFO - Saved article: Rossiyada mahsulotlar narxi 2025 yilda 20 foizga oshishi mumkin
[2024-10-31T09:00:17.513+0000] {logging_mixin.py:190} INFO - Saved article: Vinisiusning fanatlari nafratini Rodrining «adash»lariga sochishdi
[2024-10-31T09:00:18.221+0000] {logging_mixin.py:190} INFO - Saved article: Yaponiyadagi qishloqda keksalar yolg‘izlikni yengish uchun ko‘chalarga qo‘g‘irchoqlar o‘rnatyapti
[2024-10-31T09:00:18.318+0000] {logging_mixin.py:190} INFO - Saved article: Olimlar saratonni sun’iy intellekt yordamida davolashning yangi usulini kashf etdi
[2024-10-31T09:00:18.603+0000] {logging_mixin.py:190} INFO - Saved article: UQK generali Marchenko: Donbassdagi front «parchalandi»
[2024-10-31T09:00:18.811+0000] {logging_mixin.py:190} INFO - Saved article: Oliy rada Ukrainadagi harbiy holatni uzaytirdi
[2024-10-31T09:00:20.885+0000] {logging_mixin.py:190} INFO - Saved article: Toshkentda yuz-jag‘ jarrohligiga ixtisoslashgan yangi SAIF PROFACE klinikasi ish boshladi
[2024-10-31T09:00:21.033+0000] {logging_mixin.py:190} INFO - Saved article: Kiyev va Seul KXDRga qarshi turish uchun aloqalarni faollashtirmoqda
[2024-10-31T09:00:21.545+0000] {logging_mixin.py:190} INFO - Saved article: Italiyada farrosh ayol 50 ming yevrolik pul va taqinchoqlar solingan eski to‘shakni chiqindiga tashlab yubordi
[2024-10-31T09:00:23.131+0000] {logging_mixin.py:190} INFO - Saved article: Toyota avtomobillarini ishlab chiqarish hajmi ketma-ket sakkizinchi oy pasaydi, sotuvlar ham qisqardi
[2024-10-31T09:00:23.585+0000] {logging_mixin.py:190} INFO - Saved article: 2025 yilda qaysi yo‘nalishga qancha subsidiya ajratiladi?
[2024-10-31T09:00:25.054+0000] {logging_mixin.py:190} INFO - Saved article: Berlin va YeI GFR fuqarosining Eronda qatl etilishiga javob berilishini va’da qildi
[2024-10-31T09:00:25.207+0000] {logging_mixin.py:190} INFO - Saved article: Borrel Gurjiston saylovlari bo‘yicha «shaffof tekshiruv»ni talab qildi
[2024-10-31T09:00:26.213+0000] {logging_mixin.py:190} INFO - Saved article: “Qarzdor” hokim, chuv tushirilgan tadbirkor va isbotini topgan qilmish – Merey Omonboyevaga hukm o‘qildi
[2024-10-31T09:00:27.500+0000] {logging_mixin.py:190} INFO - Saved article: Bayt Lahiyaga raketa hujumi, «Hizbulloh»ning yangi yetakchisi va AQShni ko‘ndira olmayotgan Zelenskiy - kun dayjesti
[2024-10-31T09:00:27.620+0000] {logging_mixin.py:190} INFO - Saved article: RF 131 nafar Avstraliya fuqarosini «stop-list»ga kiritdi
[2024-10-31T09:00:27.963+0000] {logging_mixin.py:190} INFO - Saved article: 31 oktyabr kuni harorat 22 darajani tashkil etadi
[2024-10-31T09:00:28.120+0000] {logging_mixin.py:190} INFO - Saved article: Yle: Finlandiyada RF davlat mulki xatlovga olindi
[2024-10-31T09:00:28.568+0000] {logging_mixin.py:190} INFO - Saved article: AQSh Davlat departamenti Daniyaga "havo-havo" raketalarini sotishni ma’qulladi
[2024-10-31T09:00:28.955+0000] {logging_mixin.py:190} INFO - Saved article: 1 noyabrdan boshlab chiqindidan qarzi borlarga elektr uchun to‘lov qilish cheklab qo‘yiladimi?
[2024-10-31T09:00:29.052+0000] {logging_mixin.py:190} INFO - Saved article: 3 yoshli bolaning qotili Jinoyat kodeksining 5 ta moddasi bilan ayblanmoqda
[2024-10-31T09:00:29.206+0000] {logging_mixin.py:190} INFO - Saved article: «Shunchaki saylovdan ko‘ra kattaroq». Harris ovoz berish kuniga bir hafta qolganida muhim chiqish qildi
[2024-10-31T09:00:29.941+0000] {logging_mixin.py:190} INFO - Saved article: OAV: Putinning soqchilari tasodifan uning harakatlanishini oshkor qilib qo‘ydi
[2024-10-31T09:00:30.711+0000] {logging_mixin.py:190} INFO - Saved article: O‘rta tadbirkorlik sub’yektlari 9 oyda qancha soliq to‘lagani aytildi
[2024-10-31T09:00:30.911+0000] {logging_mixin.py:190} INFO - Saved article: FT: Ramaposaning Putinni maqtashi JAR koalitsiyasini parchaladi
[2024-10-31T09:00:31.206+0000] {logging_mixin.py:190} INFO - Saved article: Zangiotada gazdan noqonuniy foydalangan shaxslar ushlandi
[2024-10-31T09:00:31.297+0000] {logging_mixin.py:190} INFO - Saved article: “O‘zbekiston texnologik metallar kombinati” yillik eksport rejasini bajardi
[2024-10-31T09:00:31.641+0000] {logging_mixin.py:190} INFO - Saved article: Osiyo OAV: KXDRdan qochgan 200 kishi Ukrainaga yordam berishga tayyor
[2024-10-31T09:00:32.069+0000] {logging_mixin.py:190} INFO - Saved article: RFda aktyor Artur Smolyaninov sirtdan hibsga olindi
[2024-10-31T09:00:32.373+0000] {logging_mixin.py:190} INFO - Saved article: Rossiyada va dunyoda «Ismlarni qaytarish» aksiyasi bo‘lib o‘tdi
[2024-10-31T09:00:32.518+0000] {logging_mixin.py:190} INFO - Saved article: Pentagon: KXDRning oz sonli askarlari - RFning Kursk oblastida
[2024-10-31T09:00:32.734+0000] {logging_mixin.py:190} INFO - Saved article: FT: RF va Kiyev energoobektlarga hujumlarni to‘xtatishni muhokama qilmoqda
[2024-10-31T09:00:32.890+0000] {logging_mixin.py:190} INFO - Saved article: Vazirlik va idoralar xodimlari soni qisqartirilmoqda
[2024-10-31T09:00:33.057+0000] {logging_mixin.py:190} INFO - Saved article: Toshkent shahridagi ayrim AYoQShda sifatsiz benzin sotilayotgani aniqlandi
[2024-10-31T09:00:33.171+0000] {logging_mixin.py:190} INFO - Saved article: 2025 yilda ish haqi va pensiyalarni oshirishga qancha mablag‘ ajratilishi ma’lum qilindi
[2024-10-31T09:00:33.322+0000] {logging_mixin.py:190} INFO - Saved article: Microsoft Googleʼni o‘z biznesiga putur yetkazayotgan «yashirin kampaniyalar»da aybladi
[2024-10-31T09:00:33.508+0000] {logging_mixin.py:190} INFO - Saved article: Londonda firibgarlar 22 tonna yuqori sifatli cheddar pishloqlarini o‘g‘irlab ketdi
[2024-10-31T09:00:33.647+0000] {logging_mixin.py:190} INFO - Saved article: Turkiya tashqi tahdidlarning oldini olish uchun yangi harbiy platformalar yaratadi
[2024-10-31T09:00:33.794+0000] {python.py:240} INFO - Done. Returned value was: None
[2024-10-31T09:00:33.804+0000] {taskinstance.py:340} INFO - ::group::Post task execution logs
[2024-10-31T09:00:33.804+0000] {taskinstance.py:352} INFO - Marking task as SUCCESS. dag_id=web_scrapping_dag, task_id=task, run_id=scheduled__2024-10-31T08:00:00+00:00, execution_date=20241031T080000, start_date=20241031T090000, end_date=20241031T090033
[2024-10-31T09:00:33.865+0000] {local_task_job_runner.py:266} INFO - Task exited with return code 0
[2024-10-31T09:00:33.879+0000] {taskinstance.py:3900} INFO - 0 downstream tasks scheduled from follow-on schedule check
[2024-10-31T09:00:33.881+0000] {local_task_job_runner.py:245} INFO - ::endgroup::
