[2024-10-30T18:00:58.882+0000] {local_task_job_runner.py:123} INFO - ::group::Pre task execution logs
[2024-10-30T18:00:58.891+0000] {taskinstance.py:2612} INFO - Dependencies all met for dep_context=non-requeueable deps ti=<TaskInstance: web_scrapping_dag.task scheduled__2024-10-30T17:00:00+00:00 [queued]>
[2024-10-30T18:00:58.895+0000] {taskinstance.py:2612} INFO - Dependencies all met for dep_context=requeueable deps ti=<TaskInstance: web_scrapping_dag.task scheduled__2024-10-30T17:00:00+00:00 [queued]>
[2024-10-30T18:00:58.895+0000] {taskinstance.py:2865} INFO - Starting attempt 1 of 1
[2024-10-30T18:00:58.902+0000] {taskinstance.py:2888} INFO - Executing <Task(PythonOperator): task> on 2024-10-30 17:00:00+00:00
[2024-10-30T18:00:58.905+0000] {warnings.py:112} WARNING - /home/***/.local/lib/python3.12/site-packages/***/task/task_runner/standard_task_runner.py:70: DeprecationWarning: This process (pid=1140) is multi-threaded, use of fork() may lead to deadlocks in the child.
  pid = os.fork()

[2024-10-30T18:00:58.906+0000] {standard_task_runner.py:72} INFO - Started process 1141 to run task
[2024-10-30T18:00:58.907+0000] {standard_task_runner.py:104} INFO - Running: ['***', 'tasks', 'run', 'web_scrapping_dag', 'task', 'scheduled__2024-10-30T17:00:00+00:00', '--job-id', '13', '--raw', '--subdir', 'DAGS_FOLDER/first_dag_with_python.py', '--cfg-path', '/tmp/tmpvw4sm47m']
[2024-10-30T18:00:58.908+0000] {standard_task_runner.py:105} INFO - Job 13: Subtask task
[2024-10-30T18:00:58.933+0000] {task_command.py:467} INFO - Running <TaskInstance: web_scrapping_dag.task scheduled__2024-10-30T17:00:00+00:00 [running]> on host 0c345cfeaacd
[2024-10-30T18:00:58.978+0000] {taskinstance.py:3131} INFO - Exporting env vars: AIRFLOW_CTX_DAG_OWNER='***' AIRFLOW_CTX_DAG_ID='web_scrapping_dag' AIRFLOW_CTX_TASK_ID='task' AIRFLOW_CTX_EXECUTION_DATE='2024-10-30T17:00:00+00:00' AIRFLOW_CTX_TRY_NUMBER='1' AIRFLOW_CTX_DAG_RUN_ID='scheduled__2024-10-30T17:00:00+00:00'
[2024-10-30T18:00:58.979+0000] {taskinstance.py:731} INFO - ::endgroup::
[2024-10-30T18:01:01.523+0000] {logging_mixin.py:190} INFO - data/29.10.2024.csv ------
[2024-10-30T18:01:09.488+0000] {logging_mixin.py:190} INFO - Saved article: Shopenning yo‘qolgan musiqiy asari qariyb 200 yildan keyin topildi
[2024-10-30T18:01:13.785+0000] {logging_mixin.py:190} INFO - Saved article: Yevrokomissiya Xitoy elektromobillariga 35 foizgacha boj joriy etishni ma’qulladi
[2024-10-30T18:01:14.477+0000] {logging_mixin.py:190} INFO - Saved article: Chechenistonda maxsus kuchlar universitetiga dron hujum qildi. Ramzan Qodirov qasos olishga va’da berdi
[2024-10-30T18:01:15.168+0000] {logging_mixin.py:190} INFO - Saved article: Qirg‘izistonda besh nafar general unvonidan mahrum qilindi
[2024-10-30T18:01:15.659+0000] {logging_mixin.py:190} INFO - Saved article: AQSh va Yevropa nima sababdan turlicha iqtisodiy qiyinchiliklarga duch kelyapti?
[2024-10-30T18:01:16.547+0000] {logging_mixin.py:190} INFO - Saved article: Zelenskiyning «g‘alaba rejasi» ba’zi tafsilotlari ma’lum bo‘ldi – OAV
[2024-10-30T18:01:16.853+0000] {logging_mixin.py:190} INFO - Saved article: Putin yadroviy tiyib turuvchi kuchlarni sinovdan o‘tkazdi
[2024-10-30T18:01:17.129+0000] {logging_mixin.py:190} INFO - Saved article: Oltinga qiziqishning oshayotgani dollar dominantligiga soya soladi - FT
[2024-10-30T18:01:17.449+0000] {logging_mixin.py:190} INFO - Saved article: Jizzaxda 8,6 mlrd so‘mlik elektr energiyasidan noqonuniy foydalangan “metan zapravka” aniqlandi
[2024-10-30T18:01:17.708+0000] {logging_mixin.py:190} INFO - Saved article: KXDR rahbari Kim Chen Inning xavfsizligi kuchaytirildi – OAV
[2024-10-30T18:01:17.954+0000] {logging_mixin.py:190} INFO - Saved article: Yagona saylov okrugi bo‘yicha saylov natijalari tasdiqlandi
[2024-10-30T18:01:18.185+0000] {logging_mixin.py:190} INFO - Saved article: Aspirant tasodifan Meksika junglilarida yo‘qolgan shaharni topdi
[2024-10-30T18:01:18.602+0000] {logging_mixin.py:190} INFO - Saved article: Samarqand shahrida sodir bo‘lgan yong‘inda yashash xonadoni yonib ketdi
[2024-10-30T18:01:18.860+0000] {logging_mixin.py:190} INFO - Saved article: Xitoy tovushdan tez uchuvchi yo‘lovchi samolyotni sinovdan muvaffaqiyatli o‘tkazdi
[2024-10-30T18:01:19.215+0000] {logging_mixin.py:190} INFO - Saved article: Alisher Usmonov yana Xalqaro qilichbozlik federatsiyasi rahbari bo‘lishi mumkin
[2024-10-30T18:01:19.528+0000] {logging_mixin.py:190} INFO - Saved article: “Odamlar qiynalishyapti” – boysunliklar hukumatdan amaliy yordam kutmoqda
[2024-10-30T18:01:19.859+0000] {logging_mixin.py:190} INFO - Saved article: TikTok asoschisi Xitoyning eng badavlat insoniga aylandi
[2024-10-30T18:01:20.110+0000] {logging_mixin.py:190} INFO - Saved article: NYT avgust oyida Kursk oblastida tinch aholi vakillari o‘ldirilgani aks etgan videoni o‘rgandi
[2024-10-30T18:01:20.423+0000] {logging_mixin.py:190} INFO - Saved article: 29 oktyabr yangiliklari: O‘zbekistonda ro‘y bergan muhim voqea va hodisalar
[2024-10-30T18:01:20.659+0000] {logging_mixin.py:190} INFO - Saved article: AQSh Shimoliy Koreya qo‘shinlari urushga qo‘shilsa, Ukraina uchun qurol cheklovini olib tashlash bilan tahdid qildi
[2024-10-30T18:01:20.970+0000] {logging_mixin.py:190} INFO - Saved article: Toshkentda o‘g‘il bolaga qiz bola kiyimini kiydirib, sahna ko‘rinishi tashkillashtirgan tarbiyachi ishdan olindi
[2024-10-30T18:01:21.214+0000] {logging_mixin.py:190} INFO - Saved article: Apple M4 chipli yangi iMac kompyuterini taqdim qildi
[2024-10-30T18:01:21.501+0000] {logging_mixin.py:190} INFO - Saved article: Gurjistonda ommaviy norozilik ortidan saylovdagi ovozlar qayta sanaladi
[2024-10-30T18:01:21.727+0000] {logging_mixin.py:190} INFO - Saved article: Rossiyada noqonuniy migrantlarga nisbatan jazo choralari kuchaytirildi
[2024-10-30T18:01:22.204+0000] {logging_mixin.py:190} INFO - Saved article: ADM Jizzakh va Birinchi Rezinotexnika Zavodi o‘rtasida hamkorlik to‘g‘risida bitim imzolandi
[2024-10-30T18:01:22.448+0000] {logging_mixin.py:190} INFO - Saved article: Toshkentda ikki talaba taksichini o‘ldirib, mashinasini olib qochmoqchi bo‘ldi
[2024-10-30T18:01:22.706+0000] {logging_mixin.py:190} INFO - Saved article: Shimoliy Koreya Rossiyaga 5,5 mlrd dollarlik qurol yetkazib bergani aytilmoqda
[2024-10-30T18:01:22.971+0000] {logging_mixin.py:190} INFO - Saved article: Xalqaro yirik iqlim sammiti Ozarboyjonda o‘tadi: COP29’dan nimalar kutilyapti?
[2024-10-30T18:01:23.208+0000] {logging_mixin.py:190} INFO - Saved article: Rossiya sudi Googleʼni 2 undetsillion rubl jarimaga tortdi
[2024-10-30T18:01:23.521+0000] {logging_mixin.py:190} INFO - Saved article: Olimlar gaz plitalaridan foydalanish va bevaqt o‘lim o‘rtasidagi bog‘liqlikni ma’lum qildi
[2024-10-30T18:01:23.721+0000] {logging_mixin.py:190} INFO - Saved article: Yuqumli kasalliklar elektron monitoringi ishga tushirildi
[2024-10-30T18:01:24.345+0000] {logging_mixin.py:190} INFO - Saved article: Ishdagi depressiya sabab har yili 12 milliard ish kuni yo‘qotilyapti – tavsiyalar
[2024-10-30T18:01:24.600+0000] {logging_mixin.py:190} INFO - Saved article: SSV o‘zbekistonliklarga piyoda yurish foydalarini eslatdi
[2024-10-30T18:01:24.848+0000] {logging_mixin.py:190} INFO - Saved article: Akram Afif - Osiyoda yilning eng yaxshi futbolchisi!
[2024-10-30T18:01:25.168+0000] {logging_mixin.py:190} INFO - Saved article: Puerto Riko arxiyepiskopi Tramp uzr so‘rashini talab qildi
[2024-10-30T18:01:25.385+0000] {logging_mixin.py:190} INFO - Saved article: Abbosbek Fayzullayev - Osiyoning eng yaxshi yosh futbolchisi!
[2024-10-30T18:01:25.604+0000] {logging_mixin.py:190} INFO - Saved article: 2025 yilda O‘zbekiston 5,5 mlrd dollargacha tashqi qarz olishi mumkin
[2024-10-30T18:01:25.792+0000] {logging_mixin.py:190} INFO - Saved article: Samarqandda sodir bo‘lgan YTHda haydovchi vafot etdi
[2024-10-30T18:01:26.032+0000] {logging_mixin.py:190} INFO - Saved article: Yevropaliklar uy-joyga pul to‘lash uchun oziq-ovqat xarajatlarini kamaytirishga majbur bo‘lmoqda - so‘rovnoma
[2024-10-30T18:01:26.270+0000] {logging_mixin.py:190} INFO - Saved article: Apple o‘zining eng kichik kompyuterini taqdim etadi
[2024-10-30T18:01:26.636+0000] {logging_mixin.py:190} INFO - Saved article: Afg‘onistonda ayol olti egizakni dunyoga keltirdi
[2024-10-30T18:01:27.372+0000] {logging_mixin.py:190} INFO - Saved article: Octobank ilovasi orqali xorijdagi yaqinlaringizga pul yuboring va xizmatlar uchun to‘lov qiling
[2024-10-30T18:01:52.980+0000] {logging_mixin.py:190} INFO - Saved article: Hindistonlik biznesmen deyarli butun boyligini itiga meros qoldirdi
[2024-10-30T18:01:53.215+0000] {logging_mixin.py:190} INFO - Saved article: Germaniyada 18 yoshli yigit noqonuniy parkovkalar haqida xabar berib, millionerga aylandi
[2024-10-30T18:01:53.648+0000] {logging_mixin.py:190} INFO - Saved article: Egasini topgan «Oltin to‘p». Yoki «Real»ga nisbatan adolatsizlik qilindimi?
[2024-10-30T18:01:53.865+0000] {logging_mixin.py:190} INFO - Saved article: Indoneziyada iPhone 16 sotuvi taqiqlandi
[2024-10-30T18:01:54.011+0000] {job.py:229} INFO - Heartbeat recovered after 29.91 seconds
[2024-10-30T18:01:54.083+0000] {logging_mixin.py:190} INFO - Saved article: Yer atmosferasining ifloslanishi rekord darajaga yetdi
[2024-10-30T18:01:54.970+0000] {logging_mixin.py:190} INFO - Saved article: Toshkent tumanidagi qariyb 43 ming xonadonda noma’lum muddatga gaz o‘chiriladi
[2024-10-30T18:01:55.565+0000] {logging_mixin.py:190} INFO - Saved article: Rossiya armiyasi Donetsk oblastidagi Gornyak shahrini egalladi
[2024-10-30T18:01:55.934+0000] {logging_mixin.py:190} INFO - Saved article: RF Mudofaa vazirligi aloqa boshqarmasi sobiq boshlig‘i pora uchun hibsga olindi
[2024-10-30T18:10:03.195+0000] {job.py:229} INFO - Heartbeat recovered after 463.72 seconds
[2024-10-30T18:10:08.247+0000] {local_task_job_runner.py:346} WARNING - State of this instance has been externally set to failed. Terminating instance.
[2024-10-30T18:10:08.252+0000] {local_task_job_runner.py:245} INFO - ::endgroup::
[2024-10-30T18:10:08.253+0000] {process_utils.py:132} INFO - Sending 15 to group 1141. PIDs of all processes in the group: [1141]
[2024-10-30T18:10:08.254+0000] {process_utils.py:87} INFO - Sending the signal 15 to group 1141
[2024-10-30T18:10:08.255+0000] {taskinstance.py:3092} ERROR - Received SIGTERM. Terminating subprocesses.
[2024-10-30T18:10:08.316+0000] {taskinstance.py:340} INFO - ::group::Post task execution logs
[2024-10-30T18:10:08.357+0000] {process_utils.py:80} INFO - Process psutil.Process(pid=1141, status='terminated', exitcode=0, started='18:00:58') (1141) terminated with exit code 0
