[2024-10-30T10:52:13.585+0000] {processor.py:186} INFO - Started process (PID=69) to work on /home/airflow/.local/lib/python3.12/site-packages/airflow/example_dags/example_dataset_alias_with_no_taskflow.py
[2024-10-30T10:52:13.586+0000] {processor.py:914} INFO - Processing file /home/airflow/.local/lib/python3.12/site-packages/airflow/example_dags/example_dataset_alias_with_no_taskflow.py for tasks to queue
[2024-10-30T10:52:13.588+0000] {logging_mixin.py:190} INFO - [2024-10-30T10:52:13.588+0000] {dagbag.py:588} INFO - Filling up the DagBag from /home/airflow/.local/lib/python3.12/site-packages/airflow/example_dags/example_dataset_alias_with_no_taskflow.py
[2024-10-30T10:52:13.713+0000] {processor.py:925} INFO - DAG(s) 'dataset_alias_example_alias_consumer_with_no_taskflow', 'dataset_alias_example_alias_producer_with_no_taskflow', 'dataset_s3_bucket_consumer_with_no_taskflow', 'dataset_s3_bucket_producer_with_no_taskflow' retrieved from /home/airflow/.local/lib/python3.12/site-packages/airflow/example_dags/example_dataset_alias_with_no_taskflow.py
[2024-10-30T10:52:13.783+0000] {logging_mixin.py:190} INFO - [2024-10-30T10:52:13.782+0000] {override.py:1900} INFO - Created Permission View: can delete on DAG:dataset_alias_example_alias_consumer_with_no_taskflow
[2024-10-30T10:52:13.797+0000] {logging_mixin.py:190} INFO - [2024-10-30T10:52:13.797+0000] {override.py:1900} INFO - Created Permission View: can read on DAG:dataset_alias_example_alias_consumer_with_no_taskflow
[2024-10-30T10:52:13.805+0000] {logging_mixin.py:190} INFO - [2024-10-30T10:52:13.805+0000] {override.py:1900} INFO - Created Permission View: can edit on DAG:dataset_alias_example_alias_consumer_with_no_taskflow
[2024-10-30T10:52:13.818+0000] {logging_mixin.py:190} INFO - [2024-10-30T10:52:13.818+0000] {override.py:1900} INFO - Created Permission View: can create on DAG Run:dataset_alias_example_alias_consumer_with_no_taskflow
[2024-10-30T10:52:13.827+0000] {logging_mixin.py:190} INFO - [2024-10-30T10:52:13.827+0000] {override.py:1900} INFO - Created Permission View: can delete on DAG Run:dataset_alias_example_alias_consumer_with_no_taskflow
[2024-10-30T10:52:13.838+0000] {logging_mixin.py:190} INFO - [2024-10-30T10:52:13.837+0000] {override.py:1900} INFO - Created Permission View: can read on DAG Run:dataset_alias_example_alias_consumer_with_no_taskflow
[2024-10-30T10:52:13.852+0000] {logging_mixin.py:190} INFO - [2024-10-30T10:52:13.851+0000] {override.py:1900} INFO - Created Permission View: menu access on DAG Run:dataset_alias_example_alias_consumer_with_no_taskflow
[2024-10-30T10:52:13.863+0000] {logging_mixin.py:190} INFO - [2024-10-30T10:52:13.862+0000] {override.py:1900} INFO - Created Permission View: can delete on DAG:dataset_alias_example_alias_producer_with_no_taskflow
[2024-10-30T10:52:13.871+0000] {logging_mixin.py:190} INFO - [2024-10-30T10:52:13.871+0000] {override.py:1900} INFO - Created Permission View: can read on DAG:dataset_alias_example_alias_producer_with_no_taskflow
[2024-10-30T10:52:13.878+0000] {logging_mixin.py:190} INFO - [2024-10-30T10:52:13.878+0000] {override.py:1900} INFO - Created Permission View: can edit on DAG:dataset_alias_example_alias_producer_with_no_taskflow
[2024-10-30T10:52:13.883+0000] {logging_mixin.py:190} INFO - [2024-10-30T10:52:13.883+0000] {override.py:1900} INFO - Created Permission View: can create on DAG Run:dataset_alias_example_alias_producer_with_no_taskflow
[2024-10-30T10:52:13.887+0000] {logging_mixin.py:190} INFO - [2024-10-30T10:52:13.887+0000] {override.py:1900} INFO - Created Permission View: can delete on DAG Run:dataset_alias_example_alias_producer_with_no_taskflow
[2024-10-30T10:52:13.893+0000] {logging_mixin.py:190} INFO - [2024-10-30T10:52:13.892+0000] {override.py:1900} INFO - Created Permission View: can read on DAG Run:dataset_alias_example_alias_producer_with_no_taskflow
[2024-10-30T10:52:13.898+0000] {logging_mixin.py:190} INFO - [2024-10-30T10:52:13.898+0000] {override.py:1900} INFO - Created Permission View: menu access on DAG Run:dataset_alias_example_alias_producer_with_no_taskflow
[2024-10-30T10:52:13.911+0000] {logging_mixin.py:190} INFO - [2024-10-30T10:52:13.911+0000] {override.py:1900} INFO - Created Permission View: can delete on DAG:dataset_s3_bucket_consumer_with_no_taskflow
[2024-10-30T10:52:13.918+0000] {logging_mixin.py:190} INFO - [2024-10-30T10:52:13.918+0000] {override.py:1900} INFO - Created Permission View: can read on DAG:dataset_s3_bucket_consumer_with_no_taskflow
[2024-10-30T10:52:13.923+0000] {logging_mixin.py:190} INFO - [2024-10-30T10:52:13.923+0000] {override.py:1900} INFO - Created Permission View: can edit on DAG:dataset_s3_bucket_consumer_with_no_taskflow
[2024-10-30T10:52:13.932+0000] {logging_mixin.py:190} INFO - [2024-10-30T10:52:13.931+0000] {override.py:1900} INFO - Created Permission View: can create on DAG Run:dataset_s3_bucket_consumer_with_no_taskflow
[2024-10-30T10:52:13.937+0000] {logging_mixin.py:190} INFO - [2024-10-30T10:52:13.937+0000] {override.py:1900} INFO - Created Permission View: can delete on DAG Run:dataset_s3_bucket_consumer_with_no_taskflow
[2024-10-30T10:52:13.941+0000] {logging_mixin.py:190} INFO - [2024-10-30T10:52:13.941+0000] {override.py:1900} INFO - Created Permission View: can read on DAG Run:dataset_s3_bucket_consumer_with_no_taskflow
[2024-10-30T10:52:13.945+0000] {logging_mixin.py:190} INFO - [2024-10-30T10:52:13.945+0000] {override.py:1900} INFO - Created Permission View: menu access on DAG Run:dataset_s3_bucket_consumer_with_no_taskflow
[2024-10-30T10:52:13.953+0000] {logging_mixin.py:190} INFO - [2024-10-30T10:52:13.953+0000] {override.py:1900} INFO - Created Permission View: can delete on DAG:dataset_s3_bucket_producer_with_no_taskflow
[2024-10-30T10:52:13.963+0000] {logging_mixin.py:190} INFO - [2024-10-30T10:52:13.963+0000] {override.py:1900} INFO - Created Permission View: can read on DAG:dataset_s3_bucket_producer_with_no_taskflow
[2024-10-30T10:52:13.969+0000] {logging_mixin.py:190} INFO - [2024-10-30T10:52:13.969+0000] {override.py:1900} INFO - Created Permission View: can edit on DAG:dataset_s3_bucket_producer_with_no_taskflow
[2024-10-30T10:52:13.978+0000] {logging_mixin.py:190} INFO - [2024-10-30T10:52:13.978+0000] {override.py:1900} INFO - Created Permission View: can create on DAG Run:dataset_s3_bucket_producer_with_no_taskflow
[2024-10-30T10:52:13.988+0000] {logging_mixin.py:190} INFO - [2024-10-30T10:52:13.987+0000] {override.py:1900} INFO - Created Permission View: can delete on DAG Run:dataset_s3_bucket_producer_with_no_taskflow
[2024-10-30T10:52:13.996+0000] {logging_mixin.py:190} INFO - [2024-10-30T10:52:13.995+0000] {override.py:1900} INFO - Created Permission View: can read on DAG Run:dataset_s3_bucket_producer_with_no_taskflow
[2024-10-30T10:52:14.004+0000] {logging_mixin.py:190} INFO - [2024-10-30T10:52:14.004+0000] {override.py:1900} INFO - Created Permission View: menu access on DAG Run:dataset_s3_bucket_producer_with_no_taskflow
[2024-10-30T10:52:14.004+0000] {logging_mixin.py:190} INFO - [2024-10-30T10:52:14.004+0000] {dag.py:3239} INFO - Sync 4 DAGs
[2024-10-30T10:52:14.012+0000] {logging_mixin.py:190} INFO - [2024-10-30T10:52:14.012+0000] {dag.py:3262} INFO - Creating ORM DAG for dataset_s3_bucket_producer_with_no_taskflow
[2024-10-30T10:52:14.012+0000] {logging_mixin.py:190} INFO - [2024-10-30T10:52:14.012+0000] {dag.py:3262} INFO - Creating ORM DAG for dataset_alias_example_alias_consumer_with_no_taskflow
[2024-10-30T10:52:14.013+0000] {logging_mixin.py:190} INFO - [2024-10-30T10:52:14.013+0000] {dag.py:3262} INFO - Creating ORM DAG for dataset_alias_example_alias_producer_with_no_taskflow
[2024-10-30T10:52:14.013+0000] {logging_mixin.py:190} INFO - [2024-10-30T10:52:14.013+0000] {dag.py:3262} INFO - Creating ORM DAG for dataset_s3_bucket_consumer_with_no_taskflow
[2024-10-30T10:52:14.020+0000] {logging_mixin.py:190} INFO - [2024-10-30T10:52:14.020+0000] {dag.py:4180} INFO - Setting next_dagrun for dataset_alias_example_alias_consumer_with_no_taskflow to None, run_after=None
[2024-10-30T10:52:14.021+0000] {logging_mixin.py:190} INFO - [2024-10-30T10:52:14.021+0000] {dag.py:4180} INFO - Setting next_dagrun for dataset_alias_example_alias_producer_with_no_taskflow to None, run_after=None
[2024-10-30T10:52:14.021+0000] {logging_mixin.py:190} INFO - [2024-10-30T10:52:14.021+0000] {dag.py:4180} INFO - Setting next_dagrun for dataset_s3_bucket_consumer_with_no_taskflow to None, run_after=None
[2024-10-30T10:52:14.022+0000] {logging_mixin.py:190} INFO - [2024-10-30T10:52:14.022+0000] {dag.py:4180} INFO - Setting next_dagrun for dataset_s3_bucket_producer_with_no_taskflow to None, run_after=None
[2024-10-30T10:52:14.045+0000] {processor.py:208} INFO - Processing /home/airflow/.local/lib/python3.12/site-packages/airflow/example_dags/example_dataset_alias_with_no_taskflow.py took 0.466 seconds
[2024-10-30T10:52:44.182+0000] {processor.py:186} INFO - Started process (PID=133) to work on /home/airflow/.local/lib/python3.12/site-packages/airflow/example_dags/example_dataset_alias_with_no_taskflow.py
[2024-10-30T10:52:44.183+0000] {processor.py:914} INFO - Processing file /home/airflow/.local/lib/python3.12/site-packages/airflow/example_dags/example_dataset_alias_with_no_taskflow.py for tasks to queue
[2024-10-30T10:52:44.186+0000] {logging_mixin.py:190} INFO - [2024-10-30T10:52:44.185+0000] {dagbag.py:588} INFO - Filling up the DagBag from /home/airflow/.local/lib/python3.12/site-packages/airflow/example_dags/example_dataset_alias_with_no_taskflow.py
[2024-10-30T10:52:44.290+0000] {processor.py:925} INFO - DAG(s) 'dataset_alias_example_alias_producer_with_no_taskflow', 'dataset_s3_bucket_consumer_with_no_taskflow', 'dataset_alias_example_alias_consumer_with_no_taskflow', 'dataset_s3_bucket_producer_with_no_taskflow' retrieved from /home/airflow/.local/lib/python3.12/site-packages/airflow/example_dags/example_dataset_alias_with_no_taskflow.py
[2024-10-30T10:52:44.304+0000] {logging_mixin.py:190} INFO - [2024-10-30T10:52:44.304+0000] {dag.py:3239} INFO - Sync 4 DAGs
[2024-10-30T10:52:44.319+0000] {logging_mixin.py:190} INFO - [2024-10-30T10:52:44.319+0000] {dag.py:4180} INFO - Setting next_dagrun for dataset_alias_example_alias_consumer_with_no_taskflow to None, run_after=None
[2024-10-30T10:52:44.321+0000] {logging_mixin.py:190} INFO - [2024-10-30T10:52:44.321+0000] {dag.py:4180} INFO - Setting next_dagrun for dataset_alias_example_alias_producer_with_no_taskflow to None, run_after=None
[2024-10-30T10:52:44.322+0000] {logging_mixin.py:190} INFO - [2024-10-30T10:52:44.322+0000] {dag.py:4180} INFO - Setting next_dagrun for dataset_s3_bucket_consumer_with_no_taskflow to None, run_after=None
[2024-10-30T10:52:44.323+0000] {logging_mixin.py:190} INFO - [2024-10-30T10:52:44.323+0000] {dag.py:4180} INFO - Setting next_dagrun for dataset_s3_bucket_producer_with_no_taskflow to None, run_after=None
[2024-10-30T10:52:44.335+0000] {processor.py:208} INFO - Processing /home/airflow/.local/lib/python3.12/site-packages/airflow/example_dags/example_dataset_alias_with_no_taskflow.py took 0.157 seconds
[2024-10-30T10:53:14.479+0000] {processor.py:186} INFO - Started process (PID=195) to work on /home/airflow/.local/lib/python3.12/site-packages/airflow/example_dags/example_dataset_alias_with_no_taskflow.py
[2024-10-30T10:53:14.483+0000] {processor.py:914} INFO - Processing file /home/airflow/.local/lib/python3.12/site-packages/airflow/example_dags/example_dataset_alias_with_no_taskflow.py for tasks to queue
[2024-10-30T10:53:14.488+0000] {logging_mixin.py:190} INFO - [2024-10-30T10:53:14.487+0000] {dagbag.py:588} INFO - Filling up the DagBag from /home/airflow/.local/lib/python3.12/site-packages/airflow/example_dags/example_dataset_alias_with_no_taskflow.py
[2024-10-30T10:53:14.592+0000] {processor.py:925} INFO - DAG(s) 'dataset_alias_example_alias_producer_with_no_taskflow', 'dataset_alias_example_alias_consumer_with_no_taskflow', 'dataset_s3_bucket_producer_with_no_taskflow', 'dataset_s3_bucket_consumer_with_no_taskflow' retrieved from /home/airflow/.local/lib/python3.12/site-packages/airflow/example_dags/example_dataset_alias_with_no_taskflow.py
[2024-10-30T10:53:14.605+0000] {logging_mixin.py:190} INFO - [2024-10-30T10:53:14.605+0000] {dag.py:3239} INFO - Sync 4 DAGs
[2024-10-30T10:53:14.623+0000] {logging_mixin.py:190} INFO - [2024-10-30T10:53:14.622+0000] {dag.py:4180} INFO - Setting next_dagrun for dataset_alias_example_alias_consumer_with_no_taskflow to None, run_after=None
[2024-10-30T10:53:14.626+0000] {logging_mixin.py:190} INFO - [2024-10-30T10:53:14.625+0000] {dag.py:4180} INFO - Setting next_dagrun for dataset_alias_example_alias_producer_with_no_taskflow to None, run_after=None
[2024-10-30T10:53:14.629+0000] {logging_mixin.py:190} INFO - [2024-10-30T10:53:14.629+0000] {dag.py:4180} INFO - Setting next_dagrun for dataset_s3_bucket_consumer_with_no_taskflow to None, run_after=None
[2024-10-30T10:53:14.631+0000] {logging_mixin.py:190} INFO - [2024-10-30T10:53:14.631+0000] {dag.py:4180} INFO - Setting next_dagrun for dataset_s3_bucket_producer_with_no_taskflow to None, run_after=None
[2024-10-30T10:53:14.648+0000] {processor.py:208} INFO - Processing /home/airflow/.local/lib/python3.12/site-packages/airflow/example_dags/example_dataset_alias_with_no_taskflow.py took 0.172 seconds
[2024-10-30T10:53:44.716+0000] {processor.py:186} INFO - Started process (PID=258) to work on /home/airflow/.local/lib/python3.12/site-packages/airflow/example_dags/example_dataset_alias_with_no_taskflow.py
[2024-10-30T10:53:44.717+0000] {processor.py:914} INFO - Processing file /home/airflow/.local/lib/python3.12/site-packages/airflow/example_dags/example_dataset_alias_with_no_taskflow.py for tasks to queue
[2024-10-30T10:53:44.719+0000] {logging_mixin.py:190} INFO - [2024-10-30T10:53:44.718+0000] {dagbag.py:588} INFO - Filling up the DagBag from /home/airflow/.local/lib/python3.12/site-packages/airflow/example_dags/example_dataset_alias_with_no_taskflow.py
[2024-10-30T10:53:44.853+0000] {processor.py:925} INFO - DAG(s) 'dataset_s3_bucket_consumer_with_no_taskflow', 'dataset_s3_bucket_producer_with_no_taskflow', 'dataset_alias_example_alias_consumer_with_no_taskflow', 'dataset_alias_example_alias_producer_with_no_taskflow' retrieved from /home/airflow/.local/lib/python3.12/site-packages/airflow/example_dags/example_dataset_alias_with_no_taskflow.py
[2024-10-30T10:53:44.870+0000] {logging_mixin.py:190} INFO - [2024-10-30T10:53:44.870+0000] {dag.py:3239} INFO - Sync 4 DAGs
[2024-10-30T10:53:44.888+0000] {logging_mixin.py:190} INFO - [2024-10-30T10:53:44.887+0000] {dag.py:4180} INFO - Setting next_dagrun for dataset_alias_example_alias_consumer_with_no_taskflow to None, run_after=None
[2024-10-30T10:53:44.892+0000] {logging_mixin.py:190} INFO - [2024-10-30T10:53:44.891+0000] {dag.py:4180} INFO - Setting next_dagrun for dataset_alias_example_alias_producer_with_no_taskflow to None, run_after=None
[2024-10-30T10:53:44.893+0000] {logging_mixin.py:190} INFO - [2024-10-30T10:53:44.893+0000] {dag.py:4180} INFO - Setting next_dagrun for dataset_s3_bucket_consumer_with_no_taskflow to None, run_after=None
[2024-10-30T10:53:44.894+0000] {logging_mixin.py:190} INFO - [2024-10-30T10:53:44.894+0000] {dag.py:4180} INFO - Setting next_dagrun for dataset_s3_bucket_producer_with_no_taskflow to None, run_after=None
[2024-10-30T10:53:44.930+0000] {processor.py:208} INFO - Processing /home/airflow/.local/lib/python3.12/site-packages/airflow/example_dags/example_dataset_alias_with_no_taskflow.py took 0.218 seconds
[2024-10-30T10:54:15.472+0000] {processor.py:186} INFO - Started process (PID=317) to work on /home/airflow/.local/lib/python3.12/site-packages/airflow/example_dags/example_dataset_alias_with_no_taskflow.py
[2024-10-30T10:54:15.473+0000] {processor.py:914} INFO - Processing file /home/airflow/.local/lib/python3.12/site-packages/airflow/example_dags/example_dataset_alias_with_no_taskflow.py for tasks to queue
[2024-10-30T10:54:15.478+0000] {logging_mixin.py:190} INFO - [2024-10-30T10:54:15.477+0000] {dagbag.py:588} INFO - Filling up the DagBag from /home/airflow/.local/lib/python3.12/site-packages/airflow/example_dags/example_dataset_alias_with_no_taskflow.py
[2024-10-30T10:54:15.603+0000] {processor.py:925} INFO - DAG(s) 'dataset_alias_example_alias_consumer_with_no_taskflow', 'dataset_s3_bucket_consumer_with_no_taskflow', 'dataset_s3_bucket_producer_with_no_taskflow', 'dataset_alias_example_alias_producer_with_no_taskflow' retrieved from /home/airflow/.local/lib/python3.12/site-packages/airflow/example_dags/example_dataset_alias_with_no_taskflow.py
[2024-10-30T10:54:15.634+0000] {logging_mixin.py:190} INFO - [2024-10-30T10:54:15.634+0000] {dag.py:3239} INFO - Sync 4 DAGs
[2024-10-30T10:54:15.673+0000] {logging_mixin.py:190} INFO - [2024-10-30T10:54:15.673+0000] {dag.py:4180} INFO - Setting next_dagrun for dataset_alias_example_alias_consumer_with_no_taskflow to None, run_after=None
[2024-10-30T10:54:15.679+0000] {logging_mixin.py:190} INFO - [2024-10-30T10:54:15.677+0000] {dag.py:4180} INFO - Setting next_dagrun for dataset_alias_example_alias_producer_with_no_taskflow to None, run_after=None
[2024-10-30T10:54:15.683+0000] {logging_mixin.py:190} INFO - [2024-10-30T10:54:15.683+0000] {dag.py:4180} INFO - Setting next_dagrun for dataset_s3_bucket_consumer_with_no_taskflow to None, run_after=None
[2024-10-30T10:54:15.685+0000] {logging_mixin.py:190} INFO - [2024-10-30T10:54:15.685+0000] {dag.py:4180} INFO - Setting next_dagrun for dataset_s3_bucket_producer_with_no_taskflow to None, run_after=None
[2024-10-30T10:54:15.711+0000] {processor.py:208} INFO - Processing /home/airflow/.local/lib/python3.12/site-packages/airflow/example_dags/example_dataset_alias_with_no_taskflow.py took 0.246 seconds
[2024-10-30T10:54:46.578+0000] {processor.py:186} INFO - Started process (PID=379) to work on /home/airflow/.local/lib/python3.12/site-packages/airflow/example_dags/example_dataset_alias_with_no_taskflow.py
[2024-10-30T10:54:46.585+0000] {processor.py:914} INFO - Processing file /home/airflow/.local/lib/python3.12/site-packages/airflow/example_dags/example_dataset_alias_with_no_taskflow.py for tasks to queue
[2024-10-30T10:54:46.587+0000] {logging_mixin.py:190} INFO - [2024-10-30T10:54:46.586+0000] {dagbag.py:588} INFO - Filling up the DagBag from /home/airflow/.local/lib/python3.12/site-packages/airflow/example_dags/example_dataset_alias_with_no_taskflow.py
[2024-10-30T10:54:46.693+0000] {processor.py:925} INFO - DAG(s) 'dataset_alias_example_alias_consumer_with_no_taskflow', 'dataset_alias_example_alias_producer_with_no_taskflow', 'dataset_s3_bucket_consumer_with_no_taskflow', 'dataset_s3_bucket_producer_with_no_taskflow' retrieved from /home/airflow/.local/lib/python3.12/site-packages/airflow/example_dags/example_dataset_alias_with_no_taskflow.py
[2024-10-30T10:54:46.714+0000] {logging_mixin.py:190} INFO - [2024-10-30T10:54:46.714+0000] {dag.py:3239} INFO - Sync 4 DAGs
[2024-10-30T10:54:46.729+0000] {logging_mixin.py:190} INFO - [2024-10-30T10:54:46.729+0000] {dag.py:4180} INFO - Setting next_dagrun for dataset_alias_example_alias_consumer_with_no_taskflow to None, run_after=None
[2024-10-30T10:54:46.733+0000] {logging_mixin.py:190} INFO - [2024-10-30T10:54:46.732+0000] {dag.py:4180} INFO - Setting next_dagrun for dataset_alias_example_alias_producer_with_no_taskflow to None, run_after=None
[2024-10-30T10:54:46.735+0000] {logging_mixin.py:190} INFO - [2024-10-30T10:54:46.735+0000] {dag.py:4180} INFO - Setting next_dagrun for dataset_s3_bucket_consumer_with_no_taskflow to None, run_after=None
[2024-10-30T10:54:46.736+0000] {logging_mixin.py:190} INFO - [2024-10-30T10:54:46.736+0000] {dag.py:4180} INFO - Setting next_dagrun for dataset_s3_bucket_producer_with_no_taskflow to None, run_after=None
[2024-10-30T10:54:46.751+0000] {processor.py:208} INFO - Processing /home/airflow/.local/lib/python3.12/site-packages/airflow/example_dags/example_dataset_alias_with_no_taskflow.py took 0.177 seconds
[2024-10-30T10:55:17.473+0000] {processor.py:186} INFO - Started process (PID=441) to work on /home/airflow/.local/lib/python3.12/site-packages/airflow/example_dags/example_dataset_alias_with_no_taskflow.py
[2024-10-30T10:55:17.478+0000] {processor.py:914} INFO - Processing file /home/airflow/.local/lib/python3.12/site-packages/airflow/example_dags/example_dataset_alias_with_no_taskflow.py for tasks to queue
[2024-10-30T10:55:17.481+0000] {logging_mixin.py:190} INFO - [2024-10-30T10:55:17.480+0000] {dagbag.py:588} INFO - Filling up the DagBag from /home/airflow/.local/lib/python3.12/site-packages/airflow/example_dags/example_dataset_alias_with_no_taskflow.py
[2024-10-30T10:55:17.667+0000] {processor.py:925} INFO - DAG(s) 'dataset_alias_example_alias_consumer_with_no_taskflow', 'dataset_s3_bucket_producer_with_no_taskflow', 'dataset_s3_bucket_consumer_with_no_taskflow', 'dataset_alias_example_alias_producer_with_no_taskflow' retrieved from /home/airflow/.local/lib/python3.12/site-packages/airflow/example_dags/example_dataset_alias_with_no_taskflow.py
[2024-10-30T10:55:17.688+0000] {logging_mixin.py:190} INFO - [2024-10-30T10:55:17.688+0000] {dag.py:3239} INFO - Sync 4 DAGs
[2024-10-30T10:55:17.706+0000] {logging_mixin.py:190} INFO - [2024-10-30T10:55:17.705+0000] {dag.py:4180} INFO - Setting next_dagrun for dataset_alias_example_alias_consumer_with_no_taskflow to None, run_after=None
[2024-10-30T10:55:17.708+0000] {logging_mixin.py:190} INFO - [2024-10-30T10:55:17.708+0000] {dag.py:4180} INFO - Setting next_dagrun for dataset_alias_example_alias_producer_with_no_taskflow to None, run_after=None
[2024-10-30T10:55:17.709+0000] {logging_mixin.py:190} INFO - [2024-10-30T10:55:17.709+0000] {dag.py:4180} INFO - Setting next_dagrun for dataset_s3_bucket_consumer_with_no_taskflow to None, run_after=None
[2024-10-30T10:55:17.710+0000] {logging_mixin.py:190} INFO - [2024-10-30T10:55:17.710+0000] {dag.py:4180} INFO - Setting next_dagrun for dataset_s3_bucket_producer_with_no_taskflow to None, run_after=None
[2024-10-30T10:55:17.730+0000] {processor.py:208} INFO - Processing /home/airflow/.local/lib/python3.12/site-packages/airflow/example_dags/example_dataset_alias_with_no_taskflow.py took 0.261 seconds
[2024-10-30T10:55:48.577+0000] {processor.py:186} INFO - Started process (PID=503) to work on /home/airflow/.local/lib/python3.12/site-packages/airflow/example_dags/example_dataset_alias_with_no_taskflow.py
[2024-10-30T10:55:48.582+0000] {processor.py:914} INFO - Processing file /home/airflow/.local/lib/python3.12/site-packages/airflow/example_dags/example_dataset_alias_with_no_taskflow.py for tasks to queue
[2024-10-30T10:55:48.584+0000] {logging_mixin.py:190} INFO - [2024-10-30T10:55:48.584+0000] {dagbag.py:588} INFO - Filling up the DagBag from /home/airflow/.local/lib/python3.12/site-packages/airflow/example_dags/example_dataset_alias_with_no_taskflow.py
[2024-10-30T10:55:48.715+0000] {processor.py:925} INFO - DAG(s) 'dataset_alias_example_alias_consumer_with_no_taskflow', 'dataset_alias_example_alias_producer_with_no_taskflow', 'dataset_s3_bucket_producer_with_no_taskflow', 'dataset_s3_bucket_consumer_with_no_taskflow' retrieved from /home/airflow/.local/lib/python3.12/site-packages/airflow/example_dags/example_dataset_alias_with_no_taskflow.py
[2024-10-30T10:55:48.734+0000] {logging_mixin.py:190} INFO - [2024-10-30T10:55:48.734+0000] {dag.py:3239} INFO - Sync 4 DAGs
[2024-10-30T10:55:48.752+0000] {logging_mixin.py:190} INFO - [2024-10-30T10:55:48.751+0000] {dag.py:4180} INFO - Setting next_dagrun for dataset_alias_example_alias_consumer_with_no_taskflow to None, run_after=None
[2024-10-30T10:55:48.755+0000] {logging_mixin.py:190} INFO - [2024-10-30T10:55:48.755+0000] {dag.py:4180} INFO - Setting next_dagrun for dataset_alias_example_alias_producer_with_no_taskflow to None, run_after=None
[2024-10-30T10:55:48.757+0000] {logging_mixin.py:190} INFO - [2024-10-30T10:55:48.757+0000] {dag.py:4180} INFO - Setting next_dagrun for dataset_s3_bucket_consumer_with_no_taskflow to None, run_after=None
[2024-10-30T10:55:48.761+0000] {logging_mixin.py:190} INFO - [2024-10-30T10:55:48.761+0000] {dag.py:4180} INFO - Setting next_dagrun for dataset_s3_bucket_producer_with_no_taskflow to None, run_after=None
[2024-10-30T10:55:48.780+0000] {processor.py:208} INFO - Processing /home/airflow/.local/lib/python3.12/site-packages/airflow/example_dags/example_dataset_alias_with_no_taskflow.py took 0.210 seconds
[2024-10-30T10:56:19.476+0000] {processor.py:186} INFO - Started process (PID=565) to work on /home/airflow/.local/lib/python3.12/site-packages/airflow/example_dags/example_dataset_alias_with_no_taskflow.py
[2024-10-30T10:56:19.483+0000] {processor.py:914} INFO - Processing file /home/airflow/.local/lib/python3.12/site-packages/airflow/example_dags/example_dataset_alias_with_no_taskflow.py for tasks to queue
[2024-10-30T10:56:19.487+0000] {logging_mixin.py:190} INFO - [2024-10-30T10:56:19.486+0000] {dagbag.py:588} INFO - Filling up the DagBag from /home/airflow/.local/lib/python3.12/site-packages/airflow/example_dags/example_dataset_alias_with_no_taskflow.py
[2024-10-30T10:56:19.600+0000] {processor.py:925} INFO - DAG(s) 'dataset_alias_example_alias_consumer_with_no_taskflow', 'dataset_s3_bucket_producer_with_no_taskflow', 'dataset_alias_example_alias_producer_with_no_taskflow', 'dataset_s3_bucket_consumer_with_no_taskflow' retrieved from /home/airflow/.local/lib/python3.12/site-packages/airflow/example_dags/example_dataset_alias_with_no_taskflow.py
[2024-10-30T10:56:19.620+0000] {logging_mixin.py:190} INFO - [2024-10-30T10:56:19.620+0000] {dag.py:3239} INFO - Sync 4 DAGs
[2024-10-30T10:56:19.634+0000] {logging_mixin.py:190} INFO - [2024-10-30T10:56:19.634+0000] {dag.py:4180} INFO - Setting next_dagrun for dataset_alias_example_alias_consumer_with_no_taskflow to None, run_after=None
[2024-10-30T10:56:19.637+0000] {logging_mixin.py:190} INFO - [2024-10-30T10:56:19.637+0000] {dag.py:4180} INFO - Setting next_dagrun for dataset_alias_example_alias_producer_with_no_taskflow to None, run_after=None
[2024-10-30T10:56:19.639+0000] {logging_mixin.py:190} INFO - [2024-10-30T10:56:19.639+0000] {dag.py:4180} INFO - Setting next_dagrun for dataset_s3_bucket_consumer_with_no_taskflow to None, run_after=None
[2024-10-30T10:56:19.643+0000] {logging_mixin.py:190} INFO - [2024-10-30T10:56:19.643+0000] {dag.py:4180} INFO - Setting next_dagrun for dataset_s3_bucket_producer_with_no_taskflow to None, run_after=None
[2024-10-30T10:56:19.658+0000] {processor.py:208} INFO - Processing /home/airflow/.local/lib/python3.12/site-packages/airflow/example_dags/example_dataset_alias_with_no_taskflow.py took 0.186 seconds
[2024-10-30T10:56:50.329+0000] {processor.py:186} INFO - Started process (PID=627) to work on /home/airflow/.local/lib/python3.12/site-packages/airflow/example_dags/example_dataset_alias_with_no_taskflow.py
[2024-10-30T10:56:50.332+0000] {processor.py:914} INFO - Processing file /home/airflow/.local/lib/python3.12/site-packages/airflow/example_dags/example_dataset_alias_with_no_taskflow.py for tasks to queue
[2024-10-30T10:56:50.336+0000] {logging_mixin.py:190} INFO - [2024-10-30T10:56:50.336+0000] {dagbag.py:588} INFO - Filling up the DagBag from /home/airflow/.local/lib/python3.12/site-packages/airflow/example_dags/example_dataset_alias_with_no_taskflow.py
[2024-10-30T10:56:50.440+0000] {processor.py:925} INFO - DAG(s) 'dataset_alias_example_alias_producer_with_no_taskflow', 'dataset_s3_bucket_consumer_with_no_taskflow', 'dataset_s3_bucket_producer_with_no_taskflow', 'dataset_alias_example_alias_consumer_with_no_taskflow' retrieved from /home/airflow/.local/lib/python3.12/site-packages/airflow/example_dags/example_dataset_alias_with_no_taskflow.py
[2024-10-30T10:56:50.456+0000] {logging_mixin.py:190} INFO - [2024-10-30T10:56:50.455+0000] {dag.py:3239} INFO - Sync 4 DAGs
[2024-10-30T10:56:50.470+0000] {logging_mixin.py:190} INFO - [2024-10-30T10:56:50.469+0000] {dag.py:4180} INFO - Setting next_dagrun for dataset_alias_example_alias_consumer_with_no_taskflow to None, run_after=None
[2024-10-30T10:56:50.474+0000] {logging_mixin.py:190} INFO - [2024-10-30T10:56:50.474+0000] {dag.py:4180} INFO - Setting next_dagrun for dataset_alias_example_alias_producer_with_no_taskflow to None, run_after=None
[2024-10-30T10:56:50.476+0000] {logging_mixin.py:190} INFO - [2024-10-30T10:56:50.475+0000] {dag.py:4180} INFO - Setting next_dagrun for dataset_s3_bucket_consumer_with_no_taskflow to None, run_after=None
[2024-10-30T10:56:50.476+0000] {logging_mixin.py:190} INFO - [2024-10-30T10:56:50.476+0000] {dag.py:4180} INFO - Setting next_dagrun for dataset_s3_bucket_producer_with_no_taskflow to None, run_after=None
[2024-10-30T10:56:50.494+0000] {processor.py:208} INFO - Processing /home/airflow/.local/lib/python3.12/site-packages/airflow/example_dags/example_dataset_alias_with_no_taskflow.py took 0.170 seconds
[2024-10-30T10:57:21.174+0000] {processor.py:186} INFO - Started process (PID=689) to work on /home/airflow/.local/lib/python3.12/site-packages/airflow/example_dags/example_dataset_alias_with_no_taskflow.py
[2024-10-30T10:57:21.176+0000] {processor.py:914} INFO - Processing file /home/airflow/.local/lib/python3.12/site-packages/airflow/example_dags/example_dataset_alias_with_no_taskflow.py for tasks to queue
[2024-10-30T10:57:21.182+0000] {logging_mixin.py:190} INFO - [2024-10-30T10:57:21.181+0000] {dagbag.py:588} INFO - Filling up the DagBag from /home/airflow/.local/lib/python3.12/site-packages/airflow/example_dags/example_dataset_alias_with_no_taskflow.py
[2024-10-30T10:57:21.299+0000] {processor.py:925} INFO - DAG(s) 'dataset_s3_bucket_producer_with_no_taskflow', 'dataset_alias_example_alias_consumer_with_no_taskflow', 'dataset_s3_bucket_consumer_with_no_taskflow', 'dataset_alias_example_alias_producer_with_no_taskflow' retrieved from /home/airflow/.local/lib/python3.12/site-packages/airflow/example_dags/example_dataset_alias_with_no_taskflow.py
[2024-10-30T10:57:21.317+0000] {logging_mixin.py:190} INFO - [2024-10-30T10:57:21.317+0000] {dag.py:3239} INFO - Sync 4 DAGs
[2024-10-30T10:57:21.335+0000] {logging_mixin.py:190} INFO - [2024-10-30T10:57:21.335+0000] {dag.py:4180} INFO - Setting next_dagrun for dataset_alias_example_alias_consumer_with_no_taskflow to None, run_after=None
[2024-10-30T10:57:21.337+0000] {logging_mixin.py:190} INFO - [2024-10-30T10:57:21.337+0000] {dag.py:4180} INFO - Setting next_dagrun for dataset_alias_example_alias_producer_with_no_taskflow to None, run_after=None
[2024-10-30T10:57:21.338+0000] {logging_mixin.py:190} INFO - [2024-10-30T10:57:21.338+0000] {dag.py:4180} INFO - Setting next_dagrun for dataset_s3_bucket_consumer_with_no_taskflow to None, run_after=None
[2024-10-30T10:57:21.339+0000] {logging_mixin.py:190} INFO - [2024-10-30T10:57:21.339+0000] {dag.py:4180} INFO - Setting next_dagrun for dataset_s3_bucket_producer_with_no_taskflow to None, run_after=None
[2024-10-30T10:57:21.352+0000] {processor.py:208} INFO - Processing /home/airflow/.local/lib/python3.12/site-packages/airflow/example_dags/example_dataset_alias_with_no_taskflow.py took 0.181 seconds
[2024-10-30T10:57:51.882+0000] {processor.py:186} INFO - Started process (PID=751) to work on /home/airflow/.local/lib/python3.12/site-packages/airflow/example_dags/example_dataset_alias_with_no_taskflow.py
[2024-10-30T10:57:51.884+0000] {processor.py:914} INFO - Processing file /home/airflow/.local/lib/python3.12/site-packages/airflow/example_dags/example_dataset_alias_with_no_taskflow.py for tasks to queue
[2024-10-30T10:57:51.886+0000] {logging_mixin.py:190} INFO - [2024-10-30T10:57:51.886+0000] {dagbag.py:588} INFO - Filling up the DagBag from /home/airflow/.local/lib/python3.12/site-packages/airflow/example_dags/example_dataset_alias_with_no_taskflow.py
[2024-10-30T10:57:52.021+0000] {processor.py:925} INFO - DAG(s) 'dataset_alias_example_alias_consumer_with_no_taskflow', 'dataset_alias_example_alias_producer_with_no_taskflow', 'dataset_s3_bucket_producer_with_no_taskflow', 'dataset_s3_bucket_consumer_with_no_taskflow' retrieved from /home/airflow/.local/lib/python3.12/site-packages/airflow/example_dags/example_dataset_alias_with_no_taskflow.py
[2024-10-30T10:57:52.038+0000] {logging_mixin.py:190} INFO - [2024-10-30T10:57:52.037+0000] {dag.py:3239} INFO - Sync 4 DAGs
[2024-10-30T10:57:52.063+0000] {logging_mixin.py:190} INFO - [2024-10-30T10:57:52.062+0000] {dag.py:4180} INFO - Setting next_dagrun for dataset_alias_example_alias_consumer_with_no_taskflow to None, run_after=None
[2024-10-30T10:57:52.066+0000] {logging_mixin.py:190} INFO - [2024-10-30T10:57:52.065+0000] {dag.py:4180} INFO - Setting next_dagrun for dataset_alias_example_alias_producer_with_no_taskflow to None, run_after=None
[2024-10-30T10:57:52.067+0000] {logging_mixin.py:190} INFO - [2024-10-30T10:57:52.066+0000] {dag.py:4180} INFO - Setting next_dagrun for dataset_s3_bucket_consumer_with_no_taskflow to None, run_after=None
[2024-10-30T10:57:52.067+0000] {logging_mixin.py:190} INFO - [2024-10-30T10:57:52.067+0000] {dag.py:4180} INFO - Setting next_dagrun for dataset_s3_bucket_producer_with_no_taskflow to None, run_after=None
[2024-10-30T10:57:52.081+0000] {processor.py:208} INFO - Processing /home/airflow/.local/lib/python3.12/site-packages/airflow/example_dags/example_dataset_alias_with_no_taskflow.py took 0.205 seconds
[2024-10-30T10:58:22.755+0000] {processor.py:186} INFO - Started process (PID=812) to work on /home/airflow/.local/lib/python3.12/site-packages/airflow/example_dags/example_dataset_alias_with_no_taskflow.py
[2024-10-30T10:58:22.756+0000] {processor.py:914} INFO - Processing file /home/airflow/.local/lib/python3.12/site-packages/airflow/example_dags/example_dataset_alias_with_no_taskflow.py for tasks to queue
[2024-10-30T10:58:22.760+0000] {logging_mixin.py:190} INFO - [2024-10-30T10:58:22.760+0000] {dagbag.py:588} INFO - Filling up the DagBag from /home/airflow/.local/lib/python3.12/site-packages/airflow/example_dags/example_dataset_alias_with_no_taskflow.py
[2024-10-30T10:58:22.897+0000] {processor.py:925} INFO - DAG(s) 'dataset_s3_bucket_consumer_with_no_taskflow', 'dataset_alias_example_alias_consumer_with_no_taskflow', 'dataset_alias_example_alias_producer_with_no_taskflow', 'dataset_s3_bucket_producer_with_no_taskflow' retrieved from /home/airflow/.local/lib/python3.12/site-packages/airflow/example_dags/example_dataset_alias_with_no_taskflow.py
[2024-10-30T10:58:22.913+0000] {logging_mixin.py:190} INFO - [2024-10-30T10:58:22.913+0000] {dag.py:3239} INFO - Sync 4 DAGs
[2024-10-30T10:58:22.930+0000] {logging_mixin.py:190} INFO - [2024-10-30T10:58:22.930+0000] {dag.py:4180} INFO - Setting next_dagrun for dataset_alias_example_alias_consumer_with_no_taskflow to None, run_after=None
[2024-10-30T10:58:22.932+0000] {logging_mixin.py:190} INFO - [2024-10-30T10:58:22.932+0000] {dag.py:4180} INFO - Setting next_dagrun for dataset_alias_example_alias_producer_with_no_taskflow to None, run_after=None
[2024-10-30T10:58:22.935+0000] {logging_mixin.py:190} INFO - [2024-10-30T10:58:22.934+0000] {dag.py:4180} INFO - Setting next_dagrun for dataset_s3_bucket_consumer_with_no_taskflow to None, run_after=None
[2024-10-30T10:58:22.937+0000] {logging_mixin.py:190} INFO - [2024-10-30T10:58:22.937+0000] {dag.py:4180} INFO - Setting next_dagrun for dataset_s3_bucket_producer_with_no_taskflow to None, run_after=None
[2024-10-30T10:58:22.952+0000] {processor.py:208} INFO - Processing /home/airflow/.local/lib/python3.12/site-packages/airflow/example_dags/example_dataset_alias_with_no_taskflow.py took 0.201 seconds
[2024-10-30T10:58:53.552+0000] {processor.py:186} INFO - Started process (PID=874) to work on /home/airflow/.local/lib/python3.12/site-packages/airflow/example_dags/example_dataset_alias_with_no_taskflow.py
[2024-10-30T10:58:53.553+0000] {processor.py:914} INFO - Processing file /home/airflow/.local/lib/python3.12/site-packages/airflow/example_dags/example_dataset_alias_with_no_taskflow.py for tasks to queue
[2024-10-30T10:58:53.557+0000] {logging_mixin.py:190} INFO - [2024-10-30T10:58:53.557+0000] {dagbag.py:588} INFO - Filling up the DagBag from /home/airflow/.local/lib/python3.12/site-packages/airflow/example_dags/example_dataset_alias_with_no_taskflow.py
[2024-10-30T10:58:53.686+0000] {processor.py:925} INFO - DAG(s) 'dataset_alias_example_alias_consumer_with_no_taskflow', 'dataset_s3_bucket_producer_with_no_taskflow', 'dataset_s3_bucket_consumer_with_no_taskflow', 'dataset_alias_example_alias_producer_with_no_taskflow' retrieved from /home/airflow/.local/lib/python3.12/site-packages/airflow/example_dags/example_dataset_alias_with_no_taskflow.py
[2024-10-30T10:58:53.705+0000] {logging_mixin.py:190} INFO - [2024-10-30T10:58:53.705+0000] {dag.py:3239} INFO - Sync 4 DAGs
[2024-10-30T10:58:53.722+0000] {logging_mixin.py:190} INFO - [2024-10-30T10:58:53.722+0000] {dag.py:4180} INFO - Setting next_dagrun for dataset_alias_example_alias_consumer_with_no_taskflow to None, run_after=None
[2024-10-30T10:58:53.725+0000] {logging_mixin.py:190} INFO - [2024-10-30T10:58:53.725+0000] {dag.py:4180} INFO - Setting next_dagrun for dataset_alias_example_alias_producer_with_no_taskflow to None, run_after=None
[2024-10-30T10:58:53.726+0000] {logging_mixin.py:190} INFO - [2024-10-30T10:58:53.726+0000] {dag.py:4180} INFO - Setting next_dagrun for dataset_s3_bucket_consumer_with_no_taskflow to None, run_after=None
[2024-10-30T10:58:53.729+0000] {logging_mixin.py:190} INFO - [2024-10-30T10:58:53.729+0000] {dag.py:4180} INFO - Setting next_dagrun for dataset_s3_bucket_producer_with_no_taskflow to None, run_after=None
[2024-10-30T10:58:53.745+0000] {processor.py:208} INFO - Processing /home/airflow/.local/lib/python3.12/site-packages/airflow/example_dags/example_dataset_alias_with_no_taskflow.py took 0.198 seconds
[2024-10-30T10:59:24.274+0000] {processor.py:186} INFO - Started process (PID=936) to work on /home/airflow/.local/lib/python3.12/site-packages/airflow/example_dags/example_dataset_alias_with_no_taskflow.py
[2024-10-30T10:59:24.276+0000] {processor.py:914} INFO - Processing file /home/airflow/.local/lib/python3.12/site-packages/airflow/example_dags/example_dataset_alias_with_no_taskflow.py for tasks to queue
[2024-10-30T10:59:24.280+0000] {logging_mixin.py:190} INFO - [2024-10-30T10:59:24.280+0000] {dagbag.py:588} INFO - Filling up the DagBag from /home/airflow/.local/lib/python3.12/site-packages/airflow/example_dags/example_dataset_alias_with_no_taskflow.py
[2024-10-30T10:59:24.404+0000] {processor.py:925} INFO - DAG(s) 'dataset_alias_example_alias_consumer_with_no_taskflow', 'dataset_s3_bucket_producer_with_no_taskflow', 'dataset_s3_bucket_consumer_with_no_taskflow', 'dataset_alias_example_alias_producer_with_no_taskflow' retrieved from /home/airflow/.local/lib/python3.12/site-packages/airflow/example_dags/example_dataset_alias_with_no_taskflow.py
[2024-10-30T10:59:24.423+0000] {logging_mixin.py:190} INFO - [2024-10-30T10:59:24.422+0000] {dag.py:3239} INFO - Sync 4 DAGs
[2024-10-30T10:59:24.444+0000] {logging_mixin.py:190} INFO - [2024-10-30T10:59:24.443+0000] {dag.py:4180} INFO - Setting next_dagrun for dataset_alias_example_alias_consumer_with_no_taskflow to None, run_after=None
[2024-10-30T10:59:24.446+0000] {logging_mixin.py:190} INFO - [2024-10-30T10:59:24.446+0000] {dag.py:4180} INFO - Setting next_dagrun for dataset_alias_example_alias_producer_with_no_taskflow to None, run_after=None
[2024-10-30T10:59:24.448+0000] {logging_mixin.py:190} INFO - [2024-10-30T10:59:24.448+0000] {dag.py:4180} INFO - Setting next_dagrun for dataset_s3_bucket_consumer_with_no_taskflow to None, run_after=None
[2024-10-30T10:59:24.449+0000] {logging_mixin.py:190} INFO - [2024-10-30T10:59:24.449+0000] {dag.py:4180} INFO - Setting next_dagrun for dataset_s3_bucket_producer_with_no_taskflow to None, run_after=None
[2024-10-30T10:59:24.464+0000] {processor.py:208} INFO - Processing /home/airflow/.local/lib/python3.12/site-packages/airflow/example_dags/example_dataset_alias_with_no_taskflow.py took 0.196 seconds
[2024-10-30T10:59:55.128+0000] {processor.py:186} INFO - Started process (PID=998) to work on /home/airflow/.local/lib/python3.12/site-packages/airflow/example_dags/example_dataset_alias_with_no_taskflow.py
[2024-10-30T10:59:55.129+0000] {processor.py:914} INFO - Processing file /home/airflow/.local/lib/python3.12/site-packages/airflow/example_dags/example_dataset_alias_with_no_taskflow.py for tasks to queue
[2024-10-30T10:59:55.132+0000] {logging_mixin.py:190} INFO - [2024-10-30T10:59:55.132+0000] {dagbag.py:588} INFO - Filling up the DagBag from /home/airflow/.local/lib/python3.12/site-packages/airflow/example_dags/example_dataset_alias_with_no_taskflow.py
[2024-10-30T10:59:55.254+0000] {processor.py:925} INFO - DAG(s) 'dataset_s3_bucket_producer_with_no_taskflow', 'dataset_s3_bucket_consumer_with_no_taskflow', 'dataset_alias_example_alias_consumer_with_no_taskflow', 'dataset_alias_example_alias_producer_with_no_taskflow' retrieved from /home/airflow/.local/lib/python3.12/site-packages/airflow/example_dags/example_dataset_alias_with_no_taskflow.py
[2024-10-30T10:59:55.271+0000] {logging_mixin.py:190} INFO - [2024-10-30T10:59:55.270+0000] {dag.py:3239} INFO - Sync 4 DAGs
[2024-10-30T10:59:55.287+0000] {logging_mixin.py:190} INFO - [2024-10-30T10:59:55.287+0000] {dag.py:4180} INFO - Setting next_dagrun for dataset_alias_example_alias_consumer_with_no_taskflow to None, run_after=None
[2024-10-30T10:59:55.289+0000] {logging_mixin.py:190} INFO - [2024-10-30T10:59:55.289+0000] {dag.py:4180} INFO - Setting next_dagrun for dataset_alias_example_alias_producer_with_no_taskflow to None, run_after=None
[2024-10-30T10:59:55.290+0000] {logging_mixin.py:190} INFO - [2024-10-30T10:59:55.290+0000] {dag.py:4180} INFO - Setting next_dagrun for dataset_s3_bucket_consumer_with_no_taskflow to None, run_after=None
[2024-10-30T10:59:55.290+0000] {logging_mixin.py:190} INFO - [2024-10-30T10:59:55.290+0000] {dag.py:4180} INFO - Setting next_dagrun for dataset_s3_bucket_producer_with_no_taskflow to None, run_after=None
[2024-10-30T10:59:55.305+0000] {processor.py:208} INFO - Processing /home/airflow/.local/lib/python3.12/site-packages/airflow/example_dags/example_dataset_alias_with_no_taskflow.py took 0.185 seconds
[2024-10-30T11:00:25.700+0000] {processor.py:186} INFO - Started process (PID=1060) to work on /home/airflow/.local/lib/python3.12/site-packages/airflow/example_dags/example_dataset_alias_with_no_taskflow.py
[2024-10-30T11:00:25.701+0000] {processor.py:914} INFO - Processing file /home/airflow/.local/lib/python3.12/site-packages/airflow/example_dags/example_dataset_alias_with_no_taskflow.py for tasks to queue
[2024-10-30T11:00:25.703+0000] {logging_mixin.py:190} INFO - [2024-10-30T11:00:25.703+0000] {dagbag.py:588} INFO - Filling up the DagBag from /home/airflow/.local/lib/python3.12/site-packages/airflow/example_dags/example_dataset_alias_with_no_taskflow.py
[2024-10-30T11:00:25.811+0000] {processor.py:925} INFO - DAG(s) 'dataset_alias_example_alias_producer_with_no_taskflow', 'dataset_s3_bucket_producer_with_no_taskflow', 'dataset_s3_bucket_consumer_with_no_taskflow', 'dataset_alias_example_alias_consumer_with_no_taskflow' retrieved from /home/airflow/.local/lib/python3.12/site-packages/airflow/example_dags/example_dataset_alias_with_no_taskflow.py
[2024-10-30T11:00:25.827+0000] {logging_mixin.py:190} INFO - [2024-10-30T11:00:25.827+0000] {dag.py:3239} INFO - Sync 4 DAGs
[2024-10-30T11:00:25.842+0000] {logging_mixin.py:190} INFO - [2024-10-30T11:00:25.842+0000] {dag.py:4180} INFO - Setting next_dagrun for dataset_alias_example_alias_consumer_with_no_taskflow to None, run_after=None
[2024-10-30T11:00:25.846+0000] {logging_mixin.py:190} INFO - [2024-10-30T11:00:25.846+0000] {dag.py:4180} INFO - Setting next_dagrun for dataset_alias_example_alias_producer_with_no_taskflow to None, run_after=None
[2024-10-30T11:00:25.847+0000] {logging_mixin.py:190} INFO - [2024-10-30T11:00:25.847+0000] {dag.py:4180} INFO - Setting next_dagrun for dataset_s3_bucket_consumer_with_no_taskflow to None, run_after=None
[2024-10-30T11:00:25.848+0000] {logging_mixin.py:190} INFO - [2024-10-30T11:00:25.848+0000] {dag.py:4180} INFO - Setting next_dagrun for dataset_s3_bucket_producer_with_no_taskflow to None, run_after=None
[2024-10-30T11:00:25.863+0000] {processor.py:208} INFO - Processing /home/airflow/.local/lib/python3.12/site-packages/airflow/example_dags/example_dataset_alias_with_no_taskflow.py took 0.168 seconds
[2024-10-30T11:00:56.730+0000] {processor.py:186} INFO - Started process (PID=1122) to work on /home/airflow/.local/lib/python3.12/site-packages/airflow/example_dags/example_dataset_alias_with_no_taskflow.py
[2024-10-30T11:00:56.733+0000] {processor.py:914} INFO - Processing file /home/airflow/.local/lib/python3.12/site-packages/airflow/example_dags/example_dataset_alias_with_no_taskflow.py for tasks to queue
[2024-10-30T11:00:56.734+0000] {logging_mixin.py:190} INFO - [2024-10-30T11:00:56.734+0000] {dagbag.py:588} INFO - Filling up the DagBag from /home/airflow/.local/lib/python3.12/site-packages/airflow/example_dags/example_dataset_alias_with_no_taskflow.py
[2024-10-30T11:00:56.855+0000] {processor.py:925} INFO - DAG(s) 'dataset_s3_bucket_producer_with_no_taskflow', 'dataset_alias_example_alias_producer_with_no_taskflow', 'dataset_alias_example_alias_consumer_with_no_taskflow', 'dataset_s3_bucket_consumer_with_no_taskflow' retrieved from /home/airflow/.local/lib/python3.12/site-packages/airflow/example_dags/example_dataset_alias_with_no_taskflow.py
[2024-10-30T11:00:56.872+0000] {logging_mixin.py:190} INFO - [2024-10-30T11:00:56.872+0000] {dag.py:3239} INFO - Sync 4 DAGs
[2024-10-30T11:00:56.889+0000] {logging_mixin.py:190} INFO - [2024-10-30T11:00:56.888+0000] {dag.py:4180} INFO - Setting next_dagrun for dataset_alias_example_alias_consumer_with_no_taskflow to None, run_after=None
[2024-10-30T11:00:56.891+0000] {logging_mixin.py:190} INFO - [2024-10-30T11:00:56.891+0000] {dag.py:4180} INFO - Setting next_dagrun for dataset_alias_example_alias_producer_with_no_taskflow to None, run_after=None
[2024-10-30T11:00:56.894+0000] {logging_mixin.py:190} INFO - [2024-10-30T11:00:56.894+0000] {dag.py:4180} INFO - Setting next_dagrun for dataset_s3_bucket_consumer_with_no_taskflow to None, run_after=None
[2024-10-30T11:00:56.895+0000] {logging_mixin.py:190} INFO - [2024-10-30T11:00:56.895+0000] {dag.py:4180} INFO - Setting next_dagrun for dataset_s3_bucket_producer_with_no_taskflow to None, run_after=None
[2024-10-30T11:00:56.909+0000] {processor.py:208} INFO - Processing /home/airflow/.local/lib/python3.12/site-packages/airflow/example_dags/example_dataset_alias_with_no_taskflow.py took 0.183 seconds
[2024-10-30T11:01:27.386+0000] {processor.py:186} INFO - Started process (PID=1184) to work on /home/airflow/.local/lib/python3.12/site-packages/airflow/example_dags/example_dataset_alias_with_no_taskflow.py
[2024-10-30T11:01:27.389+0000] {processor.py:914} INFO - Processing file /home/airflow/.local/lib/python3.12/site-packages/airflow/example_dags/example_dataset_alias_with_no_taskflow.py for tasks to queue
[2024-10-30T11:01:27.391+0000] {logging_mixin.py:190} INFO - [2024-10-30T11:01:27.391+0000] {dagbag.py:588} INFO - Filling up the DagBag from /home/airflow/.local/lib/python3.12/site-packages/airflow/example_dags/example_dataset_alias_with_no_taskflow.py
[2024-10-30T11:01:27.488+0000] {processor.py:925} INFO - DAG(s) 'dataset_alias_example_alias_producer_with_no_taskflow', 'dataset_alias_example_alias_consumer_with_no_taskflow', 'dataset_s3_bucket_consumer_with_no_taskflow', 'dataset_s3_bucket_producer_with_no_taskflow' retrieved from /home/airflow/.local/lib/python3.12/site-packages/airflow/example_dags/example_dataset_alias_with_no_taskflow.py
[2024-10-30T11:01:27.502+0000] {logging_mixin.py:190} INFO - [2024-10-30T11:01:27.502+0000] {dag.py:3239} INFO - Sync 4 DAGs
[2024-10-30T11:01:27.517+0000] {logging_mixin.py:190} INFO - [2024-10-30T11:01:27.517+0000] {dag.py:4180} INFO - Setting next_dagrun for dataset_alias_example_alias_consumer_with_no_taskflow to None, run_after=None
[2024-10-30T11:01:27.519+0000] {logging_mixin.py:190} INFO - [2024-10-30T11:01:27.519+0000] {dag.py:4180} INFO - Setting next_dagrun for dataset_alias_example_alias_producer_with_no_taskflow to None, run_after=None
[2024-10-30T11:01:27.520+0000] {logging_mixin.py:190} INFO - [2024-10-30T11:01:27.520+0000] {dag.py:4180} INFO - Setting next_dagrun for dataset_s3_bucket_consumer_with_no_taskflow to None, run_after=None
[2024-10-30T11:01:27.521+0000] {logging_mixin.py:190} INFO - [2024-10-30T11:01:27.521+0000] {dag.py:4180} INFO - Setting next_dagrun for dataset_s3_bucket_producer_with_no_taskflow to None, run_after=None
[2024-10-30T11:01:27.533+0000] {processor.py:208} INFO - Processing /home/airflow/.local/lib/python3.12/site-packages/airflow/example_dags/example_dataset_alias_with_no_taskflow.py took 0.152 seconds
[2024-10-30T11:01:58.218+0000] {processor.py:186} INFO - Started process (PID=1246) to work on /home/airflow/.local/lib/python3.12/site-packages/airflow/example_dags/example_dataset_alias_with_no_taskflow.py
[2024-10-30T11:01:58.220+0000] {processor.py:914} INFO - Processing file /home/airflow/.local/lib/python3.12/site-packages/airflow/example_dags/example_dataset_alias_with_no_taskflow.py for tasks to queue
[2024-10-30T11:01:58.224+0000] {logging_mixin.py:190} INFO - [2024-10-30T11:01:58.224+0000] {dagbag.py:588} INFO - Filling up the DagBag from /home/airflow/.local/lib/python3.12/site-packages/airflow/example_dags/example_dataset_alias_with_no_taskflow.py
[2024-10-30T11:01:58.346+0000] {processor.py:925} INFO - DAG(s) 'dataset_s3_bucket_consumer_with_no_taskflow', 'dataset_s3_bucket_producer_with_no_taskflow', 'dataset_alias_example_alias_producer_with_no_taskflow', 'dataset_alias_example_alias_consumer_with_no_taskflow' retrieved from /home/airflow/.local/lib/python3.12/site-packages/airflow/example_dags/example_dataset_alias_with_no_taskflow.py
[2024-10-30T11:01:58.359+0000] {logging_mixin.py:190} INFO - [2024-10-30T11:01:58.359+0000] {dag.py:3239} INFO - Sync 4 DAGs
[2024-10-30T11:01:58.374+0000] {logging_mixin.py:190} INFO - [2024-10-30T11:01:58.374+0000] {dag.py:4180} INFO - Setting next_dagrun for dataset_alias_example_alias_consumer_with_no_taskflow to None, run_after=None
[2024-10-30T11:01:58.376+0000] {logging_mixin.py:190} INFO - [2024-10-30T11:01:58.376+0000] {dag.py:4180} INFO - Setting next_dagrun for dataset_alias_example_alias_producer_with_no_taskflow to None, run_after=None
[2024-10-30T11:01:58.380+0000] {logging_mixin.py:190} INFO - [2024-10-30T11:01:58.380+0000] {dag.py:4180} INFO - Setting next_dagrun for dataset_s3_bucket_consumer_with_no_taskflow to None, run_after=None
[2024-10-30T11:01:58.381+0000] {logging_mixin.py:190} INFO - [2024-10-30T11:01:58.380+0000] {dag.py:4180} INFO - Setting next_dagrun for dataset_s3_bucket_producer_with_no_taskflow to None, run_after=None
[2024-10-30T11:01:58.395+0000] {processor.py:208} INFO - Processing /home/airflow/.local/lib/python3.12/site-packages/airflow/example_dags/example_dataset_alias_with_no_taskflow.py took 0.183 seconds
[2024-10-30T11:02:29.069+0000] {processor.py:186} INFO - Started process (PID=1307) to work on /home/airflow/.local/lib/python3.12/site-packages/airflow/example_dags/example_dataset_alias_with_no_taskflow.py
[2024-10-30T11:02:29.072+0000] {processor.py:914} INFO - Processing file /home/airflow/.local/lib/python3.12/site-packages/airflow/example_dags/example_dataset_alias_with_no_taskflow.py for tasks to queue
[2024-10-30T11:02:29.078+0000] {logging_mixin.py:190} INFO - [2024-10-30T11:02:29.077+0000] {dagbag.py:588} INFO - Filling up the DagBag from /home/airflow/.local/lib/python3.12/site-packages/airflow/example_dags/example_dataset_alias_with_no_taskflow.py
[2024-10-30T11:02:29.180+0000] {processor.py:925} INFO - DAG(s) 'dataset_s3_bucket_producer_with_no_taskflow', 'dataset_s3_bucket_consumer_with_no_taskflow', 'dataset_alias_example_alias_consumer_with_no_taskflow', 'dataset_alias_example_alias_producer_with_no_taskflow' retrieved from /home/airflow/.local/lib/python3.12/site-packages/airflow/example_dags/example_dataset_alias_with_no_taskflow.py
[2024-10-30T11:02:29.194+0000] {logging_mixin.py:190} INFO - [2024-10-30T11:02:29.194+0000] {dag.py:3239} INFO - Sync 4 DAGs
[2024-10-30T11:02:29.208+0000] {logging_mixin.py:190} INFO - [2024-10-30T11:02:29.208+0000] {dag.py:4180} INFO - Setting next_dagrun for dataset_alias_example_alias_consumer_with_no_taskflow to None, run_after=None
[2024-10-30T11:02:29.210+0000] {logging_mixin.py:190} INFO - [2024-10-30T11:02:29.210+0000] {dag.py:4180} INFO - Setting next_dagrun for dataset_alias_example_alias_producer_with_no_taskflow to None, run_after=None
[2024-10-30T11:02:29.211+0000] {logging_mixin.py:190} INFO - [2024-10-30T11:02:29.211+0000] {dag.py:4180} INFO - Setting next_dagrun for dataset_s3_bucket_consumer_with_no_taskflow to None, run_after=None
[2024-10-30T11:02:29.212+0000] {logging_mixin.py:190} INFO - [2024-10-30T11:02:29.212+0000] {dag.py:4180} INFO - Setting next_dagrun for dataset_s3_bucket_producer_with_no_taskflow to None, run_after=None
[2024-10-30T11:02:29.225+0000] {processor.py:208} INFO - Processing /home/airflow/.local/lib/python3.12/site-packages/airflow/example_dags/example_dataset_alias_with_no_taskflow.py took 0.159 seconds
[2024-10-30T11:02:59.775+0000] {processor.py:186} INFO - Started process (PID=1369) to work on /home/airflow/.local/lib/python3.12/site-packages/airflow/example_dags/example_dataset_alias_with_no_taskflow.py
[2024-10-30T11:02:59.778+0000] {processor.py:914} INFO - Processing file /home/airflow/.local/lib/python3.12/site-packages/airflow/example_dags/example_dataset_alias_with_no_taskflow.py for tasks to queue
[2024-10-30T11:02:59.781+0000] {logging_mixin.py:190} INFO - [2024-10-30T11:02:59.780+0000] {dagbag.py:588} INFO - Filling up the DagBag from /home/airflow/.local/lib/python3.12/site-packages/airflow/example_dags/example_dataset_alias_with_no_taskflow.py
[2024-10-30T11:02:59.899+0000] {processor.py:925} INFO - DAG(s) 'dataset_alias_example_alias_producer_with_no_taskflow', 'dataset_alias_example_alias_consumer_with_no_taskflow', 'dataset_s3_bucket_consumer_with_no_taskflow', 'dataset_s3_bucket_producer_with_no_taskflow' retrieved from /home/airflow/.local/lib/python3.12/site-packages/airflow/example_dags/example_dataset_alias_with_no_taskflow.py
[2024-10-30T11:02:59.915+0000] {logging_mixin.py:190} INFO - [2024-10-30T11:02:59.914+0000] {dag.py:3239} INFO - Sync 4 DAGs
[2024-10-30T11:02:59.929+0000] {logging_mixin.py:190} INFO - [2024-10-30T11:02:59.929+0000] {dag.py:4180} INFO - Setting next_dagrun for dataset_alias_example_alias_consumer_with_no_taskflow to None, run_after=None
[2024-10-30T11:02:59.931+0000] {logging_mixin.py:190} INFO - [2024-10-30T11:02:59.931+0000] {dag.py:4180} INFO - Setting next_dagrun for dataset_alias_example_alias_producer_with_no_taskflow to None, run_after=None
[2024-10-30T11:02:59.933+0000] {logging_mixin.py:190} INFO - [2024-10-30T11:02:59.933+0000] {dag.py:4180} INFO - Setting next_dagrun for dataset_s3_bucket_consumer_with_no_taskflow to None, run_after=None
[2024-10-30T11:02:59.935+0000] {logging_mixin.py:190} INFO - [2024-10-30T11:02:59.935+0000] {dag.py:4180} INFO - Setting next_dagrun for dataset_s3_bucket_producer_with_no_taskflow to None, run_after=None
[2024-10-30T11:02:59.949+0000] {processor.py:208} INFO - Processing /home/airflow/.local/lib/python3.12/site-packages/airflow/example_dags/example_dataset_alias_with_no_taskflow.py took 0.181 seconds
[2024-10-30T11:03:30.902+0000] {processor.py:186} INFO - Started process (PID=1431) to work on /home/airflow/.local/lib/python3.12/site-packages/airflow/example_dags/example_dataset_alias_with_no_taskflow.py
[2024-10-30T11:03:30.904+0000] {processor.py:914} INFO - Processing file /home/airflow/.local/lib/python3.12/site-packages/airflow/example_dags/example_dataset_alias_with_no_taskflow.py for tasks to queue
[2024-10-30T11:03:30.908+0000] {logging_mixin.py:190} INFO - [2024-10-30T11:03:30.908+0000] {dagbag.py:588} INFO - Filling up the DagBag from /home/airflow/.local/lib/python3.12/site-packages/airflow/example_dags/example_dataset_alias_with_no_taskflow.py
[2024-10-30T11:03:31.033+0000] {processor.py:925} INFO - DAG(s) 'dataset_alias_example_alias_producer_with_no_taskflow', 'dataset_s3_bucket_consumer_with_no_taskflow', 'dataset_alias_example_alias_consumer_with_no_taskflow', 'dataset_s3_bucket_producer_with_no_taskflow' retrieved from /home/airflow/.local/lib/python3.12/site-packages/airflow/example_dags/example_dataset_alias_with_no_taskflow.py
[2024-10-30T11:03:31.047+0000] {logging_mixin.py:190} INFO - [2024-10-30T11:03:31.047+0000] {dag.py:3239} INFO - Sync 4 DAGs
[2024-10-30T11:03:31.064+0000] {logging_mixin.py:190} INFO - [2024-10-30T11:03:31.064+0000] {dag.py:4180} INFO - Setting next_dagrun for dataset_alias_example_alias_consumer_with_no_taskflow to None, run_after=None
[2024-10-30T11:03:31.066+0000] {logging_mixin.py:190} INFO - [2024-10-30T11:03:31.066+0000] {dag.py:4180} INFO - Setting next_dagrun for dataset_alias_example_alias_producer_with_no_taskflow to None, run_after=None
[2024-10-30T11:03:31.068+0000] {logging_mixin.py:190} INFO - [2024-10-30T11:03:31.068+0000] {dag.py:4180} INFO - Setting next_dagrun for dataset_s3_bucket_consumer_with_no_taskflow to None, run_after=None
[2024-10-30T11:03:31.069+0000] {logging_mixin.py:190} INFO - [2024-10-30T11:03:31.069+0000] {dag.py:4180} INFO - Setting next_dagrun for dataset_s3_bucket_producer_with_no_taskflow to None, run_after=None
[2024-10-30T11:03:31.081+0000] {processor.py:208} INFO - Processing /home/airflow/.local/lib/python3.12/site-packages/airflow/example_dags/example_dataset_alias_with_no_taskflow.py took 0.186 seconds
[2024-10-30T11:04:01.458+0000] {processor.py:186} INFO - Started process (PID=1493) to work on /home/airflow/.local/lib/python3.12/site-packages/airflow/example_dags/example_dataset_alias_with_no_taskflow.py
[2024-10-30T11:04:01.461+0000] {processor.py:914} INFO - Processing file /home/airflow/.local/lib/python3.12/site-packages/airflow/example_dags/example_dataset_alias_with_no_taskflow.py for tasks to queue
[2024-10-30T11:04:01.463+0000] {logging_mixin.py:190} INFO - [2024-10-30T11:04:01.463+0000] {dagbag.py:588} INFO - Filling up the DagBag from /home/airflow/.local/lib/python3.12/site-packages/airflow/example_dags/example_dataset_alias_with_no_taskflow.py
[2024-10-30T11:04:01.597+0000] {processor.py:925} INFO - DAG(s) 'dataset_alias_example_alias_producer_with_no_taskflow', 'dataset_alias_example_alias_consumer_with_no_taskflow', 'dataset_s3_bucket_producer_with_no_taskflow', 'dataset_s3_bucket_consumer_with_no_taskflow' retrieved from /home/airflow/.local/lib/python3.12/site-packages/airflow/example_dags/example_dataset_alias_with_no_taskflow.py
[2024-10-30T11:04:01.614+0000] {logging_mixin.py:190} INFO - [2024-10-30T11:04:01.614+0000] {dag.py:3239} INFO - Sync 4 DAGs
[2024-10-30T11:04:01.630+0000] {logging_mixin.py:190} INFO - [2024-10-30T11:04:01.630+0000] {dag.py:4180} INFO - Setting next_dagrun for dataset_alias_example_alias_consumer_with_no_taskflow to None, run_after=None
[2024-10-30T11:04:01.632+0000] {logging_mixin.py:190} INFO - [2024-10-30T11:04:01.632+0000] {dag.py:4180} INFO - Setting next_dagrun for dataset_alias_example_alias_producer_with_no_taskflow to None, run_after=None
[2024-10-30T11:04:01.633+0000] {logging_mixin.py:190} INFO - [2024-10-30T11:04:01.633+0000] {dag.py:4180} INFO - Setting next_dagrun for dataset_s3_bucket_consumer_with_no_taskflow to None, run_after=None
[2024-10-30T11:04:01.633+0000] {logging_mixin.py:190} INFO - [2024-10-30T11:04:01.633+0000] {dag.py:4180} INFO - Setting next_dagrun for dataset_s3_bucket_producer_with_no_taskflow to None, run_after=None
[2024-10-30T11:04:01.646+0000] {processor.py:208} INFO - Processing /home/airflow/.local/lib/python3.12/site-packages/airflow/example_dags/example_dataset_alias_with_no_taskflow.py took 0.192 seconds
[2024-10-30T11:04:32.257+0000] {processor.py:186} INFO - Started process (PID=1555) to work on /home/airflow/.local/lib/python3.12/site-packages/airflow/example_dags/example_dataset_alias_with_no_taskflow.py
[2024-10-30T11:04:32.258+0000] {processor.py:914} INFO - Processing file /home/airflow/.local/lib/python3.12/site-packages/airflow/example_dags/example_dataset_alias_with_no_taskflow.py for tasks to queue
[2024-10-30T11:04:32.261+0000] {logging_mixin.py:190} INFO - [2024-10-30T11:04:32.260+0000] {dagbag.py:588} INFO - Filling up the DagBag from /home/airflow/.local/lib/python3.12/site-packages/airflow/example_dags/example_dataset_alias_with_no_taskflow.py
[2024-10-30T11:04:32.386+0000] {processor.py:925} INFO - DAG(s) 'dataset_s3_bucket_producer_with_no_taskflow', 'dataset_s3_bucket_consumer_with_no_taskflow', 'dataset_alias_example_alias_consumer_with_no_taskflow', 'dataset_alias_example_alias_producer_with_no_taskflow' retrieved from /home/airflow/.local/lib/python3.12/site-packages/airflow/example_dags/example_dataset_alias_with_no_taskflow.py
[2024-10-30T11:04:32.409+0000] {logging_mixin.py:190} INFO - [2024-10-30T11:04:32.409+0000] {dag.py:3239} INFO - Sync 4 DAGs
[2024-10-30T11:04:32.428+0000] {logging_mixin.py:190} INFO - [2024-10-30T11:04:32.427+0000] {dag.py:4180} INFO - Setting next_dagrun for dataset_alias_example_alias_consumer_with_no_taskflow to None, run_after=None
[2024-10-30T11:04:32.431+0000] {logging_mixin.py:190} INFO - [2024-10-30T11:04:32.430+0000] {dag.py:4180} INFO - Setting next_dagrun for dataset_alias_example_alias_producer_with_no_taskflow to None, run_after=None
[2024-10-30T11:04:32.432+0000] {logging_mixin.py:190} INFO - [2024-10-30T11:04:32.431+0000] {dag.py:4180} INFO - Setting next_dagrun for dataset_s3_bucket_consumer_with_no_taskflow to None, run_after=None
[2024-10-30T11:04:32.433+0000] {logging_mixin.py:190} INFO - [2024-10-30T11:04:32.433+0000] {dag.py:4180} INFO - Setting next_dagrun for dataset_s3_bucket_producer_with_no_taskflow to None, run_after=None
[2024-10-30T11:04:32.447+0000] {processor.py:208} INFO - Processing /home/airflow/.local/lib/python3.12/site-packages/airflow/example_dags/example_dataset_alias_with_no_taskflow.py took 0.199 seconds
[2024-10-30T11:05:02.490+0000] {processor.py:186} INFO - Started process (PID=1617) to work on /home/airflow/.local/lib/python3.12/site-packages/airflow/example_dags/example_dataset_alias_with_no_taskflow.py
[2024-10-30T11:05:02.495+0000] {processor.py:914} INFO - Processing file /home/airflow/.local/lib/python3.12/site-packages/airflow/example_dags/example_dataset_alias_with_no_taskflow.py for tasks to queue
[2024-10-30T11:05:02.499+0000] {logging_mixin.py:190} INFO - [2024-10-30T11:05:02.499+0000] {dagbag.py:588} INFO - Filling up the DagBag from /home/airflow/.local/lib/python3.12/site-packages/airflow/example_dags/example_dataset_alias_with_no_taskflow.py
[2024-10-30T11:05:02.654+0000] {processor.py:925} INFO - DAG(s) 'dataset_alias_example_alias_consumer_with_no_taskflow', 'dataset_s3_bucket_producer_with_no_taskflow', 'dataset_s3_bucket_consumer_with_no_taskflow', 'dataset_alias_example_alias_producer_with_no_taskflow' retrieved from /home/airflow/.local/lib/python3.12/site-packages/airflow/example_dags/example_dataset_alias_with_no_taskflow.py
[2024-10-30T11:05:02.670+0000] {logging_mixin.py:190} INFO - [2024-10-30T11:05:02.670+0000] {dag.py:3239} INFO - Sync 4 DAGs
[2024-10-30T11:05:02.687+0000] {logging_mixin.py:190} INFO - [2024-10-30T11:05:02.687+0000] {dag.py:4180} INFO - Setting next_dagrun for dataset_alias_example_alias_consumer_with_no_taskflow to None, run_after=None
[2024-10-30T11:05:02.689+0000] {logging_mixin.py:190} INFO - [2024-10-30T11:05:02.689+0000] {dag.py:4180} INFO - Setting next_dagrun for dataset_alias_example_alias_producer_with_no_taskflow to None, run_after=None
[2024-10-30T11:05:02.689+0000] {logging_mixin.py:190} INFO - [2024-10-30T11:05:02.689+0000] {dag.py:4180} INFO - Setting next_dagrun for dataset_s3_bucket_consumer_with_no_taskflow to None, run_after=None
[2024-10-30T11:05:02.690+0000] {logging_mixin.py:190} INFO - [2024-10-30T11:05:02.690+0000] {dag.py:4180} INFO - Setting next_dagrun for dataset_s3_bucket_producer_with_no_taskflow to None, run_after=None
[2024-10-30T11:05:02.705+0000] {processor.py:208} INFO - Processing /home/airflow/.local/lib/python3.12/site-packages/airflow/example_dags/example_dataset_alias_with_no_taskflow.py took 0.224 seconds
[2024-10-30T11:05:33.424+0000] {processor.py:186} INFO - Started process (PID=1679) to work on /home/airflow/.local/lib/python3.12/site-packages/airflow/example_dags/example_dataset_alias_with_no_taskflow.py
[2024-10-30T11:05:33.425+0000] {processor.py:914} INFO - Processing file /home/airflow/.local/lib/python3.12/site-packages/airflow/example_dags/example_dataset_alias_with_no_taskflow.py for tasks to queue
[2024-10-30T11:05:33.427+0000] {logging_mixin.py:190} INFO - [2024-10-30T11:05:33.427+0000] {dagbag.py:588} INFO - Filling up the DagBag from /home/airflow/.local/lib/python3.12/site-packages/airflow/example_dags/example_dataset_alias_with_no_taskflow.py
[2024-10-30T11:05:33.536+0000] {processor.py:925} INFO - DAG(s) 'dataset_s3_bucket_consumer_with_no_taskflow', 'dataset_s3_bucket_producer_with_no_taskflow', 'dataset_alias_example_alias_producer_with_no_taskflow', 'dataset_alias_example_alias_consumer_with_no_taskflow' retrieved from /home/airflow/.local/lib/python3.12/site-packages/airflow/example_dags/example_dataset_alias_with_no_taskflow.py
[2024-10-30T11:05:33.551+0000] {logging_mixin.py:190} INFO - [2024-10-30T11:05:33.551+0000] {dag.py:3239} INFO - Sync 4 DAGs
[2024-10-30T11:05:33.566+0000] {logging_mixin.py:190} INFO - [2024-10-30T11:05:33.566+0000] {dag.py:4180} INFO - Setting next_dagrun for dataset_alias_example_alias_consumer_with_no_taskflow to None, run_after=None
[2024-10-30T11:05:33.568+0000] {logging_mixin.py:190} INFO - [2024-10-30T11:05:33.568+0000] {dag.py:4180} INFO - Setting next_dagrun for dataset_alias_example_alias_producer_with_no_taskflow to None, run_after=None
[2024-10-30T11:05:33.569+0000] {logging_mixin.py:190} INFO - [2024-10-30T11:05:33.569+0000] {dag.py:4180} INFO - Setting next_dagrun for dataset_s3_bucket_consumer_with_no_taskflow to None, run_after=None
[2024-10-30T11:05:33.570+0000] {logging_mixin.py:190} INFO - [2024-10-30T11:05:33.570+0000] {dag.py:4180} INFO - Setting next_dagrun for dataset_s3_bucket_producer_with_no_taskflow to None, run_after=None
[2024-10-30T11:05:33.585+0000] {processor.py:208} INFO - Processing /home/airflow/.local/lib/python3.12/site-packages/airflow/example_dags/example_dataset_alias_with_no_taskflow.py took 0.167 seconds
[2024-10-30T11:06:04.360+0000] {processor.py:186} INFO - Started process (PID=1741) to work on /home/airflow/.local/lib/python3.12/site-packages/airflow/example_dags/example_dataset_alias_with_no_taskflow.py
[2024-10-30T11:06:04.361+0000] {processor.py:914} INFO - Processing file /home/airflow/.local/lib/python3.12/site-packages/airflow/example_dags/example_dataset_alias_with_no_taskflow.py for tasks to queue
[2024-10-30T11:06:04.362+0000] {logging_mixin.py:190} INFO - [2024-10-30T11:06:04.362+0000] {dagbag.py:588} INFO - Filling up the DagBag from /home/airflow/.local/lib/python3.12/site-packages/airflow/example_dags/example_dataset_alias_with_no_taskflow.py
[2024-10-30T11:06:04.487+0000] {processor.py:925} INFO - DAG(s) 'dataset_alias_example_alias_producer_with_no_taskflow', 'dataset_s3_bucket_consumer_with_no_taskflow', 'dataset_alias_example_alias_consumer_with_no_taskflow', 'dataset_s3_bucket_producer_with_no_taskflow' retrieved from /home/airflow/.local/lib/python3.12/site-packages/airflow/example_dags/example_dataset_alias_with_no_taskflow.py
[2024-10-30T11:06:04.501+0000] {logging_mixin.py:190} INFO - [2024-10-30T11:06:04.500+0000] {dag.py:3239} INFO - Sync 4 DAGs
[2024-10-30T11:06:04.515+0000] {logging_mixin.py:190} INFO - [2024-10-30T11:06:04.515+0000] {dag.py:4180} INFO - Setting next_dagrun for dataset_alias_example_alias_consumer_with_no_taskflow to None, run_after=None
[2024-10-30T11:06:04.518+0000] {logging_mixin.py:190} INFO - [2024-10-30T11:06:04.518+0000] {dag.py:4180} INFO - Setting next_dagrun for dataset_alias_example_alias_producer_with_no_taskflow to None, run_after=None
[2024-10-30T11:06:04.520+0000] {logging_mixin.py:190} INFO - [2024-10-30T11:06:04.520+0000] {dag.py:4180} INFO - Setting next_dagrun for dataset_s3_bucket_consumer_with_no_taskflow to None, run_after=None
[2024-10-30T11:06:04.521+0000] {logging_mixin.py:190} INFO - [2024-10-30T11:06:04.521+0000] {dag.py:4180} INFO - Setting next_dagrun for dataset_s3_bucket_producer_with_no_taskflow to None, run_after=None
[2024-10-30T11:06:04.534+0000] {processor.py:208} INFO - Processing /home/airflow/.local/lib/python3.12/site-packages/airflow/example_dags/example_dataset_alias_with_no_taskflow.py took 0.179 seconds
[2024-10-30T11:06:35.389+0000] {processor.py:186} INFO - Started process (PID=1803) to work on /home/airflow/.local/lib/python3.12/site-packages/airflow/example_dags/example_dataset_alias_with_no_taskflow.py
[2024-10-30T11:06:35.391+0000] {processor.py:914} INFO - Processing file /home/airflow/.local/lib/python3.12/site-packages/airflow/example_dags/example_dataset_alias_with_no_taskflow.py for tasks to queue
[2024-10-30T11:06:35.395+0000] {logging_mixin.py:190} INFO - [2024-10-30T11:06:35.395+0000] {dagbag.py:588} INFO - Filling up the DagBag from /home/airflow/.local/lib/python3.12/site-packages/airflow/example_dags/example_dataset_alias_with_no_taskflow.py
[2024-10-30T11:06:35.520+0000] {processor.py:925} INFO - DAG(s) 'dataset_alias_example_alias_producer_with_no_taskflow', 'dataset_s3_bucket_producer_with_no_taskflow', 'dataset_s3_bucket_consumer_with_no_taskflow', 'dataset_alias_example_alias_consumer_with_no_taskflow' retrieved from /home/airflow/.local/lib/python3.12/site-packages/airflow/example_dags/example_dataset_alias_with_no_taskflow.py
[2024-10-30T11:06:35.556+0000] {logging_mixin.py:190} INFO - [2024-10-30T11:06:35.556+0000] {dag.py:3239} INFO - Sync 4 DAGs
[2024-10-30T11:06:35.577+0000] {logging_mixin.py:190} INFO - [2024-10-30T11:06:35.576+0000] {dag.py:4180} INFO - Setting next_dagrun for dataset_alias_example_alias_consumer_with_no_taskflow to None, run_after=None
[2024-10-30T11:06:35.580+0000] {logging_mixin.py:190} INFO - [2024-10-30T11:06:35.580+0000] {dag.py:4180} INFO - Setting next_dagrun for dataset_alias_example_alias_producer_with_no_taskflow to None, run_after=None
[2024-10-30T11:06:35.581+0000] {logging_mixin.py:190} INFO - [2024-10-30T11:06:35.581+0000] {dag.py:4180} INFO - Setting next_dagrun for dataset_s3_bucket_consumer_with_no_taskflow to None, run_after=None
[2024-10-30T11:06:35.582+0000] {logging_mixin.py:190} INFO - [2024-10-30T11:06:35.582+0000] {dag.py:4180} INFO - Setting next_dagrun for dataset_s3_bucket_producer_with_no_taskflow to None, run_after=None
[2024-10-30T11:06:35.597+0000] {processor.py:208} INFO - Processing /home/airflow/.local/lib/python3.12/site-packages/airflow/example_dags/example_dataset_alias_with_no_taskflow.py took 0.213 seconds
[2024-10-30T11:07:06.335+0000] {processor.py:186} INFO - Started process (PID=1865) to work on /home/airflow/.local/lib/python3.12/site-packages/airflow/example_dags/example_dataset_alias_with_no_taskflow.py
[2024-10-30T11:07:06.336+0000] {processor.py:914} INFO - Processing file /home/airflow/.local/lib/python3.12/site-packages/airflow/example_dags/example_dataset_alias_with_no_taskflow.py for tasks to queue
[2024-10-30T11:07:06.341+0000] {logging_mixin.py:190} INFO - [2024-10-30T11:07:06.340+0000] {dagbag.py:588} INFO - Filling up the DagBag from /home/airflow/.local/lib/python3.12/site-packages/airflow/example_dags/example_dataset_alias_with_no_taskflow.py
[2024-10-30T11:07:06.488+0000] {processor.py:925} INFO - DAG(s) 'dataset_s3_bucket_consumer_with_no_taskflow', 'dataset_alias_example_alias_consumer_with_no_taskflow', 'dataset_alias_example_alias_producer_with_no_taskflow', 'dataset_s3_bucket_producer_with_no_taskflow' retrieved from /home/airflow/.local/lib/python3.12/site-packages/airflow/example_dags/example_dataset_alias_with_no_taskflow.py
[2024-10-30T11:07:06.504+0000] {logging_mixin.py:190} INFO - [2024-10-30T11:07:06.504+0000] {dag.py:3239} INFO - Sync 4 DAGs
[2024-10-30T11:07:06.521+0000] {logging_mixin.py:190} INFO - [2024-10-30T11:07:06.521+0000] {dag.py:4180} INFO - Setting next_dagrun for dataset_alias_example_alias_consumer_with_no_taskflow to None, run_after=None
[2024-10-30T11:07:06.524+0000] {logging_mixin.py:190} INFO - [2024-10-30T11:07:06.524+0000] {dag.py:4180} INFO - Setting next_dagrun for dataset_alias_example_alias_producer_with_no_taskflow to None, run_after=None
[2024-10-30T11:07:06.527+0000] {logging_mixin.py:190} INFO - [2024-10-30T11:07:06.526+0000] {dag.py:4180} INFO - Setting next_dagrun for dataset_s3_bucket_consumer_with_no_taskflow to None, run_after=None
[2024-10-30T11:07:06.529+0000] {logging_mixin.py:190} INFO - [2024-10-30T11:07:06.529+0000] {dag.py:4180} INFO - Setting next_dagrun for dataset_s3_bucket_producer_with_no_taskflow to None, run_after=None
[2024-10-30T11:07:06.814+0000] {processor.py:208} INFO - Processing /home/airflow/.local/lib/python3.12/site-packages/airflow/example_dags/example_dataset_alias_with_no_taskflow.py took 0.484 seconds
[2024-10-30T11:07:36.866+0000] {processor.py:186} INFO - Started process (PID=1927) to work on /home/airflow/.local/lib/python3.12/site-packages/airflow/example_dags/example_dataset_alias_with_no_taskflow.py
[2024-10-30T11:07:36.868+0000] {processor.py:914} INFO - Processing file /home/airflow/.local/lib/python3.12/site-packages/airflow/example_dags/example_dataset_alias_with_no_taskflow.py for tasks to queue
[2024-10-30T11:07:36.870+0000] {logging_mixin.py:190} INFO - [2024-10-30T11:07:36.870+0000] {dagbag.py:588} INFO - Filling up the DagBag from /home/airflow/.local/lib/python3.12/site-packages/airflow/example_dags/example_dataset_alias_with_no_taskflow.py
[2024-10-30T11:07:37.013+0000] {processor.py:925} INFO - DAG(s) 'dataset_s3_bucket_consumer_with_no_taskflow', 'dataset_alias_example_alias_consumer_with_no_taskflow', 'dataset_alias_example_alias_producer_with_no_taskflow', 'dataset_s3_bucket_producer_with_no_taskflow' retrieved from /home/airflow/.local/lib/python3.12/site-packages/airflow/example_dags/example_dataset_alias_with_no_taskflow.py
[2024-10-30T11:07:37.028+0000] {logging_mixin.py:190} INFO - [2024-10-30T11:07:37.028+0000] {dag.py:3239} INFO - Sync 4 DAGs
[2024-10-30T11:07:37.044+0000] {logging_mixin.py:190} INFO - [2024-10-30T11:07:37.043+0000] {dag.py:4180} INFO - Setting next_dagrun for dataset_alias_example_alias_consumer_with_no_taskflow to None, run_after=None
[2024-10-30T11:07:37.046+0000] {logging_mixin.py:190} INFO - [2024-10-30T11:07:37.046+0000] {dag.py:4180} INFO - Setting next_dagrun for dataset_alias_example_alias_producer_with_no_taskflow to None, run_after=None
[2024-10-30T11:07:37.048+0000] {logging_mixin.py:190} INFO - [2024-10-30T11:07:37.048+0000] {dag.py:4180} INFO - Setting next_dagrun for dataset_s3_bucket_consumer_with_no_taskflow to None, run_after=None
[2024-10-30T11:07:37.049+0000] {logging_mixin.py:190} INFO - [2024-10-30T11:07:37.049+0000] {dag.py:4180} INFO - Setting next_dagrun for dataset_s3_bucket_producer_with_no_taskflow to None, run_after=None
[2024-10-30T11:07:37.063+0000] {processor.py:208} INFO - Processing /home/airflow/.local/lib/python3.12/site-packages/airflow/example_dags/example_dataset_alias_with_no_taskflow.py took 0.202 seconds
[2024-10-30T11:08:07.611+0000] {processor.py:186} INFO - Started process (PID=1989) to work on /home/airflow/.local/lib/python3.12/site-packages/airflow/example_dags/example_dataset_alias_with_no_taskflow.py
[2024-10-30T11:08:07.612+0000] {processor.py:914} INFO - Processing file /home/airflow/.local/lib/python3.12/site-packages/airflow/example_dags/example_dataset_alias_with_no_taskflow.py for tasks to queue
[2024-10-30T11:08:07.614+0000] {logging_mixin.py:190} INFO - [2024-10-30T11:08:07.614+0000] {dagbag.py:588} INFO - Filling up the DagBag from /home/airflow/.local/lib/python3.12/site-packages/airflow/example_dags/example_dataset_alias_with_no_taskflow.py
[2024-10-30T11:08:07.739+0000] {processor.py:925} INFO - DAG(s) 'dataset_s3_bucket_consumer_with_no_taskflow', 'dataset_alias_example_alias_producer_with_no_taskflow', 'dataset_alias_example_alias_consumer_with_no_taskflow', 'dataset_s3_bucket_producer_with_no_taskflow' retrieved from /home/airflow/.local/lib/python3.12/site-packages/airflow/example_dags/example_dataset_alias_with_no_taskflow.py
[2024-10-30T11:08:07.757+0000] {logging_mixin.py:190} INFO - [2024-10-30T11:08:07.757+0000] {dag.py:3239} INFO - Sync 4 DAGs
[2024-10-30T11:08:07.773+0000] {logging_mixin.py:190} INFO - [2024-10-30T11:08:07.772+0000] {dag.py:4180} INFO - Setting next_dagrun for dataset_alias_example_alias_consumer_with_no_taskflow to None, run_after=None
[2024-10-30T11:08:07.775+0000] {logging_mixin.py:190} INFO - [2024-10-30T11:08:07.775+0000] {dag.py:4180} INFO - Setting next_dagrun for dataset_alias_example_alias_producer_with_no_taskflow to None, run_after=None
[2024-10-30T11:08:07.777+0000] {logging_mixin.py:190} INFO - [2024-10-30T11:08:07.777+0000] {dag.py:4180} INFO - Setting next_dagrun for dataset_s3_bucket_consumer_with_no_taskflow to None, run_after=None
[2024-10-30T11:08:07.778+0000] {logging_mixin.py:190} INFO - [2024-10-30T11:08:07.777+0000] {dag.py:4180} INFO - Setting next_dagrun for dataset_s3_bucket_producer_with_no_taskflow to None, run_after=None
[2024-10-30T11:08:07.817+0000] {processor.py:208} INFO - Processing /home/airflow/.local/lib/python3.12/site-packages/airflow/example_dags/example_dataset_alias_with_no_taskflow.py took 0.210 seconds
[2024-10-30T11:08:38.353+0000] {processor.py:186} INFO - Started process (PID=2051) to work on /home/airflow/.local/lib/python3.12/site-packages/airflow/example_dags/example_dataset_alias_with_no_taskflow.py
[2024-10-30T11:08:38.354+0000] {processor.py:914} INFO - Processing file /home/airflow/.local/lib/python3.12/site-packages/airflow/example_dags/example_dataset_alias_with_no_taskflow.py for tasks to queue
[2024-10-30T11:08:38.356+0000] {logging_mixin.py:190} INFO - [2024-10-30T11:08:38.355+0000] {dagbag.py:588} INFO - Filling up the DagBag from /home/airflow/.local/lib/python3.12/site-packages/airflow/example_dags/example_dataset_alias_with_no_taskflow.py
[2024-10-30T11:08:38.456+0000] {processor.py:925} INFO - DAG(s) 'dataset_alias_example_alias_producer_with_no_taskflow', 'dataset_alias_example_alias_consumer_with_no_taskflow', 'dataset_s3_bucket_producer_with_no_taskflow', 'dataset_s3_bucket_consumer_with_no_taskflow' retrieved from /home/airflow/.local/lib/python3.12/site-packages/airflow/example_dags/example_dataset_alias_with_no_taskflow.py
[2024-10-30T11:08:38.469+0000] {logging_mixin.py:190} INFO - [2024-10-30T11:08:38.468+0000] {dag.py:3239} INFO - Sync 4 DAGs
[2024-10-30T11:08:38.483+0000] {logging_mixin.py:190} INFO - [2024-10-30T11:08:38.483+0000] {dag.py:4180} INFO - Setting next_dagrun for dataset_alias_example_alias_consumer_with_no_taskflow to None, run_after=None
[2024-10-30T11:08:38.655+0000] {logging_mixin.py:190} INFO - [2024-10-30T11:08:38.654+0000] {dag.py:4180} INFO - Setting next_dagrun for dataset_alias_example_alias_producer_with_no_taskflow to None, run_after=None
[2024-10-30T11:08:38.656+0000] {logging_mixin.py:190} INFO - [2024-10-30T11:08:38.656+0000] {dag.py:4180} INFO - Setting next_dagrun for dataset_s3_bucket_consumer_with_no_taskflow to None, run_after=None
[2024-10-30T11:08:38.656+0000] {logging_mixin.py:190} INFO - [2024-10-30T11:08:38.656+0000] {dag.py:4180} INFO - Setting next_dagrun for dataset_s3_bucket_producer_with_no_taskflow to None, run_after=None
[2024-10-30T11:08:38.670+0000] {processor.py:208} INFO - Processing /home/airflow/.local/lib/python3.12/site-packages/airflow/example_dags/example_dataset_alias_with_no_taskflow.py took 0.322 seconds
[2024-10-30T11:09:09.531+0000] {processor.py:186} INFO - Started process (PID=2113) to work on /home/airflow/.local/lib/python3.12/site-packages/airflow/example_dags/example_dataset_alias_with_no_taskflow.py
[2024-10-30T11:09:09.533+0000] {processor.py:914} INFO - Processing file /home/airflow/.local/lib/python3.12/site-packages/airflow/example_dags/example_dataset_alias_with_no_taskflow.py for tasks to queue
[2024-10-30T11:09:09.536+0000] {logging_mixin.py:190} INFO - [2024-10-30T11:09:09.536+0000] {dagbag.py:588} INFO - Filling up the DagBag from /home/airflow/.local/lib/python3.12/site-packages/airflow/example_dags/example_dataset_alias_with_no_taskflow.py
[2024-10-30T11:09:09.640+0000] {processor.py:925} INFO - DAG(s) 'dataset_alias_example_alias_consumer_with_no_taskflow', 'dataset_s3_bucket_consumer_with_no_taskflow', 'dataset_s3_bucket_producer_with_no_taskflow', 'dataset_alias_example_alias_producer_with_no_taskflow' retrieved from /home/airflow/.local/lib/python3.12/site-packages/airflow/example_dags/example_dataset_alias_with_no_taskflow.py
[2024-10-30T11:09:09.654+0000] {logging_mixin.py:190} INFO - [2024-10-30T11:09:09.654+0000] {dag.py:3239} INFO - Sync 4 DAGs
[2024-10-30T11:09:09.671+0000] {logging_mixin.py:190} INFO - [2024-10-30T11:09:09.671+0000] {dag.py:4180} INFO - Setting next_dagrun for dataset_alias_example_alias_consumer_with_no_taskflow to None, run_after=None
[2024-10-30T11:09:09.673+0000] {logging_mixin.py:190} INFO - [2024-10-30T11:09:09.673+0000] {dag.py:4180} INFO - Setting next_dagrun for dataset_alias_example_alias_producer_with_no_taskflow to None, run_after=None
[2024-10-30T11:09:09.674+0000] {logging_mixin.py:190} INFO - [2024-10-30T11:09:09.674+0000] {dag.py:4180} INFO - Setting next_dagrun for dataset_s3_bucket_consumer_with_no_taskflow to None, run_after=None
[2024-10-30T11:09:09.676+0000] {logging_mixin.py:190} INFO - [2024-10-30T11:09:09.676+0000] {dag.py:4180} INFO - Setting next_dagrun for dataset_s3_bucket_producer_with_no_taskflow to None, run_after=None
[2024-10-30T11:09:09.687+0000] {processor.py:208} INFO - Processing /home/airflow/.local/lib/python3.12/site-packages/airflow/example_dags/example_dataset_alias_with_no_taskflow.py took 0.161 seconds
