[2024-10-30T10:52:17.523+0000] {processor.py:186} INFO - Started process (PID=103) to work on /home/airflow/.local/lib/python3.12/site-packages/airflow/example_dags/example_python_operator.py
[2024-10-30T10:52:17.526+0000] {processor.py:914} INFO - Processing file /home/airflow/.local/lib/python3.12/site-packages/airflow/example_dags/example_python_operator.py for tasks to queue
[2024-10-30T10:52:17.528+0000] {logging_mixin.py:190} INFO - [2024-10-30T10:52:17.528+0000] {dagbag.py:588} INFO - Filling up the DagBag from /home/airflow/.local/lib/python3.12/site-packages/airflow/example_dags/example_python_operator.py
[2024-10-30T10:52:17.537+0000] {processor.py:925} INFO - DAG(s) 'example_python_operator' retrieved from /home/airflow/.local/lib/python3.12/site-packages/airflow/example_dags/example_python_operator.py
[2024-10-30T10:52:17.604+0000] {logging_mixin.py:190} INFO - [2024-10-30T10:52:17.603+0000] {override.py:1900} INFO - Created Permission View: can delete on DAG:example_python_operator
[2024-10-30T10:52:17.611+0000] {logging_mixin.py:190} INFO - [2024-10-30T10:52:17.611+0000] {override.py:1900} INFO - Created Permission View: can read on DAG:example_python_operator
[2024-10-30T10:52:17.619+0000] {logging_mixin.py:190} INFO - [2024-10-30T10:52:17.619+0000] {override.py:1900} INFO - Created Permission View: can edit on DAG:example_python_operator
[2024-10-30T10:52:17.628+0000] {logging_mixin.py:190} INFO - [2024-10-30T10:52:17.628+0000] {override.py:1900} INFO - Created Permission View: can create on DAG Run:example_python_operator
[2024-10-30T10:52:17.635+0000] {logging_mixin.py:190} INFO - [2024-10-30T10:52:17.634+0000] {override.py:1900} INFO - Created Permission View: can delete on DAG Run:example_python_operator
[2024-10-30T10:52:17.643+0000] {logging_mixin.py:190} INFO - [2024-10-30T10:52:17.643+0000] {override.py:1900} INFO - Created Permission View: can read on DAG Run:example_python_operator
[2024-10-30T10:52:17.647+0000] {logging_mixin.py:190} INFO - [2024-10-30T10:52:17.647+0000] {override.py:1900} INFO - Created Permission View: menu access on DAG Run:example_python_operator
[2024-10-30T10:52:17.648+0000] {logging_mixin.py:190} INFO - [2024-10-30T10:52:17.647+0000] {dag.py:3239} INFO - Sync 1 DAGs
[2024-10-30T10:52:17.658+0000] {logging_mixin.py:190} INFO - [2024-10-30T10:52:17.658+0000] {dag.py:3262} INFO - Creating ORM DAG for example_python_operator
[2024-10-30T10:52:17.658+0000] {logging_mixin.py:190} INFO - [2024-10-30T10:52:17.658+0000] {dag.py:4180} INFO - Setting next_dagrun for example_python_operator to None, run_after=None
[2024-10-30T10:52:17.668+0000] {processor.py:208} INFO - Processing /home/airflow/.local/lib/python3.12/site-packages/airflow/example_dags/example_python_operator.py took 0.150 seconds
[2024-10-30T10:52:47.991+0000] {processor.py:186} INFO - Started process (PID=165) to work on /home/airflow/.local/lib/python3.12/site-packages/airflow/example_dags/example_python_operator.py
[2024-10-30T10:52:47.995+0000] {processor.py:914} INFO - Processing file /home/airflow/.local/lib/python3.12/site-packages/airflow/example_dags/example_python_operator.py for tasks to queue
[2024-10-30T10:52:47.997+0000] {logging_mixin.py:190} INFO - [2024-10-30T10:52:47.997+0000] {dagbag.py:588} INFO - Filling up the DagBag from /home/airflow/.local/lib/python3.12/site-packages/airflow/example_dags/example_python_operator.py
[2024-10-30T10:52:48.004+0000] {processor.py:925} INFO - DAG(s) 'example_python_operator' retrieved from /home/airflow/.local/lib/python3.12/site-packages/airflow/example_dags/example_python_operator.py
[2024-10-30T10:52:48.019+0000] {logging_mixin.py:190} INFO - [2024-10-30T10:52:48.018+0000] {dag.py:3239} INFO - Sync 1 DAGs
[2024-10-30T10:52:48.029+0000] {logging_mixin.py:190} INFO - [2024-10-30T10:52:48.028+0000] {dag.py:4180} INFO - Setting next_dagrun for example_python_operator to None, run_after=None
[2024-10-30T10:52:48.043+0000] {processor.py:208} INFO - Processing /home/airflow/.local/lib/python3.12/site-packages/airflow/example_dags/example_python_operator.py took 0.056 seconds
[2024-10-30T10:53:18.246+0000] {processor.py:186} INFO - Started process (PID=227) to work on /home/airflow/.local/lib/python3.12/site-packages/airflow/example_dags/example_python_operator.py
[2024-10-30T10:53:18.250+0000] {processor.py:914} INFO - Processing file /home/airflow/.local/lib/python3.12/site-packages/airflow/example_dags/example_python_operator.py for tasks to queue
[2024-10-30T10:53:18.251+0000] {logging_mixin.py:190} INFO - [2024-10-30T10:53:18.251+0000] {dagbag.py:588} INFO - Filling up the DagBag from /home/airflow/.local/lib/python3.12/site-packages/airflow/example_dags/example_python_operator.py
[2024-10-30T10:53:18.259+0000] {processor.py:925} INFO - DAG(s) 'example_python_operator' retrieved from /home/airflow/.local/lib/python3.12/site-packages/airflow/example_dags/example_python_operator.py
[2024-10-30T10:53:18.277+0000] {logging_mixin.py:190} INFO - [2024-10-30T10:53:18.276+0000] {dag.py:3239} INFO - Sync 1 DAGs
[2024-10-30T10:53:18.287+0000] {logging_mixin.py:190} INFO - [2024-10-30T10:53:18.287+0000] {dag.py:4180} INFO - Setting next_dagrun for example_python_operator to None, run_after=None
[2024-10-30T10:53:18.298+0000] {processor.py:208} INFO - Processing /home/airflow/.local/lib/python3.12/site-packages/airflow/example_dags/example_python_operator.py took 0.057 seconds
[2024-10-30T10:53:49.301+0000] {processor.py:186} INFO - Started process (PID=289) to work on /home/airflow/.local/lib/python3.12/site-packages/airflow/example_dags/example_python_operator.py
[2024-10-30T10:53:49.303+0000] {processor.py:914} INFO - Processing file /home/airflow/.local/lib/python3.12/site-packages/airflow/example_dags/example_python_operator.py for tasks to queue
[2024-10-30T10:53:49.309+0000] {logging_mixin.py:190} INFO - [2024-10-30T10:53:49.309+0000] {dagbag.py:588} INFO - Filling up the DagBag from /home/airflow/.local/lib/python3.12/site-packages/airflow/example_dags/example_python_operator.py
[2024-10-30T10:53:49.318+0000] {processor.py:925} INFO - DAG(s) 'example_python_operator' retrieved from /home/airflow/.local/lib/python3.12/site-packages/airflow/example_dags/example_python_operator.py
[2024-10-30T10:53:49.340+0000] {logging_mixin.py:190} INFO - [2024-10-30T10:53:49.340+0000] {dag.py:3239} INFO - Sync 1 DAGs
[2024-10-30T10:53:49.352+0000] {logging_mixin.py:190} INFO - [2024-10-30T10:53:49.352+0000] {dag.py:4180} INFO - Setting next_dagrun for example_python_operator to None, run_after=None
[2024-10-30T10:53:49.367+0000] {processor.py:208} INFO - Processing /home/airflow/.local/lib/python3.12/site-packages/airflow/example_dags/example_python_operator.py took 0.072 seconds
[2024-10-30T10:54:20.402+0000] {processor.py:186} INFO - Started process (PID=351) to work on /home/airflow/.local/lib/python3.12/site-packages/airflow/example_dags/example_python_operator.py
[2024-10-30T10:54:20.403+0000] {processor.py:914} INFO - Processing file /home/airflow/.local/lib/python3.12/site-packages/airflow/example_dags/example_python_operator.py for tasks to queue
[2024-10-30T10:54:20.405+0000] {logging_mixin.py:190} INFO - [2024-10-30T10:54:20.405+0000] {dagbag.py:588} INFO - Filling up the DagBag from /home/airflow/.local/lib/python3.12/site-packages/airflow/example_dags/example_python_operator.py
[2024-10-30T10:54:20.412+0000] {processor.py:925} INFO - DAG(s) 'example_python_operator' retrieved from /home/airflow/.local/lib/python3.12/site-packages/airflow/example_dags/example_python_operator.py
[2024-10-30T10:54:20.437+0000] {logging_mixin.py:190} INFO - [2024-10-30T10:54:20.437+0000] {dag.py:3239} INFO - Sync 1 DAGs
[2024-10-30T10:54:20.450+0000] {logging_mixin.py:190} INFO - [2024-10-30T10:54:20.450+0000] {dag.py:4180} INFO - Setting next_dagrun for example_python_operator to None, run_after=None
[2024-10-30T10:54:20.466+0000] {processor.py:208} INFO - Processing /home/airflow/.local/lib/python3.12/site-packages/airflow/example_dags/example_python_operator.py took 0.069 seconds
[2024-10-30T10:54:51.251+0000] {processor.py:186} INFO - Started process (PID=413) to work on /home/airflow/.local/lib/python3.12/site-packages/airflow/example_dags/example_python_operator.py
[2024-10-30T10:54:51.256+0000] {processor.py:914} INFO - Processing file /home/airflow/.local/lib/python3.12/site-packages/airflow/example_dags/example_python_operator.py for tasks to queue
[2024-10-30T10:54:51.258+0000] {logging_mixin.py:190} INFO - [2024-10-30T10:54:51.258+0000] {dagbag.py:588} INFO - Filling up the DagBag from /home/airflow/.local/lib/python3.12/site-packages/airflow/example_dags/example_python_operator.py
[2024-10-30T10:54:51.268+0000] {processor.py:925} INFO - DAG(s) 'example_python_operator' retrieved from /home/airflow/.local/lib/python3.12/site-packages/airflow/example_dags/example_python_operator.py
[2024-10-30T10:54:51.286+0000] {logging_mixin.py:190} INFO - [2024-10-30T10:54:51.285+0000] {dag.py:3239} INFO - Sync 1 DAGs
[2024-10-30T10:54:51.297+0000] {logging_mixin.py:190} INFO - [2024-10-30T10:54:51.297+0000] {dag.py:4180} INFO - Setting next_dagrun for example_python_operator to None, run_after=None
[2024-10-30T10:54:51.312+0000] {processor.py:208} INFO - Processing /home/airflow/.local/lib/python3.12/site-packages/airflow/example_dags/example_python_operator.py took 0.066 seconds
[2024-10-30T10:55:21.489+0000] {processor.py:186} INFO - Started process (PID=475) to work on /home/airflow/.local/lib/python3.12/site-packages/airflow/example_dags/example_python_operator.py
[2024-10-30T10:55:21.493+0000] {processor.py:914} INFO - Processing file /home/airflow/.local/lib/python3.12/site-packages/airflow/example_dags/example_python_operator.py for tasks to queue
[2024-10-30T10:55:21.497+0000] {logging_mixin.py:190} INFO - [2024-10-30T10:55:21.496+0000] {dagbag.py:588} INFO - Filling up the DagBag from /home/airflow/.local/lib/python3.12/site-packages/airflow/example_dags/example_python_operator.py
[2024-10-30T10:55:21.507+0000] {processor.py:925} INFO - DAG(s) 'example_python_operator' retrieved from /home/airflow/.local/lib/python3.12/site-packages/airflow/example_dags/example_python_operator.py
[2024-10-30T10:55:21.528+0000] {logging_mixin.py:190} INFO - [2024-10-30T10:55:21.528+0000] {dag.py:3239} INFO - Sync 1 DAGs
[2024-10-30T10:55:21.541+0000] {logging_mixin.py:190} INFO - [2024-10-30T10:55:21.541+0000] {dag.py:4180} INFO - Setting next_dagrun for example_python_operator to None, run_after=None
[2024-10-30T10:55:21.555+0000] {processor.py:208} INFO - Processing /home/airflow/.local/lib/python3.12/site-packages/airflow/example_dags/example_python_operator.py took 0.071 seconds
[2024-10-30T10:55:52.190+0000] {processor.py:186} INFO - Started process (PID=537) to work on /home/airflow/.local/lib/python3.12/site-packages/airflow/example_dags/example_python_operator.py
[2024-10-30T10:55:52.195+0000] {processor.py:914} INFO - Processing file /home/airflow/.local/lib/python3.12/site-packages/airflow/example_dags/example_python_operator.py for tasks to queue
[2024-10-30T10:55:52.198+0000] {logging_mixin.py:190} INFO - [2024-10-30T10:55:52.198+0000] {dagbag.py:588} INFO - Filling up the DagBag from /home/airflow/.local/lib/python3.12/site-packages/airflow/example_dags/example_python_operator.py
[2024-10-30T10:55:52.210+0000] {processor.py:925} INFO - DAG(s) 'example_python_operator' retrieved from /home/airflow/.local/lib/python3.12/site-packages/airflow/example_dags/example_python_operator.py
[2024-10-30T10:55:52.225+0000] {logging_mixin.py:190} INFO - [2024-10-30T10:55:52.225+0000] {dag.py:3239} INFO - Sync 1 DAGs
[2024-10-30T10:55:52.234+0000] {logging_mixin.py:190} INFO - [2024-10-30T10:55:52.234+0000] {dag.py:4180} INFO - Setting next_dagrun for example_python_operator to None, run_after=None
[2024-10-30T10:55:52.246+0000] {processor.py:208} INFO - Processing /home/airflow/.local/lib/python3.12/site-packages/airflow/example_dags/example_python_operator.py took 0.060 seconds
[2024-10-30T10:56:23.259+0000] {processor.py:186} INFO - Started process (PID=599) to work on /home/airflow/.local/lib/python3.12/site-packages/airflow/example_dags/example_python_operator.py
[2024-10-30T10:56:23.260+0000] {processor.py:914} INFO - Processing file /home/airflow/.local/lib/python3.12/site-packages/airflow/example_dags/example_python_operator.py for tasks to queue
[2024-10-30T10:56:23.261+0000] {logging_mixin.py:190} INFO - [2024-10-30T10:56:23.261+0000] {dagbag.py:588} INFO - Filling up the DagBag from /home/airflow/.local/lib/python3.12/site-packages/airflow/example_dags/example_python_operator.py
[2024-10-30T10:56:23.270+0000] {processor.py:925} INFO - DAG(s) 'example_python_operator' retrieved from /home/airflow/.local/lib/python3.12/site-packages/airflow/example_dags/example_python_operator.py
[2024-10-30T10:56:23.286+0000] {logging_mixin.py:190} INFO - [2024-10-30T10:56:23.286+0000] {dag.py:3239} INFO - Sync 1 DAGs
[2024-10-30T10:56:23.299+0000] {logging_mixin.py:190} INFO - [2024-10-30T10:56:23.299+0000] {dag.py:4180} INFO - Setting next_dagrun for example_python_operator to None, run_after=None
[2024-10-30T10:56:23.312+0000] {processor.py:208} INFO - Processing /home/airflow/.local/lib/python3.12/site-packages/airflow/example_dags/example_python_operator.py took 0.058 seconds
[2024-10-30T10:56:53.957+0000] {processor.py:186} INFO - Started process (PID=661) to work on /home/airflow/.local/lib/python3.12/site-packages/airflow/example_dags/example_python_operator.py
[2024-10-30T10:56:53.962+0000] {processor.py:914} INFO - Processing file /home/airflow/.local/lib/python3.12/site-packages/airflow/example_dags/example_python_operator.py for tasks to queue
[2024-10-30T10:56:53.966+0000] {logging_mixin.py:190} INFO - [2024-10-30T10:56:53.966+0000] {dagbag.py:588} INFO - Filling up the DagBag from /home/airflow/.local/lib/python3.12/site-packages/airflow/example_dags/example_python_operator.py
[2024-10-30T10:56:53.976+0000] {processor.py:925} INFO - DAG(s) 'example_python_operator' retrieved from /home/airflow/.local/lib/python3.12/site-packages/airflow/example_dags/example_python_operator.py
[2024-10-30T10:56:53.993+0000] {logging_mixin.py:190} INFO - [2024-10-30T10:56:53.993+0000] {dag.py:3239} INFO - Sync 1 DAGs
[2024-10-30T10:56:54.004+0000] {logging_mixin.py:190} INFO - [2024-10-30T10:56:54.004+0000] {dag.py:4180} INFO - Setting next_dagrun for example_python_operator to None, run_after=None
[2024-10-30T10:56:54.016+0000] {processor.py:208} INFO - Processing /home/airflow/.local/lib/python3.12/site-packages/airflow/example_dags/example_python_operator.py took 0.063 seconds
[2024-10-30T10:57:24.770+0000] {processor.py:186} INFO - Started process (PID=723) to work on /home/airflow/.local/lib/python3.12/site-packages/airflow/example_dags/example_python_operator.py
[2024-10-30T10:57:24.771+0000] {processor.py:914} INFO - Processing file /home/airflow/.local/lib/python3.12/site-packages/airflow/example_dags/example_python_operator.py for tasks to queue
[2024-10-30T10:57:24.773+0000] {logging_mixin.py:190} INFO - [2024-10-30T10:57:24.773+0000] {dagbag.py:588} INFO - Filling up the DagBag from /home/airflow/.local/lib/python3.12/site-packages/airflow/example_dags/example_python_operator.py
[2024-10-30T10:57:24.784+0000] {processor.py:925} INFO - DAG(s) 'example_python_operator' retrieved from /home/airflow/.local/lib/python3.12/site-packages/airflow/example_dags/example_python_operator.py
[2024-10-30T10:57:24.798+0000] {logging_mixin.py:190} INFO - [2024-10-30T10:57:24.798+0000] {dag.py:3239} INFO - Sync 1 DAGs
[2024-10-30T10:57:24.807+0000] {logging_mixin.py:190} INFO - [2024-10-30T10:57:24.807+0000] {dag.py:4180} INFO - Setting next_dagrun for example_python_operator to None, run_after=None
[2024-10-30T10:57:24.820+0000] {processor.py:208} INFO - Processing /home/airflow/.local/lib/python3.12/site-packages/airflow/example_dags/example_python_operator.py took 0.054 seconds
[2024-10-30T10:57:55.562+0000] {processor.py:186} INFO - Started process (PID=785) to work on /home/airflow/.local/lib/python3.12/site-packages/airflow/example_dags/example_python_operator.py
[2024-10-30T10:57:55.563+0000] {processor.py:914} INFO - Processing file /home/airflow/.local/lib/python3.12/site-packages/airflow/example_dags/example_python_operator.py for tasks to queue
[2024-10-30T10:57:55.564+0000] {logging_mixin.py:190} INFO - [2024-10-30T10:57:55.564+0000] {dagbag.py:588} INFO - Filling up the DagBag from /home/airflow/.local/lib/python3.12/site-packages/airflow/example_dags/example_python_operator.py
[2024-10-30T10:57:55.573+0000] {processor.py:925} INFO - DAG(s) 'example_python_operator' retrieved from /home/airflow/.local/lib/python3.12/site-packages/airflow/example_dags/example_python_operator.py
[2024-10-30T10:57:55.588+0000] {logging_mixin.py:190} INFO - [2024-10-30T10:57:55.588+0000] {dag.py:3239} INFO - Sync 1 DAGs
[2024-10-30T10:57:55.597+0000] {logging_mixin.py:190} INFO - [2024-10-30T10:57:55.597+0000] {dag.py:4180} INFO - Setting next_dagrun for example_python_operator to None, run_after=None
[2024-10-30T10:57:55.608+0000] {processor.py:208} INFO - Processing /home/airflow/.local/lib/python3.12/site-packages/airflow/example_dags/example_python_operator.py took 0.050 seconds
[2024-10-30T10:58:26.421+0000] {processor.py:186} INFO - Started process (PID=846) to work on /home/airflow/.local/lib/python3.12/site-packages/airflow/example_dags/example_python_operator.py
[2024-10-30T10:58:26.422+0000] {processor.py:914} INFO - Processing file /home/airflow/.local/lib/python3.12/site-packages/airflow/example_dags/example_python_operator.py for tasks to queue
[2024-10-30T10:58:26.424+0000] {logging_mixin.py:190} INFO - [2024-10-30T10:58:26.424+0000] {dagbag.py:588} INFO - Filling up the DagBag from /home/airflow/.local/lib/python3.12/site-packages/airflow/example_dags/example_python_operator.py
[2024-10-30T10:58:26.432+0000] {processor.py:925} INFO - DAG(s) 'example_python_operator' retrieved from /home/airflow/.local/lib/python3.12/site-packages/airflow/example_dags/example_python_operator.py
[2024-10-30T10:58:26.447+0000] {logging_mixin.py:190} INFO - [2024-10-30T10:58:26.447+0000] {dag.py:3239} INFO - Sync 1 DAGs
[2024-10-30T10:58:26.457+0000] {logging_mixin.py:190} INFO - [2024-10-30T10:58:26.457+0000] {dag.py:4180} INFO - Setting next_dagrun for example_python_operator to None, run_after=None
[2024-10-30T10:58:26.470+0000] {processor.py:208} INFO - Processing /home/airflow/.local/lib/python3.12/site-packages/airflow/example_dags/example_python_operator.py took 0.053 seconds
[2024-10-30T10:58:57.237+0000] {processor.py:186} INFO - Started process (PID=908) to work on /home/airflow/.local/lib/python3.12/site-packages/airflow/example_dags/example_python_operator.py
[2024-10-30T10:58:57.238+0000] {processor.py:914} INFO - Processing file /home/airflow/.local/lib/python3.12/site-packages/airflow/example_dags/example_python_operator.py for tasks to queue
[2024-10-30T10:58:57.240+0000] {logging_mixin.py:190} INFO - [2024-10-30T10:58:57.240+0000] {dagbag.py:588} INFO - Filling up the DagBag from /home/airflow/.local/lib/python3.12/site-packages/airflow/example_dags/example_python_operator.py
[2024-10-30T10:58:57.248+0000] {processor.py:925} INFO - DAG(s) 'example_python_operator' retrieved from /home/airflow/.local/lib/python3.12/site-packages/airflow/example_dags/example_python_operator.py
[2024-10-30T10:58:57.263+0000] {logging_mixin.py:190} INFO - [2024-10-30T10:58:57.263+0000] {dag.py:3239} INFO - Sync 1 DAGs
[2024-10-30T10:58:57.272+0000] {logging_mixin.py:190} INFO - [2024-10-30T10:58:57.272+0000] {dag.py:4180} INFO - Setting next_dagrun for example_python_operator to None, run_after=None
[2024-10-30T10:58:57.284+0000] {processor.py:208} INFO - Processing /home/airflow/.local/lib/python3.12/site-packages/airflow/example_dags/example_python_operator.py took 0.052 seconds
[2024-10-30T10:59:27.808+0000] {processor.py:186} INFO - Started process (PID=970) to work on /home/airflow/.local/lib/python3.12/site-packages/airflow/example_dags/example_python_operator.py
[2024-10-30T10:59:27.809+0000] {processor.py:914} INFO - Processing file /home/airflow/.local/lib/python3.12/site-packages/airflow/example_dags/example_python_operator.py for tasks to queue
[2024-10-30T10:59:27.811+0000] {logging_mixin.py:190} INFO - [2024-10-30T10:59:27.811+0000] {dagbag.py:588} INFO - Filling up the DagBag from /home/airflow/.local/lib/python3.12/site-packages/airflow/example_dags/example_python_operator.py
[2024-10-30T10:59:27.819+0000] {processor.py:925} INFO - DAG(s) 'example_python_operator' retrieved from /home/airflow/.local/lib/python3.12/site-packages/airflow/example_dags/example_python_operator.py
[2024-10-30T10:59:27.834+0000] {logging_mixin.py:190} INFO - [2024-10-30T10:59:27.834+0000] {dag.py:3239} INFO - Sync 1 DAGs
[2024-10-30T10:59:27.843+0000] {logging_mixin.py:190} INFO - [2024-10-30T10:59:27.843+0000] {dag.py:4180} INFO - Setting next_dagrun for example_python_operator to None, run_after=None
[2024-10-30T10:59:27.853+0000] {processor.py:208} INFO - Processing /home/airflow/.local/lib/python3.12/site-packages/airflow/example_dags/example_python_operator.py took 0.050 seconds
[2024-10-30T10:59:58.691+0000] {processor.py:186} INFO - Started process (PID=1032) to work on /home/airflow/.local/lib/python3.12/site-packages/airflow/example_dags/example_python_operator.py
[2024-10-30T10:59:58.692+0000] {processor.py:914} INFO - Processing file /home/airflow/.local/lib/python3.12/site-packages/airflow/example_dags/example_python_operator.py for tasks to queue
[2024-10-30T10:59:58.694+0000] {logging_mixin.py:190} INFO - [2024-10-30T10:59:58.693+0000] {dagbag.py:588} INFO - Filling up the DagBag from /home/airflow/.local/lib/python3.12/site-packages/airflow/example_dags/example_python_operator.py
[2024-10-30T10:59:58.702+0000] {processor.py:925} INFO - DAG(s) 'example_python_operator' retrieved from /home/airflow/.local/lib/python3.12/site-packages/airflow/example_dags/example_python_operator.py
[2024-10-30T10:59:58.716+0000] {logging_mixin.py:190} INFO - [2024-10-30T10:59:58.715+0000] {dag.py:3239} INFO - Sync 1 DAGs
[2024-10-30T10:59:58.724+0000] {logging_mixin.py:190} INFO - [2024-10-30T10:59:58.724+0000] {dag.py:4180} INFO - Setting next_dagrun for example_python_operator to None, run_after=None
[2024-10-30T10:59:58.735+0000] {processor.py:208} INFO - Processing /home/airflow/.local/lib/python3.12/site-packages/airflow/example_dags/example_python_operator.py took 0.048 seconds
[2024-10-30T11:00:29.493+0000] {processor.py:186} INFO - Started process (PID=1094) to work on /home/airflow/.local/lib/python3.12/site-packages/airflow/example_dags/example_python_operator.py
[2024-10-30T11:00:29.493+0000] {processor.py:914} INFO - Processing file /home/airflow/.local/lib/python3.12/site-packages/airflow/example_dags/example_python_operator.py for tasks to queue
[2024-10-30T11:00:29.495+0000] {logging_mixin.py:190} INFO - [2024-10-30T11:00:29.495+0000] {dagbag.py:588} INFO - Filling up the DagBag from /home/airflow/.local/lib/python3.12/site-packages/airflow/example_dags/example_python_operator.py
[2024-10-30T11:00:29.505+0000] {processor.py:925} INFO - DAG(s) 'example_python_operator' retrieved from /home/airflow/.local/lib/python3.12/site-packages/airflow/example_dags/example_python_operator.py
[2024-10-30T11:00:29.525+0000] {logging_mixin.py:190} INFO - [2024-10-30T11:00:29.524+0000] {dag.py:3239} INFO - Sync 1 DAGs
[2024-10-30T11:00:29.534+0000] {logging_mixin.py:190} INFO - [2024-10-30T11:00:29.534+0000] {dag.py:4180} INFO - Setting next_dagrun for example_python_operator to None, run_after=None
[2024-10-30T11:00:29.546+0000] {processor.py:208} INFO - Processing /home/airflow/.local/lib/python3.12/site-packages/airflow/example_dags/example_python_operator.py took 0.058 seconds
[2024-10-30T11:01:00.341+0000] {processor.py:186} INFO - Started process (PID=1156) to work on /home/airflow/.local/lib/python3.12/site-packages/airflow/example_dags/example_python_operator.py
[2024-10-30T11:01:00.343+0000] {processor.py:914} INFO - Processing file /home/airflow/.local/lib/python3.12/site-packages/airflow/example_dags/example_python_operator.py for tasks to queue
[2024-10-30T11:01:00.345+0000] {logging_mixin.py:190} INFO - [2024-10-30T11:01:00.345+0000] {dagbag.py:588} INFO - Filling up the DagBag from /home/airflow/.local/lib/python3.12/site-packages/airflow/example_dags/example_python_operator.py
[2024-10-30T11:01:00.353+0000] {processor.py:925} INFO - DAG(s) 'example_python_operator' retrieved from /home/airflow/.local/lib/python3.12/site-packages/airflow/example_dags/example_python_operator.py
[2024-10-30T11:01:00.369+0000] {logging_mixin.py:190} INFO - [2024-10-30T11:01:00.369+0000] {dag.py:3239} INFO - Sync 1 DAGs
[2024-10-30T11:01:00.379+0000] {logging_mixin.py:190} INFO - [2024-10-30T11:01:00.379+0000] {dag.py:4180} INFO - Setting next_dagrun for example_python_operator to None, run_after=None
[2024-10-30T11:01:00.392+0000] {processor.py:208} INFO - Processing /home/airflow/.local/lib/python3.12/site-packages/airflow/example_dags/example_python_operator.py took 0.055 seconds
[2024-10-30T11:01:31.043+0000] {processor.py:186} INFO - Started process (PID=1218) to work on /home/airflow/.local/lib/python3.12/site-packages/airflow/example_dags/example_python_operator.py
[2024-10-30T11:01:31.046+0000] {processor.py:914} INFO - Processing file /home/airflow/.local/lib/python3.12/site-packages/airflow/example_dags/example_python_operator.py for tasks to queue
[2024-10-30T11:01:31.048+0000] {logging_mixin.py:190} INFO - [2024-10-30T11:01:31.048+0000] {dagbag.py:588} INFO - Filling up the DagBag from /home/airflow/.local/lib/python3.12/site-packages/airflow/example_dags/example_python_operator.py
[2024-10-30T11:01:31.056+0000] {processor.py:925} INFO - DAG(s) 'example_python_operator' retrieved from /home/airflow/.local/lib/python3.12/site-packages/airflow/example_dags/example_python_operator.py
[2024-10-30T11:01:31.073+0000] {logging_mixin.py:190} INFO - [2024-10-30T11:01:31.073+0000] {dag.py:3239} INFO - Sync 1 DAGs
[2024-10-30T11:01:31.082+0000] {logging_mixin.py:190} INFO - [2024-10-30T11:01:31.082+0000] {dag.py:4180} INFO - Setting next_dagrun for example_python_operator to None, run_after=None
[2024-10-30T11:01:31.092+0000] {processor.py:208} INFO - Processing /home/airflow/.local/lib/python3.12/site-packages/airflow/example_dags/example_python_operator.py took 0.053 seconds
[2024-10-30T11:02:01.932+0000] {processor.py:186} INFO - Started process (PID=1280) to work on /home/airflow/.local/lib/python3.12/site-packages/airflow/example_dags/example_python_operator.py
[2024-10-30T11:02:01.933+0000] {processor.py:914} INFO - Processing file /home/airflow/.local/lib/python3.12/site-packages/airflow/example_dags/example_python_operator.py for tasks to queue
[2024-10-30T11:02:01.934+0000] {logging_mixin.py:190} INFO - [2024-10-30T11:02:01.934+0000] {dagbag.py:588} INFO - Filling up the DagBag from /home/airflow/.local/lib/python3.12/site-packages/airflow/example_dags/example_python_operator.py
[2024-10-30T11:02:01.943+0000] {processor.py:925} INFO - DAG(s) 'example_python_operator' retrieved from /home/airflow/.local/lib/python3.12/site-packages/airflow/example_dags/example_python_operator.py
[2024-10-30T11:02:01.960+0000] {logging_mixin.py:190} INFO - [2024-10-30T11:02:01.959+0000] {dag.py:3239} INFO - Sync 1 DAGs
[2024-10-30T11:02:01.969+0000] {logging_mixin.py:190} INFO - [2024-10-30T11:02:01.969+0000] {dag.py:4180} INFO - Setting next_dagrun for example_python_operator to None, run_after=None
[2024-10-30T11:02:01.980+0000] {processor.py:208} INFO - Processing /home/airflow/.local/lib/python3.12/site-packages/airflow/example_dags/example_python_operator.py took 0.053 seconds
[2024-10-30T11:02:32.684+0000] {processor.py:186} INFO - Started process (PID=1341) to work on /home/airflow/.local/lib/python3.12/site-packages/airflow/example_dags/example_python_operator.py
[2024-10-30T11:02:32.685+0000] {processor.py:914} INFO - Processing file /home/airflow/.local/lib/python3.12/site-packages/airflow/example_dags/example_python_operator.py for tasks to queue
[2024-10-30T11:02:32.687+0000] {logging_mixin.py:190} INFO - [2024-10-30T11:02:32.687+0000] {dagbag.py:588} INFO - Filling up the DagBag from /home/airflow/.local/lib/python3.12/site-packages/airflow/example_dags/example_python_operator.py
[2024-10-30T11:02:32.695+0000] {processor.py:925} INFO - DAG(s) 'example_python_operator' retrieved from /home/airflow/.local/lib/python3.12/site-packages/airflow/example_dags/example_python_operator.py
[2024-10-30T11:02:32.709+0000] {logging_mixin.py:190} INFO - [2024-10-30T11:02:32.709+0000] {dag.py:3239} INFO - Sync 1 DAGs
[2024-10-30T11:02:32.718+0000] {logging_mixin.py:190} INFO - [2024-10-30T11:02:32.717+0000] {dag.py:4180} INFO - Setting next_dagrun for example_python_operator to None, run_after=None
[2024-10-30T11:02:32.728+0000] {processor.py:208} INFO - Processing /home/airflow/.local/lib/python3.12/site-packages/airflow/example_dags/example_python_operator.py took 0.047 seconds
[2024-10-30T11:03:03.698+0000] {processor.py:186} INFO - Started process (PID=1403) to work on /home/airflow/.local/lib/python3.12/site-packages/airflow/example_dags/example_python_operator.py
[2024-10-30T11:03:03.702+0000] {processor.py:914} INFO - Processing file /home/airflow/.local/lib/python3.12/site-packages/airflow/example_dags/example_python_operator.py for tasks to queue
[2024-10-30T11:03:03.704+0000] {logging_mixin.py:190} INFO - [2024-10-30T11:03:03.704+0000] {dagbag.py:588} INFO - Filling up the DagBag from /home/airflow/.local/lib/python3.12/site-packages/airflow/example_dags/example_python_operator.py
[2024-10-30T11:03:03.713+0000] {processor.py:925} INFO - DAG(s) 'example_python_operator' retrieved from /home/airflow/.local/lib/python3.12/site-packages/airflow/example_dags/example_python_operator.py
[2024-10-30T11:03:03.727+0000] {logging_mixin.py:190} INFO - [2024-10-30T11:03:03.727+0000] {dag.py:3239} INFO - Sync 1 DAGs
[2024-10-30T11:03:03.736+0000] {logging_mixin.py:190} INFO - [2024-10-30T11:03:03.736+0000] {dag.py:4180} INFO - Setting next_dagrun for example_python_operator to None, run_after=None
[2024-10-30T11:03:03.748+0000] {processor.py:208} INFO - Processing /home/airflow/.local/lib/python3.12/site-packages/airflow/example_dags/example_python_operator.py took 0.054 seconds
[2024-10-30T11:03:34.451+0000] {processor.py:186} INFO - Started process (PID=1465) to work on /home/airflow/.local/lib/python3.12/site-packages/airflow/example_dags/example_python_operator.py
[2024-10-30T11:03:34.453+0000] {processor.py:914} INFO - Processing file /home/airflow/.local/lib/python3.12/site-packages/airflow/example_dags/example_python_operator.py for tasks to queue
[2024-10-30T11:03:34.455+0000] {logging_mixin.py:190} INFO - [2024-10-30T11:03:34.455+0000] {dagbag.py:588} INFO - Filling up the DagBag from /home/airflow/.local/lib/python3.12/site-packages/airflow/example_dags/example_python_operator.py
[2024-10-30T11:03:34.463+0000] {processor.py:925} INFO - DAG(s) 'example_python_operator' retrieved from /home/airflow/.local/lib/python3.12/site-packages/airflow/example_dags/example_python_operator.py
[2024-10-30T11:03:34.477+0000] {logging_mixin.py:190} INFO - [2024-10-30T11:03:34.477+0000] {dag.py:3239} INFO - Sync 1 DAGs
[2024-10-30T11:03:34.486+0000] {logging_mixin.py:190} INFO - [2024-10-30T11:03:34.486+0000] {dag.py:4180} INFO - Setting next_dagrun for example_python_operator to None, run_after=None
[2024-10-30T11:03:34.497+0000] {processor.py:208} INFO - Processing /home/airflow/.local/lib/python3.12/site-packages/airflow/example_dags/example_python_operator.py took 0.050 seconds
[2024-10-30T11:04:05.122+0000] {processor.py:186} INFO - Started process (PID=1527) to work on /home/airflow/.local/lib/python3.12/site-packages/airflow/example_dags/example_python_operator.py
[2024-10-30T11:04:05.123+0000] {processor.py:914} INFO - Processing file /home/airflow/.local/lib/python3.12/site-packages/airflow/example_dags/example_python_operator.py for tasks to queue
[2024-10-30T11:04:05.125+0000] {logging_mixin.py:190} INFO - [2024-10-30T11:04:05.125+0000] {dagbag.py:588} INFO - Filling up the DagBag from /home/airflow/.local/lib/python3.12/site-packages/airflow/example_dags/example_python_operator.py
[2024-10-30T11:04:05.135+0000] {processor.py:925} INFO - DAG(s) 'example_python_operator' retrieved from /home/airflow/.local/lib/python3.12/site-packages/airflow/example_dags/example_python_operator.py
[2024-10-30T11:04:05.151+0000] {logging_mixin.py:190} INFO - [2024-10-30T11:04:05.151+0000] {dag.py:3239} INFO - Sync 1 DAGs
[2024-10-30T11:04:05.161+0000] {logging_mixin.py:190} INFO - [2024-10-30T11:04:05.160+0000] {dag.py:4180} INFO - Setting next_dagrun for example_python_operator to None, run_after=None
[2024-10-30T11:04:05.172+0000] {processor.py:208} INFO - Processing /home/airflow/.local/lib/python3.12/site-packages/airflow/example_dags/example_python_operator.py took 0.054 seconds
[2024-10-30T11:04:35.301+0000] {processor.py:186} INFO - Started process (PID=1589) to work on /home/airflow/.local/lib/python3.12/site-packages/airflow/example_dags/example_python_operator.py
[2024-10-30T11:04:35.304+0000] {processor.py:914} INFO - Processing file /home/airflow/.local/lib/python3.12/site-packages/airflow/example_dags/example_python_operator.py for tasks to queue
[2024-10-30T11:04:35.306+0000] {logging_mixin.py:190} INFO - [2024-10-30T11:04:35.305+0000] {dagbag.py:588} INFO - Filling up the DagBag from /home/airflow/.local/lib/python3.12/site-packages/airflow/example_dags/example_python_operator.py
[2024-10-30T11:04:35.314+0000] {processor.py:925} INFO - DAG(s) 'example_python_operator' retrieved from /home/airflow/.local/lib/python3.12/site-packages/airflow/example_dags/example_python_operator.py
[2024-10-30T11:04:35.329+0000] {logging_mixin.py:190} INFO - [2024-10-30T11:04:35.329+0000] {dag.py:3239} INFO - Sync 1 DAGs
[2024-10-30T11:04:35.340+0000] {logging_mixin.py:190} INFO - [2024-10-30T11:04:35.340+0000] {dag.py:4180} INFO - Setting next_dagrun for example_python_operator to None, run_after=None
[2024-10-30T11:04:35.354+0000] {processor.py:208} INFO - Processing /home/airflow/.local/lib/python3.12/site-packages/airflow/example_dags/example_python_operator.py took 0.057 seconds
[2024-10-30T11:05:06.244+0000] {processor.py:186} INFO - Started process (PID=1651) to work on /home/airflow/.local/lib/python3.12/site-packages/airflow/example_dags/example_python_operator.py
[2024-10-30T11:05:06.245+0000] {processor.py:914} INFO - Processing file /home/airflow/.local/lib/python3.12/site-packages/airflow/example_dags/example_python_operator.py for tasks to queue
[2024-10-30T11:05:06.246+0000] {logging_mixin.py:190} INFO - [2024-10-30T11:05:06.246+0000] {dagbag.py:588} INFO - Filling up the DagBag from /home/airflow/.local/lib/python3.12/site-packages/airflow/example_dags/example_python_operator.py
[2024-10-30T11:05:06.254+0000] {processor.py:925} INFO - DAG(s) 'example_python_operator' retrieved from /home/airflow/.local/lib/python3.12/site-packages/airflow/example_dags/example_python_operator.py
[2024-10-30T11:05:06.269+0000] {logging_mixin.py:190} INFO - [2024-10-30T11:05:06.269+0000] {dag.py:3239} INFO - Sync 1 DAGs
[2024-10-30T11:05:06.278+0000] {logging_mixin.py:190} INFO - [2024-10-30T11:05:06.278+0000] {dag.py:4180} INFO - Setting next_dagrun for example_python_operator to None, run_after=None
[2024-10-30T11:05:06.291+0000] {processor.py:208} INFO - Processing /home/airflow/.local/lib/python3.12/site-packages/airflow/example_dags/example_python_operator.py took 0.052 seconds
[2024-10-30T11:05:37.131+0000] {processor.py:186} INFO - Started process (PID=1713) to work on /home/airflow/.local/lib/python3.12/site-packages/airflow/example_dags/example_python_operator.py
[2024-10-30T11:05:37.132+0000] {processor.py:914} INFO - Processing file /home/airflow/.local/lib/python3.12/site-packages/airflow/example_dags/example_python_operator.py for tasks to queue
[2024-10-30T11:05:37.134+0000] {logging_mixin.py:190} INFO - [2024-10-30T11:05:37.133+0000] {dagbag.py:588} INFO - Filling up the DagBag from /home/airflow/.local/lib/python3.12/site-packages/airflow/example_dags/example_python_operator.py
[2024-10-30T11:05:37.142+0000] {processor.py:925} INFO - DAG(s) 'example_python_operator' retrieved from /home/airflow/.local/lib/python3.12/site-packages/airflow/example_dags/example_python_operator.py
[2024-10-30T11:05:37.160+0000] {logging_mixin.py:190} INFO - [2024-10-30T11:05:37.160+0000] {dag.py:3239} INFO - Sync 1 DAGs
[2024-10-30T11:05:37.169+0000] {logging_mixin.py:190} INFO - [2024-10-30T11:05:37.168+0000] {dag.py:4180} INFO - Setting next_dagrun for example_python_operator to None, run_after=None
[2024-10-30T11:05:37.181+0000] {processor.py:208} INFO - Processing /home/airflow/.local/lib/python3.12/site-packages/airflow/example_dags/example_python_operator.py took 0.053 seconds
[2024-10-30T11:06:08.132+0000] {processor.py:186} INFO - Started process (PID=1775) to work on /home/airflow/.local/lib/python3.12/site-packages/airflow/example_dags/example_python_operator.py
[2024-10-30T11:06:08.135+0000] {processor.py:914} INFO - Processing file /home/airflow/.local/lib/python3.12/site-packages/airflow/example_dags/example_python_operator.py for tasks to queue
[2024-10-30T11:06:08.137+0000] {logging_mixin.py:190} INFO - [2024-10-30T11:06:08.136+0000] {dagbag.py:588} INFO - Filling up the DagBag from /home/airflow/.local/lib/python3.12/site-packages/airflow/example_dags/example_python_operator.py
[2024-10-30T11:06:08.145+0000] {processor.py:925} INFO - DAG(s) 'example_python_operator' retrieved from /home/airflow/.local/lib/python3.12/site-packages/airflow/example_dags/example_python_operator.py
[2024-10-30T11:06:08.164+0000] {logging_mixin.py:190} INFO - [2024-10-30T11:06:08.164+0000] {dag.py:3239} INFO - Sync 1 DAGs
[2024-10-30T11:06:08.173+0000] {logging_mixin.py:190} INFO - [2024-10-30T11:06:08.173+0000] {dag.py:4180} INFO - Setting next_dagrun for example_python_operator to None, run_after=None
[2024-10-30T11:06:08.189+0000] {processor.py:208} INFO - Processing /home/airflow/.local/lib/python3.12/site-packages/airflow/example_dags/example_python_operator.py took 0.060 seconds
[2024-10-30T11:06:39.133+0000] {processor.py:186} INFO - Started process (PID=1837) to work on /home/airflow/.local/lib/python3.12/site-packages/airflow/example_dags/example_python_operator.py
[2024-10-30T11:06:39.134+0000] {processor.py:914} INFO - Processing file /home/airflow/.local/lib/python3.12/site-packages/airflow/example_dags/example_python_operator.py for tasks to queue
[2024-10-30T11:06:39.136+0000] {logging_mixin.py:190} INFO - [2024-10-30T11:06:39.135+0000] {dagbag.py:588} INFO - Filling up the DagBag from /home/airflow/.local/lib/python3.12/site-packages/airflow/example_dags/example_python_operator.py
[2024-10-30T11:06:39.144+0000] {processor.py:925} INFO - DAG(s) 'example_python_operator' retrieved from /home/airflow/.local/lib/python3.12/site-packages/airflow/example_dags/example_python_operator.py
[2024-10-30T11:06:39.158+0000] {logging_mixin.py:190} INFO - [2024-10-30T11:06:39.158+0000] {dag.py:3239} INFO - Sync 1 DAGs
[2024-10-30T11:06:39.167+0000] {logging_mixin.py:190} INFO - [2024-10-30T11:06:39.167+0000] {dag.py:4180} INFO - Setting next_dagrun for example_python_operator to None, run_after=None
[2024-10-30T11:06:39.178+0000] {processor.py:208} INFO - Processing /home/airflow/.local/lib/python3.12/site-packages/airflow/example_dags/example_python_operator.py took 0.049 seconds
[2024-10-30T11:07:09.820+0000] {processor.py:186} INFO - Started process (PID=1899) to work on /home/airflow/.local/lib/python3.12/site-packages/airflow/example_dags/example_python_operator.py
[2024-10-30T11:07:09.822+0000] {processor.py:914} INFO - Processing file /home/airflow/.local/lib/python3.12/site-packages/airflow/example_dags/example_python_operator.py for tasks to queue
[2024-10-30T11:07:09.825+0000] {logging_mixin.py:190} INFO - [2024-10-30T11:07:09.825+0000] {dagbag.py:588} INFO - Filling up the DagBag from /home/airflow/.local/lib/python3.12/site-packages/airflow/example_dags/example_python_operator.py
[2024-10-30T11:07:09.834+0000] {processor.py:925} INFO - DAG(s) 'example_python_operator' retrieved from /home/airflow/.local/lib/python3.12/site-packages/airflow/example_dags/example_python_operator.py
[2024-10-30T11:07:09.849+0000] {logging_mixin.py:190} INFO - [2024-10-30T11:07:09.849+0000] {dag.py:3239} INFO - Sync 1 DAGs
[2024-10-30T11:07:09.859+0000] {logging_mixin.py:190} INFO - [2024-10-30T11:07:09.859+0000] {dag.py:4180} INFO - Setting next_dagrun for example_python_operator to None, run_after=None
[2024-10-30T11:07:09.871+0000] {processor.py:208} INFO - Processing /home/airflow/.local/lib/python3.12/site-packages/airflow/example_dags/example_python_operator.py took 0.054 seconds
[2024-10-30T11:07:40.503+0000] {processor.py:186} INFO - Started process (PID=1961) to work on /home/airflow/.local/lib/python3.12/site-packages/airflow/example_dags/example_python_operator.py
[2024-10-30T11:07:40.505+0000] {processor.py:914} INFO - Processing file /home/airflow/.local/lib/python3.12/site-packages/airflow/example_dags/example_python_operator.py for tasks to queue
[2024-10-30T11:07:40.507+0000] {logging_mixin.py:190} INFO - [2024-10-30T11:07:40.507+0000] {dagbag.py:588} INFO - Filling up the DagBag from /home/airflow/.local/lib/python3.12/site-packages/airflow/example_dags/example_python_operator.py
[2024-10-30T11:07:40.516+0000] {processor.py:925} INFO - DAG(s) 'example_python_operator' retrieved from /home/airflow/.local/lib/python3.12/site-packages/airflow/example_dags/example_python_operator.py
[2024-10-30T11:07:40.532+0000] {logging_mixin.py:190} INFO - [2024-10-30T11:07:40.532+0000] {dag.py:3239} INFO - Sync 1 DAGs
[2024-10-30T11:07:40.541+0000] {logging_mixin.py:190} INFO - [2024-10-30T11:07:40.541+0000] {dag.py:4180} INFO - Setting next_dagrun for example_python_operator to None, run_after=None
[2024-10-30T11:07:40.553+0000] {processor.py:208} INFO - Processing /home/airflow/.local/lib/python3.12/site-packages/airflow/example_dags/example_python_operator.py took 0.054 seconds
[2024-10-30T11:08:11.287+0000] {processor.py:186} INFO - Started process (PID=2023) to work on /home/airflow/.local/lib/python3.12/site-packages/airflow/example_dags/example_python_operator.py
[2024-10-30T11:08:11.289+0000] {processor.py:914} INFO - Processing file /home/airflow/.local/lib/python3.12/site-packages/airflow/example_dags/example_python_operator.py for tasks to queue
[2024-10-30T11:08:11.291+0000] {logging_mixin.py:190} INFO - [2024-10-30T11:08:11.291+0000] {dagbag.py:588} INFO - Filling up the DagBag from /home/airflow/.local/lib/python3.12/site-packages/airflow/example_dags/example_python_operator.py
[2024-10-30T11:08:11.299+0000] {processor.py:925} INFO - DAG(s) 'example_python_operator' retrieved from /home/airflow/.local/lib/python3.12/site-packages/airflow/example_dags/example_python_operator.py
[2024-10-30T11:08:11.313+0000] {logging_mixin.py:190} INFO - [2024-10-30T11:08:11.313+0000] {dag.py:3239} INFO - Sync 1 DAGs
[2024-10-30T11:08:11.323+0000] {logging_mixin.py:190} INFO - [2024-10-30T11:08:11.323+0000] {dag.py:4180} INFO - Setting next_dagrun for example_python_operator to None, run_after=None
[2024-10-30T11:08:11.335+0000] {processor.py:208} INFO - Processing /home/airflow/.local/lib/python3.12/site-packages/airflow/example_dags/example_python_operator.py took 0.052 seconds
[2024-10-30T11:08:42.378+0000] {processor.py:186} INFO - Started process (PID=2085) to work on /home/airflow/.local/lib/python3.12/site-packages/airflow/example_dags/example_python_operator.py
[2024-10-30T11:08:42.380+0000] {processor.py:914} INFO - Processing file /home/airflow/.local/lib/python3.12/site-packages/airflow/example_dags/example_python_operator.py for tasks to queue
[2024-10-30T11:08:42.382+0000] {logging_mixin.py:190} INFO - [2024-10-30T11:08:42.381+0000] {dagbag.py:588} INFO - Filling up the DagBag from /home/airflow/.local/lib/python3.12/site-packages/airflow/example_dags/example_python_operator.py
[2024-10-30T11:08:42.389+0000] {processor.py:925} INFO - DAG(s) 'example_python_operator' retrieved from /home/airflow/.local/lib/python3.12/site-packages/airflow/example_dags/example_python_operator.py
[2024-10-30T11:08:42.406+0000] {logging_mixin.py:190} INFO - [2024-10-30T11:08:42.406+0000] {dag.py:3239} INFO - Sync 1 DAGs
[2024-10-30T11:08:42.416+0000] {logging_mixin.py:190} INFO - [2024-10-30T11:08:42.416+0000] {dag.py:4180} INFO - Setting next_dagrun for example_python_operator to None, run_after=None
[2024-10-30T11:08:42.430+0000] {processor.py:208} INFO - Processing /home/airflow/.local/lib/python3.12/site-packages/airflow/example_dags/example_python_operator.py took 0.056 seconds
[2024-10-30T11:09:13.162+0000] {processor.py:186} INFO - Started process (PID=2147) to work on /home/airflow/.local/lib/python3.12/site-packages/airflow/example_dags/example_python_operator.py
[2024-10-30T11:09:13.164+0000] {processor.py:914} INFO - Processing file /home/airflow/.local/lib/python3.12/site-packages/airflow/example_dags/example_python_operator.py for tasks to queue
[2024-10-30T11:09:13.166+0000] {logging_mixin.py:190} INFO - [2024-10-30T11:09:13.166+0000] {dagbag.py:588} INFO - Filling up the DagBag from /home/airflow/.local/lib/python3.12/site-packages/airflow/example_dags/example_python_operator.py
[2024-10-30T11:09:13.174+0000] {processor.py:925} INFO - DAG(s) 'example_python_operator' retrieved from /home/airflow/.local/lib/python3.12/site-packages/airflow/example_dags/example_python_operator.py
[2024-10-30T11:09:13.188+0000] {logging_mixin.py:190} INFO - [2024-10-30T11:09:13.187+0000] {dag.py:3239} INFO - Sync 1 DAGs
[2024-10-30T11:09:13.196+0000] {logging_mixin.py:190} INFO - [2024-10-30T11:09:13.196+0000] {dag.py:4180} INFO - Setting next_dagrun for example_python_operator to None, run_after=None
[2024-10-30T11:09:13.206+0000] {processor.py:208} INFO - Processing /home/airflow/.local/lib/python3.12/site-packages/airflow/example_dags/example_python_operator.py took 0.047 seconds
