[2024-10-30T10:52:16.541+0000] {processor.py:186} INFO - Started process (PID=93) to work on /home/airflow/.local/lib/python3.12/site-packages/airflow/example_dags/example_task_group.py
[2024-10-30T10:52:16.542+0000] {processor.py:914} INFO - Processing file /home/airflow/.local/lib/python3.12/site-packages/airflow/example_dags/example_task_group.py for tasks to queue
[2024-10-30T10:52:16.545+0000] {logging_mixin.py:190} INFO - [2024-10-30T10:52:16.545+0000] {dagbag.py:588} INFO - Filling up the DagBag from /home/airflow/.local/lib/python3.12/site-packages/airflow/example_dags/example_task_group.py
[2024-10-30T10:52:16.554+0000] {processor.py:925} INFO - DAG(s) 'example_task_group' retrieved from /home/airflow/.local/lib/python3.12/site-packages/airflow/example_dags/example_task_group.py
[2024-10-30T10:52:16.635+0000] {logging_mixin.py:190} INFO - [2024-10-30T10:52:16.634+0000] {override.py:1900} INFO - Created Permission View: can delete on DAG:example_task_group
[2024-10-30T10:52:16.654+0000] {logging_mixin.py:190} INFO - [2024-10-30T10:52:16.653+0000] {override.py:1900} INFO - Created Permission View: can read on DAG:example_task_group
[2024-10-30T10:52:16.663+0000] {logging_mixin.py:190} INFO - [2024-10-30T10:52:16.663+0000] {override.py:1900} INFO - Created Permission View: can edit on DAG:example_task_group
[2024-10-30T10:52:16.678+0000] {logging_mixin.py:190} INFO - [2024-10-30T10:52:16.677+0000] {override.py:1900} INFO - Created Permission View: can create on DAG Run:example_task_group
[2024-10-30T10:52:16.686+0000] {logging_mixin.py:190} INFO - [2024-10-30T10:52:16.686+0000] {override.py:1900} INFO - Created Permission View: can delete on DAG Run:example_task_group
[2024-10-30T10:52:16.690+0000] {logging_mixin.py:190} INFO - [2024-10-30T10:52:16.690+0000] {override.py:1900} INFO - Created Permission View: can read on DAG Run:example_task_group
[2024-10-30T10:52:16.694+0000] {logging_mixin.py:190} INFO - [2024-10-30T10:52:16.694+0000] {override.py:1900} INFO - Created Permission View: menu access on DAG Run:example_task_group
[2024-10-30T10:52:16.697+0000] {logging_mixin.py:190} INFO - [2024-10-30T10:52:16.696+0000] {dag.py:3239} INFO - Sync 1 DAGs
[2024-10-30T10:52:16.707+0000] {logging_mixin.py:190} INFO - [2024-10-30T10:52:16.707+0000] {dag.py:3262} INFO - Creating ORM DAG for example_task_group
[2024-10-30T10:52:16.708+0000] {logging_mixin.py:190} INFO - [2024-10-30T10:52:16.708+0000] {dag.py:4180} INFO - Setting next_dagrun for example_task_group to None, run_after=None
[2024-10-30T10:52:16.725+0000] {processor.py:208} INFO - Processing /home/airflow/.local/lib/python3.12/site-packages/airflow/example_dags/example_task_group.py took 0.188 seconds
[2024-10-30T10:52:47.553+0000] {processor.py:186} INFO - Started process (PID=155) to work on /home/airflow/.local/lib/python3.12/site-packages/airflow/example_dags/example_task_group.py
[2024-10-30T10:52:47.554+0000] {processor.py:914} INFO - Processing file /home/airflow/.local/lib/python3.12/site-packages/airflow/example_dags/example_task_group.py for tasks to queue
[2024-10-30T10:52:47.556+0000] {logging_mixin.py:190} INFO - [2024-10-30T10:52:47.556+0000] {dagbag.py:588} INFO - Filling up the DagBag from /home/airflow/.local/lib/python3.12/site-packages/airflow/example_dags/example_task_group.py
[2024-10-30T10:52:47.561+0000] {processor.py:925} INFO - DAG(s) 'example_task_group' retrieved from /home/airflow/.local/lib/python3.12/site-packages/airflow/example_dags/example_task_group.py
[2024-10-30T10:52:47.577+0000] {logging_mixin.py:190} INFO - [2024-10-30T10:52:47.577+0000] {dag.py:3239} INFO - Sync 1 DAGs
[2024-10-30T10:52:47.586+0000] {logging_mixin.py:190} INFO - [2024-10-30T10:52:47.586+0000] {dag.py:4180} INFO - Setting next_dagrun for example_task_group to None, run_after=None
[2024-10-30T10:52:47.600+0000] {processor.py:208} INFO - Processing /home/airflow/.local/lib/python3.12/site-packages/airflow/example_dags/example_task_group.py took 0.050 seconds
[2024-10-30T10:53:17.782+0000] {processor.py:186} INFO - Started process (PID=217) to work on /home/airflow/.local/lib/python3.12/site-packages/airflow/example_dags/example_task_group.py
[2024-10-30T10:53:17.783+0000] {processor.py:914} INFO - Processing file /home/airflow/.local/lib/python3.12/site-packages/airflow/example_dags/example_task_group.py for tasks to queue
[2024-10-30T10:53:17.784+0000] {logging_mixin.py:190} INFO - [2024-10-30T10:53:17.784+0000] {dagbag.py:588} INFO - Filling up the DagBag from /home/airflow/.local/lib/python3.12/site-packages/airflow/example_dags/example_task_group.py
[2024-10-30T10:53:17.790+0000] {processor.py:925} INFO - DAG(s) 'example_task_group' retrieved from /home/airflow/.local/lib/python3.12/site-packages/airflow/example_dags/example_task_group.py
[2024-10-30T10:53:17.810+0000] {logging_mixin.py:190} INFO - [2024-10-30T10:53:17.809+0000] {dag.py:3239} INFO - Sync 1 DAGs
[2024-10-30T10:53:17.822+0000] {logging_mixin.py:190} INFO - [2024-10-30T10:53:17.822+0000] {dag.py:4180} INFO - Setting next_dagrun for example_task_group to None, run_after=None
[2024-10-30T10:53:17.842+0000] {processor.py:208} INFO - Processing /home/airflow/.local/lib/python3.12/site-packages/airflow/example_dags/example_task_group.py took 0.064 seconds
[2024-10-30T10:53:48.813+0000] {processor.py:186} INFO - Started process (PID=279) to work on /home/airflow/.local/lib/python3.12/site-packages/airflow/example_dags/example_task_group.py
[2024-10-30T10:53:48.815+0000] {processor.py:914} INFO - Processing file /home/airflow/.local/lib/python3.12/site-packages/airflow/example_dags/example_task_group.py for tasks to queue
[2024-10-30T10:53:48.818+0000] {logging_mixin.py:190} INFO - [2024-10-30T10:53:48.818+0000] {dagbag.py:588} INFO - Filling up the DagBag from /home/airflow/.local/lib/python3.12/site-packages/airflow/example_dags/example_task_group.py
[2024-10-30T10:53:48.826+0000] {processor.py:925} INFO - DAG(s) 'example_task_group' retrieved from /home/airflow/.local/lib/python3.12/site-packages/airflow/example_dags/example_task_group.py
[2024-10-30T10:53:48.845+0000] {logging_mixin.py:190} INFO - [2024-10-30T10:53:48.845+0000] {dag.py:3239} INFO - Sync 1 DAGs
[2024-10-30T10:53:48.858+0000] {logging_mixin.py:190} INFO - [2024-10-30T10:53:48.858+0000] {dag.py:4180} INFO - Setting next_dagrun for example_task_group to None, run_after=None
[2024-10-30T10:53:48.875+0000] {processor.py:208} INFO - Processing /home/airflow/.local/lib/python3.12/site-packages/airflow/example_dags/example_task_group.py took 0.067 seconds
[2024-10-30T10:54:19.844+0000] {processor.py:186} INFO - Started process (PID=341) to work on /home/airflow/.local/lib/python3.12/site-packages/airflow/example_dags/example_task_group.py
[2024-10-30T10:54:19.847+0000] {processor.py:914} INFO - Processing file /home/airflow/.local/lib/python3.12/site-packages/airflow/example_dags/example_task_group.py for tasks to queue
[2024-10-30T10:54:19.851+0000] {logging_mixin.py:190} INFO - [2024-10-30T10:54:19.851+0000] {dagbag.py:588} INFO - Filling up the DagBag from /home/airflow/.local/lib/python3.12/site-packages/airflow/example_dags/example_task_group.py
[2024-10-30T10:54:19.858+0000] {processor.py:925} INFO - DAG(s) 'example_task_group' retrieved from /home/airflow/.local/lib/python3.12/site-packages/airflow/example_dags/example_task_group.py
[2024-10-30T10:54:19.875+0000] {logging_mixin.py:190} INFO - [2024-10-30T10:54:19.875+0000] {dag.py:3239} INFO - Sync 1 DAGs
[2024-10-30T10:54:19.885+0000] {logging_mixin.py:190} INFO - [2024-10-30T10:54:19.885+0000] {dag.py:4180} INFO - Setting next_dagrun for example_task_group to None, run_after=None
[2024-10-30T10:54:19.897+0000] {processor.py:208} INFO - Processing /home/airflow/.local/lib/python3.12/site-packages/airflow/example_dags/example_task_group.py took 0.056 seconds
[2024-10-30T10:54:50.801+0000] {processor.py:186} INFO - Started process (PID=403) to work on /home/airflow/.local/lib/python3.12/site-packages/airflow/example_dags/example_task_group.py
[2024-10-30T10:54:50.802+0000] {processor.py:914} INFO - Processing file /home/airflow/.local/lib/python3.12/site-packages/airflow/example_dags/example_task_group.py for tasks to queue
[2024-10-30T10:54:50.804+0000] {logging_mixin.py:190} INFO - [2024-10-30T10:54:50.804+0000] {dagbag.py:588} INFO - Filling up the DagBag from /home/airflow/.local/lib/python3.12/site-packages/airflow/example_dags/example_task_group.py
[2024-10-30T10:54:50.810+0000] {processor.py:925} INFO - DAG(s) 'example_task_group' retrieved from /home/airflow/.local/lib/python3.12/site-packages/airflow/example_dags/example_task_group.py
[2024-10-30T10:54:50.823+0000] {logging_mixin.py:190} INFO - [2024-10-30T10:54:50.823+0000] {dag.py:3239} INFO - Sync 1 DAGs
[2024-10-30T10:54:50.833+0000] {logging_mixin.py:190} INFO - [2024-10-30T10:54:50.833+0000] {dag.py:4180} INFO - Setting next_dagrun for example_task_group to None, run_after=None
[2024-10-30T10:54:50.844+0000] {processor.py:208} INFO - Processing /home/airflow/.local/lib/python3.12/site-packages/airflow/example_dags/example_task_group.py took 0.047 seconds
[2024-10-30T10:55:20.929+0000] {processor.py:186} INFO - Started process (PID=465) to work on /home/airflow/.local/lib/python3.12/site-packages/airflow/example_dags/example_task_group.py
[2024-10-30T10:55:20.930+0000] {processor.py:914} INFO - Processing file /home/airflow/.local/lib/python3.12/site-packages/airflow/example_dags/example_task_group.py for tasks to queue
[2024-10-30T10:55:20.932+0000] {logging_mixin.py:190} INFO - [2024-10-30T10:55:20.932+0000] {dagbag.py:588} INFO - Filling up the DagBag from /home/airflow/.local/lib/python3.12/site-packages/airflow/example_dags/example_task_group.py
[2024-10-30T10:55:20.938+0000] {processor.py:925} INFO - DAG(s) 'example_task_group' retrieved from /home/airflow/.local/lib/python3.12/site-packages/airflow/example_dags/example_task_group.py
[2024-10-30T10:55:20.960+0000] {logging_mixin.py:190} INFO - [2024-10-30T10:55:20.959+0000] {dag.py:3239} INFO - Sync 1 DAGs
[2024-10-30T10:55:20.973+0000] {logging_mixin.py:190} INFO - [2024-10-30T10:55:20.973+0000] {dag.py:4180} INFO - Setting next_dagrun for example_task_group to None, run_after=None
[2024-10-30T10:55:20.985+0000] {processor.py:208} INFO - Processing /home/airflow/.local/lib/python3.12/site-packages/airflow/example_dags/example_task_group.py took 0.061 seconds
[2024-10-30T10:55:51.763+0000] {processor.py:186} INFO - Started process (PID=527) to work on /home/airflow/.local/lib/python3.12/site-packages/airflow/example_dags/example_task_group.py
[2024-10-30T10:55:51.764+0000] {processor.py:914} INFO - Processing file /home/airflow/.local/lib/python3.12/site-packages/airflow/example_dags/example_task_group.py for tasks to queue
[2024-10-30T10:55:51.765+0000] {logging_mixin.py:190} INFO - [2024-10-30T10:55:51.765+0000] {dagbag.py:588} INFO - Filling up the DagBag from /home/airflow/.local/lib/python3.12/site-packages/airflow/example_dags/example_task_group.py
[2024-10-30T10:55:51.771+0000] {processor.py:925} INFO - DAG(s) 'example_task_group' retrieved from /home/airflow/.local/lib/python3.12/site-packages/airflow/example_dags/example_task_group.py
[2024-10-30T10:55:51.789+0000] {logging_mixin.py:190} INFO - [2024-10-30T10:55:51.789+0000] {dag.py:3239} INFO - Sync 1 DAGs
[2024-10-30T10:55:51.799+0000] {logging_mixin.py:190} INFO - [2024-10-30T10:55:51.798+0000] {dag.py:4180} INFO - Setting next_dagrun for example_task_group to None, run_after=None
[2024-10-30T10:55:51.811+0000] {processor.py:208} INFO - Processing /home/airflow/.local/lib/python3.12/site-packages/airflow/example_dags/example_task_group.py took 0.052 seconds
[2024-10-30T10:56:22.661+0000] {processor.py:186} INFO - Started process (PID=589) to work on /home/airflow/.local/lib/python3.12/site-packages/airflow/example_dags/example_task_group.py
[2024-10-30T10:56:22.662+0000] {processor.py:914} INFO - Processing file /home/airflow/.local/lib/python3.12/site-packages/airflow/example_dags/example_task_group.py for tasks to queue
[2024-10-30T10:56:22.664+0000] {logging_mixin.py:190} INFO - [2024-10-30T10:56:22.664+0000] {dagbag.py:588} INFO - Filling up the DagBag from /home/airflow/.local/lib/python3.12/site-packages/airflow/example_dags/example_task_group.py
[2024-10-30T10:56:22.670+0000] {processor.py:925} INFO - DAG(s) 'example_task_group' retrieved from /home/airflow/.local/lib/python3.12/site-packages/airflow/example_dags/example_task_group.py
[2024-10-30T10:56:22.685+0000] {logging_mixin.py:190} INFO - [2024-10-30T10:56:22.685+0000] {dag.py:3239} INFO - Sync 1 DAGs
[2024-10-30T10:56:22.695+0000] {logging_mixin.py:190} INFO - [2024-10-30T10:56:22.694+0000] {dag.py:4180} INFO - Setting next_dagrun for example_task_group to None, run_after=None
[2024-10-30T10:56:22.710+0000] {processor.py:208} INFO - Processing /home/airflow/.local/lib/python3.12/site-packages/airflow/example_dags/example_task_group.py took 0.053 seconds
[2024-10-30T10:56:53.549+0000] {processor.py:186} INFO - Started process (PID=651) to work on /home/airflow/.local/lib/python3.12/site-packages/airflow/example_dags/example_task_group.py
[2024-10-30T10:56:53.554+0000] {processor.py:914} INFO - Processing file /home/airflow/.local/lib/python3.12/site-packages/airflow/example_dags/example_task_group.py for tasks to queue
[2024-10-30T10:56:53.555+0000] {logging_mixin.py:190} INFO - [2024-10-30T10:56:53.555+0000] {dagbag.py:588} INFO - Filling up the DagBag from /home/airflow/.local/lib/python3.12/site-packages/airflow/example_dags/example_task_group.py
[2024-10-30T10:56:53.561+0000] {processor.py:925} INFO - DAG(s) 'example_task_group' retrieved from /home/airflow/.local/lib/python3.12/site-packages/airflow/example_dags/example_task_group.py
[2024-10-30T10:56:53.576+0000] {logging_mixin.py:190} INFO - [2024-10-30T10:56:53.576+0000] {dag.py:3239} INFO - Sync 1 DAGs
[2024-10-30T10:56:53.586+0000] {logging_mixin.py:190} INFO - [2024-10-30T10:56:53.586+0000] {dag.py:4180} INFO - Setting next_dagrun for example_task_group to None, run_after=None
[2024-10-30T10:56:53.599+0000] {processor.py:208} INFO - Processing /home/airflow/.local/lib/python3.12/site-packages/airflow/example_dags/example_task_group.py took 0.053 seconds
[2024-10-30T10:57:24.363+0000] {processor.py:186} INFO - Started process (PID=713) to work on /home/airflow/.local/lib/python3.12/site-packages/airflow/example_dags/example_task_group.py
[2024-10-30T10:57:24.364+0000] {processor.py:914} INFO - Processing file /home/airflow/.local/lib/python3.12/site-packages/airflow/example_dags/example_task_group.py for tasks to queue
[2024-10-30T10:57:24.367+0000] {logging_mixin.py:190} INFO - [2024-10-30T10:57:24.366+0000] {dagbag.py:588} INFO - Filling up the DagBag from /home/airflow/.local/lib/python3.12/site-packages/airflow/example_dags/example_task_group.py
[2024-10-30T10:57:24.375+0000] {processor.py:925} INFO - DAG(s) 'example_task_group' retrieved from /home/airflow/.local/lib/python3.12/site-packages/airflow/example_dags/example_task_group.py
[2024-10-30T10:57:24.391+0000] {logging_mixin.py:190} INFO - [2024-10-30T10:57:24.390+0000] {dag.py:3239} INFO - Sync 1 DAGs
[2024-10-30T10:57:24.400+0000] {logging_mixin.py:190} INFO - [2024-10-30T10:57:24.399+0000] {dag.py:4180} INFO - Setting next_dagrun for example_task_group to None, run_after=None
[2024-10-30T10:57:24.410+0000] {processor.py:208} INFO - Processing /home/airflow/.local/lib/python3.12/site-packages/airflow/example_dags/example_task_group.py took 0.052 seconds
[2024-10-30T10:57:55.126+0000] {processor.py:186} INFO - Started process (PID=775) to work on /home/airflow/.local/lib/python3.12/site-packages/airflow/example_dags/example_task_group.py
[2024-10-30T10:57:55.127+0000] {processor.py:914} INFO - Processing file /home/airflow/.local/lib/python3.12/site-packages/airflow/example_dags/example_task_group.py for tasks to queue
[2024-10-30T10:57:55.129+0000] {logging_mixin.py:190} INFO - [2024-10-30T10:57:55.128+0000] {dagbag.py:588} INFO - Filling up the DagBag from /home/airflow/.local/lib/python3.12/site-packages/airflow/example_dags/example_task_group.py
[2024-10-30T10:57:55.134+0000] {processor.py:925} INFO - DAG(s) 'example_task_group' retrieved from /home/airflow/.local/lib/python3.12/site-packages/airflow/example_dags/example_task_group.py
[2024-10-30T10:57:55.148+0000] {logging_mixin.py:190} INFO - [2024-10-30T10:57:55.148+0000] {dag.py:3239} INFO - Sync 1 DAGs
[2024-10-30T10:57:55.158+0000] {logging_mixin.py:190} INFO - [2024-10-30T10:57:55.158+0000] {dag.py:4180} INFO - Setting next_dagrun for example_task_group to None, run_after=None
[2024-10-30T10:57:55.169+0000] {processor.py:208} INFO - Processing /home/airflow/.local/lib/python3.12/site-packages/airflow/example_dags/example_task_group.py took 0.048 seconds
[2024-10-30T10:58:25.979+0000] {processor.py:186} INFO - Started process (PID=836) to work on /home/airflow/.local/lib/python3.12/site-packages/airflow/example_dags/example_task_group.py
[2024-10-30T10:58:25.980+0000] {processor.py:914} INFO - Processing file /home/airflow/.local/lib/python3.12/site-packages/airflow/example_dags/example_task_group.py for tasks to queue
[2024-10-30T10:58:25.981+0000] {logging_mixin.py:190} INFO - [2024-10-30T10:58:25.981+0000] {dagbag.py:588} INFO - Filling up the DagBag from /home/airflow/.local/lib/python3.12/site-packages/airflow/example_dags/example_task_group.py
[2024-10-30T10:58:25.987+0000] {processor.py:925} INFO - DAG(s) 'example_task_group' retrieved from /home/airflow/.local/lib/python3.12/site-packages/airflow/example_dags/example_task_group.py
[2024-10-30T10:58:26.002+0000] {logging_mixin.py:190} INFO - [2024-10-30T10:58:26.002+0000] {dag.py:3239} INFO - Sync 1 DAGs
[2024-10-30T10:58:26.011+0000] {logging_mixin.py:190} INFO - [2024-10-30T10:58:26.011+0000] {dag.py:4180} INFO - Setting next_dagrun for example_task_group to None, run_after=None
[2024-10-30T10:58:26.023+0000] {processor.py:208} INFO - Processing /home/airflow/.local/lib/python3.12/site-packages/airflow/example_dags/example_task_group.py took 0.048 seconds
[2024-10-30T10:58:56.765+0000] {processor.py:186} INFO - Started process (PID=898) to work on /home/airflow/.local/lib/python3.12/site-packages/airflow/example_dags/example_task_group.py
[2024-10-30T10:58:56.767+0000] {processor.py:914} INFO - Processing file /home/airflow/.local/lib/python3.12/site-packages/airflow/example_dags/example_task_group.py for tasks to queue
[2024-10-30T10:58:56.770+0000] {logging_mixin.py:190} INFO - [2024-10-30T10:58:56.770+0000] {dagbag.py:588} INFO - Filling up the DagBag from /home/airflow/.local/lib/python3.12/site-packages/airflow/example_dags/example_task_group.py
[2024-10-30T10:58:56.776+0000] {processor.py:925} INFO - DAG(s) 'example_task_group' retrieved from /home/airflow/.local/lib/python3.12/site-packages/airflow/example_dags/example_task_group.py
[2024-10-30T10:58:56.791+0000] {logging_mixin.py:190} INFO - [2024-10-30T10:58:56.791+0000] {dag.py:3239} INFO - Sync 1 DAGs
[2024-10-30T10:58:56.801+0000] {logging_mixin.py:190} INFO - [2024-10-30T10:58:56.801+0000] {dag.py:4180} INFO - Setting next_dagrun for example_task_group to None, run_after=None
[2024-10-30T10:58:56.814+0000] {processor.py:208} INFO - Processing /home/airflow/.local/lib/python3.12/site-packages/airflow/example_dags/example_task_group.py took 0.053 seconds
[2024-10-30T10:59:27.431+0000] {processor.py:186} INFO - Started process (PID=960) to work on /home/airflow/.local/lib/python3.12/site-packages/airflow/example_dags/example_task_group.py
[2024-10-30T10:59:27.431+0000] {processor.py:914} INFO - Processing file /home/airflow/.local/lib/python3.12/site-packages/airflow/example_dags/example_task_group.py for tasks to queue
[2024-10-30T10:59:27.433+0000] {logging_mixin.py:190} INFO - [2024-10-30T10:59:27.433+0000] {dagbag.py:588} INFO - Filling up the DagBag from /home/airflow/.local/lib/python3.12/site-packages/airflow/example_dags/example_task_group.py
[2024-10-30T10:59:27.438+0000] {processor.py:925} INFO - DAG(s) 'example_task_group' retrieved from /home/airflow/.local/lib/python3.12/site-packages/airflow/example_dags/example_task_group.py
[2024-10-30T10:59:27.451+0000] {logging_mixin.py:190} INFO - [2024-10-30T10:59:27.451+0000] {dag.py:3239} INFO - Sync 1 DAGs
[2024-10-30T10:59:27.460+0000] {logging_mixin.py:190} INFO - [2024-10-30T10:59:27.460+0000] {dag.py:4180} INFO - Setting next_dagrun for example_task_group to None, run_after=None
[2024-10-30T10:59:27.471+0000] {processor.py:208} INFO - Processing /home/airflow/.local/lib/python3.12/site-packages/airflow/example_dags/example_task_group.py took 0.044 seconds
[2024-10-30T10:59:58.260+0000] {processor.py:186} INFO - Started process (PID=1022) to work on /home/airflow/.local/lib/python3.12/site-packages/airflow/example_dags/example_task_group.py
[2024-10-30T10:59:58.264+0000] {processor.py:914} INFO - Processing file /home/airflow/.local/lib/python3.12/site-packages/airflow/example_dags/example_task_group.py for tasks to queue
[2024-10-30T10:59:58.266+0000] {logging_mixin.py:190} INFO - [2024-10-30T10:59:58.265+0000] {dagbag.py:588} INFO - Filling up the DagBag from /home/airflow/.local/lib/python3.12/site-packages/airflow/example_dags/example_task_group.py
[2024-10-30T10:59:58.274+0000] {processor.py:925} INFO - DAG(s) 'example_task_group' retrieved from /home/airflow/.local/lib/python3.12/site-packages/airflow/example_dags/example_task_group.py
[2024-10-30T10:59:58.288+0000] {logging_mixin.py:190} INFO - [2024-10-30T10:59:58.288+0000] {dag.py:3239} INFO - Sync 1 DAGs
[2024-10-30T10:59:58.297+0000] {logging_mixin.py:190} INFO - [2024-10-30T10:59:58.297+0000] {dag.py:4180} INFO - Setting next_dagrun for example_task_group to None, run_after=None
[2024-10-30T10:59:58.308+0000] {processor.py:208} INFO - Processing /home/airflow/.local/lib/python3.12/site-packages/airflow/example_dags/example_task_group.py took 0.053 seconds
[2024-10-30T11:00:28.974+0000] {processor.py:186} INFO - Started process (PID=1084) to work on /home/airflow/.local/lib/python3.12/site-packages/airflow/example_dags/example_task_group.py
[2024-10-30T11:00:28.975+0000] {processor.py:914} INFO - Processing file /home/airflow/.local/lib/python3.12/site-packages/airflow/example_dags/example_task_group.py for tasks to queue
[2024-10-30T11:00:28.977+0000] {logging_mixin.py:190} INFO - [2024-10-30T11:00:28.977+0000] {dagbag.py:588} INFO - Filling up the DagBag from /home/airflow/.local/lib/python3.12/site-packages/airflow/example_dags/example_task_group.py
[2024-10-30T11:00:28.983+0000] {processor.py:925} INFO - DAG(s) 'example_task_group' retrieved from /home/airflow/.local/lib/python3.12/site-packages/airflow/example_dags/example_task_group.py
[2024-10-30T11:00:28.997+0000] {logging_mixin.py:190} INFO - [2024-10-30T11:00:28.997+0000] {dag.py:3239} INFO - Sync 1 DAGs
[2024-10-30T11:00:29.005+0000] {logging_mixin.py:190} INFO - [2024-10-30T11:00:29.005+0000] {dag.py:4180} INFO - Setting next_dagrun for example_task_group to None, run_after=None
[2024-10-30T11:00:29.017+0000] {processor.py:208} INFO - Processing /home/airflow/.local/lib/python3.12/site-packages/airflow/example_dags/example_task_group.py took 0.047 seconds
[2024-10-30T11:00:59.946+0000] {processor.py:186} INFO - Started process (PID=1146) to work on /home/airflow/.local/lib/python3.12/site-packages/airflow/example_dags/example_task_group.py
[2024-10-30T11:00:59.949+0000] {processor.py:914} INFO - Processing file /home/airflow/.local/lib/python3.12/site-packages/airflow/example_dags/example_task_group.py for tasks to queue
[2024-10-30T11:00:59.951+0000] {logging_mixin.py:190} INFO - [2024-10-30T11:00:59.951+0000] {dagbag.py:588} INFO - Filling up the DagBag from /home/airflow/.local/lib/python3.12/site-packages/airflow/example_dags/example_task_group.py
[2024-10-30T11:00:59.957+0000] {processor.py:925} INFO - DAG(s) 'example_task_group' retrieved from /home/airflow/.local/lib/python3.12/site-packages/airflow/example_dags/example_task_group.py
[2024-10-30T11:00:59.971+0000] {logging_mixin.py:190} INFO - [2024-10-30T11:00:59.971+0000] {dag.py:3239} INFO - Sync 1 DAGs
[2024-10-30T11:00:59.979+0000] {logging_mixin.py:190} INFO - [2024-10-30T11:00:59.979+0000] {dag.py:4180} INFO - Setting next_dagrun for example_task_group to None, run_after=None
[2024-10-30T11:00:59.990+0000] {processor.py:208} INFO - Processing /home/airflow/.local/lib/python3.12/site-packages/airflow/example_dags/example_task_group.py took 0.048 seconds
[2024-10-30T11:01:30.556+0000] {processor.py:186} INFO - Started process (PID=1208) to work on /home/airflow/.local/lib/python3.12/site-packages/airflow/example_dags/example_task_group.py
[2024-10-30T11:01:30.557+0000] {processor.py:914} INFO - Processing file /home/airflow/.local/lib/python3.12/site-packages/airflow/example_dags/example_task_group.py for tasks to queue
[2024-10-30T11:01:30.558+0000] {logging_mixin.py:190} INFO - [2024-10-30T11:01:30.558+0000] {dagbag.py:588} INFO - Filling up the DagBag from /home/airflow/.local/lib/python3.12/site-packages/airflow/example_dags/example_task_group.py
[2024-10-30T11:01:30.564+0000] {processor.py:925} INFO - DAG(s) 'example_task_group' retrieved from /home/airflow/.local/lib/python3.12/site-packages/airflow/example_dags/example_task_group.py
[2024-10-30T11:01:30.577+0000] {logging_mixin.py:190} INFO - [2024-10-30T11:01:30.577+0000] {dag.py:3239} INFO - Sync 1 DAGs
[2024-10-30T11:01:30.586+0000] {logging_mixin.py:190} INFO - [2024-10-30T11:01:30.586+0000] {dag.py:4180} INFO - Setting next_dagrun for example_task_group to None, run_after=None
[2024-10-30T11:01:30.597+0000] {processor.py:208} INFO - Processing /home/airflow/.local/lib/python3.12/site-packages/airflow/example_dags/example_task_group.py took 0.045 seconds
[2024-10-30T11:02:01.465+0000] {processor.py:186} INFO - Started process (PID=1270) to work on /home/airflow/.local/lib/python3.12/site-packages/airflow/example_dags/example_task_group.py
[2024-10-30T11:02:01.466+0000] {processor.py:914} INFO - Processing file /home/airflow/.local/lib/python3.12/site-packages/airflow/example_dags/example_task_group.py for tasks to queue
[2024-10-30T11:02:01.468+0000] {logging_mixin.py:190} INFO - [2024-10-30T11:02:01.468+0000] {dagbag.py:588} INFO - Filling up the DagBag from /home/airflow/.local/lib/python3.12/site-packages/airflow/example_dags/example_task_group.py
[2024-10-30T11:02:01.477+0000] {processor.py:925} INFO - DAG(s) 'example_task_group' retrieved from /home/airflow/.local/lib/python3.12/site-packages/airflow/example_dags/example_task_group.py
[2024-10-30T11:02:01.492+0000] {logging_mixin.py:190} INFO - [2024-10-30T11:02:01.492+0000] {dag.py:3239} INFO - Sync 1 DAGs
[2024-10-30T11:02:01.502+0000] {logging_mixin.py:190} INFO - [2024-10-30T11:02:01.502+0000] {dag.py:4180} INFO - Setting next_dagrun for example_task_group to None, run_after=None
[2024-10-30T11:02:01.513+0000] {processor.py:208} INFO - Processing /home/airflow/.local/lib/python3.12/site-packages/airflow/example_dags/example_task_group.py took 0.053 seconds
[2024-10-30T11:02:32.279+0000] {processor.py:186} INFO - Started process (PID=1331) to work on /home/airflow/.local/lib/python3.12/site-packages/airflow/example_dags/example_task_group.py
[2024-10-30T11:02:32.279+0000] {processor.py:914} INFO - Processing file /home/airflow/.local/lib/python3.12/site-packages/airflow/example_dags/example_task_group.py for tasks to queue
[2024-10-30T11:02:32.281+0000] {logging_mixin.py:190} INFO - [2024-10-30T11:02:32.281+0000] {dagbag.py:588} INFO - Filling up the DagBag from /home/airflow/.local/lib/python3.12/site-packages/airflow/example_dags/example_task_group.py
[2024-10-30T11:02:32.287+0000] {processor.py:925} INFO - DAG(s) 'example_task_group' retrieved from /home/airflow/.local/lib/python3.12/site-packages/airflow/example_dags/example_task_group.py
[2024-10-30T11:02:32.301+0000] {logging_mixin.py:190} INFO - [2024-10-30T11:02:32.301+0000] {dag.py:3239} INFO - Sync 1 DAGs
[2024-10-30T11:02:32.309+0000] {logging_mixin.py:190} INFO - [2024-10-30T11:02:32.309+0000] {dag.py:4180} INFO - Setting next_dagrun for example_task_group to None, run_after=None
[2024-10-30T11:02:32.321+0000] {processor.py:208} INFO - Processing /home/airflow/.local/lib/python3.12/site-packages/airflow/example_dags/example_task_group.py took 0.046 seconds
[2024-10-30T11:03:03.266+0000] {processor.py:186} INFO - Started process (PID=1393) to work on /home/airflow/.local/lib/python3.12/site-packages/airflow/example_dags/example_task_group.py
[2024-10-30T11:03:03.269+0000] {processor.py:914} INFO - Processing file /home/airflow/.local/lib/python3.12/site-packages/airflow/example_dags/example_task_group.py for tasks to queue
[2024-10-30T11:03:03.272+0000] {logging_mixin.py:190} INFO - [2024-10-30T11:03:03.271+0000] {dagbag.py:588} INFO - Filling up the DagBag from /home/airflow/.local/lib/python3.12/site-packages/airflow/example_dags/example_task_group.py
[2024-10-30T11:03:03.278+0000] {processor.py:925} INFO - DAG(s) 'example_task_group' retrieved from /home/airflow/.local/lib/python3.12/site-packages/airflow/example_dags/example_task_group.py
[2024-10-30T11:03:03.292+0000] {logging_mixin.py:190} INFO - [2024-10-30T11:03:03.292+0000] {dag.py:3239} INFO - Sync 1 DAGs
[2024-10-30T11:03:03.301+0000] {logging_mixin.py:190} INFO - [2024-10-30T11:03:03.301+0000] {dag.py:4180} INFO - Setting next_dagrun for example_task_group to None, run_after=None
[2024-10-30T11:03:03.312+0000] {processor.py:208} INFO - Processing /home/airflow/.local/lib/python3.12/site-packages/airflow/example_dags/example_task_group.py took 0.050 seconds
[2024-10-30T11:03:34.025+0000] {processor.py:186} INFO - Started process (PID=1455) to work on /home/airflow/.local/lib/python3.12/site-packages/airflow/example_dags/example_task_group.py
[2024-10-30T11:03:34.028+0000] {processor.py:914} INFO - Processing file /home/airflow/.local/lib/python3.12/site-packages/airflow/example_dags/example_task_group.py for tasks to queue
[2024-10-30T11:03:34.030+0000] {logging_mixin.py:190} INFO - [2024-10-30T11:03:34.030+0000] {dagbag.py:588} INFO - Filling up the DagBag from /home/airflow/.local/lib/python3.12/site-packages/airflow/example_dags/example_task_group.py
[2024-10-30T11:03:34.036+0000] {processor.py:925} INFO - DAG(s) 'example_task_group' retrieved from /home/airflow/.local/lib/python3.12/site-packages/airflow/example_dags/example_task_group.py
[2024-10-30T11:03:34.052+0000] {logging_mixin.py:190} INFO - [2024-10-30T11:03:34.051+0000] {dag.py:3239} INFO - Sync 1 DAGs
[2024-10-30T11:03:34.061+0000] {logging_mixin.py:190} INFO - [2024-10-30T11:03:34.060+0000] {dag.py:4180} INFO - Setting next_dagrun for example_task_group to None, run_after=None
[2024-10-30T11:03:34.072+0000] {processor.py:208} INFO - Processing /home/airflow/.local/lib/python3.12/site-packages/airflow/example_dags/example_task_group.py took 0.051 seconds
[2024-10-30T11:04:04.660+0000] {processor.py:186} INFO - Started process (PID=1517) to work on /home/airflow/.local/lib/python3.12/site-packages/airflow/example_dags/example_task_group.py
[2024-10-30T11:04:04.665+0000] {processor.py:914} INFO - Processing file /home/airflow/.local/lib/python3.12/site-packages/airflow/example_dags/example_task_group.py for tasks to queue
[2024-10-30T11:04:04.667+0000] {logging_mixin.py:190} INFO - [2024-10-30T11:04:04.667+0000] {dagbag.py:588} INFO - Filling up the DagBag from /home/airflow/.local/lib/python3.12/site-packages/airflow/example_dags/example_task_group.py
[2024-10-30T11:04:04.676+0000] {processor.py:925} INFO - DAG(s) 'example_task_group' retrieved from /home/airflow/.local/lib/python3.12/site-packages/airflow/example_dags/example_task_group.py
[2024-10-30T11:04:04.690+0000] {logging_mixin.py:190} INFO - [2024-10-30T11:04:04.690+0000] {dag.py:3239} INFO - Sync 1 DAGs
[2024-10-30T11:04:04.700+0000] {logging_mixin.py:190} INFO - [2024-10-30T11:04:04.700+0000] {dag.py:4180} INFO - Setting next_dagrun for example_task_group to None, run_after=None
[2024-10-30T11:04:04.716+0000] {processor.py:208} INFO - Processing /home/airflow/.local/lib/python3.12/site-packages/airflow/example_dags/example_task_group.py took 0.060 seconds
[2024-10-30T11:04:34.878+0000] {processor.py:186} INFO - Started process (PID=1579) to work on /home/airflow/.local/lib/python3.12/site-packages/airflow/example_dags/example_task_group.py
[2024-10-30T11:04:34.879+0000] {processor.py:914} INFO - Processing file /home/airflow/.local/lib/python3.12/site-packages/airflow/example_dags/example_task_group.py for tasks to queue
[2024-10-30T11:04:34.881+0000] {logging_mixin.py:190} INFO - [2024-10-30T11:04:34.880+0000] {dagbag.py:588} INFO - Filling up the DagBag from /home/airflow/.local/lib/python3.12/site-packages/airflow/example_dags/example_task_group.py
[2024-10-30T11:04:34.887+0000] {processor.py:925} INFO - DAG(s) 'example_task_group' retrieved from /home/airflow/.local/lib/python3.12/site-packages/airflow/example_dags/example_task_group.py
[2024-10-30T11:04:34.901+0000] {logging_mixin.py:190} INFO - [2024-10-30T11:04:34.901+0000] {dag.py:3239} INFO - Sync 1 DAGs
[2024-10-30T11:04:34.913+0000] {logging_mixin.py:190} INFO - [2024-10-30T11:04:34.913+0000] {dag.py:4180} INFO - Setting next_dagrun for example_task_group to None, run_after=None
[2024-10-30T11:04:34.925+0000] {processor.py:208} INFO - Processing /home/airflow/.local/lib/python3.12/site-packages/airflow/example_dags/example_task_group.py took 0.051 seconds
[2024-10-30T11:05:05.781+0000] {processor.py:186} INFO - Started process (PID=1641) to work on /home/airflow/.local/lib/python3.12/site-packages/airflow/example_dags/example_task_group.py
[2024-10-30T11:05:05.782+0000] {processor.py:914} INFO - Processing file /home/airflow/.local/lib/python3.12/site-packages/airflow/example_dags/example_task_group.py for tasks to queue
[2024-10-30T11:05:05.784+0000] {logging_mixin.py:190} INFO - [2024-10-30T11:05:05.783+0000] {dagbag.py:588} INFO - Filling up the DagBag from /home/airflow/.local/lib/python3.12/site-packages/airflow/example_dags/example_task_group.py
[2024-10-30T11:05:05.790+0000] {processor.py:925} INFO - DAG(s) 'example_task_group' retrieved from /home/airflow/.local/lib/python3.12/site-packages/airflow/example_dags/example_task_group.py
[2024-10-30T11:05:05.805+0000] {logging_mixin.py:190} INFO - [2024-10-30T11:05:05.805+0000] {dag.py:3239} INFO - Sync 1 DAGs
[2024-10-30T11:05:05.816+0000] {logging_mixin.py:190} INFO - [2024-10-30T11:05:05.816+0000] {dag.py:4180} INFO - Setting next_dagrun for example_task_group to None, run_after=None
[2024-10-30T11:05:05.830+0000] {processor.py:208} INFO - Processing /home/airflow/.local/lib/python3.12/site-packages/airflow/example_dags/example_task_group.py took 0.053 seconds
[2024-10-30T11:05:36.624+0000] {processor.py:186} INFO - Started process (PID=1703) to work on /home/airflow/.local/lib/python3.12/site-packages/airflow/example_dags/example_task_group.py
[2024-10-30T11:05:36.626+0000] {processor.py:914} INFO - Processing file /home/airflow/.local/lib/python3.12/site-packages/airflow/example_dags/example_task_group.py for tasks to queue
[2024-10-30T11:05:36.629+0000] {logging_mixin.py:190} INFO - [2024-10-30T11:05:36.629+0000] {dagbag.py:588} INFO - Filling up the DagBag from /home/airflow/.local/lib/python3.12/site-packages/airflow/example_dags/example_task_group.py
[2024-10-30T11:05:36.636+0000] {processor.py:925} INFO - DAG(s) 'example_task_group' retrieved from /home/airflow/.local/lib/python3.12/site-packages/airflow/example_dags/example_task_group.py
[2024-10-30T11:05:36.652+0000] {logging_mixin.py:190} INFO - [2024-10-30T11:05:36.652+0000] {dag.py:3239} INFO - Sync 1 DAGs
[2024-10-30T11:05:36.661+0000] {logging_mixin.py:190} INFO - [2024-10-30T11:05:36.661+0000] {dag.py:4180} INFO - Setting next_dagrun for example_task_group to None, run_after=None
[2024-10-30T11:05:36.673+0000] {processor.py:208} INFO - Processing /home/airflow/.local/lib/python3.12/site-packages/airflow/example_dags/example_task_group.py took 0.052 seconds
[2024-10-30T11:06:07.709+0000] {processor.py:186} INFO - Started process (PID=1765) to work on /home/airflow/.local/lib/python3.12/site-packages/airflow/example_dags/example_task_group.py
[2024-10-30T11:06:07.710+0000] {processor.py:914} INFO - Processing file /home/airflow/.local/lib/python3.12/site-packages/airflow/example_dags/example_task_group.py for tasks to queue
[2024-10-30T11:06:07.712+0000] {logging_mixin.py:190} INFO - [2024-10-30T11:06:07.712+0000] {dagbag.py:588} INFO - Filling up the DagBag from /home/airflow/.local/lib/python3.12/site-packages/airflow/example_dags/example_task_group.py
[2024-10-30T11:06:07.722+0000] {processor.py:925} INFO - DAG(s) 'example_task_group' retrieved from /home/airflow/.local/lib/python3.12/site-packages/airflow/example_dags/example_task_group.py
[2024-10-30T11:06:07.741+0000] {logging_mixin.py:190} INFO - [2024-10-30T11:06:07.740+0000] {dag.py:3239} INFO - Sync 1 DAGs
[2024-10-30T11:06:07.749+0000] {logging_mixin.py:190} INFO - [2024-10-30T11:06:07.749+0000] {dag.py:4180} INFO - Setting next_dagrun for example_task_group to None, run_after=None
[2024-10-30T11:06:07.760+0000] {processor.py:208} INFO - Processing /home/airflow/.local/lib/python3.12/site-packages/airflow/example_dags/example_task_group.py took 0.055 seconds
[2024-10-30T11:06:38.666+0000] {processor.py:186} INFO - Started process (PID=1827) to work on /home/airflow/.local/lib/python3.12/site-packages/airflow/example_dags/example_task_group.py
[2024-10-30T11:06:38.667+0000] {processor.py:914} INFO - Processing file /home/airflow/.local/lib/python3.12/site-packages/airflow/example_dags/example_task_group.py for tasks to queue
[2024-10-30T11:06:38.669+0000] {logging_mixin.py:190} INFO - [2024-10-30T11:06:38.668+0000] {dagbag.py:588} INFO - Filling up the DagBag from /home/airflow/.local/lib/python3.12/site-packages/airflow/example_dags/example_task_group.py
[2024-10-30T11:06:38.676+0000] {processor.py:925} INFO - DAG(s) 'example_task_group' retrieved from /home/airflow/.local/lib/python3.12/site-packages/airflow/example_dags/example_task_group.py
[2024-10-30T11:06:38.690+0000] {logging_mixin.py:190} INFO - [2024-10-30T11:06:38.689+0000] {dag.py:3239} INFO - Sync 1 DAGs
[2024-10-30T11:06:38.699+0000] {logging_mixin.py:190} INFO - [2024-10-30T11:06:38.698+0000] {dag.py:4180} INFO - Setting next_dagrun for example_task_group to None, run_after=None
[2024-10-30T11:06:38.710+0000] {processor.py:208} INFO - Processing /home/airflow/.local/lib/python3.12/site-packages/airflow/example_dags/example_task_group.py took 0.048 seconds
[2024-10-30T11:07:09.183+0000] {processor.py:186} INFO - Started process (PID=1889) to work on /home/airflow/.local/lib/python3.12/site-packages/airflow/example_dags/example_task_group.py
[2024-10-30T11:07:09.185+0000] {processor.py:914} INFO - Processing file /home/airflow/.local/lib/python3.12/site-packages/airflow/example_dags/example_task_group.py for tasks to queue
[2024-10-30T11:07:09.187+0000] {logging_mixin.py:190} INFO - [2024-10-30T11:07:09.186+0000] {dagbag.py:588} INFO - Filling up the DagBag from /home/airflow/.local/lib/python3.12/site-packages/airflow/example_dags/example_task_group.py
[2024-10-30T11:07:09.194+0000] {processor.py:925} INFO - DAG(s) 'example_task_group' retrieved from /home/airflow/.local/lib/python3.12/site-packages/airflow/example_dags/example_task_group.py
[2024-10-30T11:07:09.214+0000] {logging_mixin.py:190} INFO - [2024-10-30T11:07:09.214+0000] {dag.py:3239} INFO - Sync 1 DAGs
[2024-10-30T11:07:09.226+0000] {logging_mixin.py:190} INFO - [2024-10-30T11:07:09.225+0000] {dag.py:4180} INFO - Setting next_dagrun for example_task_group to None, run_after=None
[2024-10-30T11:07:09.244+0000] {processor.py:208} INFO - Processing /home/airflow/.local/lib/python3.12/site-packages/airflow/example_dags/example_task_group.py took 0.065 seconds
[2024-10-30T11:07:40.050+0000] {processor.py:186} INFO - Started process (PID=1951) to work on /home/airflow/.local/lib/python3.12/site-packages/airflow/example_dags/example_task_group.py
[2024-10-30T11:07:40.051+0000] {processor.py:914} INFO - Processing file /home/airflow/.local/lib/python3.12/site-packages/airflow/example_dags/example_task_group.py for tasks to queue
[2024-10-30T11:07:40.053+0000] {logging_mixin.py:190} INFO - [2024-10-30T11:07:40.053+0000] {dagbag.py:588} INFO - Filling up the DagBag from /home/airflow/.local/lib/python3.12/site-packages/airflow/example_dags/example_task_group.py
[2024-10-30T11:07:40.058+0000] {processor.py:925} INFO - DAG(s) 'example_task_group' retrieved from /home/airflow/.local/lib/python3.12/site-packages/airflow/example_dags/example_task_group.py
[2024-10-30T11:07:40.074+0000] {logging_mixin.py:190} INFO - [2024-10-30T11:07:40.073+0000] {dag.py:3239} INFO - Sync 1 DAGs
[2024-10-30T11:07:40.083+0000] {logging_mixin.py:190} INFO - [2024-10-30T11:07:40.083+0000] {dag.py:4180} INFO - Setting next_dagrun for example_task_group to None, run_after=None
[2024-10-30T11:07:40.097+0000] {processor.py:208} INFO - Processing /home/airflow/.local/lib/python3.12/site-packages/airflow/example_dags/example_task_group.py took 0.052 seconds
[2024-10-30T11:08:10.877+0000] {processor.py:186} INFO - Started process (PID=2013) to work on /home/airflow/.local/lib/python3.12/site-packages/airflow/example_dags/example_task_group.py
[2024-10-30T11:08:10.878+0000] {processor.py:914} INFO - Processing file /home/airflow/.local/lib/python3.12/site-packages/airflow/example_dags/example_task_group.py for tasks to queue
[2024-10-30T11:08:10.879+0000] {logging_mixin.py:190} INFO - [2024-10-30T11:08:10.879+0000] {dagbag.py:588} INFO - Filling up the DagBag from /home/airflow/.local/lib/python3.12/site-packages/airflow/example_dags/example_task_group.py
[2024-10-30T11:08:10.885+0000] {processor.py:925} INFO - DAG(s) 'example_task_group' retrieved from /home/airflow/.local/lib/python3.12/site-packages/airflow/example_dags/example_task_group.py
[2024-10-30T11:08:10.901+0000] {logging_mixin.py:190} INFO - [2024-10-30T11:08:10.901+0000] {dag.py:3239} INFO - Sync 1 DAGs
[2024-10-30T11:08:10.910+0000] {logging_mixin.py:190} INFO - [2024-10-30T11:08:10.909+0000] {dag.py:4180} INFO - Setting next_dagrun for example_task_group to None, run_after=None
[2024-10-30T11:08:10.921+0000] {processor.py:208} INFO - Processing /home/airflow/.local/lib/python3.12/site-packages/airflow/example_dags/example_task_group.py took 0.049 seconds
[2024-10-30T11:08:41.863+0000] {processor.py:186} INFO - Started process (PID=2075) to work on /home/airflow/.local/lib/python3.12/site-packages/airflow/example_dags/example_task_group.py
[2024-10-30T11:08:41.864+0000] {processor.py:914} INFO - Processing file /home/airflow/.local/lib/python3.12/site-packages/airflow/example_dags/example_task_group.py for tasks to queue
[2024-10-30T11:08:41.866+0000] {logging_mixin.py:190} INFO - [2024-10-30T11:08:41.866+0000] {dagbag.py:588} INFO - Filling up the DagBag from /home/airflow/.local/lib/python3.12/site-packages/airflow/example_dags/example_task_group.py
[2024-10-30T11:08:41.872+0000] {processor.py:925} INFO - DAG(s) 'example_task_group' retrieved from /home/airflow/.local/lib/python3.12/site-packages/airflow/example_dags/example_task_group.py
[2024-10-30T11:08:41.886+0000] {logging_mixin.py:190} INFO - [2024-10-30T11:08:41.886+0000] {dag.py:3239} INFO - Sync 1 DAGs
[2024-10-30T11:08:41.895+0000] {logging_mixin.py:190} INFO - [2024-10-30T11:08:41.895+0000] {dag.py:4180} INFO - Setting next_dagrun for example_task_group to None, run_after=None
[2024-10-30T11:08:41.909+0000] {processor.py:208} INFO - Processing /home/airflow/.local/lib/python3.12/site-packages/airflow/example_dags/example_task_group.py took 0.050 seconds
[2024-10-30T11:09:12.704+0000] {processor.py:186} INFO - Started process (PID=2137) to work on /home/airflow/.local/lib/python3.12/site-packages/airflow/example_dags/example_task_group.py
[2024-10-30T11:09:12.705+0000] {processor.py:914} INFO - Processing file /home/airflow/.local/lib/python3.12/site-packages/airflow/example_dags/example_task_group.py for tasks to queue
[2024-10-30T11:09:12.707+0000] {logging_mixin.py:190} INFO - [2024-10-30T11:09:12.706+0000] {dagbag.py:588} INFO - Filling up the DagBag from /home/airflow/.local/lib/python3.12/site-packages/airflow/example_dags/example_task_group.py
[2024-10-30T11:09:12.714+0000] {processor.py:925} INFO - DAG(s) 'example_task_group' retrieved from /home/airflow/.local/lib/python3.12/site-packages/airflow/example_dags/example_task_group.py
[2024-10-30T11:09:12.732+0000] {logging_mixin.py:190} INFO - [2024-10-30T11:09:12.732+0000] {dag.py:3239} INFO - Sync 1 DAGs
[2024-10-30T11:09:12.741+0000] {logging_mixin.py:190} INFO - [2024-10-30T11:09:12.741+0000] {dag.py:4180} INFO - Setting next_dagrun for example_task_group to None, run_after=None
[2024-10-30T11:09:12.754+0000] {processor.py:208} INFO - Processing /home/airflow/.local/lib/python3.12/site-packages/airflow/example_dags/example_task_group.py took 0.055 seconds
