[2024-10-30T10:52:13.950+0000] {processor.py:186} INFO - Started process (PID=72) to work on /home/airflow/.local/lib/python3.12/site-packages/airflow/example_dags/example_xcomargs.py
[2024-10-30T10:52:13.950+0000] {processor.py:914} INFO - Processing file /home/airflow/.local/lib/python3.12/site-packages/airflow/example_dags/example_xcomargs.py for tasks to queue
[2024-10-30T10:52:13.953+0000] {logging_mixin.py:190} INFO - [2024-10-30T10:52:13.953+0000] {dagbag.py:588} INFO - Filling up the DagBag from /home/airflow/.local/lib/python3.12/site-packages/airflow/example_dags/example_xcomargs.py
[2024-10-30T10:52:13.961+0000] {processor.py:925} INFO - DAG(s) 'example_xcom_args_with_operators', 'example_xcom_args' retrieved from /home/airflow/.local/lib/python3.12/site-packages/airflow/example_dags/example_xcomargs.py
[2024-10-30T10:52:14.037+0000] {logging_mixin.py:190} INFO - [2024-10-30T10:52:14.036+0000] {override.py:1900} INFO - Created Permission View: can delete on DAG:example_xcom_args_with_operators
[2024-10-30T10:52:14.045+0000] {logging_mixin.py:190} INFO - [2024-10-30T10:52:14.045+0000] {override.py:1900} INFO - Created Permission View: can read on DAG:example_xcom_args_with_operators
[2024-10-30T10:52:14.054+0000] {logging_mixin.py:190} INFO - [2024-10-30T10:52:14.054+0000] {override.py:1900} INFO - Created Permission View: can edit on DAG:example_xcom_args_with_operators
[2024-10-30T10:52:14.058+0000] {logging_mixin.py:190} INFO - [2024-10-30T10:52:14.058+0000] {override.py:1900} INFO - Created Permission View: can create on DAG Run:example_xcom_args_with_operators
[2024-10-30T10:52:14.062+0000] {logging_mixin.py:190} INFO - [2024-10-30T10:52:14.062+0000] {override.py:1900} INFO - Created Permission View: can delete on DAG Run:example_xcom_args_with_operators
[2024-10-30T10:52:14.066+0000] {logging_mixin.py:190} INFO - [2024-10-30T10:52:14.066+0000] {override.py:1900} INFO - Created Permission View: can read on DAG Run:example_xcom_args_with_operators
[2024-10-30T10:52:14.071+0000] {logging_mixin.py:190} INFO - [2024-10-30T10:52:14.071+0000] {override.py:1900} INFO - Created Permission View: menu access on DAG Run:example_xcom_args_with_operators
[2024-10-30T10:52:14.084+0000] {logging_mixin.py:190} INFO - [2024-10-30T10:52:14.084+0000] {override.py:1900} INFO - Created Permission View: can delete on DAG:example_xcom_args
[2024-10-30T10:52:14.094+0000] {logging_mixin.py:190} INFO - [2024-10-30T10:52:14.093+0000] {override.py:1900} INFO - Created Permission View: can read on DAG:example_xcom_args
[2024-10-30T10:52:14.106+0000] {logging_mixin.py:190} INFO - [2024-10-30T10:52:14.106+0000] {override.py:1900} INFO - Created Permission View: can edit on DAG:example_xcom_args
[2024-10-30T10:52:14.124+0000] {logging_mixin.py:190} INFO - [2024-10-30T10:52:14.124+0000] {override.py:1900} INFO - Created Permission View: can create on DAG Run:example_xcom_args
[2024-10-30T10:52:14.135+0000] {logging_mixin.py:190} INFO - [2024-10-30T10:52:14.135+0000] {override.py:1900} INFO - Created Permission View: can delete on DAG Run:example_xcom_args
[2024-10-30T10:52:14.148+0000] {logging_mixin.py:190} INFO - [2024-10-30T10:52:14.148+0000] {override.py:1900} INFO - Created Permission View: can read on DAG Run:example_xcom_args
[2024-10-30T10:52:14.154+0000] {logging_mixin.py:190} INFO - [2024-10-30T10:52:14.154+0000] {override.py:1900} INFO - Created Permission View: menu access on DAG Run:example_xcom_args
[2024-10-30T10:52:14.155+0000] {logging_mixin.py:190} INFO - [2024-10-30T10:52:14.155+0000] {dag.py:3239} INFO - Sync 2 DAGs
[2024-10-30T10:52:14.162+0000] {logging_mixin.py:190} INFO - [2024-10-30T10:52:14.162+0000] {dag.py:3262} INFO - Creating ORM DAG for example_xcom_args_with_operators
[2024-10-30T10:52:14.163+0000] {logging_mixin.py:190} INFO - [2024-10-30T10:52:14.163+0000] {dag.py:3262} INFO - Creating ORM DAG for example_xcom_args
[2024-10-30T10:52:14.166+0000] {logging_mixin.py:190} INFO - [2024-10-30T10:52:14.166+0000] {dag.py:4180} INFO - Setting next_dagrun for example_xcom_args to None, run_after=None
[2024-10-30T10:52:14.168+0000] {logging_mixin.py:190} INFO - [2024-10-30T10:52:14.168+0000] {dag.py:4180} INFO - Setting next_dagrun for example_xcom_args_with_operators to None, run_after=None
[2024-10-30T10:52:14.182+0000] {processor.py:208} INFO - Processing /home/airflow/.local/lib/python3.12/site-packages/airflow/example_dags/example_xcomargs.py took 0.236 seconds
[2024-10-30T10:52:44.265+0000] {processor.py:186} INFO - Started process (PID=134) to work on /home/airflow/.local/lib/python3.12/site-packages/airflow/example_dags/example_xcomargs.py
[2024-10-30T10:52:44.265+0000] {processor.py:914} INFO - Processing file /home/airflow/.local/lib/python3.12/site-packages/airflow/example_dags/example_xcomargs.py for tasks to queue
[2024-10-30T10:52:44.267+0000] {logging_mixin.py:190} INFO - [2024-10-30T10:52:44.267+0000] {dagbag.py:588} INFO - Filling up the DagBag from /home/airflow/.local/lib/python3.12/site-packages/airflow/example_dags/example_xcomargs.py
[2024-10-30T10:52:44.274+0000] {processor.py:925} INFO - DAG(s) 'example_xcom_args', 'example_xcom_args_with_operators' retrieved from /home/airflow/.local/lib/python3.12/site-packages/airflow/example_dags/example_xcomargs.py
[2024-10-30T10:52:44.290+0000] {logging_mixin.py:190} INFO - [2024-10-30T10:52:44.290+0000] {dag.py:3239} INFO - Sync 2 DAGs
[2024-10-30T10:52:44.301+0000] {logging_mixin.py:190} INFO - [2024-10-30T10:52:44.301+0000] {dag.py:4180} INFO - Setting next_dagrun for example_xcom_args to None, run_after=None
[2024-10-30T10:52:44.303+0000] {logging_mixin.py:190} INFO - [2024-10-30T10:52:44.303+0000] {dag.py:4180} INFO - Setting next_dagrun for example_xcom_args_with_operators to None, run_after=None
[2024-10-30T10:52:44.314+0000] {processor.py:208} INFO - Processing /home/airflow/.local/lib/python3.12/site-packages/airflow/example_dags/example_xcomargs.py took 0.052 seconds
[2024-10-30T10:53:14.539+0000] {processor.py:186} INFO - Started process (PID=196) to work on /home/airflow/.local/lib/python3.12/site-packages/airflow/example_dags/example_xcomargs.py
[2024-10-30T10:53:14.540+0000] {processor.py:914} INFO - Processing file /home/airflow/.local/lib/python3.12/site-packages/airflow/example_dags/example_xcomargs.py for tasks to queue
[2024-10-30T10:53:14.541+0000] {logging_mixin.py:190} INFO - [2024-10-30T10:53:14.541+0000] {dagbag.py:588} INFO - Filling up the DagBag from /home/airflow/.local/lib/python3.12/site-packages/airflow/example_dags/example_xcomargs.py
[2024-10-30T10:53:14.548+0000] {processor.py:925} INFO - DAG(s) 'example_xcom_args', 'example_xcom_args_with_operators' retrieved from /home/airflow/.local/lib/python3.12/site-packages/airflow/example_dags/example_xcomargs.py
[2024-10-30T10:53:14.561+0000] {logging_mixin.py:190} INFO - [2024-10-30T10:53:14.561+0000] {dag.py:3239} INFO - Sync 2 DAGs
[2024-10-30T10:53:14.571+0000] {logging_mixin.py:190} INFO - [2024-10-30T10:53:14.571+0000] {dag.py:4180} INFO - Setting next_dagrun for example_xcom_args to None, run_after=None
[2024-10-30T10:53:14.574+0000] {logging_mixin.py:190} INFO - [2024-10-30T10:53:14.573+0000] {dag.py:4180} INFO - Setting next_dagrun for example_xcom_args_with_operators to None, run_after=None
[2024-10-30T10:53:14.582+0000] {processor.py:208} INFO - Processing /home/airflow/.local/lib/python3.12/site-packages/airflow/example_dags/example_xcomargs.py took 0.047 seconds
[2024-10-30T10:53:44.635+0000] {processor.py:186} INFO - Started process (PID=257) to work on /home/airflow/.local/lib/python3.12/site-packages/airflow/example_dags/example_xcomargs.py
[2024-10-30T10:53:44.640+0000] {processor.py:914} INFO - Processing file /home/airflow/.local/lib/python3.12/site-packages/airflow/example_dags/example_xcomargs.py for tasks to queue
[2024-10-30T10:53:44.642+0000] {logging_mixin.py:190} INFO - [2024-10-30T10:53:44.641+0000] {dagbag.py:588} INFO - Filling up the DagBag from /home/airflow/.local/lib/python3.12/site-packages/airflow/example_dags/example_xcomargs.py
[2024-10-30T10:53:44.649+0000] {processor.py:925} INFO - DAG(s) 'example_xcom_args', 'example_xcom_args_with_operators' retrieved from /home/airflow/.local/lib/python3.12/site-packages/airflow/example_dags/example_xcomargs.py
[2024-10-30T10:53:44.668+0000] {logging_mixin.py:190} INFO - [2024-10-30T10:53:44.668+0000] {dag.py:3239} INFO - Sync 2 DAGs
[2024-10-30T10:53:44.680+0000] {logging_mixin.py:190} INFO - [2024-10-30T10:53:44.680+0000] {dag.py:4180} INFO - Setting next_dagrun for example_xcom_args to None, run_after=None
[2024-10-30T10:53:44.683+0000] {logging_mixin.py:190} INFO - [2024-10-30T10:53:44.683+0000] {dag.py:4180} INFO - Setting next_dagrun for example_xcom_args_with_operators to None, run_after=None
[2024-10-30T10:53:44.696+0000] {processor.py:208} INFO - Processing /home/airflow/.local/lib/python3.12/site-packages/airflow/example_dags/example_xcomargs.py took 0.066 seconds
[2024-10-30T10:54:15.809+0000] {processor.py:186} INFO - Started process (PID=320) to work on /home/airflow/.local/lib/python3.12/site-packages/airflow/example_dags/example_xcomargs.py
[2024-10-30T10:54:15.810+0000] {processor.py:914} INFO - Processing file /home/airflow/.local/lib/python3.12/site-packages/airflow/example_dags/example_xcomargs.py for tasks to queue
[2024-10-30T10:54:15.813+0000] {logging_mixin.py:190} INFO - [2024-10-30T10:54:15.812+0000] {dagbag.py:588} INFO - Filling up the DagBag from /home/airflow/.local/lib/python3.12/site-packages/airflow/example_dags/example_xcomargs.py
[2024-10-30T10:54:15.820+0000] {processor.py:925} INFO - DAG(s) 'example_xcom_args_with_operators', 'example_xcom_args' retrieved from /home/airflow/.local/lib/python3.12/site-packages/airflow/example_dags/example_xcomargs.py
[2024-10-30T10:54:15.840+0000] {logging_mixin.py:190} INFO - [2024-10-30T10:54:15.840+0000] {dag.py:3239} INFO - Sync 2 DAGs
[2024-10-30T10:54:15.849+0000] {logging_mixin.py:190} INFO - [2024-10-30T10:54:15.849+0000] {dag.py:4180} INFO - Setting next_dagrun for example_xcom_args to None, run_after=None
[2024-10-30T10:54:15.857+0000] {logging_mixin.py:190} INFO - [2024-10-30T10:54:15.856+0000] {dag.py:4180} INFO - Setting next_dagrun for example_xcom_args_with_operators to None, run_after=None
[2024-10-30T10:54:15.871+0000] {processor.py:208} INFO - Processing /home/airflow/.local/lib/python3.12/site-packages/airflow/example_dags/example_xcomargs.py took 0.068 seconds
[2024-10-30T10:54:46.833+0000] {processor.py:186} INFO - Started process (PID=382) to work on /home/airflow/.local/lib/python3.12/site-packages/airflow/example_dags/example_xcomargs.py
[2024-10-30T10:54:46.834+0000] {processor.py:914} INFO - Processing file /home/airflow/.local/lib/python3.12/site-packages/airflow/example_dags/example_xcomargs.py for tasks to queue
[2024-10-30T10:54:46.838+0000] {logging_mixin.py:190} INFO - [2024-10-30T10:54:46.838+0000] {dagbag.py:588} INFO - Filling up the DagBag from /home/airflow/.local/lib/python3.12/site-packages/airflow/example_dags/example_xcomargs.py
[2024-10-30T10:54:46.846+0000] {processor.py:925} INFO - DAG(s) 'example_xcom_args_with_operators', 'example_xcom_args' retrieved from /home/airflow/.local/lib/python3.12/site-packages/airflow/example_dags/example_xcomargs.py
[2024-10-30T10:54:46.875+0000] {logging_mixin.py:190} INFO - [2024-10-30T10:54:46.875+0000] {dag.py:3239} INFO - Sync 2 DAGs
[2024-10-30T10:54:46.884+0000] {logging_mixin.py:190} INFO - [2024-10-30T10:54:46.884+0000] {dag.py:4180} INFO - Setting next_dagrun for example_xcom_args to None, run_after=None
[2024-10-30T10:54:46.886+0000] {logging_mixin.py:190} INFO - [2024-10-30T10:54:46.886+0000] {dag.py:4180} INFO - Setting next_dagrun for example_xcom_args_with_operators to None, run_after=None
[2024-10-30T10:54:46.903+0000] {processor.py:208} INFO - Processing /home/airflow/.local/lib/python3.12/site-packages/airflow/example_dags/example_xcomargs.py took 0.074 seconds
[2024-10-30T10:55:17.814+0000] {processor.py:186} INFO - Started process (PID=444) to work on /home/airflow/.local/lib/python3.12/site-packages/airflow/example_dags/example_xcomargs.py
[2024-10-30T10:55:17.818+0000] {processor.py:914} INFO - Processing file /home/airflow/.local/lib/python3.12/site-packages/airflow/example_dags/example_xcomargs.py for tasks to queue
[2024-10-30T10:55:17.821+0000] {logging_mixin.py:190} INFO - [2024-10-30T10:55:17.820+0000] {dagbag.py:588} INFO - Filling up the DagBag from /home/airflow/.local/lib/python3.12/site-packages/airflow/example_dags/example_xcomargs.py
[2024-10-30T10:55:17.829+0000] {processor.py:925} INFO - DAG(s) 'example_xcom_args', 'example_xcom_args_with_operators' retrieved from /home/airflow/.local/lib/python3.12/site-packages/airflow/example_dags/example_xcomargs.py
[2024-10-30T10:55:17.852+0000] {logging_mixin.py:190} INFO - [2024-10-30T10:55:17.852+0000] {dag.py:3239} INFO - Sync 2 DAGs
[2024-10-30T10:55:17.861+0000] {logging_mixin.py:190} INFO - [2024-10-30T10:55:17.861+0000] {dag.py:4180} INFO - Setting next_dagrun for example_xcom_args to None, run_after=None
[2024-10-30T10:55:17.866+0000] {logging_mixin.py:190} INFO - [2024-10-30T10:55:17.866+0000] {dag.py:4180} INFO - Setting next_dagrun for example_xcom_args_with_operators to None, run_after=None
[2024-10-30T10:55:17.879+0000] {processor.py:208} INFO - Processing /home/airflow/.local/lib/python3.12/site-packages/airflow/example_dags/example_xcomargs.py took 0.069 seconds
[2024-10-30T10:55:48.863+0000] {processor.py:186} INFO - Started process (PID=506) to work on /home/airflow/.local/lib/python3.12/site-packages/airflow/example_dags/example_xcomargs.py
[2024-10-30T10:55:48.865+0000] {processor.py:914} INFO - Processing file /home/airflow/.local/lib/python3.12/site-packages/airflow/example_dags/example_xcomargs.py for tasks to queue
[2024-10-30T10:55:48.867+0000] {logging_mixin.py:190} INFO - [2024-10-30T10:55:48.866+0000] {dagbag.py:588} INFO - Filling up the DagBag from /home/airflow/.local/lib/python3.12/site-packages/airflow/example_dags/example_xcomargs.py
[2024-10-30T10:55:48.874+0000] {processor.py:925} INFO - DAG(s) 'example_xcom_args', 'example_xcom_args_with_operators' retrieved from /home/airflow/.local/lib/python3.12/site-packages/airflow/example_dags/example_xcomargs.py
[2024-10-30T10:55:48.892+0000] {logging_mixin.py:190} INFO - [2024-10-30T10:55:48.892+0000] {dag.py:3239} INFO - Sync 2 DAGs
[2024-10-30T10:55:48.902+0000] {logging_mixin.py:190} INFO - [2024-10-30T10:55:48.902+0000] {dag.py:4180} INFO - Setting next_dagrun for example_xcom_args to None, run_after=None
[2024-10-30T10:55:48.907+0000] {logging_mixin.py:190} INFO - [2024-10-30T10:55:48.907+0000] {dag.py:4180} INFO - Setting next_dagrun for example_xcom_args_with_operators to None, run_after=None
[2024-10-30T10:55:48.923+0000] {processor.py:208} INFO - Processing /home/airflow/.local/lib/python3.12/site-packages/airflow/example_dags/example_xcomargs.py took 0.064 seconds
[2024-10-30T10:56:19.744+0000] {processor.py:186} INFO - Started process (PID=568) to work on /home/airflow/.local/lib/python3.12/site-packages/airflow/example_dags/example_xcomargs.py
[2024-10-30T10:56:19.745+0000] {processor.py:914} INFO - Processing file /home/airflow/.local/lib/python3.12/site-packages/airflow/example_dags/example_xcomargs.py for tasks to queue
[2024-10-30T10:56:19.747+0000] {logging_mixin.py:190} INFO - [2024-10-30T10:56:19.747+0000] {dagbag.py:588} INFO - Filling up the DagBag from /home/airflow/.local/lib/python3.12/site-packages/airflow/example_dags/example_xcomargs.py
[2024-10-30T10:56:19.754+0000] {processor.py:925} INFO - DAG(s) 'example_xcom_args_with_operators', 'example_xcom_args' retrieved from /home/airflow/.local/lib/python3.12/site-packages/airflow/example_dags/example_xcomargs.py
[2024-10-30T10:56:19.769+0000] {logging_mixin.py:190} INFO - [2024-10-30T10:56:19.769+0000] {dag.py:3239} INFO - Sync 2 DAGs
[2024-10-30T10:56:19.779+0000] {logging_mixin.py:190} INFO - [2024-10-30T10:56:19.778+0000] {dag.py:4180} INFO - Setting next_dagrun for example_xcom_args to None, run_after=None
[2024-10-30T10:56:19.781+0000] {logging_mixin.py:190} INFO - [2024-10-30T10:56:19.781+0000] {dag.py:4180} INFO - Setting next_dagrun for example_xcom_args_with_operators to None, run_after=None
[2024-10-30T10:56:19.795+0000] {processor.py:208} INFO - Processing /home/airflow/.local/lib/python3.12/site-packages/airflow/example_dags/example_xcomargs.py took 0.056 seconds
[2024-10-30T10:56:50.570+0000] {processor.py:186} INFO - Started process (PID=630) to work on /home/airflow/.local/lib/python3.12/site-packages/airflow/example_dags/example_xcomargs.py
[2024-10-30T10:56:50.571+0000] {processor.py:914} INFO - Processing file /home/airflow/.local/lib/python3.12/site-packages/airflow/example_dags/example_xcomargs.py for tasks to queue
[2024-10-30T10:56:50.573+0000] {logging_mixin.py:190} INFO - [2024-10-30T10:56:50.573+0000] {dagbag.py:588} INFO - Filling up the DagBag from /home/airflow/.local/lib/python3.12/site-packages/airflow/example_dags/example_xcomargs.py
[2024-10-30T10:56:50.580+0000] {processor.py:925} INFO - DAG(s) 'example_xcom_args_with_operators', 'example_xcom_args' retrieved from /home/airflow/.local/lib/python3.12/site-packages/airflow/example_dags/example_xcomargs.py
[2024-10-30T10:56:50.599+0000] {logging_mixin.py:190} INFO - [2024-10-30T10:56:50.599+0000] {dag.py:3239} INFO - Sync 2 DAGs
[2024-10-30T10:56:50.610+0000] {logging_mixin.py:190} INFO - [2024-10-30T10:56:50.610+0000] {dag.py:4180} INFO - Setting next_dagrun for example_xcom_args to None, run_after=None
[2024-10-30T10:56:50.617+0000] {logging_mixin.py:190} INFO - [2024-10-30T10:56:50.617+0000] {dag.py:4180} INFO - Setting next_dagrun for example_xcom_args_with_operators to None, run_after=None
[2024-10-30T10:56:50.629+0000] {processor.py:208} INFO - Processing /home/airflow/.local/lib/python3.12/site-packages/airflow/example_dags/example_xcomargs.py took 0.062 seconds
[2024-10-30T10:57:21.420+0000] {processor.py:186} INFO - Started process (PID=692) to work on /home/airflow/.local/lib/python3.12/site-packages/airflow/example_dags/example_xcomargs.py
[2024-10-30T10:57:21.421+0000] {processor.py:914} INFO - Processing file /home/airflow/.local/lib/python3.12/site-packages/airflow/example_dags/example_xcomargs.py for tasks to queue
[2024-10-30T10:57:21.423+0000] {logging_mixin.py:190} INFO - [2024-10-30T10:57:21.423+0000] {dagbag.py:588} INFO - Filling up the DagBag from /home/airflow/.local/lib/python3.12/site-packages/airflow/example_dags/example_xcomargs.py
[2024-10-30T10:57:21.431+0000] {processor.py:925} INFO - DAG(s) 'example_xcom_args_with_operators', 'example_xcom_args' retrieved from /home/airflow/.local/lib/python3.12/site-packages/airflow/example_dags/example_xcomargs.py
[2024-10-30T10:57:21.449+0000] {logging_mixin.py:190} INFO - [2024-10-30T10:57:21.448+0000] {dag.py:3239} INFO - Sync 2 DAGs
[2024-10-30T10:57:21.458+0000] {logging_mixin.py:190} INFO - [2024-10-30T10:57:21.458+0000] {dag.py:4180} INFO - Setting next_dagrun for example_xcom_args to None, run_after=None
[2024-10-30T10:57:21.460+0000] {logging_mixin.py:190} INFO - [2024-10-30T10:57:21.460+0000] {dag.py:4180} INFO - Setting next_dagrun for example_xcom_args_with_operators to None, run_after=None
[2024-10-30T10:57:21.470+0000] {processor.py:208} INFO - Processing /home/airflow/.local/lib/python3.12/site-packages/airflow/example_dags/example_xcomargs.py took 0.054 seconds
[2024-10-30T10:57:52.164+0000] {processor.py:186} INFO - Started process (PID=754) to work on /home/airflow/.local/lib/python3.12/site-packages/airflow/example_dags/example_xcomargs.py
[2024-10-30T10:57:52.168+0000] {processor.py:914} INFO - Processing file /home/airflow/.local/lib/python3.12/site-packages/airflow/example_dags/example_xcomargs.py for tasks to queue
[2024-10-30T10:57:52.170+0000] {logging_mixin.py:190} INFO - [2024-10-30T10:57:52.169+0000] {dagbag.py:588} INFO - Filling up the DagBag from /home/airflow/.local/lib/python3.12/site-packages/airflow/example_dags/example_xcomargs.py
[2024-10-30T10:57:52.177+0000] {processor.py:925} INFO - DAG(s) 'example_xcom_args', 'example_xcom_args_with_operators' retrieved from /home/airflow/.local/lib/python3.12/site-packages/airflow/example_dags/example_xcomargs.py
[2024-10-30T10:57:52.194+0000] {logging_mixin.py:190} INFO - [2024-10-30T10:57:52.194+0000] {dag.py:3239} INFO - Sync 2 DAGs
[2024-10-30T10:57:52.205+0000] {logging_mixin.py:190} INFO - [2024-10-30T10:57:52.204+0000] {dag.py:4180} INFO - Setting next_dagrun for example_xcom_args to None, run_after=None
[2024-10-30T10:57:52.208+0000] {logging_mixin.py:190} INFO - [2024-10-30T10:57:52.208+0000] {dag.py:4180} INFO - Setting next_dagrun for example_xcom_args_with_operators to None, run_after=None
[2024-10-30T10:57:52.218+0000] {processor.py:208} INFO - Processing /home/airflow/.local/lib/python3.12/site-packages/airflow/example_dags/example_xcomargs.py took 0.058 seconds
[2024-10-30T10:58:23.028+0000] {processor.py:186} INFO - Started process (PID=815) to work on /home/airflow/.local/lib/python3.12/site-packages/airflow/example_dags/example_xcomargs.py
[2024-10-30T10:58:23.032+0000] {processor.py:914} INFO - Processing file /home/airflow/.local/lib/python3.12/site-packages/airflow/example_dags/example_xcomargs.py for tasks to queue
[2024-10-30T10:58:23.033+0000] {logging_mixin.py:190} INFO - [2024-10-30T10:58:23.033+0000] {dagbag.py:588} INFO - Filling up the DagBag from /home/airflow/.local/lib/python3.12/site-packages/airflow/example_dags/example_xcomargs.py
[2024-10-30T10:58:23.042+0000] {processor.py:925} INFO - DAG(s) 'example_xcom_args', 'example_xcom_args_with_operators' retrieved from /home/airflow/.local/lib/python3.12/site-packages/airflow/example_dags/example_xcomargs.py
[2024-10-30T10:58:23.058+0000] {logging_mixin.py:190} INFO - [2024-10-30T10:58:23.058+0000] {dag.py:3239} INFO - Sync 2 DAGs
[2024-10-30T10:58:23.068+0000] {logging_mixin.py:190} INFO - [2024-10-30T10:58:23.068+0000] {dag.py:4180} INFO - Setting next_dagrun for example_xcom_args to None, run_after=None
[2024-10-30T10:58:23.072+0000] {logging_mixin.py:190} INFO - [2024-10-30T10:58:23.072+0000] {dag.py:4180} INFO - Setting next_dagrun for example_xcom_args_with_operators to None, run_after=None
[2024-10-30T10:58:23.083+0000] {processor.py:208} INFO - Processing /home/airflow/.local/lib/python3.12/site-packages/airflow/example_dags/example_xcomargs.py took 0.059 seconds
[2024-10-30T10:58:53.818+0000] {processor.py:186} INFO - Started process (PID=877) to work on /home/airflow/.local/lib/python3.12/site-packages/airflow/example_dags/example_xcomargs.py
[2024-10-30T10:58:53.821+0000] {processor.py:914} INFO - Processing file /home/airflow/.local/lib/python3.12/site-packages/airflow/example_dags/example_xcomargs.py for tasks to queue
[2024-10-30T10:58:53.823+0000] {logging_mixin.py:190} INFO - [2024-10-30T10:58:53.823+0000] {dagbag.py:588} INFO - Filling up the DagBag from /home/airflow/.local/lib/python3.12/site-packages/airflow/example_dags/example_xcomargs.py
[2024-10-30T10:58:53.830+0000] {processor.py:925} INFO - DAG(s) 'example_xcom_args_with_operators', 'example_xcom_args' retrieved from /home/airflow/.local/lib/python3.12/site-packages/airflow/example_dags/example_xcomargs.py
[2024-10-30T10:58:53.845+0000] {logging_mixin.py:190} INFO - [2024-10-30T10:58:53.845+0000] {dag.py:3239} INFO - Sync 2 DAGs
[2024-10-30T10:58:53.855+0000] {logging_mixin.py:190} INFO - [2024-10-30T10:58:53.854+0000] {dag.py:4180} INFO - Setting next_dagrun for example_xcom_args to None, run_after=None
[2024-10-30T10:58:53.857+0000] {logging_mixin.py:190} INFO - [2024-10-30T10:58:53.857+0000] {dag.py:4180} INFO - Setting next_dagrun for example_xcom_args_with_operators to None, run_after=None
[2024-10-30T10:58:53.870+0000] {processor.py:208} INFO - Processing /home/airflow/.local/lib/python3.12/site-packages/airflow/example_dags/example_xcomargs.py took 0.056 seconds
[2024-10-30T10:59:24.535+0000] {processor.py:186} INFO - Started process (PID=939) to work on /home/airflow/.local/lib/python3.12/site-packages/airflow/example_dags/example_xcomargs.py
[2024-10-30T10:59:24.536+0000] {processor.py:914} INFO - Processing file /home/airflow/.local/lib/python3.12/site-packages/airflow/example_dags/example_xcomargs.py for tasks to queue
[2024-10-30T10:59:24.538+0000] {logging_mixin.py:190} INFO - [2024-10-30T10:59:24.538+0000] {dagbag.py:588} INFO - Filling up the DagBag from /home/airflow/.local/lib/python3.12/site-packages/airflow/example_dags/example_xcomargs.py
[2024-10-30T10:59:24.546+0000] {processor.py:925} INFO - DAG(s) 'example_xcom_args_with_operators', 'example_xcom_args' retrieved from /home/airflow/.local/lib/python3.12/site-packages/airflow/example_dags/example_xcomargs.py
[2024-10-30T10:59:24.567+0000] {logging_mixin.py:190} INFO - [2024-10-30T10:59:24.567+0000] {dag.py:3239} INFO - Sync 2 DAGs
[2024-10-30T10:59:24.576+0000] {logging_mixin.py:190} INFO - [2024-10-30T10:59:24.576+0000] {dag.py:4180} INFO - Setting next_dagrun for example_xcom_args to None, run_after=None
[2024-10-30T10:59:24.579+0000] {logging_mixin.py:190} INFO - [2024-10-30T10:59:24.579+0000] {dag.py:4180} INFO - Setting next_dagrun for example_xcom_args_with_operators to None, run_after=None
[2024-10-30T10:59:24.590+0000] {processor.py:208} INFO - Processing /home/airflow/.local/lib/python3.12/site-packages/airflow/example_dags/example_xcomargs.py took 0.059 seconds
[2024-10-30T10:59:55.382+0000] {processor.py:186} INFO - Started process (PID=1001) to work on /home/airflow/.local/lib/python3.12/site-packages/airflow/example_dags/example_xcomargs.py
[2024-10-30T10:59:55.386+0000] {processor.py:914} INFO - Processing file /home/airflow/.local/lib/python3.12/site-packages/airflow/example_dags/example_xcomargs.py for tasks to queue
[2024-10-30T10:59:55.388+0000] {logging_mixin.py:190} INFO - [2024-10-30T10:59:55.388+0000] {dagbag.py:588} INFO - Filling up the DagBag from /home/airflow/.local/lib/python3.12/site-packages/airflow/example_dags/example_xcomargs.py
[2024-10-30T10:59:55.396+0000] {processor.py:925} INFO - DAG(s) 'example_xcom_args_with_operators', 'example_xcom_args' retrieved from /home/airflow/.local/lib/python3.12/site-packages/airflow/example_dags/example_xcomargs.py
[2024-10-30T10:59:55.413+0000] {logging_mixin.py:190} INFO - [2024-10-30T10:59:55.413+0000] {dag.py:3239} INFO - Sync 2 DAGs
[2024-10-30T10:59:55.424+0000] {logging_mixin.py:190} INFO - [2024-10-30T10:59:55.424+0000] {dag.py:4180} INFO - Setting next_dagrun for example_xcom_args to None, run_after=None
[2024-10-30T10:59:55.427+0000] {logging_mixin.py:190} INFO - [2024-10-30T10:59:55.427+0000] {dag.py:4180} INFO - Setting next_dagrun for example_xcom_args_with_operators to None, run_after=None
[2024-10-30T10:59:55.440+0000] {processor.py:208} INFO - Processing /home/airflow/.local/lib/python3.12/site-packages/airflow/example_dags/example_xcomargs.py took 0.062 seconds
[2024-10-30T11:00:25.940+0000] {processor.py:186} INFO - Started process (PID=1063) to work on /home/airflow/.local/lib/python3.12/site-packages/airflow/example_dags/example_xcomargs.py
[2024-10-30T11:00:25.945+0000] {processor.py:914} INFO - Processing file /home/airflow/.local/lib/python3.12/site-packages/airflow/example_dags/example_xcomargs.py for tasks to queue
[2024-10-30T11:00:25.951+0000] {logging_mixin.py:190} INFO - [2024-10-30T11:00:25.948+0000] {dagbag.py:588} INFO - Filling up the DagBag from /home/airflow/.local/lib/python3.12/site-packages/airflow/example_dags/example_xcomargs.py
[2024-10-30T11:00:25.980+0000] {processor.py:925} INFO - DAG(s) 'example_xcom_args_with_operators', 'example_xcom_args' retrieved from /home/airflow/.local/lib/python3.12/site-packages/airflow/example_dags/example_xcomargs.py
[2024-10-30T11:00:26.027+0000] {logging_mixin.py:190} INFO - [2024-10-30T11:00:26.026+0000] {dag.py:3239} INFO - Sync 2 DAGs
[2024-10-30T11:00:26.046+0000] {logging_mixin.py:190} INFO - [2024-10-30T11:00:26.045+0000] {dag.py:4180} INFO - Setting next_dagrun for example_xcom_args to None, run_after=None
[2024-10-30T11:00:26.050+0000] {logging_mixin.py:190} INFO - [2024-10-30T11:00:26.050+0000] {dag.py:4180} INFO - Setting next_dagrun for example_xcom_args_with_operators to None, run_after=None
[2024-10-30T11:00:26.064+0000] {processor.py:208} INFO - Processing /home/airflow/.local/lib/python3.12/site-packages/airflow/example_dags/example_xcomargs.py took 0.129 seconds
[2024-10-30T11:00:56.985+0000] {processor.py:186} INFO - Started process (PID=1125) to work on /home/airflow/.local/lib/python3.12/site-packages/airflow/example_dags/example_xcomargs.py
[2024-10-30T11:00:56.988+0000] {processor.py:914} INFO - Processing file /home/airflow/.local/lib/python3.12/site-packages/airflow/example_dags/example_xcomargs.py for tasks to queue
[2024-10-30T11:00:56.990+0000] {logging_mixin.py:190} INFO - [2024-10-30T11:00:56.989+0000] {dagbag.py:588} INFO - Filling up the DagBag from /home/airflow/.local/lib/python3.12/site-packages/airflow/example_dags/example_xcomargs.py
[2024-10-30T11:00:57.001+0000] {processor.py:925} INFO - DAG(s) 'example_xcom_args_with_operators', 'example_xcom_args' retrieved from /home/airflow/.local/lib/python3.12/site-packages/airflow/example_dags/example_xcomargs.py
[2024-10-30T11:00:57.017+0000] {logging_mixin.py:190} INFO - [2024-10-30T11:00:57.017+0000] {dag.py:3239} INFO - Sync 2 DAGs
[2024-10-30T11:00:57.027+0000] {logging_mixin.py:190} INFO - [2024-10-30T11:00:57.027+0000] {dag.py:4180} INFO - Setting next_dagrun for example_xcom_args to None, run_after=None
[2024-10-30T11:00:57.029+0000] {logging_mixin.py:190} INFO - [2024-10-30T11:00:57.029+0000] {dag.py:4180} INFO - Setting next_dagrun for example_xcom_args_with_operators to None, run_after=None
[2024-10-30T11:00:57.040+0000] {processor.py:208} INFO - Processing /home/airflow/.local/lib/python3.12/site-packages/airflow/example_dags/example_xcomargs.py took 0.059 seconds
[2024-10-30T11:01:27.601+0000] {processor.py:186} INFO - Started process (PID=1187) to work on /home/airflow/.local/lib/python3.12/site-packages/airflow/example_dags/example_xcomargs.py
[2024-10-30T11:01:27.602+0000] {processor.py:914} INFO - Processing file /home/airflow/.local/lib/python3.12/site-packages/airflow/example_dags/example_xcomargs.py for tasks to queue
[2024-10-30T11:01:27.605+0000] {logging_mixin.py:190} INFO - [2024-10-30T11:01:27.605+0000] {dagbag.py:588} INFO - Filling up the DagBag from /home/airflow/.local/lib/python3.12/site-packages/airflow/example_dags/example_xcomargs.py
[2024-10-30T11:01:27.613+0000] {processor.py:925} INFO - DAG(s) 'example_xcom_args', 'example_xcom_args_with_operators' retrieved from /home/airflow/.local/lib/python3.12/site-packages/airflow/example_dags/example_xcomargs.py
[2024-10-30T11:01:27.628+0000] {logging_mixin.py:190} INFO - [2024-10-30T11:01:27.628+0000] {dag.py:3239} INFO - Sync 2 DAGs
[2024-10-30T11:01:27.636+0000] {logging_mixin.py:190} INFO - [2024-10-30T11:01:27.636+0000] {dag.py:4180} INFO - Setting next_dagrun for example_xcom_args to None, run_after=None
[2024-10-30T11:01:27.639+0000] {logging_mixin.py:190} INFO - [2024-10-30T11:01:27.639+0000] {dag.py:4180} INFO - Setting next_dagrun for example_xcom_args_with_operators to None, run_after=None
[2024-10-30T11:01:27.648+0000] {processor.py:208} INFO - Processing /home/airflow/.local/lib/python3.12/site-packages/airflow/example_dags/example_xcomargs.py took 0.051 seconds
[2024-10-30T11:01:58.465+0000] {processor.py:186} INFO - Started process (PID=1249) to work on /home/airflow/.local/lib/python3.12/site-packages/airflow/example_dags/example_xcomargs.py
[2024-10-30T11:01:58.467+0000] {processor.py:914} INFO - Processing file /home/airflow/.local/lib/python3.12/site-packages/airflow/example_dags/example_xcomargs.py for tasks to queue
[2024-10-30T11:01:58.470+0000] {logging_mixin.py:190} INFO - [2024-10-30T11:01:58.469+0000] {dagbag.py:588} INFO - Filling up the DagBag from /home/airflow/.local/lib/python3.12/site-packages/airflow/example_dags/example_xcomargs.py
[2024-10-30T11:01:58.478+0000] {processor.py:925} INFO - DAG(s) 'example_xcom_args', 'example_xcom_args_with_operators' retrieved from /home/airflow/.local/lib/python3.12/site-packages/airflow/example_dags/example_xcomargs.py
[2024-10-30T11:01:58.493+0000] {logging_mixin.py:190} INFO - [2024-10-30T11:01:58.493+0000] {dag.py:3239} INFO - Sync 2 DAGs
[2024-10-30T11:01:58.502+0000] {logging_mixin.py:190} INFO - [2024-10-30T11:01:58.502+0000] {dag.py:4180} INFO - Setting next_dagrun for example_xcom_args to None, run_after=None
[2024-10-30T11:01:58.505+0000] {logging_mixin.py:190} INFO - [2024-10-30T11:01:58.505+0000] {dag.py:4180} INFO - Setting next_dagrun for example_xcom_args_with_operators to None, run_after=None
[2024-10-30T11:01:58.514+0000] {processor.py:208} INFO - Processing /home/airflow/.local/lib/python3.12/site-packages/airflow/example_dags/example_xcomargs.py took 0.053 seconds
[2024-10-30T11:02:29.292+0000] {processor.py:186} INFO - Started process (PID=1310) to work on /home/airflow/.local/lib/python3.12/site-packages/airflow/example_dags/example_xcomargs.py
[2024-10-30T11:02:29.295+0000] {processor.py:914} INFO - Processing file /home/airflow/.local/lib/python3.12/site-packages/airflow/example_dags/example_xcomargs.py for tasks to queue
[2024-10-30T11:02:29.297+0000] {logging_mixin.py:190} INFO - [2024-10-30T11:02:29.297+0000] {dagbag.py:588} INFO - Filling up the DagBag from /home/airflow/.local/lib/python3.12/site-packages/airflow/example_dags/example_xcomargs.py
[2024-10-30T11:02:29.306+0000] {processor.py:925} INFO - DAG(s) 'example_xcom_args', 'example_xcom_args_with_operators' retrieved from /home/airflow/.local/lib/python3.12/site-packages/airflow/example_dags/example_xcomargs.py
[2024-10-30T11:02:29.321+0000] {logging_mixin.py:190} INFO - [2024-10-30T11:02:29.321+0000] {dag.py:3239} INFO - Sync 2 DAGs
[2024-10-30T11:02:29.330+0000] {logging_mixin.py:190} INFO - [2024-10-30T11:02:29.329+0000] {dag.py:4180} INFO - Setting next_dagrun for example_xcom_args to None, run_after=None
[2024-10-30T11:02:29.332+0000] {logging_mixin.py:190} INFO - [2024-10-30T11:02:29.332+0000] {dag.py:4180} INFO - Setting next_dagrun for example_xcom_args_with_operators to None, run_after=None
[2024-10-30T11:02:29.342+0000] {processor.py:208} INFO - Processing /home/airflow/.local/lib/python3.12/site-packages/airflow/example_dags/example_xcomargs.py took 0.054 seconds
[2024-10-30T11:03:00.039+0000] {processor.py:186} INFO - Started process (PID=1372) to work on /home/airflow/.local/lib/python3.12/site-packages/airflow/example_dags/example_xcomargs.py
[2024-10-30T11:03:00.073+0000] {processor.py:914} INFO - Processing file /home/airflow/.local/lib/python3.12/site-packages/airflow/example_dags/example_xcomargs.py for tasks to queue
[2024-10-30T11:03:00.075+0000] {logging_mixin.py:190} INFO - [2024-10-30T11:03:00.075+0000] {dagbag.py:588} INFO - Filling up the DagBag from /home/airflow/.local/lib/python3.12/site-packages/airflow/example_dags/example_xcomargs.py
[2024-10-30T11:03:00.086+0000] {processor.py:925} INFO - DAG(s) 'example_xcom_args', 'example_xcom_args_with_operators' retrieved from /home/airflow/.local/lib/python3.12/site-packages/airflow/example_dags/example_xcomargs.py
[2024-10-30T11:03:00.103+0000] {logging_mixin.py:190} INFO - [2024-10-30T11:03:00.103+0000] {dag.py:3239} INFO - Sync 2 DAGs
[2024-10-30T11:03:00.112+0000] {logging_mixin.py:190} INFO - [2024-10-30T11:03:00.112+0000] {dag.py:4180} INFO - Setting next_dagrun for example_xcom_args to None, run_after=None
[2024-10-30T11:03:00.115+0000] {logging_mixin.py:190} INFO - [2024-10-30T11:03:00.115+0000] {dag.py:4180} INFO - Setting next_dagrun for example_xcom_args_with_operators to None, run_after=None
[2024-10-30T11:03:00.125+0000] {processor.py:208} INFO - Processing /home/airflow/.local/lib/python3.12/site-packages/airflow/example_dags/example_xcomargs.py took 0.091 seconds
[2024-10-30T11:03:31.149+0000] {processor.py:186} INFO - Started process (PID=1434) to work on /home/airflow/.local/lib/python3.12/site-packages/airflow/example_dags/example_xcomargs.py
[2024-10-30T11:03:31.150+0000] {processor.py:914} INFO - Processing file /home/airflow/.local/lib/python3.12/site-packages/airflow/example_dags/example_xcomargs.py for tasks to queue
[2024-10-30T11:03:31.155+0000] {logging_mixin.py:190} INFO - [2024-10-30T11:03:31.155+0000] {dagbag.py:588} INFO - Filling up the DagBag from /home/airflow/.local/lib/python3.12/site-packages/airflow/example_dags/example_xcomargs.py
[2024-10-30T11:03:31.163+0000] {processor.py:925} INFO - DAG(s) 'example_xcom_args_with_operators', 'example_xcom_args' retrieved from /home/airflow/.local/lib/python3.12/site-packages/airflow/example_dags/example_xcomargs.py
[2024-10-30T11:03:31.177+0000] {logging_mixin.py:190} INFO - [2024-10-30T11:03:31.177+0000] {dag.py:3239} INFO - Sync 2 DAGs
[2024-10-30T11:03:31.186+0000] {logging_mixin.py:190} INFO - [2024-10-30T11:03:31.186+0000] {dag.py:4180} INFO - Setting next_dagrun for example_xcom_args to None, run_after=None
[2024-10-30T11:03:31.189+0000] {logging_mixin.py:190} INFO - [2024-10-30T11:03:31.189+0000] {dag.py:4180} INFO - Setting next_dagrun for example_xcom_args_with_operators to None, run_after=None
[2024-10-30T11:03:31.198+0000] {processor.py:208} INFO - Processing /home/airflow/.local/lib/python3.12/site-packages/airflow/example_dags/example_xcomargs.py took 0.053 seconds
[2024-10-30T11:04:01.746+0000] {processor.py:186} INFO - Started process (PID=1496) to work on /home/airflow/.local/lib/python3.12/site-packages/airflow/example_dags/example_xcomargs.py
[2024-10-30T11:04:01.750+0000] {processor.py:914} INFO - Processing file /home/airflow/.local/lib/python3.12/site-packages/airflow/example_dags/example_xcomargs.py for tasks to queue
[2024-10-30T11:04:01.752+0000] {logging_mixin.py:190} INFO - [2024-10-30T11:04:01.752+0000] {dagbag.py:588} INFO - Filling up the DagBag from /home/airflow/.local/lib/python3.12/site-packages/airflow/example_dags/example_xcomargs.py
[2024-10-30T11:04:01.760+0000] {processor.py:925} INFO - DAG(s) 'example_xcom_args_with_operators', 'example_xcom_args' retrieved from /home/airflow/.local/lib/python3.12/site-packages/airflow/example_dags/example_xcomargs.py
[2024-10-30T11:04:01.777+0000] {logging_mixin.py:190} INFO - [2024-10-30T11:04:01.777+0000] {dag.py:3239} INFO - Sync 2 DAGs
[2024-10-30T11:04:01.789+0000] {logging_mixin.py:190} INFO - [2024-10-30T11:04:01.789+0000] {dag.py:4180} INFO - Setting next_dagrun for example_xcom_args to None, run_after=None
[2024-10-30T11:04:01.792+0000] {logging_mixin.py:190} INFO - [2024-10-30T11:04:01.792+0000] {dag.py:4180} INFO - Setting next_dagrun for example_xcom_args_with_operators to None, run_after=None
[2024-10-30T11:04:01.810+0000] {processor.py:208} INFO - Processing /home/airflow/.local/lib/python3.12/site-packages/airflow/example_dags/example_xcomargs.py took 0.068 seconds
[2024-10-30T11:04:32.754+0000] {processor.py:186} INFO - Started process (PID=1558) to work on /home/airflow/.local/lib/python3.12/site-packages/airflow/example_dags/example_xcomargs.py
[2024-10-30T11:04:32.760+0000] {processor.py:914} INFO - Processing file /home/airflow/.local/lib/python3.12/site-packages/airflow/example_dags/example_xcomargs.py for tasks to queue
[2024-10-30T11:04:32.764+0000] {logging_mixin.py:190} INFO - [2024-10-30T11:04:32.763+0000] {dagbag.py:588} INFO - Filling up the DagBag from /home/airflow/.local/lib/python3.12/site-packages/airflow/example_dags/example_xcomargs.py
[2024-10-30T11:04:32.880+0000] {processor.py:925} INFO - DAG(s) 'example_xcom_args', 'example_xcom_args_with_operators' retrieved from /home/airflow/.local/lib/python3.12/site-packages/airflow/example_dags/example_xcomargs.py
[2024-10-30T11:04:32.907+0000] {logging_mixin.py:190} INFO - [2024-10-30T11:04:32.907+0000] {dag.py:3239} INFO - Sync 2 DAGs
[2024-10-30T11:04:32.918+0000] {logging_mixin.py:190} INFO - [2024-10-30T11:04:32.917+0000] {dag.py:4180} INFO - Setting next_dagrun for example_xcom_args to None, run_after=None
[2024-10-30T11:04:32.921+0000] {logging_mixin.py:190} INFO - [2024-10-30T11:04:32.920+0000] {dag.py:4180} INFO - Setting next_dagrun for example_xcom_args_with_operators to None, run_after=None
[2024-10-30T11:04:32.933+0000] {processor.py:208} INFO - Processing /home/airflow/.local/lib/python3.12/site-packages/airflow/example_dags/example_xcomargs.py took 0.201 seconds
[2024-10-30T11:05:03.802+0000] {processor.py:186} INFO - Started process (PID=1620) to work on /home/airflow/.local/lib/python3.12/site-packages/airflow/example_dags/example_xcomargs.py
[2024-10-30T11:05:03.803+0000] {processor.py:914} INFO - Processing file /home/airflow/.local/lib/python3.12/site-packages/airflow/example_dags/example_xcomargs.py for tasks to queue
[2024-10-30T11:05:03.805+0000] {logging_mixin.py:190} INFO - [2024-10-30T11:05:03.805+0000] {dagbag.py:588} INFO - Filling up the DagBag from /home/airflow/.local/lib/python3.12/site-packages/airflow/example_dags/example_xcomargs.py
[2024-10-30T11:05:03.813+0000] {processor.py:925} INFO - DAG(s) 'example_xcom_args', 'example_xcom_args_with_operators' retrieved from /home/airflow/.local/lib/python3.12/site-packages/airflow/example_dags/example_xcomargs.py
[2024-10-30T11:05:03.831+0000] {logging_mixin.py:190} INFO - [2024-10-30T11:05:03.831+0000] {dag.py:3239} INFO - Sync 2 DAGs
[2024-10-30T11:05:03.841+0000] {logging_mixin.py:190} INFO - [2024-10-30T11:05:03.841+0000] {dag.py:4180} INFO - Setting next_dagrun for example_xcom_args to None, run_after=None
[2024-10-30T11:05:03.845+0000] {logging_mixin.py:190} INFO - [2024-10-30T11:05:03.844+0000] {dag.py:4180} INFO - Setting next_dagrun for example_xcom_args_with_operators to None, run_after=None
[2024-10-30T11:05:03.858+0000] {processor.py:208} INFO - Processing /home/airflow/.local/lib/python3.12/site-packages/airflow/example_dags/example_xcomargs.py took 0.060 seconds
[2024-10-30T11:05:34.681+0000] {processor.py:186} INFO - Started process (PID=1682) to work on /home/airflow/.local/lib/python3.12/site-packages/airflow/example_dags/example_xcomargs.py
[2024-10-30T11:05:34.683+0000] {processor.py:914} INFO - Processing file /home/airflow/.local/lib/python3.12/site-packages/airflow/example_dags/example_xcomargs.py for tasks to queue
[2024-10-30T11:05:34.684+0000] {logging_mixin.py:190} INFO - [2024-10-30T11:05:34.684+0000] {dagbag.py:588} INFO - Filling up the DagBag from /home/airflow/.local/lib/python3.12/site-packages/airflow/example_dags/example_xcomargs.py
[2024-10-30T11:05:34.691+0000] {processor.py:925} INFO - DAG(s) 'example_xcom_args_with_operators', 'example_xcom_args' retrieved from /home/airflow/.local/lib/python3.12/site-packages/airflow/example_dags/example_xcomargs.py
[2024-10-30T11:05:34.707+0000] {logging_mixin.py:190} INFO - [2024-10-30T11:05:34.707+0000] {dag.py:3239} INFO - Sync 2 DAGs
[2024-10-30T11:05:34.716+0000] {logging_mixin.py:190} INFO - [2024-10-30T11:05:34.716+0000] {dag.py:4180} INFO - Setting next_dagrun for example_xcom_args to None, run_after=None
[2024-10-30T11:05:34.719+0000] {logging_mixin.py:190} INFO - [2024-10-30T11:05:34.719+0000] {dag.py:4180} INFO - Setting next_dagrun for example_xcom_args_with_operators to None, run_after=None
[2024-10-30T11:05:34.728+0000] {processor.py:208} INFO - Processing /home/airflow/.local/lib/python3.12/site-packages/airflow/example_dags/example_xcomargs.py took 0.052 seconds
[2024-10-30T11:06:05.622+0000] {processor.py:186} INFO - Started process (PID=1744) to work on /home/airflow/.local/lib/python3.12/site-packages/airflow/example_dags/example_xcomargs.py
[2024-10-30T11:06:05.623+0000] {processor.py:914} INFO - Processing file /home/airflow/.local/lib/python3.12/site-packages/airflow/example_dags/example_xcomargs.py for tasks to queue
[2024-10-30T11:06:05.625+0000] {logging_mixin.py:190} INFO - [2024-10-30T11:06:05.624+0000] {dagbag.py:588} INFO - Filling up the DagBag from /home/airflow/.local/lib/python3.12/site-packages/airflow/example_dags/example_xcomargs.py
[2024-10-30T11:06:05.633+0000] {processor.py:925} INFO - DAG(s) 'example_xcom_args', 'example_xcom_args_with_operators' retrieved from /home/airflow/.local/lib/python3.12/site-packages/airflow/example_dags/example_xcomargs.py
[2024-10-30T11:06:05.650+0000] {logging_mixin.py:190} INFO - [2024-10-30T11:06:05.650+0000] {dag.py:3239} INFO - Sync 2 DAGs
[2024-10-30T11:06:05.661+0000] {logging_mixin.py:190} INFO - [2024-10-30T11:06:05.661+0000] {dag.py:4180} INFO - Setting next_dagrun for example_xcom_args to None, run_after=None
[2024-10-30T11:06:05.664+0000] {logging_mixin.py:190} INFO - [2024-10-30T11:06:05.664+0000] {dag.py:4180} INFO - Setting next_dagrun for example_xcom_args_with_operators to None, run_after=None
[2024-10-30T11:06:05.677+0000] {processor.py:208} INFO - Processing /home/airflow/.local/lib/python3.12/site-packages/airflow/example_dags/example_xcomargs.py took 0.059 seconds
[2024-10-30T11:06:36.685+0000] {processor.py:186} INFO - Started process (PID=1806) to work on /home/airflow/.local/lib/python3.12/site-packages/airflow/example_dags/example_xcomargs.py
[2024-10-30T11:06:36.687+0000] {processor.py:914} INFO - Processing file /home/airflow/.local/lib/python3.12/site-packages/airflow/example_dags/example_xcomargs.py for tasks to queue
[2024-10-30T11:06:36.689+0000] {logging_mixin.py:190} INFO - [2024-10-30T11:06:36.689+0000] {dagbag.py:588} INFO - Filling up the DagBag from /home/airflow/.local/lib/python3.12/site-packages/airflow/example_dags/example_xcomargs.py
[2024-10-30T11:06:36.696+0000] {processor.py:925} INFO - DAG(s) 'example_xcom_args', 'example_xcom_args_with_operators' retrieved from /home/airflow/.local/lib/python3.12/site-packages/airflow/example_dags/example_xcomargs.py
[2024-10-30T11:06:36.711+0000] {logging_mixin.py:190} INFO - [2024-10-30T11:06:36.711+0000] {dag.py:3239} INFO - Sync 2 DAGs
[2024-10-30T11:06:36.720+0000] {logging_mixin.py:190} INFO - [2024-10-30T11:06:36.720+0000] {dag.py:4180} INFO - Setting next_dagrun for example_xcom_args to None, run_after=None
[2024-10-30T11:06:36.722+0000] {logging_mixin.py:190} INFO - [2024-10-30T11:06:36.722+0000] {dag.py:4180} INFO - Setting next_dagrun for example_xcom_args_with_operators to None, run_after=None
[2024-10-30T11:06:36.731+0000] {processor.py:208} INFO - Processing /home/airflow/.local/lib/python3.12/site-packages/airflow/example_dags/example_xcomargs.py took 0.053 seconds
[2024-10-30T11:07:06.892+0000] {processor.py:186} INFO - Started process (PID=1868) to work on /home/airflow/.local/lib/python3.12/site-packages/airflow/example_dags/example_xcomargs.py
[2024-10-30T11:07:06.895+0000] {processor.py:914} INFO - Processing file /home/airflow/.local/lib/python3.12/site-packages/airflow/example_dags/example_xcomargs.py for tasks to queue
[2024-10-30T11:07:06.897+0000] {logging_mixin.py:190} INFO - [2024-10-30T11:07:06.897+0000] {dagbag.py:588} INFO - Filling up the DagBag from /home/airflow/.local/lib/python3.12/site-packages/airflow/example_dags/example_xcomargs.py
[2024-10-30T11:07:06.905+0000] {processor.py:925} INFO - DAG(s) 'example_xcom_args', 'example_xcom_args_with_operators' retrieved from /home/airflow/.local/lib/python3.12/site-packages/airflow/example_dags/example_xcomargs.py
[2024-10-30T11:07:06.921+0000] {logging_mixin.py:190} INFO - [2024-10-30T11:07:06.921+0000] {dag.py:3239} INFO - Sync 2 DAGs
[2024-10-30T11:07:06.930+0000] {logging_mixin.py:190} INFO - [2024-10-30T11:07:06.930+0000] {dag.py:4180} INFO - Setting next_dagrun for example_xcom_args to None, run_after=None
[2024-10-30T11:07:06.933+0000] {logging_mixin.py:190} INFO - [2024-10-30T11:07:06.933+0000] {dag.py:4180} INFO - Setting next_dagrun for example_xcom_args_with_operators to None, run_after=None
[2024-10-30T11:07:06.943+0000] {processor.py:208} INFO - Processing /home/airflow/.local/lib/python3.12/site-packages/airflow/example_dags/example_xcomargs.py took 0.055 seconds
[2024-10-30T11:07:37.130+0000] {processor.py:186} INFO - Started process (PID=1930) to work on /home/airflow/.local/lib/python3.12/site-packages/airflow/example_dags/example_xcomargs.py
[2024-10-30T11:07:37.133+0000] {processor.py:914} INFO - Processing file /home/airflow/.local/lib/python3.12/site-packages/airflow/example_dags/example_xcomargs.py for tasks to queue
[2024-10-30T11:07:37.138+0000] {logging_mixin.py:190} INFO - [2024-10-30T11:07:37.138+0000] {dagbag.py:588} INFO - Filling up the DagBag from /home/airflow/.local/lib/python3.12/site-packages/airflow/example_dags/example_xcomargs.py
[2024-10-30T11:07:37.151+0000] {processor.py:925} INFO - DAG(s) 'example_xcom_args', 'example_xcom_args_with_operators' retrieved from /home/airflow/.local/lib/python3.12/site-packages/airflow/example_dags/example_xcomargs.py
[2024-10-30T11:07:37.167+0000] {logging_mixin.py:190} INFO - [2024-10-30T11:07:37.167+0000] {dag.py:3239} INFO - Sync 2 DAGs
[2024-10-30T11:07:37.176+0000] {logging_mixin.py:190} INFO - [2024-10-30T11:07:37.176+0000] {dag.py:4180} INFO - Setting next_dagrun for example_xcom_args to None, run_after=None
[2024-10-30T11:07:37.179+0000] {logging_mixin.py:190} INFO - [2024-10-30T11:07:37.179+0000] {dag.py:4180} INFO - Setting next_dagrun for example_xcom_args_with_operators to None, run_after=None
[2024-10-30T11:07:37.190+0000] {processor.py:208} INFO - Processing /home/airflow/.local/lib/python3.12/site-packages/airflow/example_dags/example_xcomargs.py took 0.064 seconds
[2024-10-30T11:08:07.913+0000] {processor.py:186} INFO - Started process (PID=1992) to work on /home/airflow/.local/lib/python3.12/site-packages/airflow/example_dags/example_xcomargs.py
[2024-10-30T11:08:07.917+0000] {processor.py:914} INFO - Processing file /home/airflow/.local/lib/python3.12/site-packages/airflow/example_dags/example_xcomargs.py for tasks to queue
[2024-10-30T11:08:07.919+0000] {logging_mixin.py:190} INFO - [2024-10-30T11:08:07.919+0000] {dagbag.py:588} INFO - Filling up the DagBag from /home/airflow/.local/lib/python3.12/site-packages/airflow/example_dags/example_xcomargs.py
[2024-10-30T11:08:07.928+0000] {processor.py:925} INFO - DAG(s) 'example_xcom_args', 'example_xcom_args_with_operators' retrieved from /home/airflow/.local/lib/python3.12/site-packages/airflow/example_dags/example_xcomargs.py
[2024-10-30T11:08:07.947+0000] {logging_mixin.py:190} INFO - [2024-10-30T11:08:07.947+0000] {dag.py:3239} INFO - Sync 2 DAGs
[2024-10-30T11:08:07.956+0000] {logging_mixin.py:190} INFO - [2024-10-30T11:08:07.956+0000] {dag.py:4180} INFO - Setting next_dagrun for example_xcom_args to None, run_after=None
[2024-10-30T11:08:07.960+0000] {logging_mixin.py:190} INFO - [2024-10-30T11:08:07.960+0000] {dag.py:4180} INFO - Setting next_dagrun for example_xcom_args_with_operators to None, run_after=None
[2024-10-30T11:08:07.972+0000] {processor.py:208} INFO - Processing /home/airflow/.local/lib/python3.12/site-packages/airflow/example_dags/example_xcomargs.py took 0.063 seconds
[2024-10-30T11:08:38.752+0000] {processor.py:186} INFO - Started process (PID=2054) to work on /home/airflow/.local/lib/python3.12/site-packages/airflow/example_dags/example_xcomargs.py
[2024-10-30T11:08:38.757+0000] {processor.py:914} INFO - Processing file /home/airflow/.local/lib/python3.12/site-packages/airflow/example_dags/example_xcomargs.py for tasks to queue
[2024-10-30T11:08:38.759+0000] {logging_mixin.py:190} INFO - [2024-10-30T11:08:38.759+0000] {dagbag.py:588} INFO - Filling up the DagBag from /home/airflow/.local/lib/python3.12/site-packages/airflow/example_dags/example_xcomargs.py
[2024-10-30T11:08:38.766+0000] {processor.py:925} INFO - DAG(s) 'example_xcom_args_with_operators', 'example_xcom_args' retrieved from /home/airflow/.local/lib/python3.12/site-packages/airflow/example_dags/example_xcomargs.py
[2024-10-30T11:08:38.787+0000] {logging_mixin.py:190} INFO - [2024-10-30T11:08:38.786+0000] {dag.py:3239} INFO - Sync 2 DAGs
[2024-10-30T11:08:38.802+0000] {logging_mixin.py:190} INFO - [2024-10-30T11:08:38.802+0000] {dag.py:4180} INFO - Setting next_dagrun for example_xcom_args to None, run_after=None
[2024-10-30T11:08:38.808+0000] {logging_mixin.py:190} INFO - [2024-10-30T11:08:38.808+0000] {dag.py:4180} INFO - Setting next_dagrun for example_xcom_args_with_operators to None, run_after=None
[2024-10-30T11:08:38.834+0000] {processor.py:208} INFO - Processing /home/airflow/.local/lib/python3.12/site-packages/airflow/example_dags/example_xcomargs.py took 0.086 seconds
[2024-10-30T11:09:09.755+0000] {processor.py:186} INFO - Started process (PID=2116) to work on /home/airflow/.local/lib/python3.12/site-packages/airflow/example_dags/example_xcomargs.py
[2024-10-30T11:09:09.756+0000] {processor.py:914} INFO - Processing file /home/airflow/.local/lib/python3.12/site-packages/airflow/example_dags/example_xcomargs.py for tasks to queue
[2024-10-30T11:09:09.759+0000] {logging_mixin.py:190} INFO - [2024-10-30T11:09:09.759+0000] {dagbag.py:588} INFO - Filling up the DagBag from /home/airflow/.local/lib/python3.12/site-packages/airflow/example_dags/example_xcomargs.py
[2024-10-30T11:09:09.766+0000] {processor.py:925} INFO - DAG(s) 'example_xcom_args', 'example_xcom_args_with_operators' retrieved from /home/airflow/.local/lib/python3.12/site-packages/airflow/example_dags/example_xcomargs.py
[2024-10-30T11:09:09.785+0000] {logging_mixin.py:190} INFO - [2024-10-30T11:09:09.785+0000] {dag.py:3239} INFO - Sync 2 DAGs
[2024-10-30T11:09:09.794+0000] {logging_mixin.py:190} INFO - [2024-10-30T11:09:09.794+0000] {dag.py:4180} INFO - Setting next_dagrun for example_xcom_args to None, run_after=None
[2024-10-30T11:09:09.796+0000] {logging_mixin.py:190} INFO - [2024-10-30T11:09:09.796+0000] {dag.py:4180} INFO - Setting next_dagrun for example_xcom_args_with_operators to None, run_after=None
[2024-10-30T11:09:09.806+0000] {processor.py:208} INFO - Processing /home/airflow/.local/lib/python3.12/site-packages/airflow/example_dags/example_xcomargs.py took 0.054 seconds
