[2024-10-30T10:52:16.197+0000] {processor.py:186} INFO - Started process (PID=90) to work on /home/airflow/.local/lib/python3.12/site-packages/airflow/example_dags/example_skip_dag.py
[2024-10-30T10:52:16.198+0000] {processor.py:914} INFO - Processing file /home/airflow/.local/lib/python3.12/site-packages/airflow/example_dags/example_skip_dag.py for tasks to queue
[2024-10-30T10:52:16.200+0000] {logging_mixin.py:190} INFO - [2024-10-30T10:52:16.200+0000] {dagbag.py:588} INFO - Filling up the DagBag from /home/airflow/.local/lib/python3.12/site-packages/airflow/example_dags/example_skip_dag.py
[2024-10-30T10:52:16.206+0000] {processor.py:925} INFO - DAG(s) 'example_skip_dag' retrieved from /home/airflow/.local/lib/python3.12/site-packages/airflow/example_dags/example_skip_dag.py
[2024-10-30T10:52:16.282+0000] {logging_mixin.py:190} INFO - [2024-10-30T10:52:16.281+0000] {override.py:1900} INFO - Created Permission View: can delete on DAG:example_skip_dag
[2024-10-30T10:52:16.289+0000] {logging_mixin.py:190} INFO - [2024-10-30T10:52:16.289+0000] {override.py:1900} INFO - Created Permission View: can read on DAG:example_skip_dag
[2024-10-30T10:52:16.295+0000] {logging_mixin.py:190} INFO - [2024-10-30T10:52:16.294+0000] {override.py:1900} INFO - Created Permission View: can edit on DAG:example_skip_dag
[2024-10-30T10:52:16.299+0000] {logging_mixin.py:190} INFO - [2024-10-30T10:52:16.299+0000] {override.py:1900} INFO - Created Permission View: can create on DAG Run:example_skip_dag
[2024-10-30T10:52:16.306+0000] {logging_mixin.py:190} INFO - [2024-10-30T10:52:16.306+0000] {override.py:1900} INFO - Created Permission View: can delete on DAG Run:example_skip_dag
[2024-10-30T10:52:16.312+0000] {logging_mixin.py:190} INFO - [2024-10-30T10:52:16.312+0000] {override.py:1900} INFO - Created Permission View: can read on DAG Run:example_skip_dag
[2024-10-30T10:52:16.315+0000] {logging_mixin.py:190} INFO - [2024-10-30T10:52:16.315+0000] {override.py:1900} INFO - Created Permission View: menu access on DAG Run:example_skip_dag
[2024-10-30T10:52:16.317+0000] {logging_mixin.py:190} INFO - [2024-10-30T10:52:16.317+0000] {dag.py:3239} INFO - Sync 1 DAGs
[2024-10-30T10:52:16.325+0000] {logging_mixin.py:190} INFO - [2024-10-30T10:52:16.325+0000] {dag.py:3262} INFO - Creating ORM DAG for example_skip_dag
[2024-10-30T10:52:16.333+0000] {logging_mixin.py:190} INFO - [2024-10-30T10:52:16.332+0000] {dag.py:4180} INFO - Setting next_dagrun for example_skip_dag to 2024-10-29 00:00:00+00:00, run_after=2024-10-30 00:00:00+00:00
[2024-10-30T10:52:16.346+0000] {processor.py:208} INFO - Processing /home/airflow/.local/lib/python3.12/site-packages/airflow/example_dags/example_skip_dag.py took 0.153 seconds
[2024-10-30T10:52:46.399+0000] {processor.py:186} INFO - Started process (PID=151) to work on /home/airflow/.local/lib/python3.12/site-packages/airflow/example_dags/example_skip_dag.py
[2024-10-30T10:52:46.400+0000] {processor.py:914} INFO - Processing file /home/airflow/.local/lib/python3.12/site-packages/airflow/example_dags/example_skip_dag.py for tasks to queue
[2024-10-30T10:52:46.401+0000] {logging_mixin.py:190} INFO - [2024-10-30T10:52:46.401+0000] {dagbag.py:588} INFO - Filling up the DagBag from /home/airflow/.local/lib/python3.12/site-packages/airflow/example_dags/example_skip_dag.py
[2024-10-30T10:52:46.406+0000] {processor.py:925} INFO - DAG(s) 'example_skip_dag' retrieved from /home/airflow/.local/lib/python3.12/site-packages/airflow/example_dags/example_skip_dag.py
[2024-10-30T10:52:46.419+0000] {logging_mixin.py:190} INFO - [2024-10-30T10:52:46.419+0000] {dag.py:3239} INFO - Sync 1 DAGs
[2024-10-30T10:52:46.433+0000] {logging_mixin.py:190} INFO - [2024-10-30T10:52:46.432+0000] {dag.py:4180} INFO - Setting next_dagrun for example_skip_dag to 2024-10-29 00:00:00+00:00, run_after=2024-10-30 00:00:00+00:00
[2024-10-30T10:52:46.442+0000] {processor.py:208} INFO - Processing /home/airflow/.local/lib/python3.12/site-packages/airflow/example_dags/example_skip_dag.py took 0.047 seconds
[2024-10-30T10:53:16.624+0000] {processor.py:186} INFO - Started process (PID=214) to work on /home/airflow/.local/lib/python3.12/site-packages/airflow/example_dags/example_skip_dag.py
[2024-10-30T10:53:16.629+0000] {processor.py:914} INFO - Processing file /home/airflow/.local/lib/python3.12/site-packages/airflow/example_dags/example_skip_dag.py for tasks to queue
[2024-10-30T10:53:16.631+0000] {logging_mixin.py:190} INFO - [2024-10-30T10:53:16.630+0000] {dagbag.py:588} INFO - Filling up the DagBag from /home/airflow/.local/lib/python3.12/site-packages/airflow/example_dags/example_skip_dag.py
[2024-10-30T10:53:16.635+0000] {processor.py:925} INFO - DAG(s) 'example_skip_dag' retrieved from /home/airflow/.local/lib/python3.12/site-packages/airflow/example_dags/example_skip_dag.py
[2024-10-30T10:53:16.649+0000] {logging_mixin.py:190} INFO - [2024-10-30T10:53:16.649+0000] {dag.py:3239} INFO - Sync 1 DAGs
[2024-10-30T10:53:16.665+0000] {logging_mixin.py:190} INFO - [2024-10-30T10:53:16.665+0000] {dag.py:4180} INFO - Setting next_dagrun for example_skip_dag to 2024-10-29 00:00:00+00:00, run_after=2024-10-30 00:00:00+00:00
[2024-10-30T10:53:16.686+0000] {processor.py:208} INFO - Processing /home/airflow/.local/lib/python3.12/site-packages/airflow/example_dags/example_skip_dag.py took 0.066 seconds
[2024-10-30T10:53:47.625+0000] {processor.py:186} INFO - Started process (PID=276) to work on /home/airflow/.local/lib/python3.12/site-packages/airflow/example_dags/example_skip_dag.py
[2024-10-30T10:53:47.626+0000] {processor.py:914} INFO - Processing file /home/airflow/.local/lib/python3.12/site-packages/airflow/example_dags/example_skip_dag.py for tasks to queue
[2024-10-30T10:53:47.627+0000] {logging_mixin.py:190} INFO - [2024-10-30T10:53:47.627+0000] {dagbag.py:588} INFO - Filling up the DagBag from /home/airflow/.local/lib/python3.12/site-packages/airflow/example_dags/example_skip_dag.py
[2024-10-30T10:53:47.632+0000] {processor.py:925} INFO - DAG(s) 'example_skip_dag' retrieved from /home/airflow/.local/lib/python3.12/site-packages/airflow/example_dags/example_skip_dag.py
[2024-10-30T10:53:47.646+0000] {logging_mixin.py:190} INFO - [2024-10-30T10:53:47.645+0000] {dag.py:3239} INFO - Sync 1 DAGs
[2024-10-30T10:53:47.660+0000] {logging_mixin.py:190} INFO - [2024-10-30T10:53:47.660+0000] {dag.py:4180} INFO - Setting next_dagrun for example_skip_dag to 2024-10-29 00:00:00+00:00, run_after=2024-10-30 00:00:00+00:00
[2024-10-30T10:53:47.675+0000] {processor.py:208} INFO - Processing /home/airflow/.local/lib/python3.12/site-packages/airflow/example_dags/example_skip_dag.py took 0.054 seconds
[2024-10-30T10:54:18.664+0000] {processor.py:186} INFO - Started process (PID=338) to work on /home/airflow/.local/lib/python3.12/site-packages/airflow/example_dags/example_skip_dag.py
[2024-10-30T10:54:18.665+0000] {processor.py:914} INFO - Processing file /home/airflow/.local/lib/python3.12/site-packages/airflow/example_dags/example_skip_dag.py for tasks to queue
[2024-10-30T10:54:18.666+0000] {logging_mixin.py:190} INFO - [2024-10-30T10:54:18.666+0000] {dagbag.py:588} INFO - Filling up the DagBag from /home/airflow/.local/lib/python3.12/site-packages/airflow/example_dags/example_skip_dag.py
[2024-10-30T10:54:18.671+0000] {processor.py:925} INFO - DAG(s) 'example_skip_dag' retrieved from /home/airflow/.local/lib/python3.12/site-packages/airflow/example_dags/example_skip_dag.py
[2024-10-30T10:54:18.686+0000] {logging_mixin.py:190} INFO - [2024-10-30T10:54:18.686+0000] {dag.py:3239} INFO - Sync 1 DAGs
[2024-10-30T10:54:18.704+0000] {logging_mixin.py:190} INFO - [2024-10-30T10:54:18.704+0000] {dag.py:4180} INFO - Setting next_dagrun for example_skip_dag to 2024-10-29 00:00:00+00:00, run_after=2024-10-30 00:00:00+00:00
[2024-10-30T10:54:18.724+0000] {processor.py:208} INFO - Processing /home/airflow/.local/lib/python3.12/site-packages/airflow/example_dags/example_skip_dag.py took 0.064 seconds
[2024-10-30T10:54:49.634+0000] {processor.py:186} INFO - Started process (PID=400) to work on /home/airflow/.local/lib/python3.12/site-packages/airflow/example_dags/example_skip_dag.py
[2024-10-30T10:54:49.635+0000] {processor.py:914} INFO - Processing file /home/airflow/.local/lib/python3.12/site-packages/airflow/example_dags/example_skip_dag.py for tasks to queue
[2024-10-30T10:54:49.636+0000] {logging_mixin.py:190} INFO - [2024-10-30T10:54:49.636+0000] {dagbag.py:588} INFO - Filling up the DagBag from /home/airflow/.local/lib/python3.12/site-packages/airflow/example_dags/example_skip_dag.py
[2024-10-30T10:54:49.642+0000] {processor.py:925} INFO - DAG(s) 'example_skip_dag' retrieved from /home/airflow/.local/lib/python3.12/site-packages/airflow/example_dags/example_skip_dag.py
[2024-10-30T10:54:49.660+0000] {logging_mixin.py:190} INFO - [2024-10-30T10:54:49.660+0000] {dag.py:3239} INFO - Sync 1 DAGs
[2024-10-30T10:54:49.676+0000] {logging_mixin.py:190} INFO - [2024-10-30T10:54:49.676+0000] {dag.py:4180} INFO - Setting next_dagrun for example_skip_dag to 2024-10-29 00:00:00+00:00, run_after=2024-10-30 00:00:00+00:00
[2024-10-30T10:54:49.693+0000] {processor.py:208} INFO - Processing /home/airflow/.local/lib/python3.12/site-packages/airflow/example_dags/example_skip_dag.py took 0.064 seconds
[2024-10-30T10:55:20.685+0000] {processor.py:186} INFO - Started process (PID=462) to work on /home/airflow/.local/lib/python3.12/site-packages/airflow/example_dags/example_skip_dag.py
[2024-10-30T10:55:20.686+0000] {processor.py:914} INFO - Processing file /home/airflow/.local/lib/python3.12/site-packages/airflow/example_dags/example_skip_dag.py for tasks to queue
[2024-10-30T10:55:20.688+0000] {logging_mixin.py:190} INFO - [2024-10-30T10:55:20.688+0000] {dagbag.py:588} INFO - Filling up the DagBag from /home/airflow/.local/lib/python3.12/site-packages/airflow/example_dags/example_skip_dag.py
[2024-10-30T10:55:20.694+0000] {processor.py:925} INFO - DAG(s) 'example_skip_dag' retrieved from /home/airflow/.local/lib/python3.12/site-packages/airflow/example_dags/example_skip_dag.py
[2024-10-30T10:55:20.710+0000] {logging_mixin.py:190} INFO - [2024-10-30T10:55:20.709+0000] {dag.py:3239} INFO - Sync 1 DAGs
[2024-10-30T10:55:20.729+0000] {logging_mixin.py:190} INFO - [2024-10-30T10:55:20.729+0000] {dag.py:4180} INFO - Setting next_dagrun for example_skip_dag to 2024-10-29 00:00:00+00:00, run_after=2024-10-30 00:00:00+00:00
[2024-10-30T10:55:20.749+0000] {processor.py:208} INFO - Processing /home/airflow/.local/lib/python3.12/site-packages/airflow/example_dags/example_skip_dag.py took 0.069 seconds
[2024-10-30T10:55:51.613+0000] {processor.py:186} INFO - Started process (PID=524) to work on /home/airflow/.local/lib/python3.12/site-packages/airflow/example_dags/example_skip_dag.py
[2024-10-30T10:55:51.615+0000] {processor.py:914} INFO - Processing file /home/airflow/.local/lib/python3.12/site-packages/airflow/example_dags/example_skip_dag.py for tasks to queue
[2024-10-30T10:55:51.617+0000] {logging_mixin.py:190} INFO - [2024-10-30T10:55:51.617+0000] {dagbag.py:588} INFO - Filling up the DagBag from /home/airflow/.local/lib/python3.12/site-packages/airflow/example_dags/example_skip_dag.py
[2024-10-30T10:55:51.622+0000] {processor.py:925} INFO - DAG(s) 'example_skip_dag' retrieved from /home/airflow/.local/lib/python3.12/site-packages/airflow/example_dags/example_skip_dag.py
[2024-10-30T10:55:51.637+0000] {logging_mixin.py:190} INFO - [2024-10-30T10:55:51.637+0000] {dag.py:3239} INFO - Sync 1 DAGs
[2024-10-30T10:55:51.653+0000] {logging_mixin.py:190} INFO - [2024-10-30T10:55:51.653+0000] {dag.py:4180} INFO - Setting next_dagrun for example_skip_dag to 2024-10-29 00:00:00+00:00, run_after=2024-10-30 00:00:00+00:00
[2024-10-30T10:55:51.671+0000] {processor.py:208} INFO - Processing /home/airflow/.local/lib/python3.12/site-packages/airflow/example_dags/example_skip_dag.py took 0.062 seconds
[2024-10-30T10:56:22.514+0000] {processor.py:186} INFO - Started process (PID=586) to work on /home/airflow/.local/lib/python3.12/site-packages/airflow/example_dags/example_skip_dag.py
[2024-10-30T10:56:22.515+0000] {processor.py:914} INFO - Processing file /home/airflow/.local/lib/python3.12/site-packages/airflow/example_dags/example_skip_dag.py for tasks to queue
[2024-10-30T10:56:22.517+0000] {logging_mixin.py:190} INFO - [2024-10-30T10:56:22.517+0000] {dagbag.py:588} INFO - Filling up the DagBag from /home/airflow/.local/lib/python3.12/site-packages/airflow/example_dags/example_skip_dag.py
[2024-10-30T10:56:22.523+0000] {processor.py:925} INFO - DAG(s) 'example_skip_dag' retrieved from /home/airflow/.local/lib/python3.12/site-packages/airflow/example_dags/example_skip_dag.py
[2024-10-30T10:56:22.538+0000] {logging_mixin.py:190} INFO - [2024-10-30T10:56:22.538+0000] {dag.py:3239} INFO - Sync 1 DAGs
[2024-10-30T10:56:22.553+0000] {logging_mixin.py:190} INFO - [2024-10-30T10:56:22.552+0000] {dag.py:4180} INFO - Setting next_dagrun for example_skip_dag to 2024-10-29 00:00:00+00:00, run_after=2024-10-30 00:00:00+00:00
[2024-10-30T10:56:22.567+0000] {processor.py:208} INFO - Processing /home/airflow/.local/lib/python3.12/site-packages/airflow/example_dags/example_skip_dag.py took 0.057 seconds
[2024-10-30T10:56:53.357+0000] {processor.py:186} INFO - Started process (PID=648) to work on /home/airflow/.local/lib/python3.12/site-packages/airflow/example_dags/example_skip_dag.py
[2024-10-30T10:56:53.359+0000] {processor.py:914} INFO - Processing file /home/airflow/.local/lib/python3.12/site-packages/airflow/example_dags/example_skip_dag.py for tasks to queue
[2024-10-30T10:56:53.363+0000] {logging_mixin.py:190} INFO - [2024-10-30T10:56:53.362+0000] {dagbag.py:588} INFO - Filling up the DagBag from /home/airflow/.local/lib/python3.12/site-packages/airflow/example_dags/example_skip_dag.py
[2024-10-30T10:56:53.369+0000] {processor.py:925} INFO - DAG(s) 'example_skip_dag' retrieved from /home/airflow/.local/lib/python3.12/site-packages/airflow/example_dags/example_skip_dag.py
[2024-10-30T10:56:53.388+0000] {logging_mixin.py:190} INFO - [2024-10-30T10:56:53.388+0000] {dag.py:3239} INFO - Sync 1 DAGs
[2024-10-30T10:56:53.403+0000] {logging_mixin.py:190} INFO - [2024-10-30T10:56:53.403+0000] {dag.py:4180} INFO - Setting next_dagrun for example_skip_dag to 2024-10-29 00:00:00+00:00, run_after=2024-10-30 00:00:00+00:00
[2024-10-30T10:56:53.415+0000] {processor.py:208} INFO - Processing /home/airflow/.local/lib/python3.12/site-packages/airflow/example_dags/example_skip_dag.py took 0.062 seconds
[2024-10-30T10:57:24.163+0000] {processor.py:186} INFO - Started process (PID=710) to work on /home/airflow/.local/lib/python3.12/site-packages/airflow/example_dags/example_skip_dag.py
[2024-10-30T10:57:24.164+0000] {processor.py:914} INFO - Processing file /home/airflow/.local/lib/python3.12/site-packages/airflow/example_dags/example_skip_dag.py for tasks to queue
[2024-10-30T10:57:24.166+0000] {logging_mixin.py:190} INFO - [2024-10-30T10:57:24.165+0000] {dagbag.py:588} INFO - Filling up the DagBag from /home/airflow/.local/lib/python3.12/site-packages/airflow/example_dags/example_skip_dag.py
[2024-10-30T10:57:24.171+0000] {processor.py:925} INFO - DAG(s) 'example_skip_dag' retrieved from /home/airflow/.local/lib/python3.12/site-packages/airflow/example_dags/example_skip_dag.py
[2024-10-30T10:57:24.185+0000] {logging_mixin.py:190} INFO - [2024-10-30T10:57:24.185+0000] {dag.py:3239} INFO - Sync 1 DAGs
[2024-10-30T10:57:24.201+0000] {logging_mixin.py:190} INFO - [2024-10-30T10:57:24.201+0000] {dag.py:4180} INFO - Setting next_dagrun for example_skip_dag to 2024-10-29 00:00:00+00:00, run_after=2024-10-30 00:00:00+00:00
[2024-10-30T10:57:24.213+0000] {processor.py:208} INFO - Processing /home/airflow/.local/lib/python3.12/site-packages/airflow/example_dags/example_skip_dag.py took 0.053 seconds
[2024-10-30T10:57:54.937+0000] {processor.py:186} INFO - Started process (PID=772) to work on /home/airflow/.local/lib/python3.12/site-packages/airflow/example_dags/example_skip_dag.py
[2024-10-30T10:57:54.938+0000] {processor.py:914} INFO - Processing file /home/airflow/.local/lib/python3.12/site-packages/airflow/example_dags/example_skip_dag.py for tasks to queue
[2024-10-30T10:57:54.940+0000] {logging_mixin.py:190} INFO - [2024-10-30T10:57:54.939+0000] {dagbag.py:588} INFO - Filling up the DagBag from /home/airflow/.local/lib/python3.12/site-packages/airflow/example_dags/example_skip_dag.py
[2024-10-30T10:57:54.946+0000] {processor.py:925} INFO - DAG(s) 'example_skip_dag' retrieved from /home/airflow/.local/lib/python3.12/site-packages/airflow/example_dags/example_skip_dag.py
[2024-10-30T10:57:54.959+0000] {logging_mixin.py:190} INFO - [2024-10-30T10:57:54.959+0000] {dag.py:3239} INFO - Sync 1 DAGs
[2024-10-30T10:57:54.973+0000] {logging_mixin.py:190} INFO - [2024-10-30T10:57:54.973+0000] {dag.py:4180} INFO - Setting next_dagrun for example_skip_dag to 2024-10-29 00:00:00+00:00, run_after=2024-10-30 00:00:00+00:00
[2024-10-30T10:57:54.983+0000] {processor.py:208} INFO - Processing /home/airflow/.local/lib/python3.12/site-packages/airflow/example_dags/example_skip_dag.py took 0.050 seconds
[2024-10-30T10:58:25.775+0000] {processor.py:186} INFO - Started process (PID=833) to work on /home/airflow/.local/lib/python3.12/site-packages/airflow/example_dags/example_skip_dag.py
[2024-10-30T10:58:25.776+0000] {processor.py:914} INFO - Processing file /home/airflow/.local/lib/python3.12/site-packages/airflow/example_dags/example_skip_dag.py for tasks to queue
[2024-10-30T10:58:25.778+0000] {logging_mixin.py:190} INFO - [2024-10-30T10:58:25.778+0000] {dagbag.py:588} INFO - Filling up the DagBag from /home/airflow/.local/lib/python3.12/site-packages/airflow/example_dags/example_skip_dag.py
[2024-10-30T10:58:25.783+0000] {processor.py:925} INFO - DAG(s) 'example_skip_dag' retrieved from /home/airflow/.local/lib/python3.12/site-packages/airflow/example_dags/example_skip_dag.py
[2024-10-30T10:58:25.797+0000] {logging_mixin.py:190} INFO - [2024-10-30T10:58:25.797+0000] {dag.py:3239} INFO - Sync 1 DAGs
[2024-10-30T10:58:25.812+0000] {logging_mixin.py:190} INFO - [2024-10-30T10:58:25.812+0000] {dag.py:4180} INFO - Setting next_dagrun for example_skip_dag to 2024-10-29 00:00:00+00:00, run_after=2024-10-30 00:00:00+00:00
[2024-10-30T10:58:25.828+0000] {processor.py:208} INFO - Processing /home/airflow/.local/lib/python3.12/site-packages/airflow/example_dags/example_skip_dag.py took 0.056 seconds
[2024-10-30T10:58:56.559+0000] {processor.py:186} INFO - Started process (PID=895) to work on /home/airflow/.local/lib/python3.12/site-packages/airflow/example_dags/example_skip_dag.py
[2024-10-30T10:58:56.561+0000] {processor.py:914} INFO - Processing file /home/airflow/.local/lib/python3.12/site-packages/airflow/example_dags/example_skip_dag.py for tasks to queue
[2024-10-30T10:58:56.562+0000] {logging_mixin.py:190} INFO - [2024-10-30T10:58:56.562+0000] {dagbag.py:588} INFO - Filling up the DagBag from /home/airflow/.local/lib/python3.12/site-packages/airflow/example_dags/example_skip_dag.py
[2024-10-30T10:58:56.567+0000] {processor.py:925} INFO - DAG(s) 'example_skip_dag' retrieved from /home/airflow/.local/lib/python3.12/site-packages/airflow/example_dags/example_skip_dag.py
[2024-10-30T10:58:56.581+0000] {logging_mixin.py:190} INFO - [2024-10-30T10:58:56.581+0000] {dag.py:3239} INFO - Sync 1 DAGs
[2024-10-30T10:58:56.596+0000] {logging_mixin.py:190} INFO - [2024-10-30T10:58:56.595+0000] {dag.py:4180} INFO - Setting next_dagrun for example_skip_dag to 2024-10-29 00:00:00+00:00, run_after=2024-10-30 00:00:00+00:00
[2024-10-30T10:58:56.608+0000] {processor.py:208} INFO - Processing /home/airflow/.local/lib/python3.12/site-packages/airflow/example_dags/example_skip_dag.py took 0.052 seconds
[2024-10-30T10:59:27.248+0000] {processor.py:186} INFO - Started process (PID=957) to work on /home/airflow/.local/lib/python3.12/site-packages/airflow/example_dags/example_skip_dag.py
[2024-10-30T10:59:27.249+0000] {processor.py:914} INFO - Processing file /home/airflow/.local/lib/python3.12/site-packages/airflow/example_dags/example_skip_dag.py for tasks to queue
[2024-10-30T10:59:27.251+0000] {logging_mixin.py:190} INFO - [2024-10-30T10:59:27.251+0000] {dagbag.py:588} INFO - Filling up the DagBag from /home/airflow/.local/lib/python3.12/site-packages/airflow/example_dags/example_skip_dag.py
[2024-10-30T10:59:27.256+0000] {processor.py:925} INFO - DAG(s) 'example_skip_dag' retrieved from /home/airflow/.local/lib/python3.12/site-packages/airflow/example_dags/example_skip_dag.py
[2024-10-30T10:59:27.269+0000] {logging_mixin.py:190} INFO - [2024-10-30T10:59:27.269+0000] {dag.py:3239} INFO - Sync 1 DAGs
[2024-10-30T10:59:27.283+0000] {logging_mixin.py:190} INFO - [2024-10-30T10:59:27.283+0000] {dag.py:4180} INFO - Setting next_dagrun for example_skip_dag to 2024-10-29 00:00:00+00:00, run_after=2024-10-30 00:00:00+00:00
[2024-10-30T10:59:27.294+0000] {processor.py:208} INFO - Processing /home/airflow/.local/lib/python3.12/site-packages/airflow/example_dags/example_skip_dag.py took 0.050 seconds
[2024-10-30T10:59:58.118+0000] {processor.py:186} INFO - Started process (PID=1019) to work on /home/airflow/.local/lib/python3.12/site-packages/airflow/example_dags/example_skip_dag.py
[2024-10-30T10:59:58.119+0000] {processor.py:914} INFO - Processing file /home/airflow/.local/lib/python3.12/site-packages/airflow/example_dags/example_skip_dag.py for tasks to queue
[2024-10-30T10:59:58.121+0000] {logging_mixin.py:190} INFO - [2024-10-30T10:59:58.121+0000] {dagbag.py:588} INFO - Filling up the DagBag from /home/airflow/.local/lib/python3.12/site-packages/airflow/example_dags/example_skip_dag.py
[2024-10-30T10:59:58.126+0000] {processor.py:925} INFO - DAG(s) 'example_skip_dag' retrieved from /home/airflow/.local/lib/python3.12/site-packages/airflow/example_dags/example_skip_dag.py
[2024-10-30T10:59:58.140+0000] {logging_mixin.py:190} INFO - [2024-10-30T10:59:58.140+0000] {dag.py:3239} INFO - Sync 1 DAGs
[2024-10-30T10:59:58.154+0000] {logging_mixin.py:190} INFO - [2024-10-30T10:59:58.154+0000] {dag.py:4180} INFO - Setting next_dagrun for example_skip_dag to 2024-10-29 00:00:00+00:00, run_after=2024-10-30 00:00:00+00:00
[2024-10-30T10:59:58.165+0000] {processor.py:208} INFO - Processing /home/airflow/.local/lib/python3.12/site-packages/airflow/example_dags/example_skip_dag.py took 0.051 seconds
[2024-10-30T11:00:28.827+0000] {processor.py:186} INFO - Started process (PID=1081) to work on /home/airflow/.local/lib/python3.12/site-packages/airflow/example_dags/example_skip_dag.py
[2024-10-30T11:00:28.828+0000] {processor.py:914} INFO - Processing file /home/airflow/.local/lib/python3.12/site-packages/airflow/example_dags/example_skip_dag.py for tasks to queue
[2024-10-30T11:00:28.830+0000] {logging_mixin.py:190} INFO - [2024-10-30T11:00:28.830+0000] {dagbag.py:588} INFO - Filling up the DagBag from /home/airflow/.local/lib/python3.12/site-packages/airflow/example_dags/example_skip_dag.py
[2024-10-30T11:00:28.835+0000] {processor.py:925} INFO - DAG(s) 'example_skip_dag' retrieved from /home/airflow/.local/lib/python3.12/site-packages/airflow/example_dags/example_skip_dag.py
[2024-10-30T11:00:28.850+0000] {logging_mixin.py:190} INFO - [2024-10-30T11:00:28.850+0000] {dag.py:3239} INFO - Sync 1 DAGs
[2024-10-30T11:00:28.867+0000] {logging_mixin.py:190} INFO - [2024-10-30T11:00:28.866+0000] {dag.py:4180} INFO - Setting next_dagrun for example_skip_dag to 2024-10-29 00:00:00+00:00, run_after=2024-10-30 00:00:00+00:00
[2024-10-30T11:00:28.879+0000] {processor.py:208} INFO - Processing /home/airflow/.local/lib/python3.12/site-packages/airflow/example_dags/example_skip_dag.py took 0.056 seconds
[2024-10-30T11:00:59.756+0000] {processor.py:186} INFO - Started process (PID=1143) to work on /home/airflow/.local/lib/python3.12/site-packages/airflow/example_dags/example_skip_dag.py
[2024-10-30T11:00:59.757+0000] {processor.py:914} INFO - Processing file /home/airflow/.local/lib/python3.12/site-packages/airflow/example_dags/example_skip_dag.py for tasks to queue
[2024-10-30T11:00:59.759+0000] {logging_mixin.py:190} INFO - [2024-10-30T11:00:59.759+0000] {dagbag.py:588} INFO - Filling up the DagBag from /home/airflow/.local/lib/python3.12/site-packages/airflow/example_dags/example_skip_dag.py
[2024-10-30T11:00:59.764+0000] {processor.py:925} INFO - DAG(s) 'example_skip_dag' retrieved from /home/airflow/.local/lib/python3.12/site-packages/airflow/example_dags/example_skip_dag.py
[2024-10-30T11:00:59.778+0000] {logging_mixin.py:190} INFO - [2024-10-30T11:00:59.778+0000] {dag.py:3239} INFO - Sync 1 DAGs
[2024-10-30T11:00:59.793+0000] {logging_mixin.py:190} INFO - [2024-10-30T11:00:59.793+0000] {dag.py:4180} INFO - Setting next_dagrun for example_skip_dag to 2024-10-29 00:00:00+00:00, run_after=2024-10-30 00:00:00+00:00
[2024-10-30T11:00:59.804+0000] {processor.py:208} INFO - Processing /home/airflow/.local/lib/python3.12/site-packages/airflow/example_dags/example_skip_dag.py took 0.052 seconds
[2024-10-30T11:01:30.373+0000] {processor.py:186} INFO - Started process (PID=1205) to work on /home/airflow/.local/lib/python3.12/site-packages/airflow/example_dags/example_skip_dag.py
[2024-10-30T11:01:30.374+0000] {processor.py:914} INFO - Processing file /home/airflow/.local/lib/python3.12/site-packages/airflow/example_dags/example_skip_dag.py for tasks to queue
[2024-10-30T11:01:30.376+0000] {logging_mixin.py:190} INFO - [2024-10-30T11:01:30.375+0000] {dagbag.py:588} INFO - Filling up the DagBag from /home/airflow/.local/lib/python3.12/site-packages/airflow/example_dags/example_skip_dag.py
[2024-10-30T11:01:30.381+0000] {processor.py:925} INFO - DAG(s) 'example_skip_dag' retrieved from /home/airflow/.local/lib/python3.12/site-packages/airflow/example_dags/example_skip_dag.py
[2024-10-30T11:01:30.394+0000] {logging_mixin.py:190} INFO - [2024-10-30T11:01:30.394+0000] {dag.py:3239} INFO - Sync 1 DAGs
[2024-10-30T11:01:30.408+0000] {logging_mixin.py:190} INFO - [2024-10-30T11:01:30.408+0000] {dag.py:4180} INFO - Setting next_dagrun for example_skip_dag to 2024-10-29 00:00:00+00:00, run_after=2024-10-30 00:00:00+00:00
[2024-10-30T11:01:30.421+0000] {processor.py:208} INFO - Processing /home/airflow/.local/lib/python3.12/site-packages/airflow/example_dags/example_skip_dag.py took 0.052 seconds
[2024-10-30T11:02:01.252+0000] {processor.py:186} INFO - Started process (PID=1267) to work on /home/airflow/.local/lib/python3.12/site-packages/airflow/example_dags/example_skip_dag.py
[2024-10-30T11:02:01.253+0000] {processor.py:914} INFO - Processing file /home/airflow/.local/lib/python3.12/site-packages/airflow/example_dags/example_skip_dag.py for tasks to queue
[2024-10-30T11:02:01.254+0000] {logging_mixin.py:190} INFO - [2024-10-30T11:02:01.254+0000] {dagbag.py:588} INFO - Filling up the DagBag from /home/airflow/.local/lib/python3.12/site-packages/airflow/example_dags/example_skip_dag.py
[2024-10-30T11:02:01.260+0000] {processor.py:925} INFO - DAG(s) 'example_skip_dag' retrieved from /home/airflow/.local/lib/python3.12/site-packages/airflow/example_dags/example_skip_dag.py
[2024-10-30T11:02:01.275+0000] {logging_mixin.py:190} INFO - [2024-10-30T11:02:01.275+0000] {dag.py:3239} INFO - Sync 1 DAGs
[2024-10-30T11:02:01.289+0000] {logging_mixin.py:190} INFO - [2024-10-30T11:02:01.289+0000] {dag.py:4180} INFO - Setting next_dagrun for example_skip_dag to 2024-10-29 00:00:00+00:00, run_after=2024-10-30 00:00:00+00:00
[2024-10-30T11:02:01.301+0000] {processor.py:208} INFO - Processing /home/airflow/.local/lib/python3.12/site-packages/airflow/example_dags/example_skip_dag.py took 0.054 seconds
[2024-10-30T11:02:32.082+0000] {processor.py:186} INFO - Started process (PID=1328) to work on /home/airflow/.local/lib/python3.12/site-packages/airflow/example_dags/example_skip_dag.py
[2024-10-30T11:02:32.084+0000] {processor.py:914} INFO - Processing file /home/airflow/.local/lib/python3.12/site-packages/airflow/example_dags/example_skip_dag.py for tasks to queue
[2024-10-30T11:02:32.086+0000] {logging_mixin.py:190} INFO - [2024-10-30T11:02:32.086+0000] {dagbag.py:588} INFO - Filling up the DagBag from /home/airflow/.local/lib/python3.12/site-packages/airflow/example_dags/example_skip_dag.py
[2024-10-30T11:02:32.092+0000] {processor.py:925} INFO - DAG(s) 'example_skip_dag' retrieved from /home/airflow/.local/lib/python3.12/site-packages/airflow/example_dags/example_skip_dag.py
[2024-10-30T11:02:32.108+0000] {logging_mixin.py:190} INFO - [2024-10-30T11:02:32.108+0000] {dag.py:3239} INFO - Sync 1 DAGs
[2024-10-30T11:02:32.125+0000] {logging_mixin.py:190} INFO - [2024-10-30T11:02:32.125+0000] {dag.py:4180} INFO - Setting next_dagrun for example_skip_dag to 2024-10-29 00:00:00+00:00, run_after=2024-10-30 00:00:00+00:00
[2024-10-30T11:02:32.138+0000] {processor.py:208} INFO - Processing /home/airflow/.local/lib/python3.12/site-packages/airflow/example_dags/example_skip_dag.py took 0.062 seconds
[2024-10-30T11:03:03.060+0000] {processor.py:186} INFO - Started process (PID=1390) to work on /home/airflow/.local/lib/python3.12/site-packages/airflow/example_dags/example_skip_dag.py
[2024-10-30T11:03:03.061+0000] {processor.py:914} INFO - Processing file /home/airflow/.local/lib/python3.12/site-packages/airflow/example_dags/example_skip_dag.py for tasks to queue
[2024-10-30T11:03:03.063+0000] {logging_mixin.py:190} INFO - [2024-10-30T11:03:03.063+0000] {dagbag.py:588} INFO - Filling up the DagBag from /home/airflow/.local/lib/python3.12/site-packages/airflow/example_dags/example_skip_dag.py
[2024-10-30T11:03:03.069+0000] {processor.py:925} INFO - DAG(s) 'example_skip_dag' retrieved from /home/airflow/.local/lib/python3.12/site-packages/airflow/example_dags/example_skip_dag.py
[2024-10-30T11:03:03.092+0000] {logging_mixin.py:190} INFO - [2024-10-30T11:03:03.092+0000] {dag.py:3239} INFO - Sync 1 DAGs
[2024-10-30T11:03:03.110+0000] {logging_mixin.py:190} INFO - [2024-10-30T11:03:03.110+0000] {dag.py:4180} INFO - Setting next_dagrun for example_skip_dag to 2024-10-29 00:00:00+00:00, run_after=2024-10-30 00:00:00+00:00
[2024-10-30T11:03:03.126+0000] {processor.py:208} INFO - Processing /home/airflow/.local/lib/python3.12/site-packages/airflow/example_dags/example_skip_dag.py took 0.071 seconds
[2024-10-30T11:03:33.831+0000] {processor.py:186} INFO - Started process (PID=1452) to work on /home/airflow/.local/lib/python3.12/site-packages/airflow/example_dags/example_skip_dag.py
[2024-10-30T11:03:33.832+0000] {processor.py:914} INFO - Processing file /home/airflow/.local/lib/python3.12/site-packages/airflow/example_dags/example_skip_dag.py for tasks to queue
[2024-10-30T11:03:33.834+0000] {logging_mixin.py:190} INFO - [2024-10-30T11:03:33.834+0000] {dagbag.py:588} INFO - Filling up the DagBag from /home/airflow/.local/lib/python3.12/site-packages/airflow/example_dags/example_skip_dag.py
[2024-10-30T11:03:33.840+0000] {processor.py:925} INFO - DAG(s) 'example_skip_dag' retrieved from /home/airflow/.local/lib/python3.12/site-packages/airflow/example_dags/example_skip_dag.py
[2024-10-30T11:03:33.854+0000] {logging_mixin.py:190} INFO - [2024-10-30T11:03:33.854+0000] {dag.py:3239} INFO - Sync 1 DAGs
[2024-10-30T11:03:33.869+0000] {logging_mixin.py:190} INFO - [2024-10-30T11:03:33.869+0000] {dag.py:4180} INFO - Setting next_dagrun for example_skip_dag to 2024-10-29 00:00:00+00:00, run_after=2024-10-30 00:00:00+00:00
[2024-10-30T11:03:33.880+0000] {processor.py:208} INFO - Processing /home/airflow/.local/lib/python3.12/site-packages/airflow/example_dags/example_skip_dag.py took 0.053 seconds
[2024-10-30T11:04:04.519+0000] {processor.py:186} INFO - Started process (PID=1514) to work on /home/airflow/.local/lib/python3.12/site-packages/airflow/example_dags/example_skip_dag.py
[2024-10-30T11:04:04.521+0000] {processor.py:914} INFO - Processing file /home/airflow/.local/lib/python3.12/site-packages/airflow/example_dags/example_skip_dag.py for tasks to queue
[2024-10-30T11:04:04.522+0000] {logging_mixin.py:190} INFO - [2024-10-30T11:04:04.522+0000] {dagbag.py:588} INFO - Filling up the DagBag from /home/airflow/.local/lib/python3.12/site-packages/airflow/example_dags/example_skip_dag.py
[2024-10-30T11:04:04.527+0000] {processor.py:925} INFO - DAG(s) 'example_skip_dag' retrieved from /home/airflow/.local/lib/python3.12/site-packages/airflow/example_dags/example_skip_dag.py
[2024-10-30T11:04:04.541+0000] {logging_mixin.py:190} INFO - [2024-10-30T11:04:04.541+0000] {dag.py:3239} INFO - Sync 1 DAGs
[2024-10-30T11:04:04.557+0000] {logging_mixin.py:190} INFO - [2024-10-30T11:04:04.557+0000] {dag.py:4180} INFO - Setting next_dagrun for example_skip_dag to 2024-10-29 00:00:00+00:00, run_after=2024-10-30 00:00:00+00:00
[2024-10-30T11:04:04.569+0000] {processor.py:208} INFO - Processing /home/airflow/.local/lib/python3.12/site-packages/airflow/example_dags/example_skip_dag.py took 0.053 seconds
[2024-10-30T11:04:34.621+0000] {processor.py:186} INFO - Started process (PID=1575) to work on /home/airflow/.local/lib/python3.12/site-packages/airflow/example_dags/example_skip_dag.py
[2024-10-30T11:04:34.623+0000] {processor.py:914} INFO - Processing file /home/airflow/.local/lib/python3.12/site-packages/airflow/example_dags/example_skip_dag.py for tasks to queue
[2024-10-30T11:04:34.625+0000] {logging_mixin.py:190} INFO - [2024-10-30T11:04:34.624+0000] {dagbag.py:588} INFO - Filling up the DagBag from /home/airflow/.local/lib/python3.12/site-packages/airflow/example_dags/example_skip_dag.py
[2024-10-30T11:04:34.633+0000] {processor.py:925} INFO - DAG(s) 'example_skip_dag' retrieved from /home/airflow/.local/lib/python3.12/site-packages/airflow/example_dags/example_skip_dag.py
[2024-10-30T11:04:34.649+0000] {logging_mixin.py:190} INFO - [2024-10-30T11:04:34.649+0000] {dag.py:3239} INFO - Sync 1 DAGs
[2024-10-30T11:04:34.665+0000] {logging_mixin.py:190} INFO - [2024-10-30T11:04:34.665+0000] {dag.py:4180} INFO - Setting next_dagrun for example_skip_dag to 2024-10-29 00:00:00+00:00, run_after=2024-10-30 00:00:00+00:00
[2024-10-30T11:04:34.678+0000] {processor.py:208} INFO - Processing /home/airflow/.local/lib/python3.12/site-packages/airflow/example_dags/example_skip_dag.py took 0.064 seconds
[2024-10-30T11:05:05.634+0000] {processor.py:186} INFO - Started process (PID=1638) to work on /home/airflow/.local/lib/python3.12/site-packages/airflow/example_dags/example_skip_dag.py
[2024-10-30T11:05:05.636+0000] {processor.py:914} INFO - Processing file /home/airflow/.local/lib/python3.12/site-packages/airflow/example_dags/example_skip_dag.py for tasks to queue
[2024-10-30T11:05:05.637+0000] {logging_mixin.py:190} INFO - [2024-10-30T11:05:05.637+0000] {dagbag.py:588} INFO - Filling up the DagBag from /home/airflow/.local/lib/python3.12/site-packages/airflow/example_dags/example_skip_dag.py
[2024-10-30T11:05:05.643+0000] {processor.py:925} INFO - DAG(s) 'example_skip_dag' retrieved from /home/airflow/.local/lib/python3.12/site-packages/airflow/example_dags/example_skip_dag.py
[2024-10-30T11:05:05.657+0000] {logging_mixin.py:190} INFO - [2024-10-30T11:05:05.657+0000] {dag.py:3239} INFO - Sync 1 DAGs
[2024-10-30T11:05:05.673+0000] {logging_mixin.py:190} INFO - [2024-10-30T11:05:05.673+0000] {dag.py:4180} INFO - Setting next_dagrun for example_skip_dag to 2024-10-29 00:00:00+00:00, run_after=2024-10-30 00:00:00+00:00
[2024-10-30T11:05:05.685+0000] {processor.py:208} INFO - Processing /home/airflow/.local/lib/python3.12/site-packages/airflow/example_dags/example_skip_dag.py took 0.054 seconds
[2024-10-30T11:05:36.424+0000] {processor.py:186} INFO - Started process (PID=1700) to work on /home/airflow/.local/lib/python3.12/site-packages/airflow/example_dags/example_skip_dag.py
[2024-10-30T11:05:36.425+0000] {processor.py:914} INFO - Processing file /home/airflow/.local/lib/python3.12/site-packages/airflow/example_dags/example_skip_dag.py for tasks to queue
[2024-10-30T11:05:36.426+0000] {logging_mixin.py:190} INFO - [2024-10-30T11:05:36.426+0000] {dagbag.py:588} INFO - Filling up the DagBag from /home/airflow/.local/lib/python3.12/site-packages/airflow/example_dags/example_skip_dag.py
[2024-10-30T11:05:36.432+0000] {processor.py:925} INFO - DAG(s) 'example_skip_dag' retrieved from /home/airflow/.local/lib/python3.12/site-packages/airflow/example_dags/example_skip_dag.py
[2024-10-30T11:05:36.447+0000] {logging_mixin.py:190} INFO - [2024-10-30T11:05:36.447+0000] {dag.py:3239} INFO - Sync 1 DAGs
[2024-10-30T11:05:36.464+0000] {logging_mixin.py:190} INFO - [2024-10-30T11:05:36.464+0000] {dag.py:4180} INFO - Setting next_dagrun for example_skip_dag to 2024-10-29 00:00:00+00:00, run_after=2024-10-30 00:00:00+00:00
[2024-10-30T11:05:36.476+0000] {processor.py:208} INFO - Processing /home/airflow/.local/lib/python3.12/site-packages/airflow/example_dags/example_skip_dag.py took 0.056 seconds
[2024-10-30T11:06:07.414+0000] {processor.py:186} INFO - Started process (PID=1762) to work on /home/airflow/.local/lib/python3.12/site-packages/airflow/example_dags/example_skip_dag.py
[2024-10-30T11:06:07.415+0000] {processor.py:914} INFO - Processing file /home/airflow/.local/lib/python3.12/site-packages/airflow/example_dags/example_skip_dag.py for tasks to queue
[2024-10-30T11:06:07.417+0000] {logging_mixin.py:190} INFO - [2024-10-30T11:06:07.417+0000] {dagbag.py:588} INFO - Filling up the DagBag from /home/airflow/.local/lib/python3.12/site-packages/airflow/example_dags/example_skip_dag.py
[2024-10-30T11:06:07.422+0000] {processor.py:925} INFO - DAG(s) 'example_skip_dag' retrieved from /home/airflow/.local/lib/python3.12/site-packages/airflow/example_dags/example_skip_dag.py
[2024-10-30T11:06:07.436+0000] {logging_mixin.py:190} INFO - [2024-10-30T11:06:07.435+0000] {dag.py:3239} INFO - Sync 1 DAGs
[2024-10-30T11:06:07.451+0000] {logging_mixin.py:190} INFO - [2024-10-30T11:06:07.451+0000] {dag.py:4180} INFO - Setting next_dagrun for example_skip_dag to 2024-10-29 00:00:00+00:00, run_after=2024-10-30 00:00:00+00:00
[2024-10-30T11:06:07.462+0000] {processor.py:208} INFO - Processing /home/airflow/.local/lib/python3.12/site-packages/airflow/example_dags/example_skip_dag.py took 0.051 seconds
[2024-10-30T11:06:38.464+0000] {processor.py:186} INFO - Started process (PID=1824) to work on /home/airflow/.local/lib/python3.12/site-packages/airflow/example_dags/example_skip_dag.py
[2024-10-30T11:06:38.465+0000] {processor.py:914} INFO - Processing file /home/airflow/.local/lib/python3.12/site-packages/airflow/example_dags/example_skip_dag.py for tasks to queue
[2024-10-30T11:06:38.467+0000] {logging_mixin.py:190} INFO - [2024-10-30T11:06:38.466+0000] {dagbag.py:588} INFO - Filling up the DagBag from /home/airflow/.local/lib/python3.12/site-packages/airflow/example_dags/example_skip_dag.py
[2024-10-30T11:06:38.472+0000] {processor.py:925} INFO - DAG(s) 'example_skip_dag' retrieved from /home/airflow/.local/lib/python3.12/site-packages/airflow/example_dags/example_skip_dag.py
[2024-10-30T11:06:38.486+0000] {logging_mixin.py:190} INFO - [2024-10-30T11:06:38.485+0000] {dag.py:3239} INFO - Sync 1 DAGs
[2024-10-30T11:06:38.502+0000] {logging_mixin.py:190} INFO - [2024-10-30T11:06:38.502+0000] {dag.py:4180} INFO - Setting next_dagrun for example_skip_dag to 2024-10-29 00:00:00+00:00, run_after=2024-10-30 00:00:00+00:00
[2024-10-30T11:06:38.514+0000] {processor.py:208} INFO - Processing /home/airflow/.local/lib/python3.12/site-packages/airflow/example_dags/example_skip_dag.py took 0.053 seconds
[2024-10-30T11:07:08.575+0000] {processor.py:186} INFO - Started process (PID=1885) to work on /home/airflow/.local/lib/python3.12/site-packages/airflow/example_dags/example_skip_dag.py
[2024-10-30T11:07:08.578+0000] {processor.py:914} INFO - Processing file /home/airflow/.local/lib/python3.12/site-packages/airflow/example_dags/example_skip_dag.py for tasks to queue
[2024-10-30T11:07:08.580+0000] {logging_mixin.py:190} INFO - [2024-10-30T11:07:08.580+0000] {dagbag.py:588} INFO - Filling up the DagBag from /home/airflow/.local/lib/python3.12/site-packages/airflow/example_dags/example_skip_dag.py
[2024-10-30T11:07:08.587+0000] {processor.py:925} INFO - DAG(s) 'example_skip_dag' retrieved from /home/airflow/.local/lib/python3.12/site-packages/airflow/example_dags/example_skip_dag.py
[2024-10-30T11:07:08.603+0000] {logging_mixin.py:190} INFO - [2024-10-30T11:07:08.603+0000] {dag.py:3239} INFO - Sync 1 DAGs
[2024-10-30T11:07:08.619+0000] {logging_mixin.py:190} INFO - [2024-10-30T11:07:08.619+0000] {dag.py:4180} INFO - Setting next_dagrun for example_skip_dag to 2024-10-29 00:00:00+00:00, run_after=2024-10-30 00:00:00+00:00
[2024-10-30T11:07:08.630+0000] {processor.py:208} INFO - Processing /home/airflow/.local/lib/python3.12/site-packages/airflow/example_dags/example_skip_dag.py took 0.059 seconds
[2024-10-30T11:07:38.747+0000] {processor.py:186} INFO - Started process (PID=1947) to work on /home/airflow/.local/lib/python3.12/site-packages/airflow/example_dags/example_skip_dag.py
[2024-10-30T11:07:38.749+0000] {processor.py:914} INFO - Processing file /home/airflow/.local/lib/python3.12/site-packages/airflow/example_dags/example_skip_dag.py for tasks to queue
[2024-10-30T11:07:38.751+0000] {logging_mixin.py:190} INFO - [2024-10-30T11:07:38.751+0000] {dagbag.py:588} INFO - Filling up the DagBag from /home/airflow/.local/lib/python3.12/site-packages/airflow/example_dags/example_skip_dag.py
[2024-10-30T11:07:38.760+0000] {processor.py:925} INFO - DAG(s) 'example_skip_dag' retrieved from /home/airflow/.local/lib/python3.12/site-packages/airflow/example_dags/example_skip_dag.py
[2024-10-30T11:07:38.774+0000] {logging_mixin.py:190} INFO - [2024-10-30T11:07:38.774+0000] {dag.py:3239} INFO - Sync 1 DAGs
[2024-10-30T11:07:38.789+0000] {logging_mixin.py:190} INFO - [2024-10-30T11:07:38.789+0000] {dag.py:4180} INFO - Setting next_dagrun for example_skip_dag to 2024-10-29 00:00:00+00:00, run_after=2024-10-30 00:00:00+00:00
[2024-10-30T11:07:38.800+0000] {processor.py:208} INFO - Processing /home/airflow/.local/lib/python3.12/site-packages/airflow/example_dags/example_skip_dag.py took 0.057 seconds
[2024-10-30T11:08:09.575+0000] {processor.py:186} INFO - Started process (PID=2009) to work on /home/airflow/.local/lib/python3.12/site-packages/airflow/example_dags/example_skip_dag.py
[2024-10-30T11:08:09.577+0000] {processor.py:914} INFO - Processing file /home/airflow/.local/lib/python3.12/site-packages/airflow/example_dags/example_skip_dag.py for tasks to queue
[2024-10-30T11:08:09.580+0000] {logging_mixin.py:190} INFO - [2024-10-30T11:08:09.579+0000] {dagbag.py:588} INFO - Filling up the DagBag from /home/airflow/.local/lib/python3.12/site-packages/airflow/example_dags/example_skip_dag.py
[2024-10-30T11:08:09.587+0000] {processor.py:925} INFO - DAG(s) 'example_skip_dag' retrieved from /home/airflow/.local/lib/python3.12/site-packages/airflow/example_dags/example_skip_dag.py
[2024-10-30T11:08:09.606+0000] {logging_mixin.py:190} INFO - [2024-10-30T11:08:09.605+0000] {dag.py:3239} INFO - Sync 1 DAGs
[2024-10-30T11:08:09.625+0000] {logging_mixin.py:190} INFO - [2024-10-30T11:08:09.624+0000] {dag.py:4180} INFO - Setting next_dagrun for example_skip_dag to 2024-10-29 00:00:00+00:00, run_after=2024-10-30 00:00:00+00:00
[2024-10-30T11:08:09.639+0000] {processor.py:208} INFO - Processing /home/airflow/.local/lib/python3.12/site-packages/airflow/example_dags/example_skip_dag.py took 0.068 seconds
[2024-10-30T11:08:40.588+0000] {processor.py:186} INFO - Started process (PID=2071) to work on /home/airflow/.local/lib/python3.12/site-packages/airflow/example_dags/example_skip_dag.py
[2024-10-30T11:08:40.589+0000] {processor.py:914} INFO - Processing file /home/airflow/.local/lib/python3.12/site-packages/airflow/example_dags/example_skip_dag.py for tasks to queue
[2024-10-30T11:08:40.592+0000] {logging_mixin.py:190} INFO - [2024-10-30T11:08:40.592+0000] {dagbag.py:588} INFO - Filling up the DagBag from /home/airflow/.local/lib/python3.12/site-packages/airflow/example_dags/example_skip_dag.py
[2024-10-30T11:08:40.598+0000] {processor.py:925} INFO - DAG(s) 'example_skip_dag' retrieved from /home/airflow/.local/lib/python3.12/site-packages/airflow/example_dags/example_skip_dag.py
[2024-10-30T11:08:40.611+0000] {logging_mixin.py:190} INFO - [2024-10-30T11:08:40.610+0000] {dag.py:3239} INFO - Sync 1 DAGs
[2024-10-30T11:08:40.626+0000] {logging_mixin.py:190} INFO - [2024-10-30T11:08:40.626+0000] {dag.py:4180} INFO - Setting next_dagrun for example_skip_dag to 2024-10-29 00:00:00+00:00, run_after=2024-10-30 00:00:00+00:00
[2024-10-30T11:08:40.637+0000] {processor.py:208} INFO - Processing /home/airflow/.local/lib/python3.12/site-packages/airflow/example_dags/example_skip_dag.py took 0.054 seconds
[2024-10-30T11:09:11.366+0000] {processor.py:186} INFO - Started process (PID=2133) to work on /home/airflow/.local/lib/python3.12/site-packages/airflow/example_dags/example_skip_dag.py
[2024-10-30T11:09:11.368+0000] {processor.py:914} INFO - Processing file /home/airflow/.local/lib/python3.12/site-packages/airflow/example_dags/example_skip_dag.py for tasks to queue
[2024-10-30T11:09:11.371+0000] {logging_mixin.py:190} INFO - [2024-10-30T11:09:11.371+0000] {dagbag.py:588} INFO - Filling up the DagBag from /home/airflow/.local/lib/python3.12/site-packages/airflow/example_dags/example_skip_dag.py
[2024-10-30T11:09:11.381+0000] {processor.py:925} INFO - DAG(s) 'example_skip_dag' retrieved from /home/airflow/.local/lib/python3.12/site-packages/airflow/example_dags/example_skip_dag.py
[2024-10-30T11:09:11.403+0000] {logging_mixin.py:190} INFO - [2024-10-30T11:09:11.402+0000] {dag.py:3239} INFO - Sync 1 DAGs
[2024-10-30T11:09:11.423+0000] {logging_mixin.py:190} INFO - [2024-10-30T11:09:11.423+0000] {dag.py:4180} INFO - Setting next_dagrun for example_skip_dag to 2024-10-29 00:00:00+00:00, run_after=2024-10-30 00:00:00+00:00
[2024-10-30T11:09:11.437+0000] {processor.py:208} INFO - Processing /home/airflow/.local/lib/python3.12/site-packages/airflow/example_dags/example_skip_dag.py took 0.078 seconds
