[2024-10-30T10:52:15.603+0000] {processor.py:186} INFO - Started process (PID=86) to work on /home/airflow/.local/lib/python3.12/site-packages/airflow/example_dags/example_nested_branch_dag.py
[2024-10-30T10:52:15.606+0000] {processor.py:914} INFO - Processing file /home/airflow/.local/lib/python3.12/site-packages/airflow/example_dags/example_nested_branch_dag.py for tasks to queue
[2024-10-30T10:52:15.608+0000] {logging_mixin.py:190} INFO - [2024-10-30T10:52:15.608+0000] {dagbag.py:588} INFO - Filling up the DagBag from /home/airflow/.local/lib/python3.12/site-packages/airflow/example_dags/example_nested_branch_dag.py
[2024-10-30T10:52:15.618+0000] {processor.py:925} INFO - DAG(s) 'example_nested_branch_dag' retrieved from /home/airflow/.local/lib/python3.12/site-packages/airflow/example_dags/example_nested_branch_dag.py
[2024-10-30T10:52:15.696+0000] {logging_mixin.py:190} INFO - [2024-10-30T10:52:15.696+0000] {override.py:1900} INFO - Created Permission View: can delete on DAG:example_nested_branch_dag
[2024-10-30T10:52:15.704+0000] {logging_mixin.py:190} INFO - [2024-10-30T10:52:15.704+0000] {override.py:1900} INFO - Created Permission View: can read on DAG:example_nested_branch_dag
[2024-10-30T10:52:15.709+0000] {logging_mixin.py:190} INFO - [2024-10-30T10:52:15.708+0000] {override.py:1900} INFO - Created Permission View: can edit on DAG:example_nested_branch_dag
[2024-10-30T10:52:15.714+0000] {logging_mixin.py:190} INFO - [2024-10-30T10:52:15.714+0000] {override.py:1900} INFO - Created Permission View: can create on DAG Run:example_nested_branch_dag
[2024-10-30T10:52:15.719+0000] {logging_mixin.py:190} INFO - [2024-10-30T10:52:15.718+0000] {override.py:1900} INFO - Created Permission View: can delete on DAG Run:example_nested_branch_dag
[2024-10-30T10:52:15.725+0000] {logging_mixin.py:190} INFO - [2024-10-30T10:52:15.725+0000] {override.py:1900} INFO - Created Permission View: can read on DAG Run:example_nested_branch_dag
[2024-10-30T10:52:15.730+0000] {logging_mixin.py:190} INFO - [2024-10-30T10:52:15.730+0000] {override.py:1900} INFO - Created Permission View: menu access on DAG Run:example_nested_branch_dag
[2024-10-30T10:52:15.730+0000] {logging_mixin.py:190} INFO - [2024-10-30T10:52:15.730+0000] {dag.py:3239} INFO - Sync 1 DAGs
[2024-10-30T10:52:15.743+0000] {logging_mixin.py:190} INFO - [2024-10-30T10:52:15.742+0000] {dag.py:3262} INFO - Creating ORM DAG for example_nested_branch_dag
[2024-10-30T10:52:15.749+0000] {logging_mixin.py:190} INFO - [2024-10-30T10:52:15.749+0000] {dag.py:4180} INFO - Setting next_dagrun for example_nested_branch_dag to 2024-10-29 00:00:00+00:00, run_after=2024-10-30 00:00:00+00:00
[2024-10-30T10:52:15.764+0000] {processor.py:208} INFO - Processing /home/airflow/.local/lib/python3.12/site-packages/airflow/example_dags/example_nested_branch_dag.py took 0.167 seconds
[2024-10-30T10:52:45.902+0000] {processor.py:186} INFO - Started process (PID=147) to work on /home/airflow/.local/lib/python3.12/site-packages/airflow/example_dags/example_nested_branch_dag.py
[2024-10-30T10:52:45.903+0000] {processor.py:914} INFO - Processing file /home/airflow/.local/lib/python3.12/site-packages/airflow/example_dags/example_nested_branch_dag.py for tasks to queue
[2024-10-30T10:52:45.905+0000] {logging_mixin.py:190} INFO - [2024-10-30T10:52:45.904+0000] {dagbag.py:588} INFO - Filling up the DagBag from /home/airflow/.local/lib/python3.12/site-packages/airflow/example_dags/example_nested_branch_dag.py
[2024-10-30T10:52:45.912+0000] {processor.py:925} INFO - DAG(s) 'example_nested_branch_dag' retrieved from /home/airflow/.local/lib/python3.12/site-packages/airflow/example_dags/example_nested_branch_dag.py
[2024-10-30T10:52:45.926+0000] {logging_mixin.py:190} INFO - [2024-10-30T10:52:45.926+0000] {dag.py:3239} INFO - Sync 1 DAGs
[2024-10-30T10:52:45.940+0000] {logging_mixin.py:190} INFO - [2024-10-30T10:52:45.940+0000] {dag.py:4180} INFO - Setting next_dagrun for example_nested_branch_dag to 2024-10-29 00:00:00+00:00, run_after=2024-10-30 00:00:00+00:00
[2024-10-30T10:52:45.951+0000] {processor.py:208} INFO - Processing /home/airflow/.local/lib/python3.12/site-packages/airflow/example_dags/example_nested_branch_dag.py took 0.053 seconds
[2024-10-30T10:53:16.275+0000] {processor.py:186} INFO - Started process (PID=209) to work on /home/airflow/.local/lib/python3.12/site-packages/airflow/example_dags/example_nested_branch_dag.py
[2024-10-30T10:53:16.276+0000] {processor.py:914} INFO - Processing file /home/airflow/.local/lib/python3.12/site-packages/airflow/example_dags/example_nested_branch_dag.py for tasks to queue
[2024-10-30T10:53:16.278+0000] {logging_mixin.py:190} INFO - [2024-10-30T10:53:16.278+0000] {dagbag.py:588} INFO - Filling up the DagBag from /home/airflow/.local/lib/python3.12/site-packages/airflow/example_dags/example_nested_branch_dag.py
[2024-10-30T10:53:16.285+0000] {processor.py:925} INFO - DAG(s) 'example_nested_branch_dag' retrieved from /home/airflow/.local/lib/python3.12/site-packages/airflow/example_dags/example_nested_branch_dag.py
[2024-10-30T10:53:16.300+0000] {logging_mixin.py:190} INFO - [2024-10-30T10:53:16.299+0000] {dag.py:3239} INFO - Sync 1 DAGs
[2024-10-30T10:53:16.314+0000] {logging_mixin.py:190} INFO - [2024-10-30T10:53:16.314+0000] {dag.py:4180} INFO - Setting next_dagrun for example_nested_branch_dag to 2024-10-29 00:00:00+00:00, run_after=2024-10-30 00:00:00+00:00
[2024-10-30T10:53:16.325+0000] {processor.py:208} INFO - Processing /home/airflow/.local/lib/python3.12/site-packages/airflow/example_dags/example_nested_branch_dag.py took 0.054 seconds
[2024-10-30T10:53:46.368+0000] {processor.py:186} INFO - Started process (PID=271) to work on /home/airflow/.local/lib/python3.12/site-packages/airflow/example_dags/example_nested_branch_dag.py
[2024-10-30T10:53:46.369+0000] {processor.py:914} INFO - Processing file /home/airflow/.local/lib/python3.12/site-packages/airflow/example_dags/example_nested_branch_dag.py for tasks to queue
[2024-10-30T10:53:46.371+0000] {logging_mixin.py:190} INFO - [2024-10-30T10:53:46.371+0000] {dagbag.py:588} INFO - Filling up the DagBag from /home/airflow/.local/lib/python3.12/site-packages/airflow/example_dags/example_nested_branch_dag.py
[2024-10-30T10:53:46.379+0000] {processor.py:925} INFO - DAG(s) 'example_nested_branch_dag' retrieved from /home/airflow/.local/lib/python3.12/site-packages/airflow/example_dags/example_nested_branch_dag.py
[2024-10-30T10:53:46.394+0000] {logging_mixin.py:190} INFO - [2024-10-30T10:53:46.394+0000] {dag.py:3239} INFO - Sync 1 DAGs
[2024-10-30T10:53:46.411+0000] {logging_mixin.py:190} INFO - [2024-10-30T10:53:46.411+0000] {dag.py:4180} INFO - Setting next_dagrun for example_nested_branch_dag to 2024-10-29 00:00:00+00:00, run_after=2024-10-30 00:00:00+00:00
[2024-10-30T10:53:46.423+0000] {processor.py:208} INFO - Processing /home/airflow/.local/lib/python3.12/site-packages/airflow/example_dags/example_nested_branch_dag.py took 0.059 seconds
[2024-10-30T10:54:17.390+0000] {processor.py:186} INFO - Started process (PID=333) to work on /home/airflow/.local/lib/python3.12/site-packages/airflow/example_dags/example_nested_branch_dag.py
[2024-10-30T10:54:17.391+0000] {processor.py:914} INFO - Processing file /home/airflow/.local/lib/python3.12/site-packages/airflow/example_dags/example_nested_branch_dag.py for tasks to queue
[2024-10-30T10:54:17.393+0000] {logging_mixin.py:190} INFO - [2024-10-30T10:54:17.393+0000] {dagbag.py:588} INFO - Filling up the DagBag from /home/airflow/.local/lib/python3.12/site-packages/airflow/example_dags/example_nested_branch_dag.py
[2024-10-30T10:54:17.401+0000] {processor.py:925} INFO - DAG(s) 'example_nested_branch_dag' retrieved from /home/airflow/.local/lib/python3.12/site-packages/airflow/example_dags/example_nested_branch_dag.py
[2024-10-30T10:54:17.417+0000] {logging_mixin.py:190} INFO - [2024-10-30T10:54:17.417+0000] {dag.py:3239} INFO - Sync 1 DAGs
[2024-10-30T10:54:17.438+0000] {logging_mixin.py:190} INFO - [2024-10-30T10:54:17.438+0000] {dag.py:4180} INFO - Setting next_dagrun for example_nested_branch_dag to 2024-10-29 00:00:00+00:00, run_after=2024-10-30 00:00:00+00:00
[2024-10-30T10:54:17.453+0000] {processor.py:208} INFO - Processing /home/airflow/.local/lib/python3.12/site-packages/airflow/example_dags/example_nested_branch_dag.py took 0.066 seconds
[2024-10-30T10:54:48.378+0000] {processor.py:186} INFO - Started process (PID=395) to work on /home/airflow/.local/lib/python3.12/site-packages/airflow/example_dags/example_nested_branch_dag.py
[2024-10-30T10:54:48.379+0000] {processor.py:914} INFO - Processing file /home/airflow/.local/lib/python3.12/site-packages/airflow/example_dags/example_nested_branch_dag.py for tasks to queue
[2024-10-30T10:54:48.380+0000] {logging_mixin.py:190} INFO - [2024-10-30T10:54:48.380+0000] {dagbag.py:588} INFO - Filling up the DagBag from /home/airflow/.local/lib/python3.12/site-packages/airflow/example_dags/example_nested_branch_dag.py
[2024-10-30T10:54:48.388+0000] {processor.py:925} INFO - DAG(s) 'example_nested_branch_dag' retrieved from /home/airflow/.local/lib/python3.12/site-packages/airflow/example_dags/example_nested_branch_dag.py
[2024-10-30T10:54:48.403+0000] {logging_mixin.py:190} INFO - [2024-10-30T10:54:48.403+0000] {dag.py:3239} INFO - Sync 1 DAGs
[2024-10-30T10:54:48.419+0000] {logging_mixin.py:190} INFO - [2024-10-30T10:54:48.419+0000] {dag.py:4180} INFO - Setting next_dagrun for example_nested_branch_dag to 2024-10-29 00:00:00+00:00, run_after=2024-10-30 00:00:00+00:00
[2024-10-30T10:54:48.439+0000] {processor.py:208} INFO - Processing /home/airflow/.local/lib/python3.12/site-packages/airflow/example_dags/example_nested_branch_dag.py took 0.065 seconds
[2024-10-30T10:55:19.405+0000] {processor.py:186} INFO - Started process (PID=457) to work on /home/airflow/.local/lib/python3.12/site-packages/airflow/example_dags/example_nested_branch_dag.py
[2024-10-30T10:55:19.406+0000] {processor.py:914} INFO - Processing file /home/airflow/.local/lib/python3.12/site-packages/airflow/example_dags/example_nested_branch_dag.py for tasks to queue
[2024-10-30T10:55:19.407+0000] {logging_mixin.py:190} INFO - [2024-10-30T10:55:19.407+0000] {dagbag.py:588} INFO - Filling up the DagBag from /home/airflow/.local/lib/python3.12/site-packages/airflow/example_dags/example_nested_branch_dag.py
[2024-10-30T10:55:19.416+0000] {processor.py:925} INFO - DAG(s) 'example_nested_branch_dag' retrieved from /home/airflow/.local/lib/python3.12/site-packages/airflow/example_dags/example_nested_branch_dag.py
[2024-10-30T10:55:19.440+0000] {logging_mixin.py:190} INFO - [2024-10-30T10:55:19.439+0000] {dag.py:3239} INFO - Sync 1 DAGs
[2024-10-30T10:55:19.458+0000] {logging_mixin.py:190} INFO - [2024-10-30T10:55:19.457+0000] {dag.py:4180} INFO - Setting next_dagrun for example_nested_branch_dag to 2024-10-29 00:00:00+00:00, run_after=2024-10-30 00:00:00+00:00
[2024-10-30T10:55:19.475+0000] {processor.py:208} INFO - Processing /home/airflow/.local/lib/python3.12/site-packages/airflow/example_dags/example_nested_branch_dag.py took 0.075 seconds
[2024-10-30T10:55:50.362+0000] {processor.py:186} INFO - Started process (PID=519) to work on /home/airflow/.local/lib/python3.12/site-packages/airflow/example_dags/example_nested_branch_dag.py
[2024-10-30T10:55:50.366+0000] {processor.py:914} INFO - Processing file /home/airflow/.local/lib/python3.12/site-packages/airflow/example_dags/example_nested_branch_dag.py for tasks to queue
[2024-10-30T10:55:50.368+0000] {logging_mixin.py:190} INFO - [2024-10-30T10:55:50.368+0000] {dagbag.py:588} INFO - Filling up the DagBag from /home/airflow/.local/lib/python3.12/site-packages/airflow/example_dags/example_nested_branch_dag.py
[2024-10-30T10:55:50.376+0000] {processor.py:925} INFO - DAG(s) 'example_nested_branch_dag' retrieved from /home/airflow/.local/lib/python3.12/site-packages/airflow/example_dags/example_nested_branch_dag.py
[2024-10-30T10:55:50.392+0000] {logging_mixin.py:190} INFO - [2024-10-30T10:55:50.392+0000] {dag.py:3239} INFO - Sync 1 DAGs
[2024-10-30T10:55:50.408+0000] {logging_mixin.py:190} INFO - [2024-10-30T10:55:50.408+0000] {dag.py:4180} INFO - Setting next_dagrun for example_nested_branch_dag to 2024-10-29 00:00:00+00:00, run_after=2024-10-30 00:00:00+00:00
[2024-10-30T10:55:50.423+0000] {processor.py:208} INFO - Processing /home/airflow/.local/lib/python3.12/site-packages/airflow/example_dags/example_nested_branch_dag.py took 0.065 seconds
[2024-10-30T10:56:21.275+0000] {processor.py:186} INFO - Started process (PID=581) to work on /home/airflow/.local/lib/python3.12/site-packages/airflow/example_dags/example_nested_branch_dag.py
[2024-10-30T10:56:21.279+0000] {processor.py:914} INFO - Processing file /home/airflow/.local/lib/python3.12/site-packages/airflow/example_dags/example_nested_branch_dag.py for tasks to queue
[2024-10-30T10:56:21.282+0000] {logging_mixin.py:190} INFO - [2024-10-30T10:56:21.282+0000] {dagbag.py:588} INFO - Filling up the DagBag from /home/airflow/.local/lib/python3.12/site-packages/airflow/example_dags/example_nested_branch_dag.py
[2024-10-30T10:56:21.291+0000] {processor.py:925} INFO - DAG(s) 'example_nested_branch_dag' retrieved from /home/airflow/.local/lib/python3.12/site-packages/airflow/example_dags/example_nested_branch_dag.py
[2024-10-30T10:56:21.309+0000] {logging_mixin.py:190} INFO - [2024-10-30T10:56:21.309+0000] {dag.py:3239} INFO - Sync 1 DAGs
[2024-10-30T10:56:21.328+0000] {logging_mixin.py:190} INFO - [2024-10-30T10:56:21.328+0000] {dag.py:4180} INFO - Setting next_dagrun for example_nested_branch_dag to 2024-10-29 00:00:00+00:00, run_after=2024-10-30 00:00:00+00:00
[2024-10-30T10:56:21.340+0000] {processor.py:208} INFO - Processing /home/airflow/.local/lib/python3.12/site-packages/airflow/example_dags/example_nested_branch_dag.py took 0.070 seconds
[2024-10-30T10:56:52.093+0000] {processor.py:186} INFO - Started process (PID=643) to work on /home/airflow/.local/lib/python3.12/site-packages/airflow/example_dags/example_nested_branch_dag.py
[2024-10-30T10:56:52.094+0000] {processor.py:914} INFO - Processing file /home/airflow/.local/lib/python3.12/site-packages/airflow/example_dags/example_nested_branch_dag.py for tasks to queue
[2024-10-30T10:56:52.096+0000] {logging_mixin.py:190} INFO - [2024-10-30T10:56:52.095+0000] {dagbag.py:588} INFO - Filling up the DagBag from /home/airflow/.local/lib/python3.12/site-packages/airflow/example_dags/example_nested_branch_dag.py
[2024-10-30T10:56:52.103+0000] {processor.py:925} INFO - DAG(s) 'example_nested_branch_dag' retrieved from /home/airflow/.local/lib/python3.12/site-packages/airflow/example_dags/example_nested_branch_dag.py
[2024-10-30T10:56:52.118+0000] {logging_mixin.py:190} INFO - [2024-10-30T10:56:52.117+0000] {dag.py:3239} INFO - Sync 1 DAGs
[2024-10-30T10:56:52.134+0000] {logging_mixin.py:190} INFO - [2024-10-30T10:56:52.134+0000] {dag.py:4180} INFO - Setting next_dagrun for example_nested_branch_dag to 2024-10-29 00:00:00+00:00, run_after=2024-10-30 00:00:00+00:00
[2024-10-30T10:56:52.151+0000] {processor.py:208} INFO - Processing /home/airflow/.local/lib/python3.12/site-packages/airflow/example_dags/example_nested_branch_dag.py took 0.062 seconds
[2024-10-30T10:57:22.921+0000] {processor.py:186} INFO - Started process (PID=705) to work on /home/airflow/.local/lib/python3.12/site-packages/airflow/example_dags/example_nested_branch_dag.py
[2024-10-30T10:57:22.924+0000] {processor.py:914} INFO - Processing file /home/airflow/.local/lib/python3.12/site-packages/airflow/example_dags/example_nested_branch_dag.py for tasks to queue
[2024-10-30T10:57:22.927+0000] {logging_mixin.py:190} INFO - [2024-10-30T10:57:22.927+0000] {dagbag.py:588} INFO - Filling up the DagBag from /home/airflow/.local/lib/python3.12/site-packages/airflow/example_dags/example_nested_branch_dag.py
[2024-10-30T10:57:22.935+0000] {processor.py:925} INFO - DAG(s) 'example_nested_branch_dag' retrieved from /home/airflow/.local/lib/python3.12/site-packages/airflow/example_dags/example_nested_branch_dag.py
[2024-10-30T10:57:22.950+0000] {logging_mixin.py:190} INFO - [2024-10-30T10:57:22.949+0000] {dag.py:3239} INFO - Sync 1 DAGs
[2024-10-30T10:57:22.966+0000] {logging_mixin.py:190} INFO - [2024-10-30T10:57:22.966+0000] {dag.py:4180} INFO - Setting next_dagrun for example_nested_branch_dag to 2024-10-29 00:00:00+00:00, run_after=2024-10-30 00:00:00+00:00
[2024-10-30T10:57:22.977+0000] {processor.py:208} INFO - Processing /home/airflow/.local/lib/python3.12/site-packages/airflow/example_dags/example_nested_branch_dag.py took 0.060 seconds
[2024-10-30T10:57:53.693+0000] {processor.py:186} INFO - Started process (PID=767) to work on /home/airflow/.local/lib/python3.12/site-packages/airflow/example_dags/example_nested_branch_dag.py
[2024-10-30T10:57:53.694+0000] {processor.py:914} INFO - Processing file /home/airflow/.local/lib/python3.12/site-packages/airflow/example_dags/example_nested_branch_dag.py for tasks to queue
[2024-10-30T10:57:53.697+0000] {logging_mixin.py:190} INFO - [2024-10-30T10:57:53.697+0000] {dagbag.py:588} INFO - Filling up the DagBag from /home/airflow/.local/lib/python3.12/site-packages/airflow/example_dags/example_nested_branch_dag.py
[2024-10-30T10:57:53.704+0000] {processor.py:925} INFO - DAG(s) 'example_nested_branch_dag' retrieved from /home/airflow/.local/lib/python3.12/site-packages/airflow/example_dags/example_nested_branch_dag.py
[2024-10-30T10:57:53.718+0000] {logging_mixin.py:190} INFO - [2024-10-30T10:57:53.718+0000] {dag.py:3239} INFO - Sync 1 DAGs
[2024-10-30T10:57:53.732+0000] {logging_mixin.py:190} INFO - [2024-10-30T10:57:53.731+0000] {dag.py:4180} INFO - Setting next_dagrun for example_nested_branch_dag to 2024-10-29 00:00:00+00:00, run_after=2024-10-30 00:00:00+00:00
[2024-10-30T10:57:53.744+0000] {processor.py:208} INFO - Processing /home/airflow/.local/lib/python3.12/site-packages/airflow/example_dags/example_nested_branch_dag.py took 0.055 seconds
[2024-10-30T10:58:24.544+0000] {processor.py:186} INFO - Started process (PID=828) to work on /home/airflow/.local/lib/python3.12/site-packages/airflow/example_dags/example_nested_branch_dag.py
[2024-10-30T10:58:24.545+0000] {processor.py:914} INFO - Processing file /home/airflow/.local/lib/python3.12/site-packages/airflow/example_dags/example_nested_branch_dag.py for tasks to queue
[2024-10-30T10:58:24.546+0000] {logging_mixin.py:190} INFO - [2024-10-30T10:58:24.546+0000] {dagbag.py:588} INFO - Filling up the DagBag from /home/airflow/.local/lib/python3.12/site-packages/airflow/example_dags/example_nested_branch_dag.py
[2024-10-30T10:58:24.554+0000] {processor.py:925} INFO - DAG(s) 'example_nested_branch_dag' retrieved from /home/airflow/.local/lib/python3.12/site-packages/airflow/example_dags/example_nested_branch_dag.py
[2024-10-30T10:58:24.567+0000] {logging_mixin.py:190} INFO - [2024-10-30T10:58:24.567+0000] {dag.py:3239} INFO - Sync 1 DAGs
[2024-10-30T10:58:24.581+0000] {logging_mixin.py:190} INFO - [2024-10-30T10:58:24.580+0000] {dag.py:4180} INFO - Setting next_dagrun for example_nested_branch_dag to 2024-10-29 00:00:00+00:00, run_after=2024-10-30 00:00:00+00:00
[2024-10-30T10:58:24.591+0000] {processor.py:208} INFO - Processing /home/airflow/.local/lib/python3.12/site-packages/airflow/example_dags/example_nested_branch_dag.py took 0.052 seconds
[2024-10-30T10:58:55.301+0000] {processor.py:186} INFO - Started process (PID=890) to work on /home/airflow/.local/lib/python3.12/site-packages/airflow/example_dags/example_nested_branch_dag.py
[2024-10-30T10:58:55.302+0000] {processor.py:914} INFO - Processing file /home/airflow/.local/lib/python3.12/site-packages/airflow/example_dags/example_nested_branch_dag.py for tasks to queue
[2024-10-30T10:58:55.306+0000] {logging_mixin.py:190} INFO - [2024-10-30T10:58:55.306+0000] {dagbag.py:588} INFO - Filling up the DagBag from /home/airflow/.local/lib/python3.12/site-packages/airflow/example_dags/example_nested_branch_dag.py
[2024-10-30T10:58:55.314+0000] {processor.py:925} INFO - DAG(s) 'example_nested_branch_dag' retrieved from /home/airflow/.local/lib/python3.12/site-packages/airflow/example_dags/example_nested_branch_dag.py
[2024-10-30T10:58:55.329+0000] {logging_mixin.py:190} INFO - [2024-10-30T10:58:55.329+0000] {dag.py:3239} INFO - Sync 1 DAGs
[2024-10-30T10:58:55.345+0000] {logging_mixin.py:190} INFO - [2024-10-30T10:58:55.345+0000] {dag.py:4180} INFO - Setting next_dagrun for example_nested_branch_dag to 2024-10-29 00:00:00+00:00, run_after=2024-10-30 00:00:00+00:00
[2024-10-30T10:58:55.357+0000] {processor.py:208} INFO - Processing /home/airflow/.local/lib/python3.12/site-packages/airflow/example_dags/example_nested_branch_dag.py took 0.061 seconds
[2024-10-30T10:59:26.017+0000] {processor.py:186} INFO - Started process (PID=952) to work on /home/airflow/.local/lib/python3.12/site-packages/airflow/example_dags/example_nested_branch_dag.py
[2024-10-30T10:59:26.018+0000] {processor.py:914} INFO - Processing file /home/airflow/.local/lib/python3.12/site-packages/airflow/example_dags/example_nested_branch_dag.py for tasks to queue
[2024-10-30T10:59:26.020+0000] {logging_mixin.py:190} INFO - [2024-10-30T10:59:26.019+0000] {dagbag.py:588} INFO - Filling up the DagBag from /home/airflow/.local/lib/python3.12/site-packages/airflow/example_dags/example_nested_branch_dag.py
[2024-10-30T10:59:26.027+0000] {processor.py:925} INFO - DAG(s) 'example_nested_branch_dag' retrieved from /home/airflow/.local/lib/python3.12/site-packages/airflow/example_dags/example_nested_branch_dag.py
[2024-10-30T10:59:26.040+0000] {logging_mixin.py:190} INFO - [2024-10-30T10:59:26.039+0000] {dag.py:3239} INFO - Sync 1 DAGs
[2024-10-30T10:59:26.053+0000] {logging_mixin.py:190} INFO - [2024-10-30T10:59:26.053+0000] {dag.py:4180} INFO - Setting next_dagrun for example_nested_branch_dag to 2024-10-29 00:00:00+00:00, run_after=2024-10-30 00:00:00+00:00
[2024-10-30T10:59:26.063+0000] {processor.py:208} INFO - Processing /home/airflow/.local/lib/python3.12/site-packages/airflow/example_dags/example_nested_branch_dag.py took 0.050 seconds
[2024-10-30T10:59:56.874+0000] {processor.py:186} INFO - Started process (PID=1014) to work on /home/airflow/.local/lib/python3.12/site-packages/airflow/example_dags/example_nested_branch_dag.py
[2024-10-30T10:59:56.875+0000] {processor.py:914} INFO - Processing file /home/airflow/.local/lib/python3.12/site-packages/airflow/example_dags/example_nested_branch_dag.py for tasks to queue
[2024-10-30T10:59:56.876+0000] {logging_mixin.py:190} INFO - [2024-10-30T10:59:56.876+0000] {dagbag.py:588} INFO - Filling up the DagBag from /home/airflow/.local/lib/python3.12/site-packages/airflow/example_dags/example_nested_branch_dag.py
[2024-10-30T10:59:56.884+0000] {processor.py:925} INFO - DAG(s) 'example_nested_branch_dag' retrieved from /home/airflow/.local/lib/python3.12/site-packages/airflow/example_dags/example_nested_branch_dag.py
[2024-10-30T10:59:56.901+0000] {logging_mixin.py:190} INFO - [2024-10-30T10:59:56.901+0000] {dag.py:3239} INFO - Sync 1 DAGs
[2024-10-30T10:59:56.915+0000] {logging_mixin.py:190} INFO - [2024-10-30T10:59:56.915+0000] {dag.py:4180} INFO - Setting next_dagrun for example_nested_branch_dag to 2024-10-29 00:00:00+00:00, run_after=2024-10-30 00:00:00+00:00
[2024-10-30T10:59:56.925+0000] {processor.py:208} INFO - Processing /home/airflow/.local/lib/python3.12/site-packages/airflow/example_dags/example_nested_branch_dag.py took 0.055 seconds
[2024-10-30T11:00:27.548+0000] {processor.py:186} INFO - Started process (PID=1076) to work on /home/airflow/.local/lib/python3.12/site-packages/airflow/example_dags/example_nested_branch_dag.py
[2024-10-30T11:00:27.549+0000] {processor.py:914} INFO - Processing file /home/airflow/.local/lib/python3.12/site-packages/airflow/example_dags/example_nested_branch_dag.py for tasks to queue
[2024-10-30T11:00:27.551+0000] {logging_mixin.py:190} INFO - [2024-10-30T11:00:27.551+0000] {dagbag.py:588} INFO - Filling up the DagBag from /home/airflow/.local/lib/python3.12/site-packages/airflow/example_dags/example_nested_branch_dag.py
[2024-10-30T11:00:27.560+0000] {processor.py:925} INFO - DAG(s) 'example_nested_branch_dag' retrieved from /home/airflow/.local/lib/python3.12/site-packages/airflow/example_dags/example_nested_branch_dag.py
[2024-10-30T11:00:27.574+0000] {logging_mixin.py:190} INFO - [2024-10-30T11:00:27.574+0000] {dag.py:3239} INFO - Sync 1 DAGs
[2024-10-30T11:00:27.591+0000] {logging_mixin.py:190} INFO - [2024-10-30T11:00:27.591+0000] {dag.py:4180} INFO - Setting next_dagrun for example_nested_branch_dag to 2024-10-29 00:00:00+00:00, run_after=2024-10-30 00:00:00+00:00
[2024-10-30T11:00:27.604+0000] {processor.py:208} INFO - Processing /home/airflow/.local/lib/python3.12/site-packages/airflow/example_dags/example_nested_branch_dag.py took 0.061 seconds
[2024-10-30T11:00:58.520+0000] {processor.py:186} INFO - Started process (PID=1138) to work on /home/airflow/.local/lib/python3.12/site-packages/airflow/example_dags/example_nested_branch_dag.py
[2024-10-30T11:00:58.523+0000] {processor.py:914} INFO - Processing file /home/airflow/.local/lib/python3.12/site-packages/airflow/example_dags/example_nested_branch_dag.py for tasks to queue
[2024-10-30T11:00:58.526+0000] {logging_mixin.py:190} INFO - [2024-10-30T11:00:58.526+0000] {dagbag.py:588} INFO - Filling up the DagBag from /home/airflow/.local/lib/python3.12/site-packages/airflow/example_dags/example_nested_branch_dag.py
[2024-10-30T11:00:58.534+0000] {processor.py:925} INFO - DAG(s) 'example_nested_branch_dag' retrieved from /home/airflow/.local/lib/python3.12/site-packages/airflow/example_dags/example_nested_branch_dag.py
[2024-10-30T11:00:58.549+0000] {logging_mixin.py:190} INFO - [2024-10-30T11:00:58.549+0000] {dag.py:3239} INFO - Sync 1 DAGs
[2024-10-30T11:00:58.566+0000] {logging_mixin.py:190} INFO - [2024-10-30T11:00:58.566+0000] {dag.py:4180} INFO - Setting next_dagrun for example_nested_branch_dag to 2024-10-29 00:00:00+00:00, run_after=2024-10-30 00:00:00+00:00
[2024-10-30T11:00:58.577+0000] {processor.py:208} INFO - Processing /home/airflow/.local/lib/python3.12/site-packages/airflow/example_dags/example_nested_branch_dag.py took 0.062 seconds
[2024-10-30T11:01:29.125+0000] {processor.py:186} INFO - Started process (PID=1200) to work on /home/airflow/.local/lib/python3.12/site-packages/airflow/example_dags/example_nested_branch_dag.py
[2024-10-30T11:01:29.126+0000] {processor.py:914} INFO - Processing file /home/airflow/.local/lib/python3.12/site-packages/airflow/example_dags/example_nested_branch_dag.py for tasks to queue
[2024-10-30T11:01:29.128+0000] {logging_mixin.py:190} INFO - [2024-10-30T11:01:29.127+0000] {dagbag.py:588} INFO - Filling up the DagBag from /home/airflow/.local/lib/python3.12/site-packages/airflow/example_dags/example_nested_branch_dag.py
[2024-10-30T11:01:29.135+0000] {processor.py:925} INFO - DAG(s) 'example_nested_branch_dag' retrieved from /home/airflow/.local/lib/python3.12/site-packages/airflow/example_dags/example_nested_branch_dag.py
[2024-10-30T11:01:29.152+0000] {logging_mixin.py:190} INFO - [2024-10-30T11:01:29.152+0000] {dag.py:3239} INFO - Sync 1 DAGs
[2024-10-30T11:01:29.168+0000] {logging_mixin.py:190} INFO - [2024-10-30T11:01:29.168+0000] {dag.py:4180} INFO - Setting next_dagrun for example_nested_branch_dag to 2024-10-29 00:00:00+00:00, run_after=2024-10-30 00:00:00+00:00
[2024-10-30T11:01:29.178+0000] {processor.py:208} INFO - Processing /home/airflow/.local/lib/python3.12/site-packages/airflow/example_dags/example_nested_branch_dag.py took 0.057 seconds
[2024-10-30T11:01:59.991+0000] {processor.py:186} INFO - Started process (PID=1262) to work on /home/airflow/.local/lib/python3.12/site-packages/airflow/example_dags/example_nested_branch_dag.py
[2024-10-30T11:01:59.992+0000] {processor.py:914} INFO - Processing file /home/airflow/.local/lib/python3.12/site-packages/airflow/example_dags/example_nested_branch_dag.py for tasks to queue
[2024-10-30T11:01:59.994+0000] {logging_mixin.py:190} INFO - [2024-10-30T11:01:59.994+0000] {dagbag.py:588} INFO - Filling up the DagBag from /home/airflow/.local/lib/python3.12/site-packages/airflow/example_dags/example_nested_branch_dag.py
[2024-10-30T11:02:00.001+0000] {processor.py:925} INFO - DAG(s) 'example_nested_branch_dag' retrieved from /home/airflow/.local/lib/python3.12/site-packages/airflow/example_dags/example_nested_branch_dag.py
[2024-10-30T11:02:00.019+0000] {logging_mixin.py:190} INFO - [2024-10-30T11:02:00.019+0000] {dag.py:3239} INFO - Sync 1 DAGs
[2024-10-30T11:02:00.036+0000] {logging_mixin.py:190} INFO - [2024-10-30T11:02:00.035+0000] {dag.py:4180} INFO - Setting next_dagrun for example_nested_branch_dag to 2024-10-29 00:00:00+00:00, run_after=2024-10-30 00:00:00+00:00
[2024-10-30T11:02:00.051+0000] {processor.py:208} INFO - Processing /home/airflow/.local/lib/python3.12/site-packages/airflow/example_dags/example_nested_branch_dag.py took 0.064 seconds
[2024-10-30T11:02:30.797+0000] {processor.py:186} INFO - Started process (PID=1323) to work on /home/airflow/.local/lib/python3.12/site-packages/airflow/example_dags/example_nested_branch_dag.py
[2024-10-30T11:02:30.801+0000] {processor.py:914} INFO - Processing file /home/airflow/.local/lib/python3.12/site-packages/airflow/example_dags/example_nested_branch_dag.py for tasks to queue
[2024-10-30T11:02:30.804+0000] {logging_mixin.py:190} INFO - [2024-10-30T11:02:30.804+0000] {dagbag.py:588} INFO - Filling up the DagBag from /home/airflow/.local/lib/python3.12/site-packages/airflow/example_dags/example_nested_branch_dag.py
[2024-10-30T11:02:30.812+0000] {processor.py:925} INFO - DAG(s) 'example_nested_branch_dag' retrieved from /home/airflow/.local/lib/python3.12/site-packages/airflow/example_dags/example_nested_branch_dag.py
[2024-10-30T11:02:30.826+0000] {logging_mixin.py:190} INFO - [2024-10-30T11:02:30.826+0000] {dag.py:3239} INFO - Sync 1 DAGs
[2024-10-30T11:02:30.841+0000] {logging_mixin.py:190} INFO - [2024-10-30T11:02:30.841+0000] {dag.py:4180} INFO - Setting next_dagrun for example_nested_branch_dag to 2024-10-29 00:00:00+00:00, run_after=2024-10-30 00:00:00+00:00
[2024-10-30T11:02:30.852+0000] {processor.py:208} INFO - Processing /home/airflow/.local/lib/python3.12/site-packages/airflow/example_dags/example_nested_branch_dag.py took 0.059 seconds
[2024-10-30T11:03:01.644+0000] {processor.py:186} INFO - Started process (PID=1385) to work on /home/airflow/.local/lib/python3.12/site-packages/airflow/example_dags/example_nested_branch_dag.py
[2024-10-30T11:03:01.646+0000] {processor.py:914} INFO - Processing file /home/airflow/.local/lib/python3.12/site-packages/airflow/example_dags/example_nested_branch_dag.py for tasks to queue
[2024-10-30T11:03:01.650+0000] {logging_mixin.py:190} INFO - [2024-10-30T11:03:01.649+0000] {dagbag.py:588} INFO - Filling up the DagBag from /home/airflow/.local/lib/python3.12/site-packages/airflow/example_dags/example_nested_branch_dag.py
[2024-10-30T11:03:01.658+0000] {processor.py:925} INFO - DAG(s) 'example_nested_branch_dag' retrieved from /home/airflow/.local/lib/python3.12/site-packages/airflow/example_dags/example_nested_branch_dag.py
[2024-10-30T11:03:01.672+0000] {logging_mixin.py:190} INFO - [2024-10-30T11:03:01.672+0000] {dag.py:3239} INFO - Sync 1 DAGs
[2024-10-30T11:03:01.687+0000] {logging_mixin.py:190} INFO - [2024-10-30T11:03:01.687+0000] {dag.py:4180} INFO - Setting next_dagrun for example_nested_branch_dag to 2024-10-29 00:00:00+00:00, run_after=2024-10-30 00:00:00+00:00
[2024-10-30T11:03:01.701+0000] {processor.py:208} INFO - Processing /home/airflow/.local/lib/python3.12/site-packages/airflow/example_dags/example_nested_branch_dag.py took 0.062 seconds
[2024-10-30T11:03:32.620+0000] {processor.py:186} INFO - Started process (PID=1447) to work on /home/airflow/.local/lib/python3.12/site-packages/airflow/example_dags/example_nested_branch_dag.py
[2024-10-30T11:03:32.621+0000] {processor.py:914} INFO - Processing file /home/airflow/.local/lib/python3.12/site-packages/airflow/example_dags/example_nested_branch_dag.py for tasks to queue
[2024-10-30T11:03:32.622+0000] {logging_mixin.py:190} INFO - [2024-10-30T11:03:32.622+0000] {dagbag.py:588} INFO - Filling up the DagBag from /home/airflow/.local/lib/python3.12/site-packages/airflow/example_dags/example_nested_branch_dag.py
[2024-10-30T11:03:32.630+0000] {processor.py:925} INFO - DAG(s) 'example_nested_branch_dag' retrieved from /home/airflow/.local/lib/python3.12/site-packages/airflow/example_dags/example_nested_branch_dag.py
[2024-10-30T11:03:32.644+0000] {logging_mixin.py:190} INFO - [2024-10-30T11:03:32.644+0000] {dag.py:3239} INFO - Sync 1 DAGs
[2024-10-30T11:03:32.659+0000] {logging_mixin.py:190} INFO - [2024-10-30T11:03:32.659+0000] {dag.py:4180} INFO - Setting next_dagrun for example_nested_branch_dag to 2024-10-29 00:00:00+00:00, run_after=2024-10-30 00:00:00+00:00
[2024-10-30T11:03:32.671+0000] {processor.py:208} INFO - Processing /home/airflow/.local/lib/python3.12/site-packages/airflow/example_dags/example_nested_branch_dag.py took 0.055 seconds
[2024-10-30T11:04:03.267+0000] {processor.py:186} INFO - Started process (PID=1509) to work on /home/airflow/.local/lib/python3.12/site-packages/airflow/example_dags/example_nested_branch_dag.py
[2024-10-30T11:04:03.269+0000] {processor.py:914} INFO - Processing file /home/airflow/.local/lib/python3.12/site-packages/airflow/example_dags/example_nested_branch_dag.py for tasks to queue
[2024-10-30T11:04:03.273+0000] {logging_mixin.py:190} INFO - [2024-10-30T11:04:03.273+0000] {dagbag.py:588} INFO - Filling up the DagBag from /home/airflow/.local/lib/python3.12/site-packages/airflow/example_dags/example_nested_branch_dag.py
[2024-10-30T11:04:03.283+0000] {processor.py:925} INFO - DAG(s) 'example_nested_branch_dag' retrieved from /home/airflow/.local/lib/python3.12/site-packages/airflow/example_dags/example_nested_branch_dag.py
[2024-10-30T11:04:03.297+0000] {logging_mixin.py:190} INFO - [2024-10-30T11:04:03.297+0000] {dag.py:3239} INFO - Sync 1 DAGs
[2024-10-30T11:04:03.315+0000] {logging_mixin.py:190} INFO - [2024-10-30T11:04:03.315+0000] {dag.py:4180} INFO - Setting next_dagrun for example_nested_branch_dag to 2024-10-29 00:00:00+00:00, run_after=2024-10-30 00:00:00+00:00
[2024-10-30T11:04:03.329+0000] {processor.py:208} INFO - Processing /home/airflow/.local/lib/python3.12/site-packages/airflow/example_dags/example_nested_branch_dag.py took 0.066 seconds
[2024-10-30T11:04:33.521+0000] {processor.py:186} INFO - Started process (PID=1571) to work on /home/airflow/.local/lib/python3.12/site-packages/airflow/example_dags/example_nested_branch_dag.py
[2024-10-30T11:04:33.522+0000] {processor.py:914} INFO - Processing file /home/airflow/.local/lib/python3.12/site-packages/airflow/example_dags/example_nested_branch_dag.py for tasks to queue
[2024-10-30T11:04:33.523+0000] {logging_mixin.py:190} INFO - [2024-10-30T11:04:33.523+0000] {dagbag.py:588} INFO - Filling up the DagBag from /home/airflow/.local/lib/python3.12/site-packages/airflow/example_dags/example_nested_branch_dag.py
[2024-10-30T11:04:33.531+0000] {processor.py:925} INFO - DAG(s) 'example_nested_branch_dag' retrieved from /home/airflow/.local/lib/python3.12/site-packages/airflow/example_dags/example_nested_branch_dag.py
[2024-10-30T11:04:33.546+0000] {logging_mixin.py:190} INFO - [2024-10-30T11:04:33.546+0000] {dag.py:3239} INFO - Sync 1 DAGs
[2024-10-30T11:04:33.562+0000] {logging_mixin.py:190} INFO - [2024-10-30T11:04:33.562+0000] {dag.py:4180} INFO - Setting next_dagrun for example_nested_branch_dag to 2024-10-29 00:00:00+00:00, run_after=2024-10-30 00:00:00+00:00
[2024-10-30T11:04:33.576+0000] {processor.py:208} INFO - Processing /home/airflow/.local/lib/python3.12/site-packages/airflow/example_dags/example_nested_branch_dag.py took 0.059 seconds
[2024-10-30T11:05:04.390+0000] {processor.py:186} INFO - Started process (PID=1633) to work on /home/airflow/.local/lib/python3.12/site-packages/airflow/example_dags/example_nested_branch_dag.py
[2024-10-30T11:05:04.391+0000] {processor.py:914} INFO - Processing file /home/airflow/.local/lib/python3.12/site-packages/airflow/example_dags/example_nested_branch_dag.py for tasks to queue
[2024-10-30T11:05:04.393+0000] {logging_mixin.py:190} INFO - [2024-10-30T11:05:04.392+0000] {dagbag.py:588} INFO - Filling up the DagBag from /home/airflow/.local/lib/python3.12/site-packages/airflow/example_dags/example_nested_branch_dag.py
[2024-10-30T11:05:04.401+0000] {processor.py:925} INFO - DAG(s) 'example_nested_branch_dag' retrieved from /home/airflow/.local/lib/python3.12/site-packages/airflow/example_dags/example_nested_branch_dag.py
[2024-10-30T11:05:04.415+0000] {logging_mixin.py:190} INFO - [2024-10-30T11:05:04.415+0000] {dag.py:3239} INFO - Sync 1 DAGs
[2024-10-30T11:05:04.430+0000] {logging_mixin.py:190} INFO - [2024-10-30T11:05:04.430+0000] {dag.py:4180} INFO - Setting next_dagrun for example_nested_branch_dag to 2024-10-29 00:00:00+00:00, run_after=2024-10-30 00:00:00+00:00
[2024-10-30T11:05:04.442+0000] {processor.py:208} INFO - Processing /home/airflow/.local/lib/python3.12/site-packages/airflow/example_dags/example_nested_branch_dag.py took 0.057 seconds
[2024-10-30T11:05:35.185+0000] {processor.py:186} INFO - Started process (PID=1695) to work on /home/airflow/.local/lib/python3.12/site-packages/airflow/example_dags/example_nested_branch_dag.py
[2024-10-30T11:05:35.186+0000] {processor.py:914} INFO - Processing file /home/airflow/.local/lib/python3.12/site-packages/airflow/example_dags/example_nested_branch_dag.py for tasks to queue
[2024-10-30T11:05:35.187+0000] {logging_mixin.py:190} INFO - [2024-10-30T11:05:35.187+0000] {dagbag.py:588} INFO - Filling up the DagBag from /home/airflow/.local/lib/python3.12/site-packages/airflow/example_dags/example_nested_branch_dag.py
[2024-10-30T11:05:35.194+0000] {processor.py:925} INFO - DAG(s) 'example_nested_branch_dag' retrieved from /home/airflow/.local/lib/python3.12/site-packages/airflow/example_dags/example_nested_branch_dag.py
[2024-10-30T11:05:35.208+0000] {logging_mixin.py:190} INFO - [2024-10-30T11:05:35.208+0000] {dag.py:3239} INFO - Sync 1 DAGs
[2024-10-30T11:05:35.224+0000] {logging_mixin.py:190} INFO - [2024-10-30T11:05:35.224+0000] {dag.py:4180} INFO - Setting next_dagrun for example_nested_branch_dag to 2024-10-29 00:00:00+00:00, run_after=2024-10-30 00:00:00+00:00
[2024-10-30T11:05:35.238+0000] {processor.py:208} INFO - Processing /home/airflow/.local/lib/python3.12/site-packages/airflow/example_dags/example_nested_branch_dag.py took 0.057 seconds
[2024-10-30T11:06:06.174+0000] {processor.py:186} INFO - Started process (PID=1757) to work on /home/airflow/.local/lib/python3.12/site-packages/airflow/example_dags/example_nested_branch_dag.py
[2024-10-30T11:06:06.178+0000] {processor.py:914} INFO - Processing file /home/airflow/.local/lib/python3.12/site-packages/airflow/example_dags/example_nested_branch_dag.py for tasks to queue
[2024-10-30T11:06:06.180+0000] {logging_mixin.py:190} INFO - [2024-10-30T11:06:06.180+0000] {dagbag.py:588} INFO - Filling up the DagBag from /home/airflow/.local/lib/python3.12/site-packages/airflow/example_dags/example_nested_branch_dag.py
[2024-10-30T11:06:06.190+0000] {processor.py:925} INFO - DAG(s) 'example_nested_branch_dag' retrieved from /home/airflow/.local/lib/python3.12/site-packages/airflow/example_dags/example_nested_branch_dag.py
[2024-10-30T11:06:06.205+0000] {logging_mixin.py:190} INFO - [2024-10-30T11:06:06.205+0000] {dag.py:3239} INFO - Sync 1 DAGs
[2024-10-30T11:06:06.224+0000] {logging_mixin.py:190} INFO - [2024-10-30T11:06:06.224+0000] {dag.py:4180} INFO - Setting next_dagrun for example_nested_branch_dag to 2024-10-29 00:00:00+00:00, run_after=2024-10-30 00:00:00+00:00
[2024-10-30T11:06:06.237+0000] {processor.py:208} INFO - Processing /home/airflow/.local/lib/python3.12/site-packages/airflow/example_dags/example_nested_branch_dag.py took 0.067 seconds
[2024-10-30T11:06:37.229+0000] {processor.py:186} INFO - Started process (PID=1819) to work on /home/airflow/.local/lib/python3.12/site-packages/airflow/example_dags/example_nested_branch_dag.py
[2024-10-30T11:06:37.231+0000] {processor.py:914} INFO - Processing file /home/airflow/.local/lib/python3.12/site-packages/airflow/example_dags/example_nested_branch_dag.py for tasks to queue
[2024-10-30T11:06:37.236+0000] {logging_mixin.py:190} INFO - [2024-10-30T11:06:37.236+0000] {dagbag.py:588} INFO - Filling up the DagBag from /home/airflow/.local/lib/python3.12/site-packages/airflow/example_dags/example_nested_branch_dag.py
[2024-10-30T11:06:37.243+0000] {processor.py:925} INFO - DAG(s) 'example_nested_branch_dag' retrieved from /home/airflow/.local/lib/python3.12/site-packages/airflow/example_dags/example_nested_branch_dag.py
[2024-10-30T11:06:37.257+0000] {logging_mixin.py:190} INFO - [2024-10-30T11:06:37.257+0000] {dag.py:3239} INFO - Sync 1 DAGs
[2024-10-30T11:06:37.272+0000] {logging_mixin.py:190} INFO - [2024-10-30T11:06:37.272+0000] {dag.py:4180} INFO - Setting next_dagrun for example_nested_branch_dag to 2024-10-29 00:00:00+00:00, run_after=2024-10-30 00:00:00+00:00
[2024-10-30T11:06:37.284+0000] {processor.py:208} INFO - Processing /home/airflow/.local/lib/python3.12/site-packages/airflow/example_dags/example_nested_branch_dag.py took 0.059 seconds
[2024-10-30T11:07:07.355+0000] {processor.py:186} INFO - Started process (PID=1881) to work on /home/airflow/.local/lib/python3.12/site-packages/airflow/example_dags/example_nested_branch_dag.py
[2024-10-30T11:07:07.356+0000] {processor.py:914} INFO - Processing file /home/airflow/.local/lib/python3.12/site-packages/airflow/example_dags/example_nested_branch_dag.py for tasks to queue
[2024-10-30T11:07:07.358+0000] {logging_mixin.py:190} INFO - [2024-10-30T11:07:07.357+0000] {dagbag.py:588} INFO - Filling up the DagBag from /home/airflow/.local/lib/python3.12/site-packages/airflow/example_dags/example_nested_branch_dag.py
[2024-10-30T11:07:07.365+0000] {processor.py:925} INFO - DAG(s) 'example_nested_branch_dag' retrieved from /home/airflow/.local/lib/python3.12/site-packages/airflow/example_dags/example_nested_branch_dag.py
[2024-10-30T11:07:07.379+0000] {logging_mixin.py:190} INFO - [2024-10-30T11:07:07.379+0000] {dag.py:3239} INFO - Sync 1 DAGs
[2024-10-30T11:07:07.394+0000] {logging_mixin.py:190} INFO - [2024-10-30T11:07:07.394+0000] {dag.py:4180} INFO - Setting next_dagrun for example_nested_branch_dag to 2024-10-29 00:00:00+00:00, run_after=2024-10-30 00:00:00+00:00
[2024-10-30T11:07:07.405+0000] {processor.py:208} INFO - Processing /home/airflow/.local/lib/python3.12/site-packages/airflow/example_dags/example_nested_branch_dag.py took 0.054 seconds
[2024-10-30T11:07:37.584+0000] {processor.py:186} INFO - Started process (PID=1942) to work on /home/airflow/.local/lib/python3.12/site-packages/airflow/example_dags/example_nested_branch_dag.py
[2024-10-30T11:07:37.587+0000] {processor.py:914} INFO - Processing file /home/airflow/.local/lib/python3.12/site-packages/airflow/example_dags/example_nested_branch_dag.py for tasks to queue
[2024-10-30T11:07:37.589+0000] {logging_mixin.py:190} INFO - [2024-10-30T11:07:37.589+0000] {dagbag.py:588} INFO - Filling up the DagBag from /home/airflow/.local/lib/python3.12/site-packages/airflow/example_dags/example_nested_branch_dag.py
[2024-10-30T11:07:37.598+0000] {processor.py:925} INFO - DAG(s) 'example_nested_branch_dag' retrieved from /home/airflow/.local/lib/python3.12/site-packages/airflow/example_dags/example_nested_branch_dag.py
[2024-10-30T11:07:37.611+0000] {logging_mixin.py:190} INFO - [2024-10-30T11:07:37.611+0000] {dag.py:3239} INFO - Sync 1 DAGs
[2024-10-30T11:07:37.629+0000] {logging_mixin.py:190} INFO - [2024-10-30T11:07:37.629+0000] {dag.py:4180} INFO - Setting next_dagrun for example_nested_branch_dag to 2024-10-29 00:00:00+00:00, run_after=2024-10-30 00:00:00+00:00
[2024-10-30T11:07:37.641+0000] {processor.py:208} INFO - Processing /home/airflow/.local/lib/python3.12/site-packages/airflow/example_dags/example_nested_branch_dag.py took 0.061 seconds
[2024-10-30T11:08:08.419+0000] {processor.py:186} INFO - Started process (PID=2005) to work on /home/airflow/.local/lib/python3.12/site-packages/airflow/example_dags/example_nested_branch_dag.py
[2024-10-30T11:08:08.420+0000] {processor.py:914} INFO - Processing file /home/airflow/.local/lib/python3.12/site-packages/airflow/example_dags/example_nested_branch_dag.py for tasks to queue
[2024-10-30T11:08:08.422+0000] {logging_mixin.py:190} INFO - [2024-10-30T11:08:08.422+0000] {dagbag.py:588} INFO - Filling up the DagBag from /home/airflow/.local/lib/python3.12/site-packages/airflow/example_dags/example_nested_branch_dag.py
[2024-10-30T11:08:08.430+0000] {processor.py:925} INFO - DAG(s) 'example_nested_branch_dag' retrieved from /home/airflow/.local/lib/python3.12/site-packages/airflow/example_dags/example_nested_branch_dag.py
[2024-10-30T11:08:08.445+0000] {logging_mixin.py:190} INFO - [2024-10-30T11:08:08.444+0000] {dag.py:3239} INFO - Sync 1 DAGs
[2024-10-30T11:08:08.460+0000] {logging_mixin.py:190} INFO - [2024-10-30T11:08:08.460+0000] {dag.py:4180} INFO - Setting next_dagrun for example_nested_branch_dag to 2024-10-29 00:00:00+00:00, run_after=2024-10-30 00:00:00+00:00
[2024-10-30T11:08:08.471+0000] {processor.py:208} INFO - Processing /home/airflow/.local/lib/python3.12/site-packages/airflow/example_dags/example_nested_branch_dag.py took 0.056 seconds
[2024-10-30T11:08:39.364+0000] {processor.py:186} INFO - Started process (PID=2067) to work on /home/airflow/.local/lib/python3.12/site-packages/airflow/example_dags/example_nested_branch_dag.py
[2024-10-30T11:08:39.366+0000] {processor.py:914} INFO - Processing file /home/airflow/.local/lib/python3.12/site-packages/airflow/example_dags/example_nested_branch_dag.py for tasks to queue
[2024-10-30T11:08:39.368+0000] {logging_mixin.py:190} INFO - [2024-10-30T11:08:39.368+0000] {dagbag.py:588} INFO - Filling up the DagBag from /home/airflow/.local/lib/python3.12/site-packages/airflow/example_dags/example_nested_branch_dag.py
[2024-10-30T11:08:39.379+0000] {processor.py:925} INFO - DAG(s) 'example_nested_branch_dag' retrieved from /home/airflow/.local/lib/python3.12/site-packages/airflow/example_dags/example_nested_branch_dag.py
[2024-10-30T11:08:39.393+0000] {logging_mixin.py:190} INFO - [2024-10-30T11:08:39.393+0000] {dag.py:3239} INFO - Sync 1 DAGs
[2024-10-30T11:08:39.410+0000] {logging_mixin.py:190} INFO - [2024-10-30T11:08:39.409+0000] {dag.py:4180} INFO - Setting next_dagrun for example_nested_branch_dag to 2024-10-29 00:00:00+00:00, run_after=2024-10-30 00:00:00+00:00
[2024-10-30T11:08:39.420+0000] {processor.py:208} INFO - Processing /home/airflow/.local/lib/python3.12/site-packages/airflow/example_dags/example_nested_branch_dag.py took 0.061 seconds
[2024-10-30T11:09:10.172+0000] {processor.py:186} INFO - Started process (PID=2128) to work on /home/airflow/.local/lib/python3.12/site-packages/airflow/example_dags/example_nested_branch_dag.py
[2024-10-30T11:09:10.173+0000] {processor.py:914} INFO - Processing file /home/airflow/.local/lib/python3.12/site-packages/airflow/example_dags/example_nested_branch_dag.py for tasks to queue
[2024-10-30T11:09:10.175+0000] {logging_mixin.py:190} INFO - [2024-10-30T11:09:10.175+0000] {dagbag.py:588} INFO - Filling up the DagBag from /home/airflow/.local/lib/python3.12/site-packages/airflow/example_dags/example_nested_branch_dag.py
[2024-10-30T11:09:10.182+0000] {processor.py:925} INFO - DAG(s) 'example_nested_branch_dag' retrieved from /home/airflow/.local/lib/python3.12/site-packages/airflow/example_dags/example_nested_branch_dag.py
[2024-10-30T11:09:10.198+0000] {logging_mixin.py:190} INFO - [2024-10-30T11:09:10.197+0000] {dag.py:3239} INFO - Sync 1 DAGs
[2024-10-30T11:09:10.212+0000] {logging_mixin.py:190} INFO - [2024-10-30T11:09:10.212+0000] {dag.py:4180} INFO - Setting next_dagrun for example_nested_branch_dag to 2024-10-29 00:00:00+00:00, run_after=2024-10-30 00:00:00+00:00
[2024-10-30T11:09:10.223+0000] {processor.py:208} INFO - Processing /home/airflow/.local/lib/python3.12/site-packages/airflow/example_dags/example_nested_branch_dag.py took 0.055 seconds
