[2024-10-30T10:52:14.662+0000] {processor.py:186} INFO - Started process (PID=78) to work on /home/airflow/.local/lib/python3.12/site-packages/airflow/example_dags/example_python_decorator.py
[2024-10-30T10:52:14.663+0000] {processor.py:914} INFO - Processing file /home/airflow/.local/lib/python3.12/site-packages/airflow/example_dags/example_python_decorator.py for tasks to queue
[2024-10-30T10:52:14.666+0000] {logging_mixin.py:190} INFO - [2024-10-30T10:52:14.665+0000] {dagbag.py:588} INFO - Filling up the DagBag from /home/airflow/.local/lib/python3.12/site-packages/airflow/example_dags/example_python_decorator.py
[2024-10-30T10:52:14.679+0000] {processor.py:925} INFO - DAG(s) 'example_python_decorator' retrieved from /home/airflow/.local/lib/python3.12/site-packages/airflow/example_dags/example_python_decorator.py
[2024-10-30T10:52:14.752+0000] {logging_mixin.py:190} INFO - [2024-10-30T10:52:14.751+0000] {override.py:1900} INFO - Created Permission View: can delete on DAG:example_python_decorator
[2024-10-30T10:52:14.761+0000] {logging_mixin.py:190} INFO - [2024-10-30T10:52:14.761+0000] {override.py:1900} INFO - Created Permission View: can read on DAG:example_python_decorator
[2024-10-30T10:52:14.768+0000] {logging_mixin.py:190} INFO - [2024-10-30T10:52:14.768+0000] {override.py:1900} INFO - Created Permission View: can edit on DAG:example_python_decorator
[2024-10-30T10:52:14.773+0000] {logging_mixin.py:190} INFO - [2024-10-30T10:52:14.772+0000] {override.py:1900} INFO - Created Permission View: can create on DAG Run:example_python_decorator
[2024-10-30T10:52:14.777+0000] {logging_mixin.py:190} INFO - [2024-10-30T10:52:14.777+0000] {override.py:1900} INFO - Created Permission View: can delete on DAG Run:example_python_decorator
[2024-10-30T10:52:14.782+0000] {logging_mixin.py:190} INFO - [2024-10-30T10:52:14.782+0000] {override.py:1900} INFO - Created Permission View: can read on DAG Run:example_python_decorator
[2024-10-30T10:52:14.786+0000] {logging_mixin.py:190} INFO - [2024-10-30T10:52:14.785+0000] {override.py:1900} INFO - Created Permission View: menu access on DAG Run:example_python_decorator
[2024-10-30T10:52:14.791+0000] {logging_mixin.py:190} INFO - [2024-10-30T10:52:14.791+0000] {dag.py:3239} INFO - Sync 1 DAGs
[2024-10-30T10:52:14.802+0000] {logging_mixin.py:190} INFO - [2024-10-30T10:52:14.802+0000] {dag.py:3262} INFO - Creating ORM DAG for example_python_decorator
[2024-10-30T10:52:14.804+0000] {logging_mixin.py:190} INFO - [2024-10-30T10:52:14.803+0000] {dag.py:4180} INFO - Setting next_dagrun for example_python_decorator to None, run_after=None
[2024-10-30T10:52:14.816+0000] {processor.py:208} INFO - Processing /home/airflow/.local/lib/python3.12/site-packages/airflow/example_dags/example_python_decorator.py took 0.160 seconds
[2024-10-30T10:52:45.517+0000] {processor.py:186} INFO - Started process (PID=140) to work on /home/airflow/.local/lib/python3.12/site-packages/airflow/example_dags/example_python_decorator.py
[2024-10-30T10:52:45.517+0000] {processor.py:914} INFO - Processing file /home/airflow/.local/lib/python3.12/site-packages/airflow/example_dags/example_python_decorator.py for tasks to queue
[2024-10-30T10:52:45.519+0000] {logging_mixin.py:190} INFO - [2024-10-30T10:52:45.519+0000] {dagbag.py:588} INFO - Filling up the DagBag from /home/airflow/.local/lib/python3.12/site-packages/airflow/example_dags/example_python_decorator.py
[2024-10-30T10:52:45.532+0000] {processor.py:925} INFO - DAG(s) 'example_python_decorator' retrieved from /home/airflow/.local/lib/python3.12/site-packages/airflow/example_dags/example_python_decorator.py
[2024-10-30T10:52:45.559+0000] {logging_mixin.py:190} INFO - [2024-10-30T10:52:45.558+0000] {dag.py:3239} INFO - Sync 1 DAGs
[2024-10-30T10:52:45.580+0000] {logging_mixin.py:190} INFO - [2024-10-30T10:52:45.580+0000] {dag.py:4180} INFO - Setting next_dagrun for example_python_decorator to None, run_after=None
[2024-10-30T10:52:45.604+0000] {processor.py:208} INFO - Processing /home/airflow/.local/lib/python3.12/site-packages/airflow/example_dags/example_python_decorator.py took 0.091 seconds
[2024-10-30T10:53:15.846+0000] {processor.py:186} INFO - Started process (PID=202) to work on /home/airflow/.local/lib/python3.12/site-packages/airflow/example_dags/example_python_decorator.py
[2024-10-30T10:53:15.847+0000] {processor.py:914} INFO - Processing file /home/airflow/.local/lib/python3.12/site-packages/airflow/example_dags/example_python_decorator.py for tasks to queue
[2024-10-30T10:53:15.848+0000] {logging_mixin.py:190} INFO - [2024-10-30T10:53:15.848+0000] {dagbag.py:588} INFO - Filling up the DagBag from /home/airflow/.local/lib/python3.12/site-packages/airflow/example_dags/example_python_decorator.py
[2024-10-30T10:53:15.857+0000] {processor.py:925} INFO - DAG(s) 'example_python_decorator' retrieved from /home/airflow/.local/lib/python3.12/site-packages/airflow/example_dags/example_python_decorator.py
[2024-10-30T10:53:15.871+0000] {logging_mixin.py:190} INFO - [2024-10-30T10:53:15.871+0000] {dag.py:3239} INFO - Sync 1 DAGs
[2024-10-30T10:53:15.879+0000] {logging_mixin.py:190} INFO - [2024-10-30T10:53:15.879+0000] {dag.py:4180} INFO - Setting next_dagrun for example_python_decorator to None, run_after=None
[2024-10-30T10:53:15.890+0000] {processor.py:208} INFO - Processing /home/airflow/.local/lib/python3.12/site-packages/airflow/example_dags/example_python_decorator.py took 0.048 seconds
[2024-10-30T10:53:46.071+0000] {processor.py:186} INFO - Started process (PID=264) to work on /home/airflow/.local/lib/python3.12/site-packages/airflow/example_dags/example_python_decorator.py
[2024-10-30T10:53:46.072+0000] {processor.py:914} INFO - Processing file /home/airflow/.local/lib/python3.12/site-packages/airflow/example_dags/example_python_decorator.py for tasks to queue
[2024-10-30T10:53:46.074+0000] {logging_mixin.py:190} INFO - [2024-10-30T10:53:46.074+0000] {dagbag.py:588} INFO - Filling up the DagBag from /home/airflow/.local/lib/python3.12/site-packages/airflow/example_dags/example_python_decorator.py
[2024-10-30T10:53:46.086+0000] {processor.py:925} INFO - DAG(s) 'example_python_decorator' retrieved from /home/airflow/.local/lib/python3.12/site-packages/airflow/example_dags/example_python_decorator.py
[2024-10-30T10:53:46.110+0000] {logging_mixin.py:190} INFO - [2024-10-30T10:53:46.110+0000] {dag.py:3239} INFO - Sync 1 DAGs
[2024-10-30T10:53:46.124+0000] {logging_mixin.py:190} INFO - [2024-10-30T10:53:46.124+0000] {dag.py:4180} INFO - Setting next_dagrun for example_python_decorator to None, run_after=None
[2024-10-30T10:53:46.140+0000] {processor.py:208} INFO - Processing /home/airflow/.local/lib/python3.12/site-packages/airflow/example_dags/example_python_decorator.py took 0.073 seconds
[2024-10-30T10:54:17.083+0000] {processor.py:186} INFO - Started process (PID=326) to work on /home/airflow/.local/lib/python3.12/site-packages/airflow/example_dags/example_python_decorator.py
[2024-10-30T10:54:17.086+0000] {processor.py:914} INFO - Processing file /home/airflow/.local/lib/python3.12/site-packages/airflow/example_dags/example_python_decorator.py for tasks to queue
[2024-10-30T10:54:17.088+0000] {logging_mixin.py:190} INFO - [2024-10-30T10:54:17.088+0000] {dagbag.py:588} INFO - Filling up the DagBag from /home/airflow/.local/lib/python3.12/site-packages/airflow/example_dags/example_python_decorator.py
[2024-10-30T10:54:17.097+0000] {processor.py:925} INFO - DAG(s) 'example_python_decorator' retrieved from /home/airflow/.local/lib/python3.12/site-packages/airflow/example_dags/example_python_decorator.py
[2024-10-30T10:54:17.114+0000] {logging_mixin.py:190} INFO - [2024-10-30T10:54:17.114+0000] {dag.py:3239} INFO - Sync 1 DAGs
[2024-10-30T10:54:17.127+0000] {logging_mixin.py:190} INFO - [2024-10-30T10:54:17.127+0000] {dag.py:4180} INFO - Setting next_dagrun for example_python_decorator to None, run_after=None
[2024-10-30T10:54:17.146+0000] {processor.py:208} INFO - Processing /home/airflow/.local/lib/python3.12/site-packages/airflow/example_dags/example_python_decorator.py took 0.067 seconds
[2024-10-30T10:54:48.079+0000] {processor.py:186} INFO - Started process (PID=388) to work on /home/airflow/.local/lib/python3.12/site-packages/airflow/example_dags/example_python_decorator.py
[2024-10-30T10:54:48.080+0000] {processor.py:914} INFO - Processing file /home/airflow/.local/lib/python3.12/site-packages/airflow/example_dags/example_python_decorator.py for tasks to queue
[2024-10-30T10:54:48.082+0000] {logging_mixin.py:190} INFO - [2024-10-30T10:54:48.082+0000] {dagbag.py:588} INFO - Filling up the DagBag from /home/airflow/.local/lib/python3.12/site-packages/airflow/example_dags/example_python_decorator.py
[2024-10-30T10:54:48.094+0000] {processor.py:925} INFO - DAG(s) 'example_python_decorator' retrieved from /home/airflow/.local/lib/python3.12/site-packages/airflow/example_dags/example_python_decorator.py
[2024-10-30T10:54:48.112+0000] {logging_mixin.py:190} INFO - [2024-10-30T10:54:48.112+0000] {dag.py:3239} INFO - Sync 1 DAGs
[2024-10-30T10:54:48.122+0000] {logging_mixin.py:190} INFO - [2024-10-30T10:54:48.122+0000] {dag.py:4180} INFO - Setting next_dagrun for example_python_decorator to None, run_after=None
[2024-10-30T10:54:48.141+0000] {processor.py:208} INFO - Processing /home/airflow/.local/lib/python3.12/site-packages/airflow/example_dags/example_python_decorator.py took 0.066 seconds
[2024-10-30T10:55:19.069+0000] {processor.py:186} INFO - Started process (PID=450) to work on /home/airflow/.local/lib/python3.12/site-packages/airflow/example_dags/example_python_decorator.py
[2024-10-30T10:55:19.070+0000] {processor.py:914} INFO - Processing file /home/airflow/.local/lib/python3.12/site-packages/airflow/example_dags/example_python_decorator.py for tasks to queue
[2024-10-30T10:55:19.072+0000] {logging_mixin.py:190} INFO - [2024-10-30T10:55:19.072+0000] {dagbag.py:588} INFO - Filling up the DagBag from /home/airflow/.local/lib/python3.12/site-packages/airflow/example_dags/example_python_decorator.py
[2024-10-30T10:55:19.083+0000] {processor.py:925} INFO - DAG(s) 'example_python_decorator' retrieved from /home/airflow/.local/lib/python3.12/site-packages/airflow/example_dags/example_python_decorator.py
[2024-10-30T10:55:19.103+0000] {logging_mixin.py:190} INFO - [2024-10-30T10:55:19.102+0000] {dag.py:3239} INFO - Sync 1 DAGs
[2024-10-30T10:55:19.113+0000] {logging_mixin.py:190} INFO - [2024-10-30T10:55:19.112+0000] {dag.py:4180} INFO - Setting next_dagrun for example_python_decorator to None, run_after=None
[2024-10-30T10:55:19.126+0000] {processor.py:208} INFO - Processing /home/airflow/.local/lib/python3.12/site-packages/airflow/example_dags/example_python_decorator.py took 0.061 seconds
[2024-10-30T10:55:50.061+0000] {processor.py:186} INFO - Started process (PID=512) to work on /home/airflow/.local/lib/python3.12/site-packages/airflow/example_dags/example_python_decorator.py
[2024-10-30T10:55:50.062+0000] {processor.py:914} INFO - Processing file /home/airflow/.local/lib/python3.12/site-packages/airflow/example_dags/example_python_decorator.py for tasks to queue
[2024-10-30T10:55:50.063+0000] {logging_mixin.py:190} INFO - [2024-10-30T10:55:50.063+0000] {dagbag.py:588} INFO - Filling up the DagBag from /home/airflow/.local/lib/python3.12/site-packages/airflow/example_dags/example_python_decorator.py
[2024-10-30T10:55:50.073+0000] {processor.py:925} INFO - DAG(s) 'example_python_decorator' retrieved from /home/airflow/.local/lib/python3.12/site-packages/airflow/example_dags/example_python_decorator.py
[2024-10-30T10:55:50.087+0000] {logging_mixin.py:190} INFO - [2024-10-30T10:55:50.087+0000] {dag.py:3239} INFO - Sync 1 DAGs
[2024-10-30T10:55:50.096+0000] {logging_mixin.py:190} INFO - [2024-10-30T10:55:50.095+0000] {dag.py:4180} INFO - Setting next_dagrun for example_python_decorator to None, run_after=None
[2024-10-30T10:55:50.108+0000] {processor.py:208} INFO - Processing /home/airflow/.local/lib/python3.12/site-packages/airflow/example_dags/example_python_decorator.py took 0.051 seconds
[2024-10-30T10:56:20.934+0000] {processor.py:186} INFO - Started process (PID=574) to work on /home/airflow/.local/lib/python3.12/site-packages/airflow/example_dags/example_python_decorator.py
[2024-10-30T10:56:20.938+0000] {processor.py:914} INFO - Processing file /home/airflow/.local/lib/python3.12/site-packages/airflow/example_dags/example_python_decorator.py for tasks to queue
[2024-10-30T10:56:20.941+0000] {logging_mixin.py:190} INFO - [2024-10-30T10:56:20.940+0000] {dagbag.py:588} INFO - Filling up the DagBag from /home/airflow/.local/lib/python3.12/site-packages/airflow/example_dags/example_python_decorator.py
[2024-10-30T10:56:20.951+0000] {processor.py:925} INFO - DAG(s) 'example_python_decorator' retrieved from /home/airflow/.local/lib/python3.12/site-packages/airflow/example_dags/example_python_decorator.py
[2024-10-30T10:56:20.967+0000] {logging_mixin.py:190} INFO - [2024-10-30T10:56:20.967+0000] {dag.py:3239} INFO - Sync 1 DAGs
[2024-10-30T10:56:20.977+0000] {logging_mixin.py:190} INFO - [2024-10-30T10:56:20.977+0000] {dag.py:4180} INFO - Setting next_dagrun for example_python_decorator to None, run_after=None
[2024-10-30T10:56:20.989+0000] {processor.py:208} INFO - Processing /home/airflow/.local/lib/python3.12/site-packages/airflow/example_dags/example_python_decorator.py took 0.059 seconds
[2024-10-30T10:56:51.808+0000] {processor.py:186} INFO - Started process (PID=636) to work on /home/airflow/.local/lib/python3.12/site-packages/airflow/example_dags/example_python_decorator.py
[2024-10-30T10:56:51.809+0000] {processor.py:914} INFO - Processing file /home/airflow/.local/lib/python3.12/site-packages/airflow/example_dags/example_python_decorator.py for tasks to queue
[2024-10-30T10:56:51.811+0000] {logging_mixin.py:190} INFO - [2024-10-30T10:56:51.810+0000] {dagbag.py:588} INFO - Filling up the DagBag from /home/airflow/.local/lib/python3.12/site-packages/airflow/example_dags/example_python_decorator.py
[2024-10-30T10:56:51.822+0000] {processor.py:925} INFO - DAG(s) 'example_python_decorator' retrieved from /home/airflow/.local/lib/python3.12/site-packages/airflow/example_dags/example_python_decorator.py
[2024-10-30T10:56:51.840+0000] {logging_mixin.py:190} INFO - [2024-10-30T10:56:51.840+0000] {dag.py:3239} INFO - Sync 1 DAGs
[2024-10-30T10:56:51.848+0000] {logging_mixin.py:190} INFO - [2024-10-30T10:56:51.848+0000] {dag.py:4180} INFO - Setting next_dagrun for example_python_decorator to None, run_after=None
[2024-10-30T10:56:51.861+0000] {processor.py:208} INFO - Processing /home/airflow/.local/lib/python3.12/site-packages/airflow/example_dags/example_python_decorator.py took 0.057 seconds
[2024-10-30T10:57:22.619+0000] {processor.py:186} INFO - Started process (PID=698) to work on /home/airflow/.local/lib/python3.12/site-packages/airflow/example_dags/example_python_decorator.py
[2024-10-30T10:57:22.620+0000] {processor.py:914} INFO - Processing file /home/airflow/.local/lib/python3.12/site-packages/airflow/example_dags/example_python_decorator.py for tasks to queue
[2024-10-30T10:57:22.621+0000] {logging_mixin.py:190} INFO - [2024-10-30T10:57:22.621+0000] {dagbag.py:588} INFO - Filling up the DagBag from /home/airflow/.local/lib/python3.12/site-packages/airflow/example_dags/example_python_decorator.py
[2024-10-30T10:57:22.632+0000] {processor.py:925} INFO - DAG(s) 'example_python_decorator' retrieved from /home/airflow/.local/lib/python3.12/site-packages/airflow/example_dags/example_python_decorator.py
[2024-10-30T10:57:22.650+0000] {logging_mixin.py:190} INFO - [2024-10-30T10:57:22.650+0000] {dag.py:3239} INFO - Sync 1 DAGs
[2024-10-30T10:57:22.659+0000] {logging_mixin.py:190} INFO - [2024-10-30T10:57:22.658+0000] {dag.py:4180} INFO - Setting next_dagrun for example_python_decorator to None, run_after=None
[2024-10-30T10:57:22.672+0000] {processor.py:208} INFO - Processing /home/airflow/.local/lib/python3.12/site-packages/airflow/example_dags/example_python_decorator.py took 0.057 seconds
[2024-10-30T10:57:53.391+0000] {processor.py:186} INFO - Started process (PID=760) to work on /home/airflow/.local/lib/python3.12/site-packages/airflow/example_dags/example_python_decorator.py
[2024-10-30T10:57:53.392+0000] {processor.py:914} INFO - Processing file /home/airflow/.local/lib/python3.12/site-packages/airflow/example_dags/example_python_decorator.py for tasks to queue
[2024-10-30T10:57:53.394+0000] {logging_mixin.py:190} INFO - [2024-10-30T10:57:53.394+0000] {dagbag.py:588} INFO - Filling up the DagBag from /home/airflow/.local/lib/python3.12/site-packages/airflow/example_dags/example_python_decorator.py
[2024-10-30T10:57:53.404+0000] {processor.py:925} INFO - DAG(s) 'example_python_decorator' retrieved from /home/airflow/.local/lib/python3.12/site-packages/airflow/example_dags/example_python_decorator.py
[2024-10-30T10:57:53.420+0000] {logging_mixin.py:190} INFO - [2024-10-30T10:57:53.420+0000] {dag.py:3239} INFO - Sync 1 DAGs
[2024-10-30T10:57:53.429+0000] {logging_mixin.py:190} INFO - [2024-10-30T10:57:53.428+0000] {dag.py:4180} INFO - Setting next_dagrun for example_python_decorator to None, run_after=None
[2024-10-30T10:57:53.442+0000] {processor.py:208} INFO - Processing /home/airflow/.local/lib/python3.12/site-packages/airflow/example_dags/example_python_decorator.py took 0.054 seconds
[2024-10-30T10:58:24.253+0000] {processor.py:186} INFO - Started process (PID=821) to work on /home/airflow/.local/lib/python3.12/site-packages/airflow/example_dags/example_python_decorator.py
[2024-10-30T10:58:24.257+0000] {processor.py:914} INFO - Processing file /home/airflow/.local/lib/python3.12/site-packages/airflow/example_dags/example_python_decorator.py for tasks to queue
[2024-10-30T10:58:24.258+0000] {logging_mixin.py:190} INFO - [2024-10-30T10:58:24.258+0000] {dagbag.py:588} INFO - Filling up the DagBag from /home/airflow/.local/lib/python3.12/site-packages/airflow/example_dags/example_python_decorator.py
[2024-10-30T10:58:24.269+0000] {processor.py:925} INFO - DAG(s) 'example_python_decorator' retrieved from /home/airflow/.local/lib/python3.12/site-packages/airflow/example_dags/example_python_decorator.py
[2024-10-30T10:58:24.283+0000] {logging_mixin.py:190} INFO - [2024-10-30T10:58:24.282+0000] {dag.py:3239} INFO - Sync 1 DAGs
[2024-10-30T10:58:24.293+0000] {logging_mixin.py:190} INFO - [2024-10-30T10:58:24.293+0000] {dag.py:4180} INFO - Setting next_dagrun for example_python_decorator to None, run_after=None
[2024-10-30T10:58:24.304+0000] {processor.py:208} INFO - Processing /home/airflow/.local/lib/python3.12/site-packages/airflow/example_dags/example_python_decorator.py took 0.056 seconds
[2024-10-30T10:58:55.006+0000] {processor.py:186} INFO - Started process (PID=883) to work on /home/airflow/.local/lib/python3.12/site-packages/airflow/example_dags/example_python_decorator.py
[2024-10-30T10:58:55.007+0000] {processor.py:914} INFO - Processing file /home/airflow/.local/lib/python3.12/site-packages/airflow/example_dags/example_python_decorator.py for tasks to queue
[2024-10-30T10:58:55.009+0000] {logging_mixin.py:190} INFO - [2024-10-30T10:58:55.009+0000] {dagbag.py:588} INFO - Filling up the DagBag from /home/airflow/.local/lib/python3.12/site-packages/airflow/example_dags/example_python_decorator.py
[2024-10-30T10:58:55.019+0000] {processor.py:925} INFO - DAG(s) 'example_python_decorator' retrieved from /home/airflow/.local/lib/python3.12/site-packages/airflow/example_dags/example_python_decorator.py
[2024-10-30T10:58:55.034+0000] {logging_mixin.py:190} INFO - [2024-10-30T10:58:55.034+0000] {dag.py:3239} INFO - Sync 1 DAGs
[2024-10-30T10:58:55.042+0000] {logging_mixin.py:190} INFO - [2024-10-30T10:58:55.042+0000] {dag.py:4180} INFO - Setting next_dagrun for example_python_decorator to None, run_after=None
[2024-10-30T10:58:55.058+0000] {processor.py:208} INFO - Processing /home/airflow/.local/lib/python3.12/site-packages/airflow/example_dags/example_python_decorator.py took 0.056 seconds
[2024-10-30T10:59:25.739+0000] {processor.py:186} INFO - Started process (PID=945) to work on /home/airflow/.local/lib/python3.12/site-packages/airflow/example_dags/example_python_decorator.py
[2024-10-30T10:59:25.741+0000] {processor.py:914} INFO - Processing file /home/airflow/.local/lib/python3.12/site-packages/airflow/example_dags/example_python_decorator.py for tasks to queue
[2024-10-30T10:59:25.743+0000] {logging_mixin.py:190} INFO - [2024-10-30T10:59:25.742+0000] {dagbag.py:588} INFO - Filling up the DagBag from /home/airflow/.local/lib/python3.12/site-packages/airflow/example_dags/example_python_decorator.py
[2024-10-30T10:59:25.751+0000] {processor.py:925} INFO - DAG(s) 'example_python_decorator' retrieved from /home/airflow/.local/lib/python3.12/site-packages/airflow/example_dags/example_python_decorator.py
[2024-10-30T10:59:25.765+0000] {logging_mixin.py:190} INFO - [2024-10-30T10:59:25.765+0000] {dag.py:3239} INFO - Sync 1 DAGs
[2024-10-30T10:59:25.774+0000] {logging_mixin.py:190} INFO - [2024-10-30T10:59:25.774+0000] {dag.py:4180} INFO - Setting next_dagrun for example_python_decorator to None, run_after=None
[2024-10-30T10:59:25.786+0000] {processor.py:208} INFO - Processing /home/airflow/.local/lib/python3.12/site-packages/airflow/example_dags/example_python_decorator.py took 0.050 seconds
[2024-10-30T10:59:56.603+0000] {processor.py:186} INFO - Started process (PID=1007) to work on /home/airflow/.local/lib/python3.12/site-packages/airflow/example_dags/example_python_decorator.py
[2024-10-30T10:59:56.604+0000] {processor.py:914} INFO - Processing file /home/airflow/.local/lib/python3.12/site-packages/airflow/example_dags/example_python_decorator.py for tasks to queue
[2024-10-30T10:59:56.608+0000] {logging_mixin.py:190} INFO - [2024-10-30T10:59:56.608+0000] {dagbag.py:588} INFO - Filling up the DagBag from /home/airflow/.local/lib/python3.12/site-packages/airflow/example_dags/example_python_decorator.py
[2024-10-30T10:59:56.617+0000] {processor.py:925} INFO - DAG(s) 'example_python_decorator' retrieved from /home/airflow/.local/lib/python3.12/site-packages/airflow/example_dags/example_python_decorator.py
[2024-10-30T10:59:56.631+0000] {logging_mixin.py:190} INFO - [2024-10-30T10:59:56.631+0000] {dag.py:3239} INFO - Sync 1 DAGs
[2024-10-30T10:59:56.641+0000] {logging_mixin.py:190} INFO - [2024-10-30T10:59:56.641+0000] {dag.py:4180} INFO - Setting next_dagrun for example_python_decorator to None, run_after=None
[2024-10-30T10:59:56.654+0000] {processor.py:208} INFO - Processing /home/airflow/.local/lib/python3.12/site-packages/airflow/example_dags/example_python_decorator.py took 0.054 seconds
[2024-10-30T11:00:27.232+0000] {processor.py:186} INFO - Started process (PID=1069) to work on /home/airflow/.local/lib/python3.12/site-packages/airflow/example_dags/example_python_decorator.py
[2024-10-30T11:00:27.233+0000] {processor.py:914} INFO - Processing file /home/airflow/.local/lib/python3.12/site-packages/airflow/example_dags/example_python_decorator.py for tasks to queue
[2024-10-30T11:00:27.235+0000] {logging_mixin.py:190} INFO - [2024-10-30T11:00:27.234+0000] {dagbag.py:588} INFO - Filling up the DagBag from /home/airflow/.local/lib/python3.12/site-packages/airflow/example_dags/example_python_decorator.py
[2024-10-30T11:00:27.246+0000] {processor.py:925} INFO - DAG(s) 'example_python_decorator' retrieved from /home/airflow/.local/lib/python3.12/site-packages/airflow/example_dags/example_python_decorator.py
[2024-10-30T11:00:27.263+0000] {logging_mixin.py:190} INFO - [2024-10-30T11:00:27.263+0000] {dag.py:3239} INFO - Sync 1 DAGs
[2024-10-30T11:00:27.274+0000] {logging_mixin.py:190} INFO - [2024-10-30T11:00:27.274+0000] {dag.py:4180} INFO - Setting next_dagrun for example_python_decorator to None, run_after=None
[2024-10-30T11:00:27.289+0000] {processor.py:208} INFO - Processing /home/airflow/.local/lib/python3.12/site-packages/airflow/example_dags/example_python_decorator.py took 0.061 seconds
[2024-10-30T11:00:58.214+0000] {processor.py:186} INFO - Started process (PID=1131) to work on /home/airflow/.local/lib/python3.12/site-packages/airflow/example_dags/example_python_decorator.py
[2024-10-30T11:00:58.216+0000] {processor.py:914} INFO - Processing file /home/airflow/.local/lib/python3.12/site-packages/airflow/example_dags/example_python_decorator.py for tasks to queue
[2024-10-30T11:00:58.218+0000] {logging_mixin.py:190} INFO - [2024-10-30T11:00:58.217+0000] {dagbag.py:588} INFO - Filling up the DagBag from /home/airflow/.local/lib/python3.12/site-packages/airflow/example_dags/example_python_decorator.py
[2024-10-30T11:00:58.227+0000] {processor.py:925} INFO - DAG(s) 'example_python_decorator' retrieved from /home/airflow/.local/lib/python3.12/site-packages/airflow/example_dags/example_python_decorator.py
[2024-10-30T11:00:58.244+0000] {logging_mixin.py:190} INFO - [2024-10-30T11:00:58.244+0000] {dag.py:3239} INFO - Sync 1 DAGs
[2024-10-30T11:00:58.253+0000] {logging_mixin.py:190} INFO - [2024-10-30T11:00:58.253+0000] {dag.py:4180} INFO - Setting next_dagrun for example_python_decorator to None, run_after=None
[2024-10-30T11:00:58.269+0000] {processor.py:208} INFO - Processing /home/airflow/.local/lib/python3.12/site-packages/airflow/example_dags/example_python_decorator.py took 0.059 seconds
[2024-10-30T11:01:28.788+0000] {processor.py:186} INFO - Started process (PID=1193) to work on /home/airflow/.local/lib/python3.12/site-packages/airflow/example_dags/example_python_decorator.py
[2024-10-30T11:01:28.790+0000] {processor.py:914} INFO - Processing file /home/airflow/.local/lib/python3.12/site-packages/airflow/example_dags/example_python_decorator.py for tasks to queue
[2024-10-30T11:01:28.792+0000] {logging_mixin.py:190} INFO - [2024-10-30T11:01:28.792+0000] {dagbag.py:588} INFO - Filling up the DagBag from /home/airflow/.local/lib/python3.12/site-packages/airflow/example_dags/example_python_decorator.py
[2024-10-30T11:01:28.801+0000] {processor.py:925} INFO - DAG(s) 'example_python_decorator' retrieved from /home/airflow/.local/lib/python3.12/site-packages/airflow/example_dags/example_python_decorator.py
[2024-10-30T11:01:28.817+0000] {logging_mixin.py:190} INFO - [2024-10-30T11:01:28.817+0000] {dag.py:3239} INFO - Sync 1 DAGs
[2024-10-30T11:01:28.826+0000] {logging_mixin.py:190} INFO - [2024-10-30T11:01:28.826+0000] {dag.py:4180} INFO - Setting next_dagrun for example_python_decorator to None, run_after=None
[2024-10-30T11:01:28.839+0000] {processor.py:208} INFO - Processing /home/airflow/.local/lib/python3.12/site-packages/airflow/example_dags/example_python_decorator.py took 0.055 seconds
[2024-10-30T11:01:59.705+0000] {processor.py:186} INFO - Started process (PID=1255) to work on /home/airflow/.local/lib/python3.12/site-packages/airflow/example_dags/example_python_decorator.py
[2024-10-30T11:01:59.706+0000] {processor.py:914} INFO - Processing file /home/airflow/.local/lib/python3.12/site-packages/airflow/example_dags/example_python_decorator.py for tasks to queue
[2024-10-30T11:01:59.708+0000] {logging_mixin.py:190} INFO - [2024-10-30T11:01:59.708+0000] {dagbag.py:588} INFO - Filling up the DagBag from /home/airflow/.local/lib/python3.12/site-packages/airflow/example_dags/example_python_decorator.py
[2024-10-30T11:01:59.719+0000] {processor.py:925} INFO - DAG(s) 'example_python_decorator' retrieved from /home/airflow/.local/lib/python3.12/site-packages/airflow/example_dags/example_python_decorator.py
[2024-10-30T11:01:59.734+0000] {logging_mixin.py:190} INFO - [2024-10-30T11:01:59.734+0000] {dag.py:3239} INFO - Sync 1 DAGs
[2024-10-30T11:01:59.743+0000] {logging_mixin.py:190} INFO - [2024-10-30T11:01:59.743+0000] {dag.py:4180} INFO - Setting next_dagrun for example_python_decorator to None, run_after=None
[2024-10-30T11:01:59.755+0000] {processor.py:208} INFO - Processing /home/airflow/.local/lib/python3.12/site-packages/airflow/example_dags/example_python_decorator.py took 0.054 seconds
[2024-10-30T11:02:30.509+0000] {processor.py:186} INFO - Started process (PID=1316) to work on /home/airflow/.local/lib/python3.12/site-packages/airflow/example_dags/example_python_decorator.py
[2024-10-30T11:02:30.510+0000] {processor.py:914} INFO - Processing file /home/airflow/.local/lib/python3.12/site-packages/airflow/example_dags/example_python_decorator.py for tasks to queue
[2024-10-30T11:02:30.513+0000] {logging_mixin.py:190} INFO - [2024-10-30T11:02:30.513+0000] {dagbag.py:588} INFO - Filling up the DagBag from /home/airflow/.local/lib/python3.12/site-packages/airflow/example_dags/example_python_decorator.py
[2024-10-30T11:02:30.525+0000] {processor.py:925} INFO - DAG(s) 'example_python_decorator' retrieved from /home/airflow/.local/lib/python3.12/site-packages/airflow/example_dags/example_python_decorator.py
[2024-10-30T11:02:30.539+0000] {logging_mixin.py:190} INFO - [2024-10-30T11:02:30.539+0000] {dag.py:3239} INFO - Sync 1 DAGs
[2024-10-30T11:02:30.549+0000] {logging_mixin.py:190} INFO - [2024-10-30T11:02:30.549+0000] {dag.py:4180} INFO - Setting next_dagrun for example_python_decorator to None, run_after=None
[2024-10-30T11:02:30.563+0000] {processor.py:208} INFO - Processing /home/airflow/.local/lib/python3.12/site-packages/airflow/example_dags/example_python_decorator.py took 0.058 seconds
[2024-10-30T11:03:01.368+0000] {processor.py:186} INFO - Started process (PID=1378) to work on /home/airflow/.local/lib/python3.12/site-packages/airflow/example_dags/example_python_decorator.py
[2024-10-30T11:03:01.369+0000] {processor.py:914} INFO - Processing file /home/airflow/.local/lib/python3.12/site-packages/airflow/example_dags/example_python_decorator.py for tasks to queue
[2024-10-30T11:03:01.371+0000] {logging_mixin.py:190} INFO - [2024-10-30T11:03:01.370+0000] {dagbag.py:588} INFO - Filling up the DagBag from /home/airflow/.local/lib/python3.12/site-packages/airflow/example_dags/example_python_decorator.py
[2024-10-30T11:03:01.380+0000] {processor.py:925} INFO - DAG(s) 'example_python_decorator' retrieved from /home/airflow/.local/lib/python3.12/site-packages/airflow/example_dags/example_python_decorator.py
[2024-10-30T11:03:01.394+0000] {logging_mixin.py:190} INFO - [2024-10-30T11:03:01.394+0000] {dag.py:3239} INFO - Sync 1 DAGs
[2024-10-30T11:03:01.403+0000] {logging_mixin.py:190} INFO - [2024-10-30T11:03:01.403+0000] {dag.py:4180} INFO - Setting next_dagrun for example_python_decorator to None, run_after=None
[2024-10-30T11:03:01.414+0000] {processor.py:208} INFO - Processing /home/airflow/.local/lib/python3.12/site-packages/airflow/example_dags/example_python_decorator.py took 0.051 seconds
[2024-10-30T11:03:32.343+0000] {processor.py:186} INFO - Started process (PID=1440) to work on /home/airflow/.local/lib/python3.12/site-packages/airflow/example_dags/example_python_decorator.py
[2024-10-30T11:03:32.344+0000] {processor.py:914} INFO - Processing file /home/airflow/.local/lib/python3.12/site-packages/airflow/example_dags/example_python_decorator.py for tasks to queue
[2024-10-30T11:03:32.346+0000] {logging_mixin.py:190} INFO - [2024-10-30T11:03:32.346+0000] {dagbag.py:588} INFO - Filling up the DagBag from /home/airflow/.local/lib/python3.12/site-packages/airflow/example_dags/example_python_decorator.py
[2024-10-30T11:03:32.356+0000] {processor.py:925} INFO - DAG(s) 'example_python_decorator' retrieved from /home/airflow/.local/lib/python3.12/site-packages/airflow/example_dags/example_python_decorator.py
[2024-10-30T11:03:32.372+0000] {logging_mixin.py:190} INFO - [2024-10-30T11:03:32.371+0000] {dag.py:3239} INFO - Sync 1 DAGs
[2024-10-30T11:03:32.380+0000] {logging_mixin.py:190} INFO - [2024-10-30T11:03:32.380+0000] {dag.py:4180} INFO - Setting next_dagrun for example_python_decorator to None, run_after=None
[2024-10-30T11:03:32.391+0000] {processor.py:208} INFO - Processing /home/airflow/.local/lib/python3.12/site-packages/airflow/example_dags/example_python_decorator.py took 0.052 seconds
[2024-10-30T11:04:02.972+0000] {processor.py:186} INFO - Started process (PID=1502) to work on /home/airflow/.local/lib/python3.12/site-packages/airflow/example_dags/example_python_decorator.py
[2024-10-30T11:04:02.973+0000] {processor.py:914} INFO - Processing file /home/airflow/.local/lib/python3.12/site-packages/airflow/example_dags/example_python_decorator.py for tasks to queue
[2024-10-30T11:04:02.975+0000] {logging_mixin.py:190} INFO - [2024-10-30T11:04:02.975+0000] {dagbag.py:588} INFO - Filling up the DagBag from /home/airflow/.local/lib/python3.12/site-packages/airflow/example_dags/example_python_decorator.py
[2024-10-30T11:04:02.986+0000] {processor.py:925} INFO - DAG(s) 'example_python_decorator' retrieved from /home/airflow/.local/lib/python3.12/site-packages/airflow/example_dags/example_python_decorator.py
[2024-10-30T11:04:03.001+0000] {logging_mixin.py:190} INFO - [2024-10-30T11:04:03.000+0000] {dag.py:3239} INFO - Sync 1 DAGs
[2024-10-30T11:04:03.010+0000] {logging_mixin.py:190} INFO - [2024-10-30T11:04:03.010+0000] {dag.py:4180} INFO - Setting next_dagrun for example_python_decorator to None, run_after=None
[2024-10-30T11:04:03.026+0000] {processor.py:208} INFO - Processing /home/airflow/.local/lib/python3.12/site-packages/airflow/example_dags/example_python_decorator.py took 0.058 seconds
[2024-10-30T11:04:33.104+0000] {processor.py:186} INFO - Started process (PID=1564) to work on /home/airflow/.local/lib/python3.12/site-packages/airflow/example_dags/example_python_decorator.py
[2024-10-30T11:04:33.106+0000] {processor.py:914} INFO - Processing file /home/airflow/.local/lib/python3.12/site-packages/airflow/example_dags/example_python_decorator.py for tasks to queue
[2024-10-30T11:04:33.108+0000] {logging_mixin.py:190} INFO - [2024-10-30T11:04:33.108+0000] {dagbag.py:588} INFO - Filling up the DagBag from /home/airflow/.local/lib/python3.12/site-packages/airflow/example_dags/example_python_decorator.py
[2024-10-30T11:04:33.120+0000] {processor.py:925} INFO - DAG(s) 'example_python_decorator' retrieved from /home/airflow/.local/lib/python3.12/site-packages/airflow/example_dags/example_python_decorator.py
[2024-10-30T11:04:33.136+0000] {logging_mixin.py:190} INFO - [2024-10-30T11:04:33.136+0000] {dag.py:3239} INFO - Sync 1 DAGs
[2024-10-30T11:04:33.145+0000] {logging_mixin.py:190} INFO - [2024-10-30T11:04:33.145+0000] {dag.py:4180} INFO - Setting next_dagrun for example_python_decorator to None, run_after=None
[2024-10-30T11:04:33.158+0000] {processor.py:208} INFO - Processing /home/airflow/.local/lib/python3.12/site-packages/airflow/example_dags/example_python_decorator.py took 0.058 seconds
[2024-10-30T11:05:04.052+0000] {processor.py:186} INFO - Started process (PID=1626) to work on /home/airflow/.local/lib/python3.12/site-packages/airflow/example_dags/example_python_decorator.py
[2024-10-30T11:05:04.053+0000] {processor.py:914} INFO - Processing file /home/airflow/.local/lib/python3.12/site-packages/airflow/example_dags/example_python_decorator.py for tasks to queue
[2024-10-30T11:05:04.055+0000] {logging_mixin.py:190} INFO - [2024-10-30T11:05:04.055+0000] {dagbag.py:588} INFO - Filling up the DagBag from /home/airflow/.local/lib/python3.12/site-packages/airflow/example_dags/example_python_decorator.py
[2024-10-30T11:05:04.068+0000] {processor.py:925} INFO - DAG(s) 'example_python_decorator' retrieved from /home/airflow/.local/lib/python3.12/site-packages/airflow/example_dags/example_python_decorator.py
[2024-10-30T11:05:04.083+0000] {logging_mixin.py:190} INFO - [2024-10-30T11:05:04.083+0000] {dag.py:3239} INFO - Sync 1 DAGs
[2024-10-30T11:05:04.092+0000] {logging_mixin.py:190} INFO - [2024-10-30T11:05:04.092+0000] {dag.py:4180} INFO - Setting next_dagrun for example_python_decorator to None, run_after=None
[2024-10-30T11:05:04.106+0000] {processor.py:208} INFO - Processing /home/airflow/.local/lib/python3.12/site-packages/airflow/example_dags/example_python_decorator.py took 0.058 seconds
[2024-10-30T11:05:34.889+0000] {processor.py:186} INFO - Started process (PID=1688) to work on /home/airflow/.local/lib/python3.12/site-packages/airflow/example_dags/example_python_decorator.py
[2024-10-30T11:05:34.891+0000] {processor.py:914} INFO - Processing file /home/airflow/.local/lib/python3.12/site-packages/airflow/example_dags/example_python_decorator.py for tasks to queue
[2024-10-30T11:05:34.896+0000] {logging_mixin.py:190} INFO - [2024-10-30T11:05:34.895+0000] {dagbag.py:588} INFO - Filling up the DagBag from /home/airflow/.local/lib/python3.12/site-packages/airflow/example_dags/example_python_decorator.py
[2024-10-30T11:05:34.906+0000] {processor.py:925} INFO - DAG(s) 'example_python_decorator' retrieved from /home/airflow/.local/lib/python3.12/site-packages/airflow/example_dags/example_python_decorator.py
[2024-10-30T11:05:34.920+0000] {logging_mixin.py:190} INFO - [2024-10-30T11:05:34.920+0000] {dag.py:3239} INFO - Sync 1 DAGs
[2024-10-30T11:05:34.929+0000] {logging_mixin.py:190} INFO - [2024-10-30T11:05:34.929+0000] {dag.py:4180} INFO - Setting next_dagrun for example_python_decorator to None, run_after=None
[2024-10-30T11:05:34.941+0000] {processor.py:208} INFO - Processing /home/airflow/.local/lib/python3.12/site-packages/airflow/example_dags/example_python_decorator.py took 0.056 seconds
[2024-10-30T11:06:05.842+0000] {processor.py:186} INFO - Started process (PID=1750) to work on /home/airflow/.local/lib/python3.12/site-packages/airflow/example_dags/example_python_decorator.py
[2024-10-30T11:06:05.847+0000] {processor.py:914} INFO - Processing file /home/airflow/.local/lib/python3.12/site-packages/airflow/example_dags/example_python_decorator.py for tasks to queue
[2024-10-30T11:06:05.848+0000] {logging_mixin.py:190} INFO - [2024-10-30T11:06:05.848+0000] {dagbag.py:588} INFO - Filling up the DagBag from /home/airflow/.local/lib/python3.12/site-packages/airflow/example_dags/example_python_decorator.py
[2024-10-30T11:06:05.858+0000] {processor.py:925} INFO - DAG(s) 'example_python_decorator' retrieved from /home/airflow/.local/lib/python3.12/site-packages/airflow/example_dags/example_python_decorator.py
[2024-10-30T11:06:05.876+0000] {logging_mixin.py:190} INFO - [2024-10-30T11:06:05.876+0000] {dag.py:3239} INFO - Sync 1 DAGs
[2024-10-30T11:06:05.885+0000] {logging_mixin.py:190} INFO - [2024-10-30T11:06:05.885+0000] {dag.py:4180} INFO - Setting next_dagrun for example_python_decorator to None, run_after=None
[2024-10-30T11:06:05.901+0000] {processor.py:208} INFO - Processing /home/airflow/.local/lib/python3.12/site-packages/airflow/example_dags/example_python_decorator.py took 0.063 seconds
[2024-10-30T11:06:36.916+0000] {processor.py:186} INFO - Started process (PID=1812) to work on /home/airflow/.local/lib/python3.12/site-packages/airflow/example_dags/example_python_decorator.py
[2024-10-30T11:06:36.917+0000] {processor.py:914} INFO - Processing file /home/airflow/.local/lib/python3.12/site-packages/airflow/example_dags/example_python_decorator.py for tasks to queue
[2024-10-30T11:06:36.920+0000] {logging_mixin.py:190} INFO - [2024-10-30T11:06:36.920+0000] {dagbag.py:588} INFO - Filling up the DagBag from /home/airflow/.local/lib/python3.12/site-packages/airflow/example_dags/example_python_decorator.py
[2024-10-30T11:06:36.934+0000] {processor.py:925} INFO - DAG(s) 'example_python_decorator' retrieved from /home/airflow/.local/lib/python3.12/site-packages/airflow/example_dags/example_python_decorator.py
[2024-10-30T11:06:36.949+0000] {logging_mixin.py:190} INFO - [2024-10-30T11:06:36.949+0000] {dag.py:3239} INFO - Sync 1 DAGs
[2024-10-30T11:06:36.959+0000] {logging_mixin.py:190} INFO - [2024-10-30T11:06:36.959+0000] {dag.py:4180} INFO - Setting next_dagrun for example_python_decorator to None, run_after=None
[2024-10-30T11:06:36.973+0000] {processor.py:208} INFO - Processing /home/airflow/.local/lib/python3.12/site-packages/airflow/example_dags/example_python_decorator.py took 0.061 seconds
[2024-10-30T11:07:07.107+0000] {processor.py:186} INFO - Started process (PID=1874) to work on /home/airflow/.local/lib/python3.12/site-packages/airflow/example_dags/example_python_decorator.py
[2024-10-30T11:07:07.110+0000] {processor.py:914} INFO - Processing file /home/airflow/.local/lib/python3.12/site-packages/airflow/example_dags/example_python_decorator.py for tasks to queue
[2024-10-30T11:07:07.112+0000] {logging_mixin.py:190} INFO - [2024-10-30T11:07:07.112+0000] {dagbag.py:588} INFO - Filling up the DagBag from /home/airflow/.local/lib/python3.12/site-packages/airflow/example_dags/example_python_decorator.py
[2024-10-30T11:07:07.122+0000] {processor.py:925} INFO - DAG(s) 'example_python_decorator' retrieved from /home/airflow/.local/lib/python3.12/site-packages/airflow/example_dags/example_python_decorator.py
[2024-10-30T11:07:07.142+0000] {logging_mixin.py:190} INFO - [2024-10-30T11:07:07.142+0000] {dag.py:3239} INFO - Sync 1 DAGs
[2024-10-30T11:07:07.151+0000] {logging_mixin.py:190} INFO - [2024-10-30T11:07:07.151+0000] {dag.py:4180} INFO - Setting next_dagrun for example_python_decorator to None, run_after=None
[2024-10-30T11:07:07.164+0000] {processor.py:208} INFO - Processing /home/airflow/.local/lib/python3.12/site-packages/airflow/example_dags/example_python_decorator.py took 0.061 seconds
[2024-10-30T11:07:37.371+0000] {processor.py:186} INFO - Started process (PID=1936) to work on /home/airflow/.local/lib/python3.12/site-packages/airflow/example_dags/example_python_decorator.py
[2024-10-30T11:07:37.375+0000] {processor.py:914} INFO - Processing file /home/airflow/.local/lib/python3.12/site-packages/airflow/example_dags/example_python_decorator.py for tasks to queue
[2024-10-30T11:07:37.377+0000] {logging_mixin.py:190} INFO - [2024-10-30T11:07:37.376+0000] {dagbag.py:588} INFO - Filling up the DagBag from /home/airflow/.local/lib/python3.12/site-packages/airflow/example_dags/example_python_decorator.py
[2024-10-30T11:07:37.386+0000] {processor.py:925} INFO - DAG(s) 'example_python_decorator' retrieved from /home/airflow/.local/lib/python3.12/site-packages/airflow/example_dags/example_python_decorator.py
[2024-10-30T11:07:37.401+0000] {logging_mixin.py:190} INFO - [2024-10-30T11:07:37.401+0000] {dag.py:3239} INFO - Sync 1 DAGs
[2024-10-30T11:07:37.411+0000] {logging_mixin.py:190} INFO - [2024-10-30T11:07:37.411+0000] {dag.py:4180} INFO - Setting next_dagrun for example_python_decorator to None, run_after=None
[2024-10-30T11:07:37.421+0000] {processor.py:208} INFO - Processing /home/airflow/.local/lib/python3.12/site-packages/airflow/example_dags/example_python_decorator.py took 0.054 seconds
[2024-10-30T11:08:08.158+0000] {processor.py:186} INFO - Started process (PID=1998) to work on /home/airflow/.local/lib/python3.12/site-packages/airflow/example_dags/example_python_decorator.py
[2024-10-30T11:08:08.159+0000] {processor.py:914} INFO - Processing file /home/airflow/.local/lib/python3.12/site-packages/airflow/example_dags/example_python_decorator.py for tasks to queue
[2024-10-30T11:08:08.160+0000] {logging_mixin.py:190} INFO - [2024-10-30T11:08:08.160+0000] {dagbag.py:588} INFO - Filling up the DagBag from /home/airflow/.local/lib/python3.12/site-packages/airflow/example_dags/example_python_decorator.py
[2024-10-30T11:08:08.170+0000] {processor.py:925} INFO - DAG(s) 'example_python_decorator' retrieved from /home/airflow/.local/lib/python3.12/site-packages/airflow/example_dags/example_python_decorator.py
[2024-10-30T11:08:08.184+0000] {logging_mixin.py:190} INFO - [2024-10-30T11:08:08.184+0000] {dag.py:3239} INFO - Sync 1 DAGs
[2024-10-30T11:08:08.193+0000] {logging_mixin.py:190} INFO - [2024-10-30T11:08:08.193+0000] {dag.py:4180} INFO - Setting next_dagrun for example_python_decorator to None, run_after=None
[2024-10-30T11:08:08.207+0000] {processor.py:208} INFO - Processing /home/airflow/.local/lib/python3.12/site-packages/airflow/example_dags/example_python_decorator.py took 0.053 seconds
[2024-10-30T11:08:39.075+0000] {processor.py:186} INFO - Started process (PID=2060) to work on /home/airflow/.local/lib/python3.12/site-packages/airflow/example_dags/example_python_decorator.py
[2024-10-30T11:08:39.079+0000] {processor.py:914} INFO - Processing file /home/airflow/.local/lib/python3.12/site-packages/airflow/example_dags/example_python_decorator.py for tasks to queue
[2024-10-30T11:08:39.081+0000] {logging_mixin.py:190} INFO - [2024-10-30T11:08:39.081+0000] {dagbag.py:588} INFO - Filling up the DagBag from /home/airflow/.local/lib/python3.12/site-packages/airflow/example_dags/example_python_decorator.py
[2024-10-30T11:08:39.090+0000] {processor.py:925} INFO - DAG(s) 'example_python_decorator' retrieved from /home/airflow/.local/lib/python3.12/site-packages/airflow/example_dags/example_python_decorator.py
[2024-10-30T11:08:39.104+0000] {logging_mixin.py:190} INFO - [2024-10-30T11:08:39.104+0000] {dag.py:3239} INFO - Sync 1 DAGs
[2024-10-30T11:08:39.114+0000] {logging_mixin.py:190} INFO - [2024-10-30T11:08:39.114+0000] {dag.py:4180} INFO - Setting next_dagrun for example_python_decorator to None, run_after=None
[2024-10-30T11:08:39.128+0000] {processor.py:208} INFO - Processing /home/airflow/.local/lib/python3.12/site-packages/airflow/example_dags/example_python_decorator.py took 0.057 seconds
[2024-10-30T11:09:09.957+0000] {processor.py:186} INFO - Started process (PID=2122) to work on /home/airflow/.local/lib/python3.12/site-packages/airflow/example_dags/example_python_decorator.py
[2024-10-30T11:09:09.959+0000] {processor.py:914} INFO - Processing file /home/airflow/.local/lib/python3.12/site-packages/airflow/example_dags/example_python_decorator.py for tasks to queue
[2024-10-30T11:09:09.962+0000] {logging_mixin.py:190} INFO - [2024-10-30T11:09:09.961+0000] {dagbag.py:588} INFO - Filling up the DagBag from /home/airflow/.local/lib/python3.12/site-packages/airflow/example_dags/example_python_decorator.py
[2024-10-30T11:09:09.972+0000] {processor.py:925} INFO - DAG(s) 'example_python_decorator' retrieved from /home/airflow/.local/lib/python3.12/site-packages/airflow/example_dags/example_python_decorator.py
[2024-10-30T11:09:09.985+0000] {logging_mixin.py:190} INFO - [2024-10-30T11:09:09.985+0000] {dag.py:3239} INFO - Sync 1 DAGs
[2024-10-30T11:09:09.994+0000] {logging_mixin.py:190} INFO - [2024-10-30T11:09:09.994+0000] {dag.py:4180} INFO - Setting next_dagrun for example_python_decorator to None, run_after=None
[2024-10-30T11:09:10.007+0000] {processor.py:208} INFO - Processing /home/airflow/.local/lib/python3.12/site-packages/airflow/example_dags/example_python_decorator.py took 0.055 seconds
