[2024-10-30T10:52:16.408+0000] {processor.py:186} INFO - Started process (PID=92) to work on /home/airflow/.local/lib/python3.12/site-packages/airflow/example_dags/example_branch_python_dop_operator_3.py
[2024-10-30T10:52:16.409+0000] {processor.py:914} INFO - Processing file /home/airflow/.local/lib/python3.12/site-packages/airflow/example_dags/example_branch_python_dop_operator_3.py for tasks to queue
[2024-10-30T10:52:16.414+0000] {logging_mixin.py:190} INFO - [2024-10-30T10:52:16.414+0000] {dagbag.py:588} INFO - Filling up the DagBag from /home/airflow/.local/lib/python3.12/site-packages/airflow/example_dags/example_branch_python_dop_operator_3.py
[2024-10-30T10:52:16.421+0000] {processor.py:925} INFO - DAG(s) 'example_branch_dop_operator_v3' retrieved from /home/airflow/.local/lib/python3.12/site-packages/airflow/example_dags/example_branch_python_dop_operator_3.py
[2024-10-30T10:52:16.506+0000] {logging_mixin.py:190} INFO - [2024-10-30T10:52:16.506+0000] {override.py:1900} INFO - Created Permission View: can delete on DAG:example_branch_dop_operator_v3
[2024-10-30T10:52:16.516+0000] {logging_mixin.py:190} INFO - [2024-10-30T10:52:16.516+0000] {override.py:1900} INFO - Created Permission View: can read on DAG:example_branch_dop_operator_v3
[2024-10-30T10:52:16.521+0000] {logging_mixin.py:190} INFO - [2024-10-30T10:52:16.521+0000] {override.py:1900} INFO - Created Permission View: can edit on DAG:example_branch_dop_operator_v3
[2024-10-30T10:52:16.530+0000] {logging_mixin.py:190} INFO - [2024-10-30T10:52:16.530+0000] {override.py:1900} INFO - Created Permission View: can create on DAG Run:example_branch_dop_operator_v3
[2024-10-30T10:52:16.533+0000] {logging_mixin.py:190} INFO - [2024-10-30T10:52:16.533+0000] {override.py:1900} INFO - Created Permission View: can delete on DAG Run:example_branch_dop_operator_v3
[2024-10-30T10:52:16.537+0000] {logging_mixin.py:190} INFO - [2024-10-30T10:52:16.537+0000] {override.py:1900} INFO - Created Permission View: can read on DAG Run:example_branch_dop_operator_v3
[2024-10-30T10:52:16.541+0000] {logging_mixin.py:190} INFO - [2024-10-30T10:52:16.541+0000] {override.py:1900} INFO - Created Permission View: menu access on DAG Run:example_branch_dop_operator_v3
[2024-10-30T10:52:16.542+0000] {logging_mixin.py:190} INFO - [2024-10-30T10:52:16.541+0000] {dag.py:3239} INFO - Sync 1 DAGs
[2024-10-30T10:52:16.551+0000] {logging_mixin.py:190} INFO - [2024-10-30T10:52:16.551+0000] {dag.py:3262} INFO - Creating ORM DAG for example_branch_dop_operator_v3
[2024-10-30T10:52:16.561+0000] {logging_mixin.py:190} INFO - [2024-10-30T10:52:16.561+0000] {dag.py:4180} INFO - Setting next_dagrun for example_branch_dop_operator_v3 to 2024-10-30 10:51:00+00:00, run_after=2024-10-30 10:52:00+00:00
[2024-10-30T10:52:16.583+0000] {processor.py:208} INFO - Processing /home/airflow/.local/lib/python3.12/site-packages/airflow/example_dags/example_branch_python_dop_operator_3.py took 0.180 seconds
[2024-10-30T10:52:47.483+0000] {processor.py:186} INFO - Started process (PID=154) to work on /home/airflow/.local/lib/python3.12/site-packages/airflow/example_dags/example_branch_python_dop_operator_3.py
[2024-10-30T10:52:47.485+0000] {processor.py:914} INFO - Processing file /home/airflow/.local/lib/python3.12/site-packages/airflow/example_dags/example_branch_python_dop_operator_3.py for tasks to queue
[2024-10-30T10:52:47.486+0000] {logging_mixin.py:190} INFO - [2024-10-30T10:52:47.486+0000] {dagbag.py:588} INFO - Filling up the DagBag from /home/airflow/.local/lib/python3.12/site-packages/airflow/example_dags/example_branch_python_dop_operator_3.py
[2024-10-30T10:52:47.493+0000] {processor.py:925} INFO - DAG(s) 'example_branch_dop_operator_v3' retrieved from /home/airflow/.local/lib/python3.12/site-packages/airflow/example_dags/example_branch_python_dop_operator_3.py
[2024-10-30T10:52:47.507+0000] {logging_mixin.py:190} INFO - [2024-10-30T10:52:47.507+0000] {dag.py:3239} INFO - Sync 1 DAGs
[2024-10-30T10:52:47.527+0000] {logging_mixin.py:190} INFO - [2024-10-30T10:52:47.527+0000] {dag.py:4180} INFO - Setting next_dagrun for example_branch_dop_operator_v3 to 2024-10-30 10:51:00+00:00, run_after=2024-10-30 10:52:00+00:00
[2024-10-30T10:52:47.538+0000] {processor.py:208} INFO - Processing /home/airflow/.local/lib/python3.12/site-packages/airflow/example_dags/example_branch_python_dop_operator_3.py took 0.060 seconds
[2024-10-30T10:53:17.713+0000] {processor.py:186} INFO - Started process (PID=216) to work on /home/airflow/.local/lib/python3.12/site-packages/airflow/example_dags/example_branch_python_dop_operator_3.py
[2024-10-30T10:53:17.718+0000] {processor.py:914} INFO - Processing file /home/airflow/.local/lib/python3.12/site-packages/airflow/example_dags/example_branch_python_dop_operator_3.py for tasks to queue
[2024-10-30T10:53:17.719+0000] {logging_mixin.py:190} INFO - [2024-10-30T10:53:17.719+0000] {dagbag.py:588} INFO - Filling up the DagBag from /home/airflow/.local/lib/python3.12/site-packages/airflow/example_dags/example_branch_python_dop_operator_3.py
[2024-10-30T10:53:17.725+0000] {processor.py:925} INFO - DAG(s) 'example_branch_dop_operator_v3' retrieved from /home/airflow/.local/lib/python3.12/site-packages/airflow/example_dags/example_branch_python_dop_operator_3.py
[2024-10-30T10:53:17.741+0000] {logging_mixin.py:190} INFO - [2024-10-30T10:53:17.741+0000] {dag.py:3239} INFO - Sync 1 DAGs
[2024-10-30T10:53:17.758+0000] {logging_mixin.py:190} INFO - [2024-10-30T10:53:17.758+0000] {dag.py:4180} INFO - Setting next_dagrun for example_branch_dop_operator_v3 to 2024-10-30 10:52:00+00:00, run_after=2024-10-30 10:53:00+00:00
[2024-10-30T10:53:17.768+0000] {processor.py:208} INFO - Processing /home/airflow/.local/lib/python3.12/site-packages/airflow/example_dags/example_branch_python_dop_operator_3.py took 0.059 seconds
[2024-10-30T10:53:48.717+0000] {processor.py:186} INFO - Started process (PID=278) to work on /home/airflow/.local/lib/python3.12/site-packages/airflow/example_dags/example_branch_python_dop_operator_3.py
[2024-10-30T10:53:48.724+0000] {processor.py:914} INFO - Processing file /home/airflow/.local/lib/python3.12/site-packages/airflow/example_dags/example_branch_python_dop_operator_3.py for tasks to queue
[2024-10-30T10:53:48.727+0000] {logging_mixin.py:190} INFO - [2024-10-30T10:53:48.727+0000] {dagbag.py:588} INFO - Filling up the DagBag from /home/airflow/.local/lib/python3.12/site-packages/airflow/example_dags/example_branch_python_dop_operator_3.py
[2024-10-30T10:53:48.746+0000] {processor.py:925} INFO - DAG(s) 'example_branch_dop_operator_v3' retrieved from /home/airflow/.local/lib/python3.12/site-packages/airflow/example_dags/example_branch_python_dop_operator_3.py
[2024-10-30T10:53:48.763+0000] {logging_mixin.py:190} INFO - [2024-10-30T10:53:48.763+0000] {dag.py:3239} INFO - Sync 1 DAGs
[2024-10-30T10:53:48.782+0000] {logging_mixin.py:190} INFO - [2024-10-30T10:53:48.782+0000] {dag.py:4180} INFO - Setting next_dagrun for example_branch_dop_operator_v3 to 2024-10-30 10:52:00+00:00, run_after=2024-10-30 10:53:00+00:00
[2024-10-30T10:53:48.795+0000] {processor.py:208} INFO - Processing /home/airflow/.local/lib/python3.12/site-packages/airflow/example_dags/example_branch_python_dop_operator_3.py took 0.086 seconds
[2024-10-30T10:54:19.749+0000] {processor.py:186} INFO - Started process (PID=340) to work on /home/airflow/.local/lib/python3.12/site-packages/airflow/example_dags/example_branch_python_dop_operator_3.py
[2024-10-30T10:54:19.751+0000] {processor.py:914} INFO - Processing file /home/airflow/.local/lib/python3.12/site-packages/airflow/example_dags/example_branch_python_dop_operator_3.py for tasks to queue
[2024-10-30T10:54:19.754+0000] {logging_mixin.py:190} INFO - [2024-10-30T10:54:19.754+0000] {dagbag.py:588} INFO - Filling up the DagBag from /home/airflow/.local/lib/python3.12/site-packages/airflow/example_dags/example_branch_python_dop_operator_3.py
[2024-10-30T10:54:19.762+0000] {processor.py:925} INFO - DAG(s) 'example_branch_dop_operator_v3' retrieved from /home/airflow/.local/lib/python3.12/site-packages/airflow/example_dags/example_branch_python_dop_operator_3.py
[2024-10-30T10:54:19.781+0000] {logging_mixin.py:190} INFO - [2024-10-30T10:54:19.781+0000] {dag.py:3239} INFO - Sync 1 DAGs
[2024-10-30T10:54:19.804+0000] {logging_mixin.py:190} INFO - [2024-10-30T10:54:19.803+0000] {dag.py:4180} INFO - Setting next_dagrun for example_branch_dop_operator_v3 to 2024-10-30 10:53:00+00:00, run_after=2024-10-30 10:54:00+00:00
[2024-10-30T10:54:19.827+0000] {processor.py:208} INFO - Processing /home/airflow/.local/lib/python3.12/site-packages/airflow/example_dags/example_branch_python_dop_operator_3.py took 0.082 seconds
[2024-10-30T10:54:50.724+0000] {processor.py:186} INFO - Started process (PID=402) to work on /home/airflow/.local/lib/python3.12/site-packages/airflow/example_dags/example_branch_python_dop_operator_3.py
[2024-10-30T10:54:50.727+0000] {processor.py:914} INFO - Processing file /home/airflow/.local/lib/python3.12/site-packages/airflow/example_dags/example_branch_python_dop_operator_3.py for tasks to queue
[2024-10-30T10:54:50.730+0000] {logging_mixin.py:190} INFO - [2024-10-30T10:54:50.730+0000] {dagbag.py:588} INFO - Filling up the DagBag from /home/airflow/.local/lib/python3.12/site-packages/airflow/example_dags/example_branch_python_dop_operator_3.py
[2024-10-30T10:54:50.738+0000] {processor.py:925} INFO - DAG(s) 'example_branch_dop_operator_v3' retrieved from /home/airflow/.local/lib/python3.12/site-packages/airflow/example_dags/example_branch_python_dop_operator_3.py
[2024-10-30T10:54:50.752+0000] {logging_mixin.py:190} INFO - [2024-10-30T10:54:50.752+0000] {dag.py:3239} INFO - Sync 1 DAGs
[2024-10-30T10:54:50.768+0000] {logging_mixin.py:190} INFO - [2024-10-30T10:54:50.768+0000] {dag.py:4180} INFO - Setting next_dagrun for example_branch_dop_operator_v3 to 2024-10-30 10:53:00+00:00, run_after=2024-10-30 10:54:00+00:00
[2024-10-30T10:54:50.786+0000] {processor.py:208} INFO - Processing /home/airflow/.local/lib/python3.12/site-packages/airflow/example_dags/example_branch_python_dop_operator_3.py took 0.066 seconds
[2024-10-30T10:55:20.838+0000] {processor.py:186} INFO - Started process (PID=464) to work on /home/airflow/.local/lib/python3.12/site-packages/airflow/example_dags/example_branch_python_dop_operator_3.py
[2024-10-30T10:55:20.844+0000] {processor.py:914} INFO - Processing file /home/airflow/.local/lib/python3.12/site-packages/airflow/example_dags/example_branch_python_dop_operator_3.py for tasks to queue
[2024-10-30T10:55:20.845+0000] {logging_mixin.py:190} INFO - [2024-10-30T10:55:20.845+0000] {dagbag.py:588} INFO - Filling up the DagBag from /home/airflow/.local/lib/python3.12/site-packages/airflow/example_dags/example_branch_python_dop_operator_3.py
[2024-10-30T10:55:20.855+0000] {processor.py:925} INFO - DAG(s) 'example_branch_dop_operator_v3' retrieved from /home/airflow/.local/lib/python3.12/site-packages/airflow/example_dags/example_branch_python_dop_operator_3.py
[2024-10-30T10:55:20.875+0000] {logging_mixin.py:190} INFO - [2024-10-30T10:55:20.875+0000] {dag.py:3239} INFO - Sync 1 DAGs
[2024-10-30T10:55:20.893+0000] {logging_mixin.py:190} INFO - [2024-10-30T10:55:20.893+0000] {dag.py:4180} INFO - Setting next_dagrun for example_branch_dop_operator_v3 to 2024-10-30 10:54:00+00:00, run_after=2024-10-30 10:55:00+00:00
[2024-10-30T10:55:20.908+0000] {processor.py:208} INFO - Processing /home/airflow/.local/lib/python3.12/site-packages/airflow/example_dags/example_branch_python_dop_operator_3.py took 0.075 seconds
[2024-10-30T10:55:51.745+0000] {processor.py:186} INFO - Started process (PID=526) to work on /home/airflow/.local/lib/python3.12/site-packages/airflow/example_dags/example_branch_python_dop_operator_3.py
[2024-10-30T10:55:51.746+0000] {processor.py:914} INFO - Processing file /home/airflow/.local/lib/python3.12/site-packages/airflow/example_dags/example_branch_python_dop_operator_3.py for tasks to queue
[2024-10-30T10:55:51.749+0000] {logging_mixin.py:190} INFO - [2024-10-30T10:55:51.749+0000] {dagbag.py:588} INFO - Filling up the DagBag from /home/airflow/.local/lib/python3.12/site-packages/airflow/example_dags/example_branch_python_dop_operator_3.py
[2024-10-30T10:55:51.756+0000] {processor.py:925} INFO - DAG(s) 'example_branch_dop_operator_v3' retrieved from /home/airflow/.local/lib/python3.12/site-packages/airflow/example_dags/example_branch_python_dop_operator_3.py
[2024-10-30T10:55:51.770+0000] {logging_mixin.py:190} INFO - [2024-10-30T10:55:51.770+0000] {dag.py:3239} INFO - Sync 1 DAGs
[2024-10-30T10:55:51.788+0000] {logging_mixin.py:190} INFO - [2024-10-30T10:55:51.788+0000] {dag.py:4180} INFO - Setting next_dagrun for example_branch_dop_operator_v3 to 2024-10-30 10:54:00+00:00, run_after=2024-10-30 10:55:00+00:00
[2024-10-30T10:55:51.800+0000] {processor.py:208} INFO - Processing /home/airflow/.local/lib/python3.12/site-packages/airflow/example_dags/example_branch_python_dop_operator_3.py took 0.060 seconds
[2024-10-30T10:56:22.649+0000] {processor.py:186} INFO - Started process (PID=588) to work on /home/airflow/.local/lib/python3.12/site-packages/airflow/example_dags/example_branch_python_dop_operator_3.py
[2024-10-30T10:56:22.650+0000] {processor.py:914} INFO - Processing file /home/airflow/.local/lib/python3.12/site-packages/airflow/example_dags/example_branch_python_dop_operator_3.py for tasks to queue
[2024-10-30T10:56:22.652+0000] {logging_mixin.py:190} INFO - [2024-10-30T10:56:22.652+0000] {dagbag.py:588} INFO - Filling up the DagBag from /home/airflow/.local/lib/python3.12/site-packages/airflow/example_dags/example_branch_python_dop_operator_3.py
[2024-10-30T10:56:22.659+0000] {processor.py:925} INFO - DAG(s) 'example_branch_dop_operator_v3' retrieved from /home/airflow/.local/lib/python3.12/site-packages/airflow/example_dags/example_branch_python_dop_operator_3.py
[2024-10-30T10:56:22.673+0000] {logging_mixin.py:190} INFO - [2024-10-30T10:56:22.673+0000] {dag.py:3239} INFO - Sync 1 DAGs
[2024-10-30T10:56:22.689+0000] {logging_mixin.py:190} INFO - [2024-10-30T10:56:22.689+0000] {dag.py:4180} INFO - Setting next_dagrun for example_branch_dop_operator_v3 to 2024-10-30 10:55:00+00:00, run_after=2024-10-30 10:56:00+00:00
[2024-10-30T10:56:22.707+0000] {processor.py:208} INFO - Processing /home/airflow/.local/lib/python3.12/site-packages/airflow/example_dags/example_branch_python_dop_operator_3.py took 0.064 seconds
[2024-10-30T10:56:53.480+0000] {processor.py:186} INFO - Started process (PID=650) to work on /home/airflow/.local/lib/python3.12/site-packages/airflow/example_dags/example_branch_python_dop_operator_3.py
[2024-10-30T10:56:53.481+0000] {processor.py:914} INFO - Processing file /home/airflow/.local/lib/python3.12/site-packages/airflow/example_dags/example_branch_python_dop_operator_3.py for tasks to queue
[2024-10-30T10:56:53.483+0000] {logging_mixin.py:190} INFO - [2024-10-30T10:56:53.483+0000] {dagbag.py:588} INFO - Filling up the DagBag from /home/airflow/.local/lib/python3.12/site-packages/airflow/example_dags/example_branch_python_dop_operator_3.py
[2024-10-30T10:56:53.490+0000] {processor.py:925} INFO - DAG(s) 'example_branch_dop_operator_v3' retrieved from /home/airflow/.local/lib/python3.12/site-packages/airflow/example_dags/example_branch_python_dop_operator_3.py
[2024-10-30T10:56:53.504+0000] {logging_mixin.py:190} INFO - [2024-10-30T10:56:53.504+0000] {dag.py:3239} INFO - Sync 1 DAGs
[2024-10-30T10:56:53.520+0000] {logging_mixin.py:190} INFO - [2024-10-30T10:56:53.520+0000] {dag.py:4180} INFO - Setting next_dagrun for example_branch_dop_operator_v3 to 2024-10-30 10:55:00+00:00, run_after=2024-10-30 10:56:00+00:00
[2024-10-30T10:56:53.532+0000] {processor.py:208} INFO - Processing /home/airflow/.local/lib/python3.12/site-packages/airflow/example_dags/example_branch_python_dop_operator_3.py took 0.056 seconds
[2024-10-30T10:57:24.291+0000] {processor.py:186} INFO - Started process (PID=712) to work on /home/airflow/.local/lib/python3.12/site-packages/airflow/example_dags/example_branch_python_dop_operator_3.py
[2024-10-30T10:57:24.292+0000] {processor.py:914} INFO - Processing file /home/airflow/.local/lib/python3.12/site-packages/airflow/example_dags/example_branch_python_dop_operator_3.py for tasks to queue
[2024-10-30T10:57:24.293+0000] {logging_mixin.py:190} INFO - [2024-10-30T10:57:24.293+0000] {dagbag.py:588} INFO - Filling up the DagBag from /home/airflow/.local/lib/python3.12/site-packages/airflow/example_dags/example_branch_python_dop_operator_3.py
[2024-10-30T10:57:24.300+0000] {processor.py:925} INFO - DAG(s) 'example_branch_dop_operator_v3' retrieved from /home/airflow/.local/lib/python3.12/site-packages/airflow/example_dags/example_branch_python_dop_operator_3.py
[2024-10-30T10:57:24.313+0000] {logging_mixin.py:190} INFO - [2024-10-30T10:57:24.313+0000] {dag.py:3239} INFO - Sync 1 DAGs
[2024-10-30T10:57:24.330+0000] {logging_mixin.py:190} INFO - [2024-10-30T10:57:24.330+0000] {dag.py:4180} INFO - Setting next_dagrun for example_branch_dop_operator_v3 to 2024-10-30 10:56:00+00:00, run_after=2024-10-30 10:57:00+00:00
[2024-10-30T10:57:24.345+0000] {processor.py:208} INFO - Processing /home/airflow/.local/lib/python3.12/site-packages/airflow/example_dags/example_branch_python_dop_operator_3.py took 0.058 seconds
[2024-10-30T10:57:55.065+0000] {processor.py:186} INFO - Started process (PID=774) to work on /home/airflow/.local/lib/python3.12/site-packages/airflow/example_dags/example_branch_python_dop_operator_3.py
[2024-10-30T10:57:55.066+0000] {processor.py:914} INFO - Processing file /home/airflow/.local/lib/python3.12/site-packages/airflow/example_dags/example_branch_python_dop_operator_3.py for tasks to queue
[2024-10-30T10:57:55.068+0000] {logging_mixin.py:190} INFO - [2024-10-30T10:57:55.068+0000] {dagbag.py:588} INFO - Filling up the DagBag from /home/airflow/.local/lib/python3.12/site-packages/airflow/example_dags/example_branch_python_dop_operator_3.py
[2024-10-30T10:57:55.075+0000] {processor.py:925} INFO - DAG(s) 'example_branch_dop_operator_v3' retrieved from /home/airflow/.local/lib/python3.12/site-packages/airflow/example_dags/example_branch_python_dop_operator_3.py
[2024-10-30T10:57:55.087+0000] {logging_mixin.py:190} INFO - [2024-10-30T10:57:55.087+0000] {dag.py:3239} INFO - Sync 1 DAGs
[2024-10-30T10:57:55.104+0000] {logging_mixin.py:190} INFO - [2024-10-30T10:57:55.104+0000] {dag.py:4180} INFO - Setting next_dagrun for example_branch_dop_operator_v3 to 2024-10-30 10:56:00+00:00, run_after=2024-10-30 10:57:00+00:00
[2024-10-30T10:57:55.116+0000] {processor.py:208} INFO - Processing /home/airflow/.local/lib/python3.12/site-packages/airflow/example_dags/example_branch_python_dop_operator_3.py took 0.055 seconds
[2024-10-30T10:58:25.913+0000] {processor.py:186} INFO - Started process (PID=835) to work on /home/airflow/.local/lib/python3.12/site-packages/airflow/example_dags/example_branch_python_dop_operator_3.py
[2024-10-30T10:58:25.914+0000] {processor.py:914} INFO - Processing file /home/airflow/.local/lib/python3.12/site-packages/airflow/example_dags/example_branch_python_dop_operator_3.py for tasks to queue
[2024-10-30T10:58:25.916+0000] {logging_mixin.py:190} INFO - [2024-10-30T10:58:25.916+0000] {dagbag.py:588} INFO - Filling up the DagBag from /home/airflow/.local/lib/python3.12/site-packages/airflow/example_dags/example_branch_python_dop_operator_3.py
[2024-10-30T10:58:25.922+0000] {processor.py:925} INFO - DAG(s) 'example_branch_dop_operator_v3' retrieved from /home/airflow/.local/lib/python3.12/site-packages/airflow/example_dags/example_branch_python_dop_operator_3.py
[2024-10-30T10:58:25.935+0000] {logging_mixin.py:190} INFO - [2024-10-30T10:58:25.935+0000] {dag.py:3239} INFO - Sync 1 DAGs
[2024-10-30T10:58:25.951+0000] {logging_mixin.py:190} INFO - [2024-10-30T10:58:25.951+0000] {dag.py:4180} INFO - Setting next_dagrun for example_branch_dop_operator_v3 to 2024-10-30 10:57:00+00:00, run_after=2024-10-30 10:58:00+00:00
[2024-10-30T10:58:25.962+0000] {processor.py:208} INFO - Processing /home/airflow/.local/lib/python3.12/site-packages/airflow/example_dags/example_branch_python_dop_operator_3.py took 0.052 seconds
[2024-10-30T10:58:56.700+0000] {processor.py:186} INFO - Started process (PID=897) to work on /home/airflow/.local/lib/python3.12/site-packages/airflow/example_dags/example_branch_python_dop_operator_3.py
[2024-10-30T10:58:56.701+0000] {processor.py:914} INFO - Processing file /home/airflow/.local/lib/python3.12/site-packages/airflow/example_dags/example_branch_python_dop_operator_3.py for tasks to queue
[2024-10-30T10:58:56.702+0000] {logging_mixin.py:190} INFO - [2024-10-30T10:58:56.702+0000] {dagbag.py:588} INFO - Filling up the DagBag from /home/airflow/.local/lib/python3.12/site-packages/airflow/example_dags/example_branch_python_dop_operator_3.py
[2024-10-30T10:58:56.709+0000] {processor.py:925} INFO - DAG(s) 'example_branch_dop_operator_v3' retrieved from /home/airflow/.local/lib/python3.12/site-packages/airflow/example_dags/example_branch_python_dop_operator_3.py
[2024-10-30T10:58:56.723+0000] {logging_mixin.py:190} INFO - [2024-10-30T10:58:56.722+0000] {dag.py:3239} INFO - Sync 1 DAGs
[2024-10-30T10:58:56.740+0000] {logging_mixin.py:190} INFO - [2024-10-30T10:58:56.739+0000] {dag.py:4180} INFO - Setting next_dagrun for example_branch_dop_operator_v3 to 2024-10-30 10:57:00+00:00, run_after=2024-10-30 10:58:00+00:00
[2024-10-30T10:58:56.755+0000] {processor.py:208} INFO - Processing /home/airflow/.local/lib/python3.12/site-packages/airflow/example_dags/example_branch_python_dop_operator_3.py took 0.060 seconds
[2024-10-30T10:59:27.367+0000] {processor.py:186} INFO - Started process (PID=959) to work on /home/airflow/.local/lib/python3.12/site-packages/airflow/example_dags/example_branch_python_dop_operator_3.py
[2024-10-30T10:59:27.368+0000] {processor.py:914} INFO - Processing file /home/airflow/.local/lib/python3.12/site-packages/airflow/example_dags/example_branch_python_dop_operator_3.py for tasks to queue
[2024-10-30T10:59:27.369+0000] {logging_mixin.py:190} INFO - [2024-10-30T10:59:27.369+0000] {dagbag.py:588} INFO - Filling up the DagBag from /home/airflow/.local/lib/python3.12/site-packages/airflow/example_dags/example_branch_python_dop_operator_3.py
[2024-10-30T10:59:27.376+0000] {processor.py:925} INFO - DAG(s) 'example_branch_dop_operator_v3' retrieved from /home/airflow/.local/lib/python3.12/site-packages/airflow/example_dags/example_branch_python_dop_operator_3.py
[2024-10-30T10:59:27.388+0000] {logging_mixin.py:190} INFO - [2024-10-30T10:59:27.388+0000] {dag.py:3239} INFO - Sync 1 DAGs
[2024-10-30T10:59:27.403+0000] {logging_mixin.py:190} INFO - [2024-10-30T10:59:27.403+0000] {dag.py:4180} INFO - Setting next_dagrun for example_branch_dop_operator_v3 to 2024-10-30 10:58:00+00:00, run_after=2024-10-30 10:59:00+00:00
[2024-10-30T10:59:27.415+0000] {processor.py:208} INFO - Processing /home/airflow/.local/lib/python3.12/site-packages/airflow/example_dags/example_branch_python_dop_operator_3.py took 0.052 seconds
[2024-10-30T10:59:58.236+0000] {processor.py:186} INFO - Started process (PID=1021) to work on /home/airflow/.local/lib/python3.12/site-packages/airflow/example_dags/example_branch_python_dop_operator_3.py
[2024-10-30T10:59:58.238+0000] {processor.py:914} INFO - Processing file /home/airflow/.local/lib/python3.12/site-packages/airflow/example_dags/example_branch_python_dop_operator_3.py for tasks to queue
[2024-10-30T10:59:58.243+0000] {logging_mixin.py:190} INFO - [2024-10-30T10:59:58.243+0000] {dagbag.py:588} INFO - Filling up the DagBag from /home/airflow/.local/lib/python3.12/site-packages/airflow/example_dags/example_branch_python_dop_operator_3.py
[2024-10-30T10:59:58.252+0000] {processor.py:925} INFO - DAG(s) 'example_branch_dop_operator_v3' retrieved from /home/airflow/.local/lib/python3.12/site-packages/airflow/example_dags/example_branch_python_dop_operator_3.py
[2024-10-30T10:59:58.265+0000] {logging_mixin.py:190} INFO - [2024-10-30T10:59:58.265+0000] {dag.py:3239} INFO - Sync 1 DAGs
[2024-10-30T10:59:58.281+0000] {logging_mixin.py:190} INFO - [2024-10-30T10:59:58.281+0000] {dag.py:4180} INFO - Setting next_dagrun for example_branch_dop_operator_v3 to 2024-10-30 10:58:00+00:00, run_after=2024-10-30 10:59:00+00:00
[2024-10-30T10:59:58.292+0000] {processor.py:208} INFO - Processing /home/airflow/.local/lib/python3.12/site-packages/airflow/example_dags/example_branch_python_dop_operator_3.py took 0.060 seconds
[2024-10-30T11:00:28.962+0000] {processor.py:186} INFO - Started process (PID=1083) to work on /home/airflow/.local/lib/python3.12/site-packages/airflow/example_dags/example_branch_python_dop_operator_3.py
[2024-10-30T11:00:28.963+0000] {processor.py:914} INFO - Processing file /home/airflow/.local/lib/python3.12/site-packages/airflow/example_dags/example_branch_python_dop_operator_3.py for tasks to queue
[2024-10-30T11:00:28.965+0000] {logging_mixin.py:190} INFO - [2024-10-30T11:00:28.965+0000] {dagbag.py:588} INFO - Filling up the DagBag from /home/airflow/.local/lib/python3.12/site-packages/airflow/example_dags/example_branch_python_dop_operator_3.py
[2024-10-30T11:00:28.972+0000] {processor.py:925} INFO - DAG(s) 'example_branch_dop_operator_v3' retrieved from /home/airflow/.local/lib/python3.12/site-packages/airflow/example_dags/example_branch_python_dop_operator_3.py
[2024-10-30T11:00:28.985+0000] {logging_mixin.py:190} INFO - [2024-10-30T11:00:28.984+0000] {dag.py:3239} INFO - Sync 1 DAGs
[2024-10-30T11:00:29.000+0000] {logging_mixin.py:190} INFO - [2024-10-30T11:00:29.000+0000] {dag.py:4180} INFO - Setting next_dagrun for example_branch_dop_operator_v3 to 2024-10-30 10:59:00+00:00, run_after=2024-10-30 11:00:00+00:00
[2024-10-30T11:00:29.011+0000] {processor.py:208} INFO - Processing /home/airflow/.local/lib/python3.12/site-packages/airflow/example_dags/example_branch_python_dop_operator_3.py took 0.053 seconds
[2024-10-30T11:00:59.874+0000] {processor.py:186} INFO - Started process (PID=1145) to work on /home/airflow/.local/lib/python3.12/site-packages/airflow/example_dags/example_branch_python_dop_operator_3.py
[2024-10-30T11:00:59.875+0000] {processor.py:914} INFO - Processing file /home/airflow/.local/lib/python3.12/site-packages/airflow/example_dags/example_branch_python_dop_operator_3.py for tasks to queue
[2024-10-30T11:00:59.877+0000] {logging_mixin.py:190} INFO - [2024-10-30T11:00:59.877+0000] {dagbag.py:588} INFO - Filling up the DagBag from /home/airflow/.local/lib/python3.12/site-packages/airflow/example_dags/example_branch_python_dop_operator_3.py
[2024-10-30T11:00:59.884+0000] {processor.py:925} INFO - DAG(s) 'example_branch_dop_operator_v3' retrieved from /home/airflow/.local/lib/python3.12/site-packages/airflow/example_dags/example_branch_python_dop_operator_3.py
[2024-10-30T11:00:59.897+0000] {logging_mixin.py:190} INFO - [2024-10-30T11:00:59.897+0000] {dag.py:3239} INFO - Sync 1 DAGs
[2024-10-30T11:00:59.913+0000] {logging_mixin.py:190} INFO - [2024-10-30T11:00:59.913+0000] {dag.py:4180} INFO - Setting next_dagrun for example_branch_dop_operator_v3 to 2024-10-30 10:59:00+00:00, run_after=2024-10-30 11:00:00+00:00
[2024-10-30T11:00:59.924+0000] {processor.py:208} INFO - Processing /home/airflow/.local/lib/python3.12/site-packages/airflow/example_dags/example_branch_python_dop_operator_3.py took 0.054 seconds
[2024-10-30T11:01:30.489+0000] {processor.py:186} INFO - Started process (PID=1207) to work on /home/airflow/.local/lib/python3.12/site-packages/airflow/example_dags/example_branch_python_dop_operator_3.py
[2024-10-30T11:01:30.490+0000] {processor.py:914} INFO - Processing file /home/airflow/.local/lib/python3.12/site-packages/airflow/example_dags/example_branch_python_dop_operator_3.py for tasks to queue
[2024-10-30T11:01:30.492+0000] {logging_mixin.py:190} INFO - [2024-10-30T11:01:30.492+0000] {dagbag.py:588} INFO - Filling up the DagBag from /home/airflow/.local/lib/python3.12/site-packages/airflow/example_dags/example_branch_python_dop_operator_3.py
[2024-10-30T11:01:30.498+0000] {processor.py:925} INFO - DAG(s) 'example_branch_dop_operator_v3' retrieved from /home/airflow/.local/lib/python3.12/site-packages/airflow/example_dags/example_branch_python_dop_operator_3.py
[2024-10-30T11:01:30.510+0000] {logging_mixin.py:190} INFO - [2024-10-30T11:01:30.510+0000] {dag.py:3239} INFO - Sync 1 DAGs
[2024-10-30T11:01:30.525+0000] {logging_mixin.py:190} INFO - [2024-10-30T11:01:30.525+0000] {dag.py:4180} INFO - Setting next_dagrun for example_branch_dop_operator_v3 to 2024-10-30 11:00:00+00:00, run_after=2024-10-30 11:01:00+00:00
[2024-10-30T11:01:30.537+0000] {processor.py:208} INFO - Processing /home/airflow/.local/lib/python3.12/site-packages/airflow/example_dags/example_branch_python_dop_operator_3.py took 0.051 seconds
[2024-10-30T11:02:01.373+0000] {processor.py:186} INFO - Started process (PID=1269) to work on /home/airflow/.local/lib/python3.12/site-packages/airflow/example_dags/example_branch_python_dop_operator_3.py
[2024-10-30T11:02:01.374+0000] {processor.py:914} INFO - Processing file /home/airflow/.local/lib/python3.12/site-packages/airflow/example_dags/example_branch_python_dop_operator_3.py for tasks to queue
[2024-10-30T11:02:01.376+0000] {logging_mixin.py:190} INFO - [2024-10-30T11:02:01.376+0000] {dagbag.py:588} INFO - Filling up the DagBag from /home/airflow/.local/lib/python3.12/site-packages/airflow/example_dags/example_branch_python_dop_operator_3.py
[2024-10-30T11:02:01.383+0000] {processor.py:925} INFO - DAG(s) 'example_branch_dop_operator_v3' retrieved from /home/airflow/.local/lib/python3.12/site-packages/airflow/example_dags/example_branch_python_dop_operator_3.py
[2024-10-30T11:02:01.396+0000] {logging_mixin.py:190} INFO - [2024-10-30T11:02:01.396+0000] {dag.py:3239} INFO - Sync 1 DAGs
[2024-10-30T11:02:01.435+0000] {logging_mixin.py:190} INFO - [2024-10-30T11:02:01.435+0000] {dag.py:4180} INFO - Setting next_dagrun for example_branch_dop_operator_v3 to 2024-10-30 11:01:00+00:00, run_after=2024-10-30 11:02:00+00:00
[2024-10-30T11:02:01.447+0000] {processor.py:208} INFO - Processing /home/airflow/.local/lib/python3.12/site-packages/airflow/example_dags/example_branch_python_dop_operator_3.py took 0.078 seconds
[2024-10-30T11:02:32.211+0000] {processor.py:186} INFO - Started process (PID=1330) to work on /home/airflow/.local/lib/python3.12/site-packages/airflow/example_dags/example_branch_python_dop_operator_3.py
[2024-10-30T11:02:32.212+0000] {processor.py:914} INFO - Processing file /home/airflow/.local/lib/python3.12/site-packages/airflow/example_dags/example_branch_python_dop_operator_3.py for tasks to queue
[2024-10-30T11:02:32.214+0000] {logging_mixin.py:190} INFO - [2024-10-30T11:02:32.214+0000] {dagbag.py:588} INFO - Filling up the DagBag from /home/airflow/.local/lib/python3.12/site-packages/airflow/example_dags/example_branch_python_dop_operator_3.py
[2024-10-30T11:02:32.221+0000] {processor.py:925} INFO - DAG(s) 'example_branch_dop_operator_v3' retrieved from /home/airflow/.local/lib/python3.12/site-packages/airflow/example_dags/example_branch_python_dop_operator_3.py
[2024-10-30T11:02:32.234+0000] {logging_mixin.py:190} INFO - [2024-10-30T11:02:32.234+0000] {dag.py:3239} INFO - Sync 1 DAGs
[2024-10-30T11:02:32.251+0000] {logging_mixin.py:190} INFO - [2024-10-30T11:02:32.251+0000] {dag.py:4180} INFO - Setting next_dagrun for example_branch_dop_operator_v3 to 2024-10-30 11:01:00+00:00, run_after=2024-10-30 11:02:00+00:00
[2024-10-30T11:02:32.262+0000] {processor.py:208} INFO - Processing /home/airflow/.local/lib/python3.12/site-packages/airflow/example_dags/example_branch_python_dop_operator_3.py took 0.055 seconds
[2024-10-30T11:03:03.196+0000] {processor.py:186} INFO - Started process (PID=1392) to work on /home/airflow/.local/lib/python3.12/site-packages/airflow/example_dags/example_branch_python_dop_operator_3.py
[2024-10-30T11:03:03.197+0000] {processor.py:914} INFO - Processing file /home/airflow/.local/lib/python3.12/site-packages/airflow/example_dags/example_branch_python_dop_operator_3.py for tasks to queue
[2024-10-30T11:03:03.198+0000] {logging_mixin.py:190} INFO - [2024-10-30T11:03:03.198+0000] {dagbag.py:588} INFO - Filling up the DagBag from /home/airflow/.local/lib/python3.12/site-packages/airflow/example_dags/example_branch_python_dop_operator_3.py
[2024-10-30T11:03:03.206+0000] {processor.py:925} INFO - DAG(s) 'example_branch_dop_operator_v3' retrieved from /home/airflow/.local/lib/python3.12/site-packages/airflow/example_dags/example_branch_python_dop_operator_3.py
[2024-10-30T11:03:03.220+0000] {logging_mixin.py:190} INFO - [2024-10-30T11:03:03.220+0000] {dag.py:3239} INFO - Sync 1 DAGs
[2024-10-30T11:03:03.238+0000] {logging_mixin.py:190} INFO - [2024-10-30T11:03:03.238+0000] {dag.py:4180} INFO - Setting next_dagrun for example_branch_dop_operator_v3 to 2024-10-30 11:02:00+00:00, run_after=2024-10-30 11:03:00+00:00
[2024-10-30T11:03:03.249+0000] {processor.py:208} INFO - Processing /home/airflow/.local/lib/python3.12/site-packages/airflow/example_dags/example_branch_python_dop_operator_3.py took 0.058 seconds
[2024-10-30T11:03:33.947+0000] {processor.py:186} INFO - Started process (PID=1454) to work on /home/airflow/.local/lib/python3.12/site-packages/airflow/example_dags/example_branch_python_dop_operator_3.py
[2024-10-30T11:03:33.948+0000] {processor.py:914} INFO - Processing file /home/airflow/.local/lib/python3.12/site-packages/airflow/example_dags/example_branch_python_dop_operator_3.py for tasks to queue
[2024-10-30T11:03:33.950+0000] {logging_mixin.py:190} INFO - [2024-10-30T11:03:33.950+0000] {dagbag.py:588} INFO - Filling up the DagBag from /home/airflow/.local/lib/python3.12/site-packages/airflow/example_dags/example_branch_python_dop_operator_3.py
[2024-10-30T11:03:33.958+0000] {processor.py:925} INFO - DAG(s) 'example_branch_dop_operator_v3' retrieved from /home/airflow/.local/lib/python3.12/site-packages/airflow/example_dags/example_branch_python_dop_operator_3.py
[2024-10-30T11:03:33.977+0000] {logging_mixin.py:190} INFO - [2024-10-30T11:03:33.977+0000] {dag.py:3239} INFO - Sync 1 DAGs
[2024-10-30T11:03:33.995+0000] {logging_mixin.py:190} INFO - [2024-10-30T11:03:33.995+0000] {dag.py:4180} INFO - Setting next_dagrun for example_branch_dop_operator_v3 to 2024-10-30 11:02:00+00:00, run_after=2024-10-30 11:03:00+00:00
[2024-10-30T11:03:34.006+0000] {processor.py:208} INFO - Processing /home/airflow/.local/lib/python3.12/site-packages/airflow/example_dags/example_branch_python_dop_operator_3.py took 0.064 seconds
[2024-10-30T11:04:04.642+0000] {processor.py:186} INFO - Started process (PID=1516) to work on /home/airflow/.local/lib/python3.12/site-packages/airflow/example_dags/example_branch_python_dop_operator_3.py
[2024-10-30T11:04:04.643+0000] {processor.py:914} INFO - Processing file /home/airflow/.local/lib/python3.12/site-packages/airflow/example_dags/example_branch_python_dop_operator_3.py for tasks to queue
[2024-10-30T11:04:04.647+0000] {logging_mixin.py:190} INFO - [2024-10-30T11:04:04.647+0000] {dagbag.py:588} INFO - Filling up the DagBag from /home/airflow/.local/lib/python3.12/site-packages/airflow/example_dags/example_branch_python_dop_operator_3.py
[2024-10-30T11:04:04.653+0000] {processor.py:925} INFO - DAG(s) 'example_branch_dop_operator_v3' retrieved from /home/airflow/.local/lib/python3.12/site-packages/airflow/example_dags/example_branch_python_dop_operator_3.py
[2024-10-30T11:04:04.666+0000] {logging_mixin.py:190} INFO - [2024-10-30T11:04:04.666+0000] {dag.py:3239} INFO - Sync 1 DAGs
[2024-10-30T11:04:04.682+0000] {logging_mixin.py:190} INFO - [2024-10-30T11:04:04.682+0000] {dag.py:4180} INFO - Setting next_dagrun for example_branch_dop_operator_v3 to 2024-10-30 11:03:00+00:00, run_after=2024-10-30 11:04:00+00:00
[2024-10-30T11:04:04.696+0000] {processor.py:208} INFO - Processing /home/airflow/.local/lib/python3.12/site-packages/airflow/example_dags/example_branch_python_dop_operator_3.py took 0.060 seconds
[2024-10-30T11:04:34.793+0000] {processor.py:186} INFO - Started process (PID=1578) to work on /home/airflow/.local/lib/python3.12/site-packages/airflow/example_dags/example_branch_python_dop_operator_3.py
[2024-10-30T11:04:34.794+0000] {processor.py:914} INFO - Processing file /home/airflow/.local/lib/python3.12/site-packages/airflow/example_dags/example_branch_python_dop_operator_3.py for tasks to queue
[2024-10-30T11:04:34.796+0000] {logging_mixin.py:190} INFO - [2024-10-30T11:04:34.796+0000] {dagbag.py:588} INFO - Filling up the DagBag from /home/airflow/.local/lib/python3.12/site-packages/airflow/example_dags/example_branch_python_dop_operator_3.py
[2024-10-30T11:04:34.803+0000] {processor.py:925} INFO - DAG(s) 'example_branch_dop_operator_v3' retrieved from /home/airflow/.local/lib/python3.12/site-packages/airflow/example_dags/example_branch_python_dop_operator_3.py
[2024-10-30T11:04:34.818+0000] {logging_mixin.py:190} INFO - [2024-10-30T11:04:34.818+0000] {dag.py:3239} INFO - Sync 1 DAGs
[2024-10-30T11:04:34.836+0000] {logging_mixin.py:190} INFO - [2024-10-30T11:04:34.836+0000] {dag.py:4180} INFO - Setting next_dagrun for example_branch_dop_operator_v3 to 2024-10-30 11:03:00+00:00, run_after=2024-10-30 11:04:00+00:00
[2024-10-30T11:04:34.850+0000] {processor.py:208} INFO - Processing /home/airflow/.local/lib/python3.12/site-packages/airflow/example_dags/example_branch_python_dop_operator_3.py took 0.060 seconds
[2024-10-30T11:05:05.768+0000] {processor.py:186} INFO - Started process (PID=1640) to work on /home/airflow/.local/lib/python3.12/site-packages/airflow/example_dags/example_branch_python_dop_operator_3.py
[2024-10-30T11:05:05.770+0000] {processor.py:914} INFO - Processing file /home/airflow/.local/lib/python3.12/site-packages/airflow/example_dags/example_branch_python_dop_operator_3.py for tasks to queue
[2024-10-30T11:05:05.772+0000] {logging_mixin.py:190} INFO - [2024-10-30T11:05:05.772+0000] {dagbag.py:588} INFO - Filling up the DagBag from /home/airflow/.local/lib/python3.12/site-packages/airflow/example_dags/example_branch_python_dop_operator_3.py
[2024-10-30T11:05:05.779+0000] {processor.py:925} INFO - DAG(s) 'example_branch_dop_operator_v3' retrieved from /home/airflow/.local/lib/python3.12/site-packages/airflow/example_dags/example_branch_python_dop_operator_3.py
[2024-10-30T11:05:05.792+0000] {logging_mixin.py:190} INFO - [2024-10-30T11:05:05.791+0000] {dag.py:3239} INFO - Sync 1 DAGs
[2024-10-30T11:05:05.808+0000] {logging_mixin.py:190} INFO - [2024-10-30T11:05:05.807+0000] {dag.py:4180} INFO - Setting next_dagrun for example_branch_dop_operator_v3 to 2024-10-30 11:04:00+00:00, run_after=2024-10-30 11:05:00+00:00
[2024-10-30T11:05:05.820+0000] {processor.py:208} INFO - Processing /home/airflow/.local/lib/python3.12/site-packages/airflow/example_dags/example_branch_python_dop_operator_3.py took 0.056 seconds
[2024-10-30T11:05:36.549+0000] {processor.py:186} INFO - Started process (PID=1702) to work on /home/airflow/.local/lib/python3.12/site-packages/airflow/example_dags/example_branch_python_dop_operator_3.py
[2024-10-30T11:05:36.550+0000] {processor.py:914} INFO - Processing file /home/airflow/.local/lib/python3.12/site-packages/airflow/example_dags/example_branch_python_dop_operator_3.py for tasks to queue
[2024-10-30T11:05:36.552+0000] {logging_mixin.py:190} INFO - [2024-10-30T11:05:36.552+0000] {dagbag.py:588} INFO - Filling up the DagBag from /home/airflow/.local/lib/python3.12/site-packages/airflow/example_dags/example_branch_python_dop_operator_3.py
[2024-10-30T11:05:36.561+0000] {processor.py:925} INFO - DAG(s) 'example_branch_dop_operator_v3' retrieved from /home/airflow/.local/lib/python3.12/site-packages/airflow/example_dags/example_branch_python_dop_operator_3.py
[2024-10-30T11:05:36.577+0000] {logging_mixin.py:190} INFO - [2024-10-30T11:05:36.577+0000] {dag.py:3239} INFO - Sync 1 DAGs
[2024-10-30T11:05:36.594+0000] {logging_mixin.py:190} INFO - [2024-10-30T11:05:36.594+0000] {dag.py:4180} INFO - Setting next_dagrun for example_branch_dop_operator_v3 to 2024-10-30 11:04:00+00:00, run_after=2024-10-30 11:05:00+00:00
[2024-10-30T11:05:36.605+0000] {processor.py:208} INFO - Processing /home/airflow/.local/lib/python3.12/site-packages/airflow/example_dags/example_branch_python_dop_operator_3.py took 0.062 seconds
[2024-10-30T11:06:07.630+0000] {processor.py:186} INFO - Started process (PID=1764) to work on /home/airflow/.local/lib/python3.12/site-packages/airflow/example_dags/example_branch_python_dop_operator_3.py
[2024-10-30T11:06:07.631+0000] {processor.py:914} INFO - Processing file /home/airflow/.local/lib/python3.12/site-packages/airflow/example_dags/example_branch_python_dop_operator_3.py for tasks to queue
[2024-10-30T11:06:07.633+0000] {logging_mixin.py:190} INFO - [2024-10-30T11:06:07.633+0000] {dagbag.py:588} INFO - Filling up the DagBag from /home/airflow/.local/lib/python3.12/site-packages/airflow/example_dags/example_branch_python_dop_operator_3.py
[2024-10-30T11:06:07.640+0000] {processor.py:925} INFO - DAG(s) 'example_branch_dop_operator_v3' retrieved from /home/airflow/.local/lib/python3.12/site-packages/airflow/example_dags/example_branch_python_dop_operator_3.py
[2024-10-30T11:06:07.653+0000] {logging_mixin.py:190} INFO - [2024-10-30T11:06:07.653+0000] {dag.py:3239} INFO - Sync 1 DAGs
[2024-10-30T11:06:07.670+0000] {logging_mixin.py:190} INFO - [2024-10-30T11:06:07.670+0000] {dag.py:4180} INFO - Setting next_dagrun for example_branch_dop_operator_v3 to 2024-10-30 11:05:00+00:00, run_after=2024-10-30 11:06:00+00:00
[2024-10-30T11:06:07.683+0000] {processor.py:208} INFO - Processing /home/airflow/.local/lib/python3.12/site-packages/airflow/example_dags/example_branch_python_dop_operator_3.py took 0.057 seconds
[2024-10-30T11:06:38.596+0000] {processor.py:186} INFO - Started process (PID=1826) to work on /home/airflow/.local/lib/python3.12/site-packages/airflow/example_dags/example_branch_python_dop_operator_3.py
[2024-10-30T11:06:38.597+0000] {processor.py:914} INFO - Processing file /home/airflow/.local/lib/python3.12/site-packages/airflow/example_dags/example_branch_python_dop_operator_3.py for tasks to queue
[2024-10-30T11:06:38.599+0000] {logging_mixin.py:190} INFO - [2024-10-30T11:06:38.598+0000] {dagbag.py:588} INFO - Filling up the DagBag from /home/airflow/.local/lib/python3.12/site-packages/airflow/example_dags/example_branch_python_dop_operator_3.py
[2024-10-30T11:06:38.606+0000] {processor.py:925} INFO - DAG(s) 'example_branch_dop_operator_v3' retrieved from /home/airflow/.local/lib/python3.12/site-packages/airflow/example_dags/example_branch_python_dop_operator_3.py
[2024-10-30T11:06:38.619+0000] {logging_mixin.py:190} INFO - [2024-10-30T11:06:38.619+0000] {dag.py:3239} INFO - Sync 1 DAGs
[2024-10-30T11:06:38.636+0000] {logging_mixin.py:190} INFO - [2024-10-30T11:06:38.636+0000] {dag.py:4180} INFO - Setting next_dagrun for example_branch_dop_operator_v3 to 2024-10-30 11:05:00+00:00, run_after=2024-10-30 11:06:00+00:00
[2024-10-30T11:06:38.649+0000] {processor.py:208} INFO - Processing /home/airflow/.local/lib/python3.12/site-packages/airflow/example_dags/example_branch_python_dop_operator_3.py took 0.057 seconds
[2024-10-30T11:07:09.102+0000] {processor.py:186} INFO - Started process (PID=1888) to work on /home/airflow/.local/lib/python3.12/site-packages/airflow/example_dags/example_branch_python_dop_operator_3.py
[2024-10-30T11:07:09.105+0000] {processor.py:914} INFO - Processing file /home/airflow/.local/lib/python3.12/site-packages/airflow/example_dags/example_branch_python_dop_operator_3.py for tasks to queue
[2024-10-30T11:07:09.107+0000] {logging_mixin.py:190} INFO - [2024-10-30T11:07:09.106+0000] {dagbag.py:588} INFO - Filling up the DagBag from /home/airflow/.local/lib/python3.12/site-packages/airflow/example_dags/example_branch_python_dop_operator_3.py
[2024-10-30T11:07:09.114+0000] {processor.py:925} INFO - DAG(s) 'example_branch_dop_operator_v3' retrieved from /home/airflow/.local/lib/python3.12/site-packages/airflow/example_dags/example_branch_python_dop_operator_3.py
[2024-10-30T11:07:09.128+0000] {logging_mixin.py:190} INFO - [2024-10-30T11:07:09.128+0000] {dag.py:3239} INFO - Sync 1 DAGs
[2024-10-30T11:07:09.149+0000] {logging_mixin.py:190} INFO - [2024-10-30T11:07:09.149+0000] {dag.py:4180} INFO - Setting next_dagrun for example_branch_dop_operator_v3 to 2024-10-30 11:06:00+00:00, run_after=2024-10-30 11:07:00+00:00
[2024-10-30T11:07:09.162+0000] {processor.py:208} INFO - Processing /home/airflow/.local/lib/python3.12/site-packages/airflow/example_dags/example_branch_python_dop_operator_3.py took 0.064 seconds
[2024-10-30T11:07:39.967+0000] {processor.py:186} INFO - Started process (PID=1950) to work on /home/airflow/.local/lib/python3.12/site-packages/airflow/example_dags/example_branch_python_dop_operator_3.py
[2024-10-30T11:07:39.970+0000] {processor.py:914} INFO - Processing file /home/airflow/.local/lib/python3.12/site-packages/airflow/example_dags/example_branch_python_dop_operator_3.py for tasks to queue
[2024-10-30T11:07:39.972+0000] {logging_mixin.py:190} INFO - [2024-10-30T11:07:39.972+0000] {dagbag.py:588} INFO - Filling up the DagBag from /home/airflow/.local/lib/python3.12/site-packages/airflow/example_dags/example_branch_python_dop_operator_3.py
[2024-10-30T11:07:39.982+0000] {processor.py:925} INFO - DAG(s) 'example_branch_dop_operator_v3' retrieved from /home/airflow/.local/lib/python3.12/site-packages/airflow/example_dags/example_branch_python_dop_operator_3.py
[2024-10-30T11:07:39.995+0000] {logging_mixin.py:190} INFO - [2024-10-30T11:07:39.995+0000] {dag.py:3239} INFO - Sync 1 DAGs
[2024-10-30T11:07:40.012+0000] {logging_mixin.py:190} INFO - [2024-10-30T11:07:40.012+0000] {dag.py:4180} INFO - Setting next_dagrun for example_branch_dop_operator_v3 to 2024-10-30 11:06:00+00:00, run_after=2024-10-30 11:07:00+00:00
[2024-10-30T11:07:40.030+0000] {processor.py:208} INFO - Processing /home/airflow/.local/lib/python3.12/site-packages/airflow/example_dags/example_branch_python_dop_operator_3.py took 0.067 seconds
[2024-10-30T11:08:10.801+0000] {processor.py:186} INFO - Started process (PID=2012) to work on /home/airflow/.local/lib/python3.12/site-packages/airflow/example_dags/example_branch_python_dop_operator_3.py
[2024-10-30T11:08:10.803+0000] {processor.py:914} INFO - Processing file /home/airflow/.local/lib/python3.12/site-packages/airflow/example_dags/example_branch_python_dop_operator_3.py for tasks to queue
[2024-10-30T11:08:10.804+0000] {logging_mixin.py:190} INFO - [2024-10-30T11:08:10.804+0000] {dagbag.py:588} INFO - Filling up the DagBag from /home/airflow/.local/lib/python3.12/site-packages/airflow/example_dags/example_branch_python_dop_operator_3.py
[2024-10-30T11:08:10.811+0000] {processor.py:925} INFO - DAG(s) 'example_branch_dop_operator_v3' retrieved from /home/airflow/.local/lib/python3.12/site-packages/airflow/example_dags/example_branch_python_dop_operator_3.py
[2024-10-30T11:08:10.826+0000] {logging_mixin.py:190} INFO - [2024-10-30T11:08:10.826+0000] {dag.py:3239} INFO - Sync 1 DAGs
[2024-10-30T11:08:10.844+0000] {logging_mixin.py:190} INFO - [2024-10-30T11:08:10.844+0000] {dag.py:4180} INFO - Setting next_dagrun for example_branch_dop_operator_v3 to 2024-10-30 11:07:00+00:00, run_after=2024-10-30 11:08:00+00:00
[2024-10-30T11:08:10.856+0000] {processor.py:208} INFO - Processing /home/airflow/.local/lib/python3.12/site-packages/airflow/example_dags/example_branch_python_dop_operator_3.py took 0.059 seconds
[2024-10-30T11:08:41.792+0000] {processor.py:186} INFO - Started process (PID=2074) to work on /home/airflow/.local/lib/python3.12/site-packages/airflow/example_dags/example_branch_python_dop_operator_3.py
[2024-10-30T11:08:41.793+0000] {processor.py:914} INFO - Processing file /home/airflow/.local/lib/python3.12/site-packages/airflow/example_dags/example_branch_python_dop_operator_3.py for tasks to queue
[2024-10-30T11:08:41.794+0000] {logging_mixin.py:190} INFO - [2024-10-30T11:08:41.794+0000] {dagbag.py:588} INFO - Filling up the DagBag from /home/airflow/.local/lib/python3.12/site-packages/airflow/example_dags/example_branch_python_dop_operator_3.py
[2024-10-30T11:08:41.801+0000] {processor.py:925} INFO - DAG(s) 'example_branch_dop_operator_v3' retrieved from /home/airflow/.local/lib/python3.12/site-packages/airflow/example_dags/example_branch_python_dop_operator_3.py
[2024-10-30T11:08:41.815+0000] {logging_mixin.py:190} INFO - [2024-10-30T11:08:41.815+0000] {dag.py:3239} INFO - Sync 1 DAGs
[2024-10-30T11:08:41.833+0000] {logging_mixin.py:190} INFO - [2024-10-30T11:08:41.833+0000] {dag.py:4180} INFO - Setting next_dagrun for example_branch_dop_operator_v3 to 2024-10-30 11:07:00+00:00, run_after=2024-10-30 11:08:00+00:00
[2024-10-30T11:08:41.845+0000] {processor.py:208} INFO - Processing /home/airflow/.local/lib/python3.12/site-packages/airflow/example_dags/example_branch_python_dop_operator_3.py took 0.057 seconds
[2024-10-30T11:09:12.629+0000] {processor.py:186} INFO - Started process (PID=2136) to work on /home/airflow/.local/lib/python3.12/site-packages/airflow/example_dags/example_branch_python_dop_operator_3.py
[2024-10-30T11:09:12.631+0000] {processor.py:914} INFO - Processing file /home/airflow/.local/lib/python3.12/site-packages/airflow/example_dags/example_branch_python_dop_operator_3.py for tasks to queue
[2024-10-30T11:09:12.632+0000] {logging_mixin.py:190} INFO - [2024-10-30T11:09:12.632+0000] {dagbag.py:588} INFO - Filling up the DagBag from /home/airflow/.local/lib/python3.12/site-packages/airflow/example_dags/example_branch_python_dop_operator_3.py
[2024-10-30T11:09:12.639+0000] {processor.py:925} INFO - DAG(s) 'example_branch_dop_operator_v3' retrieved from /home/airflow/.local/lib/python3.12/site-packages/airflow/example_dags/example_branch_python_dop_operator_3.py
[2024-10-30T11:09:12.652+0000] {logging_mixin.py:190} INFO - [2024-10-30T11:09:12.652+0000] {dag.py:3239} INFO - Sync 1 DAGs
[2024-10-30T11:09:12.668+0000] {logging_mixin.py:190} INFO - [2024-10-30T11:09:12.668+0000] {dag.py:4180} INFO - Setting next_dagrun for example_branch_dop_operator_v3 to 2024-10-30 11:08:00+00:00, run_after=2024-10-30 11:09:00+00:00
[2024-10-30T11:09:12.679+0000] {processor.py:208} INFO - Processing /home/airflow/.local/lib/python3.12/site-packages/airflow/example_dags/example_branch_python_dop_operator_3.py took 0.054 seconds
