[2024-10-30T10:52:15.049+0000] {processor.py:186} INFO - Started process (PID=82) to work on /home/airflow/.local/lib/python3.12/site-packages/airflow/example_dags/example_bash_operator.py
[2024-10-30T10:52:15.052+0000] {processor.py:914} INFO - Processing file /home/airflow/.local/lib/python3.12/site-packages/airflow/example_dags/example_bash_operator.py for tasks to queue
[2024-10-30T10:52:15.054+0000] {logging_mixin.py:190} INFO - [2024-10-30T10:52:15.054+0000] {dagbag.py:588} INFO - Filling up the DagBag from /home/airflow/.local/lib/python3.12/site-packages/airflow/example_dags/example_bash_operator.py
[2024-10-30T10:52:15.063+0000] {processor.py:925} INFO - DAG(s) 'example_bash_operator' retrieved from /home/airflow/.local/lib/python3.12/site-packages/airflow/example_dags/example_bash_operator.py
[2024-10-30T10:52:15.139+0000] {logging_mixin.py:190} INFO - [2024-10-30T10:52:15.138+0000] {override.py:1900} INFO - Created Permission View: can delete on DAG:example_bash_operator
[2024-10-30T10:52:15.148+0000] {logging_mixin.py:190} INFO - [2024-10-30T10:52:15.148+0000] {override.py:1900} INFO - Created Permission View: can read on DAG:example_bash_operator
[2024-10-30T10:52:15.152+0000] {logging_mixin.py:190} INFO - [2024-10-30T10:52:15.152+0000] {override.py:1900} INFO - Created Permission View: can edit on DAG:example_bash_operator
[2024-10-30T10:52:15.156+0000] {logging_mixin.py:190} INFO - [2024-10-30T10:52:15.156+0000] {override.py:1900} INFO - Created Permission View: can create on DAG Run:example_bash_operator
[2024-10-30T10:52:15.160+0000] {logging_mixin.py:190} INFO - [2024-10-30T10:52:15.159+0000] {override.py:1900} INFO - Created Permission View: can delete on DAG Run:example_bash_operator
[2024-10-30T10:52:15.172+0000] {logging_mixin.py:190} INFO - [2024-10-30T10:52:15.172+0000] {override.py:1900} INFO - Created Permission View: can read on DAG Run:example_bash_operator
[2024-10-30T10:52:15.181+0000] {logging_mixin.py:190} INFO - [2024-10-30T10:52:15.181+0000] {override.py:1900} INFO - Created Permission View: menu access on DAG Run:example_bash_operator
[2024-10-30T10:52:15.182+0000] {logging_mixin.py:190} INFO - [2024-10-30T10:52:15.182+0000] {dag.py:3239} INFO - Sync 1 DAGs
[2024-10-30T10:52:15.190+0000] {logging_mixin.py:190} INFO - [2024-10-30T10:52:15.190+0000] {dag.py:3262} INFO - Creating ORM DAG for example_bash_operator
[2024-10-30T10:52:15.198+0000] {logging_mixin.py:190} INFO - [2024-10-30T10:52:15.198+0000] {dag.py:4180} INFO - Setting next_dagrun for example_bash_operator to 2024-10-29 00:00:00+00:00, run_after=2024-10-30 00:00:00+00:00
[2024-10-30T10:52:15.211+0000] {processor.py:208} INFO - Processing /home/airflow/.local/lib/python3.12/site-packages/airflow/example_dags/example_bash_operator.py took 0.170 seconds
[2024-10-30T10:52:45.756+0000] {processor.py:186} INFO - Started process (PID=144) to work on /home/airflow/.local/lib/python3.12/site-packages/airflow/example_dags/example_bash_operator.py
[2024-10-30T10:52:45.760+0000] {processor.py:914} INFO - Processing file /home/airflow/.local/lib/python3.12/site-packages/airflow/example_dags/example_bash_operator.py for tasks to queue
[2024-10-30T10:52:45.763+0000] {logging_mixin.py:190} INFO - [2024-10-30T10:52:45.762+0000] {dagbag.py:588} INFO - Filling up the DagBag from /home/airflow/.local/lib/python3.12/site-packages/airflow/example_dags/example_bash_operator.py
[2024-10-30T10:52:45.774+0000] {processor.py:925} INFO - DAG(s) 'example_bash_operator' retrieved from /home/airflow/.local/lib/python3.12/site-packages/airflow/example_dags/example_bash_operator.py
[2024-10-30T10:52:45.796+0000] {logging_mixin.py:190} INFO - [2024-10-30T10:52:45.796+0000] {dag.py:3239} INFO - Sync 1 DAGs
[2024-10-30T10:52:45.813+0000] {logging_mixin.py:190} INFO - [2024-10-30T10:52:45.812+0000] {dag.py:4180} INFO - Setting next_dagrun for example_bash_operator to 2024-10-29 00:00:00+00:00, run_after=2024-10-30 00:00:00+00:00
[2024-10-30T10:52:45.827+0000] {processor.py:208} INFO - Processing /home/airflow/.local/lib/python3.12/site-packages/airflow/example_dags/example_bash_operator.py took 0.077 seconds
[2024-10-30T10:53:16.039+0000] {processor.py:186} INFO - Started process (PID=206) to work on /home/airflow/.local/lib/python3.12/site-packages/airflow/example_dags/example_bash_operator.py
[2024-10-30T10:53:16.040+0000] {processor.py:914} INFO - Processing file /home/airflow/.local/lib/python3.12/site-packages/airflow/example_dags/example_bash_operator.py for tasks to queue
[2024-10-30T10:53:16.041+0000] {logging_mixin.py:190} INFO - [2024-10-30T10:53:16.041+0000] {dagbag.py:588} INFO - Filling up the DagBag from /home/airflow/.local/lib/python3.12/site-packages/airflow/example_dags/example_bash_operator.py
[2024-10-30T10:53:16.053+0000] {processor.py:925} INFO - DAG(s) 'example_bash_operator' retrieved from /home/airflow/.local/lib/python3.12/site-packages/airflow/example_dags/example_bash_operator.py
[2024-10-30T10:53:16.073+0000] {logging_mixin.py:190} INFO - [2024-10-30T10:53:16.073+0000] {dag.py:3239} INFO - Sync 1 DAGs
[2024-10-30T10:53:16.089+0000] {logging_mixin.py:190} INFO - [2024-10-30T10:53:16.089+0000] {dag.py:4180} INFO - Setting next_dagrun for example_bash_operator to 2024-10-29 00:00:00+00:00, run_after=2024-10-30 00:00:00+00:00
[2024-10-30T10:53:16.106+0000] {processor.py:208} INFO - Processing /home/airflow/.local/lib/python3.12/site-packages/airflow/example_dags/example_bash_operator.py took 0.076 seconds
[2024-10-30T10:53:46.235+0000] {processor.py:186} INFO - Started process (PID=268) to work on /home/airflow/.local/lib/python3.12/site-packages/airflow/example_dags/example_bash_operator.py
[2024-10-30T10:53:46.236+0000] {processor.py:914} INFO - Processing file /home/airflow/.local/lib/python3.12/site-packages/airflow/example_dags/example_bash_operator.py for tasks to queue
[2024-10-30T10:53:46.238+0000] {logging_mixin.py:190} INFO - [2024-10-30T10:53:46.237+0000] {dagbag.py:588} INFO - Filling up the DagBag from /home/airflow/.local/lib/python3.12/site-packages/airflow/example_dags/example_bash_operator.py
[2024-10-30T10:53:46.246+0000] {processor.py:925} INFO - DAG(s) 'example_bash_operator' retrieved from /home/airflow/.local/lib/python3.12/site-packages/airflow/example_dags/example_bash_operator.py
[2024-10-30T10:53:46.267+0000] {logging_mixin.py:190} INFO - [2024-10-30T10:53:46.267+0000] {dag.py:3239} INFO - Sync 1 DAGs
[2024-10-30T10:53:46.283+0000] {logging_mixin.py:190} INFO - [2024-10-30T10:53:46.282+0000] {dag.py:4180} INFO - Setting next_dagrun for example_bash_operator to 2024-10-29 00:00:00+00:00, run_after=2024-10-30 00:00:00+00:00
[2024-10-30T10:53:46.301+0000] {processor.py:208} INFO - Processing /home/airflow/.local/lib/python3.12/site-packages/airflow/example_dags/example_bash_operator.py took 0.069 seconds
[2024-10-30T10:54:17.223+0000] {processor.py:186} INFO - Started process (PID=330) to work on /home/airflow/.local/lib/python3.12/site-packages/airflow/example_dags/example_bash_operator.py
[2024-10-30T10:54:17.224+0000] {processor.py:914} INFO - Processing file /home/airflow/.local/lib/python3.12/site-packages/airflow/example_dags/example_bash_operator.py for tasks to queue
[2024-10-30T10:54:17.230+0000] {logging_mixin.py:190} INFO - [2024-10-30T10:54:17.230+0000] {dagbag.py:588} INFO - Filling up the DagBag from /home/airflow/.local/lib/python3.12/site-packages/airflow/example_dags/example_bash_operator.py
[2024-10-30T10:54:17.239+0000] {processor.py:925} INFO - DAG(s) 'example_bash_operator' retrieved from /home/airflow/.local/lib/python3.12/site-packages/airflow/example_dags/example_bash_operator.py
[2024-10-30T10:54:17.261+0000] {logging_mixin.py:190} INFO - [2024-10-30T10:54:17.260+0000] {dag.py:3239} INFO - Sync 1 DAGs
[2024-10-30T10:54:17.279+0000] {logging_mixin.py:190} INFO - [2024-10-30T10:54:17.278+0000] {dag.py:4180} INFO - Setting next_dagrun for example_bash_operator to 2024-10-29 00:00:00+00:00, run_after=2024-10-30 00:00:00+00:00
[2024-10-30T10:54:17.292+0000] {processor.py:208} INFO - Processing /home/airflow/.local/lib/python3.12/site-packages/airflow/example_dags/example_bash_operator.py took 0.074 seconds
[2024-10-30T10:54:48.221+0000] {processor.py:186} INFO - Started process (PID=392) to work on /home/airflow/.local/lib/python3.12/site-packages/airflow/example_dags/example_bash_operator.py
[2024-10-30T10:54:48.222+0000] {processor.py:914} INFO - Processing file /home/airflow/.local/lib/python3.12/site-packages/airflow/example_dags/example_bash_operator.py for tasks to queue
[2024-10-30T10:54:48.225+0000] {logging_mixin.py:190} INFO - [2024-10-30T10:54:48.224+0000] {dagbag.py:588} INFO - Filling up the DagBag from /home/airflow/.local/lib/python3.12/site-packages/airflow/example_dags/example_bash_operator.py
[2024-10-30T10:54:48.235+0000] {processor.py:925} INFO - DAG(s) 'example_bash_operator' retrieved from /home/airflow/.local/lib/python3.12/site-packages/airflow/example_dags/example_bash_operator.py
[2024-10-30T10:54:48.258+0000] {logging_mixin.py:190} INFO - [2024-10-30T10:54:48.258+0000] {dag.py:3239} INFO - Sync 1 DAGs
[2024-10-30T10:54:48.275+0000] {logging_mixin.py:190} INFO - [2024-10-30T10:54:48.275+0000] {dag.py:4180} INFO - Setting next_dagrun for example_bash_operator to 2024-10-29 00:00:00+00:00, run_after=2024-10-30 00:00:00+00:00
[2024-10-30T10:54:48.289+0000] {processor.py:208} INFO - Processing /home/airflow/.local/lib/python3.12/site-packages/airflow/example_dags/example_bash_operator.py took 0.072 seconds
[2024-10-30T10:55:19.225+0000] {processor.py:186} INFO - Started process (PID=454) to work on /home/airflow/.local/lib/python3.12/site-packages/airflow/example_dags/example_bash_operator.py
[2024-10-30T10:55:19.229+0000] {processor.py:914} INFO - Processing file /home/airflow/.local/lib/python3.12/site-packages/airflow/example_dags/example_bash_operator.py for tasks to queue
[2024-10-30T10:55:19.231+0000] {logging_mixin.py:190} INFO - [2024-10-30T10:55:19.231+0000] {dagbag.py:588} INFO - Filling up the DagBag from /home/airflow/.local/lib/python3.12/site-packages/airflow/example_dags/example_bash_operator.py
[2024-10-30T10:55:19.241+0000] {processor.py:925} INFO - DAG(s) 'example_bash_operator' retrieved from /home/airflow/.local/lib/python3.12/site-packages/airflow/example_dags/example_bash_operator.py
[2024-10-30T10:55:19.262+0000] {logging_mixin.py:190} INFO - [2024-10-30T10:55:19.262+0000] {dag.py:3239} INFO - Sync 1 DAGs
[2024-10-30T10:55:19.279+0000] {logging_mixin.py:190} INFO - [2024-10-30T10:55:19.278+0000] {dag.py:4180} INFO - Setting next_dagrun for example_bash_operator to 2024-10-29 00:00:00+00:00, run_after=2024-10-30 00:00:00+00:00
[2024-10-30T10:55:19.292+0000] {processor.py:208} INFO - Processing /home/airflow/.local/lib/python3.12/site-packages/airflow/example_dags/example_bash_operator.py took 0.072 seconds
[2024-10-30T10:55:50.196+0000] {processor.py:186} INFO - Started process (PID=516) to work on /home/airflow/.local/lib/python3.12/site-packages/airflow/example_dags/example_bash_operator.py
[2024-10-30T10:55:50.200+0000] {processor.py:914} INFO - Processing file /home/airflow/.local/lib/python3.12/site-packages/airflow/example_dags/example_bash_operator.py for tasks to queue
[2024-10-30T10:55:50.203+0000] {logging_mixin.py:190} INFO - [2024-10-30T10:55:50.202+0000] {dagbag.py:588} INFO - Filling up the DagBag from /home/airflow/.local/lib/python3.12/site-packages/airflow/example_dags/example_bash_operator.py
[2024-10-30T10:55:50.211+0000] {processor.py:925} INFO - DAG(s) 'example_bash_operator' retrieved from /home/airflow/.local/lib/python3.12/site-packages/airflow/example_dags/example_bash_operator.py
[2024-10-30T10:55:50.229+0000] {logging_mixin.py:190} INFO - [2024-10-30T10:55:50.229+0000] {dag.py:3239} INFO - Sync 1 DAGs
[2024-10-30T10:55:50.245+0000] {logging_mixin.py:190} INFO - [2024-10-30T10:55:50.245+0000] {dag.py:4180} INFO - Setting next_dagrun for example_bash_operator to 2024-10-29 00:00:00+00:00, run_after=2024-10-30 00:00:00+00:00
[2024-10-30T10:55:50.260+0000] {processor.py:208} INFO - Processing /home/airflow/.local/lib/python3.12/site-packages/airflow/example_dags/example_bash_operator.py took 0.067 seconds
[2024-10-30T10:56:21.092+0000] {processor.py:186} INFO - Started process (PID=578) to work on /home/airflow/.local/lib/python3.12/site-packages/airflow/example_dags/example_bash_operator.py
[2024-10-30T10:56:21.094+0000] {processor.py:914} INFO - Processing file /home/airflow/.local/lib/python3.12/site-packages/airflow/example_dags/example_bash_operator.py for tasks to queue
[2024-10-30T10:56:21.097+0000] {logging_mixin.py:190} INFO - [2024-10-30T10:56:21.096+0000] {dagbag.py:588} INFO - Filling up the DagBag from /home/airflow/.local/lib/python3.12/site-packages/airflow/example_dags/example_bash_operator.py
[2024-10-30T10:56:21.105+0000] {processor.py:925} INFO - DAG(s) 'example_bash_operator' retrieved from /home/airflow/.local/lib/python3.12/site-packages/airflow/example_dags/example_bash_operator.py
[2024-10-30T10:56:21.124+0000] {logging_mixin.py:190} INFO - [2024-10-30T10:56:21.124+0000] {dag.py:3239} INFO - Sync 1 DAGs
[2024-10-30T10:56:21.140+0000] {logging_mixin.py:190} INFO - [2024-10-30T10:56:21.140+0000] {dag.py:4180} INFO - Setting next_dagrun for example_bash_operator to 2024-10-29 00:00:00+00:00, run_after=2024-10-30 00:00:00+00:00
[2024-10-30T10:56:21.153+0000] {processor.py:208} INFO - Processing /home/airflow/.local/lib/python3.12/site-packages/airflow/example_dags/example_bash_operator.py took 0.065 seconds
[2024-10-30T10:56:51.944+0000] {processor.py:186} INFO - Started process (PID=640) to work on /home/airflow/.local/lib/python3.12/site-packages/airflow/example_dags/example_bash_operator.py
[2024-10-30T10:56:51.946+0000] {processor.py:914} INFO - Processing file /home/airflow/.local/lib/python3.12/site-packages/airflow/example_dags/example_bash_operator.py for tasks to queue
[2024-10-30T10:56:51.949+0000] {logging_mixin.py:190} INFO - [2024-10-30T10:56:51.949+0000] {dagbag.py:588} INFO - Filling up the DagBag from /home/airflow/.local/lib/python3.12/site-packages/airflow/example_dags/example_bash_operator.py
[2024-10-30T10:56:51.958+0000] {processor.py:925} INFO - DAG(s) 'example_bash_operator' retrieved from /home/airflow/.local/lib/python3.12/site-packages/airflow/example_dags/example_bash_operator.py
[2024-10-30T10:56:51.976+0000] {logging_mixin.py:190} INFO - [2024-10-30T10:56:51.975+0000] {dag.py:3239} INFO - Sync 1 DAGs
[2024-10-30T10:56:51.990+0000] {logging_mixin.py:190} INFO - [2024-10-30T10:56:51.990+0000] {dag.py:4180} INFO - Setting next_dagrun for example_bash_operator to 2024-10-29 00:00:00+00:00, run_after=2024-10-30 00:00:00+00:00
[2024-10-30T10:56:52.004+0000] {processor.py:208} INFO - Processing /home/airflow/.local/lib/python3.12/site-packages/airflow/example_dags/example_bash_operator.py took 0.064 seconds
[2024-10-30T10:57:22.770+0000] {processor.py:186} INFO - Started process (PID=702) to work on /home/airflow/.local/lib/python3.12/site-packages/airflow/example_dags/example_bash_operator.py
[2024-10-30T10:57:22.772+0000] {processor.py:914} INFO - Processing file /home/airflow/.local/lib/python3.12/site-packages/airflow/example_dags/example_bash_operator.py for tasks to queue
[2024-10-30T10:57:22.774+0000] {logging_mixin.py:190} INFO - [2024-10-30T10:57:22.774+0000] {dagbag.py:588} INFO - Filling up the DagBag from /home/airflow/.local/lib/python3.12/site-packages/airflow/example_dags/example_bash_operator.py
[2024-10-30T10:57:22.782+0000] {processor.py:925} INFO - DAG(s) 'example_bash_operator' retrieved from /home/airflow/.local/lib/python3.12/site-packages/airflow/example_dags/example_bash_operator.py
[2024-10-30T10:57:22.799+0000] {logging_mixin.py:190} INFO - [2024-10-30T10:57:22.799+0000] {dag.py:3239} INFO - Sync 1 DAGs
[2024-10-30T10:57:22.818+0000] {logging_mixin.py:190} INFO - [2024-10-30T10:57:22.818+0000] {dag.py:4180} INFO - Setting next_dagrun for example_bash_operator to 2024-10-29 00:00:00+00:00, run_after=2024-10-30 00:00:00+00:00
[2024-10-30T10:57:22.831+0000] {processor.py:208} INFO - Processing /home/airflow/.local/lib/python3.12/site-packages/airflow/example_dags/example_bash_operator.py took 0.066 seconds
[2024-10-30T10:57:53.531+0000] {processor.py:186} INFO - Started process (PID=764) to work on /home/airflow/.local/lib/python3.12/site-packages/airflow/example_dags/example_bash_operator.py
[2024-10-30T10:57:53.535+0000] {processor.py:914} INFO - Processing file /home/airflow/.local/lib/python3.12/site-packages/airflow/example_dags/example_bash_operator.py for tasks to queue
[2024-10-30T10:57:53.540+0000] {logging_mixin.py:190} INFO - [2024-10-30T10:57:53.540+0000] {dagbag.py:588} INFO - Filling up the DagBag from /home/airflow/.local/lib/python3.12/site-packages/airflow/example_dags/example_bash_operator.py
[2024-10-30T10:57:53.553+0000] {processor.py:925} INFO - DAG(s) 'example_bash_operator' retrieved from /home/airflow/.local/lib/python3.12/site-packages/airflow/example_dags/example_bash_operator.py
[2024-10-30T10:57:53.578+0000] {logging_mixin.py:190} INFO - [2024-10-30T10:57:53.577+0000] {dag.py:3239} INFO - Sync 1 DAGs
[2024-10-30T10:57:53.594+0000] {logging_mixin.py:190} INFO - [2024-10-30T10:57:53.594+0000] {dag.py:4180} INFO - Setting next_dagrun for example_bash_operator to 2024-10-29 00:00:00+00:00, run_after=2024-10-30 00:00:00+00:00
[2024-10-30T10:57:53.610+0000] {processor.py:208} INFO - Processing /home/airflow/.local/lib/python3.12/site-packages/airflow/example_dags/example_bash_operator.py took 0.083 seconds
[2024-10-30T10:58:24.387+0000] {processor.py:186} INFO - Started process (PID=825) to work on /home/airflow/.local/lib/python3.12/site-packages/airflow/example_dags/example_bash_operator.py
[2024-10-30T10:58:24.390+0000] {processor.py:914} INFO - Processing file /home/airflow/.local/lib/python3.12/site-packages/airflow/example_dags/example_bash_operator.py for tasks to queue
[2024-10-30T10:58:24.392+0000] {logging_mixin.py:190} INFO - [2024-10-30T10:58:24.392+0000] {dagbag.py:588} INFO - Filling up the DagBag from /home/airflow/.local/lib/python3.12/site-packages/airflow/example_dags/example_bash_operator.py
[2024-10-30T10:58:24.400+0000] {processor.py:925} INFO - DAG(s) 'example_bash_operator' retrieved from /home/airflow/.local/lib/python3.12/site-packages/airflow/example_dags/example_bash_operator.py
[2024-10-30T10:58:24.416+0000] {logging_mixin.py:190} INFO - [2024-10-30T10:58:24.416+0000] {dag.py:3239} INFO - Sync 1 DAGs
[2024-10-30T10:58:24.431+0000] {logging_mixin.py:190} INFO - [2024-10-30T10:58:24.430+0000] {dag.py:4180} INFO - Setting next_dagrun for example_bash_operator to 2024-10-29 00:00:00+00:00, run_after=2024-10-30 00:00:00+00:00
[2024-10-30T10:58:24.441+0000] {processor.py:208} INFO - Processing /home/airflow/.local/lib/python3.12/site-packages/airflow/example_dags/example_bash_operator.py took 0.058 seconds
[2024-10-30T10:58:55.152+0000] {processor.py:186} INFO - Started process (PID=887) to work on /home/airflow/.local/lib/python3.12/site-packages/airflow/example_dags/example_bash_operator.py
[2024-10-30T10:58:55.153+0000] {processor.py:914} INFO - Processing file /home/airflow/.local/lib/python3.12/site-packages/airflow/example_dags/example_bash_operator.py for tasks to queue
[2024-10-30T10:58:55.155+0000] {logging_mixin.py:190} INFO - [2024-10-30T10:58:55.155+0000] {dagbag.py:588} INFO - Filling up the DagBag from /home/airflow/.local/lib/python3.12/site-packages/airflow/example_dags/example_bash_operator.py
[2024-10-30T10:58:55.165+0000] {processor.py:925} INFO - DAG(s) 'example_bash_operator' retrieved from /home/airflow/.local/lib/python3.12/site-packages/airflow/example_dags/example_bash_operator.py
[2024-10-30T10:58:55.183+0000] {logging_mixin.py:190} INFO - [2024-10-30T10:58:55.182+0000] {dag.py:3239} INFO - Sync 1 DAGs
[2024-10-30T10:58:55.198+0000] {logging_mixin.py:190} INFO - [2024-10-30T10:58:55.198+0000] {dag.py:4180} INFO - Setting next_dagrun for example_bash_operator to 2024-10-29 00:00:00+00:00, run_after=2024-10-30 00:00:00+00:00
[2024-10-30T10:58:55.212+0000] {processor.py:208} INFO - Processing /home/airflow/.local/lib/python3.12/site-packages/airflow/example_dags/example_bash_operator.py took 0.064 seconds
[2024-10-30T10:59:25.880+0000] {processor.py:186} INFO - Started process (PID=949) to work on /home/airflow/.local/lib/python3.12/site-packages/airflow/example_dags/example_bash_operator.py
[2024-10-30T10:59:25.884+0000] {processor.py:914} INFO - Processing file /home/airflow/.local/lib/python3.12/site-packages/airflow/example_dags/example_bash_operator.py for tasks to queue
[2024-10-30T10:59:25.887+0000] {logging_mixin.py:190} INFO - [2024-10-30T10:59:25.886+0000] {dagbag.py:588} INFO - Filling up the DagBag from /home/airflow/.local/lib/python3.12/site-packages/airflow/example_dags/example_bash_operator.py
[2024-10-30T10:59:25.895+0000] {processor.py:925} INFO - DAG(s) 'example_bash_operator' retrieved from /home/airflow/.local/lib/python3.12/site-packages/airflow/example_dags/example_bash_operator.py
[2024-10-30T10:59:25.911+0000] {logging_mixin.py:190} INFO - [2024-10-30T10:59:25.911+0000] {dag.py:3239} INFO - Sync 1 DAGs
[2024-10-30T10:59:25.928+0000] {logging_mixin.py:190} INFO - [2024-10-30T10:59:25.928+0000] {dag.py:4180} INFO - Setting next_dagrun for example_bash_operator to 2024-10-29 00:00:00+00:00, run_after=2024-10-30 00:00:00+00:00
[2024-10-30T10:59:25.938+0000] {processor.py:208} INFO - Processing /home/airflow/.local/lib/python3.12/site-packages/airflow/example_dags/example_bash_operator.py took 0.062 seconds
[2024-10-30T10:59:56.740+0000] {processor.py:186} INFO - Started process (PID=1011) to work on /home/airflow/.local/lib/python3.12/site-packages/airflow/example_dags/example_bash_operator.py
[2024-10-30T10:59:56.743+0000] {processor.py:914} INFO - Processing file /home/airflow/.local/lib/python3.12/site-packages/airflow/example_dags/example_bash_operator.py for tasks to queue
[2024-10-30T10:59:56.745+0000] {logging_mixin.py:190} INFO - [2024-10-30T10:59:56.744+0000] {dagbag.py:588} INFO - Filling up the DagBag from /home/airflow/.local/lib/python3.12/site-packages/airflow/example_dags/example_bash_operator.py
[2024-10-30T10:59:56.753+0000] {processor.py:925} INFO - DAG(s) 'example_bash_operator' retrieved from /home/airflow/.local/lib/python3.12/site-packages/airflow/example_dags/example_bash_operator.py
[2024-10-30T10:59:56.769+0000] {logging_mixin.py:190} INFO - [2024-10-30T10:59:56.768+0000] {dag.py:3239} INFO - Sync 1 DAGs
[2024-10-30T10:59:56.785+0000] {logging_mixin.py:190} INFO - [2024-10-30T10:59:56.785+0000] {dag.py:4180} INFO - Setting next_dagrun for example_bash_operator to 2024-10-29 00:00:00+00:00, run_after=2024-10-30 00:00:00+00:00
[2024-10-30T10:59:56.796+0000] {processor.py:208} INFO - Processing /home/airflow/.local/lib/python3.12/site-packages/airflow/example_dags/example_bash_operator.py took 0.060 seconds
[2024-10-30T11:00:27.389+0000] {processor.py:186} INFO - Started process (PID=1073) to work on /home/airflow/.local/lib/python3.12/site-packages/airflow/example_dags/example_bash_operator.py
[2024-10-30T11:00:27.393+0000] {processor.py:914} INFO - Processing file /home/airflow/.local/lib/python3.12/site-packages/airflow/example_dags/example_bash_operator.py for tasks to queue
[2024-10-30T11:00:27.395+0000] {logging_mixin.py:190} INFO - [2024-10-30T11:00:27.395+0000] {dagbag.py:588} INFO - Filling up the DagBag from /home/airflow/.local/lib/python3.12/site-packages/airflow/example_dags/example_bash_operator.py
[2024-10-30T11:00:27.403+0000] {processor.py:925} INFO - DAG(s) 'example_bash_operator' retrieved from /home/airflow/.local/lib/python3.12/site-packages/airflow/example_dags/example_bash_operator.py
[2024-10-30T11:00:27.422+0000] {logging_mixin.py:190} INFO - [2024-10-30T11:00:27.422+0000] {dag.py:3239} INFO - Sync 1 DAGs
[2024-10-30T11:00:27.440+0000] {logging_mixin.py:190} INFO - [2024-10-30T11:00:27.440+0000] {dag.py:4180} INFO - Setting next_dagrun for example_bash_operator to 2024-10-29 00:00:00+00:00, run_after=2024-10-30 00:00:00+00:00
[2024-10-30T11:00:27.453+0000] {processor.py:208} INFO - Processing /home/airflow/.local/lib/python3.12/site-packages/airflow/example_dags/example_bash_operator.py took 0.068 seconds
[2024-10-30T11:00:58.365+0000] {processor.py:186} INFO - Started process (PID=1135) to work on /home/airflow/.local/lib/python3.12/site-packages/airflow/example_dags/example_bash_operator.py
[2024-10-30T11:00:58.367+0000] {processor.py:914} INFO - Processing file /home/airflow/.local/lib/python3.12/site-packages/airflow/example_dags/example_bash_operator.py for tasks to queue
[2024-10-30T11:00:58.371+0000] {logging_mixin.py:190} INFO - [2024-10-30T11:00:58.371+0000] {dagbag.py:588} INFO - Filling up the DagBag from /home/airflow/.local/lib/python3.12/site-packages/airflow/example_dags/example_bash_operator.py
[2024-10-30T11:00:58.380+0000] {processor.py:925} INFO - DAG(s) 'example_bash_operator' retrieved from /home/airflow/.local/lib/python3.12/site-packages/airflow/example_dags/example_bash_operator.py
[2024-10-30T11:00:58.398+0000] {logging_mixin.py:190} INFO - [2024-10-30T11:00:58.398+0000] {dag.py:3239} INFO - Sync 1 DAGs
[2024-10-30T11:00:58.416+0000] {logging_mixin.py:190} INFO - [2024-10-30T11:00:58.416+0000] {dag.py:4180} INFO - Setting next_dagrun for example_bash_operator to 2024-10-29 00:00:00+00:00, run_after=2024-10-30 00:00:00+00:00
[2024-10-30T11:00:58.429+0000] {processor.py:208} INFO - Processing /home/airflow/.local/lib/python3.12/site-packages/airflow/example_dags/example_bash_operator.py took 0.068 seconds
[2024-10-30T11:01:28.938+0000] {processor.py:186} INFO - Started process (PID=1197) to work on /home/airflow/.local/lib/python3.12/site-packages/airflow/example_dags/example_bash_operator.py
[2024-10-30T11:01:28.940+0000] {processor.py:914} INFO - Processing file /home/airflow/.local/lib/python3.12/site-packages/airflow/example_dags/example_bash_operator.py for tasks to queue
[2024-10-30T11:01:28.944+0000] {logging_mixin.py:190} INFO - [2024-10-30T11:01:28.944+0000] {dagbag.py:588} INFO - Filling up the DagBag from /home/airflow/.local/lib/python3.12/site-packages/airflow/example_dags/example_bash_operator.py
[2024-10-30T11:01:28.964+0000] {processor.py:925} INFO - DAG(s) 'example_bash_operator' retrieved from /home/airflow/.local/lib/python3.12/site-packages/airflow/example_dags/example_bash_operator.py
[2024-10-30T11:01:29.000+0000] {logging_mixin.py:190} INFO - [2024-10-30T11:01:29.000+0000] {dag.py:3239} INFO - Sync 1 DAGs
[2024-10-30T11:01:29.020+0000] {logging_mixin.py:190} INFO - [2024-10-30T11:01:29.020+0000] {dag.py:4180} INFO - Setting next_dagrun for example_bash_operator to 2024-10-29 00:00:00+00:00, run_after=2024-10-30 00:00:00+00:00
[2024-10-30T11:01:29.034+0000] {processor.py:208} INFO - Processing /home/airflow/.local/lib/python3.12/site-packages/airflow/example_dags/example_bash_operator.py took 0.100 seconds
[2024-10-30T11:01:59.842+0000] {processor.py:186} INFO - Started process (PID=1259) to work on /home/airflow/.local/lib/python3.12/site-packages/airflow/example_dags/example_bash_operator.py
[2024-10-30T11:01:59.846+0000] {processor.py:914} INFO - Processing file /home/airflow/.local/lib/python3.12/site-packages/airflow/example_dags/example_bash_operator.py for tasks to queue
[2024-10-30T11:01:59.847+0000] {logging_mixin.py:190} INFO - [2024-10-30T11:01:59.847+0000] {dagbag.py:588} INFO - Filling up the DagBag from /home/airflow/.local/lib/python3.12/site-packages/airflow/example_dags/example_bash_operator.py
[2024-10-30T11:01:59.857+0000] {processor.py:925} INFO - DAG(s) 'example_bash_operator' retrieved from /home/airflow/.local/lib/python3.12/site-packages/airflow/example_dags/example_bash_operator.py
[2024-10-30T11:01:59.876+0000] {logging_mixin.py:190} INFO - [2024-10-30T11:01:59.876+0000] {dag.py:3239} INFO - Sync 1 DAGs
[2024-10-30T11:01:59.891+0000] {logging_mixin.py:190} INFO - [2024-10-30T11:01:59.891+0000] {dag.py:4180} INFO - Setting next_dagrun for example_bash_operator to 2024-10-29 00:00:00+00:00, run_after=2024-10-30 00:00:00+00:00
[2024-10-30T11:01:59.903+0000] {processor.py:208} INFO - Processing /home/airflow/.local/lib/python3.12/site-packages/airflow/example_dags/example_bash_operator.py took 0.065 seconds
[2024-10-30T11:02:30.656+0000] {processor.py:186} INFO - Started process (PID=1320) to work on /home/airflow/.local/lib/python3.12/site-packages/airflow/example_dags/example_bash_operator.py
[2024-10-30T11:02:30.658+0000] {processor.py:914} INFO - Processing file /home/airflow/.local/lib/python3.12/site-packages/airflow/example_dags/example_bash_operator.py for tasks to queue
[2024-10-30T11:02:30.660+0000] {logging_mixin.py:190} INFO - [2024-10-30T11:02:30.660+0000] {dagbag.py:588} INFO - Filling up the DagBag from /home/airflow/.local/lib/python3.12/site-packages/airflow/example_dags/example_bash_operator.py
[2024-10-30T11:02:30.668+0000] {processor.py:925} INFO - DAG(s) 'example_bash_operator' retrieved from /home/airflow/.local/lib/python3.12/site-packages/airflow/example_dags/example_bash_operator.py
[2024-10-30T11:02:30.684+0000] {logging_mixin.py:190} INFO - [2024-10-30T11:02:30.684+0000] {dag.py:3239} INFO - Sync 1 DAGs
[2024-10-30T11:02:30.700+0000] {logging_mixin.py:190} INFO - [2024-10-30T11:02:30.700+0000] {dag.py:4180} INFO - Setting next_dagrun for example_bash_operator to 2024-10-29 00:00:00+00:00, run_after=2024-10-30 00:00:00+00:00
[2024-10-30T11:02:30.714+0000] {processor.py:208} INFO - Processing /home/airflow/.local/lib/python3.12/site-packages/airflow/example_dags/example_bash_operator.py took 0.062 seconds
[2024-10-30T11:03:01.498+0000] {processor.py:186} INFO - Started process (PID=1382) to work on /home/airflow/.local/lib/python3.12/site-packages/airflow/example_dags/example_bash_operator.py
[2024-10-30T11:03:01.501+0000] {processor.py:914} INFO - Processing file /home/airflow/.local/lib/python3.12/site-packages/airflow/example_dags/example_bash_operator.py for tasks to queue
[2024-10-30T11:03:01.503+0000] {logging_mixin.py:190} INFO - [2024-10-30T11:03:01.503+0000] {dagbag.py:588} INFO - Filling up the DagBag from /home/airflow/.local/lib/python3.12/site-packages/airflow/example_dags/example_bash_operator.py
[2024-10-30T11:03:01.512+0000] {processor.py:925} INFO - DAG(s) 'example_bash_operator' retrieved from /home/airflow/.local/lib/python3.12/site-packages/airflow/example_dags/example_bash_operator.py
[2024-10-30T11:03:01.530+0000] {logging_mixin.py:190} INFO - [2024-10-30T11:03:01.530+0000] {dag.py:3239} INFO - Sync 1 DAGs
[2024-10-30T11:03:01.545+0000] {logging_mixin.py:190} INFO - [2024-10-30T11:03:01.545+0000] {dag.py:4180} INFO - Setting next_dagrun for example_bash_operator to 2024-10-29 00:00:00+00:00, run_after=2024-10-30 00:00:00+00:00
[2024-10-30T11:03:01.557+0000] {processor.py:208} INFO - Processing /home/airflow/.local/lib/python3.12/site-packages/airflow/example_dags/example_bash_operator.py took 0.063 seconds
[2024-10-30T11:03:32.481+0000] {processor.py:186} INFO - Started process (PID=1444) to work on /home/airflow/.local/lib/python3.12/site-packages/airflow/example_dags/example_bash_operator.py
[2024-10-30T11:03:32.483+0000] {processor.py:914} INFO - Processing file /home/airflow/.local/lib/python3.12/site-packages/airflow/example_dags/example_bash_operator.py for tasks to queue
[2024-10-30T11:03:32.485+0000] {logging_mixin.py:190} INFO - [2024-10-30T11:03:32.485+0000] {dagbag.py:588} INFO - Filling up the DagBag from /home/airflow/.local/lib/python3.12/site-packages/airflow/example_dags/example_bash_operator.py
[2024-10-30T11:03:32.494+0000] {processor.py:925} INFO - DAG(s) 'example_bash_operator' retrieved from /home/airflow/.local/lib/python3.12/site-packages/airflow/example_dags/example_bash_operator.py
[2024-10-30T11:03:32.510+0000] {logging_mixin.py:190} INFO - [2024-10-30T11:03:32.510+0000] {dag.py:3239} INFO - Sync 1 DAGs
[2024-10-30T11:03:32.524+0000] {logging_mixin.py:190} INFO - [2024-10-30T11:03:32.524+0000] {dag.py:4180} INFO - Setting next_dagrun for example_bash_operator to 2024-10-29 00:00:00+00:00, run_after=2024-10-30 00:00:00+00:00
[2024-10-30T11:03:32.537+0000] {processor.py:208} INFO - Processing /home/airflow/.local/lib/python3.12/site-packages/airflow/example_dags/example_bash_operator.py took 0.060 seconds
[2024-10-30T11:04:03.123+0000] {processor.py:186} INFO - Started process (PID=1506) to work on /home/airflow/.local/lib/python3.12/site-packages/airflow/example_dags/example_bash_operator.py
[2024-10-30T11:04:03.124+0000] {processor.py:914} INFO - Processing file /home/airflow/.local/lib/python3.12/site-packages/airflow/example_dags/example_bash_operator.py for tasks to queue
[2024-10-30T11:04:03.128+0000] {logging_mixin.py:190} INFO - [2024-10-30T11:04:03.128+0000] {dagbag.py:588} INFO - Filling up the DagBag from /home/airflow/.local/lib/python3.12/site-packages/airflow/example_dags/example_bash_operator.py
[2024-10-30T11:04:03.136+0000] {processor.py:925} INFO - DAG(s) 'example_bash_operator' retrieved from /home/airflow/.local/lib/python3.12/site-packages/airflow/example_dags/example_bash_operator.py
[2024-10-30T11:04:03.152+0000] {logging_mixin.py:190} INFO - [2024-10-30T11:04:03.152+0000] {dag.py:3239} INFO - Sync 1 DAGs
[2024-10-30T11:04:03.172+0000] {logging_mixin.py:190} INFO - [2024-10-30T11:04:03.172+0000] {dag.py:4180} INFO - Setting next_dagrun for example_bash_operator to 2024-10-29 00:00:00+00:00, run_after=2024-10-30 00:00:00+00:00
[2024-10-30T11:04:03.183+0000] {processor.py:208} INFO - Processing /home/airflow/.local/lib/python3.12/site-packages/airflow/example_dags/example_bash_operator.py took 0.064 seconds
[2024-10-30T11:04:33.250+0000] {processor.py:186} INFO - Started process (PID=1568) to work on /home/airflow/.local/lib/python3.12/site-packages/airflow/example_dags/example_bash_operator.py
[2024-10-30T11:04:33.252+0000] {processor.py:914} INFO - Processing file /home/airflow/.local/lib/python3.12/site-packages/airflow/example_dags/example_bash_operator.py for tasks to queue
[2024-10-30T11:04:33.254+0000] {logging_mixin.py:190} INFO - [2024-10-30T11:04:33.253+0000] {dagbag.py:588} INFO - Filling up the DagBag from /home/airflow/.local/lib/python3.12/site-packages/airflow/example_dags/example_bash_operator.py
[2024-10-30T11:04:33.262+0000] {processor.py:925} INFO - DAG(s) 'example_bash_operator' retrieved from /home/airflow/.local/lib/python3.12/site-packages/airflow/example_dags/example_bash_operator.py
[2024-10-30T11:04:33.281+0000] {logging_mixin.py:190} INFO - [2024-10-30T11:04:33.281+0000] {dag.py:3239} INFO - Sync 1 DAGs
[2024-10-30T11:04:33.296+0000] {logging_mixin.py:190} INFO - [2024-10-30T11:04:33.296+0000] {dag.py:4180} INFO - Setting next_dagrun for example_bash_operator to 2024-10-29 00:00:00+00:00, run_after=2024-10-30 00:00:00+00:00
[2024-10-30T11:04:33.308+0000] {processor.py:208} INFO - Processing /home/airflow/.local/lib/python3.12/site-packages/airflow/example_dags/example_bash_operator.py took 0.063 seconds
[2024-10-30T11:05:04.211+0000] {processor.py:186} INFO - Started process (PID=1630) to work on /home/airflow/.local/lib/python3.12/site-packages/airflow/example_dags/example_bash_operator.py
[2024-10-30T11:05:04.213+0000] {processor.py:914} INFO - Processing file /home/airflow/.local/lib/python3.12/site-packages/airflow/example_dags/example_bash_operator.py for tasks to queue
[2024-10-30T11:05:04.215+0000] {logging_mixin.py:190} INFO - [2024-10-30T11:05:04.214+0000] {dagbag.py:588} INFO - Filling up the DagBag from /home/airflow/.local/lib/python3.12/site-packages/airflow/example_dags/example_bash_operator.py
[2024-10-30T11:05:04.224+0000] {processor.py:925} INFO - DAG(s) 'example_bash_operator' retrieved from /home/airflow/.local/lib/python3.12/site-packages/airflow/example_dags/example_bash_operator.py
[2024-10-30T11:05:04.245+0000] {logging_mixin.py:190} INFO - [2024-10-30T11:05:04.245+0000] {dag.py:3239} INFO - Sync 1 DAGs
[2024-10-30T11:05:04.263+0000] {logging_mixin.py:190} INFO - [2024-10-30T11:05:04.263+0000] {dag.py:4180} INFO - Setting next_dagrun for example_bash_operator to 2024-10-29 00:00:00+00:00, run_after=2024-10-30 00:00:00+00:00
[2024-10-30T11:05:04.275+0000] {processor.py:208} INFO - Processing /home/airflow/.local/lib/python3.12/site-packages/airflow/example_dags/example_bash_operator.py took 0.068 seconds
[2024-10-30T11:05:35.030+0000] {processor.py:186} INFO - Started process (PID=1692) to work on /home/airflow/.local/lib/python3.12/site-packages/airflow/example_dags/example_bash_operator.py
[2024-10-30T11:05:35.033+0000] {processor.py:914} INFO - Processing file /home/airflow/.local/lib/python3.12/site-packages/airflow/example_dags/example_bash_operator.py for tasks to queue
[2024-10-30T11:05:35.035+0000] {logging_mixin.py:190} INFO - [2024-10-30T11:05:35.035+0000] {dagbag.py:588} INFO - Filling up the DagBag from /home/airflow/.local/lib/python3.12/site-packages/airflow/example_dags/example_bash_operator.py
[2024-10-30T11:05:35.044+0000] {processor.py:925} INFO - DAG(s) 'example_bash_operator' retrieved from /home/airflow/.local/lib/python3.12/site-packages/airflow/example_dags/example_bash_operator.py
[2024-10-30T11:05:35.063+0000] {logging_mixin.py:190} INFO - [2024-10-30T11:05:35.063+0000] {dag.py:3239} INFO - Sync 1 DAGs
[2024-10-30T11:05:35.079+0000] {logging_mixin.py:190} INFO - [2024-10-30T11:05:35.078+0000] {dag.py:4180} INFO - Setting next_dagrun for example_bash_operator to 2024-10-29 00:00:00+00:00, run_after=2024-10-30 00:00:00+00:00
[2024-10-30T11:05:35.092+0000] {processor.py:208} INFO - Processing /home/airflow/.local/lib/python3.12/site-packages/airflow/example_dags/example_bash_operator.py took 0.066 seconds
[2024-10-30T11:06:06.003+0000] {processor.py:186} INFO - Started process (PID=1754) to work on /home/airflow/.local/lib/python3.12/site-packages/airflow/example_dags/example_bash_operator.py
[2024-10-30T11:06:06.003+0000] {processor.py:914} INFO - Processing file /home/airflow/.local/lib/python3.12/site-packages/airflow/example_dags/example_bash_operator.py for tasks to queue
[2024-10-30T11:06:06.007+0000] {logging_mixin.py:190} INFO - [2024-10-30T11:06:06.007+0000] {dagbag.py:588} INFO - Filling up the DagBag from /home/airflow/.local/lib/python3.12/site-packages/airflow/example_dags/example_bash_operator.py
[2024-10-30T11:06:06.016+0000] {processor.py:925} INFO - DAG(s) 'example_bash_operator' retrieved from /home/airflow/.local/lib/python3.12/site-packages/airflow/example_dags/example_bash_operator.py
[2024-10-30T11:06:06.037+0000] {logging_mixin.py:190} INFO - [2024-10-30T11:06:06.036+0000] {dag.py:3239} INFO - Sync 1 DAGs
[2024-10-30T11:06:06.057+0000] {logging_mixin.py:190} INFO - [2024-10-30T11:06:06.057+0000] {dag.py:4180} INFO - Setting next_dagrun for example_bash_operator to 2024-10-29 00:00:00+00:00, run_after=2024-10-30 00:00:00+00:00
[2024-10-30T11:06:06.070+0000] {processor.py:208} INFO - Processing /home/airflow/.local/lib/python3.12/site-packages/airflow/example_dags/example_bash_operator.py took 0.072 seconds
[2024-10-30T11:06:37.074+0000] {processor.py:186} INFO - Started process (PID=1816) to work on /home/airflow/.local/lib/python3.12/site-packages/airflow/example_dags/example_bash_operator.py
[2024-10-30T11:06:37.075+0000] {processor.py:914} INFO - Processing file /home/airflow/.local/lib/python3.12/site-packages/airflow/example_dags/example_bash_operator.py for tasks to queue
[2024-10-30T11:06:37.079+0000] {logging_mixin.py:190} INFO - [2024-10-30T11:06:37.078+0000] {dagbag.py:588} INFO - Filling up the DagBag from /home/airflow/.local/lib/python3.12/site-packages/airflow/example_dags/example_bash_operator.py
[2024-10-30T11:06:37.087+0000] {processor.py:925} INFO - DAG(s) 'example_bash_operator' retrieved from /home/airflow/.local/lib/python3.12/site-packages/airflow/example_dags/example_bash_operator.py
[2024-10-30T11:06:37.107+0000] {logging_mixin.py:190} INFO - [2024-10-30T11:06:37.107+0000] {dag.py:3239} INFO - Sync 1 DAGs
[2024-10-30T11:06:37.123+0000] {logging_mixin.py:190} INFO - [2024-10-30T11:06:37.123+0000] {dag.py:4180} INFO - Setting next_dagrun for example_bash_operator to 2024-10-29 00:00:00+00:00, run_after=2024-10-30 00:00:00+00:00
[2024-10-30T11:06:37.138+0000] {processor.py:208} INFO - Processing /home/airflow/.local/lib/python3.12/site-packages/airflow/example_dags/example_bash_operator.py took 0.067 seconds
[2024-10-30T11:07:07.256+0000] {processor.py:186} INFO - Started process (PID=1878) to work on /home/airflow/.local/lib/python3.12/site-packages/airflow/example_dags/example_bash_operator.py
[2024-10-30T11:07:07.259+0000] {processor.py:914} INFO - Processing file /home/airflow/.local/lib/python3.12/site-packages/airflow/example_dags/example_bash_operator.py for tasks to queue
[2024-10-30T11:07:07.263+0000] {logging_mixin.py:190} INFO - [2024-10-30T11:07:07.263+0000] {dagbag.py:588} INFO - Filling up the DagBag from /home/airflow/.local/lib/python3.12/site-packages/airflow/example_dags/example_bash_operator.py
[2024-10-30T11:07:07.272+0000] {processor.py:925} INFO - DAG(s) 'example_bash_operator' retrieved from /home/airflow/.local/lib/python3.12/site-packages/airflow/example_dags/example_bash_operator.py
[2024-10-30T11:07:07.290+0000] {logging_mixin.py:190} INFO - [2024-10-30T11:07:07.290+0000] {dag.py:3239} INFO - Sync 1 DAGs
[2024-10-30T11:07:07.305+0000] {logging_mixin.py:190} INFO - [2024-10-30T11:07:07.305+0000] {dag.py:4180} INFO - Setting next_dagrun for example_bash_operator to 2024-10-29 00:00:00+00:00, run_after=2024-10-30 00:00:00+00:00
[2024-10-30T11:07:07.319+0000] {processor.py:208} INFO - Processing /home/airflow/.local/lib/python3.12/site-packages/airflow/example_dags/example_bash_operator.py took 0.067 seconds
[2024-10-30T11:07:37.507+0000] {processor.py:186} INFO - Started process (PID=1940) to work on /home/airflow/.local/lib/python3.12/site-packages/airflow/example_dags/example_bash_operator.py
[2024-10-30T11:07:37.509+0000] {processor.py:914} INFO - Processing file /home/airflow/.local/lib/python3.12/site-packages/airflow/example_dags/example_bash_operator.py for tasks to queue
[2024-10-30T11:07:37.513+0000] {logging_mixin.py:190} INFO - [2024-10-30T11:07:37.513+0000] {dagbag.py:588} INFO - Filling up the DagBag from /home/airflow/.local/lib/python3.12/site-packages/airflow/example_dags/example_bash_operator.py
[2024-10-30T11:07:37.522+0000] {processor.py:925} INFO - DAG(s) 'example_bash_operator' retrieved from /home/airflow/.local/lib/python3.12/site-packages/airflow/example_dags/example_bash_operator.py
[2024-10-30T11:07:37.539+0000] {logging_mixin.py:190} INFO - [2024-10-30T11:07:37.539+0000] {dag.py:3239} INFO - Sync 1 DAGs
[2024-10-30T11:07:37.554+0000] {logging_mixin.py:190} INFO - [2024-10-30T11:07:37.554+0000] {dag.py:4180} INFO - Setting next_dagrun for example_bash_operator to 2024-10-29 00:00:00+00:00, run_after=2024-10-30 00:00:00+00:00
[2024-10-30T11:07:37.566+0000] {processor.py:208} INFO - Processing /home/airflow/.local/lib/python3.12/site-packages/airflow/example_dags/example_bash_operator.py took 0.063 seconds
[2024-10-30T11:08:08.298+0000] {processor.py:186} INFO - Started process (PID=2002) to work on /home/airflow/.local/lib/python3.12/site-packages/airflow/example_dags/example_bash_operator.py
[2024-10-30T11:08:08.300+0000] {processor.py:914} INFO - Processing file /home/airflow/.local/lib/python3.12/site-packages/airflow/example_dags/example_bash_operator.py for tasks to queue
[2024-10-30T11:08:08.303+0000] {logging_mixin.py:190} INFO - [2024-10-30T11:08:08.302+0000] {dagbag.py:588} INFO - Filling up the DagBag from /home/airflow/.local/lib/python3.12/site-packages/airflow/example_dags/example_bash_operator.py
[2024-10-30T11:08:08.311+0000] {processor.py:925} INFO - DAG(s) 'example_bash_operator' retrieved from /home/airflow/.local/lib/python3.12/site-packages/airflow/example_dags/example_bash_operator.py
[2024-10-30T11:08:08.328+0000] {logging_mixin.py:190} INFO - [2024-10-30T11:08:08.328+0000] {dag.py:3239} INFO - Sync 1 DAGs
[2024-10-30T11:08:08.344+0000] {logging_mixin.py:190} INFO - [2024-10-30T11:08:08.343+0000] {dag.py:4180} INFO - Setting next_dagrun for example_bash_operator to 2024-10-29 00:00:00+00:00, run_after=2024-10-30 00:00:00+00:00
[2024-10-30T11:08:08.355+0000] {processor.py:208} INFO - Processing /home/airflow/.local/lib/python3.12/site-packages/airflow/example_dags/example_bash_operator.py took 0.061 seconds
[2024-10-30T11:08:39.219+0000] {processor.py:186} INFO - Started process (PID=2064) to work on /home/airflow/.local/lib/python3.12/site-packages/airflow/example_dags/example_bash_operator.py
[2024-10-30T11:08:39.220+0000] {processor.py:914} INFO - Processing file /home/airflow/.local/lib/python3.12/site-packages/airflow/example_dags/example_bash_operator.py for tasks to queue
[2024-10-30T11:08:39.222+0000] {logging_mixin.py:190} INFO - [2024-10-30T11:08:39.222+0000] {dagbag.py:588} INFO - Filling up the DagBag from /home/airflow/.local/lib/python3.12/site-packages/airflow/example_dags/example_bash_operator.py
[2024-10-30T11:08:39.230+0000] {processor.py:925} INFO - DAG(s) 'example_bash_operator' retrieved from /home/airflow/.local/lib/python3.12/site-packages/airflow/example_dags/example_bash_operator.py
[2024-10-30T11:08:39.247+0000] {logging_mixin.py:190} INFO - [2024-10-30T11:08:39.247+0000] {dag.py:3239} INFO - Sync 1 DAGs
[2024-10-30T11:08:39.263+0000] {logging_mixin.py:190} INFO - [2024-10-30T11:08:39.263+0000] {dag.py:4180} INFO - Setting next_dagrun for example_bash_operator to 2024-10-29 00:00:00+00:00, run_after=2024-10-30 00:00:00+00:00
[2024-10-30T11:08:39.276+0000] {processor.py:208} INFO - Processing /home/airflow/.local/lib/python3.12/site-packages/airflow/example_dags/example_bash_operator.py took 0.061 seconds
[2024-10-30T11:09:10.099+0000] {processor.py:186} INFO - Started process (PID=2126) to work on /home/airflow/.local/lib/python3.12/site-packages/airflow/example_dags/example_bash_operator.py
[2024-10-30T11:09:10.100+0000] {processor.py:914} INFO - Processing file /home/airflow/.local/lib/python3.12/site-packages/airflow/example_dags/example_bash_operator.py for tasks to queue
[2024-10-30T11:09:10.102+0000] {logging_mixin.py:190} INFO - [2024-10-30T11:09:10.101+0000] {dagbag.py:588} INFO - Filling up the DagBag from /home/airflow/.local/lib/python3.12/site-packages/airflow/example_dags/example_bash_operator.py
[2024-10-30T11:09:10.110+0000] {processor.py:925} INFO - DAG(s) 'example_bash_operator' retrieved from /home/airflow/.local/lib/python3.12/site-packages/airflow/example_dags/example_bash_operator.py
[2024-10-30T11:09:10.129+0000] {logging_mixin.py:190} INFO - [2024-10-30T11:09:10.129+0000] {dag.py:3239} INFO - Sync 1 DAGs
[2024-10-30T11:09:10.144+0000] {logging_mixin.py:190} INFO - [2024-10-30T11:09:10.144+0000] {dag.py:4180} INFO - Setting next_dagrun for example_bash_operator to 2024-10-29 00:00:00+00:00, run_after=2024-10-30 00:00:00+00:00
[2024-10-30T11:09:10.154+0000] {processor.py:208} INFO - Processing /home/airflow/.local/lib/python3.12/site-packages/airflow/example_dags/example_bash_operator.py took 0.059 seconds
