[2024-10-30T10:52:16.938+0000] {processor.py:186} INFO - Started process (PID=97) to work on /home/airflow/.local/lib/python3.12/site-packages/airflow/example_dags/example_inlet_event_extra.py
[2024-10-30T10:52:16.939+0000] {processor.py:914} INFO - Processing file /home/airflow/.local/lib/python3.12/site-packages/airflow/example_dags/example_inlet_event_extra.py for tasks to queue
[2024-10-30T10:52:16.942+0000] {logging_mixin.py:190} INFO - [2024-10-30T10:52:16.942+0000] {dagbag.py:588} INFO - Filling up the DagBag from /home/airflow/.local/lib/python3.12/site-packages/airflow/example_dags/example_inlet_event_extra.py
[2024-10-30T10:52:17.044+0000] {processor.py:925} INFO - DAG(s) 'read_dataset_event', 'read_dataset_event_from_classic' retrieved from /home/airflow/.local/lib/python3.12/site-packages/airflow/example_dags/example_inlet_event_extra.py
[2024-10-30T10:52:17.107+0000] {logging_mixin.py:190} INFO - [2024-10-30T10:52:17.106+0000] {override.py:1900} INFO - Created Permission View: can delete on DAG:read_dataset_event
[2024-10-30T10:52:17.113+0000] {logging_mixin.py:190} INFO - [2024-10-30T10:52:17.113+0000] {override.py:1900} INFO - Created Permission View: can read on DAG:read_dataset_event
[2024-10-30T10:52:17.121+0000] {logging_mixin.py:190} INFO - [2024-10-30T10:52:17.120+0000] {override.py:1900} INFO - Created Permission View: can edit on DAG:read_dataset_event
[2024-10-30T10:52:17.137+0000] {logging_mixin.py:190} INFO - [2024-10-30T10:52:17.136+0000] {override.py:1900} INFO - Created Permission View: can create on DAG Run:read_dataset_event
[2024-10-30T10:52:17.146+0000] {logging_mixin.py:190} INFO - [2024-10-30T10:52:17.146+0000] {override.py:1900} INFO - Created Permission View: can delete on DAG Run:read_dataset_event
[2024-10-30T10:52:17.152+0000] {logging_mixin.py:190} INFO - [2024-10-30T10:52:17.152+0000] {override.py:1900} INFO - Created Permission View: can read on DAG Run:read_dataset_event
[2024-10-30T10:52:17.162+0000] {logging_mixin.py:190} INFO - [2024-10-30T10:52:17.162+0000] {override.py:1900} INFO - Created Permission View: menu access on DAG Run:read_dataset_event
[2024-10-30T10:52:17.181+0000] {logging_mixin.py:190} INFO - [2024-10-30T10:52:17.181+0000] {override.py:1900} INFO - Created Permission View: can delete on DAG:read_dataset_event_from_classic
[2024-10-30T10:52:17.188+0000] {logging_mixin.py:190} INFO - [2024-10-30T10:52:17.188+0000] {override.py:1900} INFO - Created Permission View: can read on DAG:read_dataset_event_from_classic
[2024-10-30T10:52:17.196+0000] {logging_mixin.py:190} INFO - [2024-10-30T10:52:17.196+0000] {override.py:1900} INFO - Created Permission View: can edit on DAG:read_dataset_event_from_classic
[2024-10-30T10:52:17.204+0000] {logging_mixin.py:190} INFO - [2024-10-30T10:52:17.203+0000] {override.py:1900} INFO - Created Permission View: can create on DAG Run:read_dataset_event_from_classic
[2024-10-30T10:52:17.214+0000] {logging_mixin.py:190} INFO - [2024-10-30T10:52:17.213+0000] {override.py:1900} INFO - Created Permission View: can delete on DAG Run:read_dataset_event_from_classic
[2024-10-30T10:52:17.221+0000] {logging_mixin.py:190} INFO - [2024-10-30T10:52:17.221+0000] {override.py:1900} INFO - Created Permission View: can read on DAG Run:read_dataset_event_from_classic
[2024-10-30T10:52:17.228+0000] {logging_mixin.py:190} INFO - [2024-10-30T10:52:17.228+0000] {override.py:1900} INFO - Created Permission View: menu access on DAG Run:read_dataset_event_from_classic
[2024-10-30T10:52:17.229+0000] {logging_mixin.py:190} INFO - [2024-10-30T10:52:17.229+0000] {dag.py:3239} INFO - Sync 2 DAGs
[2024-10-30T10:52:17.240+0000] {logging_mixin.py:190} INFO - [2024-10-30T10:52:17.240+0000] {dag.py:3262} INFO - Creating ORM DAG for read_dataset_event_from_classic
[2024-10-30T10:52:17.241+0000] {logging_mixin.py:190} INFO - [2024-10-30T10:52:17.241+0000] {dag.py:3262} INFO - Creating ORM DAG for read_dataset_event
[2024-10-30T10:52:17.250+0000] {logging_mixin.py:190} INFO - [2024-10-30T10:52:17.250+0000] {dag.py:4180} INFO - Setting next_dagrun for read_dataset_event to 2024-10-29 00:00:00+00:00, run_after=2024-10-30 00:00:00+00:00
[2024-10-30T10:52:17.251+0000] {logging_mixin.py:190} INFO - [2024-10-30T10:52:17.251+0000] {dag.py:4180} INFO - Setting next_dagrun for read_dataset_event_from_classic to 2024-10-29 00:00:00+00:00, run_after=2024-10-30 00:00:00+00:00
[2024-10-30T10:52:17.270+0000] {processor.py:208} INFO - Processing /home/airflow/.local/lib/python3.12/site-packages/airflow/example_dags/example_inlet_event_extra.py took 0.335 seconds
[2024-10-30T10:52:47.700+0000] {processor.py:186} INFO - Started process (PID=159) to work on /home/airflow/.local/lib/python3.12/site-packages/airflow/example_dags/example_inlet_event_extra.py
[2024-10-30T10:52:47.701+0000] {processor.py:914} INFO - Processing file /home/airflow/.local/lib/python3.12/site-packages/airflow/example_dags/example_inlet_event_extra.py for tasks to queue
[2024-10-30T10:52:47.703+0000] {logging_mixin.py:190} INFO - [2024-10-30T10:52:47.702+0000] {dagbag.py:588} INFO - Filling up the DagBag from /home/airflow/.local/lib/python3.12/site-packages/airflow/example_dags/example_inlet_event_extra.py
[2024-10-30T10:52:47.804+0000] {processor.py:925} INFO - DAG(s) 'read_dataset_event', 'read_dataset_event_from_classic' retrieved from /home/airflow/.local/lib/python3.12/site-packages/airflow/example_dags/example_inlet_event_extra.py
[2024-10-30T10:52:47.816+0000] {logging_mixin.py:190} INFO - [2024-10-30T10:52:47.816+0000] {dag.py:3239} INFO - Sync 2 DAGs
[2024-10-30T10:52:47.833+0000] {logging_mixin.py:190} INFO - [2024-10-30T10:52:47.833+0000] {dag.py:4180} INFO - Setting next_dagrun for read_dataset_event to 2024-10-29 00:00:00+00:00, run_after=2024-10-30 00:00:00+00:00
[2024-10-30T10:52:47.836+0000] {logging_mixin.py:190} INFO - [2024-10-30T10:52:47.836+0000] {dag.py:4180} INFO - Setting next_dagrun for read_dataset_event_from_classic to 2024-10-29 00:00:00+00:00, run_after=2024-10-30 00:00:00+00:00
[2024-10-30T10:52:47.845+0000] {processor.py:208} INFO - Processing /home/airflow/.local/lib/python3.12/site-packages/airflow/example_dags/example_inlet_event_extra.py took 0.149 seconds
[2024-10-30T10:53:17.963+0000] {processor.py:186} INFO - Started process (PID=221) to work on /home/airflow/.local/lib/python3.12/site-packages/airflow/example_dags/example_inlet_event_extra.py
[2024-10-30T10:53:17.965+0000] {processor.py:914} INFO - Processing file /home/airflow/.local/lib/python3.12/site-packages/airflow/example_dags/example_inlet_event_extra.py for tasks to queue
[2024-10-30T10:53:17.968+0000] {logging_mixin.py:190} INFO - [2024-10-30T10:53:17.967+0000] {dagbag.py:588} INFO - Filling up the DagBag from /home/airflow/.local/lib/python3.12/site-packages/airflow/example_dags/example_inlet_event_extra.py
[2024-10-30T10:53:18.058+0000] {processor.py:925} INFO - DAG(s) 'read_dataset_event_from_classic', 'read_dataset_event' retrieved from /home/airflow/.local/lib/python3.12/site-packages/airflow/example_dags/example_inlet_event_extra.py
[2024-10-30T10:53:18.075+0000] {logging_mixin.py:190} INFO - [2024-10-30T10:53:18.074+0000] {dag.py:3239} INFO - Sync 2 DAGs
[2024-10-30T10:53:18.089+0000] {logging_mixin.py:190} INFO - [2024-10-30T10:53:18.089+0000] {dag.py:4180} INFO - Setting next_dagrun for read_dataset_event to 2024-10-29 00:00:00+00:00, run_after=2024-10-30 00:00:00+00:00
[2024-10-30T10:53:18.092+0000] {logging_mixin.py:190} INFO - [2024-10-30T10:53:18.092+0000] {dag.py:4180} INFO - Setting next_dagrun for read_dataset_event_from_classic to 2024-10-29 00:00:00+00:00, run_after=2024-10-30 00:00:00+00:00
[2024-10-30T10:53:18.106+0000] {processor.py:208} INFO - Processing /home/airflow/.local/lib/python3.12/site-packages/airflow/example_dags/example_inlet_event_extra.py took 0.146 seconds
[2024-10-30T10:53:48.982+0000] {processor.py:186} INFO - Started process (PID=283) to work on /home/airflow/.local/lib/python3.12/site-packages/airflow/example_dags/example_inlet_event_extra.py
[2024-10-30T10:53:48.988+0000] {processor.py:914} INFO - Processing file /home/airflow/.local/lib/python3.12/site-packages/airflow/example_dags/example_inlet_event_extra.py for tasks to queue
[2024-10-30T10:53:48.993+0000] {logging_mixin.py:190} INFO - [2024-10-30T10:53:48.992+0000] {dagbag.py:588} INFO - Filling up the DagBag from /home/airflow/.local/lib/python3.12/site-packages/airflow/example_dags/example_inlet_event_extra.py
[2024-10-30T10:53:49.097+0000] {processor.py:925} INFO - DAG(s) 'read_dataset_event', 'read_dataset_event_from_classic' retrieved from /home/airflow/.local/lib/python3.12/site-packages/airflow/example_dags/example_inlet_event_extra.py
[2024-10-30T10:53:49.115+0000] {logging_mixin.py:190} INFO - [2024-10-30T10:53:49.115+0000] {dag.py:3239} INFO - Sync 2 DAGs
[2024-10-30T10:53:49.136+0000] {logging_mixin.py:190} INFO - [2024-10-30T10:53:49.136+0000] {dag.py:4180} INFO - Setting next_dagrun for read_dataset_event to 2024-10-29 00:00:00+00:00, run_after=2024-10-30 00:00:00+00:00
[2024-10-30T10:53:49.140+0000] {logging_mixin.py:190} INFO - [2024-10-30T10:53:49.140+0000] {dag.py:4180} INFO - Setting next_dagrun for read_dataset_event_from_classic to 2024-10-29 00:00:00+00:00, run_after=2024-10-30 00:00:00+00:00
[2024-10-30T10:53:49.156+0000] {processor.py:208} INFO - Processing /home/airflow/.local/lib/python3.12/site-packages/airflow/example_dags/example_inlet_event_extra.py took 0.177 seconds
[2024-10-30T10:54:20.004+0000] {processor.py:186} INFO - Started process (PID=345) to work on /home/airflow/.local/lib/python3.12/site-packages/airflow/example_dags/example_inlet_event_extra.py
[2024-10-30T10:54:20.007+0000] {processor.py:914} INFO - Processing file /home/airflow/.local/lib/python3.12/site-packages/airflow/example_dags/example_inlet_event_extra.py for tasks to queue
[2024-10-30T10:54:20.009+0000] {logging_mixin.py:190} INFO - [2024-10-30T10:54:20.008+0000] {dagbag.py:588} INFO - Filling up the DagBag from /home/airflow/.local/lib/python3.12/site-packages/airflow/example_dags/example_inlet_event_extra.py
[2024-10-30T10:54:20.110+0000] {processor.py:925} INFO - DAG(s) 'read_dataset_event_from_classic', 'read_dataset_event' retrieved from /home/airflow/.local/lib/python3.12/site-packages/airflow/example_dags/example_inlet_event_extra.py
[2024-10-30T10:54:20.133+0000] {logging_mixin.py:190} INFO - [2024-10-30T10:54:20.133+0000] {dag.py:3239} INFO - Sync 2 DAGs
[2024-10-30T10:54:20.151+0000] {logging_mixin.py:190} INFO - [2024-10-30T10:54:20.151+0000] {dag.py:4180} INFO - Setting next_dagrun for read_dataset_event to 2024-10-29 00:00:00+00:00, run_after=2024-10-30 00:00:00+00:00
[2024-10-30T10:54:20.204+0000] {logging_mixin.py:190} INFO - [2024-10-30T10:54:20.204+0000] {dag.py:4180} INFO - Setting next_dagrun for read_dataset_event_from_classic to 2024-10-29 00:00:00+00:00, run_after=2024-10-30 00:00:00+00:00
[2024-10-30T10:54:20.226+0000] {processor.py:208} INFO - Processing /home/airflow/.local/lib/python3.12/site-packages/airflow/example_dags/example_inlet_event_extra.py took 0.226 seconds
[2024-10-30T10:54:50.945+0000] {processor.py:186} INFO - Started process (PID=407) to work on /home/airflow/.local/lib/python3.12/site-packages/airflow/example_dags/example_inlet_event_extra.py
[2024-10-30T10:54:50.946+0000] {processor.py:914} INFO - Processing file /home/airflow/.local/lib/python3.12/site-packages/airflow/example_dags/example_inlet_event_extra.py for tasks to queue
[2024-10-30T10:54:50.948+0000] {logging_mixin.py:190} INFO - [2024-10-30T10:54:50.947+0000] {dagbag.py:588} INFO - Filling up the DagBag from /home/airflow/.local/lib/python3.12/site-packages/airflow/example_dags/example_inlet_event_extra.py
[2024-10-30T10:54:51.050+0000] {processor.py:925} INFO - DAG(s) 'read_dataset_event', 'read_dataset_event_from_classic' retrieved from /home/airflow/.local/lib/python3.12/site-packages/airflow/example_dags/example_inlet_event_extra.py
[2024-10-30T10:54:51.065+0000] {logging_mixin.py:190} INFO - [2024-10-30T10:54:51.065+0000] {dag.py:3239} INFO - Sync 2 DAGs
[2024-10-30T10:54:51.081+0000] {logging_mixin.py:190} INFO - [2024-10-30T10:54:51.081+0000] {dag.py:4180} INFO - Setting next_dagrun for read_dataset_event to 2024-10-29 00:00:00+00:00, run_after=2024-10-30 00:00:00+00:00
[2024-10-30T10:54:51.086+0000] {logging_mixin.py:190} INFO - [2024-10-30T10:54:51.086+0000] {dag.py:4180} INFO - Setting next_dagrun for read_dataset_event_from_classic to 2024-10-29 00:00:00+00:00, run_after=2024-10-30 00:00:00+00:00
[2024-10-30T10:54:51.096+0000] {processor.py:208} INFO - Processing /home/airflow/.local/lib/python3.12/site-packages/airflow/example_dags/example_inlet_event_extra.py took 0.155 seconds
[2024-10-30T10:55:21.124+0000] {processor.py:186} INFO - Started process (PID=469) to work on /home/airflow/.local/lib/python3.12/site-packages/airflow/example_dags/example_inlet_event_extra.py
[2024-10-30T10:55:21.124+0000] {processor.py:914} INFO - Processing file /home/airflow/.local/lib/python3.12/site-packages/airflow/example_dags/example_inlet_event_extra.py for tasks to queue
[2024-10-30T10:55:21.126+0000] {logging_mixin.py:190} INFO - [2024-10-30T10:55:21.126+0000] {dagbag.py:588} INFO - Filling up the DagBag from /home/airflow/.local/lib/python3.12/site-packages/airflow/example_dags/example_inlet_event_extra.py
[2024-10-30T10:55:21.235+0000] {processor.py:925} INFO - DAG(s) 'read_dataset_event_from_classic', 'read_dataset_event' retrieved from /home/airflow/.local/lib/python3.12/site-packages/airflow/example_dags/example_inlet_event_extra.py
[2024-10-30T10:55:21.319+0000] {logging_mixin.py:190} INFO - [2024-10-30T10:55:21.319+0000] {dag.py:3239} INFO - Sync 2 DAGs
[2024-10-30T10:55:21.342+0000] {logging_mixin.py:190} INFO - [2024-10-30T10:55:21.342+0000] {dag.py:4180} INFO - Setting next_dagrun for read_dataset_event to 2024-10-29 00:00:00+00:00, run_after=2024-10-30 00:00:00+00:00
[2024-10-30T10:55:21.348+0000] {logging_mixin.py:190} INFO - [2024-10-30T10:55:21.348+0000] {dag.py:4180} INFO - Setting next_dagrun for read_dataset_event_from_classic to 2024-10-29 00:00:00+00:00, run_after=2024-10-30 00:00:00+00:00
[2024-10-30T10:55:21.362+0000] {processor.py:208} INFO - Processing /home/airflow/.local/lib/python3.12/site-packages/airflow/example_dags/example_inlet_event_extra.py took 0.242 seconds
[2024-10-30T10:55:51.912+0000] {processor.py:186} INFO - Started process (PID=531) to work on /home/airflow/.local/lib/python3.12/site-packages/airflow/example_dags/example_inlet_event_extra.py
[2024-10-30T10:55:51.915+0000] {processor.py:914} INFO - Processing file /home/airflow/.local/lib/python3.12/site-packages/airflow/example_dags/example_inlet_event_extra.py for tasks to queue
[2024-10-30T10:55:51.918+0000] {logging_mixin.py:190} INFO - [2024-10-30T10:55:51.918+0000] {dagbag.py:588} INFO - Filling up the DagBag from /home/airflow/.local/lib/python3.12/site-packages/airflow/example_dags/example_inlet_event_extra.py
[2024-10-30T10:55:52.017+0000] {processor.py:925} INFO - DAG(s) 'read_dataset_event_from_classic', 'read_dataset_event' retrieved from /home/airflow/.local/lib/python3.12/site-packages/airflow/example_dags/example_inlet_event_extra.py
[2024-10-30T10:55:52.033+0000] {logging_mixin.py:190} INFO - [2024-10-30T10:55:52.033+0000] {dag.py:3239} INFO - Sync 2 DAGs
[2024-10-30T10:55:52.052+0000] {logging_mixin.py:190} INFO - [2024-10-30T10:55:52.051+0000] {dag.py:4180} INFO - Setting next_dagrun for read_dataset_event to 2024-10-29 00:00:00+00:00, run_after=2024-10-30 00:00:00+00:00
[2024-10-30T10:55:52.055+0000] {logging_mixin.py:190} INFO - [2024-10-30T10:55:52.055+0000] {dag.py:4180} INFO - Setting next_dagrun for read_dataset_event_from_classic to 2024-10-29 00:00:00+00:00, run_after=2024-10-30 00:00:00+00:00
[2024-10-30T10:55:52.068+0000] {processor.py:208} INFO - Processing /home/airflow/.local/lib/python3.12/site-packages/airflow/example_dags/example_inlet_event_extra.py took 0.161 seconds
[2024-10-30T10:56:22.867+0000] {processor.py:186} INFO - Started process (PID=593) to work on /home/airflow/.local/lib/python3.12/site-packages/airflow/example_dags/example_inlet_event_extra.py
[2024-10-30T10:56:22.868+0000] {processor.py:914} INFO - Processing file /home/airflow/.local/lib/python3.12/site-packages/airflow/example_dags/example_inlet_event_extra.py for tasks to queue
[2024-10-30T10:56:22.870+0000] {logging_mixin.py:190} INFO - [2024-10-30T10:56:22.869+0000] {dagbag.py:588} INFO - Filling up the DagBag from /home/airflow/.local/lib/python3.12/site-packages/airflow/example_dags/example_inlet_event_extra.py
[2024-10-30T10:56:22.967+0000] {processor.py:925} INFO - DAG(s) 'read_dataset_event_from_classic', 'read_dataset_event' retrieved from /home/airflow/.local/lib/python3.12/site-packages/airflow/example_dags/example_inlet_event_extra.py
[2024-10-30T10:56:22.982+0000] {logging_mixin.py:190} INFO - [2024-10-30T10:56:22.982+0000] {dag.py:3239} INFO - Sync 2 DAGs
[2024-10-30T10:56:22.998+0000] {logging_mixin.py:190} INFO - [2024-10-30T10:56:22.998+0000] {dag.py:4180} INFO - Setting next_dagrun for read_dataset_event to 2024-10-29 00:00:00+00:00, run_after=2024-10-30 00:00:00+00:00
[2024-10-30T10:56:23.001+0000] {logging_mixin.py:190} INFO - [2024-10-30T10:56:23.001+0000] {dag.py:4180} INFO - Setting next_dagrun for read_dataset_event_from_classic to 2024-10-29 00:00:00+00:00, run_after=2024-10-30 00:00:00+00:00
[2024-10-30T10:56:23.013+0000] {processor.py:208} INFO - Processing /home/airflow/.local/lib/python3.12/site-packages/airflow/example_dags/example_inlet_event_extra.py took 0.151 seconds
[2024-10-30T10:56:53.703+0000] {processor.py:186} INFO - Started process (PID=655) to work on /home/airflow/.local/lib/python3.12/site-packages/airflow/example_dags/example_inlet_event_extra.py
[2024-10-30T10:56:53.704+0000] {processor.py:914} INFO - Processing file /home/airflow/.local/lib/python3.12/site-packages/airflow/example_dags/example_inlet_event_extra.py for tasks to queue
[2024-10-30T10:56:53.705+0000] {logging_mixin.py:190} INFO - [2024-10-30T10:56:53.705+0000] {dagbag.py:588} INFO - Filling up the DagBag from /home/airflow/.local/lib/python3.12/site-packages/airflow/example_dags/example_inlet_event_extra.py
[2024-10-30T10:56:53.802+0000] {processor.py:925} INFO - DAG(s) 'read_dataset_event_from_classic', 'read_dataset_event' retrieved from /home/airflow/.local/lib/python3.12/site-packages/airflow/example_dags/example_inlet_event_extra.py
[2024-10-30T10:56:53.824+0000] {logging_mixin.py:190} INFO - [2024-10-30T10:56:53.824+0000] {dag.py:3239} INFO - Sync 2 DAGs
[2024-10-30T10:56:53.839+0000] {logging_mixin.py:190} INFO - [2024-10-30T10:56:53.839+0000] {dag.py:4180} INFO - Setting next_dagrun for read_dataset_event to 2024-10-29 00:00:00+00:00, run_after=2024-10-30 00:00:00+00:00
[2024-10-30T10:56:53.842+0000] {logging_mixin.py:190} INFO - [2024-10-30T10:56:53.842+0000] {dag.py:4180} INFO - Setting next_dagrun for read_dataset_event_from_classic to 2024-10-29 00:00:00+00:00, run_after=2024-10-30 00:00:00+00:00
[2024-10-30T10:56:53.853+0000] {processor.py:208} INFO - Processing /home/airflow/.local/lib/python3.12/site-packages/airflow/example_dags/example_inlet_event_extra.py took 0.154 seconds
[2024-10-30T10:57:24.506+0000] {processor.py:186} INFO - Started process (PID=717) to work on /home/airflow/.local/lib/python3.12/site-packages/airflow/example_dags/example_inlet_event_extra.py
[2024-10-30T10:57:24.510+0000] {processor.py:914} INFO - Processing file /home/airflow/.local/lib/python3.12/site-packages/airflow/example_dags/example_inlet_event_extra.py for tasks to queue
[2024-10-30T10:57:24.512+0000] {logging_mixin.py:190} INFO - [2024-10-30T10:57:24.512+0000] {dagbag.py:588} INFO - Filling up the DagBag from /home/airflow/.local/lib/python3.12/site-packages/airflow/example_dags/example_inlet_event_extra.py
[2024-10-30T10:57:24.607+0000] {processor.py:925} INFO - DAG(s) 'read_dataset_event_from_classic', 'read_dataset_event' retrieved from /home/airflow/.local/lib/python3.12/site-packages/airflow/example_dags/example_inlet_event_extra.py
[2024-10-30T10:57:24.624+0000] {logging_mixin.py:190} INFO - [2024-10-30T10:57:24.624+0000] {dag.py:3239} INFO - Sync 2 DAGs
[2024-10-30T10:57:24.639+0000] {logging_mixin.py:190} INFO - [2024-10-30T10:57:24.639+0000] {dag.py:4180} INFO - Setting next_dagrun for read_dataset_event to 2024-10-29 00:00:00+00:00, run_after=2024-10-30 00:00:00+00:00
[2024-10-30T10:57:24.642+0000] {logging_mixin.py:190} INFO - [2024-10-30T10:57:24.642+0000] {dag.py:4180} INFO - Setting next_dagrun for read_dataset_event_from_classic to 2024-10-29 00:00:00+00:00, run_after=2024-10-30 00:00:00+00:00
[2024-10-30T10:57:24.652+0000] {processor.py:208} INFO - Processing /home/airflow/.local/lib/python3.12/site-packages/airflow/example_dags/example_inlet_event_extra.py took 0.150 seconds
[2024-10-30T10:57:55.255+0000] {processor.py:186} INFO - Started process (PID=779) to work on /home/airflow/.local/lib/python3.12/site-packages/airflow/example_dags/example_inlet_event_extra.py
[2024-10-30T10:57:55.258+0000] {processor.py:914} INFO - Processing file /home/airflow/.local/lib/python3.12/site-packages/airflow/example_dags/example_inlet_event_extra.py for tasks to queue
[2024-10-30T10:57:55.260+0000] {logging_mixin.py:190} INFO - [2024-10-30T10:57:55.260+0000] {dagbag.py:588} INFO - Filling up the DagBag from /home/airflow/.local/lib/python3.12/site-packages/airflow/example_dags/example_inlet_event_extra.py
[2024-10-30T10:57:55.355+0000] {processor.py:925} INFO - DAG(s) 'read_dataset_event', 'read_dataset_event_from_classic' retrieved from /home/airflow/.local/lib/python3.12/site-packages/airflow/example_dags/example_inlet_event_extra.py
[2024-10-30T10:57:55.369+0000] {logging_mixin.py:190} INFO - [2024-10-30T10:57:55.368+0000] {dag.py:3239} INFO - Sync 2 DAGs
[2024-10-30T10:57:55.384+0000] {logging_mixin.py:190} INFO - [2024-10-30T10:57:55.383+0000] {dag.py:4180} INFO - Setting next_dagrun for read_dataset_event to 2024-10-29 00:00:00+00:00, run_after=2024-10-30 00:00:00+00:00
[2024-10-30T10:57:55.388+0000] {logging_mixin.py:190} INFO - [2024-10-30T10:57:55.387+0000] {dag.py:4180} INFO - Setting next_dagrun for read_dataset_event_from_classic to 2024-10-29 00:00:00+00:00, run_after=2024-10-30 00:00:00+00:00
[2024-10-30T10:57:55.400+0000] {processor.py:208} INFO - Processing /home/airflow/.local/lib/python3.12/site-packages/airflow/example_dags/example_inlet_event_extra.py took 0.150 seconds
[2024-10-30T10:58:26.116+0000] {processor.py:186} INFO - Started process (PID=840) to work on /home/airflow/.local/lib/python3.12/site-packages/airflow/example_dags/example_inlet_event_extra.py
[2024-10-30T10:58:26.121+0000] {processor.py:914} INFO - Processing file /home/airflow/.local/lib/python3.12/site-packages/airflow/example_dags/example_inlet_event_extra.py for tasks to queue
[2024-10-30T10:58:26.122+0000] {logging_mixin.py:190} INFO - [2024-10-30T10:58:26.122+0000] {dagbag.py:588} INFO - Filling up the DagBag from /home/airflow/.local/lib/python3.12/site-packages/airflow/example_dags/example_inlet_event_extra.py
[2024-10-30T10:58:26.215+0000] {processor.py:925} INFO - DAG(s) 'read_dataset_event', 'read_dataset_event_from_classic' retrieved from /home/airflow/.local/lib/python3.12/site-packages/airflow/example_dags/example_inlet_event_extra.py
[2024-10-30T10:58:26.230+0000] {logging_mixin.py:190} INFO - [2024-10-30T10:58:26.230+0000] {dag.py:3239} INFO - Sync 2 DAGs
[2024-10-30T10:58:26.244+0000] {logging_mixin.py:190} INFO - [2024-10-30T10:58:26.244+0000] {dag.py:4180} INFO - Setting next_dagrun for read_dataset_event to 2024-10-29 00:00:00+00:00, run_after=2024-10-30 00:00:00+00:00
[2024-10-30T10:58:26.247+0000] {logging_mixin.py:190} INFO - [2024-10-30T10:58:26.247+0000] {dag.py:4180} INFO - Setting next_dagrun for read_dataset_event_from_classic to 2024-10-29 00:00:00+00:00, run_after=2024-10-30 00:00:00+00:00
[2024-10-30T10:58:26.256+0000] {processor.py:208} INFO - Processing /home/airflow/.local/lib/python3.12/site-packages/airflow/example_dags/example_inlet_event_extra.py took 0.144 seconds
[2024-10-30T10:58:56.901+0000] {processor.py:186} INFO - Started process (PID=902) to work on /home/airflow/.local/lib/python3.12/site-packages/airflow/example_dags/example_inlet_event_extra.py
[2024-10-30T10:58:56.905+0000] {processor.py:914} INFO - Processing file /home/airflow/.local/lib/python3.12/site-packages/airflow/example_dags/example_inlet_event_extra.py for tasks to queue
[2024-10-30T10:58:56.908+0000] {logging_mixin.py:190} INFO - [2024-10-30T10:58:56.907+0000] {dagbag.py:588} INFO - Filling up the DagBag from /home/airflow/.local/lib/python3.12/site-packages/airflow/example_dags/example_inlet_event_extra.py
[2024-10-30T10:58:57.011+0000] {processor.py:925} INFO - DAG(s) 'read_dataset_event_from_classic', 'read_dataset_event' retrieved from /home/airflow/.local/lib/python3.12/site-packages/airflow/example_dags/example_inlet_event_extra.py
[2024-10-30T10:58:57.026+0000] {logging_mixin.py:190} INFO - [2024-10-30T10:58:57.026+0000] {dag.py:3239} INFO - Sync 2 DAGs
[2024-10-30T10:58:57.042+0000] {logging_mixin.py:190} INFO - [2024-10-30T10:58:57.042+0000] {dag.py:4180} INFO - Setting next_dagrun for read_dataset_event to 2024-10-29 00:00:00+00:00, run_after=2024-10-30 00:00:00+00:00
[2024-10-30T10:58:57.046+0000] {logging_mixin.py:190} INFO - [2024-10-30T10:58:57.046+0000] {dag.py:4180} INFO - Setting next_dagrun for read_dataset_event_from_classic to 2024-10-29 00:00:00+00:00, run_after=2024-10-30 00:00:00+00:00
[2024-10-30T10:58:57.062+0000] {processor.py:208} INFO - Processing /home/airflow/.local/lib/python3.12/site-packages/airflow/example_dags/example_inlet_event_extra.py took 0.166 seconds
[2024-10-30T10:59:27.564+0000] {processor.py:186} INFO - Started process (PID=964) to work on /home/airflow/.local/lib/python3.12/site-packages/airflow/example_dags/example_inlet_event_extra.py
[2024-10-30T10:59:27.565+0000] {processor.py:914} INFO - Processing file /home/airflow/.local/lib/python3.12/site-packages/airflow/example_dags/example_inlet_event_extra.py for tasks to queue
[2024-10-30T10:59:27.567+0000] {logging_mixin.py:190} INFO - [2024-10-30T10:59:27.566+0000] {dagbag.py:588} INFO - Filling up the DagBag from /home/airflow/.local/lib/python3.12/site-packages/airflow/example_dags/example_inlet_event_extra.py
[2024-10-30T10:59:27.655+0000] {processor.py:925} INFO - DAG(s) 'read_dataset_event_from_classic', 'read_dataset_event' retrieved from /home/airflow/.local/lib/python3.12/site-packages/airflow/example_dags/example_inlet_event_extra.py
[2024-10-30T10:59:27.671+0000] {logging_mixin.py:190} INFO - [2024-10-30T10:59:27.671+0000] {dag.py:3239} INFO - Sync 2 DAGs
[2024-10-30T10:59:27.686+0000] {logging_mixin.py:190} INFO - [2024-10-30T10:59:27.686+0000] {dag.py:4180} INFO - Setting next_dagrun for read_dataset_event to 2024-10-29 00:00:00+00:00, run_after=2024-10-30 00:00:00+00:00
[2024-10-30T10:59:27.689+0000] {logging_mixin.py:190} INFO - [2024-10-30T10:59:27.688+0000] {dag.py:4180} INFO - Setting next_dagrun for read_dataset_event_from_classic to 2024-10-29 00:00:00+00:00, run_after=2024-10-30 00:00:00+00:00
[2024-10-30T10:59:27.698+0000] {processor.py:208} INFO - Processing /home/airflow/.local/lib/python3.12/site-packages/airflow/example_dags/example_inlet_event_extra.py took 0.137 seconds
[2024-10-30T10:59:58.404+0000] {processor.py:186} INFO - Started process (PID=1026) to work on /home/airflow/.local/lib/python3.12/site-packages/airflow/example_dags/example_inlet_event_extra.py
[2024-10-30T10:59:58.405+0000] {processor.py:914} INFO - Processing file /home/airflow/.local/lib/python3.12/site-packages/airflow/example_dags/example_inlet_event_extra.py for tasks to queue
[2024-10-30T10:59:58.406+0000] {logging_mixin.py:190} INFO - [2024-10-30T10:59:58.406+0000] {dagbag.py:588} INFO - Filling up the DagBag from /home/airflow/.local/lib/python3.12/site-packages/airflow/example_dags/example_inlet_event_extra.py
[2024-10-30T10:59:58.498+0000] {processor.py:925} INFO - DAG(s) 'read_dataset_event', 'read_dataset_event_from_classic' retrieved from /home/airflow/.local/lib/python3.12/site-packages/airflow/example_dags/example_inlet_event_extra.py
[2024-10-30T10:59:58.512+0000] {logging_mixin.py:190} INFO - [2024-10-30T10:59:58.512+0000] {dag.py:3239} INFO - Sync 2 DAGs
[2024-10-30T10:59:58.526+0000] {logging_mixin.py:190} INFO - [2024-10-30T10:59:58.526+0000] {dag.py:4180} INFO - Setting next_dagrun for read_dataset_event to 2024-10-29 00:00:00+00:00, run_after=2024-10-30 00:00:00+00:00
[2024-10-30T10:59:58.531+0000] {logging_mixin.py:190} INFO - [2024-10-30T10:59:58.531+0000] {dag.py:4180} INFO - Setting next_dagrun for read_dataset_event_from_classic to 2024-10-29 00:00:00+00:00, run_after=2024-10-30 00:00:00+00:00
[2024-10-30T10:59:58.541+0000] {processor.py:208} INFO - Processing /home/airflow/.local/lib/python3.12/site-packages/airflow/example_dags/example_inlet_event_extra.py took 0.141 seconds
[2024-10-30T11:00:29.114+0000] {processor.py:186} INFO - Started process (PID=1088) to work on /home/airflow/.local/lib/python3.12/site-packages/airflow/example_dags/example_inlet_event_extra.py
[2024-10-30T11:00:29.115+0000] {processor.py:914} INFO - Processing file /home/airflow/.local/lib/python3.12/site-packages/airflow/example_dags/example_inlet_event_extra.py for tasks to queue
[2024-10-30T11:00:29.117+0000] {logging_mixin.py:190} INFO - [2024-10-30T11:00:29.116+0000] {dagbag.py:588} INFO - Filling up the DagBag from /home/airflow/.local/lib/python3.12/site-packages/airflow/example_dags/example_inlet_event_extra.py
[2024-10-30T11:00:29.210+0000] {processor.py:925} INFO - DAG(s) 'read_dataset_event', 'read_dataset_event_from_classic' retrieved from /home/airflow/.local/lib/python3.12/site-packages/airflow/example_dags/example_inlet_event_extra.py
[2024-10-30T11:00:29.225+0000] {logging_mixin.py:190} INFO - [2024-10-30T11:00:29.225+0000] {dag.py:3239} INFO - Sync 2 DAGs
[2024-10-30T11:00:29.239+0000] {logging_mixin.py:190} INFO - [2024-10-30T11:00:29.239+0000] {dag.py:4180} INFO - Setting next_dagrun for read_dataset_event to 2024-10-29 00:00:00+00:00, run_after=2024-10-30 00:00:00+00:00
[2024-10-30T11:00:29.242+0000] {logging_mixin.py:190} INFO - [2024-10-30T11:00:29.242+0000] {dag.py:4180} INFO - Setting next_dagrun for read_dataset_event_from_classic to 2024-10-29 00:00:00+00:00, run_after=2024-10-30 00:00:00+00:00
[2024-10-30T11:00:29.251+0000] {processor.py:208} INFO - Processing /home/airflow/.local/lib/python3.12/site-packages/airflow/example_dags/example_inlet_event_extra.py took 0.141 seconds
[2024-10-30T11:01:00.086+0000] {processor.py:186} INFO - Started process (PID=1150) to work on /home/airflow/.local/lib/python3.12/site-packages/airflow/example_dags/example_inlet_event_extra.py
[2024-10-30T11:01:00.088+0000] {processor.py:914} INFO - Processing file /home/airflow/.local/lib/python3.12/site-packages/airflow/example_dags/example_inlet_event_extra.py for tasks to queue
[2024-10-30T11:01:00.090+0000] {logging_mixin.py:190} INFO - [2024-10-30T11:01:00.090+0000] {dagbag.py:588} INFO - Filling up the DagBag from /home/airflow/.local/lib/python3.12/site-packages/airflow/example_dags/example_inlet_event_extra.py
[2024-10-30T11:01:00.190+0000] {processor.py:925} INFO - DAG(s) 'read_dataset_event', 'read_dataset_event_from_classic' retrieved from /home/airflow/.local/lib/python3.12/site-packages/airflow/example_dags/example_inlet_event_extra.py
[2024-10-30T11:01:00.205+0000] {logging_mixin.py:190} INFO - [2024-10-30T11:01:00.205+0000] {dag.py:3239} INFO - Sync 2 DAGs
[2024-10-30T11:01:00.222+0000] {logging_mixin.py:190} INFO - [2024-10-30T11:01:00.222+0000] {dag.py:4180} INFO - Setting next_dagrun for read_dataset_event to 2024-10-29 00:00:00+00:00, run_after=2024-10-30 00:00:00+00:00
[2024-10-30T11:01:00.226+0000] {logging_mixin.py:190} INFO - [2024-10-30T11:01:00.226+0000] {dag.py:4180} INFO - Setting next_dagrun for read_dataset_event_from_classic to 2024-10-29 00:00:00+00:00, run_after=2024-10-30 00:00:00+00:00
[2024-10-30T11:01:00.241+0000] {processor.py:208} INFO - Processing /home/airflow/.local/lib/python3.12/site-packages/airflow/example_dags/example_inlet_event_extra.py took 0.160 seconds
[2024-10-30T11:01:30.732+0000] {processor.py:186} INFO - Started process (PID=1212) to work on /home/airflow/.local/lib/python3.12/site-packages/airflow/example_dags/example_inlet_event_extra.py
[2024-10-30T11:01:30.733+0000] {processor.py:914} INFO - Processing file /home/airflow/.local/lib/python3.12/site-packages/airflow/example_dags/example_inlet_event_extra.py for tasks to queue
[2024-10-30T11:01:30.736+0000] {logging_mixin.py:190} INFO - [2024-10-30T11:01:30.735+0000] {dagbag.py:588} INFO - Filling up the DagBag from /home/airflow/.local/lib/python3.12/site-packages/airflow/example_dags/example_inlet_event_extra.py
[2024-10-30T11:01:30.831+0000] {processor.py:925} INFO - DAG(s) 'read_dataset_event', 'read_dataset_event_from_classic' retrieved from /home/airflow/.local/lib/python3.12/site-packages/airflow/example_dags/example_inlet_event_extra.py
[2024-10-30T11:01:30.848+0000] {logging_mixin.py:190} INFO - [2024-10-30T11:01:30.847+0000] {dag.py:3239} INFO - Sync 2 DAGs
[2024-10-30T11:01:30.866+0000] {logging_mixin.py:190} INFO - [2024-10-30T11:01:30.865+0000] {dag.py:4180} INFO - Setting next_dagrun for read_dataset_event to 2024-10-29 00:00:00+00:00, run_after=2024-10-30 00:00:00+00:00
[2024-10-30T11:01:30.871+0000] {logging_mixin.py:190} INFO - [2024-10-30T11:01:30.871+0000] {dag.py:4180} INFO - Setting next_dagrun for read_dataset_event_from_classic to 2024-10-29 00:00:00+00:00, run_after=2024-10-30 00:00:00+00:00
[2024-10-30T11:01:30.887+0000] {processor.py:208} INFO - Processing /home/airflow/.local/lib/python3.12/site-packages/airflow/example_dags/example_inlet_event_extra.py took 0.159 seconds
[2024-10-30T11:02:01.604+0000] {processor.py:186} INFO - Started process (PID=1274) to work on /home/airflow/.local/lib/python3.12/site-packages/airflow/example_dags/example_inlet_event_extra.py
[2024-10-30T11:02:01.608+0000] {processor.py:914} INFO - Processing file /home/airflow/.local/lib/python3.12/site-packages/airflow/example_dags/example_inlet_event_extra.py for tasks to queue
[2024-10-30T11:02:01.611+0000] {logging_mixin.py:190} INFO - [2024-10-30T11:02:01.610+0000] {dagbag.py:588} INFO - Filling up the DagBag from /home/airflow/.local/lib/python3.12/site-packages/airflow/example_dags/example_inlet_event_extra.py
[2024-10-30T11:02:01.717+0000] {processor.py:925} INFO - DAG(s) 'read_dataset_event', 'read_dataset_event_from_classic' retrieved from /home/airflow/.local/lib/python3.12/site-packages/airflow/example_dags/example_inlet_event_extra.py
[2024-10-30T11:02:01.730+0000] {logging_mixin.py:190} INFO - [2024-10-30T11:02:01.730+0000] {dag.py:3239} INFO - Sync 2 DAGs
[2024-10-30T11:02:01.745+0000] {logging_mixin.py:190} INFO - [2024-10-30T11:02:01.745+0000] {dag.py:4180} INFO - Setting next_dagrun for read_dataset_event to 2024-10-29 00:00:00+00:00, run_after=2024-10-30 00:00:00+00:00
[2024-10-30T11:02:01.750+0000] {logging_mixin.py:190} INFO - [2024-10-30T11:02:01.750+0000] {dag.py:4180} INFO - Setting next_dagrun for read_dataset_event_from_classic to 2024-10-29 00:00:00+00:00, run_after=2024-10-30 00:00:00+00:00
[2024-10-30T11:02:01.761+0000] {processor.py:208} INFO - Processing /home/airflow/.local/lib/python3.12/site-packages/airflow/example_dags/example_inlet_event_extra.py took 0.160 seconds
[2024-10-30T11:02:32.403+0000] {processor.py:186} INFO - Started process (PID=1335) to work on /home/airflow/.local/lib/python3.12/site-packages/airflow/example_dags/example_inlet_event_extra.py
[2024-10-30T11:02:32.405+0000] {processor.py:914} INFO - Processing file /home/airflow/.local/lib/python3.12/site-packages/airflow/example_dags/example_inlet_event_extra.py for tasks to queue
[2024-10-30T11:02:32.407+0000] {logging_mixin.py:190} INFO - [2024-10-30T11:02:32.407+0000] {dagbag.py:588} INFO - Filling up the DagBag from /home/airflow/.local/lib/python3.12/site-packages/airflow/example_dags/example_inlet_event_extra.py
[2024-10-30T11:02:32.499+0000] {processor.py:925} INFO - DAG(s) 'read_dataset_event', 'read_dataset_event_from_classic' retrieved from /home/airflow/.local/lib/python3.12/site-packages/airflow/example_dags/example_inlet_event_extra.py
[2024-10-30T11:02:32.511+0000] {logging_mixin.py:190} INFO - [2024-10-30T11:02:32.511+0000] {dag.py:3239} INFO - Sync 2 DAGs
[2024-10-30T11:02:32.524+0000] {logging_mixin.py:190} INFO - [2024-10-30T11:02:32.524+0000] {dag.py:4180} INFO - Setting next_dagrun for read_dataset_event to 2024-10-29 00:00:00+00:00, run_after=2024-10-30 00:00:00+00:00
[2024-10-30T11:02:32.527+0000] {logging_mixin.py:190} INFO - [2024-10-30T11:02:32.527+0000] {dag.py:4180} INFO - Setting next_dagrun for read_dataset_event_from_classic to 2024-10-29 00:00:00+00:00, run_after=2024-10-30 00:00:00+00:00
[2024-10-30T11:02:32.536+0000] {processor.py:208} INFO - Processing /home/airflow/.local/lib/python3.12/site-packages/airflow/example_dags/example_inlet_event_extra.py took 0.136 seconds
[2024-10-30T11:03:03.394+0000] {processor.py:186} INFO - Started process (PID=1397) to work on /home/airflow/.local/lib/python3.12/site-packages/airflow/example_dags/example_inlet_event_extra.py
[2024-10-30T11:03:03.396+0000] {processor.py:914} INFO - Processing file /home/airflow/.local/lib/python3.12/site-packages/airflow/example_dags/example_inlet_event_extra.py for tasks to queue
[2024-10-30T11:03:03.401+0000] {logging_mixin.py:190} INFO - [2024-10-30T11:03:03.401+0000] {dagbag.py:588} INFO - Filling up the DagBag from /home/airflow/.local/lib/python3.12/site-packages/airflow/example_dags/example_inlet_event_extra.py
[2024-10-30T11:03:03.511+0000] {processor.py:925} INFO - DAG(s) 'read_dataset_event', 'read_dataset_event_from_classic' retrieved from /home/airflow/.local/lib/python3.12/site-packages/airflow/example_dags/example_inlet_event_extra.py
[2024-10-30T11:03:03.524+0000] {logging_mixin.py:190} INFO - [2024-10-30T11:03:03.524+0000] {dag.py:3239} INFO - Sync 2 DAGs
[2024-10-30T11:03:03.538+0000] {logging_mixin.py:190} INFO - [2024-10-30T11:03:03.538+0000] {dag.py:4180} INFO - Setting next_dagrun for read_dataset_event to 2024-10-29 00:00:00+00:00, run_after=2024-10-30 00:00:00+00:00
[2024-10-30T11:03:03.541+0000] {logging_mixin.py:190} INFO - [2024-10-30T11:03:03.541+0000] {dag.py:4180} INFO - Setting next_dagrun for read_dataset_event_from_classic to 2024-10-29 00:00:00+00:00, run_after=2024-10-30 00:00:00+00:00
[2024-10-30T11:03:03.550+0000] {processor.py:208} INFO - Processing /home/airflow/.local/lib/python3.12/site-packages/airflow/example_dags/example_inlet_event_extra.py took 0.160 seconds
[2024-10-30T11:03:34.156+0000] {processor.py:186} INFO - Started process (PID=1459) to work on /home/airflow/.local/lib/python3.12/site-packages/airflow/example_dags/example_inlet_event_extra.py
[2024-10-30T11:03:34.158+0000] {processor.py:914} INFO - Processing file /home/airflow/.local/lib/python3.12/site-packages/airflow/example_dags/example_inlet_event_extra.py for tasks to queue
[2024-10-30T11:03:34.159+0000] {logging_mixin.py:190} INFO - [2024-10-30T11:03:34.159+0000] {dagbag.py:588} INFO - Filling up the DagBag from /home/airflow/.local/lib/python3.12/site-packages/airflow/example_dags/example_inlet_event_extra.py
[2024-10-30T11:03:34.257+0000] {processor.py:925} INFO - DAG(s) 'read_dataset_event', 'read_dataset_event_from_classic' retrieved from /home/airflow/.local/lib/python3.12/site-packages/airflow/example_dags/example_inlet_event_extra.py
[2024-10-30T11:03:34.271+0000] {logging_mixin.py:190} INFO - [2024-10-30T11:03:34.271+0000] {dag.py:3239} INFO - Sync 2 DAGs
[2024-10-30T11:03:34.287+0000] {logging_mixin.py:190} INFO - [2024-10-30T11:03:34.287+0000] {dag.py:4180} INFO - Setting next_dagrun for read_dataset_event to 2024-10-29 00:00:00+00:00, run_after=2024-10-30 00:00:00+00:00
[2024-10-30T11:03:34.291+0000] {logging_mixin.py:190} INFO - [2024-10-30T11:03:34.290+0000] {dag.py:4180} INFO - Setting next_dagrun for read_dataset_event_from_classic to 2024-10-29 00:00:00+00:00, run_after=2024-10-30 00:00:00+00:00
[2024-10-30T11:03:34.302+0000] {processor.py:208} INFO - Processing /home/airflow/.local/lib/python3.12/site-packages/airflow/example_dags/example_inlet_event_extra.py took 0.149 seconds
[2024-10-30T11:04:04.814+0000] {processor.py:186} INFO - Started process (PID=1521) to work on /home/airflow/.local/lib/python3.12/site-packages/airflow/example_dags/example_inlet_event_extra.py
[2024-10-30T11:04:04.816+0000] {processor.py:914} INFO - Processing file /home/airflow/.local/lib/python3.12/site-packages/airflow/example_dags/example_inlet_event_extra.py for tasks to queue
[2024-10-30T11:04:04.818+0000] {logging_mixin.py:190} INFO - [2024-10-30T11:04:04.817+0000] {dagbag.py:588} INFO - Filling up the DagBag from /home/airflow/.local/lib/python3.12/site-packages/airflow/example_dags/example_inlet_event_extra.py
[2024-10-30T11:04:04.913+0000] {processor.py:925} INFO - DAG(s) 'read_dataset_event_from_classic', 'read_dataset_event' retrieved from /home/airflow/.local/lib/python3.12/site-packages/airflow/example_dags/example_inlet_event_extra.py
[2024-10-30T11:04:04.927+0000] {logging_mixin.py:190} INFO - [2024-10-30T11:04:04.927+0000] {dag.py:3239} INFO - Sync 2 DAGs
[2024-10-30T11:04:04.945+0000] {logging_mixin.py:190} INFO - [2024-10-30T11:04:04.944+0000] {dag.py:4180} INFO - Setting next_dagrun for read_dataset_event to 2024-10-29 00:00:00+00:00, run_after=2024-10-30 00:00:00+00:00
[2024-10-30T11:04:04.952+0000] {logging_mixin.py:190} INFO - [2024-10-30T11:04:04.952+0000] {dag.py:4180} INFO - Setting next_dagrun for read_dataset_event_from_classic to 2024-10-29 00:00:00+00:00, run_after=2024-10-30 00:00:00+00:00
[2024-10-30T11:04:04.962+0000] {processor.py:208} INFO - Processing /home/airflow/.local/lib/python3.12/site-packages/airflow/example_dags/example_inlet_event_extra.py took 0.152 seconds
[2024-10-30T11:04:35.073+0000] {processor.py:186} INFO - Started process (PID=1584) to work on /home/airflow/.local/lib/python3.12/site-packages/airflow/example_dags/example_inlet_event_extra.py
[2024-10-30T11:04:35.074+0000] {processor.py:914} INFO - Processing file /home/airflow/.local/lib/python3.12/site-packages/airflow/example_dags/example_inlet_event_extra.py for tasks to queue
[2024-10-30T11:04:35.076+0000] {logging_mixin.py:190} INFO - [2024-10-30T11:04:35.075+0000] {dagbag.py:588} INFO - Filling up the DagBag from /home/airflow/.local/lib/python3.12/site-packages/airflow/example_dags/example_inlet_event_extra.py
[2024-10-30T11:04:35.171+0000] {processor.py:925} INFO - DAG(s) 'read_dataset_event_from_classic', 'read_dataset_event' retrieved from /home/airflow/.local/lib/python3.12/site-packages/airflow/example_dags/example_inlet_event_extra.py
[2024-10-30T11:04:35.185+0000] {logging_mixin.py:190} INFO - [2024-10-30T11:04:35.185+0000] {dag.py:3239} INFO - Sync 2 DAGs
[2024-10-30T11:04:35.200+0000] {logging_mixin.py:190} INFO - [2024-10-30T11:04:35.200+0000] {dag.py:4180} INFO - Setting next_dagrun for read_dataset_event to 2024-10-29 00:00:00+00:00, run_after=2024-10-30 00:00:00+00:00
[2024-10-30T11:04:35.203+0000] {logging_mixin.py:190} INFO - [2024-10-30T11:04:35.203+0000] {dag.py:4180} INFO - Setting next_dagrun for read_dataset_event_from_classic to 2024-10-29 00:00:00+00:00, run_after=2024-10-30 00:00:00+00:00
[2024-10-30T11:04:35.213+0000] {processor.py:208} INFO - Processing /home/airflow/.local/lib/python3.12/site-packages/airflow/example_dags/example_inlet_event_extra.py took 0.144 seconds
[2024-10-30T11:05:05.936+0000] {processor.py:186} INFO - Started process (PID=1645) to work on /home/airflow/.local/lib/python3.12/site-packages/airflow/example_dags/example_inlet_event_extra.py
[2024-10-30T11:05:05.937+0000] {processor.py:914} INFO - Processing file /home/airflow/.local/lib/python3.12/site-packages/airflow/example_dags/example_inlet_event_extra.py for tasks to queue
[2024-10-30T11:05:05.939+0000] {logging_mixin.py:190} INFO - [2024-10-30T11:05:05.938+0000] {dagbag.py:588} INFO - Filling up the DagBag from /home/airflow/.local/lib/python3.12/site-packages/airflow/example_dags/example_inlet_event_extra.py
[2024-10-30T11:05:06.033+0000] {processor.py:925} INFO - DAG(s) 'read_dataset_event', 'read_dataset_event_from_classic' retrieved from /home/airflow/.local/lib/python3.12/site-packages/airflow/example_dags/example_inlet_event_extra.py
[2024-10-30T11:05:06.047+0000] {logging_mixin.py:190} INFO - [2024-10-30T11:05:06.047+0000] {dag.py:3239} INFO - Sync 2 DAGs
[2024-10-30T11:05:06.063+0000] {logging_mixin.py:190} INFO - [2024-10-30T11:05:06.063+0000] {dag.py:4180} INFO - Setting next_dagrun for read_dataset_event to 2024-10-29 00:00:00+00:00, run_after=2024-10-30 00:00:00+00:00
[2024-10-30T11:05:06.066+0000] {logging_mixin.py:190} INFO - [2024-10-30T11:05:06.066+0000] {dag.py:4180} INFO - Setting next_dagrun for read_dataset_event_from_classic to 2024-10-29 00:00:00+00:00, run_after=2024-10-30 00:00:00+00:00
[2024-10-30T11:05:06.076+0000] {processor.py:208} INFO - Processing /home/airflow/.local/lib/python3.12/site-packages/airflow/example_dags/example_inlet_event_extra.py took 0.144 seconds
[2024-10-30T11:05:36.766+0000] {processor.py:186} INFO - Started process (PID=1707) to work on /home/airflow/.local/lib/python3.12/site-packages/airflow/example_dags/example_inlet_event_extra.py
[2024-10-30T11:05:36.768+0000] {processor.py:914} INFO - Processing file /home/airflow/.local/lib/python3.12/site-packages/airflow/example_dags/example_inlet_event_extra.py for tasks to queue
[2024-10-30T11:05:36.773+0000] {logging_mixin.py:190} INFO - [2024-10-30T11:05:36.772+0000] {dagbag.py:588} INFO - Filling up the DagBag from /home/airflow/.local/lib/python3.12/site-packages/airflow/example_dags/example_inlet_event_extra.py
[2024-10-30T11:05:36.871+0000] {processor.py:925} INFO - DAG(s) 'read_dataset_event', 'read_dataset_event_from_classic' retrieved from /home/airflow/.local/lib/python3.12/site-packages/airflow/example_dags/example_inlet_event_extra.py
[2024-10-30T11:05:36.885+0000] {logging_mixin.py:190} INFO - [2024-10-30T11:05:36.885+0000] {dag.py:3239} INFO - Sync 2 DAGs
[2024-10-30T11:05:36.899+0000] {logging_mixin.py:190} INFO - [2024-10-30T11:05:36.899+0000] {dag.py:4180} INFO - Setting next_dagrun for read_dataset_event to 2024-10-29 00:00:00+00:00, run_after=2024-10-30 00:00:00+00:00
[2024-10-30T11:05:36.903+0000] {logging_mixin.py:190} INFO - [2024-10-30T11:05:36.903+0000] {dag.py:4180} INFO - Setting next_dagrun for read_dataset_event_from_classic to 2024-10-29 00:00:00+00:00, run_after=2024-10-30 00:00:00+00:00
[2024-10-30T11:05:37.108+0000] {processor.py:208} INFO - Processing /home/airflow/.local/lib/python3.12/site-packages/airflow/example_dags/example_inlet_event_extra.py took 0.346 seconds
[2024-10-30T11:06:07.847+0000] {processor.py:186} INFO - Started process (PID=1769) to work on /home/airflow/.local/lib/python3.12/site-packages/airflow/example_dags/example_inlet_event_extra.py
[2024-10-30T11:06:07.849+0000] {processor.py:914} INFO - Processing file /home/airflow/.local/lib/python3.12/site-packages/airflow/example_dags/example_inlet_event_extra.py for tasks to queue
[2024-10-30T11:06:07.851+0000] {logging_mixin.py:190} INFO - [2024-10-30T11:06:07.851+0000] {dagbag.py:588} INFO - Filling up the DagBag from /home/airflow/.local/lib/python3.12/site-packages/airflow/example_dags/example_inlet_event_extra.py
[2024-10-30T11:06:07.963+0000] {processor.py:925} INFO - DAG(s) 'read_dataset_event', 'read_dataset_event_from_classic' retrieved from /home/airflow/.local/lib/python3.12/site-packages/airflow/example_dags/example_inlet_event_extra.py
[2024-10-30T11:06:07.978+0000] {logging_mixin.py:190} INFO - [2024-10-30T11:06:07.978+0000] {dag.py:3239} INFO - Sync 2 DAGs
[2024-10-30T11:06:07.994+0000] {logging_mixin.py:190} INFO - [2024-10-30T11:06:07.993+0000] {dag.py:4180} INFO - Setting next_dagrun for read_dataset_event to 2024-10-29 00:00:00+00:00, run_after=2024-10-30 00:00:00+00:00
[2024-10-30T11:06:07.998+0000] {logging_mixin.py:190} INFO - [2024-10-30T11:06:07.997+0000] {dag.py:4180} INFO - Setting next_dagrun for read_dataset_event_from_classic to 2024-10-29 00:00:00+00:00, run_after=2024-10-30 00:00:00+00:00
[2024-10-30T11:06:08.007+0000] {processor.py:208} INFO - Processing /home/airflow/.local/lib/python3.12/site-packages/airflow/example_dags/example_inlet_event_extra.py took 0.164 seconds
[2024-10-30T11:06:38.818+0000] {processor.py:186} INFO - Started process (PID=1831) to work on /home/airflow/.local/lib/python3.12/site-packages/airflow/example_dags/example_inlet_event_extra.py
[2024-10-30T11:06:38.819+0000] {processor.py:914} INFO - Processing file /home/airflow/.local/lib/python3.12/site-packages/airflow/example_dags/example_inlet_event_extra.py for tasks to queue
[2024-10-30T11:06:38.823+0000] {logging_mixin.py:190} INFO - [2024-10-30T11:06:38.823+0000] {dagbag.py:588} INFO - Filling up the DagBag from /home/airflow/.local/lib/python3.12/site-packages/airflow/example_dags/example_inlet_event_extra.py
[2024-10-30T11:06:38.915+0000] {processor.py:925} INFO - DAG(s) 'read_dataset_event_from_classic', 'read_dataset_event' retrieved from /home/airflow/.local/lib/python3.12/site-packages/airflow/example_dags/example_inlet_event_extra.py
[2024-10-30T11:06:38.933+0000] {logging_mixin.py:190} INFO - [2024-10-30T11:06:38.933+0000] {dag.py:3239} INFO - Sync 2 DAGs
[2024-10-30T11:06:38.948+0000] {logging_mixin.py:190} INFO - [2024-10-30T11:06:38.947+0000] {dag.py:4180} INFO - Setting next_dagrun for read_dataset_event to 2024-10-29 00:00:00+00:00, run_after=2024-10-30 00:00:00+00:00
[2024-10-30T11:06:38.952+0000] {logging_mixin.py:190} INFO - [2024-10-30T11:06:38.952+0000] {dag.py:4180} INFO - Setting next_dagrun for read_dataset_event_from_classic to 2024-10-29 00:00:00+00:00, run_after=2024-10-30 00:00:00+00:00
[2024-10-30T11:06:38.964+0000] {processor.py:208} INFO - Processing /home/airflow/.local/lib/python3.12/site-packages/airflow/example_dags/example_inlet_event_extra.py took 0.150 seconds
[2024-10-30T11:07:09.409+0000] {processor.py:186} INFO - Started process (PID=1893) to work on /home/airflow/.local/lib/python3.12/site-packages/airflow/example_dags/example_inlet_event_extra.py
[2024-10-30T11:07:09.413+0000] {processor.py:914} INFO - Processing file /home/airflow/.local/lib/python3.12/site-packages/airflow/example_dags/example_inlet_event_extra.py for tasks to queue
[2024-10-30T11:07:09.417+0000] {logging_mixin.py:190} INFO - [2024-10-30T11:07:09.416+0000] {dagbag.py:588} INFO - Filling up the DagBag from /home/airflow/.local/lib/python3.12/site-packages/airflow/example_dags/example_inlet_event_extra.py
[2024-10-30T11:07:09.544+0000] {processor.py:925} INFO - DAG(s) 'read_dataset_event', 'read_dataset_event_from_classic' retrieved from /home/airflow/.local/lib/python3.12/site-packages/airflow/example_dags/example_inlet_event_extra.py
[2024-10-30T11:07:09.558+0000] {logging_mixin.py:190} INFO - [2024-10-30T11:07:09.558+0000] {dag.py:3239} INFO - Sync 2 DAGs
[2024-10-30T11:07:09.573+0000] {logging_mixin.py:190} INFO - [2024-10-30T11:07:09.573+0000] {dag.py:4180} INFO - Setting next_dagrun for read_dataset_event to 2024-10-29 00:00:00+00:00, run_after=2024-10-30 00:00:00+00:00
[2024-10-30T11:07:09.713+0000] {logging_mixin.py:190} INFO - [2024-10-30T11:07:09.712+0000] {dag.py:4180} INFO - Setting next_dagrun for read_dataset_event_from_classic to 2024-10-29 00:00:00+00:00, run_after=2024-10-30 00:00:00+00:00
[2024-10-30T11:07:09.721+0000] {processor.py:208} INFO - Processing /home/airflow/.local/lib/python3.12/site-packages/airflow/example_dags/example_inlet_event_extra.py took 0.319 seconds
[2024-10-30T11:07:40.249+0000] {processor.py:186} INFO - Started process (PID=1955) to work on /home/airflow/.local/lib/python3.12/site-packages/airflow/example_dags/example_inlet_event_extra.py
[2024-10-30T11:07:40.250+0000] {processor.py:914} INFO - Processing file /home/airflow/.local/lib/python3.12/site-packages/airflow/example_dags/example_inlet_event_extra.py for tasks to queue
[2024-10-30T11:07:40.255+0000] {logging_mixin.py:190} INFO - [2024-10-30T11:07:40.255+0000] {dagbag.py:588} INFO - Filling up the DagBag from /home/airflow/.local/lib/python3.12/site-packages/airflow/example_dags/example_inlet_event_extra.py
[2024-10-30T11:07:40.355+0000] {processor.py:925} INFO - DAG(s) 'read_dataset_event', 'read_dataset_event_from_classic' retrieved from /home/airflow/.local/lib/python3.12/site-packages/airflow/example_dags/example_inlet_event_extra.py
[2024-10-30T11:07:40.370+0000] {logging_mixin.py:190} INFO - [2024-10-30T11:07:40.370+0000] {dag.py:3239} INFO - Sync 2 DAGs
[2024-10-30T11:07:40.385+0000] {logging_mixin.py:190} INFO - [2024-10-30T11:07:40.385+0000] {dag.py:4180} INFO - Setting next_dagrun for read_dataset_event to 2024-10-29 00:00:00+00:00, run_after=2024-10-30 00:00:00+00:00
[2024-10-30T11:07:40.388+0000] {logging_mixin.py:190} INFO - [2024-10-30T11:07:40.388+0000] {dag.py:4180} INFO - Setting next_dagrun for read_dataset_event_from_classic to 2024-10-29 00:00:00+00:00, run_after=2024-10-30 00:00:00+00:00
[2024-10-30T11:07:40.403+0000] {processor.py:208} INFO - Processing /home/airflow/.local/lib/python3.12/site-packages/airflow/example_dags/example_inlet_event_extra.py took 0.158 seconds
[2024-10-30T11:08:11.029+0000] {processor.py:186} INFO - Started process (PID=2017) to work on /home/airflow/.local/lib/python3.12/site-packages/airflow/example_dags/example_inlet_event_extra.py
[2024-10-30T11:08:11.033+0000] {processor.py:914} INFO - Processing file /home/airflow/.local/lib/python3.12/site-packages/airflow/example_dags/example_inlet_event_extra.py for tasks to queue
[2024-10-30T11:08:11.035+0000] {logging_mixin.py:190} INFO - [2024-10-30T11:08:11.035+0000] {dagbag.py:588} INFO - Filling up the DagBag from /home/airflow/.local/lib/python3.12/site-packages/airflow/example_dags/example_inlet_event_extra.py
[2024-10-30T11:08:11.132+0000] {processor.py:925} INFO - DAG(s) 'read_dataset_event_from_classic', 'read_dataset_event' retrieved from /home/airflow/.local/lib/python3.12/site-packages/airflow/example_dags/example_inlet_event_extra.py
[2024-10-30T11:08:11.148+0000] {logging_mixin.py:190} INFO - [2024-10-30T11:08:11.148+0000] {dag.py:3239} INFO - Sync 2 DAGs
[2024-10-30T11:08:11.165+0000] {logging_mixin.py:190} INFO - [2024-10-30T11:08:11.165+0000] {dag.py:4180} INFO - Setting next_dagrun for read_dataset_event to 2024-10-29 00:00:00+00:00, run_after=2024-10-30 00:00:00+00:00
[2024-10-30T11:08:11.172+0000] {logging_mixin.py:190} INFO - [2024-10-30T11:08:11.172+0000] {dag.py:4180} INFO - Setting next_dagrun for read_dataset_event_from_classic to 2024-10-29 00:00:00+00:00, run_after=2024-10-30 00:00:00+00:00
[2024-10-30T11:08:11.184+0000] {processor.py:208} INFO - Processing /home/airflow/.local/lib/python3.12/site-packages/airflow/example_dags/example_inlet_event_extra.py took 0.159 seconds
[2024-10-30T11:08:42.064+0000] {processor.py:186} INFO - Started process (PID=2079) to work on /home/airflow/.local/lib/python3.12/site-packages/airflow/example_dags/example_inlet_event_extra.py
[2024-10-30T11:08:42.068+0000] {processor.py:914} INFO - Processing file /home/airflow/.local/lib/python3.12/site-packages/airflow/example_dags/example_inlet_event_extra.py for tasks to queue
[2024-10-30T11:08:42.070+0000] {logging_mixin.py:190} INFO - [2024-10-30T11:08:42.069+0000] {dagbag.py:588} INFO - Filling up the DagBag from /home/airflow/.local/lib/python3.12/site-packages/airflow/example_dags/example_inlet_event_extra.py
[2024-10-30T11:08:42.166+0000] {processor.py:925} INFO - DAG(s) 'read_dataset_event_from_classic', 'read_dataset_event' retrieved from /home/airflow/.local/lib/python3.12/site-packages/airflow/example_dags/example_inlet_event_extra.py
[2024-10-30T11:08:42.179+0000] {logging_mixin.py:190} INFO - [2024-10-30T11:08:42.179+0000] {dag.py:3239} INFO - Sync 2 DAGs
[2024-10-30T11:08:42.327+0000] {logging_mixin.py:190} INFO - [2024-10-30T11:08:42.326+0000] {dag.py:4180} INFO - Setting next_dagrun for read_dataset_event to 2024-10-29 00:00:00+00:00, run_after=2024-10-30 00:00:00+00:00
[2024-10-30T11:08:42.330+0000] {logging_mixin.py:190} INFO - [2024-10-30T11:08:42.329+0000] {dag.py:4180} INFO - Setting next_dagrun for read_dataset_event_from_classic to 2024-10-29 00:00:00+00:00, run_after=2024-10-30 00:00:00+00:00
[2024-10-30T11:08:42.338+0000] {processor.py:208} INFO - Processing /home/airflow/.local/lib/python3.12/site-packages/airflow/example_dags/example_inlet_event_extra.py took 0.278 seconds
[2024-10-30T11:09:12.903+0000] {processor.py:186} INFO - Started process (PID=2141) to work on /home/airflow/.local/lib/python3.12/site-packages/airflow/example_dags/example_inlet_event_extra.py
[2024-10-30T11:09:12.906+0000] {processor.py:914} INFO - Processing file /home/airflow/.local/lib/python3.12/site-packages/airflow/example_dags/example_inlet_event_extra.py for tasks to queue
[2024-10-30T11:09:12.908+0000] {logging_mixin.py:190} INFO - [2024-10-30T11:09:12.908+0000] {dagbag.py:588} INFO - Filling up the DagBag from /home/airflow/.local/lib/python3.12/site-packages/airflow/example_dags/example_inlet_event_extra.py
[2024-10-30T11:09:13.002+0000] {processor.py:925} INFO - DAG(s) 'read_dataset_event', 'read_dataset_event_from_classic' retrieved from /home/airflow/.local/lib/python3.12/site-packages/airflow/example_dags/example_inlet_event_extra.py
[2024-10-30T11:09:13.018+0000] {logging_mixin.py:190} INFO - [2024-10-30T11:09:13.018+0000] {dag.py:3239} INFO - Sync 2 DAGs
[2024-10-30T11:09:13.035+0000] {logging_mixin.py:190} INFO - [2024-10-30T11:09:13.034+0000] {dag.py:4180} INFO - Setting next_dagrun for read_dataset_event to 2024-10-29 00:00:00+00:00, run_after=2024-10-30 00:00:00+00:00
[2024-10-30T11:09:13.041+0000] {logging_mixin.py:190} INFO - [2024-10-30T11:09:13.041+0000] {dag.py:4180} INFO - Setting next_dagrun for read_dataset_event_from_classic to 2024-10-29 00:00:00+00:00, run_after=2024-10-30 00:00:00+00:00
[2024-10-30T11:09:13.052+0000] {processor.py:208} INFO - Processing /home/airflow/.local/lib/python3.12/site-packages/airflow/example_dags/example_inlet_event_extra.py took 0.153 seconds
