[2024-10-30T10:52:14.510+0000] {processor.py:186} INFO - Started process (PID=77) to work on /home/airflow/.local/lib/python3.12/site-packages/airflow/example_dags/example_external_task_marker_dag.py
[2024-10-30T10:52:14.511+0000] {processor.py:914} INFO - Processing file /home/airflow/.local/lib/python3.12/site-packages/airflow/example_dags/example_external_task_marker_dag.py for tasks to queue
[2024-10-30T10:52:14.513+0000] {logging_mixin.py:190} INFO - [2024-10-30T10:52:14.513+0000] {dagbag.py:588} INFO - Filling up the DagBag from /home/airflow/.local/lib/python3.12/site-packages/airflow/example_dags/example_external_task_marker_dag.py
[2024-10-30T10:52:14.520+0000] {processor.py:925} INFO - DAG(s) 'example_external_task_marker_child', 'example_external_task_marker_parent' retrieved from /home/airflow/.local/lib/python3.12/site-packages/airflow/example_dags/example_external_task_marker_dag.py
[2024-10-30T10:52:14.641+0000] {logging_mixin.py:190} INFO - [2024-10-30T10:52:14.639+0000] {override.py:1900} INFO - Created Permission View: can delete on DAG:example_external_task_marker_child
[2024-10-30T10:52:14.652+0000] {logging_mixin.py:190} INFO - [2024-10-30T10:52:14.652+0000] {override.py:1900} INFO - Created Permission View: can read on DAG:example_external_task_marker_child
[2024-10-30T10:52:14.658+0000] {logging_mixin.py:190} INFO - [2024-10-30T10:52:14.658+0000] {override.py:1900} INFO - Created Permission View: can edit on DAG:example_external_task_marker_child
[2024-10-30T10:52:14.666+0000] {logging_mixin.py:190} INFO - [2024-10-30T10:52:14.666+0000] {override.py:1900} INFO - Created Permission View: can create on DAG Run:example_external_task_marker_child
[2024-10-30T10:52:14.678+0000] {logging_mixin.py:190} INFO - [2024-10-30T10:52:14.677+0000] {override.py:1900} INFO - Created Permission View: can delete on DAG Run:example_external_task_marker_child
[2024-10-30T10:52:14.686+0000] {logging_mixin.py:190} INFO - [2024-10-30T10:52:14.686+0000] {override.py:1900} INFO - Created Permission View: can read on DAG Run:example_external_task_marker_child
[2024-10-30T10:52:14.696+0000] {logging_mixin.py:190} INFO - [2024-10-30T10:52:14.696+0000] {override.py:1900} INFO - Created Permission View: menu access on DAG Run:example_external_task_marker_child
[2024-10-30T10:52:14.707+0000] {logging_mixin.py:190} INFO - [2024-10-30T10:52:14.707+0000] {override.py:1900} INFO - Created Permission View: can delete on DAG:example_external_task_marker_parent
[2024-10-30T10:52:14.711+0000] {logging_mixin.py:190} INFO - [2024-10-30T10:52:14.711+0000] {override.py:1900} INFO - Created Permission View: can read on DAG:example_external_task_marker_parent
[2024-10-30T10:52:14.716+0000] {logging_mixin.py:190} INFO - [2024-10-30T10:52:14.715+0000] {override.py:1900} INFO - Created Permission View: can edit on DAG:example_external_task_marker_parent
[2024-10-30T10:52:14.721+0000] {logging_mixin.py:190} INFO - [2024-10-30T10:52:14.720+0000] {override.py:1900} INFO - Created Permission View: can create on DAG Run:example_external_task_marker_parent
[2024-10-30T10:52:14.725+0000] {logging_mixin.py:190} INFO - [2024-10-30T10:52:14.725+0000] {override.py:1900} INFO - Created Permission View: can delete on DAG Run:example_external_task_marker_parent
[2024-10-30T10:52:14.730+0000] {logging_mixin.py:190} INFO - [2024-10-30T10:52:14.729+0000] {override.py:1900} INFO - Created Permission View: can read on DAG Run:example_external_task_marker_parent
[2024-10-30T10:52:14.734+0000] {logging_mixin.py:190} INFO - [2024-10-30T10:52:14.733+0000] {override.py:1900} INFO - Created Permission View: menu access on DAG Run:example_external_task_marker_parent
[2024-10-30T10:52:14.734+0000] {logging_mixin.py:190} INFO - [2024-10-30T10:52:14.734+0000] {dag.py:3239} INFO - Sync 2 DAGs
[2024-10-30T10:52:14.743+0000] {logging_mixin.py:190} INFO - [2024-10-30T10:52:14.743+0000] {dag.py:3262} INFO - Creating ORM DAG for example_external_task_marker_child
[2024-10-30T10:52:14.744+0000] {logging_mixin.py:190} INFO - [2024-10-30T10:52:14.744+0000] {dag.py:3262} INFO - Creating ORM DAG for example_external_task_marker_parent
[2024-10-30T10:52:14.746+0000] {logging_mixin.py:190} INFO - [2024-10-30T10:52:14.746+0000] {dag.py:4180} INFO - Setting next_dagrun for example_external_task_marker_child to None, run_after=None
[2024-10-30T10:52:14.747+0000] {logging_mixin.py:190} INFO - [2024-10-30T10:52:14.747+0000] {dag.py:4180} INFO - Setting next_dagrun for example_external_task_marker_parent to None, run_after=None
[2024-10-30T10:52:14.761+0000] {processor.py:208} INFO - Processing /home/airflow/.local/lib/python3.12/site-packages/airflow/example_dags/example_external_task_marker_dag.py took 0.255 seconds
[2024-10-30T10:52:45.505+0000] {processor.py:186} INFO - Started process (PID=139) to work on /home/airflow/.local/lib/python3.12/site-packages/airflow/example_dags/example_external_task_marker_dag.py
[2024-10-30T10:52:45.506+0000] {processor.py:914} INFO - Processing file /home/airflow/.local/lib/python3.12/site-packages/airflow/example_dags/example_external_task_marker_dag.py for tasks to queue
[2024-10-30T10:52:45.507+0000] {logging_mixin.py:190} INFO - [2024-10-30T10:52:45.507+0000] {dagbag.py:588} INFO - Filling up the DagBag from /home/airflow/.local/lib/python3.12/site-packages/airflow/example_dags/example_external_task_marker_dag.py
[2024-10-30T10:52:45.513+0000] {processor.py:925} INFO - DAG(s) 'example_external_task_marker_parent', 'example_external_task_marker_child' retrieved from /home/airflow/.local/lib/python3.12/site-packages/airflow/example_dags/example_external_task_marker_dag.py
[2024-10-30T10:52:45.537+0000] {logging_mixin.py:190} INFO - [2024-10-30T10:52:45.537+0000] {dag.py:3239} INFO - Sync 2 DAGs
[2024-10-30T10:52:45.552+0000] {logging_mixin.py:190} INFO - [2024-10-30T10:52:45.552+0000] {dag.py:4180} INFO - Setting next_dagrun for example_external_task_marker_child to None, run_after=None
[2024-10-30T10:52:45.559+0000] {logging_mixin.py:190} INFO - [2024-10-30T10:52:45.559+0000] {dag.py:4180} INFO - Setting next_dagrun for example_external_task_marker_parent to None, run_after=None
[2024-10-30T10:52:45.593+0000] {processor.py:208} INFO - Processing /home/airflow/.local/lib/python3.12/site-packages/airflow/example_dags/example_external_task_marker_dag.py took 0.093 seconds
[2024-10-30T10:53:15.785+0000] {processor.py:186} INFO - Started process (PID=201) to work on /home/airflow/.local/lib/python3.12/site-packages/airflow/example_dags/example_external_task_marker_dag.py
[2024-10-30T10:53:15.786+0000] {processor.py:914} INFO - Processing file /home/airflow/.local/lib/python3.12/site-packages/airflow/example_dags/example_external_task_marker_dag.py for tasks to queue
[2024-10-30T10:53:15.788+0000] {logging_mixin.py:190} INFO - [2024-10-30T10:53:15.787+0000] {dagbag.py:588} INFO - Filling up the DagBag from /home/airflow/.local/lib/python3.12/site-packages/airflow/example_dags/example_external_task_marker_dag.py
[2024-10-30T10:53:15.793+0000] {processor.py:925} INFO - DAG(s) 'example_external_task_marker_parent', 'example_external_task_marker_child' retrieved from /home/airflow/.local/lib/python3.12/site-packages/airflow/example_dags/example_external_task_marker_dag.py
[2024-10-30T10:53:15.807+0000] {logging_mixin.py:190} INFO - [2024-10-30T10:53:15.807+0000] {dag.py:3239} INFO - Sync 2 DAGs
[2024-10-30T10:53:15.815+0000] {logging_mixin.py:190} INFO - [2024-10-30T10:53:15.815+0000] {dag.py:4180} INFO - Setting next_dagrun for example_external_task_marker_child to None, run_after=None
[2024-10-30T10:53:15.819+0000] {logging_mixin.py:190} INFO - [2024-10-30T10:53:15.819+0000] {dag.py:4180} INFO - Setting next_dagrun for example_external_task_marker_parent to None, run_after=None
[2024-10-30T10:53:15.829+0000] {processor.py:208} INFO - Processing /home/airflow/.local/lib/python3.12/site-packages/airflow/example_dags/example_external_task_marker_dag.py took 0.048 seconds
[2024-10-30T10:53:46.057+0000] {processor.py:186} INFO - Started process (PID=263) to work on /home/airflow/.local/lib/python3.12/site-packages/airflow/example_dags/example_external_task_marker_dag.py
[2024-10-30T10:53:46.058+0000] {processor.py:914} INFO - Processing file /home/airflow/.local/lib/python3.12/site-packages/airflow/example_dags/example_external_task_marker_dag.py for tasks to queue
[2024-10-30T10:53:46.061+0000] {logging_mixin.py:190} INFO - [2024-10-30T10:53:46.061+0000] {dagbag.py:588} INFO - Filling up the DagBag from /home/airflow/.local/lib/python3.12/site-packages/airflow/example_dags/example_external_task_marker_dag.py
[2024-10-30T10:53:46.069+0000] {processor.py:925} INFO - DAG(s) 'example_external_task_marker_child', 'example_external_task_marker_parent' retrieved from /home/airflow/.local/lib/python3.12/site-packages/airflow/example_dags/example_external_task_marker_dag.py
[2024-10-30T10:53:46.096+0000] {logging_mixin.py:190} INFO - [2024-10-30T10:53:46.095+0000] {dag.py:3239} INFO - Sync 2 DAGs
[2024-10-30T10:53:46.110+0000] {logging_mixin.py:190} INFO - [2024-10-30T10:53:46.110+0000] {dag.py:4180} INFO - Setting next_dagrun for example_external_task_marker_child to None, run_after=None
[2024-10-30T10:53:46.116+0000] {logging_mixin.py:190} INFO - [2024-10-30T10:53:46.116+0000] {dag.py:4180} INFO - Setting next_dagrun for example_external_task_marker_parent to None, run_after=None
[2024-10-30T10:53:46.132+0000] {processor.py:208} INFO - Processing /home/airflow/.local/lib/python3.12/site-packages/airflow/example_dags/example_external_task_marker_dag.py took 0.081 seconds
[2024-10-30T10:54:17.023+0000] {processor.py:186} INFO - Started process (PID=325) to work on /home/airflow/.local/lib/python3.12/site-packages/airflow/example_dags/example_external_task_marker_dag.py
[2024-10-30T10:54:17.023+0000] {processor.py:914} INFO - Processing file /home/airflow/.local/lib/python3.12/site-packages/airflow/example_dags/example_external_task_marker_dag.py for tasks to queue
[2024-10-30T10:54:17.025+0000] {logging_mixin.py:190} INFO - [2024-10-30T10:54:17.025+0000] {dagbag.py:588} INFO - Filling up the DagBag from /home/airflow/.local/lib/python3.12/site-packages/airflow/example_dags/example_external_task_marker_dag.py
[2024-10-30T10:54:17.030+0000] {processor.py:925} INFO - DAG(s) 'example_external_task_marker_child', 'example_external_task_marker_parent' retrieved from /home/airflow/.local/lib/python3.12/site-packages/airflow/example_dags/example_external_task_marker_dag.py
[2024-10-30T10:54:17.045+0000] {logging_mixin.py:190} INFO - [2024-10-30T10:54:17.045+0000] {dag.py:3239} INFO - Sync 2 DAGs
[2024-10-30T10:54:17.053+0000] {logging_mixin.py:190} INFO - [2024-10-30T10:54:17.053+0000] {dag.py:4180} INFO - Setting next_dagrun for example_external_task_marker_child to None, run_after=None
[2024-10-30T10:54:17.056+0000] {logging_mixin.py:190} INFO - [2024-10-30T10:54:17.056+0000] {dag.py:4180} INFO - Setting next_dagrun for example_external_task_marker_parent to None, run_after=None
[2024-10-30T10:54:17.066+0000] {processor.py:208} INFO - Processing /home/airflow/.local/lib/python3.12/site-packages/airflow/example_dags/example_external_task_marker_dag.py took 0.047 seconds
[2024-10-30T10:54:48.013+0000] {processor.py:186} INFO - Started process (PID=387) to work on /home/airflow/.local/lib/python3.12/site-packages/airflow/example_dags/example_external_task_marker_dag.py
[2024-10-30T10:54:48.014+0000] {processor.py:914} INFO - Processing file /home/airflow/.local/lib/python3.12/site-packages/airflow/example_dags/example_external_task_marker_dag.py for tasks to queue
[2024-10-30T10:54:48.016+0000] {logging_mixin.py:190} INFO - [2024-10-30T10:54:48.016+0000] {dagbag.py:588} INFO - Filling up the DagBag from /home/airflow/.local/lib/python3.12/site-packages/airflow/example_dags/example_external_task_marker_dag.py
[2024-10-30T10:54:48.021+0000] {processor.py:925} INFO - DAG(s) 'example_external_task_marker_child', 'example_external_task_marker_parent' retrieved from /home/airflow/.local/lib/python3.12/site-packages/airflow/example_dags/example_external_task_marker_dag.py
[2024-10-30T10:54:48.038+0000] {logging_mixin.py:190} INFO - [2024-10-30T10:54:48.038+0000] {dag.py:3239} INFO - Sync 2 DAGs
[2024-10-30T10:54:48.048+0000] {logging_mixin.py:190} INFO - [2024-10-30T10:54:48.048+0000] {dag.py:4180} INFO - Setting next_dagrun for example_external_task_marker_child to None, run_after=None
[2024-10-30T10:54:48.051+0000] {logging_mixin.py:190} INFO - [2024-10-30T10:54:48.051+0000] {dag.py:4180} INFO - Setting next_dagrun for example_external_task_marker_parent to None, run_after=None
[2024-10-30T10:54:48.061+0000] {processor.py:208} INFO - Processing /home/airflow/.local/lib/python3.12/site-packages/airflow/example_dags/example_external_task_marker_dag.py took 0.052 seconds
[2024-10-30T10:55:19.055+0000] {processor.py:186} INFO - Started process (PID=449) to work on /home/airflow/.local/lib/python3.12/site-packages/airflow/example_dags/example_external_task_marker_dag.py
[2024-10-30T10:55:19.056+0000] {processor.py:914} INFO - Processing file /home/airflow/.local/lib/python3.12/site-packages/airflow/example_dags/example_external_task_marker_dag.py for tasks to queue
[2024-10-30T10:55:19.059+0000] {logging_mixin.py:190} INFO - [2024-10-30T10:55:19.059+0000] {dagbag.py:588} INFO - Filling up the DagBag from /home/airflow/.local/lib/python3.12/site-packages/airflow/example_dags/example_external_task_marker_dag.py
[2024-10-30T10:55:19.066+0000] {processor.py:925} INFO - DAG(s) 'example_external_task_marker_child', 'example_external_task_marker_parent' retrieved from /home/airflow/.local/lib/python3.12/site-packages/airflow/example_dags/example_external_task_marker_dag.py
[2024-10-30T10:55:19.084+0000] {logging_mixin.py:190} INFO - [2024-10-30T10:55:19.084+0000] {dag.py:3239} INFO - Sync 2 DAGs
[2024-10-30T10:55:19.095+0000] {logging_mixin.py:190} INFO - [2024-10-30T10:55:19.095+0000] {dag.py:4180} INFO - Setting next_dagrun for example_external_task_marker_child to None, run_after=None
[2024-10-30T10:55:19.101+0000] {logging_mixin.py:190} INFO - [2024-10-30T10:55:19.101+0000] {dag.py:4180} INFO - Setting next_dagrun for example_external_task_marker_parent to None, run_after=None
[2024-10-30T10:55:19.113+0000] {processor.py:208} INFO - Processing /home/airflow/.local/lib/python3.12/site-packages/airflow/example_dags/example_external_task_marker_dag.py took 0.062 seconds
[2024-10-30T10:55:50.049+0000] {processor.py:186} INFO - Started process (PID=511) to work on /home/airflow/.local/lib/python3.12/site-packages/airflow/example_dags/example_external_task_marker_dag.py
[2024-10-30T10:55:50.050+0000] {processor.py:914} INFO - Processing file /home/airflow/.local/lib/python3.12/site-packages/airflow/example_dags/example_external_task_marker_dag.py for tasks to queue
[2024-10-30T10:55:50.052+0000] {logging_mixin.py:190} INFO - [2024-10-30T10:55:50.052+0000] {dagbag.py:588} INFO - Filling up the DagBag from /home/airflow/.local/lib/python3.12/site-packages/airflow/example_dags/example_external_task_marker_dag.py
[2024-10-30T10:55:50.058+0000] {processor.py:925} INFO - DAG(s) 'example_external_task_marker_child', 'example_external_task_marker_parent' retrieved from /home/airflow/.local/lib/python3.12/site-packages/airflow/example_dags/example_external_task_marker_dag.py
[2024-10-30T10:55:50.074+0000] {logging_mixin.py:190} INFO - [2024-10-30T10:55:50.074+0000] {dag.py:3239} INFO - Sync 2 DAGs
[2024-10-30T10:55:50.083+0000] {logging_mixin.py:190} INFO - [2024-10-30T10:55:50.083+0000] {dag.py:4180} INFO - Setting next_dagrun for example_external_task_marker_child to None, run_after=None
[2024-10-30T10:55:50.086+0000] {logging_mixin.py:190} INFO - [2024-10-30T10:55:50.086+0000] {dag.py:4180} INFO - Setting next_dagrun for example_external_task_marker_parent to None, run_after=None
[2024-10-30T10:55:50.098+0000] {processor.py:208} INFO - Processing /home/airflow/.local/lib/python3.12/site-packages/airflow/example_dags/example_external_task_marker_dag.py took 0.053 seconds
[2024-10-30T10:56:20.916+0000] {processor.py:186} INFO - Started process (PID=573) to work on /home/airflow/.local/lib/python3.12/site-packages/airflow/example_dags/example_external_task_marker_dag.py
[2024-10-30T10:56:20.919+0000] {processor.py:914} INFO - Processing file /home/airflow/.local/lib/python3.12/site-packages/airflow/example_dags/example_external_task_marker_dag.py for tasks to queue
[2024-10-30T10:56:20.921+0000] {logging_mixin.py:190} INFO - [2024-10-30T10:56:20.921+0000] {dagbag.py:588} INFO - Filling up the DagBag from /home/airflow/.local/lib/python3.12/site-packages/airflow/example_dags/example_external_task_marker_dag.py
[2024-10-30T10:56:20.927+0000] {processor.py:925} INFO - DAG(s) 'example_external_task_marker_parent', 'example_external_task_marker_child' retrieved from /home/airflow/.local/lib/python3.12/site-packages/airflow/example_dags/example_external_task_marker_dag.py
[2024-10-30T10:56:20.942+0000] {logging_mixin.py:190} INFO - [2024-10-30T10:56:20.942+0000] {dag.py:3239} INFO - Sync 2 DAGs
[2024-10-30T10:56:20.954+0000] {logging_mixin.py:190} INFO - [2024-10-30T10:56:20.954+0000] {dag.py:4180} INFO - Setting next_dagrun for example_external_task_marker_child to None, run_after=None
[2024-10-30T10:56:20.957+0000] {logging_mixin.py:190} INFO - [2024-10-30T10:56:20.957+0000] {dag.py:4180} INFO - Setting next_dagrun for example_external_task_marker_parent to None, run_after=None
[2024-10-30T10:56:20.970+0000] {processor.py:208} INFO - Processing /home/airflow/.local/lib/python3.12/site-packages/airflow/example_dags/example_external_task_marker_dag.py took 0.059 seconds
[2024-10-30T10:56:51.747+0000] {processor.py:186} INFO - Started process (PID=635) to work on /home/airflow/.local/lib/python3.12/site-packages/airflow/example_dags/example_external_task_marker_dag.py
[2024-10-30T10:56:51.748+0000] {processor.py:914} INFO - Processing file /home/airflow/.local/lib/python3.12/site-packages/airflow/example_dags/example_external_task_marker_dag.py for tasks to queue
[2024-10-30T10:56:51.750+0000] {logging_mixin.py:190} INFO - [2024-10-30T10:56:51.750+0000] {dagbag.py:588} INFO - Filling up the DagBag from /home/airflow/.local/lib/python3.12/site-packages/airflow/example_dags/example_external_task_marker_dag.py
[2024-10-30T10:56:51.755+0000] {processor.py:925} INFO - DAG(s) 'example_external_task_marker_child', 'example_external_task_marker_parent' retrieved from /home/airflow/.local/lib/python3.12/site-packages/airflow/example_dags/example_external_task_marker_dag.py
[2024-10-30T10:56:51.770+0000] {logging_mixin.py:190} INFO - [2024-10-30T10:56:51.770+0000] {dag.py:3239} INFO - Sync 2 DAGs
[2024-10-30T10:56:51.779+0000] {logging_mixin.py:190} INFO - [2024-10-30T10:56:51.779+0000] {dag.py:4180} INFO - Setting next_dagrun for example_external_task_marker_child to None, run_after=None
[2024-10-30T10:56:51.782+0000] {logging_mixin.py:190} INFO - [2024-10-30T10:56:51.782+0000] {dag.py:4180} INFO - Setting next_dagrun for example_external_task_marker_parent to None, run_after=None
[2024-10-30T10:56:51.791+0000] {processor.py:208} INFO - Processing /home/airflow/.local/lib/python3.12/site-packages/airflow/example_dags/example_external_task_marker_dag.py took 0.048 seconds
[2024-10-30T10:57:22.604+0000] {processor.py:186} INFO - Started process (PID=697) to work on /home/airflow/.local/lib/python3.12/site-packages/airflow/example_dags/example_external_task_marker_dag.py
[2024-10-30T10:57:22.609+0000] {processor.py:914} INFO - Processing file /home/airflow/.local/lib/python3.12/site-packages/airflow/example_dags/example_external_task_marker_dag.py for tasks to queue
[2024-10-30T10:57:22.610+0000] {logging_mixin.py:190} INFO - [2024-10-30T10:57:22.610+0000] {dagbag.py:588} INFO - Filling up the DagBag from /home/airflow/.local/lib/python3.12/site-packages/airflow/example_dags/example_external_task_marker_dag.py
[2024-10-30T10:57:22.616+0000] {processor.py:925} INFO - DAG(s) 'example_external_task_marker_child', 'example_external_task_marker_parent' retrieved from /home/airflow/.local/lib/python3.12/site-packages/airflow/example_dags/example_external_task_marker_dag.py
[2024-10-30T10:57:22.632+0000] {logging_mixin.py:190} INFO - [2024-10-30T10:57:22.632+0000] {dag.py:3239} INFO - Sync 2 DAGs
[2024-10-30T10:57:22.641+0000] {logging_mixin.py:190} INFO - [2024-10-30T10:57:22.641+0000] {dag.py:4180} INFO - Setting next_dagrun for example_external_task_marker_child to None, run_after=None
[2024-10-30T10:57:22.644+0000] {logging_mixin.py:190} INFO - [2024-10-30T10:57:22.644+0000] {dag.py:4180} INFO - Setting next_dagrun for example_external_task_marker_parent to None, run_after=None
[2024-10-30T10:57:22.654+0000] {processor.py:208} INFO - Processing /home/airflow/.local/lib/python3.12/site-packages/airflow/example_dags/example_external_task_marker_dag.py took 0.054 seconds
[2024-10-30T10:57:53.379+0000] {processor.py:186} INFO - Started process (PID=759) to work on /home/airflow/.local/lib/python3.12/site-packages/airflow/example_dags/example_external_task_marker_dag.py
[2024-10-30T10:57:53.380+0000] {processor.py:914} INFO - Processing file /home/airflow/.local/lib/python3.12/site-packages/airflow/example_dags/example_external_task_marker_dag.py for tasks to queue
[2024-10-30T10:57:53.382+0000] {logging_mixin.py:190} INFO - [2024-10-30T10:57:53.382+0000] {dagbag.py:588} INFO - Filling up the DagBag from /home/airflow/.local/lib/python3.12/site-packages/airflow/example_dags/example_external_task_marker_dag.py
[2024-10-30T10:57:53.388+0000] {processor.py:925} INFO - DAG(s) 'example_external_task_marker_parent', 'example_external_task_marker_child' retrieved from /home/airflow/.local/lib/python3.12/site-packages/airflow/example_dags/example_external_task_marker_dag.py
[2024-10-30T10:57:53.403+0000] {logging_mixin.py:190} INFO - [2024-10-30T10:57:53.403+0000] {dag.py:3239} INFO - Sync 2 DAGs
[2024-10-30T10:57:53.412+0000] {logging_mixin.py:190} INFO - [2024-10-30T10:57:53.412+0000] {dag.py:4180} INFO - Setting next_dagrun for example_external_task_marker_child to None, run_after=None
[2024-10-30T10:57:53.414+0000] {logging_mixin.py:190} INFO - [2024-10-30T10:57:53.414+0000] {dag.py:4180} INFO - Setting next_dagrun for example_external_task_marker_parent to None, run_after=None
[2024-10-30T10:57:53.423+0000] {processor.py:208} INFO - Processing /home/airflow/.local/lib/python3.12/site-packages/airflow/example_dags/example_external_task_marker_dag.py took 0.047 seconds
[2024-10-30T10:58:24.236+0000] {processor.py:186} INFO - Started process (PID=820) to work on /home/airflow/.local/lib/python3.12/site-packages/airflow/example_dags/example_external_task_marker_dag.py
[2024-10-30T10:58:24.238+0000] {processor.py:914} INFO - Processing file /home/airflow/.local/lib/python3.12/site-packages/airflow/example_dags/example_external_task_marker_dag.py for tasks to queue
[2024-10-30T10:58:24.240+0000] {logging_mixin.py:190} INFO - [2024-10-30T10:58:24.240+0000] {dagbag.py:588} INFO - Filling up the DagBag from /home/airflow/.local/lib/python3.12/site-packages/airflow/example_dags/example_external_task_marker_dag.py
[2024-10-30T10:58:24.246+0000] {processor.py:925} INFO - DAG(s) 'example_external_task_marker_child', 'example_external_task_marker_parent' retrieved from /home/airflow/.local/lib/python3.12/site-packages/airflow/example_dags/example_external_task_marker_dag.py
[2024-10-30T10:58:24.260+0000] {logging_mixin.py:190} INFO - [2024-10-30T10:58:24.260+0000] {dag.py:3239} INFO - Sync 2 DAGs
[2024-10-30T10:58:24.269+0000] {logging_mixin.py:190} INFO - [2024-10-30T10:58:24.269+0000] {dag.py:4180} INFO - Setting next_dagrun for example_external_task_marker_child to None, run_after=None
[2024-10-30T10:58:24.272+0000] {logging_mixin.py:190} INFO - [2024-10-30T10:58:24.272+0000] {dag.py:4180} INFO - Setting next_dagrun for example_external_task_marker_parent to None, run_after=None
[2024-10-30T10:58:24.281+0000] {processor.py:208} INFO - Processing /home/airflow/.local/lib/python3.12/site-packages/airflow/example_dags/example_external_task_marker_dag.py took 0.048 seconds
[2024-10-30T10:58:54.993+0000] {processor.py:186} INFO - Started process (PID=882) to work on /home/airflow/.local/lib/python3.12/site-packages/airflow/example_dags/example_external_task_marker_dag.py
[2024-10-30T10:58:54.996+0000] {processor.py:914} INFO - Processing file /home/airflow/.local/lib/python3.12/site-packages/airflow/example_dags/example_external_task_marker_dag.py for tasks to queue
[2024-10-30T10:58:54.998+0000] {logging_mixin.py:190} INFO - [2024-10-30T10:58:54.998+0000] {dagbag.py:588} INFO - Filling up the DagBag from /home/airflow/.local/lib/python3.12/site-packages/airflow/example_dags/example_external_task_marker_dag.py
[2024-10-30T10:58:55.004+0000] {processor.py:925} INFO - DAG(s) 'example_external_task_marker_child', 'example_external_task_marker_parent' retrieved from /home/airflow/.local/lib/python3.12/site-packages/airflow/example_dags/example_external_task_marker_dag.py
[2024-10-30T10:58:55.020+0000] {logging_mixin.py:190} INFO - [2024-10-30T10:58:55.020+0000] {dag.py:3239} INFO - Sync 2 DAGs
[2024-10-30T10:58:55.030+0000] {logging_mixin.py:190} INFO - [2024-10-30T10:58:55.029+0000] {dag.py:4180} INFO - Setting next_dagrun for example_external_task_marker_child to None, run_after=None
[2024-10-30T10:58:55.033+0000] {logging_mixin.py:190} INFO - [2024-10-30T10:58:55.032+0000] {dag.py:4180} INFO - Setting next_dagrun for example_external_task_marker_parent to None, run_after=None
[2024-10-30T10:58:55.042+0000] {processor.py:208} INFO - Processing /home/airflow/.local/lib/python3.12/site-packages/airflow/example_dags/example_external_task_marker_dag.py took 0.053 seconds
[2024-10-30T10:59:25.726+0000] {processor.py:186} INFO - Started process (PID=944) to work on /home/airflow/.local/lib/python3.12/site-packages/airflow/example_dags/example_external_task_marker_dag.py
[2024-10-30T10:59:25.727+0000] {processor.py:914} INFO - Processing file /home/airflow/.local/lib/python3.12/site-packages/airflow/example_dags/example_external_task_marker_dag.py for tasks to queue
[2024-10-30T10:59:25.730+0000] {logging_mixin.py:190} INFO - [2024-10-30T10:59:25.730+0000] {dagbag.py:588} INFO - Filling up the DagBag from /home/airflow/.local/lib/python3.12/site-packages/airflow/example_dags/example_external_task_marker_dag.py
[2024-10-30T10:59:25.738+0000] {processor.py:925} INFO - DAG(s) 'example_external_task_marker_child', 'example_external_task_marker_parent' retrieved from /home/airflow/.local/lib/python3.12/site-packages/airflow/example_dags/example_external_task_marker_dag.py
[2024-10-30T10:59:25.752+0000] {logging_mixin.py:190} INFO - [2024-10-30T10:59:25.752+0000] {dag.py:3239} INFO - Sync 2 DAGs
[2024-10-30T10:59:25.761+0000] {logging_mixin.py:190} INFO - [2024-10-30T10:59:25.760+0000] {dag.py:4180} INFO - Setting next_dagrun for example_external_task_marker_child to None, run_after=None
[2024-10-30T10:59:25.763+0000] {logging_mixin.py:190} INFO - [2024-10-30T10:59:25.763+0000] {dag.py:4180} INFO - Setting next_dagrun for example_external_task_marker_parent to None, run_after=None
[2024-10-30T10:59:25.772+0000] {processor.py:208} INFO - Processing /home/airflow/.local/lib/python3.12/site-packages/airflow/example_dags/example_external_task_marker_dag.py took 0.050 seconds
[2024-10-30T10:59:56.584+0000] {processor.py:186} INFO - Started process (PID=1006) to work on /home/airflow/.local/lib/python3.12/site-packages/airflow/example_dags/example_external_task_marker_dag.py
[2024-10-30T10:59:56.585+0000] {processor.py:914} INFO - Processing file /home/airflow/.local/lib/python3.12/site-packages/airflow/example_dags/example_external_task_marker_dag.py for tasks to queue
[2024-10-30T10:59:56.587+0000] {logging_mixin.py:190} INFO - [2024-10-30T10:59:56.587+0000] {dagbag.py:588} INFO - Filling up the DagBag from /home/airflow/.local/lib/python3.12/site-packages/airflow/example_dags/example_external_task_marker_dag.py
[2024-10-30T10:59:56.597+0000] {processor.py:925} INFO - DAG(s) 'example_external_task_marker_parent', 'example_external_task_marker_child' retrieved from /home/airflow/.local/lib/python3.12/site-packages/airflow/example_dags/example_external_task_marker_dag.py
[2024-10-30T10:59:56.611+0000] {logging_mixin.py:190} INFO - [2024-10-30T10:59:56.611+0000] {dag.py:3239} INFO - Sync 2 DAGs
[2024-10-30T10:59:56.621+0000] {logging_mixin.py:190} INFO - [2024-10-30T10:59:56.620+0000] {dag.py:4180} INFO - Setting next_dagrun for example_external_task_marker_child to None, run_after=None
[2024-10-30T10:59:56.623+0000] {logging_mixin.py:190} INFO - [2024-10-30T10:59:56.623+0000] {dag.py:4180} INFO - Setting next_dagrun for example_external_task_marker_parent to None, run_after=None
[2024-10-30T10:59:56.633+0000] {processor.py:208} INFO - Processing /home/airflow/.local/lib/python3.12/site-packages/airflow/example_dags/example_external_task_marker_dag.py took 0.053 seconds
[2024-10-30T11:00:27.217+0000] {processor.py:186} INFO - Started process (PID=1068) to work on /home/airflow/.local/lib/python3.12/site-packages/airflow/example_dags/example_external_task_marker_dag.py
[2024-10-30T11:00:27.222+0000] {processor.py:914} INFO - Processing file /home/airflow/.local/lib/python3.12/site-packages/airflow/example_dags/example_external_task_marker_dag.py for tasks to queue
[2024-10-30T11:00:27.223+0000] {logging_mixin.py:190} INFO - [2024-10-30T11:00:27.223+0000] {dagbag.py:588} INFO - Filling up the DagBag from /home/airflow/.local/lib/python3.12/site-packages/airflow/example_dags/example_external_task_marker_dag.py
[2024-10-30T11:00:27.229+0000] {processor.py:925} INFO - DAG(s) 'example_external_task_marker_parent', 'example_external_task_marker_child' retrieved from /home/airflow/.local/lib/python3.12/site-packages/airflow/example_dags/example_external_task_marker_dag.py
[2024-10-30T11:00:27.245+0000] {logging_mixin.py:190} INFO - [2024-10-30T11:00:27.245+0000] {dag.py:3239} INFO - Sync 2 DAGs
[2024-10-30T11:00:27.255+0000] {logging_mixin.py:190} INFO - [2024-10-30T11:00:27.255+0000] {dag.py:4180} INFO - Setting next_dagrun for example_external_task_marker_child to None, run_after=None
[2024-10-30T11:00:27.258+0000] {logging_mixin.py:190} INFO - [2024-10-30T11:00:27.258+0000] {dag.py:4180} INFO - Setting next_dagrun for example_external_task_marker_parent to None, run_after=None
[2024-10-30T11:00:27.270+0000] {processor.py:208} INFO - Processing /home/airflow/.local/lib/python3.12/site-packages/airflow/example_dags/example_external_task_marker_dag.py took 0.057 seconds
[2024-10-30T11:00:58.198+0000] {processor.py:186} INFO - Started process (PID=1130) to work on /home/airflow/.local/lib/python3.12/site-packages/airflow/example_dags/example_external_task_marker_dag.py
[2024-10-30T11:00:58.202+0000] {processor.py:914} INFO - Processing file /home/airflow/.local/lib/python3.12/site-packages/airflow/example_dags/example_external_task_marker_dag.py for tasks to queue
[2024-10-30T11:00:58.203+0000] {logging_mixin.py:190} INFO - [2024-10-30T11:00:58.203+0000] {dagbag.py:588} INFO - Filling up the DagBag from /home/airflow/.local/lib/python3.12/site-packages/airflow/example_dags/example_external_task_marker_dag.py
[2024-10-30T11:00:58.210+0000] {processor.py:925} INFO - DAG(s) 'example_external_task_marker_child', 'example_external_task_marker_parent' retrieved from /home/airflow/.local/lib/python3.12/site-packages/airflow/example_dags/example_external_task_marker_dag.py
[2024-10-30T11:00:58.226+0000] {logging_mixin.py:190} INFO - [2024-10-30T11:00:58.226+0000] {dag.py:3239} INFO - Sync 2 DAGs
[2024-10-30T11:00:58.236+0000] {logging_mixin.py:190} INFO - [2024-10-30T11:00:58.235+0000] {dag.py:4180} INFO - Setting next_dagrun for example_external_task_marker_child to None, run_after=None
[2024-10-30T11:00:58.238+0000] {logging_mixin.py:190} INFO - [2024-10-30T11:00:58.238+0000] {dag.py:4180} INFO - Setting next_dagrun for example_external_task_marker_parent to None, run_after=None
[2024-10-30T11:00:58.248+0000] {processor.py:208} INFO - Processing /home/airflow/.local/lib/python3.12/site-packages/airflow/example_dags/example_external_task_marker_dag.py took 0.054 seconds
[2024-10-30T11:01:28.780+0000] {processor.py:186} INFO - Started process (PID=1192) to work on /home/airflow/.local/lib/python3.12/site-packages/airflow/example_dags/example_external_task_marker_dag.py
[2024-10-30T11:01:28.782+0000] {processor.py:914} INFO - Processing file /home/airflow/.local/lib/python3.12/site-packages/airflow/example_dags/example_external_task_marker_dag.py for tasks to queue
[2024-10-30T11:01:28.784+0000] {logging_mixin.py:190} INFO - [2024-10-30T11:01:28.784+0000] {dagbag.py:588} INFO - Filling up the DagBag from /home/airflow/.local/lib/python3.12/site-packages/airflow/example_dags/example_external_task_marker_dag.py
[2024-10-30T11:01:28.790+0000] {processor.py:925} INFO - DAG(s) 'example_external_task_marker_parent', 'example_external_task_marker_child' retrieved from /home/airflow/.local/lib/python3.12/site-packages/airflow/example_dags/example_external_task_marker_dag.py
[2024-10-30T11:01:28.804+0000] {logging_mixin.py:190} INFO - [2024-10-30T11:01:28.804+0000] {dag.py:3239} INFO - Sync 2 DAGs
[2024-10-30T11:01:28.813+0000] {logging_mixin.py:190} INFO - [2024-10-30T11:01:28.812+0000] {dag.py:4180} INFO - Setting next_dagrun for example_external_task_marker_child to None, run_after=None
[2024-10-30T11:01:28.815+0000] {logging_mixin.py:190} INFO - [2024-10-30T11:01:28.815+0000] {dag.py:4180} INFO - Setting next_dagrun for example_external_task_marker_parent to None, run_after=None
[2024-10-30T11:01:28.825+0000] {processor.py:208} INFO - Processing /home/airflow/.local/lib/python3.12/site-packages/airflow/example_dags/example_external_task_marker_dag.py took 0.049 seconds
[2024-10-30T11:01:59.641+0000] {processor.py:186} INFO - Started process (PID=1254) to work on /home/airflow/.local/lib/python3.12/site-packages/airflow/example_dags/example_external_task_marker_dag.py
[2024-10-30T11:01:59.642+0000] {processor.py:914} INFO - Processing file /home/airflow/.local/lib/python3.12/site-packages/airflow/example_dags/example_external_task_marker_dag.py for tasks to queue
[2024-10-30T11:01:59.643+0000] {logging_mixin.py:190} INFO - [2024-10-30T11:01:59.643+0000] {dagbag.py:588} INFO - Filling up the DagBag from /home/airflow/.local/lib/python3.12/site-packages/airflow/example_dags/example_external_task_marker_dag.py
[2024-10-30T11:01:59.649+0000] {processor.py:925} INFO - DAG(s) 'example_external_task_marker_parent', 'example_external_task_marker_child' retrieved from /home/airflow/.local/lib/python3.12/site-packages/airflow/example_dags/example_external_task_marker_dag.py
[2024-10-30T11:01:59.665+0000] {logging_mixin.py:190} INFO - [2024-10-30T11:01:59.665+0000] {dag.py:3239} INFO - Sync 2 DAGs
[2024-10-30T11:01:59.675+0000] {logging_mixin.py:190} INFO - [2024-10-30T11:01:59.675+0000] {dag.py:4180} INFO - Setting next_dagrun for example_external_task_marker_child to None, run_after=None
[2024-10-30T11:01:59.678+0000] {logging_mixin.py:190} INFO - [2024-10-30T11:01:59.678+0000] {dag.py:4180} INFO - Setting next_dagrun for example_external_task_marker_parent to None, run_after=None
[2024-10-30T11:01:59.688+0000] {processor.py:208} INFO - Processing /home/airflow/.local/lib/python3.12/site-packages/airflow/example_dags/example_external_task_marker_dag.py took 0.051 seconds
[2024-10-30T11:02:30.493+0000] {processor.py:186} INFO - Started process (PID=1315) to work on /home/airflow/.local/lib/python3.12/site-packages/airflow/example_dags/example_external_task_marker_dag.py
[2024-10-30T11:02:30.494+0000] {processor.py:914} INFO - Processing file /home/airflow/.local/lib/python3.12/site-packages/airflow/example_dags/example_external_task_marker_dag.py for tasks to queue
[2024-10-30T11:02:30.499+0000] {logging_mixin.py:190} INFO - [2024-10-30T11:02:30.499+0000] {dagbag.py:588} INFO - Filling up the DagBag from /home/airflow/.local/lib/python3.12/site-packages/airflow/example_dags/example_external_task_marker_dag.py
[2024-10-30T11:02:30.505+0000] {processor.py:925} INFO - DAG(s) 'example_external_task_marker_parent', 'example_external_task_marker_child' retrieved from /home/airflow/.local/lib/python3.12/site-packages/airflow/example_dags/example_external_task_marker_dag.py
[2024-10-30T11:02:30.520+0000] {logging_mixin.py:190} INFO - [2024-10-30T11:02:30.519+0000] {dag.py:3239} INFO - Sync 2 DAGs
[2024-10-30T11:02:30.529+0000] {logging_mixin.py:190} INFO - [2024-10-30T11:02:30.528+0000] {dag.py:4180} INFO - Setting next_dagrun for example_external_task_marker_child to None, run_after=None
[2024-10-30T11:02:30.531+0000] {logging_mixin.py:190} INFO - [2024-10-30T11:02:30.531+0000] {dag.py:4180} INFO - Setting next_dagrun for example_external_task_marker_parent to None, run_after=None
[2024-10-30T11:02:30.542+0000] {processor.py:208} INFO - Processing /home/airflow/.local/lib/python3.12/site-packages/airflow/example_dags/example_external_task_marker_dag.py took 0.053 seconds
[2024-10-30T11:03:01.306+0000] {processor.py:186} INFO - Started process (PID=1377) to work on /home/airflow/.local/lib/python3.12/site-packages/airflow/example_dags/example_external_task_marker_dag.py
[2024-10-30T11:03:01.306+0000] {processor.py:914} INFO - Processing file /home/airflow/.local/lib/python3.12/site-packages/airflow/example_dags/example_external_task_marker_dag.py for tasks to queue
[2024-10-30T11:03:01.308+0000] {logging_mixin.py:190} INFO - [2024-10-30T11:03:01.308+0000] {dagbag.py:588} INFO - Filling up the DagBag from /home/airflow/.local/lib/python3.12/site-packages/airflow/example_dags/example_external_task_marker_dag.py
[2024-10-30T11:03:01.313+0000] {processor.py:925} INFO - DAG(s) 'example_external_task_marker_child', 'example_external_task_marker_parent' retrieved from /home/airflow/.local/lib/python3.12/site-packages/airflow/example_dags/example_external_task_marker_dag.py
[2024-10-30T11:03:01.329+0000] {logging_mixin.py:190} INFO - [2024-10-30T11:03:01.329+0000] {dag.py:3239} INFO - Sync 2 DAGs
[2024-10-30T11:03:01.339+0000] {logging_mixin.py:190} INFO - [2024-10-30T11:03:01.338+0000] {dag.py:4180} INFO - Setting next_dagrun for example_external_task_marker_child to None, run_after=None
[2024-10-30T11:03:01.341+0000] {logging_mixin.py:190} INFO - [2024-10-30T11:03:01.341+0000] {dag.py:4180} INFO - Setting next_dagrun for example_external_task_marker_parent to None, run_after=None
[2024-10-30T11:03:01.350+0000] {processor.py:208} INFO - Processing /home/airflow/.local/lib/python3.12/site-packages/airflow/example_dags/example_external_task_marker_dag.py took 0.049 seconds
[2024-10-30T11:03:32.329+0000] {processor.py:186} INFO - Started process (PID=1439) to work on /home/airflow/.local/lib/python3.12/site-packages/airflow/example_dags/example_external_task_marker_dag.py
[2024-10-30T11:03:32.330+0000] {processor.py:914} INFO - Processing file /home/airflow/.local/lib/python3.12/site-packages/airflow/example_dags/example_external_task_marker_dag.py for tasks to queue
[2024-10-30T11:03:32.334+0000] {logging_mixin.py:190} INFO - [2024-10-30T11:03:32.334+0000] {dagbag.py:588} INFO - Filling up the DagBag from /home/airflow/.local/lib/python3.12/site-packages/airflow/example_dags/example_external_task_marker_dag.py
[2024-10-30T11:03:32.340+0000] {processor.py:925} INFO - DAG(s) 'example_external_task_marker_parent', 'example_external_task_marker_child' retrieved from /home/airflow/.local/lib/python3.12/site-packages/airflow/example_dags/example_external_task_marker_dag.py
[2024-10-30T11:03:32.355+0000] {logging_mixin.py:190} INFO - [2024-10-30T11:03:32.354+0000] {dag.py:3239} INFO - Sync 2 DAGs
[2024-10-30T11:03:32.363+0000] {logging_mixin.py:190} INFO - [2024-10-30T11:03:32.363+0000] {dag.py:4180} INFO - Setting next_dagrun for example_external_task_marker_child to None, run_after=None
[2024-10-30T11:03:32.366+0000] {logging_mixin.py:190} INFO - [2024-10-30T11:03:32.366+0000] {dag.py:4180} INFO - Setting next_dagrun for example_external_task_marker_parent to None, run_after=None
[2024-10-30T11:03:32.374+0000] {processor.py:208} INFO - Processing /home/airflow/.local/lib/python3.12/site-packages/airflow/example_dags/example_external_task_marker_dag.py took 0.050 seconds
[2024-10-30T11:04:02.958+0000] {processor.py:186} INFO - Started process (PID=1501) to work on /home/airflow/.local/lib/python3.12/site-packages/airflow/example_dags/example_external_task_marker_dag.py
[2024-10-30T11:04:02.959+0000] {processor.py:914} INFO - Processing file /home/airflow/.local/lib/python3.12/site-packages/airflow/example_dags/example_external_task_marker_dag.py for tasks to queue
[2024-10-30T11:04:02.963+0000] {logging_mixin.py:190} INFO - [2024-10-30T11:04:02.963+0000] {dagbag.py:588} INFO - Filling up the DagBag from /home/airflow/.local/lib/python3.12/site-packages/airflow/example_dags/example_external_task_marker_dag.py
[2024-10-30T11:04:02.970+0000] {processor.py:925} INFO - DAG(s) 'example_external_task_marker_parent', 'example_external_task_marker_child' retrieved from /home/airflow/.local/lib/python3.12/site-packages/airflow/example_dags/example_external_task_marker_dag.py
[2024-10-30T11:04:02.988+0000] {logging_mixin.py:190} INFO - [2024-10-30T11:04:02.988+0000] {dag.py:3239} INFO - Sync 2 DAGs
[2024-10-30T11:04:02.997+0000] {logging_mixin.py:190} INFO - [2024-10-30T11:04:02.997+0000] {dag.py:4180} INFO - Setting next_dagrun for example_external_task_marker_child to None, run_after=None
[2024-10-30T11:04:03.000+0000] {logging_mixin.py:190} INFO - [2024-10-30T11:04:03.000+0000] {dag.py:4180} INFO - Setting next_dagrun for example_external_task_marker_parent to None, run_after=None
[2024-10-30T11:04:03.009+0000] {processor.py:208} INFO - Processing /home/airflow/.local/lib/python3.12/site-packages/airflow/example_dags/example_external_task_marker_dag.py took 0.055 seconds
[2024-10-30T11:04:33.051+0000] {processor.py:186} INFO - Started process (PID=1563) to work on /home/airflow/.local/lib/python3.12/site-packages/airflow/example_dags/example_external_task_marker_dag.py
[2024-10-30T11:04:33.052+0000] {processor.py:914} INFO - Processing file /home/airflow/.local/lib/python3.12/site-packages/airflow/example_dags/example_external_task_marker_dag.py for tasks to queue
[2024-10-30T11:04:33.053+0000] {logging_mixin.py:190} INFO - [2024-10-30T11:04:33.053+0000] {dagbag.py:588} INFO - Filling up the DagBag from /home/airflow/.local/lib/python3.12/site-packages/airflow/example_dags/example_external_task_marker_dag.py
[2024-10-30T11:04:33.059+0000] {processor.py:925} INFO - DAG(s) 'example_external_task_marker_child', 'example_external_task_marker_parent' retrieved from /home/airflow/.local/lib/python3.12/site-packages/airflow/example_dags/example_external_task_marker_dag.py
[2024-10-30T11:04:33.074+0000] {logging_mixin.py:190} INFO - [2024-10-30T11:04:33.074+0000] {dag.py:3239} INFO - Sync 2 DAGs
[2024-10-30T11:04:33.084+0000] {logging_mixin.py:190} INFO - [2024-10-30T11:04:33.084+0000] {dag.py:4180} INFO - Setting next_dagrun for example_external_task_marker_child to None, run_after=None
[2024-10-30T11:04:33.088+0000] {logging_mixin.py:190} INFO - [2024-10-30T11:04:33.088+0000] {dag.py:4180} INFO - Setting next_dagrun for example_external_task_marker_parent to None, run_after=None
[2024-10-30T11:04:33.099+0000] {processor.py:208} INFO - Processing /home/airflow/.local/lib/python3.12/site-packages/airflow/example_dags/example_external_task_marker_dag.py took 0.052 seconds
[2024-10-30T11:05:03.978+0000] {processor.py:186} INFO - Started process (PID=1625) to work on /home/airflow/.local/lib/python3.12/site-packages/airflow/example_dags/example_external_task_marker_dag.py
[2024-10-30T11:05:03.980+0000] {processor.py:914} INFO - Processing file /home/airflow/.local/lib/python3.12/site-packages/airflow/example_dags/example_external_task_marker_dag.py for tasks to queue
[2024-10-30T11:05:03.984+0000] {logging_mixin.py:190} INFO - [2024-10-30T11:05:03.983+0000] {dagbag.py:588} INFO - Filling up the DagBag from /home/airflow/.local/lib/python3.12/site-packages/airflow/example_dags/example_external_task_marker_dag.py
[2024-10-30T11:05:03.990+0000] {processor.py:925} INFO - DAG(s) 'example_external_task_marker_parent', 'example_external_task_marker_child' retrieved from /home/airflow/.local/lib/python3.12/site-packages/airflow/example_dags/example_external_task_marker_dag.py
[2024-10-30T11:05:04.008+0000] {logging_mixin.py:190} INFO - [2024-10-30T11:05:04.008+0000] {dag.py:3239} INFO - Sync 2 DAGs
[2024-10-30T11:05:04.019+0000] {logging_mixin.py:190} INFO - [2024-10-30T11:05:04.019+0000] {dag.py:4180} INFO - Setting next_dagrun for example_external_task_marker_child to None, run_after=None
[2024-10-30T11:05:04.023+0000] {logging_mixin.py:190} INFO - [2024-10-30T11:05:04.023+0000] {dag.py:4180} INFO - Setting next_dagrun for example_external_task_marker_parent to None, run_after=None
[2024-10-30T11:05:04.038+0000] {processor.py:208} INFO - Processing /home/airflow/.local/lib/python3.12/site-packages/airflow/example_dags/example_external_task_marker_dag.py took 0.065 seconds
[2024-10-30T11:05:34.829+0000] {processor.py:186} INFO - Started process (PID=1687) to work on /home/airflow/.local/lib/python3.12/site-packages/airflow/example_dags/example_external_task_marker_dag.py
[2024-10-30T11:05:34.830+0000] {processor.py:914} INFO - Processing file /home/airflow/.local/lib/python3.12/site-packages/airflow/example_dags/example_external_task_marker_dag.py for tasks to queue
[2024-10-30T11:05:34.832+0000] {logging_mixin.py:190} INFO - [2024-10-30T11:05:34.832+0000] {dagbag.py:588} INFO - Filling up the DagBag from /home/airflow/.local/lib/python3.12/site-packages/airflow/example_dags/example_external_task_marker_dag.py
[2024-10-30T11:05:34.838+0000] {processor.py:925} INFO - DAG(s) 'example_external_task_marker_parent', 'example_external_task_marker_child' retrieved from /home/airflow/.local/lib/python3.12/site-packages/airflow/example_dags/example_external_task_marker_dag.py
[2024-10-30T11:05:34.856+0000] {logging_mixin.py:190} INFO - [2024-10-30T11:05:34.856+0000] {dag.py:3239} INFO - Sync 2 DAGs
[2024-10-30T11:05:34.865+0000] {logging_mixin.py:190} INFO - [2024-10-30T11:05:34.865+0000] {dag.py:4180} INFO - Setting next_dagrun for example_external_task_marker_child to None, run_after=None
[2024-10-30T11:05:34.869+0000] {logging_mixin.py:190} INFO - [2024-10-30T11:05:34.868+0000] {dag.py:4180} INFO - Setting next_dagrun for example_external_task_marker_parent to None, run_after=None
[2024-10-30T11:05:34.880+0000] {processor.py:208} INFO - Processing /home/airflow/.local/lib/python3.12/site-packages/airflow/example_dags/example_external_task_marker_dag.py took 0.055 seconds
[2024-10-30T11:06:05.822+0000] {processor.py:186} INFO - Started process (PID=1749) to work on /home/airflow/.local/lib/python3.12/site-packages/airflow/example_dags/example_external_task_marker_dag.py
[2024-10-30T11:06:05.823+0000] {processor.py:914} INFO - Processing file /home/airflow/.local/lib/python3.12/site-packages/airflow/example_dags/example_external_task_marker_dag.py for tasks to queue
[2024-10-30T11:06:05.827+0000] {logging_mixin.py:190} INFO - [2024-10-30T11:06:05.827+0000] {dagbag.py:588} INFO - Filling up the DagBag from /home/airflow/.local/lib/python3.12/site-packages/airflow/example_dags/example_external_task_marker_dag.py
[2024-10-30T11:06:05.833+0000] {processor.py:925} INFO - DAG(s) 'example_external_task_marker_child', 'example_external_task_marker_parent' retrieved from /home/airflow/.local/lib/python3.12/site-packages/airflow/example_dags/example_external_task_marker_dag.py
[2024-10-30T11:06:05.850+0000] {logging_mixin.py:190} INFO - [2024-10-30T11:06:05.850+0000] {dag.py:3239} INFO - Sync 2 DAGs
[2024-10-30T11:06:05.860+0000] {logging_mixin.py:190} INFO - [2024-10-30T11:06:05.859+0000] {dag.py:4180} INFO - Setting next_dagrun for example_external_task_marker_child to None, run_after=None
[2024-10-30T11:06:05.864+0000] {logging_mixin.py:190} INFO - [2024-10-30T11:06:05.864+0000] {dag.py:4180} INFO - Setting next_dagrun for example_external_task_marker_parent to None, run_after=None
[2024-10-30T11:06:05.876+0000] {processor.py:208} INFO - Processing /home/airflow/.local/lib/python3.12/site-packages/airflow/example_dags/example_external_task_marker_dag.py took 0.057 seconds
[2024-10-30T11:06:36.894+0000] {processor.py:186} INFO - Started process (PID=1811) to work on /home/airflow/.local/lib/python3.12/site-packages/airflow/example_dags/example_external_task_marker_dag.py
[2024-10-30T11:06:36.897+0000] {processor.py:914} INFO - Processing file /home/airflow/.local/lib/python3.12/site-packages/airflow/example_dags/example_external_task_marker_dag.py for tasks to queue
[2024-10-30T11:06:36.900+0000] {logging_mixin.py:190} INFO - [2024-10-30T11:06:36.899+0000] {dagbag.py:588} INFO - Filling up the DagBag from /home/airflow/.local/lib/python3.12/site-packages/airflow/example_dags/example_external_task_marker_dag.py
[2024-10-30T11:06:36.912+0000] {processor.py:925} INFO - DAG(s) 'example_external_task_marker_parent', 'example_external_task_marker_child' retrieved from /home/airflow/.local/lib/python3.12/site-packages/airflow/example_dags/example_external_task_marker_dag.py
[2024-10-30T11:06:36.928+0000] {logging_mixin.py:190} INFO - [2024-10-30T11:06:36.928+0000] {dag.py:3239} INFO - Sync 2 DAGs
[2024-10-30T11:06:36.938+0000] {logging_mixin.py:190} INFO - [2024-10-30T11:06:36.938+0000] {dag.py:4180} INFO - Setting next_dagrun for example_external_task_marker_child to None, run_after=None
[2024-10-30T11:06:36.941+0000] {logging_mixin.py:190} INFO - [2024-10-30T11:06:36.941+0000] {dag.py:4180} INFO - Setting next_dagrun for example_external_task_marker_parent to None, run_after=None
[2024-10-30T11:06:36.951+0000] {processor.py:208} INFO - Processing /home/airflow/.local/lib/python3.12/site-packages/airflow/example_dags/example_external_task_marker_dag.py took 0.062 seconds
[2024-10-30T11:07:07.065+0000] {processor.py:186} INFO - Started process (PID=1873) to work on /home/airflow/.local/lib/python3.12/site-packages/airflow/example_dags/example_external_task_marker_dag.py
[2024-10-30T11:07:07.066+0000] {processor.py:914} INFO - Processing file /home/airflow/.local/lib/python3.12/site-packages/airflow/example_dags/example_external_task_marker_dag.py for tasks to queue
[2024-10-30T11:07:07.068+0000] {logging_mixin.py:190} INFO - [2024-10-30T11:07:07.068+0000] {dagbag.py:588} INFO - Filling up the DagBag from /home/airflow/.local/lib/python3.12/site-packages/airflow/example_dags/example_external_task_marker_dag.py
[2024-10-30T11:07:07.076+0000] {processor.py:925} INFO - DAG(s) 'example_external_task_marker_parent', 'example_external_task_marker_child' retrieved from /home/airflow/.local/lib/python3.12/site-packages/airflow/example_dags/example_external_task_marker_dag.py
[2024-10-30T11:07:07.093+0000] {logging_mixin.py:190} INFO - [2024-10-30T11:07:07.093+0000] {dag.py:3239} INFO - Sync 2 DAGs
[2024-10-30T11:07:07.103+0000] {logging_mixin.py:190} INFO - [2024-10-30T11:07:07.103+0000] {dag.py:4180} INFO - Setting next_dagrun for example_external_task_marker_child to None, run_after=None
[2024-10-30T11:07:07.105+0000] {logging_mixin.py:190} INFO - [2024-10-30T11:07:07.105+0000] {dag.py:4180} INFO - Setting next_dagrun for example_external_task_marker_parent to None, run_after=None
[2024-10-30T11:07:07.117+0000] {processor.py:208} INFO - Processing /home/airflow/.local/lib/python3.12/site-packages/airflow/example_dags/example_external_task_marker_dag.py took 0.055 seconds
[2024-10-30T11:07:37.312+0000] {processor.py:186} INFO - Started process (PID=1935) to work on /home/airflow/.local/lib/python3.12/site-packages/airflow/example_dags/example_external_task_marker_dag.py
[2024-10-30T11:07:37.313+0000] {processor.py:914} INFO - Processing file /home/airflow/.local/lib/python3.12/site-packages/airflow/example_dags/example_external_task_marker_dag.py for tasks to queue
[2024-10-30T11:07:37.315+0000] {logging_mixin.py:190} INFO - [2024-10-30T11:07:37.315+0000] {dagbag.py:588} INFO - Filling up the DagBag from /home/airflow/.local/lib/python3.12/site-packages/airflow/example_dags/example_external_task_marker_dag.py
[2024-10-30T11:07:37.320+0000] {processor.py:925} INFO - DAG(s) 'example_external_task_marker_child', 'example_external_task_marker_parent' retrieved from /home/airflow/.local/lib/python3.12/site-packages/airflow/example_dags/example_external_task_marker_dag.py
[2024-10-30T11:07:37.336+0000] {logging_mixin.py:190} INFO - [2024-10-30T11:07:37.336+0000] {dag.py:3239} INFO - Sync 2 DAGs
[2024-10-30T11:07:37.345+0000] {logging_mixin.py:190} INFO - [2024-10-30T11:07:37.345+0000] {dag.py:4180} INFO - Setting next_dagrun for example_external_task_marker_child to None, run_after=None
[2024-10-30T11:07:37.348+0000] {logging_mixin.py:190} INFO - [2024-10-30T11:07:37.348+0000] {dag.py:4180} INFO - Setting next_dagrun for example_external_task_marker_parent to None, run_after=None
[2024-10-30T11:07:37.362+0000] {processor.py:208} INFO - Processing /home/airflow/.local/lib/python3.12/site-packages/airflow/example_dags/example_external_task_marker_dag.py took 0.054 seconds
[2024-10-30T11:08:08.110+0000] {processor.py:186} INFO - Started process (PID=1997) to work on /home/airflow/.local/lib/python3.12/site-packages/airflow/example_dags/example_external_task_marker_dag.py
[2024-10-30T11:08:08.112+0000] {processor.py:914} INFO - Processing file /home/airflow/.local/lib/python3.12/site-packages/airflow/example_dags/example_external_task_marker_dag.py for tasks to queue
[2024-10-30T11:08:08.114+0000] {logging_mixin.py:190} INFO - [2024-10-30T11:08:08.113+0000] {dagbag.py:588} INFO - Filling up the DagBag from /home/airflow/.local/lib/python3.12/site-packages/airflow/example_dags/example_external_task_marker_dag.py
[2024-10-30T11:08:08.123+0000] {processor.py:925} INFO - DAG(s) 'example_external_task_marker_parent', 'example_external_task_marker_child' retrieved from /home/airflow/.local/lib/python3.12/site-packages/airflow/example_dags/example_external_task_marker_dag.py
[2024-10-30T11:08:08.151+0000] {logging_mixin.py:190} INFO - [2024-10-30T11:08:08.150+0000] {dag.py:3239} INFO - Sync 2 DAGs
[2024-10-30T11:08:08.161+0000] {logging_mixin.py:190} INFO - [2024-10-30T11:08:08.161+0000] {dag.py:4180} INFO - Setting next_dagrun for example_external_task_marker_child to None, run_after=None
[2024-10-30T11:08:08.167+0000] {logging_mixin.py:190} INFO - [2024-10-30T11:08:08.166+0000] {dag.py:4180} INFO - Setting next_dagrun for example_external_task_marker_parent to None, run_after=None
[2024-10-30T11:08:08.177+0000] {processor.py:208} INFO - Processing /home/airflow/.local/lib/python3.12/site-packages/airflow/example_dags/example_external_task_marker_dag.py took 0.071 seconds
[2024-10-30T11:08:39.045+0000] {processor.py:186} INFO - Started process (PID=2059) to work on /home/airflow/.local/lib/python3.12/site-packages/airflow/example_dags/example_external_task_marker_dag.py
[2024-10-30T11:08:39.046+0000] {processor.py:914} INFO - Processing file /home/airflow/.local/lib/python3.12/site-packages/airflow/example_dags/example_external_task_marker_dag.py for tasks to queue
[2024-10-30T11:08:39.048+0000] {logging_mixin.py:190} INFO - [2024-10-30T11:08:39.048+0000] {dagbag.py:588} INFO - Filling up the DagBag from /home/airflow/.local/lib/python3.12/site-packages/airflow/example_dags/example_external_task_marker_dag.py
[2024-10-30T11:08:39.056+0000] {processor.py:925} INFO - DAG(s) 'example_external_task_marker_child', 'example_external_task_marker_parent' retrieved from /home/airflow/.local/lib/python3.12/site-packages/airflow/example_dags/example_external_task_marker_dag.py
[2024-10-30T11:08:39.074+0000] {logging_mixin.py:190} INFO - [2024-10-30T11:08:39.073+0000] {dag.py:3239} INFO - Sync 2 DAGs
[2024-10-30T11:08:39.084+0000] {logging_mixin.py:190} INFO - [2024-10-30T11:08:39.084+0000] {dag.py:4180} INFO - Setting next_dagrun for example_external_task_marker_child to None, run_after=None
[2024-10-30T11:08:39.088+0000] {logging_mixin.py:190} INFO - [2024-10-30T11:08:39.088+0000] {dag.py:4180} INFO - Setting next_dagrun for example_external_task_marker_parent to None, run_after=None
[2024-10-30T11:08:39.098+0000] {processor.py:208} INFO - Processing /home/airflow/.local/lib/python3.12/site-packages/airflow/example_dags/example_external_task_marker_dag.py took 0.057 seconds
[2024-10-30T11:09:09.921+0000] {processor.py:186} INFO - Started process (PID=2121) to work on /home/airflow/.local/lib/python3.12/site-packages/airflow/example_dags/example_external_task_marker_dag.py
[2024-10-30T11:09:09.924+0000] {processor.py:914} INFO - Processing file /home/airflow/.local/lib/python3.12/site-packages/airflow/example_dags/example_external_task_marker_dag.py for tasks to queue
[2024-10-30T11:09:09.926+0000] {logging_mixin.py:190} INFO - [2024-10-30T11:09:09.926+0000] {dagbag.py:588} INFO - Filling up the DagBag from /home/airflow/.local/lib/python3.12/site-packages/airflow/example_dags/example_external_task_marker_dag.py
[2024-10-30T11:09:09.931+0000] {processor.py:925} INFO - DAG(s) 'example_external_task_marker_parent', 'example_external_task_marker_child' retrieved from /home/airflow/.local/lib/python3.12/site-packages/airflow/example_dags/example_external_task_marker_dag.py
[2024-10-30T11:09:09.946+0000] {logging_mixin.py:190} INFO - [2024-10-30T11:09:09.946+0000] {dag.py:3239} INFO - Sync 2 DAGs
[2024-10-30T11:09:09.956+0000] {logging_mixin.py:190} INFO - [2024-10-30T11:09:09.956+0000] {dag.py:4180} INFO - Setting next_dagrun for example_external_task_marker_child to None, run_after=None
[2024-10-30T11:09:09.959+0000] {logging_mixin.py:190} INFO - [2024-10-30T11:09:09.959+0000] {dag.py:4180} INFO - Setting next_dagrun for example_external_task_marker_parent to None, run_after=None
[2024-10-30T11:09:09.969+0000] {processor.py:208} INFO - Processing /home/airflow/.local/lib/python3.12/site-packages/airflow/example_dags/example_external_task_marker_dag.py took 0.051 seconds
