[2024-10-30T10:52:11.886+0000] {processor.py:186} INFO - Started process (PID=54) to work on /home/airflow/.local/lib/python3.12/site-packages/airflow/example_dags/example_sla_dag.py
[2024-10-30T10:52:11.890+0000] {processor.py:914} INFO - Processing file /home/airflow/.local/lib/python3.12/site-packages/airflow/example_dags/example_sla_dag.py for tasks to queue
[2024-10-30T10:52:11.892+0000] {logging_mixin.py:190} INFO - [2024-10-30T10:52:11.891+0000] {dagbag.py:588} INFO - Filling up the DagBag from /home/airflow/.local/lib/python3.12/site-packages/airflow/example_dags/example_sla_dag.py
[2024-10-30T10:52:11.904+0000] {processor.py:925} INFO - DAG(s) 'example_sla_dag' retrieved from /home/airflow/.local/lib/python3.12/site-packages/airflow/example_dags/example_sla_dag.py
[2024-10-30T10:52:11.979+0000] {logging_mixin.py:190} INFO - [2024-10-30T10:52:11.978+0000] {override.py:1900} INFO - Created Permission View: can delete on DAG:example_sla_dag
[2024-10-30T10:52:11.991+0000] {logging_mixin.py:190} INFO - [2024-10-30T10:52:11.991+0000] {override.py:1900} INFO - Created Permission View: can read on DAG:example_sla_dag
[2024-10-30T10:52:11.995+0000] {logging_mixin.py:190} INFO - [2024-10-30T10:52:11.995+0000] {override.py:1900} INFO - Created Permission View: can edit on DAG:example_sla_dag
[2024-10-30T10:52:12.005+0000] {logging_mixin.py:190} INFO - [2024-10-30T10:52:12.004+0000] {override.py:1900} INFO - Created Permission View: can create on DAG Run:example_sla_dag
[2024-10-30T10:52:12.019+0000] {logging_mixin.py:190} INFO - [2024-10-30T10:52:12.019+0000] {override.py:1900} INFO - Created Permission View: can delete on DAG Run:example_sla_dag
[2024-10-30T10:52:12.026+0000] {logging_mixin.py:190} INFO - [2024-10-30T10:52:12.026+0000] {override.py:1900} INFO - Created Permission View: can read on DAG Run:example_sla_dag
[2024-10-30T10:52:12.032+0000] {logging_mixin.py:190} INFO - [2024-10-30T10:52:12.032+0000] {override.py:1900} INFO - Created Permission View: menu access on DAG Run:example_sla_dag
[2024-10-30T10:52:12.033+0000] {logging_mixin.py:190} INFO - [2024-10-30T10:52:12.032+0000] {dag.py:3239} INFO - Sync 1 DAGs
[2024-10-30T10:52:12.045+0000] {logging_mixin.py:190} INFO - [2024-10-30T10:52:12.045+0000] {dag.py:3262} INFO - Creating ORM DAG for example_sla_dag
[2024-10-30T10:52:12.056+0000] {logging_mixin.py:190} INFO - [2024-10-30T10:52:12.055+0000] {dag.py:4180} INFO - Setting next_dagrun for example_sla_dag to 2024-10-30 10:50:00+00:00, run_after=2024-10-30 10:52:00+00:00
[2024-10-30T10:52:12.069+0000] {processor.py:208} INFO - Processing /home/airflow/.local/lib/python3.12/site-packages/airflow/example_dags/example_sla_dag.py took 0.189 seconds
[2024-10-30T10:52:42.648+0000] {processor.py:186} INFO - Started process (PID=116) to work on /home/airflow/.local/lib/python3.12/site-packages/airflow/example_dags/example_sla_dag.py
[2024-10-30T10:52:42.649+0000] {processor.py:914} INFO - Processing file /home/airflow/.local/lib/python3.12/site-packages/airflow/example_dags/example_sla_dag.py for tasks to queue
[2024-10-30T10:52:42.651+0000] {logging_mixin.py:190} INFO - [2024-10-30T10:52:42.651+0000] {dagbag.py:588} INFO - Filling up the DagBag from /home/airflow/.local/lib/python3.12/site-packages/airflow/example_dags/example_sla_dag.py
[2024-10-30T10:52:42.660+0000] {processor.py:925} INFO - DAG(s) 'example_sla_dag' retrieved from /home/airflow/.local/lib/python3.12/site-packages/airflow/example_dags/example_sla_dag.py
[2024-10-30T10:52:42.674+0000] {logging_mixin.py:190} INFO - [2024-10-30T10:52:42.673+0000] {dag.py:3239} INFO - Sync 1 DAGs
[2024-10-30T10:52:42.691+0000] {logging_mixin.py:190} INFO - [2024-10-30T10:52:42.691+0000] {dag.py:4180} INFO - Setting next_dagrun for example_sla_dag to 2024-10-30 10:50:00+00:00, run_after=2024-10-30 10:52:00+00:00
[2024-10-30T10:52:42.706+0000] {processor.py:208} INFO - Processing /home/airflow/.local/lib/python3.12/site-packages/airflow/example_dags/example_sla_dag.py took 0.063 seconds
[2024-10-30T10:53:12.826+0000] {processor.py:186} INFO - Started process (PID=178) to work on /home/airflow/.local/lib/python3.12/site-packages/airflow/example_dags/example_sla_dag.py
[2024-10-30T10:53:12.827+0000] {processor.py:914} INFO - Processing file /home/airflow/.local/lib/python3.12/site-packages/airflow/example_dags/example_sla_dag.py for tasks to queue
[2024-10-30T10:53:12.828+0000] {logging_mixin.py:190} INFO - [2024-10-30T10:53:12.828+0000] {dagbag.py:588} INFO - Filling up the DagBag from /home/airflow/.local/lib/python3.12/site-packages/airflow/example_dags/example_sla_dag.py
[2024-10-30T10:53:12.834+0000] {processor.py:925} INFO - DAG(s) 'example_sla_dag' retrieved from /home/airflow/.local/lib/python3.12/site-packages/airflow/example_dags/example_sla_dag.py
[2024-10-30T10:53:12.851+0000] {logging_mixin.py:190} INFO - [2024-10-30T10:53:12.851+0000] {dag.py:3239} INFO - Sync 1 DAGs
[2024-10-30T10:53:12.872+0000] {logging_mixin.py:190} INFO - [2024-10-30T10:53:12.872+0000] {dag.py:4180} INFO - Setting next_dagrun for example_sla_dag to 2024-10-30 10:50:00+00:00, run_after=2024-10-30 10:52:00+00:00
[2024-10-30T10:53:12.889+0000] {processor.py:208} INFO - Processing /home/airflow/.local/lib/python3.12/site-packages/airflow/example_dags/example_sla_dag.py took 0.067 seconds
[2024-10-30T10:53:43.102+0000] {processor.py:186} INFO - Started process (PID=240) to work on /home/airflow/.local/lib/python3.12/site-packages/airflow/example_dags/example_sla_dag.py
[2024-10-30T10:53:43.105+0000] {processor.py:914} INFO - Processing file /home/airflow/.local/lib/python3.12/site-packages/airflow/example_dags/example_sla_dag.py for tasks to queue
[2024-10-30T10:53:43.107+0000] {logging_mixin.py:190} INFO - [2024-10-30T10:53:43.107+0000] {dagbag.py:588} INFO - Filling up the DagBag from /home/airflow/.local/lib/python3.12/site-packages/airflow/example_dags/example_sla_dag.py
[2024-10-30T10:53:43.114+0000] {processor.py:925} INFO - DAG(s) 'example_sla_dag' retrieved from /home/airflow/.local/lib/python3.12/site-packages/airflow/example_dags/example_sla_dag.py
[2024-10-30T10:53:43.128+0000] {logging_mixin.py:190} INFO - [2024-10-30T10:53:43.128+0000] {dag.py:3239} INFO - Sync 1 DAGs
[2024-10-30T10:53:43.150+0000] {logging_mixin.py:190} INFO - [2024-10-30T10:53:43.150+0000] {dag.py:4180} INFO - Setting next_dagrun for example_sla_dag to 2024-10-30 10:50:00+00:00, run_after=2024-10-30 10:52:00+00:00
[2024-10-30T10:53:43.163+0000] {processor.py:208} INFO - Processing /home/airflow/.local/lib/python3.12/site-packages/airflow/example_dags/example_sla_dag.py took 0.065 seconds
[2024-10-30T10:54:14.115+0000] {processor.py:186} INFO - Started process (PID=308) to work on /home/airflow/.local/lib/python3.12/site-packages/airflow/example_dags/example_sla_dag.py
[2024-10-30T10:54:14.118+0000] {processor.py:914} INFO - Processing file /home/airflow/.local/lib/python3.12/site-packages/airflow/example_dags/example_sla_dag.py for tasks to queue
[2024-10-30T10:54:14.119+0000] {logging_mixin.py:190} INFO - [2024-10-30T10:54:14.119+0000] {dagbag.py:588} INFO - Filling up the DagBag from /home/airflow/.local/lib/python3.12/site-packages/airflow/example_dags/example_sla_dag.py
[2024-10-30T10:54:14.126+0000] {processor.py:925} INFO - DAG(s) 'example_sla_dag' retrieved from /home/airflow/.local/lib/python3.12/site-packages/airflow/example_dags/example_sla_dag.py
[2024-10-30T10:54:14.142+0000] {logging_mixin.py:190} INFO - [2024-10-30T10:54:14.142+0000] {dag.py:3239} INFO - Sync 1 DAGs
[2024-10-30T10:54:14.158+0000] {logging_mixin.py:190} INFO - [2024-10-30T10:54:14.157+0000] {dag.py:4180} INFO - Setting next_dagrun for example_sla_dag to 2024-10-30 10:52:00+00:00, run_after=2024-10-30 10:54:00+00:00
[2024-10-30T10:54:14.171+0000] {processor.py:208} INFO - Processing /home/airflow/.local/lib/python3.12/site-packages/airflow/example_dags/example_sla_dag.py took 0.060 seconds
[2024-10-30T10:54:45.080+0000] {processor.py:186} INFO - Started process (PID=370) to work on /home/airflow/.local/lib/python3.12/site-packages/airflow/example_dags/example_sla_dag.py
[2024-10-30T10:54:45.082+0000] {processor.py:914} INFO - Processing file /home/airflow/.local/lib/python3.12/site-packages/airflow/example_dags/example_sla_dag.py for tasks to queue
[2024-10-30T10:54:45.087+0000] {logging_mixin.py:190} INFO - [2024-10-30T10:54:45.086+0000] {dagbag.py:588} INFO - Filling up the DagBag from /home/airflow/.local/lib/python3.12/site-packages/airflow/example_dags/example_sla_dag.py
[2024-10-30T10:54:45.093+0000] {processor.py:925} INFO - DAG(s) 'example_sla_dag' retrieved from /home/airflow/.local/lib/python3.12/site-packages/airflow/example_dags/example_sla_dag.py
[2024-10-30T10:54:45.111+0000] {logging_mixin.py:190} INFO - [2024-10-30T10:54:45.111+0000] {dag.py:3239} INFO - Sync 1 DAGs
[2024-10-30T10:54:45.128+0000] {logging_mixin.py:190} INFO - [2024-10-30T10:54:45.128+0000] {dag.py:4180} INFO - Setting next_dagrun for example_sla_dag to 2024-10-30 10:52:00+00:00, run_after=2024-10-30 10:54:00+00:00
[2024-10-30T10:54:45.142+0000] {processor.py:208} INFO - Processing /home/airflow/.local/lib/python3.12/site-packages/airflow/example_dags/example_sla_dag.py took 0.066 seconds
[2024-10-30T10:55:16.055+0000] {processor.py:186} INFO - Started process (PID=432) to work on /home/airflow/.local/lib/python3.12/site-packages/airflow/example_dags/example_sla_dag.py
[2024-10-30T10:55:16.056+0000] {processor.py:914} INFO - Processing file /home/airflow/.local/lib/python3.12/site-packages/airflow/example_dags/example_sla_dag.py for tasks to queue
[2024-10-30T10:55:16.058+0000] {logging_mixin.py:190} INFO - [2024-10-30T10:55:16.058+0000] {dagbag.py:588} INFO - Filling up the DagBag from /home/airflow/.local/lib/python3.12/site-packages/airflow/example_dags/example_sla_dag.py
[2024-10-30T10:55:16.064+0000] {processor.py:925} INFO - DAG(s) 'example_sla_dag' retrieved from /home/airflow/.local/lib/python3.12/site-packages/airflow/example_dags/example_sla_dag.py
[2024-10-30T10:55:16.084+0000] {logging_mixin.py:190} INFO - [2024-10-30T10:55:16.083+0000] {dag.py:3239} INFO - Sync 1 DAGs
[2024-10-30T10:55:16.100+0000] {logging_mixin.py:190} INFO - [2024-10-30T10:55:16.100+0000] {dag.py:4180} INFO - Setting next_dagrun for example_sla_dag to 2024-10-30 10:52:00+00:00, run_after=2024-10-30 10:54:00+00:00
[2024-10-30T10:55:16.113+0000] {processor.py:208} INFO - Processing /home/airflow/.local/lib/python3.12/site-packages/airflow/example_dags/example_sla_dag.py took 0.062 seconds
[2024-10-30T10:55:46.213+0000] {processor.py:186} INFO - Started process (PID=494) to work on /home/airflow/.local/lib/python3.12/site-packages/airflow/example_dags/example_sla_dag.py
[2024-10-30T10:55:46.214+0000] {processor.py:914} INFO - Processing file /home/airflow/.local/lib/python3.12/site-packages/airflow/example_dags/example_sla_dag.py for tasks to queue
[2024-10-30T10:55:46.216+0000] {logging_mixin.py:190} INFO - [2024-10-30T10:55:46.216+0000] {dagbag.py:588} INFO - Filling up the DagBag from /home/airflow/.local/lib/python3.12/site-packages/airflow/example_dags/example_sla_dag.py
[2024-10-30T10:55:46.224+0000] {processor.py:925} INFO - DAG(s) 'example_sla_dag' retrieved from /home/airflow/.local/lib/python3.12/site-packages/airflow/example_dags/example_sla_dag.py
[2024-10-30T10:55:46.237+0000] {logging_mixin.py:190} INFO - [2024-10-30T10:55:46.237+0000] {dag.py:3239} INFO - Sync 1 DAGs
[2024-10-30T10:55:46.253+0000] {logging_mixin.py:190} INFO - [2024-10-30T10:55:46.253+0000] {dag.py:4180} INFO - Setting next_dagrun for example_sla_dag to 2024-10-30 10:52:00+00:00, run_after=2024-10-30 10:54:00+00:00
[2024-10-30T10:55:46.268+0000] {processor.py:208} INFO - Processing /home/airflow/.local/lib/python3.12/site-packages/airflow/example_dags/example_sla_dag.py took 0.059 seconds
[2024-10-30T10:56:17.012+0000] {processor.py:186} INFO - Started process (PID=556) to work on /home/airflow/.local/lib/python3.12/site-packages/airflow/example_dags/example_sla_dag.py
[2024-10-30T10:56:17.013+0000] {processor.py:914} INFO - Processing file /home/airflow/.local/lib/python3.12/site-packages/airflow/example_dags/example_sla_dag.py for tasks to queue
[2024-10-30T10:56:17.015+0000] {logging_mixin.py:190} INFO - [2024-10-30T10:56:17.015+0000] {dagbag.py:588} INFO - Filling up the DagBag from /home/airflow/.local/lib/python3.12/site-packages/airflow/example_dags/example_sla_dag.py
[2024-10-30T10:56:17.022+0000] {processor.py:925} INFO - DAG(s) 'example_sla_dag' retrieved from /home/airflow/.local/lib/python3.12/site-packages/airflow/example_dags/example_sla_dag.py
[2024-10-30T10:56:17.037+0000] {logging_mixin.py:190} INFO - [2024-10-30T10:56:17.037+0000] {dag.py:3239} INFO - Sync 1 DAGs
[2024-10-30T10:56:17.054+0000] {logging_mixin.py:190} INFO - [2024-10-30T10:56:17.054+0000] {dag.py:4180} INFO - Setting next_dagrun for example_sla_dag to 2024-10-30 10:54:00+00:00, run_after=2024-10-30 10:56:00+00:00
[2024-10-30T10:56:17.070+0000] {processor.py:208} INFO - Processing /home/airflow/.local/lib/python3.12/site-packages/airflow/example_dags/example_sla_dag.py took 0.062 seconds
[2024-10-30T10:56:47.965+0000] {processor.py:186} INFO - Started process (PID=618) to work on /home/airflow/.local/lib/python3.12/site-packages/airflow/example_dags/example_sla_dag.py
[2024-10-30T10:56:47.966+0000] {processor.py:914} INFO - Processing file /home/airflow/.local/lib/python3.12/site-packages/airflow/example_dags/example_sla_dag.py for tasks to queue
[2024-10-30T10:56:47.967+0000] {logging_mixin.py:190} INFO - [2024-10-30T10:56:47.967+0000] {dagbag.py:588} INFO - Filling up the DagBag from /home/airflow/.local/lib/python3.12/site-packages/airflow/example_dags/example_sla_dag.py
[2024-10-30T10:56:47.974+0000] {processor.py:925} INFO - DAG(s) 'example_sla_dag' retrieved from /home/airflow/.local/lib/python3.12/site-packages/airflow/example_dags/example_sla_dag.py
[2024-10-30T10:56:47.988+0000] {logging_mixin.py:190} INFO - [2024-10-30T10:56:47.988+0000] {dag.py:3239} INFO - Sync 1 DAGs
[2024-10-30T10:56:48.006+0000] {logging_mixin.py:190} INFO - [2024-10-30T10:56:48.005+0000] {dag.py:4180} INFO - Setting next_dagrun for example_sla_dag to 2024-10-30 10:54:00+00:00, run_after=2024-10-30 10:56:00+00:00
[2024-10-30T10:56:48.019+0000] {processor.py:208} INFO - Processing /home/airflow/.local/lib/python3.12/site-packages/airflow/example_dags/example_sla_dag.py took 0.058 seconds
[2024-10-30T10:57:18.770+0000] {processor.py:186} INFO - Started process (PID=680) to work on /home/airflow/.local/lib/python3.12/site-packages/airflow/example_dags/example_sla_dag.py
[2024-10-30T10:57:18.771+0000] {processor.py:914} INFO - Processing file /home/airflow/.local/lib/python3.12/site-packages/airflow/example_dags/example_sla_dag.py for tasks to queue
[2024-10-30T10:57:18.773+0000] {logging_mixin.py:190} INFO - [2024-10-30T10:57:18.773+0000] {dagbag.py:588} INFO - Filling up the DagBag from /home/airflow/.local/lib/python3.12/site-packages/airflow/example_dags/example_sla_dag.py
[2024-10-30T10:57:18.781+0000] {processor.py:925} INFO - DAG(s) 'example_sla_dag' retrieved from /home/airflow/.local/lib/python3.12/site-packages/airflow/example_dags/example_sla_dag.py
[2024-10-30T10:57:18.793+0000] {logging_mixin.py:190} INFO - [2024-10-30T10:57:18.793+0000] {dag.py:3239} INFO - Sync 1 DAGs
[2024-10-30T10:57:18.809+0000] {logging_mixin.py:190} INFO - [2024-10-30T10:57:18.809+0000] {dag.py:4180} INFO - Setting next_dagrun for example_sla_dag to 2024-10-30 10:54:00+00:00, run_after=2024-10-30 10:56:00+00:00
[2024-10-30T10:57:18.821+0000] {processor.py:208} INFO - Processing /home/airflow/.local/lib/python3.12/site-packages/airflow/example_dags/example_sla_dag.py took 0.054 seconds
[2024-10-30T10:57:49.580+0000] {processor.py:186} INFO - Started process (PID=742) to work on /home/airflow/.local/lib/python3.12/site-packages/airflow/example_dags/example_sla_dag.py
[2024-10-30T10:57:49.581+0000] {processor.py:914} INFO - Processing file /home/airflow/.local/lib/python3.12/site-packages/airflow/example_dags/example_sla_dag.py for tasks to queue
[2024-10-30T10:57:49.584+0000] {logging_mixin.py:190} INFO - [2024-10-30T10:57:49.583+0000] {dagbag.py:588} INFO - Filling up the DagBag from /home/airflow/.local/lib/python3.12/site-packages/airflow/example_dags/example_sla_dag.py
[2024-10-30T10:57:49.594+0000] {processor.py:925} INFO - DAG(s) 'example_sla_dag' retrieved from /home/airflow/.local/lib/python3.12/site-packages/airflow/example_dags/example_sla_dag.py
[2024-10-30T10:57:49.607+0000] {logging_mixin.py:190} INFO - [2024-10-30T10:57:49.606+0000] {dag.py:3239} INFO - Sync 1 DAGs
[2024-10-30T10:57:49.622+0000] {logging_mixin.py:190} INFO - [2024-10-30T10:57:49.622+0000] {dag.py:4180} INFO - Setting next_dagrun for example_sla_dag to 2024-10-30 10:54:00+00:00, run_after=2024-10-30 10:56:00+00:00
[2024-10-30T10:57:49.635+0000] {processor.py:208} INFO - Processing /home/airflow/.local/lib/python3.12/site-packages/airflow/example_dags/example_sla_dag.py took 0.060 seconds
[2024-10-30T10:58:20.405+0000] {processor.py:186} INFO - Started process (PID=803) to work on /home/airflow/.local/lib/python3.12/site-packages/airflow/example_dags/example_sla_dag.py
[2024-10-30T10:58:20.406+0000] {processor.py:914} INFO - Processing file /home/airflow/.local/lib/python3.12/site-packages/airflow/example_dags/example_sla_dag.py for tasks to queue
[2024-10-30T10:58:20.408+0000] {logging_mixin.py:190} INFO - [2024-10-30T10:58:20.408+0000] {dagbag.py:588} INFO - Filling up the DagBag from /home/airflow/.local/lib/python3.12/site-packages/airflow/example_dags/example_sla_dag.py
[2024-10-30T10:58:20.415+0000] {processor.py:925} INFO - DAG(s) 'example_sla_dag' retrieved from /home/airflow/.local/lib/python3.12/site-packages/airflow/example_dags/example_sla_dag.py
[2024-10-30T10:58:20.428+0000] {logging_mixin.py:190} INFO - [2024-10-30T10:58:20.428+0000] {dag.py:3239} INFO - Sync 1 DAGs
[2024-10-30T10:58:20.443+0000] {logging_mixin.py:190} INFO - [2024-10-30T10:58:20.443+0000] {dag.py:4180} INFO - Setting next_dagrun for example_sla_dag to 2024-10-30 10:56:00+00:00, run_after=2024-10-30 10:58:00+00:00
[2024-10-30T10:58:20.454+0000] {processor.py:208} INFO - Processing /home/airflow/.local/lib/python3.12/site-packages/airflow/example_dags/example_sla_dag.py took 0.053 seconds
[2024-10-30T10:58:51.237+0000] {processor.py:186} INFO - Started process (PID=865) to work on /home/airflow/.local/lib/python3.12/site-packages/airflow/example_dags/example_sla_dag.py
[2024-10-30T10:58:51.238+0000] {processor.py:914} INFO - Processing file /home/airflow/.local/lib/python3.12/site-packages/airflow/example_dags/example_sla_dag.py for tasks to queue
[2024-10-30T10:58:51.240+0000] {logging_mixin.py:190} INFO - [2024-10-30T10:58:51.239+0000] {dagbag.py:588} INFO - Filling up the DagBag from /home/airflow/.local/lib/python3.12/site-packages/airflow/example_dags/example_sla_dag.py
[2024-10-30T10:58:51.247+0000] {processor.py:925} INFO - DAG(s) 'example_sla_dag' retrieved from /home/airflow/.local/lib/python3.12/site-packages/airflow/example_dags/example_sla_dag.py
[2024-10-30T10:58:51.263+0000] {logging_mixin.py:190} INFO - [2024-10-30T10:58:51.263+0000] {dag.py:3239} INFO - Sync 1 DAGs
[2024-10-30T10:58:51.280+0000] {logging_mixin.py:190} INFO - [2024-10-30T10:58:51.280+0000] {dag.py:4180} INFO - Setting next_dagrun for example_sla_dag to 2024-10-30 10:56:00+00:00, run_after=2024-10-30 10:58:00+00:00
[2024-10-30T10:58:51.294+0000] {processor.py:208} INFO - Processing /home/airflow/.local/lib/python3.12/site-packages/airflow/example_dags/example_sla_dag.py took 0.061 seconds
[2024-10-30T10:59:21.923+0000] {processor.py:186} INFO - Started process (PID=927) to work on /home/airflow/.local/lib/python3.12/site-packages/airflow/example_dags/example_sla_dag.py
[2024-10-30T10:59:21.924+0000] {processor.py:914} INFO - Processing file /home/airflow/.local/lib/python3.12/site-packages/airflow/example_dags/example_sla_dag.py for tasks to queue
[2024-10-30T10:59:21.925+0000] {logging_mixin.py:190} INFO - [2024-10-30T10:59:21.925+0000] {dagbag.py:588} INFO - Filling up the DagBag from /home/airflow/.local/lib/python3.12/site-packages/airflow/example_dags/example_sla_dag.py
[2024-10-30T10:59:21.932+0000] {processor.py:925} INFO - DAG(s) 'example_sla_dag' retrieved from /home/airflow/.local/lib/python3.12/site-packages/airflow/example_dags/example_sla_dag.py
[2024-10-30T10:59:21.945+0000] {logging_mixin.py:190} INFO - [2024-10-30T10:59:21.945+0000] {dag.py:3239} INFO - Sync 1 DAGs
[2024-10-30T10:59:21.961+0000] {logging_mixin.py:190} INFO - [2024-10-30T10:59:21.961+0000] {dag.py:4180} INFO - Setting next_dagrun for example_sla_dag to 2024-10-30 10:56:00+00:00, run_after=2024-10-30 10:58:00+00:00
[2024-10-30T10:59:21.971+0000] {processor.py:208} INFO - Processing /home/airflow/.local/lib/python3.12/site-packages/airflow/example_dags/example_sla_dag.py took 0.053 seconds
[2024-10-30T10:59:52.745+0000] {processor.py:186} INFO - Started process (PID=989) to work on /home/airflow/.local/lib/python3.12/site-packages/airflow/example_dags/example_sla_dag.py
[2024-10-30T10:59:52.746+0000] {processor.py:914} INFO - Processing file /home/airflow/.local/lib/python3.12/site-packages/airflow/example_dags/example_sla_dag.py for tasks to queue
[2024-10-30T10:59:52.748+0000] {logging_mixin.py:190} INFO - [2024-10-30T10:59:52.748+0000] {dagbag.py:588} INFO - Filling up the DagBag from /home/airflow/.local/lib/python3.12/site-packages/airflow/example_dags/example_sla_dag.py
[2024-10-30T10:59:52.756+0000] {processor.py:925} INFO - DAG(s) 'example_sla_dag' retrieved from /home/airflow/.local/lib/python3.12/site-packages/airflow/example_dags/example_sla_dag.py
[2024-10-30T10:59:52.769+0000] {logging_mixin.py:190} INFO - [2024-10-30T10:59:52.769+0000] {dag.py:3239} INFO - Sync 1 DAGs
[2024-10-30T10:59:52.786+0000] {logging_mixin.py:190} INFO - [2024-10-30T10:59:52.786+0000] {dag.py:4180} INFO - Setting next_dagrun for example_sla_dag to 2024-10-30 10:56:00+00:00, run_after=2024-10-30 10:58:00+00:00
[2024-10-30T10:59:52.799+0000] {processor.py:208} INFO - Processing /home/airflow/.local/lib/python3.12/site-packages/airflow/example_dags/example_sla_dag.py took 0.059 seconds
[2024-10-30T11:00:23.317+0000] {processor.py:186} INFO - Started process (PID=1051) to work on /home/airflow/.local/lib/python3.12/site-packages/airflow/example_dags/example_sla_dag.py
[2024-10-30T11:00:23.318+0000] {processor.py:914} INFO - Processing file /home/airflow/.local/lib/python3.12/site-packages/airflow/example_dags/example_sla_dag.py for tasks to queue
[2024-10-30T11:00:23.320+0000] {logging_mixin.py:190} INFO - [2024-10-30T11:00:23.320+0000] {dagbag.py:588} INFO - Filling up the DagBag from /home/airflow/.local/lib/python3.12/site-packages/airflow/example_dags/example_sla_dag.py
[2024-10-30T11:00:23.331+0000] {processor.py:925} INFO - DAG(s) 'example_sla_dag' retrieved from /home/airflow/.local/lib/python3.12/site-packages/airflow/example_dags/example_sla_dag.py
[2024-10-30T11:00:23.345+0000] {logging_mixin.py:190} INFO - [2024-10-30T11:00:23.345+0000] {dag.py:3239} INFO - Sync 1 DAGs
[2024-10-30T11:00:23.361+0000] {logging_mixin.py:190} INFO - [2024-10-30T11:00:23.360+0000] {dag.py:4180} INFO - Setting next_dagrun for example_sla_dag to 2024-10-30 10:58:00+00:00, run_after=2024-10-30 11:00:00+00:00
[2024-10-30T11:00:23.375+0000] {processor.py:208} INFO - Processing /home/airflow/.local/lib/python3.12/site-packages/airflow/example_dags/example_sla_dag.py took 0.064 seconds
[2024-10-30T11:00:54.322+0000] {processor.py:186} INFO - Started process (PID=1113) to work on /home/airflow/.local/lib/python3.12/site-packages/airflow/example_dags/example_sla_dag.py
[2024-10-30T11:00:54.323+0000] {processor.py:914} INFO - Processing file /home/airflow/.local/lib/python3.12/site-packages/airflow/example_dags/example_sla_dag.py for tasks to queue
[2024-10-30T11:00:54.324+0000] {logging_mixin.py:190} INFO - [2024-10-30T11:00:54.324+0000] {dagbag.py:588} INFO - Filling up the DagBag from /home/airflow/.local/lib/python3.12/site-packages/airflow/example_dags/example_sla_dag.py
[2024-10-30T11:00:54.332+0000] {processor.py:925} INFO - DAG(s) 'example_sla_dag' retrieved from /home/airflow/.local/lib/python3.12/site-packages/airflow/example_dags/example_sla_dag.py
[2024-10-30T11:00:54.344+0000] {logging_mixin.py:190} INFO - [2024-10-30T11:00:54.344+0000] {dag.py:3239} INFO - Sync 1 DAGs
[2024-10-30T11:00:54.360+0000] {logging_mixin.py:190} INFO - [2024-10-30T11:00:54.360+0000] {dag.py:4180} INFO - Setting next_dagrun for example_sla_dag to 2024-10-30 10:58:00+00:00, run_after=2024-10-30 11:00:00+00:00
[2024-10-30T11:00:54.371+0000] {processor.py:208} INFO - Processing /home/airflow/.local/lib/python3.12/site-packages/airflow/example_dags/example_sla_dag.py took 0.055 seconds
[2024-10-30T11:01:25.042+0000] {processor.py:186} INFO - Started process (PID=1175) to work on /home/airflow/.local/lib/python3.12/site-packages/airflow/example_dags/example_sla_dag.py
[2024-10-30T11:01:25.043+0000] {processor.py:914} INFO - Processing file /home/airflow/.local/lib/python3.12/site-packages/airflow/example_dags/example_sla_dag.py for tasks to queue
[2024-10-30T11:01:25.045+0000] {logging_mixin.py:190} INFO - [2024-10-30T11:01:25.045+0000] {dagbag.py:588} INFO - Filling up the DagBag from /home/airflow/.local/lib/python3.12/site-packages/airflow/example_dags/example_sla_dag.py
[2024-10-30T11:01:25.052+0000] {processor.py:925} INFO - DAG(s) 'example_sla_dag' retrieved from /home/airflow/.local/lib/python3.12/site-packages/airflow/example_dags/example_sla_dag.py
[2024-10-30T11:01:25.066+0000] {logging_mixin.py:190} INFO - [2024-10-30T11:01:25.066+0000] {dag.py:3239} INFO - Sync 1 DAGs
[2024-10-30T11:01:25.082+0000] {logging_mixin.py:190} INFO - [2024-10-30T11:01:25.081+0000] {dag.py:4180} INFO - Setting next_dagrun for example_sla_dag to 2024-10-30 10:58:00+00:00, run_after=2024-10-30 11:00:00+00:00
[2024-10-30T11:01:25.093+0000] {processor.py:208} INFO - Processing /home/airflow/.local/lib/python3.12/site-packages/airflow/example_dags/example_sla_dag.py took 0.055 seconds
[2024-10-30T11:01:55.702+0000] {processor.py:186} INFO - Started process (PID=1237) to work on /home/airflow/.local/lib/python3.12/site-packages/airflow/example_dags/example_sla_dag.py
[2024-10-30T11:01:55.703+0000] {processor.py:914} INFO - Processing file /home/airflow/.local/lib/python3.12/site-packages/airflow/example_dags/example_sla_dag.py for tasks to queue
[2024-10-30T11:01:55.705+0000] {logging_mixin.py:190} INFO - [2024-10-30T11:01:55.705+0000] {dagbag.py:588} INFO - Filling up the DagBag from /home/airflow/.local/lib/python3.12/site-packages/airflow/example_dags/example_sla_dag.py
[2024-10-30T11:01:55.712+0000] {processor.py:925} INFO - DAG(s) 'example_sla_dag' retrieved from /home/airflow/.local/lib/python3.12/site-packages/airflow/example_dags/example_sla_dag.py
[2024-10-30T11:01:55.726+0000] {logging_mixin.py:190} INFO - [2024-10-30T11:01:55.726+0000] {dag.py:3239} INFO - Sync 1 DAGs
[2024-10-30T11:01:55.741+0000] {logging_mixin.py:190} INFO - [2024-10-30T11:01:55.741+0000] {dag.py:4180} INFO - Setting next_dagrun for example_sla_dag to 2024-10-30 10:58:00+00:00, run_after=2024-10-30 11:00:00+00:00
[2024-10-30T11:01:55.752+0000] {processor.py:208} INFO - Processing /home/airflow/.local/lib/python3.12/site-packages/airflow/example_dags/example_sla_dag.py took 0.054 seconds
[2024-10-30T11:02:26.711+0000] {processor.py:186} INFO - Started process (PID=1298) to work on /home/airflow/.local/lib/python3.12/site-packages/airflow/example_dags/example_sla_dag.py
[2024-10-30T11:02:26.714+0000] {processor.py:914} INFO - Processing file /home/airflow/.local/lib/python3.12/site-packages/airflow/example_dags/example_sla_dag.py for tasks to queue
[2024-10-30T11:02:26.716+0000] {logging_mixin.py:190} INFO - [2024-10-30T11:02:26.716+0000] {dagbag.py:588} INFO - Filling up the DagBag from /home/airflow/.local/lib/python3.12/site-packages/airflow/example_dags/example_sla_dag.py
[2024-10-30T11:02:26.724+0000] {processor.py:925} INFO - DAG(s) 'example_sla_dag' retrieved from /home/airflow/.local/lib/python3.12/site-packages/airflow/example_dags/example_sla_dag.py
[2024-10-30T11:02:26.740+0000] {logging_mixin.py:190} INFO - [2024-10-30T11:02:26.740+0000] {dag.py:3239} INFO - Sync 1 DAGs
[2024-10-30T11:02:26.756+0000] {logging_mixin.py:190} INFO - [2024-10-30T11:02:26.756+0000] {dag.py:4180} INFO - Setting next_dagrun for example_sla_dag to 2024-10-30 11:00:00+00:00, run_after=2024-10-30 11:02:00+00:00
[2024-10-30T11:02:26.769+0000] {processor.py:208} INFO - Processing /home/airflow/.local/lib/python3.12/site-packages/airflow/example_dags/example_sla_dag.py took 0.062 seconds
[2024-10-30T11:02:57.444+0000] {processor.py:186} INFO - Started process (PID=1360) to work on /home/airflow/.local/lib/python3.12/site-packages/airflow/example_dags/example_sla_dag.py
[2024-10-30T11:02:57.448+0000] {processor.py:914} INFO - Processing file /home/airflow/.local/lib/python3.12/site-packages/airflow/example_dags/example_sla_dag.py for tasks to queue
[2024-10-30T11:02:57.450+0000] {logging_mixin.py:190} INFO - [2024-10-30T11:02:57.449+0000] {dagbag.py:588} INFO - Filling up the DagBag from /home/airflow/.local/lib/python3.12/site-packages/airflow/example_dags/example_sla_dag.py
[2024-10-30T11:02:57.458+0000] {processor.py:925} INFO - DAG(s) 'example_sla_dag' retrieved from /home/airflow/.local/lib/python3.12/site-packages/airflow/example_dags/example_sla_dag.py
[2024-10-30T11:02:57.473+0000] {logging_mixin.py:190} INFO - [2024-10-30T11:02:57.473+0000] {dag.py:3239} INFO - Sync 1 DAGs
[2024-10-30T11:02:57.489+0000] {logging_mixin.py:190} INFO - [2024-10-30T11:02:57.489+0000] {dag.py:4180} INFO - Setting next_dagrun for example_sla_dag to 2024-10-30 11:00:00+00:00, run_after=2024-10-30 11:02:00+00:00
[2024-10-30T11:02:57.502+0000] {processor.py:208} INFO - Processing /home/airflow/.local/lib/python3.12/site-packages/airflow/example_dags/example_sla_dag.py took 0.063 seconds
[2024-10-30T11:03:28.507+0000] {processor.py:186} INFO - Started process (PID=1422) to work on /home/airflow/.local/lib/python3.12/site-packages/airflow/example_dags/example_sla_dag.py
[2024-10-30T11:03:28.511+0000] {processor.py:914} INFO - Processing file /home/airflow/.local/lib/python3.12/site-packages/airflow/example_dags/example_sla_dag.py for tasks to queue
[2024-10-30T11:03:28.512+0000] {logging_mixin.py:190} INFO - [2024-10-30T11:03:28.512+0000] {dagbag.py:588} INFO - Filling up the DagBag from /home/airflow/.local/lib/python3.12/site-packages/airflow/example_dags/example_sla_dag.py
[2024-10-30T11:03:28.520+0000] {processor.py:925} INFO - DAG(s) 'example_sla_dag' retrieved from /home/airflow/.local/lib/python3.12/site-packages/airflow/example_dags/example_sla_dag.py
[2024-10-30T11:03:28.535+0000] {logging_mixin.py:190} INFO - [2024-10-30T11:03:28.534+0000] {dag.py:3239} INFO - Sync 1 DAGs
[2024-10-30T11:03:28.550+0000] {logging_mixin.py:190} INFO - [2024-10-30T11:03:28.549+0000] {dag.py:4180} INFO - Setting next_dagrun for example_sla_dag to 2024-10-30 11:00:00+00:00, run_after=2024-10-30 11:02:00+00:00
[2024-10-30T11:03:28.564+0000] {processor.py:208} INFO - Processing /home/airflow/.local/lib/python3.12/site-packages/airflow/example_dags/example_sla_dag.py took 0.060 seconds
[2024-10-30T11:03:59.086+0000] {processor.py:186} INFO - Started process (PID=1484) to work on /home/airflow/.local/lib/python3.12/site-packages/airflow/example_dags/example_sla_dag.py
[2024-10-30T11:03:59.087+0000] {processor.py:914} INFO - Processing file /home/airflow/.local/lib/python3.12/site-packages/airflow/example_dags/example_sla_dag.py for tasks to queue
[2024-10-30T11:03:59.089+0000] {logging_mixin.py:190} INFO - [2024-10-30T11:03:59.089+0000] {dagbag.py:588} INFO - Filling up the DagBag from /home/airflow/.local/lib/python3.12/site-packages/airflow/example_dags/example_sla_dag.py
[2024-10-30T11:03:59.095+0000] {processor.py:925} INFO - DAG(s) 'example_sla_dag' retrieved from /home/airflow/.local/lib/python3.12/site-packages/airflow/example_dags/example_sla_dag.py
[2024-10-30T11:03:59.108+0000] {logging_mixin.py:190} INFO - [2024-10-30T11:03:59.108+0000] {dag.py:3239} INFO - Sync 1 DAGs
[2024-10-30T11:03:59.124+0000] {logging_mixin.py:190} INFO - [2024-10-30T11:03:59.124+0000] {dag.py:4180} INFO - Setting next_dagrun for example_sla_dag to 2024-10-30 11:00:00+00:00, run_after=2024-10-30 11:02:00+00:00
[2024-10-30T11:03:59.135+0000] {processor.py:208} INFO - Processing /home/airflow/.local/lib/python3.12/site-packages/airflow/example_dags/example_sla_dag.py took 0.054 seconds
[2024-10-30T11:04:29.797+0000] {processor.py:186} INFO - Started process (PID=1546) to work on /home/airflow/.local/lib/python3.12/site-packages/airflow/example_dags/example_sla_dag.py
[2024-10-30T11:04:29.798+0000] {processor.py:914} INFO - Processing file /home/airflow/.local/lib/python3.12/site-packages/airflow/example_dags/example_sla_dag.py for tasks to queue
[2024-10-30T11:04:29.799+0000] {logging_mixin.py:190} INFO - [2024-10-30T11:04:29.799+0000] {dagbag.py:588} INFO - Filling up the DagBag from /home/airflow/.local/lib/python3.12/site-packages/airflow/example_dags/example_sla_dag.py
[2024-10-30T11:04:29.806+0000] {processor.py:925} INFO - DAG(s) 'example_sla_dag' retrieved from /home/airflow/.local/lib/python3.12/site-packages/airflow/example_dags/example_sla_dag.py
[2024-10-30T11:04:29.819+0000] {logging_mixin.py:190} INFO - [2024-10-30T11:04:29.819+0000] {dag.py:3239} INFO - Sync 1 DAGs
[2024-10-30T11:04:29.835+0000] {logging_mixin.py:190} INFO - [2024-10-30T11:04:29.835+0000] {dag.py:4180} INFO - Setting next_dagrun for example_sla_dag to 2024-10-30 11:02:00+00:00, run_after=2024-10-30 11:04:00+00:00
[2024-10-30T11:04:29.846+0000] {processor.py:208} INFO - Processing /home/airflow/.local/lib/python3.12/site-packages/airflow/example_dags/example_sla_dag.py took 0.054 seconds
[2024-10-30T11:05:00.061+0000] {processor.py:186} INFO - Started process (PID=1608) to work on /home/airflow/.local/lib/python3.12/site-packages/airflow/example_dags/example_sla_dag.py
[2024-10-30T11:05:00.062+0000] {processor.py:914} INFO - Processing file /home/airflow/.local/lib/python3.12/site-packages/airflow/example_dags/example_sla_dag.py for tasks to queue
[2024-10-30T11:05:00.063+0000] {logging_mixin.py:190} INFO - [2024-10-30T11:05:00.063+0000] {dagbag.py:588} INFO - Filling up the DagBag from /home/airflow/.local/lib/python3.12/site-packages/airflow/example_dags/example_sla_dag.py
[2024-10-30T11:05:00.070+0000] {processor.py:925} INFO - DAG(s) 'example_sla_dag' retrieved from /home/airflow/.local/lib/python3.12/site-packages/airflow/example_dags/example_sla_dag.py
[2024-10-30T11:05:00.083+0000] {logging_mixin.py:190} INFO - [2024-10-30T11:05:00.083+0000] {dag.py:3239} INFO - Sync 1 DAGs
[2024-10-30T11:05:00.099+0000] {logging_mixin.py:190} INFO - [2024-10-30T11:05:00.099+0000] {dag.py:4180} INFO - Setting next_dagrun for example_sla_dag to 2024-10-30 11:02:00+00:00, run_after=2024-10-30 11:04:00+00:00
[2024-10-30T11:05:00.110+0000] {processor.py:208} INFO - Processing /home/airflow/.local/lib/python3.12/site-packages/airflow/example_dags/example_sla_dag.py took 0.054 seconds
[2024-10-30T11:05:31.015+0000] {processor.py:186} INFO - Started process (PID=1670) to work on /home/airflow/.local/lib/python3.12/site-packages/airflow/example_dags/example_sla_dag.py
[2024-10-30T11:05:31.016+0000] {processor.py:914} INFO - Processing file /home/airflow/.local/lib/python3.12/site-packages/airflow/example_dags/example_sla_dag.py for tasks to queue
[2024-10-30T11:05:31.018+0000] {logging_mixin.py:190} INFO - [2024-10-30T11:05:31.017+0000] {dagbag.py:588} INFO - Filling up the DagBag from /home/airflow/.local/lib/python3.12/site-packages/airflow/example_dags/example_sla_dag.py
[2024-10-30T11:05:31.024+0000] {processor.py:925} INFO - DAG(s) 'example_sla_dag' retrieved from /home/airflow/.local/lib/python3.12/site-packages/airflow/example_dags/example_sla_dag.py
[2024-10-30T11:05:31.037+0000] {logging_mixin.py:190} INFO - [2024-10-30T11:05:31.037+0000] {dag.py:3239} INFO - Sync 1 DAGs
[2024-10-30T11:05:31.055+0000] {logging_mixin.py:190} INFO - [2024-10-30T11:05:31.055+0000] {dag.py:4180} INFO - Setting next_dagrun for example_sla_dag to 2024-10-30 11:02:00+00:00, run_after=2024-10-30 11:04:00+00:00
[2024-10-30T11:05:31.067+0000] {processor.py:208} INFO - Processing /home/airflow/.local/lib/python3.12/site-packages/airflow/example_dags/example_sla_dag.py took 0.056 seconds
[2024-10-30T11:06:01.815+0000] {processor.py:186} INFO - Started process (PID=1732) to work on /home/airflow/.local/lib/python3.12/site-packages/airflow/example_dags/example_sla_dag.py
[2024-10-30T11:06:01.818+0000] {processor.py:914} INFO - Processing file /home/airflow/.local/lib/python3.12/site-packages/airflow/example_dags/example_sla_dag.py for tasks to queue
[2024-10-30T11:06:01.822+0000] {logging_mixin.py:190} INFO - [2024-10-30T11:06:01.822+0000] {dagbag.py:588} INFO - Filling up the DagBag from /home/airflow/.local/lib/python3.12/site-packages/airflow/example_dags/example_sla_dag.py
[2024-10-30T11:06:01.829+0000] {processor.py:925} INFO - DAG(s) 'example_sla_dag' retrieved from /home/airflow/.local/lib/python3.12/site-packages/airflow/example_dags/example_sla_dag.py
[2024-10-30T11:06:01.842+0000] {logging_mixin.py:190} INFO - [2024-10-30T11:06:01.842+0000] {dag.py:3239} INFO - Sync 1 DAGs
[2024-10-30T11:06:01.859+0000] {logging_mixin.py:190} INFO - [2024-10-30T11:06:01.859+0000] {dag.py:4180} INFO - Setting next_dagrun for example_sla_dag to 2024-10-30 11:04:00+00:00, run_after=2024-10-30 11:06:00+00:00
[2024-10-30T11:06:01.874+0000] {processor.py:208} INFO - Processing /home/airflow/.local/lib/python3.12/site-packages/airflow/example_dags/example_sla_dag.py took 0.064 seconds
[2024-10-30T11:06:31.979+0000] {processor.py:186} INFO - Started process (PID=1794) to work on /home/airflow/.local/lib/python3.12/site-packages/airflow/example_dags/example_sla_dag.py
[2024-10-30T11:06:31.982+0000] {processor.py:914} INFO - Processing file /home/airflow/.local/lib/python3.12/site-packages/airflow/example_dags/example_sla_dag.py for tasks to queue
[2024-10-30T11:06:31.984+0000] {logging_mixin.py:190} INFO - [2024-10-30T11:06:31.983+0000] {dagbag.py:588} INFO - Filling up the DagBag from /home/airflow/.local/lib/python3.12/site-packages/airflow/example_dags/example_sla_dag.py
[2024-10-30T11:06:31.991+0000] {processor.py:925} INFO - DAG(s) 'example_sla_dag' retrieved from /home/airflow/.local/lib/python3.12/site-packages/airflow/example_dags/example_sla_dag.py
[2024-10-30T11:06:32.009+0000] {logging_mixin.py:190} INFO - [2024-10-30T11:06:32.008+0000] {dag.py:3239} INFO - Sync 1 DAGs
[2024-10-30T11:06:32.027+0000] {logging_mixin.py:190} INFO - [2024-10-30T11:06:32.026+0000] {dag.py:4180} INFO - Setting next_dagrun for example_sla_dag to 2024-10-30 11:04:00+00:00, run_after=2024-10-30 11:06:00+00:00
[2024-10-30T11:06:32.038+0000] {processor.py:208} INFO - Processing /home/airflow/.local/lib/python3.12/site-packages/airflow/example_dags/example_sla_dag.py took 0.063 seconds
[2024-10-30T11:07:02.966+0000] {processor.py:186} INFO - Started process (PID=1856) to work on /home/airflow/.local/lib/python3.12/site-packages/airflow/example_dags/example_sla_dag.py
[2024-10-30T11:07:02.967+0000] {processor.py:914} INFO - Processing file /home/airflow/.local/lib/python3.12/site-packages/airflow/example_dags/example_sla_dag.py for tasks to queue
[2024-10-30T11:07:02.969+0000] {logging_mixin.py:190} INFO - [2024-10-30T11:07:02.969+0000] {dagbag.py:588} INFO - Filling up the DagBag from /home/airflow/.local/lib/python3.12/site-packages/airflow/example_dags/example_sla_dag.py
[2024-10-30T11:07:02.976+0000] {processor.py:925} INFO - DAG(s) 'example_sla_dag' retrieved from /home/airflow/.local/lib/python3.12/site-packages/airflow/example_dags/example_sla_dag.py
[2024-10-30T11:07:02.990+0000] {logging_mixin.py:190} INFO - [2024-10-30T11:07:02.990+0000] {dag.py:3239} INFO - Sync 1 DAGs
[2024-10-30T11:07:03.007+0000] {logging_mixin.py:190} INFO - [2024-10-30T11:07:03.007+0000] {dag.py:4180} INFO - Setting next_dagrun for example_sla_dag to 2024-10-30 11:04:00+00:00, run_after=2024-10-30 11:06:00+00:00
[2024-10-30T11:07:03.020+0000] {processor.py:208} INFO - Processing /home/airflow/.local/lib/python3.12/site-packages/airflow/example_dags/example_sla_dag.py took 0.058 seconds
[2024-10-30T11:07:33.485+0000] {processor.py:186} INFO - Started process (PID=1918) to work on /home/airflow/.local/lib/python3.12/site-packages/airflow/example_dags/example_sla_dag.py
[2024-10-30T11:07:33.488+0000] {processor.py:914} INFO - Processing file /home/airflow/.local/lib/python3.12/site-packages/airflow/example_dags/example_sla_dag.py for tasks to queue
[2024-10-30T11:07:33.490+0000] {logging_mixin.py:190} INFO - [2024-10-30T11:07:33.490+0000] {dagbag.py:588} INFO - Filling up the DagBag from /home/airflow/.local/lib/python3.12/site-packages/airflow/example_dags/example_sla_dag.py
[2024-10-30T11:07:33.497+0000] {processor.py:925} INFO - DAG(s) 'example_sla_dag' retrieved from /home/airflow/.local/lib/python3.12/site-packages/airflow/example_dags/example_sla_dag.py
[2024-10-30T11:07:33.511+0000] {logging_mixin.py:190} INFO - [2024-10-30T11:07:33.511+0000] {dag.py:3239} INFO - Sync 1 DAGs
[2024-10-30T11:07:33.528+0000] {logging_mixin.py:190} INFO - [2024-10-30T11:07:33.528+0000] {dag.py:4180} INFO - Setting next_dagrun for example_sla_dag to 2024-10-30 11:04:00+00:00, run_after=2024-10-30 11:06:00+00:00
[2024-10-30T11:07:33.542+0000] {processor.py:208} INFO - Processing /home/airflow/.local/lib/python3.12/site-packages/airflow/example_dags/example_sla_dag.py took 0.061 seconds
[2024-10-30T11:08:04.233+0000] {processor.py:186} INFO - Started process (PID=1980) to work on /home/airflow/.local/lib/python3.12/site-packages/airflow/example_dags/example_sla_dag.py
[2024-10-30T11:08:04.234+0000] {processor.py:914} INFO - Processing file /home/airflow/.local/lib/python3.12/site-packages/airflow/example_dags/example_sla_dag.py for tasks to queue
[2024-10-30T11:08:04.236+0000] {logging_mixin.py:190} INFO - [2024-10-30T11:08:04.236+0000] {dagbag.py:588} INFO - Filling up the DagBag from /home/airflow/.local/lib/python3.12/site-packages/airflow/example_dags/example_sla_dag.py
[2024-10-30T11:08:04.243+0000] {processor.py:925} INFO - DAG(s) 'example_sla_dag' retrieved from /home/airflow/.local/lib/python3.12/site-packages/airflow/example_dags/example_sla_dag.py
[2024-10-30T11:08:04.257+0000] {logging_mixin.py:190} INFO - [2024-10-30T11:08:04.257+0000] {dag.py:3239} INFO - Sync 1 DAGs
[2024-10-30T11:08:04.274+0000] {logging_mixin.py:190} INFO - [2024-10-30T11:08:04.274+0000] {dag.py:4180} INFO - Setting next_dagrun for example_sla_dag to 2024-10-30 11:06:00+00:00, run_after=2024-10-30 11:08:00+00:00
[2024-10-30T11:08:04.285+0000] {processor.py:208} INFO - Processing /home/airflow/.local/lib/python3.12/site-packages/airflow/example_dags/example_sla_dag.py took 0.057 seconds
[2024-10-30T11:08:34.983+0000] {processor.py:186} INFO - Started process (PID=2042) to work on /home/airflow/.local/lib/python3.12/site-packages/airflow/example_dags/example_sla_dag.py
[2024-10-30T11:08:34.987+0000] {processor.py:914} INFO - Processing file /home/airflow/.local/lib/python3.12/site-packages/airflow/example_dags/example_sla_dag.py for tasks to queue
[2024-10-30T11:08:34.989+0000] {logging_mixin.py:190} INFO - [2024-10-30T11:08:34.988+0000] {dagbag.py:588} INFO - Filling up the DagBag from /home/airflow/.local/lib/python3.12/site-packages/airflow/example_dags/example_sla_dag.py
[2024-10-30T11:08:34.999+0000] {processor.py:925} INFO - DAG(s) 'example_sla_dag' retrieved from /home/airflow/.local/lib/python3.12/site-packages/airflow/example_dags/example_sla_dag.py
[2024-10-30T11:08:35.012+0000] {logging_mixin.py:190} INFO - [2024-10-30T11:08:35.012+0000] {dag.py:3239} INFO - Sync 1 DAGs
[2024-10-30T11:08:35.029+0000] {logging_mixin.py:190} INFO - [2024-10-30T11:08:35.029+0000] {dag.py:4180} INFO - Setting next_dagrun for example_sla_dag to 2024-10-30 11:06:00+00:00, run_after=2024-10-30 11:08:00+00:00
[2024-10-30T11:08:35.041+0000] {processor.py:208} INFO - Processing /home/airflow/.local/lib/python3.12/site-packages/airflow/example_dags/example_sla_dag.py took 0.062 seconds
[2024-10-30T11:09:05.154+0000] {processor.py:186} INFO - Started process (PID=2104) to work on /home/airflow/.local/lib/python3.12/site-packages/airflow/example_dags/example_sla_dag.py
[2024-10-30T11:09:05.157+0000] {processor.py:914} INFO - Processing file /home/airflow/.local/lib/python3.12/site-packages/airflow/example_dags/example_sla_dag.py for tasks to queue
[2024-10-30T11:09:05.160+0000] {logging_mixin.py:190} INFO - [2024-10-30T11:09:05.160+0000] {dagbag.py:588} INFO - Filling up the DagBag from /home/airflow/.local/lib/python3.12/site-packages/airflow/example_dags/example_sla_dag.py
[2024-10-30T11:09:05.167+0000] {processor.py:925} INFO - DAG(s) 'example_sla_dag' retrieved from /home/airflow/.local/lib/python3.12/site-packages/airflow/example_dags/example_sla_dag.py
[2024-10-30T11:09:05.181+0000] {logging_mixin.py:190} INFO - [2024-10-30T11:09:05.180+0000] {dag.py:3239} INFO - Sync 1 DAGs
[2024-10-30T11:09:05.196+0000] {logging_mixin.py:190} INFO - [2024-10-30T11:09:05.196+0000] {dag.py:4180} INFO - Setting next_dagrun for example_sla_dag to 2024-10-30 11:06:00+00:00, run_after=2024-10-30 11:08:00+00:00
[2024-10-30T11:09:05.208+0000] {processor.py:208} INFO - Processing /home/airflow/.local/lib/python3.12/site-packages/airflow/example_dags/example_sla_dag.py took 0.059 seconds
