[2024-10-30T10:52:14.357+0000] {processor.py:186} INFO - Started process (PID=76) to work on /home/airflow/.local/lib/python3.12/site-packages/airflow/example_dags/example_params_ui_tutorial.py
[2024-10-30T10:52:14.359+0000] {processor.py:914} INFO - Processing file /home/airflow/.local/lib/python3.12/site-packages/airflow/example_dags/example_params_ui_tutorial.py for tasks to queue
[2024-10-30T10:52:14.361+0000] {logging_mixin.py:190} INFO - [2024-10-30T10:52:14.361+0000] {dagbag.py:588} INFO - Filling up the DagBag from /home/airflow/.local/lib/python3.12/site-packages/airflow/example_dags/example_params_ui_tutorial.py
[2024-10-30T10:52:14.429+0000] {processor.py:925} INFO - DAG(s) 'example_params_ui_tutorial' retrieved from /home/airflow/.local/lib/python3.12/site-packages/airflow/example_dags/example_params_ui_tutorial.py
[2024-10-30T10:52:14.526+0000] {logging_mixin.py:190} INFO - [2024-10-30T10:52:14.525+0000] {override.py:1900} INFO - Created Permission View: can delete on DAG:example_params_ui_tutorial
[2024-10-30T10:52:14.535+0000] {logging_mixin.py:190} INFO - [2024-10-30T10:52:14.535+0000] {override.py:1900} INFO - Created Permission View: can read on DAG:example_params_ui_tutorial
[2024-10-30T10:52:14.539+0000] {logging_mixin.py:190} INFO - [2024-10-30T10:52:14.539+0000] {override.py:1900} INFO - Created Permission View: can edit on DAG:example_params_ui_tutorial
[2024-10-30T10:52:14.543+0000] {logging_mixin.py:190} INFO - [2024-10-30T10:52:14.543+0000] {override.py:1900} INFO - Created Permission View: can create on DAG Run:example_params_ui_tutorial
[2024-10-30T10:52:14.549+0000] {logging_mixin.py:190} INFO - [2024-10-30T10:52:14.548+0000] {override.py:1900} INFO - Created Permission View: can delete on DAG Run:example_params_ui_tutorial
[2024-10-30T10:52:14.554+0000] {logging_mixin.py:190} INFO - [2024-10-30T10:52:14.554+0000] {override.py:1900} INFO - Created Permission View: can read on DAG Run:example_params_ui_tutorial
[2024-10-30T10:52:14.557+0000] {logging_mixin.py:190} INFO - [2024-10-30T10:52:14.557+0000] {override.py:1900} INFO - Created Permission View: menu access on DAG Run:example_params_ui_tutorial
[2024-10-30T10:52:14.558+0000] {logging_mixin.py:190} INFO - [2024-10-30T10:52:14.558+0000] {dag.py:3239} INFO - Sync 1 DAGs
[2024-10-30T10:52:14.565+0000] {logging_mixin.py:190} INFO - [2024-10-30T10:52:14.565+0000] {dag.py:3262} INFO - Creating ORM DAG for example_params_ui_tutorial
[2024-10-30T10:52:14.566+0000] {logging_mixin.py:190} INFO - [2024-10-30T10:52:14.565+0000] {dag.py:4180} INFO - Setting next_dagrun for example_params_ui_tutorial to None, run_after=None
[2024-10-30T10:52:14.624+0000] {processor.py:208} INFO - Processing /home/airflow/.local/lib/python3.12/site-packages/airflow/example_dags/example_params_ui_tutorial.py took 0.272 seconds
[2024-10-30T10:52:45.423+0000] {processor.py:186} INFO - Started process (PID=138) to work on /home/airflow/.local/lib/python3.12/site-packages/airflow/example_dags/example_params_ui_tutorial.py
[2024-10-30T10:52:45.424+0000] {processor.py:914} INFO - Processing file /home/airflow/.local/lib/python3.12/site-packages/airflow/example_dags/example_params_ui_tutorial.py for tasks to queue
[2024-10-30T10:52:45.428+0000] {logging_mixin.py:190} INFO - [2024-10-30T10:52:45.427+0000] {dagbag.py:588} INFO - Filling up the DagBag from /home/airflow/.local/lib/python3.12/site-packages/airflow/example_dags/example_params_ui_tutorial.py
[2024-10-30T10:52:45.435+0000] {processor.py:925} INFO - DAG(s) 'example_params_ui_tutorial' retrieved from /home/airflow/.local/lib/python3.12/site-packages/airflow/example_dags/example_params_ui_tutorial.py
[2024-10-30T10:52:45.468+0000] {logging_mixin.py:190} INFO - [2024-10-30T10:52:45.468+0000] {dag.py:3239} INFO - Sync 1 DAGs
[2024-10-30T10:52:45.481+0000] {logging_mixin.py:190} INFO - [2024-10-30T10:52:45.481+0000] {dag.py:4180} INFO - Setting next_dagrun for example_params_ui_tutorial to None, run_after=None
[2024-10-30T10:52:45.496+0000] {processor.py:208} INFO - Processing /home/airflow/.local/lib/python3.12/site-packages/airflow/example_dags/example_params_ui_tutorial.py took 0.080 seconds
[2024-10-30T10:53:15.706+0000] {processor.py:186} INFO - Started process (PID=200) to work on /home/airflow/.local/lib/python3.12/site-packages/airflow/example_dags/example_params_ui_tutorial.py
[2024-10-30T10:53:15.707+0000] {processor.py:914} INFO - Processing file /home/airflow/.local/lib/python3.12/site-packages/airflow/example_dags/example_params_ui_tutorial.py for tasks to queue
[2024-10-30T10:53:15.710+0000] {logging_mixin.py:190} INFO - [2024-10-30T10:53:15.710+0000] {dagbag.py:588} INFO - Filling up the DagBag from /home/airflow/.local/lib/python3.12/site-packages/airflow/example_dags/example_params_ui_tutorial.py
[2024-10-30T10:53:15.721+0000] {processor.py:925} INFO - DAG(s) 'example_params_ui_tutorial' retrieved from /home/airflow/.local/lib/python3.12/site-packages/airflow/example_dags/example_params_ui_tutorial.py
[2024-10-30T10:53:15.749+0000] {logging_mixin.py:190} INFO - [2024-10-30T10:53:15.749+0000] {dag.py:3239} INFO - Sync 1 DAGs
[2024-10-30T10:53:15.759+0000] {logging_mixin.py:190} INFO - [2024-10-30T10:53:15.759+0000] {dag.py:4180} INFO - Setting next_dagrun for example_params_ui_tutorial to None, run_after=None
[2024-10-30T10:53:15.774+0000] {processor.py:208} INFO - Processing /home/airflow/.local/lib/python3.12/site-packages/airflow/example_dags/example_params_ui_tutorial.py took 0.074 seconds
[2024-10-30T10:53:45.962+0000] {processor.py:186} INFO - Started process (PID=262) to work on /home/airflow/.local/lib/python3.12/site-packages/airflow/example_dags/example_params_ui_tutorial.py
[2024-10-30T10:53:45.965+0000] {processor.py:914} INFO - Processing file /home/airflow/.local/lib/python3.12/site-packages/airflow/example_dags/example_params_ui_tutorial.py for tasks to queue
[2024-10-30T10:53:45.968+0000] {logging_mixin.py:190} INFO - [2024-10-30T10:53:45.967+0000] {dagbag.py:588} INFO - Filling up the DagBag from /home/airflow/.local/lib/python3.12/site-packages/airflow/example_dags/example_params_ui_tutorial.py
[2024-10-30T10:53:45.981+0000] {processor.py:925} INFO - DAG(s) 'example_params_ui_tutorial' retrieved from /home/airflow/.local/lib/python3.12/site-packages/airflow/example_dags/example_params_ui_tutorial.py
[2024-10-30T10:53:46.016+0000] {logging_mixin.py:190} INFO - [2024-10-30T10:53:46.016+0000] {dag.py:3239} INFO - Sync 1 DAGs
[2024-10-30T10:53:46.026+0000] {logging_mixin.py:190} INFO - [2024-10-30T10:53:46.026+0000] {dag.py:4180} INFO - Setting next_dagrun for example_params_ui_tutorial to None, run_after=None
[2024-10-30T10:53:46.045+0000] {processor.py:208} INFO - Processing /home/airflow/.local/lib/python3.12/site-packages/airflow/example_dags/example_params_ui_tutorial.py took 0.087 seconds
[2024-10-30T10:54:16.927+0000] {processor.py:186} INFO - Started process (PID=324) to work on /home/airflow/.local/lib/python3.12/site-packages/airflow/example_dags/example_params_ui_tutorial.py
[2024-10-30T10:54:16.934+0000] {processor.py:914} INFO - Processing file /home/airflow/.local/lib/python3.12/site-packages/airflow/example_dags/example_params_ui_tutorial.py for tasks to queue
[2024-10-30T10:54:16.936+0000] {logging_mixin.py:190} INFO - [2024-10-30T10:54:16.936+0000] {dagbag.py:588} INFO - Filling up the DagBag from /home/airflow/.local/lib/python3.12/site-packages/airflow/example_dags/example_params_ui_tutorial.py
[2024-10-30T10:54:16.946+0000] {processor.py:925} INFO - DAG(s) 'example_params_ui_tutorial' retrieved from /home/airflow/.local/lib/python3.12/site-packages/airflow/example_dags/example_params_ui_tutorial.py
[2024-10-30T10:54:16.982+0000] {logging_mixin.py:190} INFO - [2024-10-30T10:54:16.982+0000] {dag.py:3239} INFO - Sync 1 DAGs
[2024-10-30T10:54:16.994+0000] {logging_mixin.py:190} INFO - [2024-10-30T10:54:16.994+0000] {dag.py:4180} INFO - Setting next_dagrun for example_params_ui_tutorial to None, run_after=None
[2024-10-30T10:54:17.011+0000] {processor.py:208} INFO - Processing /home/airflow/.local/lib/python3.12/site-packages/airflow/example_dags/example_params_ui_tutorial.py took 0.088 seconds
[2024-10-30T10:54:47.937+0000] {processor.py:186} INFO - Started process (PID=386) to work on /home/airflow/.local/lib/python3.12/site-packages/airflow/example_dags/example_params_ui_tutorial.py
[2024-10-30T10:54:47.939+0000] {processor.py:914} INFO - Processing file /home/airflow/.local/lib/python3.12/site-packages/airflow/example_dags/example_params_ui_tutorial.py for tasks to queue
[2024-10-30T10:54:47.942+0000] {logging_mixin.py:190} INFO - [2024-10-30T10:54:47.942+0000] {dagbag.py:588} INFO - Filling up the DagBag from /home/airflow/.local/lib/python3.12/site-packages/airflow/example_dags/example_params_ui_tutorial.py
[2024-10-30T10:54:47.949+0000] {processor.py:925} INFO - DAG(s) 'example_params_ui_tutorial' retrieved from /home/airflow/.local/lib/python3.12/site-packages/airflow/example_dags/example_params_ui_tutorial.py
[2024-10-30T10:54:47.976+0000] {logging_mixin.py:190} INFO - [2024-10-30T10:54:47.976+0000] {dag.py:3239} INFO - Sync 1 DAGs
[2024-10-30T10:54:47.985+0000] {logging_mixin.py:190} INFO - [2024-10-30T10:54:47.985+0000] {dag.py:4180} INFO - Setting next_dagrun for example_params_ui_tutorial to None, run_after=None
[2024-10-30T10:54:48.000+0000] {processor.py:208} INFO - Processing /home/airflow/.local/lib/python3.12/site-packages/airflow/example_dags/example_params_ui_tutorial.py took 0.068 seconds
[2024-10-30T10:55:18.973+0000] {processor.py:186} INFO - Started process (PID=448) to work on /home/airflow/.local/lib/python3.12/site-packages/airflow/example_dags/example_params_ui_tutorial.py
[2024-10-30T10:55:18.974+0000] {processor.py:914} INFO - Processing file /home/airflow/.local/lib/python3.12/site-packages/airflow/example_dags/example_params_ui_tutorial.py for tasks to queue
[2024-10-30T10:55:18.976+0000] {logging_mixin.py:190} INFO - [2024-10-30T10:55:18.976+0000] {dagbag.py:588} INFO - Filling up the DagBag from /home/airflow/.local/lib/python3.12/site-packages/airflow/example_dags/example_params_ui_tutorial.py
[2024-10-30T10:55:18.982+0000] {processor.py:925} INFO - DAG(s) 'example_params_ui_tutorial' retrieved from /home/airflow/.local/lib/python3.12/site-packages/airflow/example_dags/example_params_ui_tutorial.py
[2024-10-30T10:55:19.011+0000] {logging_mixin.py:190} INFO - [2024-10-30T10:55:19.011+0000] {dag.py:3239} INFO - Sync 1 DAGs
[2024-10-30T10:55:19.021+0000] {logging_mixin.py:190} INFO - [2024-10-30T10:55:19.020+0000] {dag.py:4180} INFO - Setting next_dagrun for example_params_ui_tutorial to None, run_after=None
[2024-10-30T10:55:19.036+0000] {processor.py:208} INFO - Processing /home/airflow/.local/lib/python3.12/site-packages/airflow/example_dags/example_params_ui_tutorial.py took 0.067 seconds
[2024-10-30T10:55:49.977+0000] {processor.py:186} INFO - Started process (PID=510) to work on /home/airflow/.local/lib/python3.12/site-packages/airflow/example_dags/example_params_ui_tutorial.py
[2024-10-30T10:55:49.979+0000] {processor.py:914} INFO - Processing file /home/airflow/.local/lib/python3.12/site-packages/airflow/example_dags/example_params_ui_tutorial.py for tasks to queue
[2024-10-30T10:55:49.982+0000] {logging_mixin.py:190} INFO - [2024-10-30T10:55:49.981+0000] {dagbag.py:588} INFO - Filling up the DagBag from /home/airflow/.local/lib/python3.12/site-packages/airflow/example_dags/example_params_ui_tutorial.py
[2024-10-30T10:55:49.988+0000] {processor.py:925} INFO - DAG(s) 'example_params_ui_tutorial' retrieved from /home/airflow/.local/lib/python3.12/site-packages/airflow/example_dags/example_params_ui_tutorial.py
[2024-10-30T10:55:50.015+0000] {logging_mixin.py:190} INFO - [2024-10-30T10:55:50.015+0000] {dag.py:3239} INFO - Sync 1 DAGs
[2024-10-30T10:55:50.025+0000] {logging_mixin.py:190} INFO - [2024-10-30T10:55:50.025+0000] {dag.py:4180} INFO - Setting next_dagrun for example_params_ui_tutorial to None, run_after=None
[2024-10-30T10:55:50.040+0000] {processor.py:208} INFO - Processing /home/airflow/.local/lib/python3.12/site-packages/airflow/example_dags/example_params_ui_tutorial.py took 0.068 seconds
[2024-10-30T10:56:20.848+0000] {processor.py:186} INFO - Started process (PID=572) to work on /home/airflow/.local/lib/python3.12/site-packages/airflow/example_dags/example_params_ui_tutorial.py
[2024-10-30T10:56:20.851+0000] {processor.py:914} INFO - Processing file /home/airflow/.local/lib/python3.12/site-packages/airflow/example_dags/example_params_ui_tutorial.py for tasks to queue
[2024-10-30T10:56:20.853+0000] {logging_mixin.py:190} INFO - [2024-10-30T10:56:20.853+0000] {dagbag.py:588} INFO - Filling up the DagBag from /home/airflow/.local/lib/python3.12/site-packages/airflow/example_dags/example_params_ui_tutorial.py
[2024-10-30T10:56:20.859+0000] {processor.py:925} INFO - DAG(s) 'example_params_ui_tutorial' retrieved from /home/airflow/.local/lib/python3.12/site-packages/airflow/example_dags/example_params_ui_tutorial.py
[2024-10-30T10:56:20.891+0000] {logging_mixin.py:190} INFO - [2024-10-30T10:56:20.891+0000] {dag.py:3239} INFO - Sync 1 DAGs
[2024-10-30T10:56:20.901+0000] {logging_mixin.py:190} INFO - [2024-10-30T10:56:20.901+0000] {dag.py:4180} INFO - Setting next_dagrun for example_params_ui_tutorial to None, run_after=None
[2024-10-30T10:56:20.915+0000] {processor.py:208} INFO - Processing /home/airflow/.local/lib/python3.12/site-packages/airflow/example_dags/example_params_ui_tutorial.py took 0.071 seconds
[2024-10-30T10:56:51.671+0000] {processor.py:186} INFO - Started process (PID=634) to work on /home/airflow/.local/lib/python3.12/site-packages/airflow/example_dags/example_params_ui_tutorial.py
[2024-10-30T10:56:51.673+0000] {processor.py:914} INFO - Processing file /home/airflow/.local/lib/python3.12/site-packages/airflow/example_dags/example_params_ui_tutorial.py for tasks to queue
[2024-10-30T10:56:51.675+0000] {logging_mixin.py:190} INFO - [2024-10-30T10:56:51.675+0000] {dagbag.py:588} INFO - Filling up the DagBag from /home/airflow/.local/lib/python3.12/site-packages/airflow/example_dags/example_params_ui_tutorial.py
[2024-10-30T10:56:51.682+0000] {processor.py:925} INFO - DAG(s) 'example_params_ui_tutorial' retrieved from /home/airflow/.local/lib/python3.12/site-packages/airflow/example_dags/example_params_ui_tutorial.py
[2024-10-30T10:56:51.709+0000] {logging_mixin.py:190} INFO - [2024-10-30T10:56:51.709+0000] {dag.py:3239} INFO - Sync 1 DAGs
[2024-10-30T10:56:51.718+0000] {logging_mixin.py:190} INFO - [2024-10-30T10:56:51.718+0000] {dag.py:4180} INFO - Setting next_dagrun for example_params_ui_tutorial to None, run_after=None
[2024-10-30T10:56:51.731+0000] {processor.py:208} INFO - Processing /home/airflow/.local/lib/python3.12/site-packages/airflow/example_dags/example_params_ui_tutorial.py took 0.063 seconds
[2024-10-30T10:57:22.538+0000] {processor.py:186} INFO - Started process (PID=696) to work on /home/airflow/.local/lib/python3.12/site-packages/airflow/example_dags/example_params_ui_tutorial.py
[2024-10-30T10:57:22.539+0000] {processor.py:914} INFO - Processing file /home/airflow/.local/lib/python3.12/site-packages/airflow/example_dags/example_params_ui_tutorial.py for tasks to queue
[2024-10-30T10:57:22.541+0000] {logging_mixin.py:190} INFO - [2024-10-30T10:57:22.541+0000] {dagbag.py:588} INFO - Filling up the DagBag from /home/airflow/.local/lib/python3.12/site-packages/airflow/example_dags/example_params_ui_tutorial.py
[2024-10-30T10:57:22.548+0000] {processor.py:925} INFO - DAG(s) 'example_params_ui_tutorial' retrieved from /home/airflow/.local/lib/python3.12/site-packages/airflow/example_dags/example_params_ui_tutorial.py
[2024-10-30T10:57:22.573+0000] {logging_mixin.py:190} INFO - [2024-10-30T10:57:22.573+0000] {dag.py:3239} INFO - Sync 1 DAGs
[2024-10-30T10:57:22.582+0000] {logging_mixin.py:190} INFO - [2024-10-30T10:57:22.582+0000] {dag.py:4180} INFO - Setting next_dagrun for example_params_ui_tutorial to None, run_after=None
[2024-10-30T10:57:22.593+0000] {processor.py:208} INFO - Processing /home/airflow/.local/lib/python3.12/site-packages/airflow/example_dags/example_params_ui_tutorial.py took 0.059 seconds
[2024-10-30T10:57:53.318+0000] {processor.py:186} INFO - Started process (PID=758) to work on /home/airflow/.local/lib/python3.12/site-packages/airflow/example_dags/example_params_ui_tutorial.py
[2024-10-30T10:57:53.320+0000] {processor.py:914} INFO - Processing file /home/airflow/.local/lib/python3.12/site-packages/airflow/example_dags/example_params_ui_tutorial.py for tasks to queue
[2024-10-30T10:57:53.324+0000] {logging_mixin.py:190} INFO - [2024-10-30T10:57:53.324+0000] {dagbag.py:588} INFO - Filling up the DagBag from /home/airflow/.local/lib/python3.12/site-packages/airflow/example_dags/example_params_ui_tutorial.py
[2024-10-30T10:57:53.330+0000] {processor.py:925} INFO - DAG(s) 'example_params_ui_tutorial' retrieved from /home/airflow/.local/lib/python3.12/site-packages/airflow/example_dags/example_params_ui_tutorial.py
[2024-10-30T10:57:53.353+0000] {logging_mixin.py:190} INFO - [2024-10-30T10:57:53.353+0000] {dag.py:3239} INFO - Sync 1 DAGs
[2024-10-30T10:57:53.362+0000] {logging_mixin.py:190} INFO - [2024-10-30T10:57:53.362+0000] {dag.py:4180} INFO - Setting next_dagrun for example_params_ui_tutorial to None, run_after=None
[2024-10-30T10:57:53.372+0000] {processor.py:208} INFO - Processing /home/airflow/.local/lib/python3.12/site-packages/airflow/example_dags/example_params_ui_tutorial.py took 0.061 seconds
[2024-10-30T10:58:24.177+0000] {processor.py:186} INFO - Started process (PID=819) to work on /home/airflow/.local/lib/python3.12/site-packages/airflow/example_dags/example_params_ui_tutorial.py
[2024-10-30T10:58:24.181+0000] {processor.py:914} INFO - Processing file /home/airflow/.local/lib/python3.12/site-packages/airflow/example_dags/example_params_ui_tutorial.py for tasks to queue
[2024-10-30T10:58:24.182+0000] {logging_mixin.py:190} INFO - [2024-10-30T10:58:24.182+0000] {dagbag.py:588} INFO - Filling up the DagBag from /home/airflow/.local/lib/python3.12/site-packages/airflow/example_dags/example_params_ui_tutorial.py
[2024-10-30T10:58:24.189+0000] {processor.py:925} INFO - DAG(s) 'example_params_ui_tutorial' retrieved from /home/airflow/.local/lib/python3.12/site-packages/airflow/example_dags/example_params_ui_tutorial.py
[2024-10-30T10:58:24.212+0000] {logging_mixin.py:190} INFO - [2024-10-30T10:58:24.212+0000] {dag.py:3239} INFO - Sync 1 DAGs
[2024-10-30T10:58:24.222+0000] {logging_mixin.py:190} INFO - [2024-10-30T10:58:24.221+0000] {dag.py:4180} INFO - Setting next_dagrun for example_params_ui_tutorial to None, run_after=None
[2024-10-30T10:58:24.232+0000] {processor.py:208} INFO - Processing /home/airflow/.local/lib/python3.12/site-packages/airflow/example_dags/example_params_ui_tutorial.py took 0.059 seconds
[2024-10-30T10:58:54.923+0000] {processor.py:186} INFO - Started process (PID=881) to work on /home/airflow/.local/lib/python3.12/site-packages/airflow/example_dags/example_params_ui_tutorial.py
[2024-10-30T10:58:54.924+0000] {processor.py:914} INFO - Processing file /home/airflow/.local/lib/python3.12/site-packages/airflow/example_dags/example_params_ui_tutorial.py for tasks to queue
[2024-10-30T10:58:54.929+0000] {logging_mixin.py:190} INFO - [2024-10-30T10:58:54.929+0000] {dagbag.py:588} INFO - Filling up the DagBag from /home/airflow/.local/lib/python3.12/site-packages/airflow/example_dags/example_params_ui_tutorial.py
[2024-10-30T10:58:54.936+0000] {processor.py:925} INFO - DAG(s) 'example_params_ui_tutorial' retrieved from /home/airflow/.local/lib/python3.12/site-packages/airflow/example_dags/example_params_ui_tutorial.py
[2024-10-30T10:58:54.961+0000] {logging_mixin.py:190} INFO - [2024-10-30T10:58:54.961+0000] {dag.py:3239} INFO - Sync 1 DAGs
[2024-10-30T10:58:54.971+0000] {logging_mixin.py:190} INFO - [2024-10-30T10:58:54.971+0000] {dag.py:4180} INFO - Setting next_dagrun for example_params_ui_tutorial to None, run_after=None
[2024-10-30T10:58:54.983+0000] {processor.py:208} INFO - Processing /home/airflow/.local/lib/python3.12/site-packages/airflow/example_dags/example_params_ui_tutorial.py took 0.064 seconds
[2024-10-30T10:59:25.663+0000] {processor.py:186} INFO - Started process (PID=943) to work on /home/airflow/.local/lib/python3.12/site-packages/airflow/example_dags/example_params_ui_tutorial.py
[2024-10-30T10:59:25.665+0000] {processor.py:914} INFO - Processing file /home/airflow/.local/lib/python3.12/site-packages/airflow/example_dags/example_params_ui_tutorial.py for tasks to queue
[2024-10-30T10:59:25.667+0000] {logging_mixin.py:190} INFO - [2024-10-30T10:59:25.666+0000] {dagbag.py:588} INFO - Filling up the DagBag from /home/airflow/.local/lib/python3.12/site-packages/airflow/example_dags/example_params_ui_tutorial.py
[2024-10-30T10:59:25.673+0000] {processor.py:925} INFO - DAG(s) 'example_params_ui_tutorial' retrieved from /home/airflow/.local/lib/python3.12/site-packages/airflow/example_dags/example_params_ui_tutorial.py
[2024-10-30T10:59:25.698+0000] {logging_mixin.py:190} INFO - [2024-10-30T10:59:25.698+0000] {dag.py:3239} INFO - Sync 1 DAGs
[2024-10-30T10:59:25.708+0000] {logging_mixin.py:190} INFO - [2024-10-30T10:59:25.708+0000] {dag.py:4180} INFO - Setting next_dagrun for example_params_ui_tutorial to None, run_after=None
[2024-10-30T10:59:25.718+0000] {processor.py:208} INFO - Processing /home/airflow/.local/lib/python3.12/site-packages/airflow/example_dags/example_params_ui_tutorial.py took 0.061 seconds
[2024-10-30T10:59:56.521+0000] {processor.py:186} INFO - Started process (PID=1005) to work on /home/airflow/.local/lib/python3.12/site-packages/airflow/example_dags/example_params_ui_tutorial.py
[2024-10-30T10:59:56.522+0000] {processor.py:914} INFO - Processing file /home/airflow/.local/lib/python3.12/site-packages/airflow/example_dags/example_params_ui_tutorial.py for tasks to queue
[2024-10-30T10:59:56.525+0000] {logging_mixin.py:190} INFO - [2024-10-30T10:59:56.525+0000] {dagbag.py:588} INFO - Filling up the DagBag from /home/airflow/.local/lib/python3.12/site-packages/airflow/example_dags/example_params_ui_tutorial.py
[2024-10-30T10:59:56.531+0000] {processor.py:925} INFO - DAG(s) 'example_params_ui_tutorial' retrieved from /home/airflow/.local/lib/python3.12/site-packages/airflow/example_dags/example_params_ui_tutorial.py
[2024-10-30T10:59:56.554+0000] {logging_mixin.py:190} INFO - [2024-10-30T10:59:56.553+0000] {dag.py:3239} INFO - Sync 1 DAGs
[2024-10-30T10:59:56.564+0000] {logging_mixin.py:190} INFO - [2024-10-30T10:59:56.563+0000] {dag.py:4180} INFO - Setting next_dagrun for example_params_ui_tutorial to None, run_after=None
[2024-10-30T10:59:56.575+0000] {processor.py:208} INFO - Processing /home/airflow/.local/lib/python3.12/site-packages/airflow/example_dags/example_params_ui_tutorial.py took 0.059 seconds
[2024-10-30T11:00:27.132+0000] {processor.py:186} INFO - Started process (PID=1067) to work on /home/airflow/.local/lib/python3.12/site-packages/airflow/example_dags/example_params_ui_tutorial.py
[2024-10-30T11:00:27.137+0000] {processor.py:914} INFO - Processing file /home/airflow/.local/lib/python3.12/site-packages/airflow/example_dags/example_params_ui_tutorial.py for tasks to queue
[2024-10-30T11:00:27.140+0000] {logging_mixin.py:190} INFO - [2024-10-30T11:00:27.140+0000] {dagbag.py:588} INFO - Filling up the DagBag from /home/airflow/.local/lib/python3.12/site-packages/airflow/example_dags/example_params_ui_tutorial.py
[2024-10-30T11:00:27.147+0000] {processor.py:925} INFO - DAG(s) 'example_params_ui_tutorial' retrieved from /home/airflow/.local/lib/python3.12/site-packages/airflow/example_dags/example_params_ui_tutorial.py
[2024-10-30T11:00:27.177+0000] {logging_mixin.py:190} INFO - [2024-10-30T11:00:27.177+0000] {dag.py:3239} INFO - Sync 1 DAGs
[2024-10-30T11:00:27.191+0000] {logging_mixin.py:190} INFO - [2024-10-30T11:00:27.191+0000] {dag.py:4180} INFO - Setting next_dagrun for example_params_ui_tutorial to None, run_after=None
[2024-10-30T11:00:27.207+0000] {processor.py:208} INFO - Processing /home/airflow/.local/lib/python3.12/site-packages/airflow/example_dags/example_params_ui_tutorial.py took 0.079 seconds
[2024-10-30T11:00:58.109+0000] {processor.py:186} INFO - Started process (PID=1129) to work on /home/airflow/.local/lib/python3.12/site-packages/airflow/example_dags/example_params_ui_tutorial.py
[2024-10-30T11:00:58.110+0000] {processor.py:914} INFO - Processing file /home/airflow/.local/lib/python3.12/site-packages/airflow/example_dags/example_params_ui_tutorial.py for tasks to queue
[2024-10-30T11:00:58.112+0000] {logging_mixin.py:190} INFO - [2024-10-30T11:00:58.112+0000] {dagbag.py:588} INFO - Filling up the DagBag from /home/airflow/.local/lib/python3.12/site-packages/airflow/example_dags/example_params_ui_tutorial.py
[2024-10-30T11:00:58.121+0000] {processor.py:925} INFO - DAG(s) 'example_params_ui_tutorial' retrieved from /home/airflow/.local/lib/python3.12/site-packages/airflow/example_dags/example_params_ui_tutorial.py
[2024-10-30T11:00:58.157+0000] {logging_mixin.py:190} INFO - [2024-10-30T11:00:58.157+0000] {dag.py:3239} INFO - Sync 1 DAGs
[2024-10-30T11:00:58.168+0000] {logging_mixin.py:190} INFO - [2024-10-30T11:00:58.168+0000] {dag.py:4180} INFO - Setting next_dagrun for example_params_ui_tutorial to None, run_after=None
[2024-10-30T11:00:58.186+0000] {processor.py:208} INFO - Processing /home/airflow/.local/lib/python3.12/site-packages/airflow/example_dags/example_params_ui_tutorial.py took 0.085 seconds
[2024-10-30T11:01:28.716+0000] {processor.py:186} INFO - Started process (PID=1191) to work on /home/airflow/.local/lib/python3.12/site-packages/airflow/example_dags/example_params_ui_tutorial.py
[2024-10-30T11:01:28.717+0000] {processor.py:914} INFO - Processing file /home/airflow/.local/lib/python3.12/site-packages/airflow/example_dags/example_params_ui_tutorial.py for tasks to queue
[2024-10-30T11:01:28.721+0000] {logging_mixin.py:190} INFO - [2024-10-30T11:01:28.721+0000] {dagbag.py:588} INFO - Filling up the DagBag from /home/airflow/.local/lib/python3.12/site-packages/airflow/example_dags/example_params_ui_tutorial.py
[2024-10-30T11:01:28.727+0000] {processor.py:925} INFO - DAG(s) 'example_params_ui_tutorial' retrieved from /home/airflow/.local/lib/python3.12/site-packages/airflow/example_dags/example_params_ui_tutorial.py
[2024-10-30T11:01:28.750+0000] {logging_mixin.py:190} INFO - [2024-10-30T11:01:28.750+0000] {dag.py:3239} INFO - Sync 1 DAGs
[2024-10-30T11:01:28.759+0000] {logging_mixin.py:190} INFO - [2024-10-30T11:01:28.759+0000] {dag.py:4180} INFO - Setting next_dagrun for example_params_ui_tutorial to None, run_after=None
[2024-10-30T11:01:28.769+0000] {processor.py:208} INFO - Processing /home/airflow/.local/lib/python3.12/site-packages/airflow/example_dags/example_params_ui_tutorial.py took 0.059 seconds
[2024-10-30T11:01:59.562+0000] {processor.py:186} INFO - Started process (PID=1253) to work on /home/airflow/.local/lib/python3.12/site-packages/airflow/example_dags/example_params_ui_tutorial.py
[2024-10-30T11:01:59.565+0000] {processor.py:914} INFO - Processing file /home/airflow/.local/lib/python3.12/site-packages/airflow/example_dags/example_params_ui_tutorial.py for tasks to queue
[2024-10-30T11:01:59.570+0000] {logging_mixin.py:190} INFO - [2024-10-30T11:01:59.570+0000] {dagbag.py:588} INFO - Filling up the DagBag from /home/airflow/.local/lib/python3.12/site-packages/airflow/example_dags/example_params_ui_tutorial.py
[2024-10-30T11:01:59.576+0000] {processor.py:925} INFO - DAG(s) 'example_params_ui_tutorial' retrieved from /home/airflow/.local/lib/python3.12/site-packages/airflow/example_dags/example_params_ui_tutorial.py
[2024-10-30T11:01:59.605+0000] {logging_mixin.py:190} INFO - [2024-10-30T11:01:59.605+0000] {dag.py:3239} INFO - Sync 1 DAGs
[2024-10-30T11:01:59.615+0000] {logging_mixin.py:190} INFO - [2024-10-30T11:01:59.614+0000] {dag.py:4180} INFO - Setting next_dagrun for example_params_ui_tutorial to None, run_after=None
[2024-10-30T11:01:59.626+0000] {processor.py:208} INFO - Processing /home/airflow/.local/lib/python3.12/site-packages/airflow/example_dags/example_params_ui_tutorial.py took 0.068 seconds
[2024-10-30T11:02:30.420+0000] {processor.py:186} INFO - Started process (PID=1314) to work on /home/airflow/.local/lib/python3.12/site-packages/airflow/example_dags/example_params_ui_tutorial.py
[2024-10-30T11:02:30.422+0000] {processor.py:914} INFO - Processing file /home/airflow/.local/lib/python3.12/site-packages/airflow/example_dags/example_params_ui_tutorial.py for tasks to queue
[2024-10-30T11:02:30.429+0000] {logging_mixin.py:190} INFO - [2024-10-30T11:02:30.429+0000] {dagbag.py:588} INFO - Filling up the DagBag from /home/airflow/.local/lib/python3.12/site-packages/airflow/example_dags/example_params_ui_tutorial.py
[2024-10-30T11:02:30.439+0000] {processor.py:925} INFO - DAG(s) 'example_params_ui_tutorial' retrieved from /home/airflow/.local/lib/python3.12/site-packages/airflow/example_dags/example_params_ui_tutorial.py
[2024-10-30T11:02:30.463+0000] {logging_mixin.py:190} INFO - [2024-10-30T11:02:30.463+0000] {dag.py:3239} INFO - Sync 1 DAGs
[2024-10-30T11:02:30.473+0000] {logging_mixin.py:190} INFO - [2024-10-30T11:02:30.473+0000] {dag.py:4180} INFO - Setting next_dagrun for example_params_ui_tutorial to None, run_after=None
[2024-10-30T11:02:30.484+0000] {processor.py:208} INFO - Processing /home/airflow/.local/lib/python3.12/site-packages/airflow/example_dags/example_params_ui_tutorial.py took 0.071 seconds
[2024-10-30T11:03:01.235+0000] {processor.py:186} INFO - Started process (PID=1376) to work on /home/airflow/.local/lib/python3.12/site-packages/airflow/example_dags/example_params_ui_tutorial.py
[2024-10-30T11:03:01.236+0000] {processor.py:914} INFO - Processing file /home/airflow/.local/lib/python3.12/site-packages/airflow/example_dags/example_params_ui_tutorial.py for tasks to queue
[2024-10-30T11:03:01.240+0000] {logging_mixin.py:190} INFO - [2024-10-30T11:03:01.239+0000] {dagbag.py:588} INFO - Filling up the DagBag from /home/airflow/.local/lib/python3.12/site-packages/airflow/example_dags/example_params_ui_tutorial.py
[2024-10-30T11:03:01.246+0000] {processor.py:925} INFO - DAG(s) 'example_params_ui_tutorial' retrieved from /home/airflow/.local/lib/python3.12/site-packages/airflow/example_dags/example_params_ui_tutorial.py
[2024-10-30T11:03:01.273+0000] {logging_mixin.py:190} INFO - [2024-10-30T11:03:01.273+0000] {dag.py:3239} INFO - Sync 1 DAGs
[2024-10-30T11:03:01.282+0000] {logging_mixin.py:190} INFO - [2024-10-30T11:03:01.282+0000] {dag.py:4180} INFO - Setting next_dagrun for example_params_ui_tutorial to None, run_after=None
[2024-10-30T11:03:01.293+0000] {processor.py:208} INFO - Processing /home/airflow/.local/lib/python3.12/site-packages/airflow/example_dags/example_params_ui_tutorial.py took 0.066 seconds
[2024-10-30T11:03:32.266+0000] {processor.py:186} INFO - Started process (PID=1438) to work on /home/airflow/.local/lib/python3.12/site-packages/airflow/example_dags/example_params_ui_tutorial.py
[2024-10-30T11:03:32.268+0000] {processor.py:914} INFO - Processing file /home/airflow/.local/lib/python3.12/site-packages/airflow/example_dags/example_params_ui_tutorial.py for tasks to queue
[2024-10-30T11:03:32.270+0000] {logging_mixin.py:190} INFO - [2024-10-30T11:03:32.270+0000] {dagbag.py:588} INFO - Filling up the DagBag from /home/airflow/.local/lib/python3.12/site-packages/airflow/example_dags/example_params_ui_tutorial.py
[2024-10-30T11:03:32.277+0000] {processor.py:925} INFO - DAG(s) 'example_params_ui_tutorial' retrieved from /home/airflow/.local/lib/python3.12/site-packages/airflow/example_dags/example_params_ui_tutorial.py
[2024-10-30T11:03:32.301+0000] {logging_mixin.py:190} INFO - [2024-10-30T11:03:32.301+0000] {dag.py:3239} INFO - Sync 1 DAGs
[2024-10-30T11:03:32.310+0000] {logging_mixin.py:190} INFO - [2024-10-30T11:03:32.310+0000] {dag.py:4180} INFO - Setting next_dagrun for example_params_ui_tutorial to None, run_after=None
[2024-10-30T11:03:32.321+0000] {processor.py:208} INFO - Processing /home/airflow/.local/lib/python3.12/site-packages/airflow/example_dags/example_params_ui_tutorial.py took 0.060 seconds
[2024-10-30T11:04:02.889+0000] {processor.py:186} INFO - Started process (PID=1500) to work on /home/airflow/.local/lib/python3.12/site-packages/airflow/example_dags/example_params_ui_tutorial.py
[2024-10-30T11:04:02.891+0000] {processor.py:914} INFO - Processing file /home/airflow/.local/lib/python3.12/site-packages/airflow/example_dags/example_params_ui_tutorial.py for tasks to queue
[2024-10-30T11:04:02.893+0000] {logging_mixin.py:190} INFO - [2024-10-30T11:04:02.893+0000] {dagbag.py:588} INFO - Filling up the DagBag from /home/airflow/.local/lib/python3.12/site-packages/airflow/example_dags/example_params_ui_tutorial.py
[2024-10-30T11:04:02.901+0000] {processor.py:925} INFO - DAG(s) 'example_params_ui_tutorial' retrieved from /home/airflow/.local/lib/python3.12/site-packages/airflow/example_dags/example_params_ui_tutorial.py
[2024-10-30T11:04:02.926+0000] {logging_mixin.py:190} INFO - [2024-10-30T11:04:02.926+0000] {dag.py:3239} INFO - Sync 1 DAGs
[2024-10-30T11:04:02.936+0000] {logging_mixin.py:190} INFO - [2024-10-30T11:04:02.935+0000] {dag.py:4180} INFO - Setting next_dagrun for example_params_ui_tutorial to None, run_after=None
[2024-10-30T11:04:02.950+0000] {processor.py:208} INFO - Processing /home/airflow/.local/lib/python3.12/site-packages/airflow/example_dags/example_params_ui_tutorial.py took 0.065 seconds
[2024-10-30T11:04:33.022+0000] {processor.py:186} INFO - Started process (PID=1562) to work on /home/airflow/.local/lib/python3.12/site-packages/airflow/example_dags/example_params_ui_tutorial.py
[2024-10-30T11:04:33.024+0000] {processor.py:914} INFO - Processing file /home/airflow/.local/lib/python3.12/site-packages/airflow/example_dags/example_params_ui_tutorial.py for tasks to queue
[2024-10-30T11:04:33.026+0000] {logging_mixin.py:190} INFO - [2024-10-30T11:04:33.026+0000] {dagbag.py:588} INFO - Filling up the DagBag from /home/airflow/.local/lib/python3.12/site-packages/airflow/example_dags/example_params_ui_tutorial.py
[2024-10-30T11:04:33.032+0000] {processor.py:925} INFO - DAG(s) 'example_params_ui_tutorial' retrieved from /home/airflow/.local/lib/python3.12/site-packages/airflow/example_dags/example_params_ui_tutorial.py
[2024-10-30T11:04:33.062+0000] {logging_mixin.py:190} INFO - [2024-10-30T11:04:33.062+0000] {dag.py:3239} INFO - Sync 1 DAGs
[2024-10-30T11:04:33.071+0000] {logging_mixin.py:190} INFO - [2024-10-30T11:04:33.071+0000] {dag.py:4180} INFO - Setting next_dagrun for example_params_ui_tutorial to None, run_after=None
[2024-10-30T11:04:33.082+0000] {processor.py:208} INFO - Processing /home/airflow/.local/lib/python3.12/site-packages/airflow/example_dags/example_params_ui_tutorial.py took 0.064 seconds
[2024-10-30T11:05:03.953+0000] {processor.py:186} INFO - Started process (PID=1624) to work on /home/airflow/.local/lib/python3.12/site-packages/airflow/example_dags/example_params_ui_tutorial.py
[2024-10-30T11:05:03.955+0000] {processor.py:914} INFO - Processing file /home/airflow/.local/lib/python3.12/site-packages/airflow/example_dags/example_params_ui_tutorial.py for tasks to queue
[2024-10-30T11:05:03.961+0000] {logging_mixin.py:190} INFO - [2024-10-30T11:05:03.960+0000] {dagbag.py:588} INFO - Filling up the DagBag from /home/airflow/.local/lib/python3.12/site-packages/airflow/example_dags/example_params_ui_tutorial.py
[2024-10-30T11:05:03.967+0000] {processor.py:925} INFO - DAG(s) 'example_params_ui_tutorial' retrieved from /home/airflow/.local/lib/python3.12/site-packages/airflow/example_dags/example_params_ui_tutorial.py
[2024-10-30T11:05:04.007+0000] {logging_mixin.py:190} INFO - [2024-10-30T11:05:04.007+0000] {dag.py:3239} INFO - Sync 1 DAGs
[2024-10-30T11:05:04.018+0000] {logging_mixin.py:190} INFO - [2024-10-30T11:05:04.018+0000] {dag.py:4180} INFO - Setting next_dagrun for example_params_ui_tutorial to None, run_after=None
[2024-10-30T11:05:04.035+0000] {processor.py:208} INFO - Processing /home/airflow/.local/lib/python3.12/site-packages/airflow/example_dags/example_params_ui_tutorial.py took 0.086 seconds
[2024-10-30T11:05:34.810+0000] {processor.py:186} INFO - Started process (PID=1686) to work on /home/airflow/.local/lib/python3.12/site-packages/airflow/example_dags/example_params_ui_tutorial.py
[2024-10-30T11:05:34.812+0000] {processor.py:914} INFO - Processing file /home/airflow/.local/lib/python3.12/site-packages/airflow/example_dags/example_params_ui_tutorial.py for tasks to queue
[2024-10-30T11:05:34.814+0000] {logging_mixin.py:190} INFO - [2024-10-30T11:05:34.813+0000] {dagbag.py:588} INFO - Filling up the DagBag from /home/airflow/.local/lib/python3.12/site-packages/airflow/example_dags/example_params_ui_tutorial.py
[2024-10-30T11:05:34.825+0000] {processor.py:925} INFO - DAG(s) 'example_params_ui_tutorial' retrieved from /home/airflow/.local/lib/python3.12/site-packages/airflow/example_dags/example_params_ui_tutorial.py
[2024-10-30T11:05:34.850+0000] {logging_mixin.py:190} INFO - [2024-10-30T11:05:34.850+0000] {dag.py:3239} INFO - Sync 1 DAGs
[2024-10-30T11:05:34.859+0000] {logging_mixin.py:190} INFO - [2024-10-30T11:05:34.859+0000] {dag.py:4180} INFO - Setting next_dagrun for example_params_ui_tutorial to None, run_after=None
[2024-10-30T11:05:34.871+0000] {processor.py:208} INFO - Processing /home/airflow/.local/lib/python3.12/site-packages/airflow/example_dags/example_params_ui_tutorial.py took 0.065 seconds
[2024-10-30T11:06:05.757+0000] {processor.py:186} INFO - Started process (PID=1748) to work on /home/airflow/.local/lib/python3.12/site-packages/airflow/example_dags/example_params_ui_tutorial.py
[2024-10-30T11:06:05.761+0000] {processor.py:914} INFO - Processing file /home/airflow/.local/lib/python3.12/site-packages/airflow/example_dags/example_params_ui_tutorial.py for tasks to queue
[2024-10-30T11:06:05.764+0000] {logging_mixin.py:190} INFO - [2024-10-30T11:06:05.763+0000] {dagbag.py:588} INFO - Filling up the DagBag from /home/airflow/.local/lib/python3.12/site-packages/airflow/example_dags/example_params_ui_tutorial.py
[2024-10-30T11:06:05.771+0000] {processor.py:925} INFO - DAG(s) 'example_params_ui_tutorial' retrieved from /home/airflow/.local/lib/python3.12/site-packages/airflow/example_dags/example_params_ui_tutorial.py
[2024-10-30T11:06:05.798+0000] {logging_mixin.py:190} INFO - [2024-10-30T11:06:05.797+0000] {dag.py:3239} INFO - Sync 1 DAGs
[2024-10-30T11:06:05.808+0000] {logging_mixin.py:190} INFO - [2024-10-30T11:06:05.807+0000] {dag.py:4180} INFO - Setting next_dagrun for example_params_ui_tutorial to None, run_after=None
[2024-10-30T11:06:05.823+0000] {processor.py:208} INFO - Processing /home/airflow/.local/lib/python3.12/site-packages/airflow/example_dags/example_params_ui_tutorial.py took 0.070 seconds
[2024-10-30T11:06:36.821+0000] {processor.py:186} INFO - Started process (PID=1810) to work on /home/airflow/.local/lib/python3.12/site-packages/airflow/example_dags/example_params_ui_tutorial.py
[2024-10-30T11:06:36.825+0000] {processor.py:914} INFO - Processing file /home/airflow/.local/lib/python3.12/site-packages/airflow/example_dags/example_params_ui_tutorial.py for tasks to queue
[2024-10-30T11:06:36.829+0000] {logging_mixin.py:190} INFO - [2024-10-30T11:06:36.828+0000] {dagbag.py:588} INFO - Filling up the DagBag from /home/airflow/.local/lib/python3.12/site-packages/airflow/example_dags/example_params_ui_tutorial.py
[2024-10-30T11:06:36.840+0000] {processor.py:925} INFO - DAG(s) 'example_params_ui_tutorial' retrieved from /home/airflow/.local/lib/python3.12/site-packages/airflow/example_dags/example_params_ui_tutorial.py
[2024-10-30T11:06:36.870+0000] {logging_mixin.py:190} INFO - [2024-10-30T11:06:36.870+0000] {dag.py:3239} INFO - Sync 1 DAGs
[2024-10-30T11:06:36.880+0000] {logging_mixin.py:190} INFO - [2024-10-30T11:06:36.880+0000] {dag.py:4180} INFO - Setting next_dagrun for example_params_ui_tutorial to None, run_after=None
[2024-10-30T11:06:36.893+0000] {processor.py:208} INFO - Processing /home/airflow/.local/lib/python3.12/site-packages/airflow/example_dags/example_params_ui_tutorial.py took 0.076 seconds
[2024-10-30T11:07:07.030+0000] {processor.py:186} INFO - Started process (PID=1872) to work on /home/airflow/.local/lib/python3.12/site-packages/airflow/example_dags/example_params_ui_tutorial.py
[2024-10-30T11:07:07.031+0000] {processor.py:914} INFO - Processing file /home/airflow/.local/lib/python3.12/site-packages/airflow/example_dags/example_params_ui_tutorial.py for tasks to queue
[2024-10-30T11:07:07.033+0000] {logging_mixin.py:190} INFO - [2024-10-30T11:07:07.032+0000] {dagbag.py:588} INFO - Filling up the DagBag from /home/airflow/.local/lib/python3.12/site-packages/airflow/example_dags/example_params_ui_tutorial.py
[2024-10-30T11:07:07.039+0000] {processor.py:925} INFO - DAG(s) 'example_params_ui_tutorial' retrieved from /home/airflow/.local/lib/python3.12/site-packages/airflow/example_dags/example_params_ui_tutorial.py
[2024-10-30T11:07:07.067+0000] {logging_mixin.py:190} INFO - [2024-10-30T11:07:07.067+0000] {dag.py:3239} INFO - Sync 1 DAGs
[2024-10-30T11:07:07.077+0000] {logging_mixin.py:190} INFO - [2024-10-30T11:07:07.077+0000] {dag.py:4180} INFO - Setting next_dagrun for example_params_ui_tutorial to None, run_after=None
[2024-10-30T11:07:07.089+0000] {processor.py:208} INFO - Processing /home/airflow/.local/lib/python3.12/site-packages/airflow/example_dags/example_params_ui_tutorial.py took 0.063 seconds
[2024-10-30T11:07:37.281+0000] {processor.py:186} INFO - Started process (PID=1934) to work on /home/airflow/.local/lib/python3.12/site-packages/airflow/example_dags/example_params_ui_tutorial.py
[2024-10-30T11:07:37.285+0000] {processor.py:914} INFO - Processing file /home/airflow/.local/lib/python3.12/site-packages/airflow/example_dags/example_params_ui_tutorial.py for tasks to queue
[2024-10-30T11:07:37.287+0000] {logging_mixin.py:190} INFO - [2024-10-30T11:07:37.287+0000] {dagbag.py:588} INFO - Filling up the DagBag from /home/airflow/.local/lib/python3.12/site-packages/airflow/example_dags/example_params_ui_tutorial.py
[2024-10-30T11:07:37.295+0000] {processor.py:925} INFO - DAG(s) 'example_params_ui_tutorial' retrieved from /home/airflow/.local/lib/python3.12/site-packages/airflow/example_dags/example_params_ui_tutorial.py
[2024-10-30T11:07:37.322+0000] {logging_mixin.py:190} INFO - [2024-10-30T11:07:37.322+0000] {dag.py:3239} INFO - Sync 1 DAGs
[2024-10-30T11:07:37.332+0000] {logging_mixin.py:190} INFO - [2024-10-30T11:07:37.332+0000] {dag.py:4180} INFO - Setting next_dagrun for example_params_ui_tutorial to None, run_after=None
[2024-10-30T11:07:37.345+0000] {processor.py:208} INFO - Processing /home/airflow/.local/lib/python3.12/site-packages/airflow/example_dags/example_params_ui_tutorial.py took 0.068 seconds
[2024-10-30T11:08:08.063+0000] {processor.py:186} INFO - Started process (PID=1996) to work on /home/airflow/.local/lib/python3.12/site-packages/airflow/example_dags/example_params_ui_tutorial.py
[2024-10-30T11:08:08.066+0000] {processor.py:914} INFO - Processing file /home/airflow/.local/lib/python3.12/site-packages/airflow/example_dags/example_params_ui_tutorial.py for tasks to queue
[2024-10-30T11:08:08.068+0000] {logging_mixin.py:190} INFO - [2024-10-30T11:08:08.068+0000] {dagbag.py:588} INFO - Filling up the DagBag from /home/airflow/.local/lib/python3.12/site-packages/airflow/example_dags/example_params_ui_tutorial.py
[2024-10-30T11:08:08.074+0000] {processor.py:925} INFO - DAG(s) 'example_params_ui_tutorial' retrieved from /home/airflow/.local/lib/python3.12/site-packages/airflow/example_dags/example_params_ui_tutorial.py
[2024-10-30T11:08:08.101+0000] {logging_mixin.py:190} INFO - [2024-10-30T11:08:08.101+0000] {dag.py:3239} INFO - Sync 1 DAGs
[2024-10-30T11:08:08.112+0000] {logging_mixin.py:190} INFO - [2024-10-30T11:08:08.111+0000] {dag.py:4180} INFO - Setting next_dagrun for example_params_ui_tutorial to None, run_after=None
[2024-10-30T11:08:08.137+0000] {processor.py:208} INFO - Processing /home/airflow/.local/lib/python3.12/site-packages/airflow/example_dags/example_params_ui_tutorial.py took 0.077 seconds
[2024-10-30T11:08:38.925+0000] {processor.py:186} INFO - Started process (PID=2058) to work on /home/airflow/.local/lib/python3.12/site-packages/airflow/example_dags/example_params_ui_tutorial.py
[2024-10-30T11:08:38.929+0000] {processor.py:914} INFO - Processing file /home/airflow/.local/lib/python3.12/site-packages/airflow/example_dags/example_params_ui_tutorial.py for tasks to queue
[2024-10-30T11:08:38.931+0000] {logging_mixin.py:190} INFO - [2024-10-30T11:08:38.931+0000] {dagbag.py:588} INFO - Filling up the DagBag from /home/airflow/.local/lib/python3.12/site-packages/airflow/example_dags/example_params_ui_tutorial.py
[2024-10-30T11:08:38.937+0000] {processor.py:925} INFO - DAG(s) 'example_params_ui_tutorial' retrieved from /home/airflow/.local/lib/python3.12/site-packages/airflow/example_dags/example_params_ui_tutorial.py
[2024-10-30T11:08:38.965+0000] {logging_mixin.py:190} INFO - [2024-10-30T11:08:38.965+0000] {dag.py:3239} INFO - Sync 1 DAGs
[2024-10-30T11:08:39.043+0000] {logging_mixin.py:190} INFO - [2024-10-30T11:08:39.043+0000] {dag.py:4180} INFO - Setting next_dagrun for example_params_ui_tutorial to None, run_after=None
[2024-10-30T11:08:39.056+0000] {processor.py:208} INFO - Processing /home/airflow/.local/lib/python3.12/site-packages/airflow/example_dags/example_params_ui_tutorial.py took 0.135 seconds
[2024-10-30T11:09:09.885+0000] {processor.py:186} INFO - Started process (PID=2120) to work on /home/airflow/.local/lib/python3.12/site-packages/airflow/example_dags/example_params_ui_tutorial.py
[2024-10-30T11:09:09.886+0000] {processor.py:914} INFO - Processing file /home/airflow/.local/lib/python3.12/site-packages/airflow/example_dags/example_params_ui_tutorial.py for tasks to queue
[2024-10-30T11:09:09.888+0000] {logging_mixin.py:190} INFO - [2024-10-30T11:09:09.888+0000] {dagbag.py:588} INFO - Filling up the DagBag from /home/airflow/.local/lib/python3.12/site-packages/airflow/example_dags/example_params_ui_tutorial.py
[2024-10-30T11:09:09.894+0000] {processor.py:925} INFO - DAG(s) 'example_params_ui_tutorial' retrieved from /home/airflow/.local/lib/python3.12/site-packages/airflow/example_dags/example_params_ui_tutorial.py
[2024-10-30T11:09:09.920+0000] {logging_mixin.py:190} INFO - [2024-10-30T11:09:09.919+0000] {dag.py:3239} INFO - Sync 1 DAGs
[2024-10-30T11:09:09.929+0000] {logging_mixin.py:190} INFO - [2024-10-30T11:09:09.929+0000] {dag.py:4180} INFO - Setting next_dagrun for example_params_ui_tutorial to None, run_after=None
[2024-10-30T11:09:09.940+0000] {processor.py:208} INFO - Processing /home/airflow/.local/lib/python3.12/site-packages/airflow/example_dags/example_params_ui_tutorial.py took 0.058 seconds
