[2024-10-30T10:52:14.068+0000] {processor.py:186} INFO - Started process (PID=73) to work on /home/airflow/.local/lib/python3.12/site-packages/airflow/example_dags/tutorial_dag.py
[2024-10-30T10:52:14.070+0000] {processor.py:914} INFO - Processing file /home/airflow/.local/lib/python3.12/site-packages/airflow/example_dags/tutorial_dag.py for tasks to queue
[2024-10-30T10:52:14.072+0000] {logging_mixin.py:190} INFO - [2024-10-30T10:52:14.072+0000] {dagbag.py:588} INFO - Filling up the DagBag from /home/airflow/.local/lib/python3.12/site-packages/airflow/example_dags/tutorial_dag.py
[2024-10-30T10:52:14.079+0000] {processor.py:925} INFO - DAG(s) 'tutorial_dag' retrieved from /home/airflow/.local/lib/python3.12/site-packages/airflow/example_dags/tutorial_dag.py
[2024-10-30T10:52:14.162+0000] {logging_mixin.py:190} INFO - [2024-10-30T10:52:14.161+0000] {override.py:1900} INFO - Created Permission View: can delete on DAG:tutorial_dag
[2024-10-30T10:52:14.171+0000] {logging_mixin.py:190} INFO - [2024-10-30T10:52:14.170+0000] {override.py:1900} INFO - Created Permission View: can read on DAG:tutorial_dag
[2024-10-30T10:52:14.177+0000] {logging_mixin.py:190} INFO - [2024-10-30T10:52:14.177+0000] {override.py:1900} INFO - Created Permission View: can edit on DAG:tutorial_dag
[2024-10-30T10:52:14.193+0000] {logging_mixin.py:190} INFO - [2024-10-30T10:52:14.192+0000] {override.py:1900} INFO - Created Permission View: can create on DAG Run:tutorial_dag
[2024-10-30T10:52:14.198+0000] {logging_mixin.py:190} INFO - [2024-10-30T10:52:14.198+0000] {override.py:1900} INFO - Created Permission View: can delete on DAG Run:tutorial_dag
[2024-10-30T10:52:14.204+0000] {logging_mixin.py:190} INFO - [2024-10-30T10:52:14.204+0000] {override.py:1900} INFO - Created Permission View: can read on DAG Run:tutorial_dag
[2024-10-30T10:52:14.208+0000] {logging_mixin.py:190} INFO - [2024-10-30T10:52:14.208+0000] {override.py:1900} INFO - Created Permission View: menu access on DAG Run:tutorial_dag
[2024-10-30T10:52:14.208+0000] {logging_mixin.py:190} INFO - [2024-10-30T10:52:14.208+0000] {dag.py:3239} INFO - Sync 1 DAGs
[2024-10-30T10:52:14.219+0000] {logging_mixin.py:190} INFO - [2024-10-30T10:52:14.218+0000] {dag.py:3262} INFO - Creating ORM DAG for tutorial_dag
[2024-10-30T10:52:14.222+0000] {logging_mixin.py:190} INFO - [2024-10-30T10:52:14.222+0000] {dag.py:4180} INFO - Setting next_dagrun for tutorial_dag to None, run_after=None
[2024-10-30T10:52:14.242+0000] {processor.py:208} INFO - Processing /home/airflow/.local/lib/python3.12/site-packages/airflow/example_dags/tutorial_dag.py took 0.178 seconds
[2024-10-30T10:52:44.332+0000] {processor.py:186} INFO - Started process (PID=135) to work on /home/airflow/.local/lib/python3.12/site-packages/airflow/example_dags/tutorial_dag.py
[2024-10-30T10:52:44.334+0000] {processor.py:914} INFO - Processing file /home/airflow/.local/lib/python3.12/site-packages/airflow/example_dags/tutorial_dag.py for tasks to queue
[2024-10-30T10:52:44.335+0000] {logging_mixin.py:190} INFO - [2024-10-30T10:52:44.335+0000] {dagbag.py:588} INFO - Filling up the DagBag from /home/airflow/.local/lib/python3.12/site-packages/airflow/example_dags/tutorial_dag.py
[2024-10-30T10:52:44.341+0000] {processor.py:925} INFO - DAG(s) 'tutorial_dag' retrieved from /home/airflow/.local/lib/python3.12/site-packages/airflow/example_dags/tutorial_dag.py
[2024-10-30T10:52:44.353+0000] {logging_mixin.py:190} INFO - [2024-10-30T10:52:44.352+0000] {dag.py:3239} INFO - Sync 1 DAGs
[2024-10-30T10:52:44.361+0000] {logging_mixin.py:190} INFO - [2024-10-30T10:52:44.361+0000] {dag.py:4180} INFO - Setting next_dagrun for tutorial_dag to None, run_after=None
[2024-10-30T10:52:44.382+0000] {processor.py:208} INFO - Processing /home/airflow/.local/lib/python3.12/site-packages/airflow/example_dags/tutorial_dag.py took 0.053 seconds
[2024-10-30T10:53:14.600+0000] {processor.py:186} INFO - Started process (PID=197) to work on /home/airflow/.local/lib/python3.12/site-packages/airflow/example_dags/tutorial_dag.py
[2024-10-30T10:53:14.601+0000] {processor.py:914} INFO - Processing file /home/airflow/.local/lib/python3.12/site-packages/airflow/example_dags/tutorial_dag.py for tasks to queue
[2024-10-30T10:53:14.605+0000] {logging_mixin.py:190} INFO - [2024-10-30T10:53:14.605+0000] {dagbag.py:588} INFO - Filling up the DagBag from /home/airflow/.local/lib/python3.12/site-packages/airflow/example_dags/tutorial_dag.py
[2024-10-30T10:53:14.610+0000] {processor.py:925} INFO - DAG(s) 'tutorial_dag' retrieved from /home/airflow/.local/lib/python3.12/site-packages/airflow/example_dags/tutorial_dag.py
[2024-10-30T10:53:14.625+0000] {logging_mixin.py:190} INFO - [2024-10-30T10:53:14.625+0000] {dag.py:3239} INFO - Sync 1 DAGs
[2024-10-30T10:53:14.636+0000] {logging_mixin.py:190} INFO - [2024-10-30T10:53:14.635+0000] {dag.py:4180} INFO - Setting next_dagrun for tutorial_dag to None, run_after=None
[2024-10-30T10:53:14.654+0000] {processor.py:208} INFO - Processing /home/airflow/.local/lib/python3.12/site-packages/airflow/example_dags/tutorial_dag.py took 0.058 seconds
[2024-10-30T10:53:44.841+0000] {processor.py:186} INFO - Started process (PID=259) to work on /home/airflow/.local/lib/python3.12/site-packages/airflow/example_dags/tutorial_dag.py
[2024-10-30T10:53:44.842+0000] {processor.py:914} INFO - Processing file /home/airflow/.local/lib/python3.12/site-packages/airflow/example_dags/tutorial_dag.py for tasks to queue
[2024-10-30T10:53:44.845+0000] {logging_mixin.py:190} INFO - [2024-10-30T10:53:44.844+0000] {dagbag.py:588} INFO - Filling up the DagBag from /home/airflow/.local/lib/python3.12/site-packages/airflow/example_dags/tutorial_dag.py
[2024-10-30T10:53:44.852+0000] {processor.py:925} INFO - DAG(s) 'tutorial_dag' retrieved from /home/airflow/.local/lib/python3.12/site-packages/airflow/example_dags/tutorial_dag.py
[2024-10-30T10:53:44.867+0000] {logging_mixin.py:190} INFO - [2024-10-30T10:53:44.867+0000] {dag.py:3239} INFO - Sync 1 DAGs
[2024-10-30T10:53:44.881+0000] {logging_mixin.py:190} INFO - [2024-10-30T10:53:44.881+0000] {dag.py:4180} INFO - Setting next_dagrun for tutorial_dag to None, run_after=None
[2024-10-30T10:53:44.914+0000] {processor.py:208} INFO - Processing /home/airflow/.local/lib/python3.12/site-packages/airflow/example_dags/tutorial_dag.py took 0.078 seconds
[2024-10-30T10:54:15.840+0000] {processor.py:186} INFO - Started process (PID=321) to work on /home/airflow/.local/lib/python3.12/site-packages/airflow/example_dags/tutorial_dag.py
[2024-10-30T10:54:15.846+0000] {processor.py:914} INFO - Processing file /home/airflow/.local/lib/python3.12/site-packages/airflow/example_dags/tutorial_dag.py for tasks to queue
[2024-10-30T10:54:15.848+0000] {logging_mixin.py:190} INFO - [2024-10-30T10:54:15.848+0000] {dagbag.py:588} INFO - Filling up the DagBag from /home/airflow/.local/lib/python3.12/site-packages/airflow/example_dags/tutorial_dag.py
[2024-10-30T10:54:15.853+0000] {processor.py:925} INFO - DAG(s) 'tutorial_dag' retrieved from /home/airflow/.local/lib/python3.12/site-packages/airflow/example_dags/tutorial_dag.py
[2024-10-30T10:54:15.870+0000] {logging_mixin.py:190} INFO - [2024-10-30T10:54:15.870+0000] {dag.py:3239} INFO - Sync 1 DAGs
[2024-10-30T10:54:15.880+0000] {logging_mixin.py:190} INFO - [2024-10-30T10:54:15.880+0000] {dag.py:4180} INFO - Setting next_dagrun for tutorial_dag to None, run_after=None
[2024-10-30T10:54:15.892+0000] {processor.py:208} INFO - Processing /home/airflow/.local/lib/python3.12/site-packages/airflow/example_dags/tutorial_dag.py took 0.056 seconds
[2024-10-30T10:54:46.843+0000] {processor.py:186} INFO - Started process (PID=383) to work on /home/airflow/.local/lib/python3.12/site-packages/airflow/example_dags/tutorial_dag.py
[2024-10-30T10:54:46.844+0000] {processor.py:914} INFO - Processing file /home/airflow/.local/lib/python3.12/site-packages/airflow/example_dags/tutorial_dag.py for tasks to queue
[2024-10-30T10:54:46.846+0000] {logging_mixin.py:190} INFO - [2024-10-30T10:54:46.846+0000] {dagbag.py:588} INFO - Filling up the DagBag from /home/airflow/.local/lib/python3.12/site-packages/airflow/example_dags/tutorial_dag.py
[2024-10-30T10:54:46.851+0000] {processor.py:925} INFO - DAG(s) 'tutorial_dag' retrieved from /home/airflow/.local/lib/python3.12/site-packages/airflow/example_dags/tutorial_dag.py
[2024-10-30T10:54:46.866+0000] {logging_mixin.py:190} INFO - [2024-10-30T10:54:46.865+0000] {dag.py:3239} INFO - Sync 1 DAGs
[2024-10-30T10:54:46.878+0000] {logging_mixin.py:190} INFO - [2024-10-30T10:54:46.877+0000] {dag.py:4180} INFO - Setting next_dagrun for tutorial_dag to None, run_after=None
[2024-10-30T10:54:46.895+0000] {processor.py:208} INFO - Processing /home/airflow/.local/lib/python3.12/site-packages/airflow/example_dags/tutorial_dag.py took 0.056 seconds
[2024-10-30T10:55:17.884+0000] {processor.py:186} INFO - Started process (PID=445) to work on /home/airflow/.local/lib/python3.12/site-packages/airflow/example_dags/tutorial_dag.py
[2024-10-30T10:55:17.885+0000] {processor.py:914} INFO - Processing file /home/airflow/.local/lib/python3.12/site-packages/airflow/example_dags/tutorial_dag.py for tasks to queue
[2024-10-30T10:55:17.887+0000] {logging_mixin.py:190} INFO - [2024-10-30T10:55:17.886+0000] {dagbag.py:588} INFO - Filling up the DagBag from /home/airflow/.local/lib/python3.12/site-packages/airflow/example_dags/tutorial_dag.py
[2024-10-30T10:55:17.892+0000] {processor.py:925} INFO - DAG(s) 'tutorial_dag' retrieved from /home/airflow/.local/lib/python3.12/site-packages/airflow/example_dags/tutorial_dag.py
[2024-10-30T10:55:17.908+0000] {logging_mixin.py:190} INFO - [2024-10-30T10:55:17.907+0000] {dag.py:3239} INFO - Sync 1 DAGs
[2024-10-30T10:55:17.919+0000] {logging_mixin.py:190} INFO - [2024-10-30T10:55:17.919+0000] {dag.py:4180} INFO - Setting next_dagrun for tutorial_dag to None, run_after=None
[2024-10-30T10:55:17.932+0000] {processor.py:208} INFO - Processing /home/airflow/.local/lib/python3.12/site-packages/airflow/example_dags/tutorial_dag.py took 0.054 seconds
[2024-10-30T10:55:48.876+0000] {processor.py:186} INFO - Started process (PID=507) to work on /home/airflow/.local/lib/python3.12/site-packages/airflow/example_dags/tutorial_dag.py
[2024-10-30T10:55:48.877+0000] {processor.py:914} INFO - Processing file /home/airflow/.local/lib/python3.12/site-packages/airflow/example_dags/tutorial_dag.py for tasks to queue
[2024-10-30T10:55:48.879+0000] {logging_mixin.py:190} INFO - [2024-10-30T10:55:48.879+0000] {dagbag.py:588} INFO - Filling up the DagBag from /home/airflow/.local/lib/python3.12/site-packages/airflow/example_dags/tutorial_dag.py
[2024-10-30T10:55:48.886+0000] {processor.py:925} INFO - DAG(s) 'tutorial_dag' retrieved from /home/airflow/.local/lib/python3.12/site-packages/airflow/example_dags/tutorial_dag.py
[2024-10-30T10:55:48.908+0000] {logging_mixin.py:190} INFO - [2024-10-30T10:55:48.907+0000] {dag.py:3239} INFO - Sync 1 DAGs
[2024-10-30T10:55:48.918+0000] {logging_mixin.py:190} INFO - [2024-10-30T10:55:48.918+0000] {dag.py:4180} INFO - Setting next_dagrun for tutorial_dag to None, run_after=None
[2024-10-30T10:55:48.933+0000] {processor.py:208} INFO - Processing /home/airflow/.local/lib/python3.12/site-packages/airflow/example_dags/tutorial_dag.py took 0.061 seconds
[2024-10-30T10:56:19.761+0000] {processor.py:186} INFO - Started process (PID=569) to work on /home/airflow/.local/lib/python3.12/site-packages/airflow/example_dags/tutorial_dag.py
[2024-10-30T10:56:19.766+0000] {processor.py:914} INFO - Processing file /home/airflow/.local/lib/python3.12/site-packages/airflow/example_dags/tutorial_dag.py for tasks to queue
[2024-10-30T10:56:19.770+0000] {logging_mixin.py:190} INFO - [2024-10-30T10:56:19.769+0000] {dagbag.py:588} INFO - Filling up the DagBag from /home/airflow/.local/lib/python3.12/site-packages/airflow/example_dags/tutorial_dag.py
[2024-10-30T10:56:19.775+0000] {processor.py:925} INFO - DAG(s) 'tutorial_dag' retrieved from /home/airflow/.local/lib/python3.12/site-packages/airflow/example_dags/tutorial_dag.py
[2024-10-30T10:56:19.789+0000] {logging_mixin.py:190} INFO - [2024-10-30T10:56:19.789+0000] {dag.py:3239} INFO - Sync 1 DAGs
[2024-10-30T10:56:19.800+0000] {logging_mixin.py:190} INFO - [2024-10-30T10:56:19.800+0000] {dag.py:4180} INFO - Setting next_dagrun for tutorial_dag to None, run_after=None
[2024-10-30T10:56:19.814+0000] {processor.py:208} INFO - Processing /home/airflow/.local/lib/python3.12/site-packages/airflow/example_dags/tutorial_dag.py took 0.057 seconds
[2024-10-30T10:56:50.583+0000] {processor.py:186} INFO - Started process (PID=631) to work on /home/airflow/.local/lib/python3.12/site-packages/airflow/example_dags/tutorial_dag.py
[2024-10-30T10:56:50.584+0000] {processor.py:914} INFO - Processing file /home/airflow/.local/lib/python3.12/site-packages/airflow/example_dags/tutorial_dag.py for tasks to queue
[2024-10-30T10:56:50.587+0000] {logging_mixin.py:190} INFO - [2024-10-30T10:56:50.586+0000] {dagbag.py:588} INFO - Filling up the DagBag from /home/airflow/.local/lib/python3.12/site-packages/airflow/example_dags/tutorial_dag.py
[2024-10-30T10:56:50.592+0000] {processor.py:925} INFO - DAG(s) 'tutorial_dag' retrieved from /home/airflow/.local/lib/python3.12/site-packages/airflow/example_dags/tutorial_dag.py
[2024-10-30T10:56:50.608+0000] {logging_mixin.py:190} INFO - [2024-10-30T10:56:50.608+0000] {dag.py:3239} INFO - Sync 1 DAGs
[2024-10-30T10:56:50.617+0000] {logging_mixin.py:190} INFO - [2024-10-30T10:56:50.617+0000] {dag.py:4180} INFO - Setting next_dagrun for tutorial_dag to None, run_after=None
[2024-10-30T10:56:50.630+0000] {processor.py:208} INFO - Processing /home/airflow/.local/lib/python3.12/site-packages/airflow/example_dags/tutorial_dag.py took 0.051 seconds
[2024-10-30T10:57:21.449+0000] {processor.py:186} INFO - Started process (PID=693) to work on /home/airflow/.local/lib/python3.12/site-packages/airflow/example_dags/tutorial_dag.py
[2024-10-30T10:57:21.453+0000] {processor.py:914} INFO - Processing file /home/airflow/.local/lib/python3.12/site-packages/airflow/example_dags/tutorial_dag.py for tasks to queue
[2024-10-30T10:57:21.455+0000] {logging_mixin.py:190} INFO - [2024-10-30T10:57:21.455+0000] {dagbag.py:588} INFO - Filling up the DagBag from /home/airflow/.local/lib/python3.12/site-packages/airflow/example_dags/tutorial_dag.py
[2024-10-30T10:57:21.460+0000] {processor.py:925} INFO - DAG(s) 'tutorial_dag' retrieved from /home/airflow/.local/lib/python3.12/site-packages/airflow/example_dags/tutorial_dag.py
[2024-10-30T10:57:21.473+0000] {logging_mixin.py:190} INFO - [2024-10-30T10:57:21.473+0000] {dag.py:3239} INFO - Sync 1 DAGs
[2024-10-30T10:57:21.483+0000] {logging_mixin.py:190} INFO - [2024-10-30T10:57:21.483+0000] {dag.py:4180} INFO - Setting next_dagrun for tutorial_dag to None, run_after=None
[2024-10-30T10:57:21.495+0000] {processor.py:208} INFO - Processing /home/airflow/.local/lib/python3.12/site-packages/airflow/example_dags/tutorial_dag.py took 0.050 seconds
[2024-10-30T10:57:52.220+0000] {processor.py:186} INFO - Started process (PID=755) to work on /home/airflow/.local/lib/python3.12/site-packages/airflow/example_dags/tutorial_dag.py
[2024-10-30T10:57:52.221+0000] {processor.py:914} INFO - Processing file /home/airflow/.local/lib/python3.12/site-packages/airflow/example_dags/tutorial_dag.py for tasks to queue
[2024-10-30T10:57:52.223+0000] {logging_mixin.py:190} INFO - [2024-10-30T10:57:52.223+0000] {dagbag.py:588} INFO - Filling up the DagBag from /home/airflow/.local/lib/python3.12/site-packages/airflow/example_dags/tutorial_dag.py
[2024-10-30T10:57:52.229+0000] {processor.py:925} INFO - DAG(s) 'tutorial_dag' retrieved from /home/airflow/.local/lib/python3.12/site-packages/airflow/example_dags/tutorial_dag.py
[2024-10-30T10:57:52.243+0000] {logging_mixin.py:190} INFO - [2024-10-30T10:57:52.243+0000] {dag.py:3239} INFO - Sync 1 DAGs
[2024-10-30T10:57:52.252+0000] {logging_mixin.py:190} INFO - [2024-10-30T10:57:52.252+0000] {dag.py:4180} INFO - Setting next_dagrun for tutorial_dag to None, run_after=None
[2024-10-30T10:57:52.263+0000] {processor.py:208} INFO - Processing /home/airflow/.local/lib/python3.12/site-packages/airflow/example_dags/tutorial_dag.py took 0.047 seconds
[2024-10-30T10:58:23.086+0000] {processor.py:186} INFO - Started process (PID=816) to work on /home/airflow/.local/lib/python3.12/site-packages/airflow/example_dags/tutorial_dag.py
[2024-10-30T10:58:23.087+0000] {processor.py:914} INFO - Processing file /home/airflow/.local/lib/python3.12/site-packages/airflow/example_dags/tutorial_dag.py for tasks to queue
[2024-10-30T10:58:23.090+0000] {logging_mixin.py:190} INFO - [2024-10-30T10:58:23.089+0000] {dagbag.py:588} INFO - Filling up the DagBag from /home/airflow/.local/lib/python3.12/site-packages/airflow/example_dags/tutorial_dag.py
[2024-10-30T10:58:23.095+0000] {processor.py:925} INFO - DAG(s) 'tutorial_dag' retrieved from /home/airflow/.local/lib/python3.12/site-packages/airflow/example_dags/tutorial_dag.py
[2024-10-30T10:58:23.114+0000] {logging_mixin.py:190} INFO - [2024-10-30T10:58:23.114+0000] {dag.py:3239} INFO - Sync 1 DAGs
[2024-10-30T10:58:23.124+0000] {logging_mixin.py:190} INFO - [2024-10-30T10:58:23.124+0000] {dag.py:4180} INFO - Setting next_dagrun for tutorial_dag to None, run_after=None
[2024-10-30T10:58:23.136+0000] {processor.py:208} INFO - Processing /home/airflow/.local/lib/python3.12/site-packages/airflow/example_dags/tutorial_dag.py took 0.054 seconds
[2024-10-30T10:58:53.838+0000] {processor.py:186} INFO - Started process (PID=878) to work on /home/airflow/.local/lib/python3.12/site-packages/airflow/example_dags/tutorial_dag.py
[2024-10-30T10:58:53.842+0000] {processor.py:914} INFO - Processing file /home/airflow/.local/lib/python3.12/site-packages/airflow/example_dags/tutorial_dag.py for tasks to queue
[2024-10-30T10:58:53.844+0000] {logging_mixin.py:190} INFO - [2024-10-30T10:58:53.844+0000] {dagbag.py:588} INFO - Filling up the DagBag from /home/airflow/.local/lib/python3.12/site-packages/airflow/example_dags/tutorial_dag.py
[2024-10-30T10:58:53.849+0000] {processor.py:925} INFO - DAG(s) 'tutorial_dag' retrieved from /home/airflow/.local/lib/python3.12/site-packages/airflow/example_dags/tutorial_dag.py
[2024-10-30T10:58:53.864+0000] {logging_mixin.py:190} INFO - [2024-10-30T10:58:53.864+0000] {dag.py:3239} INFO - Sync 1 DAGs
[2024-10-30T10:58:53.873+0000] {logging_mixin.py:190} INFO - [2024-10-30T10:58:53.873+0000] {dag.py:4180} INFO - Setting next_dagrun for tutorial_dag to None, run_after=None
[2024-10-30T10:58:53.889+0000] {processor.py:208} INFO - Processing /home/airflow/.local/lib/python3.12/site-packages/airflow/example_dags/tutorial_dag.py took 0.055 seconds
[2024-10-30T10:59:24.563+0000] {processor.py:186} INFO - Started process (PID=940) to work on /home/airflow/.local/lib/python3.12/site-packages/airflow/example_dags/tutorial_dag.py
[2024-10-30T10:59:24.564+0000] {processor.py:914} INFO - Processing file /home/airflow/.local/lib/python3.12/site-packages/airflow/example_dags/tutorial_dag.py for tasks to queue
[2024-10-30T10:59:24.566+0000] {logging_mixin.py:190} INFO - [2024-10-30T10:59:24.565+0000] {dagbag.py:588} INFO - Filling up the DagBag from /home/airflow/.local/lib/python3.12/site-packages/airflow/example_dags/tutorial_dag.py
[2024-10-30T10:59:24.572+0000] {processor.py:925} INFO - DAG(s) 'tutorial_dag' retrieved from /home/airflow/.local/lib/python3.12/site-packages/airflow/example_dags/tutorial_dag.py
[2024-10-30T10:59:24.588+0000] {logging_mixin.py:190} INFO - [2024-10-30T10:59:24.588+0000] {dag.py:3239} INFO - Sync 1 DAGs
[2024-10-30T10:59:24.598+0000] {logging_mixin.py:190} INFO - [2024-10-30T10:59:24.598+0000] {dag.py:4180} INFO - Setting next_dagrun for tutorial_dag to None, run_after=None
[2024-10-30T10:59:24.613+0000] {processor.py:208} INFO - Processing /home/airflow/.local/lib/python3.12/site-packages/airflow/example_dags/tutorial_dag.py took 0.054 seconds
[2024-10-30T10:59:55.437+0000] {processor.py:186} INFO - Started process (PID=1002) to work on /home/airflow/.local/lib/python3.12/site-packages/airflow/example_dags/tutorial_dag.py
[2024-10-30T10:59:55.439+0000] {processor.py:914} INFO - Processing file /home/airflow/.local/lib/python3.12/site-packages/airflow/example_dags/tutorial_dag.py for tasks to queue
[2024-10-30T10:59:55.440+0000] {logging_mixin.py:190} INFO - [2024-10-30T10:59:55.440+0000] {dagbag.py:588} INFO - Filling up the DagBag from /home/airflow/.local/lib/python3.12/site-packages/airflow/example_dags/tutorial_dag.py
[2024-10-30T10:59:55.445+0000] {processor.py:925} INFO - DAG(s) 'tutorial_dag' retrieved from /home/airflow/.local/lib/python3.12/site-packages/airflow/example_dags/tutorial_dag.py
[2024-10-30T10:59:55.462+0000] {logging_mixin.py:190} INFO - [2024-10-30T10:59:55.462+0000] {dag.py:3239} INFO - Sync 1 DAGs
[2024-10-30T10:59:55.471+0000] {logging_mixin.py:190} INFO - [2024-10-30T10:59:55.470+0000] {dag.py:4180} INFO - Setting next_dagrun for tutorial_dag to None, run_after=None
[2024-10-30T10:59:55.481+0000] {processor.py:208} INFO - Processing /home/airflow/.local/lib/python3.12/site-packages/airflow/example_dags/tutorial_dag.py took 0.048 seconds
[2024-10-30T11:00:26.003+0000] {processor.py:186} INFO - Started process (PID=1064) to work on /home/airflow/.local/lib/python3.12/site-packages/airflow/example_dags/tutorial_dag.py
[2024-10-30T11:00:26.007+0000] {processor.py:914} INFO - Processing file /home/airflow/.local/lib/python3.12/site-packages/airflow/example_dags/tutorial_dag.py for tasks to queue
[2024-10-30T11:00:26.014+0000] {logging_mixin.py:190} INFO - [2024-10-30T11:00:26.013+0000] {dagbag.py:588} INFO - Filling up the DagBag from /home/airflow/.local/lib/python3.12/site-packages/airflow/example_dags/tutorial_dag.py
[2024-10-30T11:00:26.034+0000] {processor.py:925} INFO - DAG(s) 'tutorial_dag' retrieved from /home/airflow/.local/lib/python3.12/site-packages/airflow/example_dags/tutorial_dag.py
[2024-10-30T11:00:26.061+0000] {logging_mixin.py:190} INFO - [2024-10-30T11:00:26.061+0000] {dag.py:3239} INFO - Sync 1 DAGs
[2024-10-30T11:00:26.073+0000] {logging_mixin.py:190} INFO - [2024-10-30T11:00:26.073+0000] {dag.py:4180} INFO - Setting next_dagrun for tutorial_dag to None, run_after=None
[2024-10-30T11:00:26.092+0000] {processor.py:208} INFO - Processing /home/airflow/.local/lib/python3.12/site-packages/airflow/example_dags/tutorial_dag.py took 0.102 seconds
[2024-10-30T11:00:57.008+0000] {processor.py:186} INFO - Started process (PID=1126) to work on /home/airflow/.local/lib/python3.12/site-packages/airflow/example_dags/tutorial_dag.py
[2024-10-30T11:00:57.012+0000] {processor.py:914} INFO - Processing file /home/airflow/.local/lib/python3.12/site-packages/airflow/example_dags/tutorial_dag.py for tasks to queue
[2024-10-30T11:00:57.014+0000] {logging_mixin.py:190} INFO - [2024-10-30T11:00:57.014+0000] {dagbag.py:588} INFO - Filling up the DagBag from /home/airflow/.local/lib/python3.12/site-packages/airflow/example_dags/tutorial_dag.py
[2024-10-30T11:00:57.020+0000] {processor.py:925} INFO - DAG(s) 'tutorial_dag' retrieved from /home/airflow/.local/lib/python3.12/site-packages/airflow/example_dags/tutorial_dag.py
[2024-10-30T11:00:57.037+0000] {logging_mixin.py:190} INFO - [2024-10-30T11:00:57.037+0000] {dag.py:3239} INFO - Sync 1 DAGs
[2024-10-30T11:00:57.046+0000] {logging_mixin.py:190} INFO - [2024-10-30T11:00:57.046+0000] {dag.py:4180} INFO - Setting next_dagrun for tutorial_dag to None, run_after=None
[2024-10-30T11:00:57.059+0000] {processor.py:208} INFO - Processing /home/airflow/.local/lib/python3.12/site-packages/airflow/example_dags/tutorial_dag.py took 0.056 seconds
[2024-10-30T11:01:27.620+0000] {processor.py:186} INFO - Started process (PID=1188) to work on /home/airflow/.local/lib/python3.12/site-packages/airflow/example_dags/tutorial_dag.py
[2024-10-30T11:01:27.624+0000] {processor.py:914} INFO - Processing file /home/airflow/.local/lib/python3.12/site-packages/airflow/example_dags/tutorial_dag.py for tasks to queue
[2024-10-30T11:01:27.626+0000] {logging_mixin.py:190} INFO - [2024-10-30T11:01:27.626+0000] {dagbag.py:588} INFO - Filling up the DagBag from /home/airflow/.local/lib/python3.12/site-packages/airflow/example_dags/tutorial_dag.py
[2024-10-30T11:01:27.631+0000] {processor.py:925} INFO - DAG(s) 'tutorial_dag' retrieved from /home/airflow/.local/lib/python3.12/site-packages/airflow/example_dags/tutorial_dag.py
[2024-10-30T11:01:27.646+0000] {logging_mixin.py:190} INFO - [2024-10-30T11:01:27.645+0000] {dag.py:3239} INFO - Sync 1 DAGs
[2024-10-30T11:01:27.654+0000] {logging_mixin.py:190} INFO - [2024-10-30T11:01:27.654+0000] {dag.py:4180} INFO - Setting next_dagrun for tutorial_dag to None, run_after=None
[2024-10-30T11:01:27.668+0000] {processor.py:208} INFO - Processing /home/airflow/.local/lib/python3.12/site-packages/airflow/example_dags/tutorial_dag.py took 0.052 seconds
[2024-10-30T11:01:58.485+0000] {processor.py:186} INFO - Started process (PID=1250) to work on /home/airflow/.local/lib/python3.12/site-packages/airflow/example_dags/tutorial_dag.py
[2024-10-30T11:01:58.486+0000] {processor.py:914} INFO - Processing file /home/airflow/.local/lib/python3.12/site-packages/airflow/example_dags/tutorial_dag.py for tasks to queue
[2024-10-30T11:01:58.490+0000] {logging_mixin.py:190} INFO - [2024-10-30T11:01:58.490+0000] {dagbag.py:588} INFO - Filling up the DagBag from /home/airflow/.local/lib/python3.12/site-packages/airflow/example_dags/tutorial_dag.py
[2024-10-30T11:01:58.495+0000] {processor.py:925} INFO - DAG(s) 'tutorial_dag' retrieved from /home/airflow/.local/lib/python3.12/site-packages/airflow/example_dags/tutorial_dag.py
[2024-10-30T11:01:58.508+0000] {logging_mixin.py:190} INFO - [2024-10-30T11:01:58.508+0000] {dag.py:3239} INFO - Sync 1 DAGs
[2024-10-30T11:01:58.517+0000] {logging_mixin.py:190} INFO - [2024-10-30T11:01:58.517+0000] {dag.py:4180} INFO - Setting next_dagrun for tutorial_dag to None, run_after=None
[2024-10-30T11:01:58.528+0000] {processor.py:208} INFO - Processing /home/airflow/.local/lib/python3.12/site-packages/airflow/example_dags/tutorial_dag.py took 0.047 seconds
[2024-10-30T11:02:29.313+0000] {processor.py:186} INFO - Started process (PID=1311) to work on /home/airflow/.local/lib/python3.12/site-packages/airflow/example_dags/tutorial_dag.py
[2024-10-30T11:02:29.317+0000] {processor.py:914} INFO - Processing file /home/airflow/.local/lib/python3.12/site-packages/airflow/example_dags/tutorial_dag.py for tasks to queue
[2024-10-30T11:02:29.319+0000] {logging_mixin.py:190} INFO - [2024-10-30T11:02:29.319+0000] {dagbag.py:588} INFO - Filling up the DagBag from /home/airflow/.local/lib/python3.12/site-packages/airflow/example_dags/tutorial_dag.py
[2024-10-30T11:02:29.324+0000] {processor.py:925} INFO - DAG(s) 'tutorial_dag' retrieved from /home/airflow/.local/lib/python3.12/site-packages/airflow/example_dags/tutorial_dag.py
[2024-10-30T11:02:29.339+0000] {logging_mixin.py:190} INFO - [2024-10-30T11:02:29.339+0000] {dag.py:3239} INFO - Sync 1 DAGs
[2024-10-30T11:02:29.349+0000] {logging_mixin.py:190} INFO - [2024-10-30T11:02:29.348+0000] {dag.py:4180} INFO - Setting next_dagrun for tutorial_dag to None, run_after=None
[2024-10-30T11:02:29.361+0000] {processor.py:208} INFO - Processing /home/airflow/.local/lib/python3.12/site-packages/airflow/example_dags/tutorial_dag.py took 0.052 seconds
[2024-10-30T11:03:00.135+0000] {processor.py:186} INFO - Started process (PID=1373) to work on /home/airflow/.local/lib/python3.12/site-packages/airflow/example_dags/tutorial_dag.py
[2024-10-30T11:03:00.139+0000] {processor.py:914} INFO - Processing file /home/airflow/.local/lib/python3.12/site-packages/airflow/example_dags/tutorial_dag.py for tasks to queue
[2024-10-30T11:03:00.140+0000] {logging_mixin.py:190} INFO - [2024-10-30T11:03:00.140+0000] {dagbag.py:588} INFO - Filling up the DagBag from /home/airflow/.local/lib/python3.12/site-packages/airflow/example_dags/tutorial_dag.py
[2024-10-30T11:03:00.146+0000] {processor.py:925} INFO - DAG(s) 'tutorial_dag' retrieved from /home/airflow/.local/lib/python3.12/site-packages/airflow/example_dags/tutorial_dag.py
[2024-10-30T11:03:00.158+0000] {logging_mixin.py:190} INFO - [2024-10-30T11:03:00.158+0000] {dag.py:3239} INFO - Sync 1 DAGs
[2024-10-30T11:03:00.167+0000] {logging_mixin.py:190} INFO - [2024-10-30T11:03:00.167+0000] {dag.py:4180} INFO - Setting next_dagrun for tutorial_dag to None, run_after=None
[2024-10-30T11:03:00.178+0000] {processor.py:208} INFO - Processing /home/airflow/.local/lib/python3.12/site-packages/airflow/example_dags/tutorial_dag.py took 0.047 seconds
[2024-10-30T11:03:31.170+0000] {processor.py:186} INFO - Started process (PID=1435) to work on /home/airflow/.local/lib/python3.12/site-packages/airflow/example_dags/tutorial_dag.py
[2024-10-30T11:03:31.174+0000] {processor.py:914} INFO - Processing file /home/airflow/.local/lib/python3.12/site-packages/airflow/example_dags/tutorial_dag.py for tasks to queue
[2024-10-30T11:03:31.175+0000] {logging_mixin.py:190} INFO - [2024-10-30T11:03:31.175+0000] {dagbag.py:588} INFO - Filling up the DagBag from /home/airflow/.local/lib/python3.12/site-packages/airflow/example_dags/tutorial_dag.py
[2024-10-30T11:03:31.180+0000] {processor.py:925} INFO - DAG(s) 'tutorial_dag' retrieved from /home/airflow/.local/lib/python3.12/site-packages/airflow/example_dags/tutorial_dag.py
[2024-10-30T11:03:31.196+0000] {logging_mixin.py:190} INFO - [2024-10-30T11:03:31.195+0000] {dag.py:3239} INFO - Sync 1 DAGs
[2024-10-30T11:03:31.204+0000] {logging_mixin.py:190} INFO - [2024-10-30T11:03:31.204+0000] {dag.py:4180} INFO - Setting next_dagrun for tutorial_dag to None, run_after=None
[2024-10-30T11:03:31.217+0000] {processor.py:208} INFO - Processing /home/airflow/.local/lib/python3.12/site-packages/airflow/example_dags/tutorial_dag.py took 0.051 seconds
[2024-10-30T11:04:01.809+0000] {processor.py:186} INFO - Started process (PID=1497) to work on /home/airflow/.local/lib/python3.12/site-packages/airflow/example_dags/tutorial_dag.py
[2024-10-30T11:04:01.810+0000] {processor.py:914} INFO - Processing file /home/airflow/.local/lib/python3.12/site-packages/airflow/example_dags/tutorial_dag.py for tasks to queue
[2024-10-30T11:04:01.815+0000] {logging_mixin.py:190} INFO - [2024-10-30T11:04:01.815+0000] {dagbag.py:588} INFO - Filling up the DagBag from /home/airflow/.local/lib/python3.12/site-packages/airflow/example_dags/tutorial_dag.py
[2024-10-30T11:04:01.821+0000] {processor.py:925} INFO - DAG(s) 'tutorial_dag' retrieved from /home/airflow/.local/lib/python3.12/site-packages/airflow/example_dags/tutorial_dag.py
[2024-10-30T11:04:01.840+0000] {logging_mixin.py:190} INFO - [2024-10-30T11:04:01.840+0000] {dag.py:3239} INFO - Sync 1 DAGs
[2024-10-30T11:04:01.850+0000] {logging_mixin.py:190} INFO - [2024-10-30T11:04:01.849+0000] {dag.py:4180} INFO - Setting next_dagrun for tutorial_dag to None, run_after=None
[2024-10-30T11:04:01.862+0000] {processor.py:208} INFO - Processing /home/airflow/.local/lib/python3.12/site-packages/airflow/example_dags/tutorial_dag.py took 0.057 seconds
[2024-10-30T11:04:32.893+0000] {processor.py:186} INFO - Started process (PID=1559) to work on /home/airflow/.local/lib/python3.12/site-packages/airflow/example_dags/tutorial_dag.py
[2024-10-30T11:04:32.896+0000] {processor.py:914} INFO - Processing file /home/airflow/.local/lib/python3.12/site-packages/airflow/example_dags/tutorial_dag.py for tasks to queue
[2024-10-30T11:04:32.901+0000] {logging_mixin.py:190} INFO - [2024-10-30T11:04:32.901+0000] {dagbag.py:588} INFO - Filling up the DagBag from /home/airflow/.local/lib/python3.12/site-packages/airflow/example_dags/tutorial_dag.py
[2024-10-30T11:04:32.909+0000] {processor.py:925} INFO - DAG(s) 'tutorial_dag' retrieved from /home/airflow/.local/lib/python3.12/site-packages/airflow/example_dags/tutorial_dag.py
[2024-10-30T11:04:32.927+0000] {logging_mixin.py:190} INFO - [2024-10-30T11:04:32.926+0000] {dag.py:3239} INFO - Sync 1 DAGs
[2024-10-30T11:04:32.937+0000] {logging_mixin.py:190} INFO - [2024-10-30T11:04:32.937+0000] {dag.py:4180} INFO - Setting next_dagrun for tutorial_dag to None, run_after=None
[2024-10-30T11:04:32.953+0000] {processor.py:208} INFO - Processing /home/airflow/.local/lib/python3.12/site-packages/airflow/example_dags/tutorial_dag.py took 0.068 seconds
[2024-10-30T11:05:03.807+0000] {processor.py:186} INFO - Started process (PID=1621) to work on /home/airflow/.local/lib/python3.12/site-packages/airflow/example_dags/tutorial_dag.py
[2024-10-30T11:05:03.809+0000] {processor.py:914} INFO - Processing file /home/airflow/.local/lib/python3.12/site-packages/airflow/example_dags/tutorial_dag.py for tasks to queue
[2024-10-30T11:05:03.812+0000] {logging_mixin.py:190} INFO - [2024-10-30T11:05:03.812+0000] {dagbag.py:588} INFO - Filling up the DagBag from /home/airflow/.local/lib/python3.12/site-packages/airflow/example_dags/tutorial_dag.py
[2024-10-30T11:05:03.818+0000] {processor.py:925} INFO - DAG(s) 'tutorial_dag' retrieved from /home/airflow/.local/lib/python3.12/site-packages/airflow/example_dags/tutorial_dag.py
[2024-10-30T11:05:03.832+0000] {logging_mixin.py:190} INFO - [2024-10-30T11:05:03.832+0000] {dag.py:3239} INFO - Sync 1 DAGs
[2024-10-30T11:05:03.845+0000] {logging_mixin.py:190} INFO - [2024-10-30T11:05:03.845+0000] {dag.py:4180} INFO - Setting next_dagrun for tutorial_dag to None, run_after=None
[2024-10-30T11:05:03.859+0000] {processor.py:208} INFO - Processing /home/airflow/.local/lib/python3.12/site-packages/airflow/example_dags/tutorial_dag.py took 0.056 seconds
[2024-10-30T11:05:34.681+0000] {processor.py:186} INFO - Started process (PID=1683) to work on /home/airflow/.local/lib/python3.12/site-packages/airflow/example_dags/tutorial_dag.py
[2024-10-30T11:05:34.684+0000] {processor.py:914} INFO - Processing file /home/airflow/.local/lib/python3.12/site-packages/airflow/example_dags/tutorial_dag.py for tasks to queue
[2024-10-30T11:05:34.688+0000] {logging_mixin.py:190} INFO - [2024-10-30T11:05:34.688+0000] {dagbag.py:588} INFO - Filling up the DagBag from /home/airflow/.local/lib/python3.12/site-packages/airflow/example_dags/tutorial_dag.py
[2024-10-30T11:05:34.694+0000] {processor.py:925} INFO - DAG(s) 'tutorial_dag' retrieved from /home/airflow/.local/lib/python3.12/site-packages/airflow/example_dags/tutorial_dag.py
[2024-10-30T11:05:34.706+0000] {logging_mixin.py:190} INFO - [2024-10-30T11:05:34.706+0000] {dag.py:3239} INFO - Sync 1 DAGs
[2024-10-30T11:05:34.716+0000] {logging_mixin.py:190} INFO - [2024-10-30T11:05:34.716+0000] {dag.py:4180} INFO - Setting next_dagrun for tutorial_dag to None, run_after=None
[2024-10-30T11:05:34.728+0000] {processor.py:208} INFO - Processing /home/airflow/.local/lib/python3.12/site-packages/airflow/example_dags/tutorial_dag.py took 0.051 seconds
[2024-10-30T11:06:05.623+0000] {processor.py:186} INFO - Started process (PID=1745) to work on /home/airflow/.local/lib/python3.12/site-packages/airflow/example_dags/tutorial_dag.py
[2024-10-30T11:06:05.624+0000] {processor.py:914} INFO - Processing file /home/airflow/.local/lib/python3.12/site-packages/airflow/example_dags/tutorial_dag.py for tasks to queue
[2024-10-30T11:06:05.626+0000] {logging_mixin.py:190} INFO - [2024-10-30T11:06:05.626+0000] {dagbag.py:588} INFO - Filling up the DagBag from /home/airflow/.local/lib/python3.12/site-packages/airflow/example_dags/tutorial_dag.py
[2024-10-30T11:06:05.633+0000] {processor.py:925} INFO - DAG(s) 'tutorial_dag' retrieved from /home/airflow/.local/lib/python3.12/site-packages/airflow/example_dags/tutorial_dag.py
[2024-10-30T11:06:05.648+0000] {logging_mixin.py:190} INFO - [2024-10-30T11:06:05.647+0000] {dag.py:3239} INFO - Sync 1 DAGs
[2024-10-30T11:06:05.660+0000] {logging_mixin.py:190} INFO - [2024-10-30T11:06:05.660+0000] {dag.py:4180} INFO - Setting next_dagrun for tutorial_dag to None, run_after=None
[2024-10-30T11:06:05.673+0000] {processor.py:208} INFO - Processing /home/airflow/.local/lib/python3.12/site-packages/airflow/example_dags/tutorial_dag.py took 0.054 seconds
[2024-10-30T11:06:36.687+0000] {processor.py:186} INFO - Started process (PID=1807) to work on /home/airflow/.local/lib/python3.12/site-packages/airflow/example_dags/tutorial_dag.py
[2024-10-30T11:06:36.689+0000] {processor.py:914} INFO - Processing file /home/airflow/.local/lib/python3.12/site-packages/airflow/example_dags/tutorial_dag.py for tasks to queue
[2024-10-30T11:06:36.694+0000] {logging_mixin.py:190} INFO - [2024-10-30T11:06:36.694+0000] {dagbag.py:588} INFO - Filling up the DagBag from /home/airflow/.local/lib/python3.12/site-packages/airflow/example_dags/tutorial_dag.py
[2024-10-30T11:06:36.699+0000] {processor.py:925} INFO - DAG(s) 'tutorial_dag' retrieved from /home/airflow/.local/lib/python3.12/site-packages/airflow/example_dags/tutorial_dag.py
[2024-10-30T11:06:36.710+0000] {logging_mixin.py:190} INFO - [2024-10-30T11:06:36.710+0000] {dag.py:3239} INFO - Sync 1 DAGs
[2024-10-30T11:06:36.719+0000] {logging_mixin.py:190} INFO - [2024-10-30T11:06:36.719+0000] {dag.py:4180} INFO - Setting next_dagrun for tutorial_dag to None, run_after=None
[2024-10-30T11:06:36.731+0000] {processor.py:208} INFO - Processing /home/airflow/.local/lib/python3.12/site-packages/airflow/example_dags/tutorial_dag.py took 0.048 seconds
[2024-10-30T11:07:06.912+0000] {processor.py:186} INFO - Started process (PID=1869) to work on /home/airflow/.local/lib/python3.12/site-packages/airflow/example_dags/tutorial_dag.py
[2024-10-30T11:07:06.913+0000] {processor.py:914} INFO - Processing file /home/airflow/.local/lib/python3.12/site-packages/airflow/example_dags/tutorial_dag.py for tasks to queue
[2024-10-30T11:07:06.918+0000] {logging_mixin.py:190} INFO - [2024-10-30T11:07:06.917+0000] {dagbag.py:588} INFO - Filling up the DagBag from /home/airflow/.local/lib/python3.12/site-packages/airflow/example_dags/tutorial_dag.py
[2024-10-30T11:07:06.922+0000] {processor.py:925} INFO - DAG(s) 'tutorial_dag' retrieved from /home/airflow/.local/lib/python3.12/site-packages/airflow/example_dags/tutorial_dag.py
[2024-10-30T11:07:06.938+0000] {logging_mixin.py:190} INFO - [2024-10-30T11:07:06.938+0000] {dag.py:3239} INFO - Sync 1 DAGs
[2024-10-30T11:07:06.948+0000] {logging_mixin.py:190} INFO - [2024-10-30T11:07:06.948+0000] {dag.py:4180} INFO - Setting next_dagrun for tutorial_dag to None, run_after=None
[2024-10-30T11:07:06.962+0000] {processor.py:208} INFO - Processing /home/airflow/.local/lib/python3.12/site-packages/airflow/example_dags/tutorial_dag.py took 0.054 seconds
[2024-10-30T11:07:37.158+0000] {processor.py:186} INFO - Started process (PID=1931) to work on /home/airflow/.local/lib/python3.12/site-packages/airflow/example_dags/tutorial_dag.py
[2024-10-30T11:07:37.163+0000] {processor.py:914} INFO - Processing file /home/airflow/.local/lib/python3.12/site-packages/airflow/example_dags/tutorial_dag.py for tasks to queue
[2024-10-30T11:07:37.165+0000] {logging_mixin.py:190} INFO - [2024-10-30T11:07:37.165+0000] {dagbag.py:588} INFO - Filling up the DagBag from /home/airflow/.local/lib/python3.12/site-packages/airflow/example_dags/tutorial_dag.py
[2024-10-30T11:07:37.170+0000] {processor.py:925} INFO - DAG(s) 'tutorial_dag' retrieved from /home/airflow/.local/lib/python3.12/site-packages/airflow/example_dags/tutorial_dag.py
[2024-10-30T11:07:37.186+0000] {logging_mixin.py:190} INFO - [2024-10-30T11:07:37.186+0000] {dag.py:3239} INFO - Sync 1 DAGs
[2024-10-30T11:07:37.196+0000] {logging_mixin.py:190} INFO - [2024-10-30T11:07:37.196+0000] {dag.py:4180} INFO - Setting next_dagrun for tutorial_dag to None, run_after=None
[2024-10-30T11:07:37.213+0000] {processor.py:208} INFO - Processing /home/airflow/.local/lib/python3.12/site-packages/airflow/example_dags/tutorial_dag.py took 0.059 seconds
[2024-10-30T11:08:07.971+0000] {processor.py:186} INFO - Started process (PID=1993) to work on /home/airflow/.local/lib/python3.12/site-packages/airflow/example_dags/tutorial_dag.py
[2024-10-30T11:08:07.972+0000] {processor.py:914} INFO - Processing file /home/airflow/.local/lib/python3.12/site-packages/airflow/example_dags/tutorial_dag.py for tasks to queue
[2024-10-30T11:08:07.977+0000] {logging_mixin.py:190} INFO - [2024-10-30T11:08:07.977+0000] {dagbag.py:588} INFO - Filling up the DagBag from /home/airflow/.local/lib/python3.12/site-packages/airflow/example_dags/tutorial_dag.py
[2024-10-30T11:08:07.982+0000] {processor.py:925} INFO - DAG(s) 'tutorial_dag' retrieved from /home/airflow/.local/lib/python3.12/site-packages/airflow/example_dags/tutorial_dag.py
[2024-10-30T11:08:07.997+0000] {logging_mixin.py:190} INFO - [2024-10-30T11:08:07.997+0000] {dag.py:3239} INFO - Sync 1 DAGs
[2024-10-30T11:08:08.006+0000] {logging_mixin.py:190} INFO - [2024-10-30T11:08:08.006+0000] {dag.py:4180} INFO - Setting next_dagrun for tutorial_dag to None, run_after=None
[2024-10-30T11:08:08.018+0000] {processor.py:208} INFO - Processing /home/airflow/.local/lib/python3.12/site-packages/airflow/example_dags/tutorial_dag.py took 0.051 seconds
[2024-10-30T11:08:38.831+0000] {processor.py:186} INFO - Started process (PID=2055) to work on /home/airflow/.local/lib/python3.12/site-packages/airflow/example_dags/tutorial_dag.py
[2024-10-30T11:08:38.833+0000] {processor.py:914} INFO - Processing file /home/airflow/.local/lib/python3.12/site-packages/airflow/example_dags/tutorial_dag.py for tasks to queue
[2024-10-30T11:08:38.839+0000] {logging_mixin.py:190} INFO - [2024-10-30T11:08:38.838+0000] {dagbag.py:588} INFO - Filling up the DagBag from /home/airflow/.local/lib/python3.12/site-packages/airflow/example_dags/tutorial_dag.py
[2024-10-30T11:08:38.845+0000] {processor.py:925} INFO - DAG(s) 'tutorial_dag' retrieved from /home/airflow/.local/lib/python3.12/site-packages/airflow/example_dags/tutorial_dag.py
[2024-10-30T11:08:38.861+0000] {logging_mixin.py:190} INFO - [2024-10-30T11:08:38.861+0000] {dag.py:3239} INFO - Sync 1 DAGs
[2024-10-30T11:08:38.872+0000] {logging_mixin.py:190} INFO - [2024-10-30T11:08:38.871+0000] {dag.py:4180} INFO - Setting next_dagrun for tutorial_dag to None, run_after=None
[2024-10-30T11:08:38.885+0000] {processor.py:208} INFO - Processing /home/airflow/.local/lib/python3.12/site-packages/airflow/example_dags/tutorial_dag.py took 0.060 seconds
[2024-10-30T11:09:09.781+0000] {processor.py:186} INFO - Started process (PID=2117) to work on /home/airflow/.local/lib/python3.12/site-packages/airflow/example_dags/tutorial_dag.py
[2024-10-30T11:09:09.782+0000] {processor.py:914} INFO - Processing file /home/airflow/.local/lib/python3.12/site-packages/airflow/example_dags/tutorial_dag.py for tasks to queue
[2024-10-30T11:09:09.783+0000] {logging_mixin.py:190} INFO - [2024-10-30T11:09:09.783+0000] {dagbag.py:588} INFO - Filling up the DagBag from /home/airflow/.local/lib/python3.12/site-packages/airflow/example_dags/tutorial_dag.py
[2024-10-30T11:09:09.788+0000] {processor.py:925} INFO - DAG(s) 'tutorial_dag' retrieved from /home/airflow/.local/lib/python3.12/site-packages/airflow/example_dags/tutorial_dag.py
[2024-10-30T11:09:09.801+0000] {logging_mixin.py:190} INFO - [2024-10-30T11:09:09.801+0000] {dag.py:3239} INFO - Sync 1 DAGs
[2024-10-30T11:09:09.810+0000] {logging_mixin.py:190} INFO - [2024-10-30T11:09:09.809+0000] {dag.py:4180} INFO - Setting next_dagrun for tutorial_dag to None, run_after=None
[2024-10-30T11:09:09.821+0000] {processor.py:208} INFO - Processing /home/airflow/.local/lib/python3.12/site-packages/airflow/example_dags/tutorial_dag.py took 0.045 seconds
