[2024-10-30T10:52:17.120+0000] {processor.py:186} INFO - Started process (PID=99) to work on /home/airflow/.local/lib/python3.12/site-packages/airflow/example_dags/tutorial.py
[2024-10-30T10:52:17.121+0000] {processor.py:914} INFO - Processing file /home/airflow/.local/lib/python3.12/site-packages/airflow/example_dags/tutorial.py for tasks to queue
[2024-10-30T10:52:17.123+0000] {logging_mixin.py:190} INFO - [2024-10-30T10:52:17.123+0000] {dagbag.py:588} INFO - Filling up the DagBag from /home/airflow/.local/lib/python3.12/site-packages/airflow/example_dags/tutorial.py
[2024-10-30T10:52:17.136+0000] {processor.py:925} INFO - DAG(s) 'tutorial' retrieved from /home/airflow/.local/lib/python3.12/site-packages/airflow/example_dags/tutorial.py
[2024-10-30T10:52:17.222+0000] {logging_mixin.py:190} INFO - [2024-10-30T10:52:17.222+0000] {override.py:1900} INFO - Created Permission View: can delete on DAG:tutorial
[2024-10-30T10:52:17.229+0000] {logging_mixin.py:190} INFO - [2024-10-30T10:52:17.229+0000] {override.py:1900} INFO - Created Permission View: can read on DAG:tutorial
[2024-10-30T10:52:17.239+0000] {logging_mixin.py:190} INFO - [2024-10-30T10:52:17.238+0000] {override.py:1900} INFO - Created Permission View: can edit on DAG:tutorial
[2024-10-30T10:52:17.246+0000] {logging_mixin.py:190} INFO - [2024-10-30T10:52:17.246+0000] {override.py:1900} INFO - Created Permission View: can create on DAG Run:tutorial
[2024-10-30T10:52:17.258+0000] {logging_mixin.py:190} INFO - [2024-10-30T10:52:17.257+0000] {override.py:1900} INFO - Created Permission View: can delete on DAG Run:tutorial
[2024-10-30T10:52:17.264+0000] {logging_mixin.py:190} INFO - [2024-10-30T10:52:17.264+0000] {override.py:1900} INFO - Created Permission View: can read on DAG Run:tutorial
[2024-10-30T10:52:17.271+0000] {logging_mixin.py:190} INFO - [2024-10-30T10:52:17.271+0000] {override.py:1900} INFO - Created Permission View: menu access on DAG Run:tutorial
[2024-10-30T10:52:17.274+0000] {logging_mixin.py:190} INFO - [2024-10-30T10:52:17.274+0000] {dag.py:3239} INFO - Sync 1 DAGs
[2024-10-30T10:52:17.283+0000] {logging_mixin.py:190} INFO - [2024-10-30T10:52:17.283+0000] {dag.py:3262} INFO - Creating ORM DAG for tutorial
[2024-10-30T10:52:17.292+0000] {logging_mixin.py:190} INFO - [2024-10-30T10:52:17.292+0000] {dag.py:4180} INFO - Setting next_dagrun for tutorial to 2024-10-29 00:00:00+00:00, run_after=2024-10-30 00:00:00+00:00
[2024-10-30T10:52:17.304+0000] {processor.py:208} INFO - Processing /home/airflow/.local/lib/python3.12/site-packages/airflow/example_dags/tutorial.py took 0.190 seconds
[2024-10-30T10:52:47.843+0000] {processor.py:186} INFO - Started process (PID=161) to work on /home/airflow/.local/lib/python3.12/site-packages/airflow/example_dags/tutorial.py
[2024-10-30T10:52:47.845+0000] {processor.py:914} INFO - Processing file /home/airflow/.local/lib/python3.12/site-packages/airflow/example_dags/tutorial.py for tasks to queue
[2024-10-30T10:52:47.850+0000] {logging_mixin.py:190} INFO - [2024-10-30T10:52:47.849+0000] {dagbag.py:588} INFO - Filling up the DagBag from /home/airflow/.local/lib/python3.12/site-packages/airflow/example_dags/tutorial.py
[2024-10-30T10:52:47.855+0000] {processor.py:925} INFO - DAG(s) 'tutorial' retrieved from /home/airflow/.local/lib/python3.12/site-packages/airflow/example_dags/tutorial.py
[2024-10-30T10:52:47.867+0000] {logging_mixin.py:190} INFO - [2024-10-30T10:52:47.867+0000] {dag.py:3239} INFO - Sync 1 DAGs
[2024-10-30T10:52:47.881+0000] {logging_mixin.py:190} INFO - [2024-10-30T10:52:47.881+0000] {dag.py:4180} INFO - Setting next_dagrun for tutorial to 2024-10-29 00:00:00+00:00, run_after=2024-10-30 00:00:00+00:00
[2024-10-30T10:52:47.900+0000] {processor.py:208} INFO - Processing /home/airflow/.local/lib/python3.12/site-packages/airflow/example_dags/tutorial.py took 0.061 seconds
[2024-10-30T10:53:18.089+0000] {processor.py:186} INFO - Started process (PID=223) to work on /home/airflow/.local/lib/python3.12/site-packages/airflow/example_dags/tutorial.py
[2024-10-30T10:53:18.093+0000] {processor.py:914} INFO - Processing file /home/airflow/.local/lib/python3.12/site-packages/airflow/example_dags/tutorial.py for tasks to queue
[2024-10-30T10:53:18.095+0000] {logging_mixin.py:190} INFO - [2024-10-30T10:53:18.095+0000] {dagbag.py:588} INFO - Filling up the DagBag from /home/airflow/.local/lib/python3.12/site-packages/airflow/example_dags/tutorial.py
[2024-10-30T10:53:18.100+0000] {processor.py:925} INFO - DAG(s) 'tutorial' retrieved from /home/airflow/.local/lib/python3.12/site-packages/airflow/example_dags/tutorial.py
[2024-10-30T10:53:18.117+0000] {logging_mixin.py:190} INFO - [2024-10-30T10:53:18.117+0000] {dag.py:3239} INFO - Sync 1 DAGs
[2024-10-30T10:53:18.131+0000] {logging_mixin.py:190} INFO - [2024-10-30T10:53:18.131+0000] {dag.py:4180} INFO - Setting next_dagrun for tutorial to 2024-10-29 00:00:00+00:00, run_after=2024-10-30 00:00:00+00:00
[2024-10-30T10:53:18.149+0000] {processor.py:208} INFO - Processing /home/airflow/.local/lib/python3.12/site-packages/airflow/example_dags/tutorial.py took 0.064 seconds
[2024-10-30T10:53:49.127+0000] {processor.py:186} INFO - Started process (PID=285) to work on /home/airflow/.local/lib/python3.12/site-packages/airflow/example_dags/tutorial.py
[2024-10-30T10:53:49.128+0000] {processor.py:914} INFO - Processing file /home/airflow/.local/lib/python3.12/site-packages/airflow/example_dags/tutorial.py for tasks to queue
[2024-10-30T10:53:49.130+0000] {logging_mixin.py:190} INFO - [2024-10-30T10:53:49.130+0000] {dagbag.py:588} INFO - Filling up the DagBag from /home/airflow/.local/lib/python3.12/site-packages/airflow/example_dags/tutorial.py
[2024-10-30T10:53:49.139+0000] {processor.py:925} INFO - DAG(s) 'tutorial' retrieved from /home/airflow/.local/lib/python3.12/site-packages/airflow/example_dags/tutorial.py
[2024-10-30T10:53:49.156+0000] {logging_mixin.py:190} INFO - [2024-10-30T10:53:49.156+0000] {dag.py:3239} INFO - Sync 1 DAGs
[2024-10-30T10:53:49.176+0000] {logging_mixin.py:190} INFO - [2024-10-30T10:53:49.176+0000] {dag.py:4180} INFO - Setting next_dagrun for tutorial to 2024-10-29 00:00:00+00:00, run_after=2024-10-30 00:00:00+00:00
[2024-10-30T10:53:49.194+0000] {processor.py:208} INFO - Processing /home/airflow/.local/lib/python3.12/site-packages/airflow/example_dags/tutorial.py took 0.070 seconds
[2024-10-30T10:54:20.111+0000] {processor.py:186} INFO - Started process (PID=347) to work on /home/airflow/.local/lib/python3.12/site-packages/airflow/example_dags/tutorial.py
[2024-10-30T10:54:20.112+0000] {processor.py:914} INFO - Processing file /home/airflow/.local/lib/python3.12/site-packages/airflow/example_dags/tutorial.py for tasks to queue
[2024-10-30T10:54:20.114+0000] {logging_mixin.py:190} INFO - [2024-10-30T10:54:20.114+0000] {dagbag.py:588} INFO - Filling up the DagBag from /home/airflow/.local/lib/python3.12/site-packages/airflow/example_dags/tutorial.py
[2024-10-30T10:54:20.122+0000] {processor.py:925} INFO - DAG(s) 'tutorial' retrieved from /home/airflow/.local/lib/python3.12/site-packages/airflow/example_dags/tutorial.py
[2024-10-30T10:54:20.138+0000] {logging_mixin.py:190} INFO - [2024-10-30T10:54:20.138+0000] {dag.py:3239} INFO - Sync 1 DAGs
[2024-10-30T10:54:20.206+0000] {logging_mixin.py:190} INFO - [2024-10-30T10:54:20.205+0000] {dag.py:4180} INFO - Setting next_dagrun for tutorial to 2024-10-29 00:00:00+00:00, run_after=2024-10-30 00:00:00+00:00
[2024-10-30T10:54:20.229+0000] {processor.py:208} INFO - Processing /home/airflow/.local/lib/python3.12/site-packages/airflow/example_dags/tutorial.py took 0.122 seconds
[2024-10-30T10:54:51.096+0000] {processor.py:186} INFO - Started process (PID=409) to work on /home/airflow/.local/lib/python3.12/site-packages/airflow/example_dags/tutorial.py
[2024-10-30T10:54:51.101+0000] {processor.py:914} INFO - Processing file /home/airflow/.local/lib/python3.12/site-packages/airflow/example_dags/tutorial.py for tasks to queue
[2024-10-30T10:54:51.103+0000] {logging_mixin.py:190} INFO - [2024-10-30T10:54:51.103+0000] {dagbag.py:588} INFO - Filling up the DagBag from /home/airflow/.local/lib/python3.12/site-packages/airflow/example_dags/tutorial.py
[2024-10-30T10:54:51.108+0000] {processor.py:925} INFO - DAG(s) 'tutorial' retrieved from /home/airflow/.local/lib/python3.12/site-packages/airflow/example_dags/tutorial.py
[2024-10-30T10:54:51.122+0000] {logging_mixin.py:190} INFO - [2024-10-30T10:54:51.122+0000] {dag.py:3239} INFO - Sync 1 DAGs
[2024-10-30T10:54:51.141+0000] {logging_mixin.py:190} INFO - [2024-10-30T10:54:51.141+0000] {dag.py:4180} INFO - Setting next_dagrun for tutorial to 2024-10-29 00:00:00+00:00, run_after=2024-10-30 00:00:00+00:00
[2024-10-30T10:54:51.154+0000] {processor.py:208} INFO - Processing /home/airflow/.local/lib/python3.12/site-packages/airflow/example_dags/tutorial.py took 0.061 seconds
[2024-10-30T10:55:21.212+0000] {processor.py:186} INFO - Started process (PID=471) to work on /home/airflow/.local/lib/python3.12/site-packages/airflow/example_dags/tutorial.py
[2024-10-30T10:55:21.213+0000] {processor.py:914} INFO - Processing file /home/airflow/.local/lib/python3.12/site-packages/airflow/example_dags/tutorial.py for tasks to queue
[2024-10-30T10:55:21.215+0000] {logging_mixin.py:190} INFO - [2024-10-30T10:55:21.215+0000] {dagbag.py:588} INFO - Filling up the DagBag from /home/airflow/.local/lib/python3.12/site-packages/airflow/example_dags/tutorial.py
[2024-10-30T10:55:21.221+0000] {processor.py:925} INFO - DAG(s) 'tutorial' retrieved from /home/airflow/.local/lib/python3.12/site-packages/airflow/example_dags/tutorial.py
[2024-10-30T10:55:21.269+0000] {logging_mixin.py:190} INFO - [2024-10-30T10:55:21.269+0000] {dag.py:3239} INFO - Sync 1 DAGs
[2024-10-30T10:55:21.321+0000] {logging_mixin.py:190} INFO - [2024-10-30T10:55:21.321+0000] {dag.py:4180} INFO - Setting next_dagrun for tutorial to 2024-10-29 00:00:00+00:00, run_after=2024-10-30 00:00:00+00:00
[2024-10-30T10:55:21.338+0000] {processor.py:208} INFO - Processing /home/airflow/.local/lib/python3.12/site-packages/airflow/example_dags/tutorial.py took 0.130 seconds
[2024-10-30T10:55:52.036+0000] {processor.py:186} INFO - Started process (PID=533) to work on /home/airflow/.local/lib/python3.12/site-packages/airflow/example_dags/tutorial.py
[2024-10-30T10:55:52.038+0000] {processor.py:914} INFO - Processing file /home/airflow/.local/lib/python3.12/site-packages/airflow/example_dags/tutorial.py for tasks to queue
[2024-10-30T10:55:52.040+0000] {logging_mixin.py:190} INFO - [2024-10-30T10:55:52.039+0000] {dagbag.py:588} INFO - Filling up the DagBag from /home/airflow/.local/lib/python3.12/site-packages/airflow/example_dags/tutorial.py
[2024-10-30T10:55:52.045+0000] {processor.py:925} INFO - DAG(s) 'tutorial' retrieved from /home/airflow/.local/lib/python3.12/site-packages/airflow/example_dags/tutorial.py
[2024-10-30T10:55:52.062+0000] {logging_mixin.py:190} INFO - [2024-10-30T10:55:52.062+0000] {dag.py:3239} INFO - Sync 1 DAGs
[2024-10-30T10:55:52.077+0000] {logging_mixin.py:190} INFO - [2024-10-30T10:55:52.077+0000] {dag.py:4180} INFO - Setting next_dagrun for tutorial to 2024-10-29 00:00:00+00:00, run_after=2024-10-30 00:00:00+00:00
[2024-10-30T10:55:52.090+0000] {processor.py:208} INFO - Processing /home/airflow/.local/lib/python3.12/site-packages/airflow/example_dags/tutorial.py took 0.057 seconds
[2024-10-30T10:56:23.036+0000] {processor.py:186} INFO - Started process (PID=595) to work on /home/airflow/.local/lib/python3.12/site-packages/airflow/example_dags/tutorial.py
[2024-10-30T10:56:23.040+0000] {processor.py:914} INFO - Processing file /home/airflow/.local/lib/python3.12/site-packages/airflow/example_dags/tutorial.py for tasks to queue
[2024-10-30T10:56:23.043+0000] {logging_mixin.py:190} INFO - [2024-10-30T10:56:23.043+0000] {dagbag.py:588} INFO - Filling up the DagBag from /home/airflow/.local/lib/python3.12/site-packages/airflow/example_dags/tutorial.py
[2024-10-30T10:56:23.049+0000] {processor.py:925} INFO - DAG(s) 'tutorial' retrieved from /home/airflow/.local/lib/python3.12/site-packages/airflow/example_dags/tutorial.py
[2024-10-30T10:56:23.065+0000] {logging_mixin.py:190} INFO - [2024-10-30T10:56:23.065+0000] {dag.py:3239} INFO - Sync 1 DAGs
[2024-10-30T10:56:23.080+0000] {logging_mixin.py:190} INFO - [2024-10-30T10:56:23.080+0000] {dag.py:4180} INFO - Setting next_dagrun for tutorial to 2024-10-29 00:00:00+00:00, run_after=2024-10-30 00:00:00+00:00
[2024-10-30T10:56:23.097+0000] {processor.py:208} INFO - Processing /home/airflow/.local/lib/python3.12/site-packages/airflow/example_dags/tutorial.py took 0.064 seconds
[2024-10-30T10:56:53.779+0000] {processor.py:186} INFO - Started process (PID=657) to work on /home/airflow/.local/lib/python3.12/site-packages/airflow/example_dags/tutorial.py
[2024-10-30T10:56:53.780+0000] {processor.py:914} INFO - Processing file /home/airflow/.local/lib/python3.12/site-packages/airflow/example_dags/tutorial.py for tasks to queue
[2024-10-30T10:56:53.782+0000] {logging_mixin.py:190} INFO - [2024-10-30T10:56:53.782+0000] {dagbag.py:588} INFO - Filling up the DagBag from /home/airflow/.local/lib/python3.12/site-packages/airflow/example_dags/tutorial.py
[2024-10-30T10:56:53.787+0000] {processor.py:925} INFO - DAG(s) 'tutorial' retrieved from /home/airflow/.local/lib/python3.12/site-packages/airflow/example_dags/tutorial.py
[2024-10-30T10:56:53.801+0000] {logging_mixin.py:190} INFO - [2024-10-30T10:56:53.800+0000] {dag.py:3239} INFO - Sync 1 DAGs
[2024-10-30T10:56:53.815+0000] {logging_mixin.py:190} INFO - [2024-10-30T10:56:53.815+0000] {dag.py:4180} INFO - Setting next_dagrun for tutorial to 2024-10-29 00:00:00+00:00, run_after=2024-10-30 00:00:00+00:00
[2024-10-30T10:56:53.831+0000] {processor.py:208} INFO - Processing /home/airflow/.local/lib/python3.12/site-packages/airflow/example_dags/tutorial.py took 0.056 seconds
[2024-10-30T10:57:24.621+0000] {processor.py:186} INFO - Started process (PID=719) to work on /home/airflow/.local/lib/python3.12/site-packages/airflow/example_dags/tutorial.py
[2024-10-30T10:57:24.622+0000] {processor.py:914} INFO - Processing file /home/airflow/.local/lib/python3.12/site-packages/airflow/example_dags/tutorial.py for tasks to queue
[2024-10-30T10:57:24.624+0000] {logging_mixin.py:190} INFO - [2024-10-30T10:57:24.623+0000] {dagbag.py:588} INFO - Filling up the DagBag from /home/airflow/.local/lib/python3.12/site-packages/airflow/example_dags/tutorial.py
[2024-10-30T10:57:24.629+0000] {processor.py:925} INFO - DAG(s) 'tutorial' retrieved from /home/airflow/.local/lib/python3.12/site-packages/airflow/example_dags/tutorial.py
[2024-10-30T10:57:24.643+0000] {logging_mixin.py:190} INFO - [2024-10-30T10:57:24.643+0000] {dag.py:3239} INFO - Sync 1 DAGs
[2024-10-30T10:57:24.659+0000] {logging_mixin.py:190} INFO - [2024-10-30T10:57:24.658+0000] {dag.py:4180} INFO - Setting next_dagrun for tutorial to 2024-10-29 00:00:00+00:00, run_after=2024-10-30 00:00:00+00:00
[2024-10-30T10:57:24.672+0000] {processor.py:208} INFO - Processing /home/airflow/.local/lib/python3.12/site-packages/airflow/example_dags/tutorial.py took 0.056 seconds
[2024-10-30T10:57:55.335+0000] {processor.py:186} INFO - Started process (PID=781) to work on /home/airflow/.local/lib/python3.12/site-packages/airflow/example_dags/tutorial.py
[2024-10-30T10:57:55.336+0000] {processor.py:914} INFO - Processing file /home/airflow/.local/lib/python3.12/site-packages/airflow/example_dags/tutorial.py for tasks to queue
[2024-10-30T10:57:55.337+0000] {logging_mixin.py:190} INFO - [2024-10-30T10:57:55.337+0000] {dagbag.py:588} INFO - Filling up the DagBag from /home/airflow/.local/lib/python3.12/site-packages/airflow/example_dags/tutorial.py
[2024-10-30T10:57:55.342+0000] {processor.py:925} INFO - DAG(s) 'tutorial' retrieved from /home/airflow/.local/lib/python3.12/site-packages/airflow/example_dags/tutorial.py
[2024-10-30T10:57:55.356+0000] {logging_mixin.py:190} INFO - [2024-10-30T10:57:55.355+0000] {dag.py:3239} INFO - Sync 1 DAGs
[2024-10-30T10:57:55.371+0000] {logging_mixin.py:190} INFO - [2024-10-30T10:57:55.371+0000] {dag.py:4180} INFO - Setting next_dagrun for tutorial to 2024-10-29 00:00:00+00:00, run_after=2024-10-30 00:00:00+00:00
[2024-10-30T10:57:55.383+0000] {processor.py:208} INFO - Processing /home/airflow/.local/lib/python3.12/site-packages/airflow/example_dags/tutorial.py took 0.053 seconds
[2024-10-30T10:58:26.224+0000] {processor.py:186} INFO - Started process (PID=842) to work on /home/airflow/.local/lib/python3.12/site-packages/airflow/example_dags/tutorial.py
[2024-10-30T10:58:26.227+0000] {processor.py:914} INFO - Processing file /home/airflow/.local/lib/python3.12/site-packages/airflow/example_dags/tutorial.py for tasks to queue
[2024-10-30T10:58:26.228+0000] {logging_mixin.py:190} INFO - [2024-10-30T10:58:26.228+0000] {dagbag.py:588} INFO - Filling up the DagBag from /home/airflow/.local/lib/python3.12/site-packages/airflow/example_dags/tutorial.py
[2024-10-30T10:58:26.234+0000] {processor.py:925} INFO - DAG(s) 'tutorial' retrieved from /home/airflow/.local/lib/python3.12/site-packages/airflow/example_dags/tutorial.py
[2024-10-30T10:58:26.248+0000] {logging_mixin.py:190} INFO - [2024-10-30T10:58:26.248+0000] {dag.py:3239} INFO - Sync 1 DAGs
[2024-10-30T10:58:26.263+0000] {logging_mixin.py:190} INFO - [2024-10-30T10:58:26.263+0000] {dag.py:4180} INFO - Setting next_dagrun for tutorial to 2024-10-29 00:00:00+00:00, run_after=2024-10-30 00:00:00+00:00
[2024-10-30T10:58:26.274+0000] {processor.py:208} INFO - Processing /home/airflow/.local/lib/python3.12/site-packages/airflow/example_dags/tutorial.py took 0.053 seconds
[2024-10-30T10:58:56.990+0000] {processor.py:186} INFO - Started process (PID=904) to work on /home/airflow/.local/lib/python3.12/site-packages/airflow/example_dags/tutorial.py
[2024-10-30T10:58:56.991+0000] {processor.py:914} INFO - Processing file /home/airflow/.local/lib/python3.12/site-packages/airflow/example_dags/tutorial.py for tasks to queue
[2024-10-30T10:58:56.993+0000] {logging_mixin.py:190} INFO - [2024-10-30T10:58:56.992+0000] {dagbag.py:588} INFO - Filling up the DagBag from /home/airflow/.local/lib/python3.12/site-packages/airflow/example_dags/tutorial.py
[2024-10-30T10:58:56.998+0000] {processor.py:925} INFO - DAG(s) 'tutorial' retrieved from /home/airflow/.local/lib/python3.12/site-packages/airflow/example_dags/tutorial.py
[2024-10-30T10:58:57.012+0000] {logging_mixin.py:190} INFO - [2024-10-30T10:58:57.012+0000] {dag.py:3239} INFO - Sync 1 DAGs
[2024-10-30T10:58:57.028+0000] {logging_mixin.py:190} INFO - [2024-10-30T10:58:57.028+0000] {dag.py:4180} INFO - Setting next_dagrun for tutorial to 2024-10-29 00:00:00+00:00, run_after=2024-10-30 00:00:00+00:00
[2024-10-30T10:58:57.045+0000] {processor.py:208} INFO - Processing /home/airflow/.local/lib/python3.12/site-packages/airflow/example_dags/tutorial.py took 0.059 seconds
[2024-10-30T10:59:27.664+0000] {processor.py:186} INFO - Started process (PID=966) to work on /home/airflow/.local/lib/python3.12/site-packages/airflow/example_dags/tutorial.py
[2024-10-30T10:59:27.665+0000] {processor.py:914} INFO - Processing file /home/airflow/.local/lib/python3.12/site-packages/airflow/example_dags/tutorial.py for tasks to queue
[2024-10-30T10:59:27.669+0000] {logging_mixin.py:190} INFO - [2024-10-30T10:59:27.669+0000] {dagbag.py:588} INFO - Filling up the DagBag from /home/airflow/.local/lib/python3.12/site-packages/airflow/example_dags/tutorial.py
[2024-10-30T10:59:27.676+0000] {processor.py:925} INFO - DAG(s) 'tutorial' retrieved from /home/airflow/.local/lib/python3.12/site-packages/airflow/example_dags/tutorial.py
[2024-10-30T10:59:27.689+0000] {logging_mixin.py:190} INFO - [2024-10-30T10:59:27.689+0000] {dag.py:3239} INFO - Sync 1 DAGs
[2024-10-30T10:59:27.703+0000] {logging_mixin.py:190} INFO - [2024-10-30T10:59:27.703+0000] {dag.py:4180} INFO - Setting next_dagrun for tutorial to 2024-10-29 00:00:00+00:00, run_after=2024-10-30 00:00:00+00:00
[2024-10-30T10:59:27.719+0000] {processor.py:208} INFO - Processing /home/airflow/.local/lib/python3.12/site-packages/airflow/example_dags/tutorial.py took 0.059 seconds
[2024-10-30T10:59:58.493+0000] {processor.py:186} INFO - Started process (PID=1028) to work on /home/airflow/.local/lib/python3.12/site-packages/airflow/example_dags/tutorial.py
[2024-10-30T10:59:58.494+0000] {processor.py:914} INFO - Processing file /home/airflow/.local/lib/python3.12/site-packages/airflow/example_dags/tutorial.py for tasks to queue
[2024-10-30T10:59:58.496+0000] {logging_mixin.py:190} INFO - [2024-10-30T10:59:58.495+0000] {dagbag.py:588} INFO - Filling up the DagBag from /home/airflow/.local/lib/python3.12/site-packages/airflow/example_dags/tutorial.py
[2024-10-30T10:59:58.501+0000] {processor.py:925} INFO - DAG(s) 'tutorial' retrieved from /home/airflow/.local/lib/python3.12/site-packages/airflow/example_dags/tutorial.py
[2024-10-30T10:59:58.512+0000] {logging_mixin.py:190} INFO - [2024-10-30T10:59:58.512+0000] {dag.py:3239} INFO - Sync 1 DAGs
[2024-10-30T10:59:58.526+0000] {logging_mixin.py:190} INFO - [2024-10-30T10:59:58.525+0000] {dag.py:4180} INFO - Setting next_dagrun for tutorial to 2024-10-29 00:00:00+00:00, run_after=2024-10-30 00:00:00+00:00
[2024-10-30T10:59:58.536+0000] {processor.py:208} INFO - Processing /home/airflow/.local/lib/python3.12/site-packages/airflow/example_dags/tutorial.py took 0.047 seconds
[2024-10-30T11:00:29.220+0000] {processor.py:186} INFO - Started process (PID=1090) to work on /home/airflow/.local/lib/python3.12/site-packages/airflow/example_dags/tutorial.py
[2024-10-30T11:00:29.222+0000] {processor.py:914} INFO - Processing file /home/airflow/.local/lib/python3.12/site-packages/airflow/example_dags/tutorial.py for tasks to queue
[2024-10-30T11:00:29.224+0000] {logging_mixin.py:190} INFO - [2024-10-30T11:00:29.223+0000] {dagbag.py:588} INFO - Filling up the DagBag from /home/airflow/.local/lib/python3.12/site-packages/airflow/example_dags/tutorial.py
[2024-10-30T11:00:29.229+0000] {processor.py:925} INFO - DAG(s) 'tutorial' retrieved from /home/airflow/.local/lib/python3.12/site-packages/airflow/example_dags/tutorial.py
[2024-10-30T11:00:29.243+0000] {logging_mixin.py:190} INFO - [2024-10-30T11:00:29.243+0000] {dag.py:3239} INFO - Sync 1 DAGs
[2024-10-30T11:00:29.258+0000] {logging_mixin.py:190} INFO - [2024-10-30T11:00:29.257+0000] {dag.py:4180} INFO - Setting next_dagrun for tutorial to 2024-10-29 00:00:00+00:00, run_after=2024-10-30 00:00:00+00:00
[2024-10-30T11:00:29.273+0000] {processor.py:208} INFO - Processing /home/airflow/.local/lib/python3.12/site-packages/airflow/example_dags/tutorial.py took 0.057 seconds
[2024-10-30T11:01:00.168+0000] {processor.py:186} INFO - Started process (PID=1152) to work on /home/airflow/.local/lib/python3.12/site-packages/airflow/example_dags/tutorial.py
[2024-10-30T11:01:00.169+0000] {processor.py:914} INFO - Processing file /home/airflow/.local/lib/python3.12/site-packages/airflow/example_dags/tutorial.py for tasks to queue
[2024-10-30T11:01:00.172+0000] {logging_mixin.py:190} INFO - [2024-10-30T11:01:00.171+0000] {dagbag.py:588} INFO - Filling up the DagBag from /home/airflow/.local/lib/python3.12/site-packages/airflow/example_dags/tutorial.py
[2024-10-30T11:01:00.177+0000] {processor.py:925} INFO - DAG(s) 'tutorial' retrieved from /home/airflow/.local/lib/python3.12/site-packages/airflow/example_dags/tutorial.py
[2024-10-30T11:01:00.190+0000] {logging_mixin.py:190} INFO - [2024-10-30T11:01:00.190+0000] {dag.py:3239} INFO - Sync 1 DAGs
[2024-10-30T11:01:00.206+0000] {logging_mixin.py:190} INFO - [2024-10-30T11:01:00.206+0000] {dag.py:4180} INFO - Setting next_dagrun for tutorial to 2024-10-29 00:00:00+00:00, run_after=2024-10-30 00:00:00+00:00
[2024-10-30T11:01:00.223+0000] {processor.py:208} INFO - Processing /home/airflow/.local/lib/python3.12/site-packages/airflow/example_dags/tutorial.py took 0.059 seconds
[2024-10-30T11:01:30.843+0000] {processor.py:186} INFO - Started process (PID=1214) to work on /home/airflow/.local/lib/python3.12/site-packages/airflow/example_dags/tutorial.py
[2024-10-30T11:01:30.844+0000] {processor.py:914} INFO - Processing file /home/airflow/.local/lib/python3.12/site-packages/airflow/example_dags/tutorial.py for tasks to queue
[2024-10-30T11:01:30.846+0000] {logging_mixin.py:190} INFO - [2024-10-30T11:01:30.846+0000] {dagbag.py:588} INFO - Filling up the DagBag from /home/airflow/.local/lib/python3.12/site-packages/airflow/example_dags/tutorial.py
[2024-10-30T11:01:30.852+0000] {processor.py:925} INFO - DAG(s) 'tutorial' retrieved from /home/airflow/.local/lib/python3.12/site-packages/airflow/example_dags/tutorial.py
[2024-10-30T11:01:30.864+0000] {logging_mixin.py:190} INFO - [2024-10-30T11:01:30.864+0000] {dag.py:3239} INFO - Sync 1 DAGs
[2024-10-30T11:01:30.882+0000] {logging_mixin.py:190} INFO - [2024-10-30T11:01:30.882+0000] {dag.py:4180} INFO - Setting next_dagrun for tutorial to 2024-10-29 00:00:00+00:00, run_after=2024-10-30 00:00:00+00:00
[2024-10-30T11:01:30.894+0000] {processor.py:208} INFO - Processing /home/airflow/.local/lib/python3.12/site-packages/airflow/example_dags/tutorial.py took 0.054 seconds
[2024-10-30T11:02:01.700+0000] {processor.py:186} INFO - Started process (PID=1276) to work on /home/airflow/.local/lib/python3.12/site-packages/airflow/example_dags/tutorial.py
[2024-10-30T11:02:01.701+0000] {processor.py:914} INFO - Processing file /home/airflow/.local/lib/python3.12/site-packages/airflow/example_dags/tutorial.py for tasks to queue
[2024-10-30T11:02:01.703+0000] {logging_mixin.py:190} INFO - [2024-10-30T11:02:01.702+0000] {dagbag.py:588} INFO - Filling up the DagBag from /home/airflow/.local/lib/python3.12/site-packages/airflow/example_dags/tutorial.py
[2024-10-30T11:02:01.708+0000] {processor.py:925} INFO - DAG(s) 'tutorial' retrieved from /home/airflow/.local/lib/python3.12/site-packages/airflow/example_dags/tutorial.py
[2024-10-30T11:02:01.727+0000] {logging_mixin.py:190} INFO - [2024-10-30T11:02:01.727+0000] {dag.py:3239} INFO - Sync 1 DAGs
[2024-10-30T11:02:01.743+0000] {logging_mixin.py:190} INFO - [2024-10-30T11:02:01.743+0000] {dag.py:4180} INFO - Setting next_dagrun for tutorial to 2024-10-29 00:00:00+00:00, run_after=2024-10-30 00:00:00+00:00
[2024-10-30T11:02:01.755+0000] {processor.py:208} INFO - Processing /home/airflow/.local/lib/python3.12/site-packages/airflow/example_dags/tutorial.py took 0.060 seconds
[2024-10-30T11:02:32.489+0000] {processor.py:186} INFO - Started process (PID=1337) to work on /home/airflow/.local/lib/python3.12/site-packages/airflow/example_dags/tutorial.py
[2024-10-30T11:02:32.490+0000] {processor.py:914} INFO - Processing file /home/airflow/.local/lib/python3.12/site-packages/airflow/example_dags/tutorial.py for tasks to queue
[2024-10-30T11:02:32.492+0000] {logging_mixin.py:190} INFO - [2024-10-30T11:02:32.491+0000] {dagbag.py:588} INFO - Filling up the DagBag from /home/airflow/.local/lib/python3.12/site-packages/airflow/example_dags/tutorial.py
[2024-10-30T11:02:32.497+0000] {processor.py:925} INFO - DAG(s) 'tutorial' retrieved from /home/airflow/.local/lib/python3.12/site-packages/airflow/example_dags/tutorial.py
[2024-10-30T11:02:32.509+0000] {logging_mixin.py:190} INFO - [2024-10-30T11:02:32.509+0000] {dag.py:3239} INFO - Sync 1 DAGs
[2024-10-30T11:02:32.524+0000] {logging_mixin.py:190} INFO - [2024-10-30T11:02:32.524+0000] {dag.py:4180} INFO - Setting next_dagrun for tutorial to 2024-10-29 00:00:00+00:00, run_after=2024-10-30 00:00:00+00:00
[2024-10-30T11:02:32.535+0000] {processor.py:208} INFO - Processing /home/airflow/.local/lib/python3.12/site-packages/airflow/example_dags/tutorial.py took 0.049 seconds
[2024-10-30T11:03:03.498+0000] {processor.py:186} INFO - Started process (PID=1399) to work on /home/airflow/.local/lib/python3.12/site-packages/airflow/example_dags/tutorial.py
[2024-10-30T11:03:03.499+0000] {processor.py:914} INFO - Processing file /home/airflow/.local/lib/python3.12/site-packages/airflow/example_dags/tutorial.py for tasks to queue
[2024-10-30T11:03:03.500+0000] {logging_mixin.py:190} INFO - [2024-10-30T11:03:03.500+0000] {dagbag.py:588} INFO - Filling up the DagBag from /home/airflow/.local/lib/python3.12/site-packages/airflow/example_dags/tutorial.py
[2024-10-30T11:03:03.505+0000] {processor.py:925} INFO - DAG(s) 'tutorial' retrieved from /home/airflow/.local/lib/python3.12/site-packages/airflow/example_dags/tutorial.py
[2024-10-30T11:03:03.518+0000] {logging_mixin.py:190} INFO - [2024-10-30T11:03:03.518+0000] {dag.py:3239} INFO - Sync 1 DAGs
[2024-10-30T11:03:03.535+0000] {logging_mixin.py:190} INFO - [2024-10-30T11:03:03.534+0000] {dag.py:4180} INFO - Setting next_dagrun for tutorial to 2024-10-29 00:00:00+00:00, run_after=2024-10-30 00:00:00+00:00
[2024-10-30T11:03:03.545+0000] {processor.py:208} INFO - Processing /home/airflow/.local/lib/python3.12/site-packages/airflow/example_dags/tutorial.py took 0.051 seconds
[2024-10-30T11:03:34.244+0000] {processor.py:186} INFO - Started process (PID=1461) to work on /home/airflow/.local/lib/python3.12/site-packages/airflow/example_dags/tutorial.py
[2024-10-30T11:03:34.245+0000] {processor.py:914} INFO - Processing file /home/airflow/.local/lib/python3.12/site-packages/airflow/example_dags/tutorial.py for tasks to queue
[2024-10-30T11:03:34.247+0000] {logging_mixin.py:190} INFO - [2024-10-30T11:03:34.246+0000] {dagbag.py:588} INFO - Filling up the DagBag from /home/airflow/.local/lib/python3.12/site-packages/airflow/example_dags/tutorial.py
[2024-10-30T11:03:34.252+0000] {processor.py:925} INFO - DAG(s) 'tutorial' retrieved from /home/airflow/.local/lib/python3.12/site-packages/airflow/example_dags/tutorial.py
[2024-10-30T11:03:34.266+0000] {logging_mixin.py:190} INFO - [2024-10-30T11:03:34.265+0000] {dag.py:3239} INFO - Sync 1 DAGs
[2024-10-30T11:03:34.281+0000] {logging_mixin.py:190} INFO - [2024-10-30T11:03:34.281+0000] {dag.py:4180} INFO - Setting next_dagrun for tutorial to 2024-10-29 00:00:00+00:00, run_after=2024-10-30 00:00:00+00:00
[2024-10-30T11:03:34.294+0000] {processor.py:208} INFO - Processing /home/airflow/.local/lib/python3.12/site-packages/airflow/example_dags/tutorial.py took 0.054 seconds
[2024-10-30T11:04:04.920+0000] {processor.py:186} INFO - Started process (PID=1523) to work on /home/airflow/.local/lib/python3.12/site-packages/airflow/example_dags/tutorial.py
[2024-10-30T11:04:04.921+0000] {processor.py:914} INFO - Processing file /home/airflow/.local/lib/python3.12/site-packages/airflow/example_dags/tutorial.py for tasks to queue
[2024-10-30T11:04:04.925+0000] {logging_mixin.py:190} INFO - [2024-10-30T11:04:04.925+0000] {dagbag.py:588} INFO - Filling up the DagBag from /home/airflow/.local/lib/python3.12/site-packages/airflow/example_dags/tutorial.py
[2024-10-30T11:04:04.931+0000] {processor.py:925} INFO - DAG(s) 'tutorial' retrieved from /home/airflow/.local/lib/python3.12/site-packages/airflow/example_dags/tutorial.py
[2024-10-30T11:04:04.944+0000] {logging_mixin.py:190} INFO - [2024-10-30T11:04:04.944+0000] {dag.py:3239} INFO - Sync 1 DAGs
[2024-10-30T11:04:04.959+0000] {logging_mixin.py:190} INFO - [2024-10-30T11:04:04.958+0000] {dag.py:4180} INFO - Setting next_dagrun for tutorial to 2024-10-29 00:00:00+00:00, run_after=2024-10-30 00:00:00+00:00
[2024-10-30T11:04:04.970+0000] {processor.py:208} INFO - Processing /home/airflow/.local/lib/python3.12/site-packages/airflow/example_dags/tutorial.py took 0.055 seconds
[2024-10-30T11:04:35.091+0000] {processor.py:186} INFO - Started process (PID=1585) to work on /home/airflow/.local/lib/python3.12/site-packages/airflow/example_dags/tutorial.py
[2024-10-30T11:04:35.092+0000] {processor.py:914} INFO - Processing file /home/airflow/.local/lib/python3.12/site-packages/airflow/example_dags/tutorial.py for tasks to queue
[2024-10-30T11:04:35.094+0000] {logging_mixin.py:190} INFO - [2024-10-30T11:04:35.093+0000] {dagbag.py:588} INFO - Filling up the DagBag from /home/airflow/.local/lib/python3.12/site-packages/airflow/example_dags/tutorial.py
[2024-10-30T11:04:35.099+0000] {processor.py:925} INFO - DAG(s) 'tutorial' retrieved from /home/airflow/.local/lib/python3.12/site-packages/airflow/example_dags/tutorial.py
[2024-10-30T11:04:35.111+0000] {logging_mixin.py:190} INFO - [2024-10-30T11:04:35.111+0000] {dag.py:3239} INFO - Sync 1 DAGs
[2024-10-30T11:04:35.125+0000] {logging_mixin.py:190} INFO - [2024-10-30T11:04:35.125+0000] {dag.py:4180} INFO - Setting next_dagrun for tutorial to 2024-10-29 00:00:00+00:00, run_after=2024-10-30 00:00:00+00:00
[2024-10-30T11:04:35.137+0000] {processor.py:208} INFO - Processing /home/airflow/.local/lib/python3.12/site-packages/airflow/example_dags/tutorial.py took 0.050 seconds
[2024-10-30T11:05:06.034+0000] {processor.py:186} INFO - Started process (PID=1647) to work on /home/airflow/.local/lib/python3.12/site-packages/airflow/example_dags/tutorial.py
[2024-10-30T11:05:06.036+0000] {processor.py:914} INFO - Processing file /home/airflow/.local/lib/python3.12/site-packages/airflow/example_dags/tutorial.py for tasks to queue
[2024-10-30T11:05:06.038+0000] {logging_mixin.py:190} INFO - [2024-10-30T11:05:06.037+0000] {dagbag.py:588} INFO - Filling up the DagBag from /home/airflow/.local/lib/python3.12/site-packages/airflow/example_dags/tutorial.py
[2024-10-30T11:05:06.043+0000] {processor.py:925} INFO - DAG(s) 'tutorial' retrieved from /home/airflow/.local/lib/python3.12/site-packages/airflow/example_dags/tutorial.py
[2024-10-30T11:05:06.057+0000] {logging_mixin.py:190} INFO - [2024-10-30T11:05:06.057+0000] {dag.py:3239} INFO - Sync 1 DAGs
[2024-10-30T11:05:06.074+0000] {logging_mixin.py:190} INFO - [2024-10-30T11:05:06.073+0000] {dag.py:4180} INFO - Setting next_dagrun for tutorial to 2024-10-29 00:00:00+00:00, run_after=2024-10-30 00:00:00+00:00
[2024-10-30T11:05:06.086+0000] {processor.py:208} INFO - Processing /home/airflow/.local/lib/python3.12/site-packages/airflow/example_dags/tutorial.py took 0.056 seconds
[2024-10-30T11:05:36.856+0000] {processor.py:186} INFO - Started process (PID=1709) to work on /home/airflow/.local/lib/python3.12/site-packages/airflow/example_dags/tutorial.py
[2024-10-30T11:05:36.857+0000] {processor.py:914} INFO - Processing file /home/airflow/.local/lib/python3.12/site-packages/airflow/example_dags/tutorial.py for tasks to queue
[2024-10-30T11:05:36.859+0000] {logging_mixin.py:190} INFO - [2024-10-30T11:05:36.858+0000] {dagbag.py:588} INFO - Filling up the DagBag from /home/airflow/.local/lib/python3.12/site-packages/airflow/example_dags/tutorial.py
[2024-10-30T11:05:36.865+0000] {processor.py:925} INFO - DAG(s) 'tutorial' retrieved from /home/airflow/.local/lib/python3.12/site-packages/airflow/example_dags/tutorial.py
[2024-10-30T11:05:36.878+0000] {logging_mixin.py:190} INFO - [2024-10-30T11:05:36.878+0000] {dag.py:3239} INFO - Sync 1 DAGs
[2024-10-30T11:05:36.896+0000] {logging_mixin.py:190} INFO - [2024-10-30T11:05:36.896+0000] {dag.py:4180} INFO - Setting next_dagrun for tutorial to 2024-10-29 00:00:00+00:00, run_after=2024-10-30 00:00:00+00:00
[2024-10-30T11:05:36.907+0000] {processor.py:208} INFO - Processing /home/airflow/.local/lib/python3.12/site-packages/airflow/example_dags/tutorial.py took 0.054 seconds
[2024-10-30T11:06:07.961+0000] {processor.py:186} INFO - Started process (PID=1771) to work on /home/airflow/.local/lib/python3.12/site-packages/airflow/example_dags/tutorial.py
[2024-10-30T11:06:07.962+0000] {processor.py:914} INFO - Processing file /home/airflow/.local/lib/python3.12/site-packages/airflow/example_dags/tutorial.py for tasks to queue
[2024-10-30T11:06:07.964+0000] {logging_mixin.py:190} INFO - [2024-10-30T11:06:07.963+0000] {dagbag.py:588} INFO - Filling up the DagBag from /home/airflow/.local/lib/python3.12/site-packages/airflow/example_dags/tutorial.py
[2024-10-30T11:06:07.970+0000] {processor.py:925} INFO - DAG(s) 'tutorial' retrieved from /home/airflow/.local/lib/python3.12/site-packages/airflow/example_dags/tutorial.py
[2024-10-30T11:06:07.987+0000] {logging_mixin.py:190} INFO - [2024-10-30T11:06:07.987+0000] {dag.py:3239} INFO - Sync 1 DAGs
[2024-10-30T11:06:08.005+0000] {logging_mixin.py:190} INFO - [2024-10-30T11:06:08.005+0000] {dag.py:4180} INFO - Setting next_dagrun for tutorial to 2024-10-29 00:00:00+00:00, run_after=2024-10-30 00:00:00+00:00
[2024-10-30T11:06:08.018+0000] {processor.py:208} INFO - Processing /home/airflow/.local/lib/python3.12/site-packages/airflow/example_dags/tutorial.py took 0.062 seconds
[2024-10-30T11:06:38.929+0000] {processor.py:186} INFO - Started process (PID=1833) to work on /home/airflow/.local/lib/python3.12/site-packages/airflow/example_dags/tutorial.py
[2024-10-30T11:06:38.930+0000] {processor.py:914} INFO - Processing file /home/airflow/.local/lib/python3.12/site-packages/airflow/example_dags/tutorial.py for tasks to queue
[2024-10-30T11:06:38.933+0000] {logging_mixin.py:190} INFO - [2024-10-30T11:06:38.932+0000] {dagbag.py:588} INFO - Filling up the DagBag from /home/airflow/.local/lib/python3.12/site-packages/airflow/example_dags/tutorial.py
[2024-10-30T11:06:38.938+0000] {processor.py:925} INFO - DAG(s) 'tutorial' retrieved from /home/airflow/.local/lib/python3.12/site-packages/airflow/example_dags/tutorial.py
[2024-10-30T11:06:38.951+0000] {logging_mixin.py:190} INFO - [2024-10-30T11:06:38.951+0000] {dag.py:3239} INFO - Sync 1 DAGs
[2024-10-30T11:06:38.964+0000] {logging_mixin.py:190} INFO - [2024-10-30T11:06:38.964+0000] {dag.py:4180} INFO - Setting next_dagrun for tutorial to 2024-10-29 00:00:00+00:00, run_after=2024-10-30 00:00:00+00:00
[2024-10-30T11:06:38.980+0000] {processor.py:208} INFO - Processing /home/airflow/.local/lib/python3.12/site-packages/airflow/example_dags/tutorial.py took 0.055 seconds
[2024-10-30T11:07:09.604+0000] {processor.py:186} INFO - Started process (PID=1895) to work on /home/airflow/.local/lib/python3.12/site-packages/airflow/example_dags/tutorial.py
[2024-10-30T11:07:09.605+0000] {processor.py:914} INFO - Processing file /home/airflow/.local/lib/python3.12/site-packages/airflow/example_dags/tutorial.py for tasks to queue
[2024-10-30T11:07:09.607+0000] {logging_mixin.py:190} INFO - [2024-10-30T11:07:09.607+0000] {dagbag.py:588} INFO - Filling up the DagBag from /home/airflow/.local/lib/python3.12/site-packages/airflow/example_dags/tutorial.py
[2024-10-30T11:07:09.614+0000] {processor.py:925} INFO - DAG(s) 'tutorial' retrieved from /home/airflow/.local/lib/python3.12/site-packages/airflow/example_dags/tutorial.py
[2024-10-30T11:07:09.629+0000] {logging_mixin.py:190} INFO - [2024-10-30T11:07:09.629+0000] {dag.py:3239} INFO - Sync 1 DAGs
[2024-10-30T11:07:09.645+0000] {logging_mixin.py:190} INFO - [2024-10-30T11:07:09.645+0000] {dag.py:4180} INFO - Setting next_dagrun for tutorial to 2024-10-29 00:00:00+00:00, run_after=2024-10-30 00:00:00+00:00
[2024-10-30T11:07:09.659+0000] {processor.py:208} INFO - Processing /home/airflow/.local/lib/python3.12/site-packages/airflow/example_dags/tutorial.py took 0.059 seconds
[2024-10-30T11:07:40.336+0000] {processor.py:186} INFO - Started process (PID=1957) to work on /home/airflow/.local/lib/python3.12/site-packages/airflow/example_dags/tutorial.py
[2024-10-30T11:07:40.337+0000] {processor.py:914} INFO - Processing file /home/airflow/.local/lib/python3.12/site-packages/airflow/example_dags/tutorial.py for tasks to queue
[2024-10-30T11:07:40.338+0000] {logging_mixin.py:190} INFO - [2024-10-30T11:07:40.338+0000] {dagbag.py:588} INFO - Filling up the DagBag from /home/airflow/.local/lib/python3.12/site-packages/airflow/example_dags/tutorial.py
[2024-10-30T11:07:40.343+0000] {processor.py:925} INFO - DAG(s) 'tutorial' retrieved from /home/airflow/.local/lib/python3.12/site-packages/airflow/example_dags/tutorial.py
[2024-10-30T11:07:40.356+0000] {logging_mixin.py:190} INFO - [2024-10-30T11:07:40.356+0000] {dag.py:3239} INFO - Sync 1 DAGs
[2024-10-30T11:07:40.373+0000] {logging_mixin.py:190} INFO - [2024-10-30T11:07:40.372+0000] {dag.py:4180} INFO - Setting next_dagrun for tutorial to 2024-10-29 00:00:00+00:00, run_after=2024-10-30 00:00:00+00:00
[2024-10-30T11:07:40.386+0000] {processor.py:208} INFO - Processing /home/airflow/.local/lib/python3.12/site-packages/airflow/example_dags/tutorial.py took 0.055 seconds
[2024-10-30T11:08:11.148+0000] {processor.py:186} INFO - Started process (PID=2019) to work on /home/airflow/.local/lib/python3.12/site-packages/airflow/example_dags/tutorial.py
[2024-10-30T11:08:11.149+0000] {processor.py:914} INFO - Processing file /home/airflow/.local/lib/python3.12/site-packages/airflow/example_dags/tutorial.py for tasks to queue
[2024-10-30T11:08:11.151+0000] {logging_mixin.py:190} INFO - [2024-10-30T11:08:11.151+0000] {dagbag.py:588} INFO - Filling up the DagBag from /home/airflow/.local/lib/python3.12/site-packages/airflow/example_dags/tutorial.py
[2024-10-30T11:08:11.156+0000] {processor.py:925} INFO - DAG(s) 'tutorial' retrieved from /home/airflow/.local/lib/python3.12/site-packages/airflow/example_dags/tutorial.py
[2024-10-30T11:08:11.170+0000] {logging_mixin.py:190} INFO - [2024-10-30T11:08:11.170+0000] {dag.py:3239} INFO - Sync 1 DAGs
[2024-10-30T11:08:11.185+0000] {logging_mixin.py:190} INFO - [2024-10-30T11:08:11.184+0000] {dag.py:4180} INFO - Setting next_dagrun for tutorial to 2024-10-29 00:00:00+00:00, run_after=2024-10-30 00:00:00+00:00
[2024-10-30T11:08:11.197+0000] {processor.py:208} INFO - Processing /home/airflow/.local/lib/python3.12/site-packages/airflow/example_dags/tutorial.py took 0.053 seconds
[2024-10-30T11:08:42.151+0000] {processor.py:186} INFO - Started process (PID=2081) to work on /home/airflow/.local/lib/python3.12/site-packages/airflow/example_dags/tutorial.py
[2024-10-30T11:08:42.152+0000] {processor.py:914} INFO - Processing file /home/airflow/.local/lib/python3.12/site-packages/airflow/example_dags/tutorial.py for tasks to queue
[2024-10-30T11:08:42.154+0000] {logging_mixin.py:190} INFO - [2024-10-30T11:08:42.153+0000] {dagbag.py:588} INFO - Filling up the DagBag from /home/airflow/.local/lib/python3.12/site-packages/airflow/example_dags/tutorial.py
[2024-10-30T11:08:42.159+0000] {processor.py:925} INFO - DAG(s) 'tutorial' retrieved from /home/airflow/.local/lib/python3.12/site-packages/airflow/example_dags/tutorial.py
[2024-10-30T11:08:42.171+0000] {logging_mixin.py:190} INFO - [2024-10-30T11:08:42.171+0000] {dag.py:3239} INFO - Sync 1 DAGs
[2024-10-30T11:08:42.186+0000] {logging_mixin.py:190} INFO - [2024-10-30T11:08:42.186+0000] {dag.py:4180} INFO - Setting next_dagrun for tutorial to 2024-10-29 00:00:00+00:00, run_after=2024-10-30 00:00:00+00:00
[2024-10-30T11:08:42.198+0000] {processor.py:208} INFO - Processing /home/airflow/.local/lib/python3.12/site-packages/airflow/example_dags/tutorial.py took 0.051 seconds
[2024-10-30T11:09:13.030+0000] {processor.py:186} INFO - Started process (PID=2143) to work on /home/airflow/.local/lib/python3.12/site-packages/airflow/example_dags/tutorial.py
[2024-10-30T11:09:13.032+0000] {processor.py:914} INFO - Processing file /home/airflow/.local/lib/python3.12/site-packages/airflow/example_dags/tutorial.py for tasks to queue
[2024-10-30T11:09:13.033+0000] {logging_mixin.py:190} INFO - [2024-10-30T11:09:13.033+0000] {dagbag.py:588} INFO - Filling up the DagBag from /home/airflow/.local/lib/python3.12/site-packages/airflow/example_dags/tutorial.py
[2024-10-30T11:09:13.040+0000] {processor.py:925} INFO - DAG(s) 'tutorial' retrieved from /home/airflow/.local/lib/python3.12/site-packages/airflow/example_dags/tutorial.py
[2024-10-30T11:09:13.052+0000] {logging_mixin.py:190} INFO - [2024-10-30T11:09:13.052+0000] {dag.py:3239} INFO - Sync 1 DAGs
[2024-10-30T11:09:13.067+0000] {logging_mixin.py:190} INFO - [2024-10-30T11:09:13.067+0000] {dag.py:4180} INFO - Setting next_dagrun for tutorial to 2024-10-29 00:00:00+00:00, run_after=2024-10-30 00:00:00+00:00
[2024-10-30T11:09:13.077+0000] {processor.py:208} INFO - Processing /home/airflow/.local/lib/python3.12/site-packages/airflow/example_dags/tutorial.py took 0.051 seconds
