[2024-10-31T11:46:23.658+0000] {processor.py:186} INFO - Started process (PID=65) to work on /home/airflow/.local/lib/python3.12/site-packages/airflow/example_dags/example_dataset_alias_with_no_taskflow.py
[2024-10-31T11:46:23.659+0000] {processor.py:914} INFO - Processing file /home/airflow/.local/lib/python3.12/site-packages/airflow/example_dags/example_dataset_alias_with_no_taskflow.py for tasks to queue
[2024-10-31T11:46:23.660+0000] {logging_mixin.py:190} INFO - [2024-10-31T11:46:23.660+0000] {dagbag.py:588} INFO - Filling up the DagBag from /home/airflow/.local/lib/python3.12/site-packages/airflow/example_dags/example_dataset_alias_with_no_taskflow.py
[2024-10-31T11:46:23.906+0000] {processor.py:925} INFO - DAG(s) 'dataset_alias_example_alias_producer_with_no_taskflow', 'dataset_s3_bucket_consumer_with_no_taskflow', 'dataset_s3_bucket_producer_with_no_taskflow', 'dataset_alias_example_alias_consumer_with_no_taskflow' retrieved from /home/airflow/.local/lib/python3.12/site-packages/airflow/example_dags/example_dataset_alias_with_no_taskflow.py
[2024-10-31T11:46:23.964+0000] {logging_mixin.py:190} INFO - [2024-10-31T11:46:23.963+0000] {override.py:1900} INFO - Created Permission View: can delete on DAG:dataset_alias_example_alias_producer_with_no_taskflow
[2024-10-31T11:46:23.971+0000] {logging_mixin.py:190} INFO - [2024-10-31T11:46:23.971+0000] {override.py:1900} INFO - Created Permission View: can read on DAG:dataset_alias_example_alias_producer_with_no_taskflow
[2024-10-31T11:46:23.975+0000] {logging_mixin.py:190} INFO - [2024-10-31T11:46:23.975+0000] {override.py:1900} INFO - Created Permission View: can edit on DAG:dataset_alias_example_alias_producer_with_no_taskflow
[2024-10-31T11:46:23.980+0000] {logging_mixin.py:190} INFO - [2024-10-31T11:46:23.980+0000] {override.py:1900} INFO - Created Permission View: can delete on DAG Run:dataset_alias_example_alias_producer_with_no_taskflow
[2024-10-31T11:46:23.984+0000] {logging_mixin.py:190} INFO - [2024-10-31T11:46:23.984+0000] {override.py:1900} INFO - Created Permission View: can read on DAG Run:dataset_alias_example_alias_producer_with_no_taskflow
[2024-10-31T11:46:23.989+0000] {logging_mixin.py:190} INFO - [2024-10-31T11:46:23.989+0000] {override.py:1900} INFO - Created Permission View: can create on DAG Run:dataset_alias_example_alias_producer_with_no_taskflow
[2024-10-31T11:46:23.995+0000] {logging_mixin.py:190} INFO - [2024-10-31T11:46:23.994+0000] {override.py:1900} INFO - Created Permission View: menu access on DAG Run:dataset_alias_example_alias_producer_with_no_taskflow
[2024-10-31T11:46:24.005+0000] {logging_mixin.py:190} INFO - [2024-10-31T11:46:24.005+0000] {override.py:1900} INFO - Created Permission View: can delete on DAG:dataset_s3_bucket_consumer_with_no_taskflow
[2024-10-31T11:46:24.010+0000] {logging_mixin.py:190} INFO - [2024-10-31T11:46:24.010+0000] {override.py:1900} INFO - Created Permission View: can read on DAG:dataset_s3_bucket_consumer_with_no_taskflow
[2024-10-31T11:46:24.014+0000] {logging_mixin.py:190} INFO - [2024-10-31T11:46:24.013+0000] {override.py:1900} INFO - Created Permission View: can edit on DAG:dataset_s3_bucket_consumer_with_no_taskflow
[2024-10-31T11:46:24.018+0000] {logging_mixin.py:190} INFO - [2024-10-31T11:46:24.018+0000] {override.py:1900} INFO - Created Permission View: can delete on DAG Run:dataset_s3_bucket_consumer_with_no_taskflow
[2024-10-31T11:46:24.023+0000] {logging_mixin.py:190} INFO - [2024-10-31T11:46:24.023+0000] {override.py:1900} INFO - Created Permission View: can read on DAG Run:dataset_s3_bucket_consumer_with_no_taskflow
[2024-10-31T11:46:24.027+0000] {logging_mixin.py:190} INFO - [2024-10-31T11:46:24.027+0000] {override.py:1900} INFO - Created Permission View: can create on DAG Run:dataset_s3_bucket_consumer_with_no_taskflow
[2024-10-31T11:46:24.032+0000] {logging_mixin.py:190} INFO - [2024-10-31T11:46:24.032+0000] {override.py:1900} INFO - Created Permission View: menu access on DAG Run:dataset_s3_bucket_consumer_with_no_taskflow
[2024-10-31T11:46:24.040+0000] {logging_mixin.py:190} INFO - [2024-10-31T11:46:24.040+0000] {override.py:1900} INFO - Created Permission View: can delete on DAG:dataset_s3_bucket_producer_with_no_taskflow
[2024-10-31T11:46:24.044+0000] {logging_mixin.py:190} INFO - [2024-10-31T11:46:24.044+0000] {override.py:1900} INFO - Created Permission View: can read on DAG:dataset_s3_bucket_producer_with_no_taskflow
[2024-10-31T11:46:24.049+0000] {logging_mixin.py:190} INFO - [2024-10-31T11:46:24.049+0000] {override.py:1900} INFO - Created Permission View: can edit on DAG:dataset_s3_bucket_producer_with_no_taskflow
[2024-10-31T11:46:24.054+0000] {logging_mixin.py:190} INFO - [2024-10-31T11:46:24.053+0000] {override.py:1900} INFO - Created Permission View: can delete on DAG Run:dataset_s3_bucket_producer_with_no_taskflow
[2024-10-31T11:46:24.058+0000] {logging_mixin.py:190} INFO - [2024-10-31T11:46:24.058+0000] {override.py:1900} INFO - Created Permission View: can read on DAG Run:dataset_s3_bucket_producer_with_no_taskflow
[2024-10-31T11:46:24.062+0000] {logging_mixin.py:190} INFO - [2024-10-31T11:46:24.062+0000] {override.py:1900} INFO - Created Permission View: can create on DAG Run:dataset_s3_bucket_producer_with_no_taskflow
[2024-10-31T11:46:24.068+0000] {logging_mixin.py:190} INFO - [2024-10-31T11:46:24.068+0000] {override.py:1900} INFO - Created Permission View: menu access on DAG Run:dataset_s3_bucket_producer_with_no_taskflow
[2024-10-31T11:46:24.082+0000] {logging_mixin.py:190} INFO - [2024-10-31T11:46:24.081+0000] {override.py:1900} INFO - Created Permission View: can delete on DAG:dataset_alias_example_alias_consumer_with_no_taskflow
[2024-10-31T11:46:24.088+0000] {logging_mixin.py:190} INFO - [2024-10-31T11:46:24.088+0000] {override.py:1900} INFO - Created Permission View: can read on DAG:dataset_alias_example_alias_consumer_with_no_taskflow
[2024-10-31T11:46:24.096+0000] {logging_mixin.py:190} INFO - [2024-10-31T11:46:24.095+0000] {override.py:1900} INFO - Created Permission View: can edit on DAG:dataset_alias_example_alias_consumer_with_no_taskflow
[2024-10-31T11:46:24.102+0000] {logging_mixin.py:190} INFO - [2024-10-31T11:46:24.102+0000] {override.py:1900} INFO - Created Permission View: can delete on DAG Run:dataset_alias_example_alias_consumer_with_no_taskflow
[2024-10-31T11:46:24.111+0000] {logging_mixin.py:190} INFO - [2024-10-31T11:46:24.111+0000] {override.py:1900} INFO - Created Permission View: can read on DAG Run:dataset_alias_example_alias_consumer_with_no_taskflow
[2024-10-31T11:46:24.114+0000] {logging_mixin.py:190} INFO - [2024-10-31T11:46:24.114+0000] {override.py:1900} INFO - Created Permission View: can create on DAG Run:dataset_alias_example_alias_consumer_with_no_taskflow
[2024-10-31T11:46:24.117+0000] {logging_mixin.py:190} INFO - [2024-10-31T11:46:24.117+0000] {override.py:1900} INFO - Created Permission View: menu access on DAG Run:dataset_alias_example_alias_consumer_with_no_taskflow
[2024-10-31T11:46:24.118+0000] {logging_mixin.py:190} INFO - [2024-10-31T11:46:24.118+0000] {dag.py:3239} INFO - Sync 4 DAGs
[2024-10-31T11:46:24.126+0000] {logging_mixin.py:190} INFO - [2024-10-31T11:46:24.125+0000] {dag.py:3262} INFO - Creating ORM DAG for dataset_s3_bucket_consumer_with_no_taskflow
[2024-10-31T11:46:24.126+0000] {logging_mixin.py:190} INFO - [2024-10-31T11:46:24.126+0000] {dag.py:3262} INFO - Creating ORM DAG for dataset_s3_bucket_producer_with_no_taskflow
[2024-10-31T11:46:24.126+0000] {logging_mixin.py:190} INFO - [2024-10-31T11:46:24.126+0000] {dag.py:3262} INFO - Creating ORM DAG for dataset_alias_example_alias_consumer_with_no_taskflow
[2024-10-31T11:46:24.127+0000] {logging_mixin.py:190} INFO - [2024-10-31T11:46:24.127+0000] {dag.py:3262} INFO - Creating ORM DAG for dataset_alias_example_alias_producer_with_no_taskflow
[2024-10-31T11:46:24.133+0000] {logging_mixin.py:190} INFO - [2024-10-31T11:46:24.133+0000] {dag.py:4180} INFO - Setting next_dagrun for dataset_alias_example_alias_consumer_with_no_taskflow to None, run_after=None
[2024-10-31T11:46:24.136+0000] {logging_mixin.py:190} INFO - [2024-10-31T11:46:24.136+0000] {dag.py:4180} INFO - Setting next_dagrun for dataset_alias_example_alias_producer_with_no_taskflow to None, run_after=None
[2024-10-31T11:46:24.137+0000] {logging_mixin.py:190} INFO - [2024-10-31T11:46:24.137+0000] {dag.py:4180} INFO - Setting next_dagrun for dataset_s3_bucket_consumer_with_no_taskflow to None, run_after=None
[2024-10-31T11:46:24.140+0000] {logging_mixin.py:190} INFO - [2024-10-31T11:46:24.140+0000] {dag.py:4180} INFO - Setting next_dagrun for dataset_s3_bucket_producer_with_no_taskflow to None, run_after=None
[2024-10-31T11:46:24.173+0000] {processor.py:208} INFO - Processing /home/airflow/.local/lib/python3.12/site-packages/airflow/example_dags/example_dataset_alias_with_no_taskflow.py took 0.519 seconds
[2024-10-31T11:46:54.321+0000] {processor.py:186} INFO - Started process (PID=129) to work on /home/airflow/.local/lib/python3.12/site-packages/airflow/example_dags/example_dataset_alias_with_no_taskflow.py
[2024-10-31T11:46:54.324+0000] {processor.py:914} INFO - Processing file /home/airflow/.local/lib/python3.12/site-packages/airflow/example_dags/example_dataset_alias_with_no_taskflow.py for tasks to queue
[2024-10-31T11:46:54.326+0000] {logging_mixin.py:190} INFO - [2024-10-31T11:46:54.326+0000] {dagbag.py:588} INFO - Filling up the DagBag from /home/airflow/.local/lib/python3.12/site-packages/airflow/example_dags/example_dataset_alias_with_no_taskflow.py
[2024-10-31T11:46:54.457+0000] {processor.py:925} INFO - DAG(s) 'dataset_alias_example_alias_producer_with_no_taskflow', 'dataset_s3_bucket_consumer_with_no_taskflow', 'dataset_alias_example_alias_consumer_with_no_taskflow', 'dataset_s3_bucket_producer_with_no_taskflow' retrieved from /home/airflow/.local/lib/python3.12/site-packages/airflow/example_dags/example_dataset_alias_with_no_taskflow.py
[2024-10-31T11:46:54.476+0000] {logging_mixin.py:190} INFO - [2024-10-31T11:46:54.476+0000] {dag.py:3239} INFO - Sync 4 DAGs
[2024-10-31T11:46:54.494+0000] {logging_mixin.py:190} INFO - [2024-10-31T11:46:54.493+0000] {dag.py:4180} INFO - Setting next_dagrun for dataset_alias_example_alias_consumer_with_no_taskflow to None, run_after=None
[2024-10-31T11:46:54.498+0000] {logging_mixin.py:190} INFO - [2024-10-31T11:46:54.497+0000] {dag.py:4180} INFO - Setting next_dagrun for dataset_alias_example_alias_producer_with_no_taskflow to None, run_after=None
[2024-10-31T11:46:54.501+0000] {logging_mixin.py:190} INFO - [2024-10-31T11:46:54.501+0000] {dag.py:4180} INFO - Setting next_dagrun for dataset_s3_bucket_consumer_with_no_taskflow to None, run_after=None
[2024-10-31T11:46:54.505+0000] {logging_mixin.py:190} INFO - [2024-10-31T11:46:54.504+0000] {dag.py:4180} INFO - Setting next_dagrun for dataset_s3_bucket_producer_with_no_taskflow to None, run_after=None
[2024-10-31T11:46:54.525+0000] {processor.py:208} INFO - Processing /home/airflow/.local/lib/python3.12/site-packages/airflow/example_dags/example_dataset_alias_with_no_taskflow.py took 0.208 seconds
[2024-10-31T11:47:24.829+0000] {processor.py:186} INFO - Started process (PID=199) to work on /home/airflow/.local/lib/python3.12/site-packages/airflow/example_dags/example_dataset_alias_with_no_taskflow.py
[2024-10-31T11:47:24.830+0000] {processor.py:914} INFO - Processing file /home/airflow/.local/lib/python3.12/site-packages/airflow/example_dags/example_dataset_alias_with_no_taskflow.py for tasks to queue
[2024-10-31T11:47:24.831+0000] {logging_mixin.py:190} INFO - [2024-10-31T11:47:24.831+0000] {dagbag.py:588} INFO - Filling up the DagBag from /home/airflow/.local/lib/python3.12/site-packages/airflow/example_dags/example_dataset_alias_with_no_taskflow.py
[2024-10-31T11:47:24.936+0000] {processor.py:925} INFO - DAG(s) 'dataset_s3_bucket_consumer_with_no_taskflow', 'dataset_alias_example_alias_consumer_with_no_taskflow', 'dataset_s3_bucket_producer_with_no_taskflow', 'dataset_alias_example_alias_producer_with_no_taskflow' retrieved from /home/airflow/.local/lib/python3.12/site-packages/airflow/example_dags/example_dataset_alias_with_no_taskflow.py
[2024-10-31T11:47:24.956+0000] {logging_mixin.py:190} INFO - [2024-10-31T11:47:24.956+0000] {dag.py:3239} INFO - Sync 4 DAGs
[2024-10-31T11:47:24.973+0000] {logging_mixin.py:190} INFO - [2024-10-31T11:47:24.972+0000] {dag.py:4180} INFO - Setting next_dagrun for dataset_alias_example_alias_consumer_with_no_taskflow to None, run_after=None
[2024-10-31T11:47:24.974+0000] {logging_mixin.py:190} INFO - [2024-10-31T11:47:24.974+0000] {dag.py:4180} INFO - Setting next_dagrun for dataset_alias_example_alias_producer_with_no_taskflow to None, run_after=None
[2024-10-31T11:47:24.975+0000] {logging_mixin.py:190} INFO - [2024-10-31T11:47:24.975+0000] {dag.py:4180} INFO - Setting next_dagrun for dataset_s3_bucket_consumer_with_no_taskflow to None, run_after=None
[2024-10-31T11:47:24.976+0000] {logging_mixin.py:190} INFO - [2024-10-31T11:47:24.976+0000] {dag.py:4180} INFO - Setting next_dagrun for dataset_s3_bucket_producer_with_no_taskflow to None, run_after=None
[2024-10-31T11:47:24.989+0000] {processor.py:208} INFO - Processing /home/airflow/.local/lib/python3.12/site-packages/airflow/example_dags/example_dataset_alias_with_no_taskflow.py took 0.164 seconds
[2024-10-31T11:47:55.208+0000] {processor.py:186} INFO - Started process (PID=263) to work on /home/airflow/.local/lib/python3.12/site-packages/airflow/example_dags/example_dataset_alias_with_no_taskflow.py
[2024-10-31T11:47:55.212+0000] {processor.py:914} INFO - Processing file /home/airflow/.local/lib/python3.12/site-packages/airflow/example_dags/example_dataset_alias_with_no_taskflow.py for tasks to queue
[2024-10-31T11:47:55.214+0000] {logging_mixin.py:190} INFO - [2024-10-31T11:47:55.214+0000] {dagbag.py:588} INFO - Filling up the DagBag from /home/airflow/.local/lib/python3.12/site-packages/airflow/example_dags/example_dataset_alias_with_no_taskflow.py
[2024-10-31T11:47:55.338+0000] {processor.py:925} INFO - DAG(s) 'dataset_alias_example_alias_producer_with_no_taskflow', 'dataset_alias_example_alias_consumer_with_no_taskflow', 'dataset_s3_bucket_consumer_with_no_taskflow', 'dataset_s3_bucket_producer_with_no_taskflow' retrieved from /home/airflow/.local/lib/python3.12/site-packages/airflow/example_dags/example_dataset_alias_with_no_taskflow.py
[2024-10-31T11:47:55.360+0000] {logging_mixin.py:190} INFO - [2024-10-31T11:47:55.360+0000] {dag.py:3239} INFO - Sync 4 DAGs
[2024-10-31T11:47:55.379+0000] {logging_mixin.py:190} INFO - [2024-10-31T11:47:55.378+0000] {dag.py:4180} INFO - Setting next_dagrun for dataset_alias_example_alias_consumer_with_no_taskflow to None, run_after=None
[2024-10-31T11:47:55.381+0000] {logging_mixin.py:190} INFO - [2024-10-31T11:47:55.381+0000] {dag.py:4180} INFO - Setting next_dagrun for dataset_alias_example_alias_producer_with_no_taskflow to None, run_after=None
[2024-10-31T11:47:55.382+0000] {logging_mixin.py:190} INFO - [2024-10-31T11:47:55.382+0000] {dag.py:4180} INFO - Setting next_dagrun for dataset_s3_bucket_consumer_with_no_taskflow to None, run_after=None
[2024-10-31T11:47:55.383+0000] {logging_mixin.py:190} INFO - [2024-10-31T11:47:55.383+0000] {dag.py:4180} INFO - Setting next_dagrun for dataset_s3_bucket_producer_with_no_taskflow to None, run_after=None
[2024-10-31T11:47:55.397+0000] {processor.py:208} INFO - Processing /home/airflow/.local/lib/python3.12/site-packages/airflow/example_dags/example_dataset_alias_with_no_taskflow.py took 0.193 seconds
[2024-10-31T11:48:26.249+0000] {processor.py:186} INFO - Started process (PID=327) to work on /home/airflow/.local/lib/python3.12/site-packages/airflow/example_dags/example_dataset_alias_with_no_taskflow.py
[2024-10-31T11:48:26.252+0000] {processor.py:914} INFO - Processing file /home/airflow/.local/lib/python3.12/site-packages/airflow/example_dags/example_dataset_alias_with_no_taskflow.py for tasks to queue
[2024-10-31T11:48:26.255+0000] {logging_mixin.py:190} INFO - [2024-10-31T11:48:26.255+0000] {dagbag.py:588} INFO - Filling up the DagBag from /home/airflow/.local/lib/python3.12/site-packages/airflow/example_dags/example_dataset_alias_with_no_taskflow.py
[2024-10-31T11:48:26.358+0000] {processor.py:925} INFO - DAG(s) 'dataset_alias_example_alias_producer_with_no_taskflow', 'dataset_s3_bucket_consumer_with_no_taskflow', 'dataset_alias_example_alias_consumer_with_no_taskflow', 'dataset_s3_bucket_producer_with_no_taskflow' retrieved from /home/airflow/.local/lib/python3.12/site-packages/airflow/example_dags/example_dataset_alias_with_no_taskflow.py
[2024-10-31T11:48:26.376+0000] {logging_mixin.py:190} INFO - [2024-10-31T11:48:26.376+0000] {dag.py:3239} INFO - Sync 4 DAGs
[2024-10-31T11:48:26.390+0000] {logging_mixin.py:190} INFO - [2024-10-31T11:48:26.390+0000] {dag.py:4180} INFO - Setting next_dagrun for dataset_alias_example_alias_consumer_with_no_taskflow to None, run_after=None
[2024-10-31T11:48:26.394+0000] {logging_mixin.py:190} INFO - [2024-10-31T11:48:26.393+0000] {dag.py:4180} INFO - Setting next_dagrun for dataset_alias_example_alias_producer_with_no_taskflow to None, run_after=None
[2024-10-31T11:48:26.397+0000] {logging_mixin.py:190} INFO - [2024-10-31T11:48:26.397+0000] {dag.py:4180} INFO - Setting next_dagrun for dataset_s3_bucket_consumer_with_no_taskflow to None, run_after=None
[2024-10-31T11:48:26.398+0000] {logging_mixin.py:190} INFO - [2024-10-31T11:48:26.398+0000] {dag.py:4180} INFO - Setting next_dagrun for dataset_s3_bucket_producer_with_no_taskflow to None, run_after=None
[2024-10-31T11:48:26.415+0000] {processor.py:208} INFO - Processing /home/airflow/.local/lib/python3.12/site-packages/airflow/example_dags/example_dataset_alias_with_no_taskflow.py took 0.172 seconds
[2024-10-31T11:48:57.271+0000] {processor.py:186} INFO - Started process (PID=391) to work on /home/airflow/.local/lib/python3.12/site-packages/airflow/example_dags/example_dataset_alias_with_no_taskflow.py
[2024-10-31T11:48:57.280+0000] {processor.py:914} INFO - Processing file /home/airflow/.local/lib/python3.12/site-packages/airflow/example_dags/example_dataset_alias_with_no_taskflow.py for tasks to queue
[2024-10-31T11:48:57.283+0000] {logging_mixin.py:190} INFO - [2024-10-31T11:48:57.283+0000] {dagbag.py:588} INFO - Filling up the DagBag from /home/airflow/.local/lib/python3.12/site-packages/airflow/example_dags/example_dataset_alias_with_no_taskflow.py
[2024-10-31T11:48:57.407+0000] {processor.py:925} INFO - DAG(s) 'dataset_alias_example_alias_consumer_with_no_taskflow', 'dataset_s3_bucket_producer_with_no_taskflow', 'dataset_s3_bucket_consumer_with_no_taskflow', 'dataset_alias_example_alias_producer_with_no_taskflow' retrieved from /home/airflow/.local/lib/python3.12/site-packages/airflow/example_dags/example_dataset_alias_with_no_taskflow.py
[2024-10-31T11:48:57.427+0000] {logging_mixin.py:190} INFO - [2024-10-31T11:48:57.427+0000] {dag.py:3239} INFO - Sync 4 DAGs
[2024-10-31T11:48:57.451+0000] {logging_mixin.py:190} INFO - [2024-10-31T11:48:57.451+0000] {dag.py:4180} INFO - Setting next_dagrun for dataset_alias_example_alias_consumer_with_no_taskflow to None, run_after=None
[2024-10-31T11:48:57.455+0000] {logging_mixin.py:190} INFO - [2024-10-31T11:48:57.454+0000] {dag.py:4180} INFO - Setting next_dagrun for dataset_alias_example_alias_producer_with_no_taskflow to None, run_after=None
[2024-10-31T11:48:57.455+0000] {logging_mixin.py:190} INFO - [2024-10-31T11:48:57.455+0000] {dag.py:4180} INFO - Setting next_dagrun for dataset_s3_bucket_consumer_with_no_taskflow to None, run_after=None
[2024-10-31T11:48:57.456+0000] {logging_mixin.py:190} INFO - [2024-10-31T11:48:57.456+0000] {dag.py:4180} INFO - Setting next_dagrun for dataset_s3_bucket_producer_with_no_taskflow to None, run_after=None
[2024-10-31T11:48:57.473+0000] {processor.py:208} INFO - Processing /home/airflow/.local/lib/python3.12/site-packages/airflow/example_dags/example_dataset_alias_with_no_taskflow.py took 0.209 seconds
[2024-10-31T11:49:28.439+0000] {processor.py:186} INFO - Started process (PID=455) to work on /home/airflow/.local/lib/python3.12/site-packages/airflow/example_dags/example_dataset_alias_with_no_taskflow.py
[2024-10-31T11:49:28.444+0000] {processor.py:914} INFO - Processing file /home/airflow/.local/lib/python3.12/site-packages/airflow/example_dags/example_dataset_alias_with_no_taskflow.py for tasks to queue
[2024-10-31T11:49:28.448+0000] {logging_mixin.py:190} INFO - [2024-10-31T11:49:28.448+0000] {dagbag.py:588} INFO - Filling up the DagBag from /home/airflow/.local/lib/python3.12/site-packages/airflow/example_dags/example_dataset_alias_with_no_taskflow.py
[2024-10-31T11:49:28.559+0000] {processor.py:925} INFO - DAG(s) 'dataset_s3_bucket_consumer_with_no_taskflow', 'dataset_alias_example_alias_producer_with_no_taskflow', 'dataset_s3_bucket_producer_with_no_taskflow', 'dataset_alias_example_alias_consumer_with_no_taskflow' retrieved from /home/airflow/.local/lib/python3.12/site-packages/airflow/example_dags/example_dataset_alias_with_no_taskflow.py
[2024-10-31T11:49:28.575+0000] {logging_mixin.py:190} INFO - [2024-10-31T11:49:28.575+0000] {dag.py:3239} INFO - Sync 4 DAGs
[2024-10-31T11:49:28.589+0000] {logging_mixin.py:190} INFO - [2024-10-31T11:49:28.589+0000] {dag.py:4180} INFO - Setting next_dagrun for dataset_alias_example_alias_consumer_with_no_taskflow to None, run_after=None
[2024-10-31T11:49:28.593+0000] {logging_mixin.py:190} INFO - [2024-10-31T11:49:28.593+0000] {dag.py:4180} INFO - Setting next_dagrun for dataset_alias_example_alias_producer_with_no_taskflow to None, run_after=None
[2024-10-31T11:49:28.594+0000] {logging_mixin.py:190} INFO - [2024-10-31T11:49:28.594+0000] {dag.py:4180} INFO - Setting next_dagrun for dataset_s3_bucket_consumer_with_no_taskflow to None, run_after=None
[2024-10-31T11:49:28.595+0000] {logging_mixin.py:190} INFO - [2024-10-31T11:49:28.595+0000] {dag.py:4180} INFO - Setting next_dagrun for dataset_s3_bucket_producer_with_no_taskflow to None, run_after=None
[2024-10-31T11:49:28.607+0000] {processor.py:208} INFO - Processing /home/airflow/.local/lib/python3.12/site-packages/airflow/example_dags/example_dataset_alias_with_no_taskflow.py took 0.173 seconds
[2024-10-31T11:49:59.384+0000] {processor.py:186} INFO - Started process (PID=519) to work on /home/airflow/.local/lib/python3.12/site-packages/airflow/example_dags/example_dataset_alias_with_no_taskflow.py
[2024-10-31T11:49:59.391+0000] {processor.py:914} INFO - Processing file /home/airflow/.local/lib/python3.12/site-packages/airflow/example_dags/example_dataset_alias_with_no_taskflow.py for tasks to queue
[2024-10-31T11:49:59.393+0000] {logging_mixin.py:190} INFO - [2024-10-31T11:49:59.393+0000] {dagbag.py:588} INFO - Filling up the DagBag from /home/airflow/.local/lib/python3.12/site-packages/airflow/example_dags/example_dataset_alias_with_no_taskflow.py
[2024-10-31T11:49:59.506+0000] {processor.py:925} INFO - DAG(s) 'dataset_alias_example_alias_consumer_with_no_taskflow', 'dataset_s3_bucket_consumer_with_no_taskflow', 'dataset_alias_example_alias_producer_with_no_taskflow', 'dataset_s3_bucket_producer_with_no_taskflow' retrieved from /home/airflow/.local/lib/python3.12/site-packages/airflow/example_dags/example_dataset_alias_with_no_taskflow.py
[2024-10-31T11:49:59.519+0000] {logging_mixin.py:190} INFO - [2024-10-31T11:49:59.519+0000] {dag.py:3239} INFO - Sync 4 DAGs
[2024-10-31T11:49:59.533+0000] {logging_mixin.py:190} INFO - [2024-10-31T11:49:59.532+0000] {dag.py:4180} INFO - Setting next_dagrun for dataset_alias_example_alias_consumer_with_no_taskflow to None, run_after=None
[2024-10-31T11:49:59.538+0000] {logging_mixin.py:190} INFO - [2024-10-31T11:49:59.538+0000] {dag.py:4180} INFO - Setting next_dagrun for dataset_alias_example_alias_producer_with_no_taskflow to None, run_after=None
[2024-10-31T11:49:59.539+0000] {logging_mixin.py:190} INFO - [2024-10-31T11:49:59.538+0000] {dag.py:4180} INFO - Setting next_dagrun for dataset_s3_bucket_consumer_with_no_taskflow to None, run_after=None
[2024-10-31T11:49:59.539+0000] {logging_mixin.py:190} INFO - [2024-10-31T11:49:59.539+0000] {dag.py:4180} INFO - Setting next_dagrun for dataset_s3_bucket_producer_with_no_taskflow to None, run_after=None
[2024-10-31T11:49:59.553+0000] {processor.py:208} INFO - Processing /home/airflow/.local/lib/python3.12/site-packages/airflow/example_dags/example_dataset_alias_with_no_taskflow.py took 0.175 seconds
[2024-10-31T11:50:30.416+0000] {processor.py:186} INFO - Started process (PID=583) to work on /home/airflow/.local/lib/python3.12/site-packages/airflow/example_dags/example_dataset_alias_with_no_taskflow.py
[2024-10-31T11:50:30.425+0000] {processor.py:914} INFO - Processing file /home/airflow/.local/lib/python3.12/site-packages/airflow/example_dags/example_dataset_alias_with_no_taskflow.py for tasks to queue
[2024-10-31T11:50:30.430+0000] {logging_mixin.py:190} INFO - [2024-10-31T11:50:30.430+0000] {dagbag.py:588} INFO - Filling up the DagBag from /home/airflow/.local/lib/python3.12/site-packages/airflow/example_dags/example_dataset_alias_with_no_taskflow.py
[2024-10-31T11:50:30.552+0000] {processor.py:925} INFO - DAG(s) 'dataset_s3_bucket_producer_with_no_taskflow', 'dataset_alias_example_alias_consumer_with_no_taskflow', 'dataset_s3_bucket_consumer_with_no_taskflow', 'dataset_alias_example_alias_producer_with_no_taskflow' retrieved from /home/airflow/.local/lib/python3.12/site-packages/airflow/example_dags/example_dataset_alias_with_no_taskflow.py
[2024-10-31T11:50:30.570+0000] {logging_mixin.py:190} INFO - [2024-10-31T11:50:30.570+0000] {dag.py:3239} INFO - Sync 4 DAGs
[2024-10-31T11:50:30.585+0000] {logging_mixin.py:190} INFO - [2024-10-31T11:50:30.585+0000] {dag.py:4180} INFO - Setting next_dagrun for dataset_alias_example_alias_consumer_with_no_taskflow to None, run_after=None
[2024-10-31T11:50:30.587+0000] {logging_mixin.py:190} INFO - [2024-10-31T11:50:30.587+0000] {dag.py:4180} INFO - Setting next_dagrun for dataset_alias_example_alias_producer_with_no_taskflow to None, run_after=None
[2024-10-31T11:50:30.589+0000] {logging_mixin.py:190} INFO - [2024-10-31T11:50:30.589+0000] {dag.py:4180} INFO - Setting next_dagrun for dataset_s3_bucket_consumer_with_no_taskflow to None, run_after=None
[2024-10-31T11:50:30.590+0000] {logging_mixin.py:190} INFO - [2024-10-31T11:50:30.590+0000] {dag.py:4180} INFO - Setting next_dagrun for dataset_s3_bucket_producer_with_no_taskflow to None, run_after=None
[2024-10-31T11:50:30.606+0000] {processor.py:208} INFO - Processing /home/airflow/.local/lib/python3.12/site-packages/airflow/example_dags/example_dataset_alias_with_no_taskflow.py took 0.198 seconds
[2024-10-31T11:51:01.626+0000] {processor.py:186} INFO - Started process (PID=646) to work on /home/airflow/.local/lib/python3.12/site-packages/airflow/example_dags/example_dataset_alias_with_no_taskflow.py
[2024-10-31T11:51:01.627+0000] {processor.py:914} INFO - Processing file /home/airflow/.local/lib/python3.12/site-packages/airflow/example_dags/example_dataset_alias_with_no_taskflow.py for tasks to queue
[2024-10-31T11:51:01.633+0000] {logging_mixin.py:190} INFO - [2024-10-31T11:51:01.632+0000] {dagbag.py:588} INFO - Filling up the DagBag from /home/airflow/.local/lib/python3.12/site-packages/airflow/example_dags/example_dataset_alias_with_no_taskflow.py
[2024-10-31T11:51:01.747+0000] {processor.py:925} INFO - DAG(s) 'dataset_s3_bucket_consumer_with_no_taskflow', 'dataset_s3_bucket_producer_with_no_taskflow', 'dataset_alias_example_alias_producer_with_no_taskflow', 'dataset_alias_example_alias_consumer_with_no_taskflow' retrieved from /home/airflow/.local/lib/python3.12/site-packages/airflow/example_dags/example_dataset_alias_with_no_taskflow.py
[2024-10-31T11:51:01.763+0000] {logging_mixin.py:190} INFO - [2024-10-31T11:51:01.763+0000] {dag.py:3239} INFO - Sync 4 DAGs
[2024-10-31T11:51:01.777+0000] {logging_mixin.py:190} INFO - [2024-10-31T11:51:01.776+0000] {dag.py:4180} INFO - Setting next_dagrun for dataset_alias_example_alias_consumer_with_no_taskflow to None, run_after=None
[2024-10-31T11:51:01.780+0000] {logging_mixin.py:190} INFO - [2024-10-31T11:51:01.780+0000] {dag.py:4180} INFO - Setting next_dagrun for dataset_alias_example_alias_producer_with_no_taskflow to None, run_after=None
[2024-10-31T11:51:01.782+0000] {logging_mixin.py:190} INFO - [2024-10-31T11:51:01.782+0000] {dag.py:4180} INFO - Setting next_dagrun for dataset_s3_bucket_consumer_with_no_taskflow to None, run_after=None
[2024-10-31T11:51:01.783+0000] {logging_mixin.py:190} INFO - [2024-10-31T11:51:01.783+0000] {dag.py:4180} INFO - Setting next_dagrun for dataset_s3_bucket_producer_with_no_taskflow to None, run_after=None
[2024-10-31T11:51:01.799+0000] {processor.py:208} INFO - Processing /home/airflow/.local/lib/python3.12/site-packages/airflow/example_dags/example_dataset_alias_with_no_taskflow.py took 0.177 seconds
[2024-10-31T11:51:32.520+0000] {processor.py:186} INFO - Started process (PID=710) to work on /home/airflow/.local/lib/python3.12/site-packages/airflow/example_dags/example_dataset_alias_with_no_taskflow.py
[2024-10-31T11:51:32.528+0000] {processor.py:914} INFO - Processing file /home/airflow/.local/lib/python3.12/site-packages/airflow/example_dags/example_dataset_alias_with_no_taskflow.py for tasks to queue
[2024-10-31T11:51:32.529+0000] {logging_mixin.py:190} INFO - [2024-10-31T11:51:32.529+0000] {dagbag.py:588} INFO - Filling up the DagBag from /home/airflow/.local/lib/python3.12/site-packages/airflow/example_dags/example_dataset_alias_with_no_taskflow.py
[2024-10-31T11:51:32.671+0000] {processor.py:925} INFO - DAG(s) 'dataset_alias_example_alias_consumer_with_no_taskflow', 'dataset_s3_bucket_consumer_with_no_taskflow', 'dataset_s3_bucket_producer_with_no_taskflow', 'dataset_alias_example_alias_producer_with_no_taskflow' retrieved from /home/airflow/.local/lib/python3.12/site-packages/airflow/example_dags/example_dataset_alias_with_no_taskflow.py
[2024-10-31T11:51:32.705+0000] {logging_mixin.py:190} INFO - [2024-10-31T11:51:32.703+0000] {dag.py:3239} INFO - Sync 4 DAGs
[2024-10-31T11:51:32.724+0000] {logging_mixin.py:190} INFO - [2024-10-31T11:51:32.724+0000] {dag.py:4180} INFO - Setting next_dagrun for dataset_alias_example_alias_consumer_with_no_taskflow to None, run_after=None
[2024-10-31T11:51:32.727+0000] {logging_mixin.py:190} INFO - [2024-10-31T11:51:32.727+0000] {dag.py:4180} INFO - Setting next_dagrun for dataset_alias_example_alias_producer_with_no_taskflow to None, run_after=None
[2024-10-31T11:51:32.729+0000] {logging_mixin.py:190} INFO - [2024-10-31T11:51:32.729+0000] {dag.py:4180} INFO - Setting next_dagrun for dataset_s3_bucket_consumer_with_no_taskflow to None, run_after=None
[2024-10-31T11:51:32.730+0000] {logging_mixin.py:190} INFO - [2024-10-31T11:51:32.730+0000] {dag.py:4180} INFO - Setting next_dagrun for dataset_s3_bucket_producer_with_no_taskflow to None, run_after=None
[2024-10-31T11:51:32.761+0000] {processor.py:208} INFO - Processing /home/airflow/.local/lib/python3.12/site-packages/airflow/example_dags/example_dataset_alias_with_no_taskflow.py took 0.248 seconds
[2024-10-31T11:52:02.904+0000] {processor.py:186} INFO - Started process (PID=774) to work on /home/airflow/.local/lib/python3.12/site-packages/airflow/example_dags/example_dataset_alias_with_no_taskflow.py
[2024-10-31T11:52:02.908+0000] {processor.py:914} INFO - Processing file /home/airflow/.local/lib/python3.12/site-packages/airflow/example_dags/example_dataset_alias_with_no_taskflow.py for tasks to queue
[2024-10-31T11:52:02.913+0000] {logging_mixin.py:190} INFO - [2024-10-31T11:52:02.913+0000] {dagbag.py:588} INFO - Filling up the DagBag from /home/airflow/.local/lib/python3.12/site-packages/airflow/example_dags/example_dataset_alias_with_no_taskflow.py
[2024-10-31T11:52:03.029+0000] {processor.py:925} INFO - DAG(s) 'dataset_s3_bucket_consumer_with_no_taskflow', 'dataset_s3_bucket_producer_with_no_taskflow', 'dataset_alias_example_alias_consumer_with_no_taskflow', 'dataset_alias_example_alias_producer_with_no_taskflow' retrieved from /home/airflow/.local/lib/python3.12/site-packages/airflow/example_dags/example_dataset_alias_with_no_taskflow.py
[2024-10-31T11:52:03.045+0000] {logging_mixin.py:190} INFO - [2024-10-31T11:52:03.045+0000] {dag.py:3239} INFO - Sync 4 DAGs
[2024-10-31T11:52:03.059+0000] {logging_mixin.py:190} INFO - [2024-10-31T11:52:03.059+0000] {dag.py:4180} INFO - Setting next_dagrun for dataset_alias_example_alias_consumer_with_no_taskflow to None, run_after=None
[2024-10-31T11:52:03.062+0000] {logging_mixin.py:190} INFO - [2024-10-31T11:52:03.062+0000] {dag.py:4180} INFO - Setting next_dagrun for dataset_alias_example_alias_producer_with_no_taskflow to None, run_after=None
[2024-10-31T11:52:03.064+0000] {logging_mixin.py:190} INFO - [2024-10-31T11:52:03.064+0000] {dag.py:4180} INFO - Setting next_dagrun for dataset_s3_bucket_consumer_with_no_taskflow to None, run_after=None
[2024-10-31T11:52:03.065+0000] {logging_mixin.py:190} INFO - [2024-10-31T11:52:03.065+0000] {dag.py:4180} INFO - Setting next_dagrun for dataset_s3_bucket_producer_with_no_taskflow to None, run_after=None
[2024-10-31T11:52:03.080+0000] {processor.py:208} INFO - Processing /home/airflow/.local/lib/python3.12/site-packages/airflow/example_dags/example_dataset_alias_with_no_taskflow.py took 0.182 seconds
[2024-10-31T11:52:46.608+0000] {processor.py:186} INFO - Started process (PID=57) to work on /home/airflow/.local/lib/python3.12/site-packages/airflow/example_dags/example_dataset_alias_with_no_taskflow.py
[2024-10-31T11:52:46.609+0000] {processor.py:914} INFO - Processing file /home/airflow/.local/lib/python3.12/site-packages/airflow/example_dags/example_dataset_alias_with_no_taskflow.py for tasks to queue
[2024-10-31T11:52:46.611+0000] {logging_mixin.py:190} INFO - [2024-10-31T11:52:46.610+0000] {dagbag.py:588} INFO - Filling up the DagBag from /home/airflow/.local/lib/python3.12/site-packages/airflow/example_dags/example_dataset_alias_with_no_taskflow.py
[2024-10-31T11:52:46.748+0000] {processor.py:925} INFO - DAG(s) 'dataset_s3_bucket_producer_with_no_taskflow', 'dataset_alias_example_alias_consumer_with_no_taskflow', 'dataset_alias_example_alias_producer_with_no_taskflow', 'dataset_s3_bucket_consumer_with_no_taskflow' retrieved from /home/airflow/.local/lib/python3.12/site-packages/airflow/example_dags/example_dataset_alias_with_no_taskflow.py
[2024-10-31T11:52:46.763+0000] {logging_mixin.py:190} INFO - [2024-10-31T11:52:46.763+0000] {dag.py:3239} INFO - Sync 4 DAGs
[2024-10-31T11:52:46.783+0000] {logging_mixin.py:190} INFO - [2024-10-31T11:52:46.783+0000] {dag.py:4180} INFO - Setting next_dagrun for dataset_alias_example_alias_consumer_with_no_taskflow to None, run_after=None
[2024-10-31T11:52:46.786+0000] {logging_mixin.py:190} INFO - [2024-10-31T11:52:46.786+0000] {dag.py:4180} INFO - Setting next_dagrun for dataset_alias_example_alias_producer_with_no_taskflow to None, run_after=None
[2024-10-31T11:52:46.787+0000] {logging_mixin.py:190} INFO - [2024-10-31T11:52:46.787+0000] {dag.py:4180} INFO - Setting next_dagrun for dataset_s3_bucket_consumer_with_no_taskflow to None, run_after=None
[2024-10-31T11:52:46.789+0000] {logging_mixin.py:190} INFO - [2024-10-31T11:52:46.789+0000] {dag.py:4180} INFO - Setting next_dagrun for dataset_s3_bucket_producer_with_no_taskflow to None, run_after=None
[2024-10-31T11:52:46.807+0000] {processor.py:208} INFO - Processing /home/airflow/.local/lib/python3.12/site-packages/airflow/example_dags/example_dataset_alias_with_no_taskflow.py took 0.203 seconds
[2024-10-31T11:53:17.667+0000] {processor.py:186} INFO - Started process (PID=121) to work on /home/airflow/.local/lib/python3.12/site-packages/airflow/example_dags/example_dataset_alias_with_no_taskflow.py
[2024-10-31T11:53:17.672+0000] {processor.py:914} INFO - Processing file /home/airflow/.local/lib/python3.12/site-packages/airflow/example_dags/example_dataset_alias_with_no_taskflow.py for tasks to queue
[2024-10-31T11:53:17.677+0000] {logging_mixin.py:190} INFO - [2024-10-31T11:53:17.677+0000] {dagbag.py:588} INFO - Filling up the DagBag from /home/airflow/.local/lib/python3.12/site-packages/airflow/example_dags/example_dataset_alias_with_no_taskflow.py
[2024-10-31T11:53:17.791+0000] {processor.py:925} INFO - DAG(s) 'dataset_s3_bucket_producer_with_no_taskflow', 'dataset_s3_bucket_consumer_with_no_taskflow', 'dataset_alias_example_alias_consumer_with_no_taskflow', 'dataset_alias_example_alias_producer_with_no_taskflow' retrieved from /home/airflow/.local/lib/python3.12/site-packages/airflow/example_dags/example_dataset_alias_with_no_taskflow.py
[2024-10-31T11:53:17.813+0000] {logging_mixin.py:190} INFO - [2024-10-31T11:53:17.813+0000] {dag.py:3239} INFO - Sync 4 DAGs
[2024-10-31T11:53:17.832+0000] {logging_mixin.py:190} INFO - [2024-10-31T11:53:17.831+0000] {dag.py:4180} INFO - Setting next_dagrun for dataset_alias_example_alias_consumer_with_no_taskflow to None, run_after=None
[2024-10-31T11:53:17.837+0000] {logging_mixin.py:190} INFO - [2024-10-31T11:53:17.837+0000] {dag.py:4180} INFO - Setting next_dagrun for dataset_alias_example_alias_producer_with_no_taskflow to None, run_after=None
[2024-10-31T11:53:17.840+0000] {logging_mixin.py:190} INFO - [2024-10-31T11:53:17.840+0000] {dag.py:4180} INFO - Setting next_dagrun for dataset_s3_bucket_consumer_with_no_taskflow to None, run_after=None
[2024-10-31T11:53:17.841+0000] {logging_mixin.py:190} INFO - [2024-10-31T11:53:17.841+0000] {dag.py:4180} INFO - Setting next_dagrun for dataset_s3_bucket_producer_with_no_taskflow to None, run_after=None
[2024-10-31T11:53:17.858+0000] {processor.py:208} INFO - Processing /home/airflow/.local/lib/python3.12/site-packages/airflow/example_dags/example_dataset_alias_with_no_taskflow.py took 0.196 seconds
[2024-10-31T11:53:48.187+0000] {processor.py:186} INFO - Started process (PID=191) to work on /home/airflow/.local/lib/python3.12/site-packages/airflow/example_dags/example_dataset_alias_with_no_taskflow.py
[2024-10-31T11:53:48.192+0000] {processor.py:914} INFO - Processing file /home/airflow/.local/lib/python3.12/site-packages/airflow/example_dags/example_dataset_alias_with_no_taskflow.py for tasks to queue
[2024-10-31T11:53:48.196+0000] {logging_mixin.py:190} INFO - [2024-10-31T11:53:48.196+0000] {dagbag.py:588} INFO - Filling up the DagBag from /home/airflow/.local/lib/python3.12/site-packages/airflow/example_dags/example_dataset_alias_with_no_taskflow.py
[2024-10-31T11:53:48.299+0000] {processor.py:925} INFO - DAG(s) 'dataset_alias_example_alias_producer_with_no_taskflow', 'dataset_s3_bucket_producer_with_no_taskflow', 'dataset_s3_bucket_consumer_with_no_taskflow', 'dataset_alias_example_alias_consumer_with_no_taskflow' retrieved from /home/airflow/.local/lib/python3.12/site-packages/airflow/example_dags/example_dataset_alias_with_no_taskflow.py
[2024-10-31T11:53:48.319+0000] {logging_mixin.py:190} INFO - [2024-10-31T11:53:48.319+0000] {dag.py:3239} INFO - Sync 4 DAGs
[2024-10-31T11:53:48.334+0000] {logging_mixin.py:190} INFO - [2024-10-31T11:53:48.334+0000] {dag.py:4180} INFO - Setting next_dagrun for dataset_alias_example_alias_consumer_with_no_taskflow to None, run_after=None
[2024-10-31T11:53:48.339+0000] {logging_mixin.py:190} INFO - [2024-10-31T11:53:48.339+0000] {dag.py:4180} INFO - Setting next_dagrun for dataset_alias_example_alias_producer_with_no_taskflow to None, run_after=None
[2024-10-31T11:53:48.340+0000] {logging_mixin.py:190} INFO - [2024-10-31T11:53:48.340+0000] {dag.py:4180} INFO - Setting next_dagrun for dataset_s3_bucket_consumer_with_no_taskflow to None, run_after=None
[2024-10-31T11:53:48.341+0000] {logging_mixin.py:190} INFO - [2024-10-31T11:53:48.341+0000] {dag.py:4180} INFO - Setting next_dagrun for dataset_s3_bucket_producer_with_no_taskflow to None, run_after=None
[2024-10-31T11:53:48.357+0000] {processor.py:208} INFO - Processing /home/airflow/.local/lib/python3.12/site-packages/airflow/example_dags/example_dataset_alias_with_no_taskflow.py took 0.174 seconds
[2024-10-31T11:54:18.456+0000] {processor.py:186} INFO - Started process (PID=255) to work on /home/airflow/.local/lib/python3.12/site-packages/airflow/example_dags/example_dataset_alias_with_no_taskflow.py
[2024-10-31T11:54:18.460+0000] {processor.py:914} INFO - Processing file /home/airflow/.local/lib/python3.12/site-packages/airflow/example_dags/example_dataset_alias_with_no_taskflow.py for tasks to queue
[2024-10-31T11:54:18.464+0000] {logging_mixin.py:190} INFO - [2024-10-31T11:54:18.464+0000] {dagbag.py:588} INFO - Filling up the DagBag from /home/airflow/.local/lib/python3.12/site-packages/airflow/example_dags/example_dataset_alias_with_no_taskflow.py
[2024-10-31T11:54:18.576+0000] {processor.py:925} INFO - DAG(s) 'dataset_s3_bucket_producer_with_no_taskflow', 'dataset_alias_example_alias_producer_with_no_taskflow', 'dataset_alias_example_alias_consumer_with_no_taskflow', 'dataset_s3_bucket_consumer_with_no_taskflow' retrieved from /home/airflow/.local/lib/python3.12/site-packages/airflow/example_dags/example_dataset_alias_with_no_taskflow.py
[2024-10-31T11:54:18.591+0000] {logging_mixin.py:190} INFO - [2024-10-31T11:54:18.591+0000] {dag.py:3239} INFO - Sync 4 DAGs
[2024-10-31T11:54:18.605+0000] {logging_mixin.py:190} INFO - [2024-10-31T11:54:18.605+0000] {dag.py:4180} INFO - Setting next_dagrun for dataset_alias_example_alias_consumer_with_no_taskflow to None, run_after=None
[2024-10-31T11:54:18.610+0000] {logging_mixin.py:190} INFO - [2024-10-31T11:54:18.609+0000] {dag.py:4180} INFO - Setting next_dagrun for dataset_alias_example_alias_producer_with_no_taskflow to None, run_after=None
[2024-10-31T11:54:18.613+0000] {logging_mixin.py:190} INFO - [2024-10-31T11:54:18.612+0000] {dag.py:4180} INFO - Setting next_dagrun for dataset_s3_bucket_consumer_with_no_taskflow to None, run_after=None
[2024-10-31T11:54:18.615+0000] {logging_mixin.py:190} INFO - [2024-10-31T11:54:18.615+0000] {dag.py:4180} INFO - Setting next_dagrun for dataset_s3_bucket_producer_with_no_taskflow to None, run_after=None
[2024-10-31T11:54:18.631+0000] {processor.py:208} INFO - Processing /home/airflow/.local/lib/python3.12/site-packages/airflow/example_dags/example_dataset_alias_with_no_taskflow.py took 0.179 seconds
[2024-10-31T11:54:48.754+0000] {processor.py:186} INFO - Started process (PID=318) to work on /home/airflow/.local/lib/python3.12/site-packages/airflow/example_dags/example_dataset_alias_with_no_taskflow.py
[2024-10-31T11:54:48.758+0000] {processor.py:914} INFO - Processing file /home/airflow/.local/lib/python3.12/site-packages/airflow/example_dags/example_dataset_alias_with_no_taskflow.py for tasks to queue
[2024-10-31T11:54:48.762+0000] {logging_mixin.py:190} INFO - [2024-10-31T11:54:48.761+0000] {dagbag.py:588} INFO - Filling up the DagBag from /home/airflow/.local/lib/python3.12/site-packages/airflow/example_dags/example_dataset_alias_with_no_taskflow.py
[2024-10-31T11:54:48.908+0000] {processor.py:925} INFO - DAG(s) 'dataset_alias_example_alias_producer_with_no_taskflow', 'dataset_s3_bucket_consumer_with_no_taskflow', 'dataset_s3_bucket_producer_with_no_taskflow', 'dataset_alias_example_alias_consumer_with_no_taskflow' retrieved from /home/airflow/.local/lib/python3.12/site-packages/airflow/example_dags/example_dataset_alias_with_no_taskflow.py
[2024-10-31T11:54:48.939+0000] {logging_mixin.py:190} INFO - [2024-10-31T11:54:48.939+0000] {dag.py:3239} INFO - Sync 4 DAGs
[2024-10-31T11:54:48.963+0000] {logging_mixin.py:190} INFO - [2024-10-31T11:54:48.963+0000] {dag.py:4180} INFO - Setting next_dagrun for dataset_alias_example_alias_consumer_with_no_taskflow to None, run_after=None
[2024-10-31T11:54:48.967+0000] {logging_mixin.py:190} INFO - [2024-10-31T11:54:48.966+0000] {dag.py:4180} INFO - Setting next_dagrun for dataset_alias_example_alias_producer_with_no_taskflow to None, run_after=None
[2024-10-31T11:54:48.967+0000] {logging_mixin.py:190} INFO - [2024-10-31T11:54:48.967+0000] {dag.py:4180} INFO - Setting next_dagrun for dataset_s3_bucket_consumer_with_no_taskflow to None, run_after=None
[2024-10-31T11:54:48.968+0000] {logging_mixin.py:190} INFO - [2024-10-31T11:54:48.968+0000] {dag.py:4180} INFO - Setting next_dagrun for dataset_s3_bucket_producer_with_no_taskflow to None, run_after=None
[2024-10-31T11:54:48.990+0000] {processor.py:208} INFO - Processing /home/airflow/.local/lib/python3.12/site-packages/airflow/example_dags/example_dataset_alias_with_no_taskflow.py took 0.242 seconds
[2024-10-31T11:55:19.053+0000] {processor.py:186} INFO - Started process (PID=382) to work on /home/airflow/.local/lib/python3.12/site-packages/airflow/example_dags/example_dataset_alias_with_no_taskflow.py
[2024-10-31T11:55:19.058+0000] {processor.py:914} INFO - Processing file /home/airflow/.local/lib/python3.12/site-packages/airflow/example_dags/example_dataset_alias_with_no_taskflow.py for tasks to queue
[2024-10-31T11:55:19.064+0000] {logging_mixin.py:190} INFO - [2024-10-31T11:55:19.063+0000] {dagbag.py:588} INFO - Filling up the DagBag from /home/airflow/.local/lib/python3.12/site-packages/airflow/example_dags/example_dataset_alias_with_no_taskflow.py
[2024-10-31T11:55:19.206+0000] {processor.py:925} INFO - DAG(s) 'dataset_alias_example_alias_consumer_with_no_taskflow', 'dataset_alias_example_alias_producer_with_no_taskflow', 'dataset_s3_bucket_consumer_with_no_taskflow', 'dataset_s3_bucket_producer_with_no_taskflow' retrieved from /home/airflow/.local/lib/python3.12/site-packages/airflow/example_dags/example_dataset_alias_with_no_taskflow.py
[2024-10-31T11:55:19.230+0000] {logging_mixin.py:190} INFO - [2024-10-31T11:55:19.230+0000] {dag.py:3239} INFO - Sync 4 DAGs
[2024-10-31T11:55:19.249+0000] {logging_mixin.py:190} INFO - [2024-10-31T11:55:19.249+0000] {dag.py:4180} INFO - Setting next_dagrun for dataset_alias_example_alias_consumer_with_no_taskflow to None, run_after=None
[2024-10-31T11:55:19.252+0000] {logging_mixin.py:190} INFO - [2024-10-31T11:55:19.252+0000] {dag.py:4180} INFO - Setting next_dagrun for dataset_alias_example_alias_producer_with_no_taskflow to None, run_after=None
[2024-10-31T11:55:19.254+0000] {logging_mixin.py:190} INFO - [2024-10-31T11:55:19.254+0000] {dag.py:4180} INFO - Setting next_dagrun for dataset_s3_bucket_consumer_with_no_taskflow to None, run_after=None
[2024-10-31T11:55:19.256+0000] {logging_mixin.py:190} INFO - [2024-10-31T11:55:19.256+0000] {dag.py:4180} INFO - Setting next_dagrun for dataset_s3_bucket_producer_with_no_taskflow to None, run_after=None
[2024-10-31T11:55:19.275+0000] {processor.py:208} INFO - Processing /home/airflow/.local/lib/python3.12/site-packages/airflow/example_dags/example_dataset_alias_with_no_taskflow.py took 0.226 seconds
[2024-10-31T11:55:49.400+0000] {processor.py:186} INFO - Started process (PID=446) to work on /home/airflow/.local/lib/python3.12/site-packages/airflow/example_dags/example_dataset_alias_with_no_taskflow.py
[2024-10-31T11:55:49.408+0000] {processor.py:914} INFO - Processing file /home/airflow/.local/lib/python3.12/site-packages/airflow/example_dags/example_dataset_alias_with_no_taskflow.py for tasks to queue
[2024-10-31T11:55:49.412+0000] {logging_mixin.py:190} INFO - [2024-10-31T11:55:49.412+0000] {dagbag.py:588} INFO - Filling up the DagBag from /home/airflow/.local/lib/python3.12/site-packages/airflow/example_dags/example_dataset_alias_with_no_taskflow.py
[2024-10-31T11:55:49.505+0000] {processor.py:925} INFO - DAG(s) 'dataset_s3_bucket_producer_with_no_taskflow', 'dataset_alias_example_alias_producer_with_no_taskflow', 'dataset_alias_example_alias_consumer_with_no_taskflow', 'dataset_s3_bucket_consumer_with_no_taskflow' retrieved from /home/airflow/.local/lib/python3.12/site-packages/airflow/example_dags/example_dataset_alias_with_no_taskflow.py
[2024-10-31T11:55:49.523+0000] {logging_mixin.py:190} INFO - [2024-10-31T11:55:49.523+0000] {dag.py:3239} INFO - Sync 4 DAGs
[2024-10-31T11:55:49.539+0000] {logging_mixin.py:190} INFO - [2024-10-31T11:55:49.538+0000] {dag.py:4180} INFO - Setting next_dagrun for dataset_alias_example_alias_consumer_with_no_taskflow to None, run_after=None
[2024-10-31T11:55:49.541+0000] {logging_mixin.py:190} INFO - [2024-10-31T11:55:49.541+0000] {dag.py:4180} INFO - Setting next_dagrun for dataset_alias_example_alias_producer_with_no_taskflow to None, run_after=None
[2024-10-31T11:55:49.542+0000] {logging_mixin.py:190} INFO - [2024-10-31T11:55:49.542+0000] {dag.py:4180} INFO - Setting next_dagrun for dataset_s3_bucket_consumer_with_no_taskflow to None, run_after=None
[2024-10-31T11:55:49.544+0000] {logging_mixin.py:190} INFO - [2024-10-31T11:55:49.544+0000] {dag.py:4180} INFO - Setting next_dagrun for dataset_s3_bucket_producer_with_no_taskflow to None, run_after=None
[2024-10-31T11:55:49.565+0000] {processor.py:208} INFO - Processing /home/airflow/.local/lib/python3.12/site-packages/airflow/example_dags/example_dataset_alias_with_no_taskflow.py took 0.169 seconds
[2024-10-31T11:56:19.613+0000] {processor.py:186} INFO - Started process (PID=510) to work on /home/airflow/.local/lib/python3.12/site-packages/airflow/example_dags/example_dataset_alias_with_no_taskflow.py
[2024-10-31T11:56:19.614+0000] {processor.py:914} INFO - Processing file /home/airflow/.local/lib/python3.12/site-packages/airflow/example_dags/example_dataset_alias_with_no_taskflow.py for tasks to queue
[2024-10-31T11:56:19.616+0000] {logging_mixin.py:190} INFO - [2024-10-31T11:56:19.616+0000] {dagbag.py:588} INFO - Filling up the DagBag from /home/airflow/.local/lib/python3.12/site-packages/airflow/example_dags/example_dataset_alias_with_no_taskflow.py
[2024-10-31T11:56:19.749+0000] {processor.py:925} INFO - DAG(s) 'dataset_s3_bucket_consumer_with_no_taskflow', 'dataset_s3_bucket_producer_with_no_taskflow', 'dataset_alias_example_alias_consumer_with_no_taskflow', 'dataset_alias_example_alias_producer_with_no_taskflow' retrieved from /home/airflow/.local/lib/python3.12/site-packages/airflow/example_dags/example_dataset_alias_with_no_taskflow.py
[2024-10-31T11:56:19.766+0000] {logging_mixin.py:190} INFO - [2024-10-31T11:56:19.766+0000] {dag.py:3239} INFO - Sync 4 DAGs
[2024-10-31T11:56:19.782+0000] {logging_mixin.py:190} INFO - [2024-10-31T11:56:19.782+0000] {dag.py:4180} INFO - Setting next_dagrun for dataset_alias_example_alias_consumer_with_no_taskflow to None, run_after=None
[2024-10-31T11:56:19.786+0000] {logging_mixin.py:190} INFO - [2024-10-31T11:56:19.786+0000] {dag.py:4180} INFO - Setting next_dagrun for dataset_alias_example_alias_producer_with_no_taskflow to None, run_after=None
[2024-10-31T11:56:19.789+0000] {logging_mixin.py:190} INFO - [2024-10-31T11:56:19.789+0000] {dag.py:4180} INFO - Setting next_dagrun for dataset_s3_bucket_consumer_with_no_taskflow to None, run_after=None
[2024-10-31T11:56:19.791+0000] {logging_mixin.py:190} INFO - [2024-10-31T11:56:19.791+0000] {dag.py:4180} INFO - Setting next_dagrun for dataset_s3_bucket_producer_with_no_taskflow to None, run_after=None
[2024-10-31T11:56:19.808+0000] {processor.py:208} INFO - Processing /home/airflow/.local/lib/python3.12/site-packages/airflow/example_dags/example_dataset_alias_with_no_taskflow.py took 0.198 seconds
[2024-10-31T11:56:49.973+0000] {processor.py:186} INFO - Started process (PID=574) to work on /home/airflow/.local/lib/python3.12/site-packages/airflow/example_dags/example_dataset_alias_with_no_taskflow.py
[2024-10-31T11:56:49.975+0000] {processor.py:914} INFO - Processing file /home/airflow/.local/lib/python3.12/site-packages/airflow/example_dags/example_dataset_alias_with_no_taskflow.py for tasks to queue
[2024-10-31T11:56:49.979+0000] {logging_mixin.py:190} INFO - [2024-10-31T11:56:49.979+0000] {dagbag.py:588} INFO - Filling up the DagBag from /home/airflow/.local/lib/python3.12/site-packages/airflow/example_dags/example_dataset_alias_with_no_taskflow.py
[2024-10-31T11:56:50.090+0000] {processor.py:925} INFO - DAG(s) 'dataset_alias_example_alias_consumer_with_no_taskflow', 'dataset_s3_bucket_consumer_with_no_taskflow', 'dataset_s3_bucket_producer_with_no_taskflow', 'dataset_alias_example_alias_producer_with_no_taskflow' retrieved from /home/airflow/.local/lib/python3.12/site-packages/airflow/example_dags/example_dataset_alias_with_no_taskflow.py
[2024-10-31T11:56:50.110+0000] {logging_mixin.py:190} INFO - [2024-10-31T11:56:50.110+0000] {dag.py:3239} INFO - Sync 4 DAGs
[2024-10-31T11:56:50.126+0000] {logging_mixin.py:190} INFO - [2024-10-31T11:56:50.126+0000] {dag.py:4180} INFO - Setting next_dagrun for dataset_alias_example_alias_consumer_with_no_taskflow to None, run_after=None
[2024-10-31T11:56:50.129+0000] {logging_mixin.py:190} INFO - [2024-10-31T11:56:50.129+0000] {dag.py:4180} INFO - Setting next_dagrun for dataset_alias_example_alias_producer_with_no_taskflow to None, run_after=None
[2024-10-31T11:56:50.131+0000] {logging_mixin.py:190} INFO - [2024-10-31T11:56:50.131+0000] {dag.py:4180} INFO - Setting next_dagrun for dataset_s3_bucket_consumer_with_no_taskflow to None, run_after=None
[2024-10-31T11:56:50.133+0000] {logging_mixin.py:190} INFO - [2024-10-31T11:56:50.133+0000] {dag.py:4180} INFO - Setting next_dagrun for dataset_s3_bucket_producer_with_no_taskflow to None, run_after=None
[2024-10-31T11:56:50.154+0000] {processor.py:208} INFO - Processing /home/airflow/.local/lib/python3.12/site-packages/airflow/example_dags/example_dataset_alias_with_no_taskflow.py took 0.187 seconds
[2024-10-31T11:57:20.212+0000] {processor.py:186} INFO - Started process (PID=638) to work on /home/airflow/.local/lib/python3.12/site-packages/airflow/example_dags/example_dataset_alias_with_no_taskflow.py
[2024-10-31T11:57:20.216+0000] {processor.py:914} INFO - Processing file /home/airflow/.local/lib/python3.12/site-packages/airflow/example_dags/example_dataset_alias_with_no_taskflow.py for tasks to queue
[2024-10-31T11:57:20.218+0000] {logging_mixin.py:190} INFO - [2024-10-31T11:57:20.218+0000] {dagbag.py:588} INFO - Filling up the DagBag from /home/airflow/.local/lib/python3.12/site-packages/airflow/example_dags/example_dataset_alias_with_no_taskflow.py
[2024-10-31T11:57:20.334+0000] {processor.py:925} INFO - DAG(s) 'dataset_alias_example_alias_producer_with_no_taskflow', 'dataset_s3_bucket_producer_with_no_taskflow', 'dataset_s3_bucket_consumer_with_no_taskflow', 'dataset_alias_example_alias_consumer_with_no_taskflow' retrieved from /home/airflow/.local/lib/python3.12/site-packages/airflow/example_dags/example_dataset_alias_with_no_taskflow.py
[2024-10-31T11:57:20.350+0000] {logging_mixin.py:190} INFO - [2024-10-31T11:57:20.350+0000] {dag.py:3239} INFO - Sync 4 DAGs
[2024-10-31T11:57:20.367+0000] {logging_mixin.py:190} INFO - [2024-10-31T11:57:20.366+0000] {dag.py:4180} INFO - Setting next_dagrun for dataset_alias_example_alias_consumer_with_no_taskflow to None, run_after=None
[2024-10-31T11:57:20.369+0000] {logging_mixin.py:190} INFO - [2024-10-31T11:57:20.369+0000] {dag.py:4180} INFO - Setting next_dagrun for dataset_alias_example_alias_producer_with_no_taskflow to None, run_after=None
[2024-10-31T11:57:20.372+0000] {logging_mixin.py:190} INFO - [2024-10-31T11:57:20.372+0000] {dag.py:4180} INFO - Setting next_dagrun for dataset_s3_bucket_consumer_with_no_taskflow to None, run_after=None
[2024-10-31T11:57:20.374+0000] {logging_mixin.py:190} INFO - [2024-10-31T11:57:20.374+0000] {dag.py:4180} INFO - Setting next_dagrun for dataset_s3_bucket_producer_with_no_taskflow to None, run_after=None
[2024-10-31T11:57:20.394+0000] {processor.py:208} INFO - Processing /home/airflow/.local/lib/python3.12/site-packages/airflow/example_dags/example_dataset_alias_with_no_taskflow.py took 0.187 seconds
[2024-10-31T11:57:50.677+0000] {processor.py:186} INFO - Started process (PID=701) to work on /home/airflow/.local/lib/python3.12/site-packages/airflow/example_dags/example_dataset_alias_with_no_taskflow.py
[2024-10-31T11:57:50.678+0000] {processor.py:914} INFO - Processing file /home/airflow/.local/lib/python3.12/site-packages/airflow/example_dags/example_dataset_alias_with_no_taskflow.py for tasks to queue
[2024-10-31T11:57:50.680+0000] {logging_mixin.py:190} INFO - [2024-10-31T11:57:50.680+0000] {dagbag.py:588} INFO - Filling up the DagBag from /home/airflow/.local/lib/python3.12/site-packages/airflow/example_dags/example_dataset_alias_with_no_taskflow.py
[2024-10-31T11:57:50.794+0000] {processor.py:925} INFO - DAG(s) 'dataset_s3_bucket_consumer_with_no_taskflow', 'dataset_alias_example_alias_producer_with_no_taskflow', 'dataset_s3_bucket_producer_with_no_taskflow', 'dataset_alias_example_alias_consumer_with_no_taskflow' retrieved from /home/airflow/.local/lib/python3.12/site-packages/airflow/example_dags/example_dataset_alias_with_no_taskflow.py
[2024-10-31T11:57:50.808+0000] {logging_mixin.py:190} INFO - [2024-10-31T11:57:50.808+0000] {dag.py:3239} INFO - Sync 4 DAGs
[2024-10-31T11:57:50.826+0000] {logging_mixin.py:190} INFO - [2024-10-31T11:57:50.825+0000] {dag.py:4180} INFO - Setting next_dagrun for dataset_alias_example_alias_consumer_with_no_taskflow to None, run_after=None
[2024-10-31T11:57:50.829+0000] {logging_mixin.py:190} INFO - [2024-10-31T11:57:50.829+0000] {dag.py:4180} INFO - Setting next_dagrun for dataset_alias_example_alias_producer_with_no_taskflow to None, run_after=None
[2024-10-31T11:57:50.835+0000] {logging_mixin.py:190} INFO - [2024-10-31T11:57:50.835+0000] {dag.py:4180} INFO - Setting next_dagrun for dataset_s3_bucket_consumer_with_no_taskflow to None, run_after=None
[2024-10-31T11:57:50.837+0000] {logging_mixin.py:190} INFO - [2024-10-31T11:57:50.836+0000] {dag.py:4180} INFO - Setting next_dagrun for dataset_s3_bucket_producer_with_no_taskflow to None, run_after=None
[2024-10-31T11:57:50.861+0000] {processor.py:208} INFO - Processing /home/airflow/.local/lib/python3.12/site-packages/airflow/example_dags/example_dataset_alias_with_no_taskflow.py took 0.189 seconds
[2024-10-31T11:58:20.936+0000] {processor.py:186} INFO - Started process (PID=765) to work on /home/airflow/.local/lib/python3.12/site-packages/airflow/example_dags/example_dataset_alias_with_no_taskflow.py
[2024-10-31T11:58:20.937+0000] {processor.py:914} INFO - Processing file /home/airflow/.local/lib/python3.12/site-packages/airflow/example_dags/example_dataset_alias_with_no_taskflow.py for tasks to queue
[2024-10-31T11:58:20.939+0000] {logging_mixin.py:190} INFO - [2024-10-31T11:58:20.939+0000] {dagbag.py:588} INFO - Filling up the DagBag from /home/airflow/.local/lib/python3.12/site-packages/airflow/example_dags/example_dataset_alias_with_no_taskflow.py
[2024-10-31T11:58:21.049+0000] {processor.py:925} INFO - DAG(s) 'dataset_s3_bucket_producer_with_no_taskflow', 'dataset_s3_bucket_consumer_with_no_taskflow', 'dataset_alias_example_alias_consumer_with_no_taskflow', 'dataset_alias_example_alias_producer_with_no_taskflow' retrieved from /home/airflow/.local/lib/python3.12/site-packages/airflow/example_dags/example_dataset_alias_with_no_taskflow.py
[2024-10-31T11:58:21.070+0000] {logging_mixin.py:190} INFO - [2024-10-31T11:58:21.070+0000] {dag.py:3239} INFO - Sync 4 DAGs
[2024-10-31T11:58:21.086+0000] {logging_mixin.py:190} INFO - [2024-10-31T11:58:21.086+0000] {dag.py:4180} INFO - Setting next_dagrun for dataset_alias_example_alias_consumer_with_no_taskflow to None, run_after=None
[2024-10-31T11:58:21.090+0000] {logging_mixin.py:190} INFO - [2024-10-31T11:58:21.089+0000] {dag.py:4180} INFO - Setting next_dagrun for dataset_alias_example_alias_producer_with_no_taskflow to None, run_after=None
[2024-10-31T11:58:21.092+0000] {logging_mixin.py:190} INFO - [2024-10-31T11:58:21.092+0000] {dag.py:4180} INFO - Setting next_dagrun for dataset_s3_bucket_consumer_with_no_taskflow to None, run_after=None
[2024-10-31T11:58:21.094+0000] {logging_mixin.py:190} INFO - [2024-10-31T11:58:21.094+0000] {dag.py:4180} INFO - Setting next_dagrun for dataset_s3_bucket_producer_with_no_taskflow to None, run_after=None
[2024-10-31T11:58:21.108+0000] {processor.py:208} INFO - Processing /home/airflow/.local/lib/python3.12/site-packages/airflow/example_dags/example_dataset_alias_with_no_taskflow.py took 0.176 seconds
[2024-10-31T11:58:52.087+0000] {processor.py:186} INFO - Started process (PID=829) to work on /home/airflow/.local/lib/python3.12/site-packages/airflow/example_dags/example_dataset_alias_with_no_taskflow.py
[2024-10-31T11:58:52.091+0000] {processor.py:914} INFO - Processing file /home/airflow/.local/lib/python3.12/site-packages/airflow/example_dags/example_dataset_alias_with_no_taskflow.py for tasks to queue
[2024-10-31T11:58:52.095+0000] {logging_mixin.py:190} INFO - [2024-10-31T11:58:52.094+0000] {dagbag.py:588} INFO - Filling up the DagBag from /home/airflow/.local/lib/python3.12/site-packages/airflow/example_dags/example_dataset_alias_with_no_taskflow.py
[2024-10-31T11:58:52.222+0000] {processor.py:925} INFO - DAG(s) 'dataset_s3_bucket_producer_with_no_taskflow', 'dataset_s3_bucket_consumer_with_no_taskflow', 'dataset_alias_example_alias_producer_with_no_taskflow', 'dataset_alias_example_alias_consumer_with_no_taskflow' retrieved from /home/airflow/.local/lib/python3.12/site-packages/airflow/example_dags/example_dataset_alias_with_no_taskflow.py
[2024-10-31T11:58:52.239+0000] {logging_mixin.py:190} INFO - [2024-10-31T11:58:52.239+0000] {dag.py:3239} INFO - Sync 4 DAGs
[2024-10-31T11:58:52.255+0000] {logging_mixin.py:190} INFO - [2024-10-31T11:58:52.255+0000] {dag.py:4180} INFO - Setting next_dagrun for dataset_alias_example_alias_consumer_with_no_taskflow to None, run_after=None
[2024-10-31T11:58:52.260+0000] {logging_mixin.py:190} INFO - [2024-10-31T11:58:52.260+0000] {dag.py:4180} INFO - Setting next_dagrun for dataset_alias_example_alias_producer_with_no_taskflow to None, run_after=None
[2024-10-31T11:58:52.262+0000] {logging_mixin.py:190} INFO - [2024-10-31T11:58:52.262+0000] {dag.py:4180} INFO - Setting next_dagrun for dataset_s3_bucket_consumer_with_no_taskflow to None, run_after=None
[2024-10-31T11:58:52.264+0000] {logging_mixin.py:190} INFO - [2024-10-31T11:58:52.264+0000] {dag.py:4180} INFO - Setting next_dagrun for dataset_s3_bucket_producer_with_no_taskflow to None, run_after=None
[2024-10-31T11:58:52.286+0000] {processor.py:208} INFO - Processing /home/airflow/.local/lib/python3.12/site-packages/airflow/example_dags/example_dataset_alias_with_no_taskflow.py took 0.203 seconds
[2024-10-31T11:59:22.469+0000] {processor.py:186} INFO - Started process (PID=893) to work on /home/airflow/.local/lib/python3.12/site-packages/airflow/example_dags/example_dataset_alias_with_no_taskflow.py
[2024-10-31T11:59:22.470+0000] {processor.py:914} INFO - Processing file /home/airflow/.local/lib/python3.12/site-packages/airflow/example_dags/example_dataset_alias_with_no_taskflow.py for tasks to queue
[2024-10-31T11:59:22.475+0000] {logging_mixin.py:190} INFO - [2024-10-31T11:59:22.475+0000] {dagbag.py:588} INFO - Filling up the DagBag from /home/airflow/.local/lib/python3.12/site-packages/airflow/example_dags/example_dataset_alias_with_no_taskflow.py
[2024-10-31T11:59:22.588+0000] {processor.py:925} INFO - DAG(s) 'dataset_alias_example_alias_producer_with_no_taskflow', 'dataset_s3_bucket_producer_with_no_taskflow', 'dataset_alias_example_alias_consumer_with_no_taskflow', 'dataset_s3_bucket_consumer_with_no_taskflow' retrieved from /home/airflow/.local/lib/python3.12/site-packages/airflow/example_dags/example_dataset_alias_with_no_taskflow.py
[2024-10-31T11:59:22.609+0000] {logging_mixin.py:190} INFO - [2024-10-31T11:59:22.609+0000] {dag.py:3239} INFO - Sync 4 DAGs
[2024-10-31T11:59:22.623+0000] {logging_mixin.py:190} INFO - [2024-10-31T11:59:22.623+0000] {dag.py:4180} INFO - Setting next_dagrun for dataset_alias_example_alias_consumer_with_no_taskflow to None, run_after=None
[2024-10-31T11:59:22.626+0000] {logging_mixin.py:190} INFO - [2024-10-31T11:59:22.626+0000] {dag.py:4180} INFO - Setting next_dagrun for dataset_alias_example_alias_producer_with_no_taskflow to None, run_after=None
[2024-10-31T11:59:22.628+0000] {logging_mixin.py:190} INFO - [2024-10-31T11:59:22.628+0000] {dag.py:4180} INFO - Setting next_dagrun for dataset_s3_bucket_consumer_with_no_taskflow to None, run_after=None
[2024-10-31T11:59:22.632+0000] {logging_mixin.py:190} INFO - [2024-10-31T11:59:22.632+0000] {dag.py:4180} INFO - Setting next_dagrun for dataset_s3_bucket_producer_with_no_taskflow to None, run_after=None
[2024-10-31T11:59:22.652+0000] {processor.py:208} INFO - Processing /home/airflow/.local/lib/python3.12/site-packages/airflow/example_dags/example_dataset_alias_with_no_taskflow.py took 0.187 seconds
[2024-10-31T11:59:53.074+0000] {processor.py:186} INFO - Started process (PID=957) to work on /home/airflow/.local/lib/python3.12/site-packages/airflow/example_dags/example_dataset_alias_with_no_taskflow.py
[2024-10-31T11:59:53.078+0000] {processor.py:914} INFO - Processing file /home/airflow/.local/lib/python3.12/site-packages/airflow/example_dags/example_dataset_alias_with_no_taskflow.py for tasks to queue
[2024-10-31T11:59:53.080+0000] {logging_mixin.py:190} INFO - [2024-10-31T11:59:53.080+0000] {dagbag.py:588} INFO - Filling up the DagBag from /home/airflow/.local/lib/python3.12/site-packages/airflow/example_dags/example_dataset_alias_with_no_taskflow.py
[2024-10-31T11:59:53.224+0000] {processor.py:925} INFO - DAG(s) 'dataset_alias_example_alias_producer_with_no_taskflow', 'dataset_s3_bucket_producer_with_no_taskflow', 'dataset_alias_example_alias_consumer_with_no_taskflow', 'dataset_s3_bucket_consumer_with_no_taskflow' retrieved from /home/airflow/.local/lib/python3.12/site-packages/airflow/example_dags/example_dataset_alias_with_no_taskflow.py
[2024-10-31T11:59:53.250+0000] {logging_mixin.py:190} INFO - [2024-10-31T11:59:53.250+0000] {dag.py:3239} INFO - Sync 4 DAGs
[2024-10-31T11:59:53.266+0000] {logging_mixin.py:190} INFO - [2024-10-31T11:59:53.265+0000] {dag.py:4180} INFO - Setting next_dagrun for dataset_alias_example_alias_consumer_with_no_taskflow to None, run_after=None
[2024-10-31T11:59:53.270+0000] {logging_mixin.py:190} INFO - [2024-10-31T11:59:53.269+0000] {dag.py:4180} INFO - Setting next_dagrun for dataset_alias_example_alias_producer_with_no_taskflow to None, run_after=None
[2024-10-31T11:59:53.271+0000] {logging_mixin.py:190} INFO - [2024-10-31T11:59:53.271+0000] {dag.py:4180} INFO - Setting next_dagrun for dataset_s3_bucket_consumer_with_no_taskflow to None, run_after=None
[2024-10-31T11:59:53.273+0000] {logging_mixin.py:190} INFO - [2024-10-31T11:59:53.273+0000] {dag.py:4180} INFO - Setting next_dagrun for dataset_s3_bucket_producer_with_no_taskflow to None, run_after=None
[2024-10-31T11:59:53.291+0000] {processor.py:208} INFO - Processing /home/airflow/.local/lib/python3.12/site-packages/airflow/example_dags/example_dataset_alias_with_no_taskflow.py took 0.221 seconds
[2024-10-31T12:00:23.676+0000] {processor.py:186} INFO - Started process (PID=1020) to work on /home/airflow/.local/lib/python3.12/site-packages/airflow/example_dags/example_dataset_alias_with_no_taskflow.py
[2024-10-31T12:00:23.677+0000] {processor.py:914} INFO - Processing file /home/airflow/.local/lib/python3.12/site-packages/airflow/example_dags/example_dataset_alias_with_no_taskflow.py for tasks to queue
[2024-10-31T12:00:23.679+0000] {logging_mixin.py:190} INFO - [2024-10-31T12:00:23.679+0000] {dagbag.py:588} INFO - Filling up the DagBag from /home/airflow/.local/lib/python3.12/site-packages/airflow/example_dags/example_dataset_alias_with_no_taskflow.py
[2024-10-31T12:00:23.791+0000] {processor.py:925} INFO - DAG(s) 'dataset_alias_example_alias_producer_with_no_taskflow', 'dataset_s3_bucket_consumer_with_no_taskflow', 'dataset_alias_example_alias_consumer_with_no_taskflow', 'dataset_s3_bucket_producer_with_no_taskflow' retrieved from /home/airflow/.local/lib/python3.12/site-packages/airflow/example_dags/example_dataset_alias_with_no_taskflow.py
[2024-10-31T12:00:23.807+0000] {logging_mixin.py:190} INFO - [2024-10-31T12:00:23.807+0000] {dag.py:3239} INFO - Sync 4 DAGs
[2024-10-31T12:00:23.821+0000] {logging_mixin.py:190} INFO - [2024-10-31T12:00:23.821+0000] {dag.py:4180} INFO - Setting next_dagrun for dataset_alias_example_alias_consumer_with_no_taskflow to None, run_after=None
[2024-10-31T12:00:23.824+0000] {logging_mixin.py:190} INFO - [2024-10-31T12:00:23.824+0000] {dag.py:4180} INFO - Setting next_dagrun for dataset_alias_example_alias_producer_with_no_taskflow to None, run_after=None
[2024-10-31T12:00:23.826+0000] {logging_mixin.py:190} INFO - [2024-10-31T12:00:23.826+0000] {dag.py:4180} INFO - Setting next_dagrun for dataset_s3_bucket_consumer_with_no_taskflow to None, run_after=None
[2024-10-31T12:00:23.827+0000] {logging_mixin.py:190} INFO - [2024-10-31T12:00:23.827+0000] {dag.py:4180} INFO - Setting next_dagrun for dataset_s3_bucket_producer_with_no_taskflow to None, run_after=None
[2024-10-31T12:00:23.842+0000] {processor.py:208} INFO - Processing /home/airflow/.local/lib/python3.12/site-packages/airflow/example_dags/example_dataset_alias_with_no_taskflow.py took 0.170 seconds
[2024-10-31T12:42:16.766+0000] {processor.py:186} INFO - Started process (PID=65) to work on /home/airflow/.local/lib/python3.12/site-packages/airflow/example_dags/example_dataset_alias_with_no_taskflow.py
[2024-10-31T12:42:16.767+0000] {processor.py:914} INFO - Processing file /home/airflow/.local/lib/python3.12/site-packages/airflow/example_dags/example_dataset_alias_with_no_taskflow.py for tasks to queue
[2024-10-31T12:42:16.769+0000] {logging_mixin.py:190} INFO - [2024-10-31T12:42:16.768+0000] {dagbag.py:588} INFO - Filling up the DagBag from /home/airflow/.local/lib/python3.12/site-packages/airflow/example_dags/example_dataset_alias_with_no_taskflow.py
[2024-10-31T12:42:17.095+0000] {processor.py:925} INFO - DAG(s) 'dataset_s3_bucket_producer_with_no_taskflow', 'dataset_alias_example_alias_producer_with_no_taskflow', 'dataset_s3_bucket_consumer_with_no_taskflow', 'dataset_alias_example_alias_consumer_with_no_taskflow' retrieved from /home/airflow/.local/lib/python3.12/site-packages/airflow/example_dags/example_dataset_alias_with_no_taskflow.py
[2024-10-31T12:42:17.187+0000] {logging_mixin.py:190} INFO - [2024-10-31T12:42:17.187+0000] {override.py:1900} INFO - Created Permission View: can read on DAG:dataset_s3_bucket_producer_with_no_taskflow
[2024-10-31T12:42:17.197+0000] {logging_mixin.py:190} INFO - [2024-10-31T12:42:17.196+0000] {override.py:1900} INFO - Created Permission View: can delete on DAG:dataset_s3_bucket_producer_with_no_taskflow
[2024-10-31T12:42:17.205+0000] {logging_mixin.py:190} INFO - [2024-10-31T12:42:17.205+0000] {override.py:1900} INFO - Created Permission View: can edit on DAG:dataset_s3_bucket_producer_with_no_taskflow
[2024-10-31T12:42:17.211+0000] {logging_mixin.py:190} INFO - [2024-10-31T12:42:17.211+0000] {override.py:1900} INFO - Created Permission View: menu access on DAG Run:dataset_s3_bucket_producer_with_no_taskflow
[2024-10-31T12:42:17.217+0000] {logging_mixin.py:190} INFO - [2024-10-31T12:42:17.216+0000] {override.py:1900} INFO - Created Permission View: can read on DAG Run:dataset_s3_bucket_producer_with_no_taskflow
[2024-10-31T12:42:17.223+0000] {logging_mixin.py:190} INFO - [2024-10-31T12:42:17.223+0000] {override.py:1900} INFO - Created Permission View: can delete on DAG Run:dataset_s3_bucket_producer_with_no_taskflow
[2024-10-31T12:42:17.228+0000] {logging_mixin.py:190} INFO - [2024-10-31T12:42:17.228+0000] {override.py:1900} INFO - Created Permission View: can create on DAG Run:dataset_s3_bucket_producer_with_no_taskflow
[2024-10-31T12:42:17.237+0000] {logging_mixin.py:190} INFO - [2024-10-31T12:42:17.237+0000] {override.py:1900} INFO - Created Permission View: can read on DAG:dataset_alias_example_alias_producer_with_no_taskflow
[2024-10-31T12:42:17.243+0000] {logging_mixin.py:190} INFO - [2024-10-31T12:42:17.242+0000] {override.py:1900} INFO - Created Permission View: can delete on DAG:dataset_alias_example_alias_producer_with_no_taskflow
[2024-10-31T12:42:17.249+0000] {logging_mixin.py:190} INFO - [2024-10-31T12:42:17.249+0000] {override.py:1900} INFO - Created Permission View: can edit on DAG:dataset_alias_example_alias_producer_with_no_taskflow
[2024-10-31T12:42:17.254+0000] {logging_mixin.py:190} INFO - [2024-10-31T12:42:17.254+0000] {override.py:1900} INFO - Created Permission View: menu access on DAG Run:dataset_alias_example_alias_producer_with_no_taskflow
[2024-10-31T12:42:17.259+0000] {logging_mixin.py:190} INFO - [2024-10-31T12:42:17.259+0000] {override.py:1900} INFO - Created Permission View: can read on DAG Run:dataset_alias_example_alias_producer_with_no_taskflow
[2024-10-31T12:42:17.265+0000] {logging_mixin.py:190} INFO - [2024-10-31T12:42:17.265+0000] {override.py:1900} INFO - Created Permission View: can delete on DAG Run:dataset_alias_example_alias_producer_with_no_taskflow
[2024-10-31T12:42:17.270+0000] {logging_mixin.py:190} INFO - [2024-10-31T12:42:17.269+0000] {override.py:1900} INFO - Created Permission View: can create on DAG Run:dataset_alias_example_alias_producer_with_no_taskflow
[2024-10-31T12:42:17.278+0000] {logging_mixin.py:190} INFO - [2024-10-31T12:42:17.278+0000] {override.py:1900} INFO - Created Permission View: can read on DAG:dataset_s3_bucket_consumer_with_no_taskflow
[2024-10-31T12:42:17.284+0000] {logging_mixin.py:190} INFO - [2024-10-31T12:42:17.283+0000] {override.py:1900} INFO - Created Permission View: can delete on DAG:dataset_s3_bucket_consumer_with_no_taskflow
[2024-10-31T12:42:17.289+0000] {logging_mixin.py:190} INFO - [2024-10-31T12:42:17.288+0000] {override.py:1900} INFO - Created Permission View: can edit on DAG:dataset_s3_bucket_consumer_with_no_taskflow
[2024-10-31T12:42:17.294+0000] {logging_mixin.py:190} INFO - [2024-10-31T12:42:17.294+0000] {override.py:1900} INFO - Created Permission View: menu access on DAG Run:dataset_s3_bucket_consumer_with_no_taskflow
[2024-10-31T12:42:17.300+0000] {logging_mixin.py:190} INFO - [2024-10-31T12:42:17.300+0000] {override.py:1900} INFO - Created Permission View: can read on DAG Run:dataset_s3_bucket_consumer_with_no_taskflow
[2024-10-31T12:42:17.305+0000] {logging_mixin.py:190} INFO - [2024-10-31T12:42:17.305+0000] {override.py:1900} INFO - Created Permission View: can delete on DAG Run:dataset_s3_bucket_consumer_with_no_taskflow
[2024-10-31T12:42:17.312+0000] {logging_mixin.py:190} INFO - [2024-10-31T12:42:17.312+0000] {override.py:1900} INFO - Created Permission View: can create on DAG Run:dataset_s3_bucket_consumer_with_no_taskflow
[2024-10-31T12:42:17.325+0000] {logging_mixin.py:190} INFO - [2024-10-31T12:42:17.325+0000] {override.py:1900} INFO - Created Permission View: can read on DAG:dataset_alias_example_alias_consumer_with_no_taskflow
[2024-10-31T12:42:17.331+0000] {logging_mixin.py:190} INFO - [2024-10-31T12:42:17.331+0000] {override.py:1900} INFO - Created Permission View: can delete on DAG:dataset_alias_example_alias_consumer_with_no_taskflow
[2024-10-31T12:42:17.337+0000] {logging_mixin.py:190} INFO - [2024-10-31T12:42:17.337+0000] {override.py:1900} INFO - Created Permission View: can edit on DAG:dataset_alias_example_alias_consumer_with_no_taskflow
[2024-10-31T12:42:17.346+0000] {logging_mixin.py:190} INFO - [2024-10-31T12:42:17.345+0000] {override.py:1900} INFO - Created Permission View: menu access on DAG Run:dataset_alias_example_alias_consumer_with_no_taskflow
[2024-10-31T12:42:17.351+0000] {logging_mixin.py:190} INFO - [2024-10-31T12:42:17.351+0000] {override.py:1900} INFO - Created Permission View: can read on DAG Run:dataset_alias_example_alias_consumer_with_no_taskflow
[2024-10-31T12:42:17.356+0000] {logging_mixin.py:190} INFO - [2024-10-31T12:42:17.356+0000] {override.py:1900} INFO - Created Permission View: can delete on DAG Run:dataset_alias_example_alias_consumer_with_no_taskflow
[2024-10-31T12:42:17.365+0000] {logging_mixin.py:190} INFO - [2024-10-31T12:42:17.365+0000] {override.py:1900} INFO - Created Permission View: can create on DAG Run:dataset_alias_example_alias_consumer_with_no_taskflow
[2024-10-31T12:42:17.366+0000] {logging_mixin.py:190} INFO - [2024-10-31T12:42:17.365+0000] {dag.py:3239} INFO - Sync 4 DAGs
[2024-10-31T12:42:17.374+0000] {logging_mixin.py:190} INFO - [2024-10-31T12:42:17.374+0000] {dag.py:3262} INFO - Creating ORM DAG for dataset_alias_example_alias_consumer_with_no_taskflow
[2024-10-31T12:42:17.375+0000] {logging_mixin.py:190} INFO - [2024-10-31T12:42:17.375+0000] {dag.py:3262} INFO - Creating ORM DAG for dataset_alias_example_alias_producer_with_no_taskflow
[2024-10-31T12:42:17.376+0000] {logging_mixin.py:190} INFO - [2024-10-31T12:42:17.375+0000] {dag.py:3262} INFO - Creating ORM DAG for dataset_s3_bucket_consumer_with_no_taskflow
[2024-10-31T12:42:17.376+0000] {logging_mixin.py:190} INFO - [2024-10-31T12:42:17.376+0000] {dag.py:3262} INFO - Creating ORM DAG for dataset_s3_bucket_producer_with_no_taskflow
[2024-10-31T12:42:17.382+0000] {logging_mixin.py:190} INFO - [2024-10-31T12:42:17.382+0000] {dag.py:4180} INFO - Setting next_dagrun for dataset_alias_example_alias_consumer_with_no_taskflow to None, run_after=None
[2024-10-31T12:42:17.384+0000] {logging_mixin.py:190} INFO - [2024-10-31T12:42:17.384+0000] {dag.py:4180} INFO - Setting next_dagrun for dataset_alias_example_alias_producer_with_no_taskflow to None, run_after=None
[2024-10-31T12:42:17.385+0000] {logging_mixin.py:190} INFO - [2024-10-31T12:42:17.385+0000] {dag.py:4180} INFO - Setting next_dagrun for dataset_s3_bucket_consumer_with_no_taskflow to None, run_after=None
[2024-10-31T12:42:17.389+0000] {logging_mixin.py:190} INFO - [2024-10-31T12:42:17.389+0000] {dag.py:4180} INFO - Setting next_dagrun for dataset_s3_bucket_producer_with_no_taskflow to None, run_after=None
[2024-10-31T12:42:17.418+0000] {processor.py:208} INFO - Processing /home/airflow/.local/lib/python3.12/site-packages/airflow/example_dags/example_dataset_alias_with_no_taskflow.py took 0.656 seconds
