[2024-10-31T11:46:24.670+0000] {processor.py:186} INFO - Started process (PID=79) to work on /home/airflow/.local/lib/python3.12/site-packages/airflow/example_dags/example_external_task_marker_dag.py
[2024-10-31T11:46:24.671+0000] {processor.py:914} INFO - Processing file /home/airflow/.local/lib/python3.12/site-packages/airflow/example_dags/example_external_task_marker_dag.py for tasks to queue
[2024-10-31T11:46:24.673+0000] {logging_mixin.py:190} INFO - [2024-10-31T11:46:24.672+0000] {dagbag.py:588} INFO - Filling up the DagBag from /home/airflow/.local/lib/python3.12/site-packages/airflow/example_dags/example_external_task_marker_dag.py
[2024-10-31T11:46:24.680+0000] {processor.py:925} INFO - DAG(s) 'example_external_task_marker_child', 'example_external_task_marker_parent' retrieved from /home/airflow/.local/lib/python3.12/site-packages/airflow/example_dags/example_external_task_marker_dag.py
[2024-10-31T11:46:24.753+0000] {logging_mixin.py:190} INFO - [2024-10-31T11:46:24.753+0000] {override.py:1900} INFO - Created Permission View: can delete on DAG:example_external_task_marker_child
[2024-10-31T11:46:24.759+0000] {logging_mixin.py:190} INFO - [2024-10-31T11:46:24.758+0000] {override.py:1900} INFO - Created Permission View: can read on DAG:example_external_task_marker_child
[2024-10-31T11:46:24.762+0000] {logging_mixin.py:190} INFO - [2024-10-31T11:46:24.762+0000] {override.py:1900} INFO - Created Permission View: can edit on DAG:example_external_task_marker_child
[2024-10-31T11:46:24.765+0000] {logging_mixin.py:190} INFO - [2024-10-31T11:46:24.765+0000] {override.py:1900} INFO - Created Permission View: can delete on DAG Run:example_external_task_marker_child
[2024-10-31T11:46:24.769+0000] {logging_mixin.py:190} INFO - [2024-10-31T11:46:24.769+0000] {override.py:1900} INFO - Created Permission View: can read on DAG Run:example_external_task_marker_child
[2024-10-31T11:46:24.777+0000] {logging_mixin.py:190} INFO - [2024-10-31T11:46:24.777+0000] {override.py:1900} INFO - Created Permission View: can create on DAG Run:example_external_task_marker_child
[2024-10-31T11:46:24.785+0000] {logging_mixin.py:190} INFO - [2024-10-31T11:46:24.785+0000] {override.py:1900} INFO - Created Permission View: menu access on DAG Run:example_external_task_marker_child
[2024-10-31T11:46:24.800+0000] {logging_mixin.py:190} INFO - [2024-10-31T11:46:24.799+0000] {override.py:1900} INFO - Created Permission View: can delete on DAG:example_external_task_marker_parent
[2024-10-31T11:46:24.810+0000] {logging_mixin.py:190} INFO - [2024-10-31T11:46:24.810+0000] {override.py:1900} INFO - Created Permission View: can read on DAG:example_external_task_marker_parent
[2024-10-31T11:46:24.824+0000] {logging_mixin.py:190} INFO - [2024-10-31T11:46:24.824+0000] {override.py:1900} INFO - Created Permission View: can edit on DAG:example_external_task_marker_parent
[2024-10-31T11:46:24.836+0000] {logging_mixin.py:190} INFO - [2024-10-31T11:46:24.836+0000] {override.py:1900} INFO - Created Permission View: can delete on DAG Run:example_external_task_marker_parent
[2024-10-31T11:46:24.848+0000] {logging_mixin.py:190} INFO - [2024-10-31T11:46:24.848+0000] {override.py:1900} INFO - Created Permission View: can read on DAG Run:example_external_task_marker_parent
[2024-10-31T11:46:24.852+0000] {logging_mixin.py:190} INFO - [2024-10-31T11:46:24.852+0000] {override.py:1900} INFO - Created Permission View: can create on DAG Run:example_external_task_marker_parent
[2024-10-31T11:46:24.858+0000] {logging_mixin.py:190} INFO - [2024-10-31T11:46:24.857+0000] {override.py:1900} INFO - Created Permission View: menu access on DAG Run:example_external_task_marker_parent
[2024-10-31T11:46:24.858+0000] {logging_mixin.py:190} INFO - [2024-10-31T11:46:24.858+0000] {dag.py:3239} INFO - Sync 2 DAGs
[2024-10-31T11:46:24.868+0000] {logging_mixin.py:190} INFO - [2024-10-31T11:46:24.868+0000] {dag.py:3262} INFO - Creating ORM DAG for example_external_task_marker_child
[2024-10-31T11:46:24.869+0000] {logging_mixin.py:190} INFO - [2024-10-31T11:46:24.869+0000] {dag.py:3262} INFO - Creating ORM DAG for example_external_task_marker_parent
[2024-10-31T11:46:24.870+0000] {logging_mixin.py:190} INFO - [2024-10-31T11:46:24.870+0000] {dag.py:4180} INFO - Setting next_dagrun for example_external_task_marker_child to None, run_after=None
[2024-10-31T11:46:24.871+0000] {logging_mixin.py:190} INFO - [2024-10-31T11:46:24.870+0000] {dag.py:4180} INFO - Setting next_dagrun for example_external_task_marker_parent to None, run_after=None
[2024-10-31T11:46:24.884+0000] {processor.py:208} INFO - Processing /home/airflow/.local/lib/python3.12/site-packages/airflow/example_dags/example_external_task_marker_dag.py took 0.219 seconds
[2024-10-31T11:46:55.006+0000] {processor.py:186} INFO - Started process (PID=143) to work on /home/airflow/.local/lib/python3.12/site-packages/airflow/example_dags/example_external_task_marker_dag.py
[2024-10-31T11:46:55.007+0000] {processor.py:914} INFO - Processing file /home/airflow/.local/lib/python3.12/site-packages/airflow/example_dags/example_external_task_marker_dag.py for tasks to queue
[2024-10-31T11:46:55.008+0000] {logging_mixin.py:190} INFO - [2024-10-31T11:46:55.008+0000] {dagbag.py:588} INFO - Filling up the DagBag from /home/airflow/.local/lib/python3.12/site-packages/airflow/example_dags/example_external_task_marker_dag.py
[2024-10-31T11:46:55.014+0000] {processor.py:925} INFO - DAG(s) 'example_external_task_marker_parent', 'example_external_task_marker_child' retrieved from /home/airflow/.local/lib/python3.12/site-packages/airflow/example_dags/example_external_task_marker_dag.py
[2024-10-31T11:46:55.030+0000] {logging_mixin.py:190} INFO - [2024-10-31T11:46:55.030+0000] {dag.py:3239} INFO - Sync 2 DAGs
[2024-10-31T11:46:55.040+0000] {logging_mixin.py:190} INFO - [2024-10-31T11:46:55.040+0000] {dag.py:4180} INFO - Setting next_dagrun for example_external_task_marker_child to None, run_after=None
[2024-10-31T11:46:55.042+0000] {logging_mixin.py:190} INFO - [2024-10-31T11:46:55.042+0000] {dag.py:4180} INFO - Setting next_dagrun for example_external_task_marker_parent to None, run_after=None
[2024-10-31T11:46:55.052+0000] {processor.py:208} INFO - Processing /home/airflow/.local/lib/python3.12/site-packages/airflow/example_dags/example_external_task_marker_dag.py took 0.050 seconds
[2024-10-31T11:47:25.235+0000] {processor.py:186} INFO - Started process (PID=207) to work on /home/airflow/.local/lib/python3.12/site-packages/airflow/example_dags/example_external_task_marker_dag.py
[2024-10-31T11:47:25.237+0000] {processor.py:914} INFO - Processing file /home/airflow/.local/lib/python3.12/site-packages/airflow/example_dags/example_external_task_marker_dag.py for tasks to queue
[2024-10-31T11:47:25.241+0000] {logging_mixin.py:190} INFO - [2024-10-31T11:47:25.240+0000] {dagbag.py:588} INFO - Filling up the DagBag from /home/airflow/.local/lib/python3.12/site-packages/airflow/example_dags/example_external_task_marker_dag.py
[2024-10-31T11:47:25.247+0000] {processor.py:925} INFO - DAG(s) 'example_external_task_marker_child', 'example_external_task_marker_parent' retrieved from /home/airflow/.local/lib/python3.12/site-packages/airflow/example_dags/example_external_task_marker_dag.py
[2024-10-31T11:47:25.271+0000] {logging_mixin.py:190} INFO - [2024-10-31T11:47:25.271+0000] {dag.py:3239} INFO - Sync 2 DAGs
[2024-10-31T11:47:25.280+0000] {logging_mixin.py:190} INFO - [2024-10-31T11:47:25.280+0000] {dag.py:4180} INFO - Setting next_dagrun for example_external_task_marker_child to None, run_after=None
[2024-10-31T11:47:25.283+0000] {logging_mixin.py:190} INFO - [2024-10-31T11:47:25.282+0000] {dag.py:4180} INFO - Setting next_dagrun for example_external_task_marker_parent to None, run_after=None
[2024-10-31T11:47:25.297+0000] {processor.py:208} INFO - Processing /home/airflow/.local/lib/python3.12/site-packages/airflow/example_dags/example_external_task_marker_dag.py took 0.066 seconds
[2024-10-31T11:47:55.649+0000] {processor.py:186} INFO - Started process (PID=271) to work on /home/airflow/.local/lib/python3.12/site-packages/airflow/example_dags/example_external_task_marker_dag.py
[2024-10-31T11:47:55.654+0000] {processor.py:914} INFO - Processing file /home/airflow/.local/lib/python3.12/site-packages/airflow/example_dags/example_external_task_marker_dag.py for tasks to queue
[2024-10-31T11:47:55.658+0000] {logging_mixin.py:190} INFO - [2024-10-31T11:47:55.658+0000] {dagbag.py:588} INFO - Filling up the DagBag from /home/airflow/.local/lib/python3.12/site-packages/airflow/example_dags/example_external_task_marker_dag.py
[2024-10-31T11:47:55.663+0000] {processor.py:925} INFO - DAG(s) 'example_external_task_marker_child', 'example_external_task_marker_parent' retrieved from /home/airflow/.local/lib/python3.12/site-packages/airflow/example_dags/example_external_task_marker_dag.py
[2024-10-31T11:47:55.678+0000] {logging_mixin.py:190} INFO - [2024-10-31T11:47:55.678+0000] {dag.py:3239} INFO - Sync 2 DAGs
[2024-10-31T11:47:55.687+0000] {logging_mixin.py:190} INFO - [2024-10-31T11:47:55.687+0000] {dag.py:4180} INFO - Setting next_dagrun for example_external_task_marker_child to None, run_after=None
[2024-10-31T11:47:55.690+0000] {logging_mixin.py:190} INFO - [2024-10-31T11:47:55.689+0000] {dag.py:4180} INFO - Setting next_dagrun for example_external_task_marker_parent to None, run_after=None
[2024-10-31T11:47:55.703+0000] {processor.py:208} INFO - Processing /home/airflow/.local/lib/python3.12/site-packages/airflow/example_dags/example_external_task_marker_dag.py took 0.058 seconds
[2024-10-31T11:48:26.697+0000] {processor.py:186} INFO - Started process (PID=335) to work on /home/airflow/.local/lib/python3.12/site-packages/airflow/example_dags/example_external_task_marker_dag.py
[2024-10-31T11:48:26.698+0000] {processor.py:914} INFO - Processing file /home/airflow/.local/lib/python3.12/site-packages/airflow/example_dags/example_external_task_marker_dag.py for tasks to queue
[2024-10-31T11:48:26.700+0000] {logging_mixin.py:190} INFO - [2024-10-31T11:48:26.700+0000] {dagbag.py:588} INFO - Filling up the DagBag from /home/airflow/.local/lib/python3.12/site-packages/airflow/example_dags/example_external_task_marker_dag.py
[2024-10-31T11:48:26.706+0000] {processor.py:925} INFO - DAG(s) 'example_external_task_marker_parent', 'example_external_task_marker_child' retrieved from /home/airflow/.local/lib/python3.12/site-packages/airflow/example_dags/example_external_task_marker_dag.py
[2024-10-31T11:48:26.720+0000] {logging_mixin.py:190} INFO - [2024-10-31T11:48:26.720+0000] {dag.py:3239} INFO - Sync 2 DAGs
[2024-10-31T11:48:26.729+0000] {logging_mixin.py:190} INFO - [2024-10-31T11:48:26.729+0000] {dag.py:4180} INFO - Setting next_dagrun for example_external_task_marker_child to None, run_after=None
[2024-10-31T11:48:26.732+0000] {logging_mixin.py:190} INFO - [2024-10-31T11:48:26.732+0000] {dag.py:4180} INFO - Setting next_dagrun for example_external_task_marker_parent to None, run_after=None
[2024-10-31T11:48:26.740+0000] {processor.py:208} INFO - Processing /home/airflow/.local/lib/python3.12/site-packages/airflow/example_dags/example_external_task_marker_dag.py took 0.047 seconds
[2024-10-31T11:48:57.765+0000] {processor.py:186} INFO - Started process (PID=399) to work on /home/airflow/.local/lib/python3.12/site-packages/airflow/example_dags/example_external_task_marker_dag.py
[2024-10-31T11:48:57.766+0000] {processor.py:914} INFO - Processing file /home/airflow/.local/lib/python3.12/site-packages/airflow/example_dags/example_external_task_marker_dag.py for tasks to queue
[2024-10-31T11:48:57.767+0000] {logging_mixin.py:190} INFO - [2024-10-31T11:48:57.767+0000] {dagbag.py:588} INFO - Filling up the DagBag from /home/airflow/.local/lib/python3.12/site-packages/airflow/example_dags/example_external_task_marker_dag.py
[2024-10-31T11:48:57.772+0000] {processor.py:925} INFO - DAG(s) 'example_external_task_marker_child', 'example_external_task_marker_parent' retrieved from /home/airflow/.local/lib/python3.12/site-packages/airflow/example_dags/example_external_task_marker_dag.py
[2024-10-31T11:48:57.787+0000] {logging_mixin.py:190} INFO - [2024-10-31T11:48:57.787+0000] {dag.py:3239} INFO - Sync 2 DAGs
[2024-10-31T11:48:57.795+0000] {logging_mixin.py:190} INFO - [2024-10-31T11:48:57.795+0000] {dag.py:4180} INFO - Setting next_dagrun for example_external_task_marker_child to None, run_after=None
[2024-10-31T11:48:57.797+0000] {logging_mixin.py:190} INFO - [2024-10-31T11:48:57.797+0000] {dag.py:4180} INFO - Setting next_dagrun for example_external_task_marker_parent to None, run_after=None
[2024-10-31T11:48:57.806+0000] {processor.py:208} INFO - Processing /home/airflow/.local/lib/python3.12/site-packages/airflow/example_dags/example_external_task_marker_dag.py took 0.045 seconds
[2024-10-31T11:49:28.841+0000] {processor.py:186} INFO - Started process (PID=463) to work on /home/airflow/.local/lib/python3.12/site-packages/airflow/example_dags/example_external_task_marker_dag.py
[2024-10-31T11:49:28.844+0000] {processor.py:914} INFO - Processing file /home/airflow/.local/lib/python3.12/site-packages/airflow/example_dags/example_external_task_marker_dag.py for tasks to queue
[2024-10-31T11:49:28.846+0000] {logging_mixin.py:190} INFO - [2024-10-31T11:49:28.846+0000] {dagbag.py:588} INFO - Filling up the DagBag from /home/airflow/.local/lib/python3.12/site-packages/airflow/example_dags/example_external_task_marker_dag.py
[2024-10-31T11:49:28.852+0000] {processor.py:925} INFO - DAG(s) 'example_external_task_marker_child', 'example_external_task_marker_parent' retrieved from /home/airflow/.local/lib/python3.12/site-packages/airflow/example_dags/example_external_task_marker_dag.py
[2024-10-31T11:49:28.869+0000] {logging_mixin.py:190} INFO - [2024-10-31T11:49:28.869+0000] {dag.py:3239} INFO - Sync 2 DAGs
[2024-10-31T11:49:28.879+0000] {logging_mixin.py:190} INFO - [2024-10-31T11:49:28.878+0000] {dag.py:4180} INFO - Setting next_dagrun for example_external_task_marker_child to None, run_after=None
[2024-10-31T11:49:28.881+0000] {logging_mixin.py:190} INFO - [2024-10-31T11:49:28.881+0000] {dag.py:4180} INFO - Setting next_dagrun for example_external_task_marker_parent to None, run_after=None
[2024-10-31T11:49:28.891+0000] {processor.py:208} INFO - Processing /home/airflow/.local/lib/python3.12/site-packages/airflow/example_dags/example_external_task_marker_dag.py took 0.054 seconds
[2024-10-31T11:49:59.822+0000] {processor.py:186} INFO - Started process (PID=527) to work on /home/airflow/.local/lib/python3.12/site-packages/airflow/example_dags/example_external_task_marker_dag.py
[2024-10-31T11:49:59.824+0000] {processor.py:914} INFO - Processing file /home/airflow/.local/lib/python3.12/site-packages/airflow/example_dags/example_external_task_marker_dag.py for tasks to queue
[2024-10-31T11:49:59.825+0000] {logging_mixin.py:190} INFO - [2024-10-31T11:49:59.825+0000] {dagbag.py:588} INFO - Filling up the DagBag from /home/airflow/.local/lib/python3.12/site-packages/airflow/example_dags/example_external_task_marker_dag.py
[2024-10-31T11:49:59.831+0000] {processor.py:925} INFO - DAG(s) 'example_external_task_marker_parent', 'example_external_task_marker_child' retrieved from /home/airflow/.local/lib/python3.12/site-packages/airflow/example_dags/example_external_task_marker_dag.py
[2024-10-31T11:49:59.846+0000] {logging_mixin.py:190} INFO - [2024-10-31T11:49:59.845+0000] {dag.py:3239} INFO - Sync 2 DAGs
[2024-10-31T11:49:59.858+0000] {logging_mixin.py:190} INFO - [2024-10-31T11:49:59.858+0000] {dag.py:4180} INFO - Setting next_dagrun for example_external_task_marker_child to None, run_after=None
[2024-10-31T11:49:59.861+0000] {logging_mixin.py:190} INFO - [2024-10-31T11:49:59.861+0000] {dag.py:4180} INFO - Setting next_dagrun for example_external_task_marker_parent to None, run_after=None
[2024-10-31T11:49:59.870+0000] {processor.py:208} INFO - Processing /home/airflow/.local/lib/python3.12/site-packages/airflow/example_dags/example_external_task_marker_dag.py took 0.054 seconds
[2024-10-31T11:50:30.920+0000] {processor.py:186} INFO - Started process (PID=591) to work on /home/airflow/.local/lib/python3.12/site-packages/airflow/example_dags/example_external_task_marker_dag.py
[2024-10-31T11:50:30.922+0000] {processor.py:914} INFO - Processing file /home/airflow/.local/lib/python3.12/site-packages/airflow/example_dags/example_external_task_marker_dag.py for tasks to queue
[2024-10-31T11:50:30.926+0000] {logging_mixin.py:190} INFO - [2024-10-31T11:50:30.925+0000] {dagbag.py:588} INFO - Filling up the DagBag from /home/airflow/.local/lib/python3.12/site-packages/airflow/example_dags/example_external_task_marker_dag.py
[2024-10-31T11:50:30.933+0000] {processor.py:925} INFO - DAG(s) 'example_external_task_marker_child', 'example_external_task_marker_parent' retrieved from /home/airflow/.local/lib/python3.12/site-packages/airflow/example_dags/example_external_task_marker_dag.py
[2024-10-31T11:50:30.951+0000] {logging_mixin.py:190} INFO - [2024-10-31T11:50:30.951+0000] {dag.py:3239} INFO - Sync 2 DAGs
[2024-10-31T11:50:30.970+0000] {logging_mixin.py:190} INFO - [2024-10-31T11:50:30.970+0000] {dag.py:4180} INFO - Setting next_dagrun for example_external_task_marker_child to None, run_after=None
[2024-10-31T11:50:30.975+0000] {logging_mixin.py:190} INFO - [2024-10-31T11:50:30.975+0000] {dag.py:4180} INFO - Setting next_dagrun for example_external_task_marker_parent to None, run_after=None
[2024-10-31T11:50:30.989+0000] {processor.py:208} INFO - Processing /home/airflow/.local/lib/python3.12/site-packages/airflow/example_dags/example_external_task_marker_dag.py took 0.073 seconds
[2024-10-31T11:51:02.046+0000] {processor.py:186} INFO - Started process (PID=654) to work on /home/airflow/.local/lib/python3.12/site-packages/airflow/example_dags/example_external_task_marker_dag.py
[2024-10-31T11:51:02.048+0000] {processor.py:914} INFO - Processing file /home/airflow/.local/lib/python3.12/site-packages/airflow/example_dags/example_external_task_marker_dag.py for tasks to queue
[2024-10-31T11:51:02.051+0000] {logging_mixin.py:190} INFO - [2024-10-31T11:51:02.051+0000] {dagbag.py:588} INFO - Filling up the DagBag from /home/airflow/.local/lib/python3.12/site-packages/airflow/example_dags/example_external_task_marker_dag.py
[2024-10-31T11:51:02.056+0000] {processor.py:925} INFO - DAG(s) 'example_external_task_marker_child', 'example_external_task_marker_parent' retrieved from /home/airflow/.local/lib/python3.12/site-packages/airflow/example_dags/example_external_task_marker_dag.py
[2024-10-31T11:51:02.078+0000] {logging_mixin.py:190} INFO - [2024-10-31T11:51:02.078+0000] {dag.py:3239} INFO - Sync 2 DAGs
[2024-10-31T11:51:02.089+0000] {logging_mixin.py:190} INFO - [2024-10-31T11:51:02.089+0000] {dag.py:4180} INFO - Setting next_dagrun for example_external_task_marker_child to None, run_after=None
[2024-10-31T11:51:02.092+0000] {logging_mixin.py:190} INFO - [2024-10-31T11:51:02.092+0000] {dag.py:4180} INFO - Setting next_dagrun for example_external_task_marker_parent to None, run_after=None
[2024-10-31T11:51:02.102+0000] {processor.py:208} INFO - Processing /home/airflow/.local/lib/python3.12/site-packages/airflow/example_dags/example_external_task_marker_dag.py took 0.061 seconds
[2024-10-31T11:51:33.140+0000] {processor.py:186} INFO - Started process (PID=718) to work on /home/airflow/.local/lib/python3.12/site-packages/airflow/example_dags/example_external_task_marker_dag.py
[2024-10-31T11:51:33.143+0000] {processor.py:914} INFO - Processing file /home/airflow/.local/lib/python3.12/site-packages/airflow/example_dags/example_external_task_marker_dag.py for tasks to queue
[2024-10-31T11:51:33.145+0000] {logging_mixin.py:190} INFO - [2024-10-31T11:51:33.144+0000] {dagbag.py:588} INFO - Filling up the DagBag from /home/airflow/.local/lib/python3.12/site-packages/airflow/example_dags/example_external_task_marker_dag.py
[2024-10-31T11:51:33.153+0000] {processor.py:925} INFO - DAG(s) 'example_external_task_marker_child', 'example_external_task_marker_parent' retrieved from /home/airflow/.local/lib/python3.12/site-packages/airflow/example_dags/example_external_task_marker_dag.py
[2024-10-31T11:51:33.176+0000] {logging_mixin.py:190} INFO - [2024-10-31T11:51:33.175+0000] {dag.py:3239} INFO - Sync 2 DAGs
[2024-10-31T11:51:33.206+0000] {logging_mixin.py:190} INFO - [2024-10-31T11:51:33.205+0000] {dag.py:4180} INFO - Setting next_dagrun for example_external_task_marker_child to None, run_after=None
[2024-10-31T11:51:33.222+0000] {logging_mixin.py:190} INFO - [2024-10-31T11:51:33.222+0000] {dag.py:4180} INFO - Setting next_dagrun for example_external_task_marker_parent to None, run_after=None
[2024-10-31T11:51:33.235+0000] {processor.py:208} INFO - Processing /home/airflow/.local/lib/python3.12/site-packages/airflow/example_dags/example_external_task_marker_dag.py took 0.100 seconds
[2024-10-31T11:52:03.389+0000] {processor.py:186} INFO - Started process (PID=782) to work on /home/airflow/.local/lib/python3.12/site-packages/airflow/example_dags/example_external_task_marker_dag.py
[2024-10-31T11:52:03.390+0000] {processor.py:914} INFO - Processing file /home/airflow/.local/lib/python3.12/site-packages/airflow/example_dags/example_external_task_marker_dag.py for tasks to queue
[2024-10-31T11:52:03.391+0000] {logging_mixin.py:190} INFO - [2024-10-31T11:52:03.391+0000] {dagbag.py:588} INFO - Filling up the DagBag from /home/airflow/.local/lib/python3.12/site-packages/airflow/example_dags/example_external_task_marker_dag.py
[2024-10-31T11:52:03.396+0000] {processor.py:925} INFO - DAG(s) 'example_external_task_marker_parent', 'example_external_task_marker_child' retrieved from /home/airflow/.local/lib/python3.12/site-packages/airflow/example_dags/example_external_task_marker_dag.py
[2024-10-31T11:52:03.410+0000] {logging_mixin.py:190} INFO - [2024-10-31T11:52:03.410+0000] {dag.py:3239} INFO - Sync 2 DAGs
[2024-10-31T11:52:03.419+0000] {logging_mixin.py:190} INFO - [2024-10-31T11:52:03.418+0000] {dag.py:4180} INFO - Setting next_dagrun for example_external_task_marker_child to None, run_after=None
[2024-10-31T11:52:03.421+0000] {logging_mixin.py:190} INFO - [2024-10-31T11:52:03.421+0000] {dag.py:4180} INFO - Setting next_dagrun for example_external_task_marker_parent to None, run_after=None
[2024-10-31T11:52:03.429+0000] {processor.py:208} INFO - Processing /home/airflow/.local/lib/python3.12/site-packages/airflow/example_dags/example_external_task_marker_dag.py took 0.044 seconds
[2024-10-31T11:52:47.093+0000] {processor.py:186} INFO - Started process (PID=65) to work on /home/airflow/.local/lib/python3.12/site-packages/airflow/example_dags/example_external_task_marker_dag.py
[2024-10-31T11:52:47.094+0000] {processor.py:914} INFO - Processing file /home/airflow/.local/lib/python3.12/site-packages/airflow/example_dags/example_external_task_marker_dag.py for tasks to queue
[2024-10-31T11:52:47.097+0000] {logging_mixin.py:190} INFO - [2024-10-31T11:52:47.097+0000] {dagbag.py:588} INFO - Filling up the DagBag from /home/airflow/.local/lib/python3.12/site-packages/airflow/example_dags/example_external_task_marker_dag.py
[2024-10-31T11:52:47.103+0000] {processor.py:925} INFO - DAG(s) 'example_external_task_marker_child', 'example_external_task_marker_parent' retrieved from /home/airflow/.local/lib/python3.12/site-packages/airflow/example_dags/example_external_task_marker_dag.py
[2024-10-31T11:52:47.119+0000] {logging_mixin.py:190} INFO - [2024-10-31T11:52:47.119+0000] {dag.py:3239} INFO - Sync 2 DAGs
[2024-10-31T11:52:47.128+0000] {logging_mixin.py:190} INFO - [2024-10-31T11:52:47.128+0000] {dag.py:4180} INFO - Setting next_dagrun for example_external_task_marker_child to None, run_after=None
[2024-10-31T11:52:47.133+0000] {logging_mixin.py:190} INFO - [2024-10-31T11:52:47.133+0000] {dag.py:4180} INFO - Setting next_dagrun for example_external_task_marker_parent to None, run_after=None
[2024-10-31T11:52:47.147+0000] {processor.py:208} INFO - Processing /home/airflow/.local/lib/python3.12/site-packages/airflow/example_dags/example_external_task_marker_dag.py took 0.057 seconds
[2024-10-31T11:53:18.178+0000] {processor.py:186} INFO - Started process (PID=135) to work on /home/airflow/.local/lib/python3.12/site-packages/airflow/example_dags/example_external_task_marker_dag.py
[2024-10-31T11:53:18.180+0000] {processor.py:914} INFO - Processing file /home/airflow/.local/lib/python3.12/site-packages/airflow/example_dags/example_external_task_marker_dag.py for tasks to queue
[2024-10-31T11:53:18.182+0000] {logging_mixin.py:190} INFO - [2024-10-31T11:53:18.181+0000] {dagbag.py:588} INFO - Filling up the DagBag from /home/airflow/.local/lib/python3.12/site-packages/airflow/example_dags/example_external_task_marker_dag.py
[2024-10-31T11:53:18.187+0000] {processor.py:925} INFO - DAG(s) 'example_external_task_marker_child', 'example_external_task_marker_parent' retrieved from /home/airflow/.local/lib/python3.12/site-packages/airflow/example_dags/example_external_task_marker_dag.py
[2024-10-31T11:53:18.203+0000] {logging_mixin.py:190} INFO - [2024-10-31T11:53:18.203+0000] {dag.py:3239} INFO - Sync 2 DAGs
[2024-10-31T11:53:18.214+0000] {logging_mixin.py:190} INFO - [2024-10-31T11:53:18.214+0000] {dag.py:4180} INFO - Setting next_dagrun for example_external_task_marker_child to None, run_after=None
[2024-10-31T11:53:18.217+0000] {logging_mixin.py:190} INFO - [2024-10-31T11:53:18.217+0000] {dag.py:4180} INFO - Setting next_dagrun for example_external_task_marker_parent to None, run_after=None
[2024-10-31T11:53:18.228+0000] {processor.py:208} INFO - Processing /home/airflow/.local/lib/python3.12/site-packages/airflow/example_dags/example_external_task_marker_dag.py took 0.054 seconds
[2024-10-31T11:53:48.589+0000] {processor.py:186} INFO - Started process (PID=199) to work on /home/airflow/.local/lib/python3.12/site-packages/airflow/example_dags/example_external_task_marker_dag.py
[2024-10-31T11:53:48.590+0000] {processor.py:914} INFO - Processing file /home/airflow/.local/lib/python3.12/site-packages/airflow/example_dags/example_external_task_marker_dag.py for tasks to queue
[2024-10-31T11:53:48.597+0000] {logging_mixin.py:190} INFO - [2024-10-31T11:53:48.597+0000] {dagbag.py:588} INFO - Filling up the DagBag from /home/airflow/.local/lib/python3.12/site-packages/airflow/example_dags/example_external_task_marker_dag.py
[2024-10-31T11:53:48.604+0000] {processor.py:925} INFO - DAG(s) 'example_external_task_marker_parent', 'example_external_task_marker_child' retrieved from /home/airflow/.local/lib/python3.12/site-packages/airflow/example_dags/example_external_task_marker_dag.py
[2024-10-31T11:53:48.622+0000] {logging_mixin.py:190} INFO - [2024-10-31T11:53:48.622+0000] {dag.py:3239} INFO - Sync 2 DAGs
[2024-10-31T11:53:48.633+0000] {logging_mixin.py:190} INFO - [2024-10-31T11:53:48.633+0000] {dag.py:4180} INFO - Setting next_dagrun for example_external_task_marker_child to None, run_after=None
[2024-10-31T11:53:48.637+0000] {logging_mixin.py:190} INFO - [2024-10-31T11:53:48.636+0000] {dag.py:4180} INFO - Setting next_dagrun for example_external_task_marker_parent to None, run_after=None
[2024-10-31T11:53:48.650+0000] {processor.py:208} INFO - Processing /home/airflow/.local/lib/python3.12/site-packages/airflow/example_dags/example_external_task_marker_dag.py took 0.065 seconds
[2024-10-31T11:54:18.930+0000] {processor.py:186} INFO - Started process (PID=263) to work on /home/airflow/.local/lib/python3.12/site-packages/airflow/example_dags/example_external_task_marker_dag.py
[2024-10-31T11:54:18.931+0000] {processor.py:914} INFO - Processing file /home/airflow/.local/lib/python3.12/site-packages/airflow/example_dags/example_external_task_marker_dag.py for tasks to queue
[2024-10-31T11:54:18.934+0000] {logging_mixin.py:190} INFO - [2024-10-31T11:54:18.933+0000] {dagbag.py:588} INFO - Filling up the DagBag from /home/airflow/.local/lib/python3.12/site-packages/airflow/example_dags/example_external_task_marker_dag.py
[2024-10-31T11:54:18.940+0000] {processor.py:925} INFO - DAG(s) 'example_external_task_marker_parent', 'example_external_task_marker_child' retrieved from /home/airflow/.local/lib/python3.12/site-packages/airflow/example_dags/example_external_task_marker_dag.py
[2024-10-31T11:54:18.955+0000] {logging_mixin.py:190} INFO - [2024-10-31T11:54:18.955+0000] {dag.py:3239} INFO - Sync 2 DAGs
[2024-10-31T11:54:18.964+0000] {logging_mixin.py:190} INFO - [2024-10-31T11:54:18.964+0000] {dag.py:4180} INFO - Setting next_dagrun for example_external_task_marker_child to None, run_after=None
[2024-10-31T11:54:18.973+0000] {logging_mixin.py:190} INFO - [2024-10-31T11:54:18.972+0000] {dag.py:4180} INFO - Setting next_dagrun for example_external_task_marker_parent to None, run_after=None
[2024-10-31T11:54:18.985+0000] {processor.py:208} INFO - Processing /home/airflow/.local/lib/python3.12/site-packages/airflow/example_dags/example_external_task_marker_dag.py took 0.059 seconds
[2024-10-31T11:54:49.310+0000] {processor.py:186} INFO - Started process (PID=326) to work on /home/airflow/.local/lib/python3.12/site-packages/airflow/example_dags/example_external_task_marker_dag.py
[2024-10-31T11:54:49.313+0000] {processor.py:914} INFO - Processing file /home/airflow/.local/lib/python3.12/site-packages/airflow/example_dags/example_external_task_marker_dag.py for tasks to queue
[2024-10-31T11:54:49.315+0000] {logging_mixin.py:190} INFO - [2024-10-31T11:54:49.315+0000] {dagbag.py:588} INFO - Filling up the DagBag from /home/airflow/.local/lib/python3.12/site-packages/airflow/example_dags/example_external_task_marker_dag.py
[2024-10-31T11:54:49.324+0000] {processor.py:925} INFO - DAG(s) 'example_external_task_marker_child', 'example_external_task_marker_parent' retrieved from /home/airflow/.local/lib/python3.12/site-packages/airflow/example_dags/example_external_task_marker_dag.py
[2024-10-31T11:54:49.346+0000] {logging_mixin.py:190} INFO - [2024-10-31T11:54:49.346+0000] {dag.py:3239} INFO - Sync 2 DAGs
[2024-10-31T11:54:49.356+0000] {logging_mixin.py:190} INFO - [2024-10-31T11:54:49.356+0000] {dag.py:4180} INFO - Setting next_dagrun for example_external_task_marker_child to None, run_after=None
[2024-10-31T11:54:49.360+0000] {logging_mixin.py:190} INFO - [2024-10-31T11:54:49.360+0000] {dag.py:4180} INFO - Setting next_dagrun for example_external_task_marker_parent to None, run_after=None
[2024-10-31T11:54:49.380+0000] {processor.py:208} INFO - Processing /home/airflow/.local/lib/python3.12/site-packages/airflow/example_dags/example_external_task_marker_dag.py took 0.073 seconds
[2024-10-31T11:55:19.529+0000] {processor.py:186} INFO - Started process (PID=390) to work on /home/airflow/.local/lib/python3.12/site-packages/airflow/example_dags/example_external_task_marker_dag.py
[2024-10-31T11:55:19.530+0000] {processor.py:914} INFO - Processing file /home/airflow/.local/lib/python3.12/site-packages/airflow/example_dags/example_external_task_marker_dag.py for tasks to queue
[2024-10-31T11:55:19.532+0000] {logging_mixin.py:190} INFO - [2024-10-31T11:55:19.531+0000] {dagbag.py:588} INFO - Filling up the DagBag from /home/airflow/.local/lib/python3.12/site-packages/airflow/example_dags/example_external_task_marker_dag.py
[2024-10-31T11:55:19.537+0000] {processor.py:925} INFO - DAG(s) 'example_external_task_marker_child', 'example_external_task_marker_parent' retrieved from /home/airflow/.local/lib/python3.12/site-packages/airflow/example_dags/example_external_task_marker_dag.py
[2024-10-31T11:55:19.552+0000] {logging_mixin.py:190} INFO - [2024-10-31T11:55:19.552+0000] {dag.py:3239} INFO - Sync 2 DAGs
[2024-10-31T11:55:19.563+0000] {logging_mixin.py:190} INFO - [2024-10-31T11:55:19.562+0000] {dag.py:4180} INFO - Setting next_dagrun for example_external_task_marker_child to None, run_after=None
[2024-10-31T11:55:19.568+0000] {logging_mixin.py:190} INFO - [2024-10-31T11:55:19.568+0000] {dag.py:4180} INFO - Setting next_dagrun for example_external_task_marker_parent to None, run_after=None
[2024-10-31T11:55:19.584+0000] {processor.py:208} INFO - Processing /home/airflow/.local/lib/python3.12/site-packages/airflow/example_dags/example_external_task_marker_dag.py took 0.059 seconds
[2024-10-31T11:55:49.863+0000] {processor.py:186} INFO - Started process (PID=454) to work on /home/airflow/.local/lib/python3.12/site-packages/airflow/example_dags/example_external_task_marker_dag.py
[2024-10-31T11:55:49.864+0000] {processor.py:914} INFO - Processing file /home/airflow/.local/lib/python3.12/site-packages/airflow/example_dags/example_external_task_marker_dag.py for tasks to queue
[2024-10-31T11:55:49.865+0000] {logging_mixin.py:190} INFO - [2024-10-31T11:55:49.865+0000] {dagbag.py:588} INFO - Filling up the DagBag from /home/airflow/.local/lib/python3.12/site-packages/airflow/example_dags/example_external_task_marker_dag.py
[2024-10-31T11:55:49.870+0000] {processor.py:925} INFO - DAG(s) 'example_external_task_marker_child', 'example_external_task_marker_parent' retrieved from /home/airflow/.local/lib/python3.12/site-packages/airflow/example_dags/example_external_task_marker_dag.py
[2024-10-31T11:55:49.884+0000] {logging_mixin.py:190} INFO - [2024-10-31T11:55:49.884+0000] {dag.py:3239} INFO - Sync 2 DAGs
[2024-10-31T11:55:49.893+0000] {logging_mixin.py:190} INFO - [2024-10-31T11:55:49.893+0000] {dag.py:4180} INFO - Setting next_dagrun for example_external_task_marker_child to None, run_after=None
[2024-10-31T11:55:49.895+0000] {logging_mixin.py:190} INFO - [2024-10-31T11:55:49.895+0000] {dag.py:4180} INFO - Setting next_dagrun for example_external_task_marker_parent to None, run_after=None
[2024-10-31T11:55:49.903+0000] {processor.py:208} INFO - Processing /home/airflow/.local/lib/python3.12/site-packages/airflow/example_dags/example_external_task_marker_dag.py took 0.044 seconds
[2024-10-31T11:56:20.057+0000] {processor.py:186} INFO - Started process (PID=518) to work on /home/airflow/.local/lib/python3.12/site-packages/airflow/example_dags/example_external_task_marker_dag.py
[2024-10-31T11:56:20.057+0000] {processor.py:914} INFO - Processing file /home/airflow/.local/lib/python3.12/site-packages/airflow/example_dags/example_external_task_marker_dag.py for tasks to queue
[2024-10-31T11:56:20.059+0000] {logging_mixin.py:190} INFO - [2024-10-31T11:56:20.059+0000] {dagbag.py:588} INFO - Filling up the DagBag from /home/airflow/.local/lib/python3.12/site-packages/airflow/example_dags/example_external_task_marker_dag.py
[2024-10-31T11:56:20.065+0000] {processor.py:925} INFO - DAG(s) 'example_external_task_marker_child', 'example_external_task_marker_parent' retrieved from /home/airflow/.local/lib/python3.12/site-packages/airflow/example_dags/example_external_task_marker_dag.py
[2024-10-31T11:56:20.079+0000] {logging_mixin.py:190} INFO - [2024-10-31T11:56:20.079+0000] {dag.py:3239} INFO - Sync 2 DAGs
[2024-10-31T11:56:20.089+0000] {logging_mixin.py:190} INFO - [2024-10-31T11:56:20.088+0000] {dag.py:4180} INFO - Setting next_dagrun for example_external_task_marker_child to None, run_after=None
[2024-10-31T11:56:20.093+0000] {logging_mixin.py:190} INFO - [2024-10-31T11:56:20.093+0000] {dag.py:4180} INFO - Setting next_dagrun for example_external_task_marker_parent to None, run_after=None
[2024-10-31T11:56:20.107+0000] {processor.py:208} INFO - Processing /home/airflow/.local/lib/python3.12/site-packages/airflow/example_dags/example_external_task_marker_dag.py took 0.055 seconds
[2024-10-31T11:56:50.442+0000] {processor.py:186} INFO - Started process (PID=582) to work on /home/airflow/.local/lib/python3.12/site-packages/airflow/example_dags/example_external_task_marker_dag.py
[2024-10-31T11:56:50.444+0000] {processor.py:914} INFO - Processing file /home/airflow/.local/lib/python3.12/site-packages/airflow/example_dags/example_external_task_marker_dag.py for tasks to queue
[2024-10-31T11:56:50.447+0000] {logging_mixin.py:190} INFO - [2024-10-31T11:56:50.447+0000] {dagbag.py:588} INFO - Filling up the DagBag from /home/airflow/.local/lib/python3.12/site-packages/airflow/example_dags/example_external_task_marker_dag.py
[2024-10-31T11:56:50.452+0000] {processor.py:925} INFO - DAG(s) 'example_external_task_marker_child', 'example_external_task_marker_parent' retrieved from /home/airflow/.local/lib/python3.12/site-packages/airflow/example_dags/example_external_task_marker_dag.py
[2024-10-31T11:56:50.469+0000] {logging_mixin.py:190} INFO - [2024-10-31T11:56:50.469+0000] {dag.py:3239} INFO - Sync 2 DAGs
[2024-10-31T11:56:50.479+0000] {logging_mixin.py:190} INFO - [2024-10-31T11:56:50.479+0000] {dag.py:4180} INFO - Setting next_dagrun for example_external_task_marker_child to None, run_after=None
[2024-10-31T11:56:50.482+0000] {logging_mixin.py:190} INFO - [2024-10-31T11:56:50.482+0000] {dag.py:4180} INFO - Setting next_dagrun for example_external_task_marker_parent to None, run_after=None
[2024-10-31T11:56:50.498+0000] {processor.py:208} INFO - Processing /home/airflow/.local/lib/python3.12/site-packages/airflow/example_dags/example_external_task_marker_dag.py took 0.060 seconds
[2024-10-31T11:57:20.762+0000] {processor.py:186} INFO - Started process (PID=646) to work on /home/airflow/.local/lib/python3.12/site-packages/airflow/example_dags/example_external_task_marker_dag.py
[2024-10-31T11:57:20.763+0000] {processor.py:914} INFO - Processing file /home/airflow/.local/lib/python3.12/site-packages/airflow/example_dags/example_external_task_marker_dag.py for tasks to queue
[2024-10-31T11:57:20.765+0000] {logging_mixin.py:190} INFO - [2024-10-31T11:57:20.765+0000] {dagbag.py:588} INFO - Filling up the DagBag from /home/airflow/.local/lib/python3.12/site-packages/airflow/example_dags/example_external_task_marker_dag.py
[2024-10-31T11:57:20.770+0000] {processor.py:925} INFO - DAG(s) 'example_external_task_marker_child', 'example_external_task_marker_parent' retrieved from /home/airflow/.local/lib/python3.12/site-packages/airflow/example_dags/example_external_task_marker_dag.py
[2024-10-31T11:57:20.786+0000] {logging_mixin.py:190} INFO - [2024-10-31T11:57:20.786+0000] {dag.py:3239} INFO - Sync 2 DAGs
[2024-10-31T11:57:20.796+0000] {logging_mixin.py:190} INFO - [2024-10-31T11:57:20.795+0000] {dag.py:4180} INFO - Setting next_dagrun for example_external_task_marker_child to None, run_after=None
[2024-10-31T11:57:20.799+0000] {logging_mixin.py:190} INFO - [2024-10-31T11:57:20.798+0000] {dag.py:4180} INFO - Setting next_dagrun for example_external_task_marker_parent to None, run_after=None
[2024-10-31T11:57:20.809+0000] {processor.py:208} INFO - Processing /home/airflow/.local/lib/python3.12/site-packages/airflow/example_dags/example_external_task_marker_dag.py took 0.051 seconds
[2024-10-31T11:57:51.177+0000] {processor.py:186} INFO - Started process (PID=709) to work on /home/airflow/.local/lib/python3.12/site-packages/airflow/example_dags/example_external_task_marker_dag.py
[2024-10-31T11:57:51.178+0000] {processor.py:914} INFO - Processing file /home/airflow/.local/lib/python3.12/site-packages/airflow/example_dags/example_external_task_marker_dag.py for tasks to queue
[2024-10-31T11:57:51.180+0000] {logging_mixin.py:190} INFO - [2024-10-31T11:57:51.180+0000] {dagbag.py:588} INFO - Filling up the DagBag from /home/airflow/.local/lib/python3.12/site-packages/airflow/example_dags/example_external_task_marker_dag.py
[2024-10-31T11:57:51.186+0000] {processor.py:925} INFO - DAG(s) 'example_external_task_marker_parent', 'example_external_task_marker_child' retrieved from /home/airflow/.local/lib/python3.12/site-packages/airflow/example_dags/example_external_task_marker_dag.py
[2024-10-31T11:57:51.201+0000] {logging_mixin.py:190} INFO - [2024-10-31T11:57:51.201+0000] {dag.py:3239} INFO - Sync 2 DAGs
[2024-10-31T11:57:51.212+0000] {logging_mixin.py:190} INFO - [2024-10-31T11:57:51.211+0000] {dag.py:4180} INFO - Setting next_dagrun for example_external_task_marker_child to None, run_after=None
[2024-10-31T11:57:51.214+0000] {logging_mixin.py:190} INFO - [2024-10-31T11:57:51.214+0000] {dag.py:4180} INFO - Setting next_dagrun for example_external_task_marker_parent to None, run_after=None
[2024-10-31T11:57:51.224+0000] {processor.py:208} INFO - Processing /home/airflow/.local/lib/python3.12/site-packages/airflow/example_dags/example_external_task_marker_dag.py took 0.050 seconds
[2024-10-31T11:58:21.370+0000] {processor.py:186} INFO - Started process (PID=773) to work on /home/airflow/.local/lib/python3.12/site-packages/airflow/example_dags/example_external_task_marker_dag.py
[2024-10-31T11:58:21.376+0000] {processor.py:914} INFO - Processing file /home/airflow/.local/lib/python3.12/site-packages/airflow/example_dags/example_external_task_marker_dag.py for tasks to queue
[2024-10-31T11:58:21.379+0000] {logging_mixin.py:190} INFO - [2024-10-31T11:58:21.379+0000] {dagbag.py:588} INFO - Filling up the DagBag from /home/airflow/.local/lib/python3.12/site-packages/airflow/example_dags/example_external_task_marker_dag.py
[2024-10-31T11:58:21.386+0000] {processor.py:925} INFO - DAG(s) 'example_external_task_marker_parent', 'example_external_task_marker_child' retrieved from /home/airflow/.local/lib/python3.12/site-packages/airflow/example_dags/example_external_task_marker_dag.py
[2024-10-31T11:58:21.402+0000] {logging_mixin.py:190} INFO - [2024-10-31T11:58:21.402+0000] {dag.py:3239} INFO - Sync 2 DAGs
[2024-10-31T11:58:21.412+0000] {logging_mixin.py:190} INFO - [2024-10-31T11:58:21.412+0000] {dag.py:4180} INFO - Setting next_dagrun for example_external_task_marker_child to None, run_after=None
[2024-10-31T11:58:21.417+0000] {logging_mixin.py:190} INFO - [2024-10-31T11:58:21.417+0000] {dag.py:4180} INFO - Setting next_dagrun for example_external_task_marker_parent to None, run_after=None
[2024-10-31T11:58:21.428+0000] {processor.py:208} INFO - Processing /home/airflow/.local/lib/python3.12/site-packages/airflow/example_dags/example_external_task_marker_dag.py took 0.063 seconds
[2024-10-31T11:58:52.598+0000] {processor.py:186} INFO - Started process (PID=837) to work on /home/airflow/.local/lib/python3.12/site-packages/airflow/example_dags/example_external_task_marker_dag.py
[2024-10-31T11:58:52.599+0000] {processor.py:914} INFO - Processing file /home/airflow/.local/lib/python3.12/site-packages/airflow/example_dags/example_external_task_marker_dag.py for tasks to queue
[2024-10-31T11:58:52.601+0000] {logging_mixin.py:190} INFO - [2024-10-31T11:58:52.600+0000] {dagbag.py:588} INFO - Filling up the DagBag from /home/airflow/.local/lib/python3.12/site-packages/airflow/example_dags/example_external_task_marker_dag.py
[2024-10-31T11:58:52.607+0000] {processor.py:925} INFO - DAG(s) 'example_external_task_marker_child', 'example_external_task_marker_parent' retrieved from /home/airflow/.local/lib/python3.12/site-packages/airflow/example_dags/example_external_task_marker_dag.py
[2024-10-31T11:58:52.632+0000] {logging_mixin.py:190} INFO - [2024-10-31T11:58:52.632+0000] {dag.py:3239} INFO - Sync 2 DAGs
[2024-10-31T11:58:52.645+0000] {logging_mixin.py:190} INFO - [2024-10-31T11:58:52.645+0000] {dag.py:4180} INFO - Setting next_dagrun for example_external_task_marker_child to None, run_after=None
[2024-10-31T11:58:52.650+0000] {logging_mixin.py:190} INFO - [2024-10-31T11:58:52.649+0000] {dag.py:4180} INFO - Setting next_dagrun for example_external_task_marker_parent to None, run_after=None
[2024-10-31T11:58:52.665+0000] {processor.py:208} INFO - Processing /home/airflow/.local/lib/python3.12/site-packages/airflow/example_dags/example_external_task_marker_dag.py took 0.071 seconds
[2024-10-31T11:59:22.982+0000] {processor.py:186} INFO - Started process (PID=901) to work on /home/airflow/.local/lib/python3.12/site-packages/airflow/example_dags/example_external_task_marker_dag.py
[2024-10-31T11:59:22.983+0000] {processor.py:914} INFO - Processing file /home/airflow/.local/lib/python3.12/site-packages/airflow/example_dags/example_external_task_marker_dag.py for tasks to queue
[2024-10-31T11:59:22.985+0000] {logging_mixin.py:190} INFO - [2024-10-31T11:59:22.985+0000] {dagbag.py:588} INFO - Filling up the DagBag from /home/airflow/.local/lib/python3.12/site-packages/airflow/example_dags/example_external_task_marker_dag.py
[2024-10-31T11:59:22.991+0000] {processor.py:925} INFO - DAG(s) 'example_external_task_marker_parent', 'example_external_task_marker_child' retrieved from /home/airflow/.local/lib/python3.12/site-packages/airflow/example_dags/example_external_task_marker_dag.py
[2024-10-31T11:59:23.006+0000] {logging_mixin.py:190} INFO - [2024-10-31T11:59:23.006+0000] {dag.py:3239} INFO - Sync 2 DAGs
[2024-10-31T11:59:23.016+0000] {logging_mixin.py:190} INFO - [2024-10-31T11:59:23.016+0000] {dag.py:4180} INFO - Setting next_dagrun for example_external_task_marker_child to None, run_after=None
[2024-10-31T11:59:23.020+0000] {logging_mixin.py:190} INFO - [2024-10-31T11:59:23.020+0000] {dag.py:4180} INFO - Setting next_dagrun for example_external_task_marker_parent to None, run_after=None
[2024-10-31T11:59:23.037+0000] {processor.py:208} INFO - Processing /home/airflow/.local/lib/python3.12/site-packages/airflow/example_dags/example_external_task_marker_dag.py took 0.059 seconds
[2024-10-31T11:59:53.575+0000] {processor.py:186} INFO - Started process (PID=965) to work on /home/airflow/.local/lib/python3.12/site-packages/airflow/example_dags/example_external_task_marker_dag.py
[2024-10-31T11:59:53.576+0000] {processor.py:914} INFO - Processing file /home/airflow/.local/lib/python3.12/site-packages/airflow/example_dags/example_external_task_marker_dag.py for tasks to queue
[2024-10-31T11:59:53.577+0000] {logging_mixin.py:190} INFO - [2024-10-31T11:59:53.577+0000] {dagbag.py:588} INFO - Filling up the DagBag from /home/airflow/.local/lib/python3.12/site-packages/airflow/example_dags/example_external_task_marker_dag.py
[2024-10-31T11:59:53.585+0000] {processor.py:925} INFO - DAG(s) 'example_external_task_marker_child', 'example_external_task_marker_parent' retrieved from /home/airflow/.local/lib/python3.12/site-packages/airflow/example_dags/example_external_task_marker_dag.py
[2024-10-31T11:59:53.608+0000] {logging_mixin.py:190} INFO - [2024-10-31T11:59:53.608+0000] {dag.py:3239} INFO - Sync 2 DAGs
[2024-10-31T11:59:53.618+0000] {logging_mixin.py:190} INFO - [2024-10-31T11:59:53.618+0000] {dag.py:4180} INFO - Setting next_dagrun for example_external_task_marker_child to None, run_after=None
[2024-10-31T11:59:53.622+0000] {logging_mixin.py:190} INFO - [2024-10-31T11:59:53.622+0000] {dag.py:4180} INFO - Setting next_dagrun for example_external_task_marker_parent to None, run_after=None
[2024-10-31T11:59:53.639+0000] {processor.py:208} INFO - Processing /home/airflow/.local/lib/python3.12/site-packages/airflow/example_dags/example_external_task_marker_dag.py took 0.069 seconds
[2024-10-31T12:00:24.155+0000] {processor.py:186} INFO - Started process (PID=1028) to work on /home/airflow/.local/lib/python3.12/site-packages/airflow/example_dags/example_external_task_marker_dag.py
[2024-10-31T12:00:24.156+0000] {processor.py:914} INFO - Processing file /home/airflow/.local/lib/python3.12/site-packages/airflow/example_dags/example_external_task_marker_dag.py for tasks to queue
[2024-10-31T12:00:24.158+0000] {logging_mixin.py:190} INFO - [2024-10-31T12:00:24.158+0000] {dagbag.py:588} INFO - Filling up the DagBag from /home/airflow/.local/lib/python3.12/site-packages/airflow/example_dags/example_external_task_marker_dag.py
[2024-10-31T12:00:24.163+0000] {processor.py:925} INFO - DAG(s) 'example_external_task_marker_parent', 'example_external_task_marker_child' retrieved from /home/airflow/.local/lib/python3.12/site-packages/airflow/example_dags/example_external_task_marker_dag.py
[2024-10-31T12:00:24.179+0000] {logging_mixin.py:190} INFO - [2024-10-31T12:00:24.178+0000] {dag.py:3239} INFO - Sync 2 DAGs
[2024-10-31T12:00:24.188+0000] {logging_mixin.py:190} INFO - [2024-10-31T12:00:24.188+0000] {dag.py:4180} INFO - Setting next_dagrun for example_external_task_marker_child to None, run_after=None
[2024-10-31T12:00:24.191+0000] {logging_mixin.py:190} INFO - [2024-10-31T12:00:24.191+0000] {dag.py:4180} INFO - Setting next_dagrun for example_external_task_marker_parent to None, run_after=None
[2024-10-31T12:00:24.205+0000] {processor.py:208} INFO - Processing /home/airflow/.local/lib/python3.12/site-packages/airflow/example_dags/example_external_task_marker_dag.py took 0.054 seconds
[2024-10-31T12:42:17.891+0000] {processor.py:186} INFO - Started process (PID=73) to work on /home/airflow/.local/lib/python3.12/site-packages/airflow/example_dags/example_external_task_marker_dag.py
[2024-10-31T12:42:17.893+0000] {processor.py:914} INFO - Processing file /home/airflow/.local/lib/python3.12/site-packages/airflow/example_dags/example_external_task_marker_dag.py for tasks to queue
[2024-10-31T12:42:17.896+0000] {logging_mixin.py:190} INFO - [2024-10-31T12:42:17.896+0000] {dagbag.py:588} INFO - Filling up the DagBag from /home/airflow/.local/lib/python3.12/site-packages/airflow/example_dags/example_external_task_marker_dag.py
[2024-10-31T12:42:17.903+0000] {processor.py:925} INFO - DAG(s) 'example_external_task_marker_child', 'example_external_task_marker_parent' retrieved from /home/airflow/.local/lib/python3.12/site-packages/airflow/example_dags/example_external_task_marker_dag.py
[2024-10-31T12:42:17.970+0000] {logging_mixin.py:190} INFO - [2024-10-31T12:42:17.970+0000] {override.py:1900} INFO - Created Permission View: can read on DAG:example_external_task_marker_child
[2024-10-31T12:42:17.976+0000] {logging_mixin.py:190} INFO - [2024-10-31T12:42:17.975+0000] {override.py:1900} INFO - Created Permission View: can delete on DAG:example_external_task_marker_child
[2024-10-31T12:42:17.981+0000] {logging_mixin.py:190} INFO - [2024-10-31T12:42:17.980+0000] {override.py:1900} INFO - Created Permission View: can edit on DAG:example_external_task_marker_child
[2024-10-31T12:42:17.988+0000] {logging_mixin.py:190} INFO - [2024-10-31T12:42:17.988+0000] {override.py:1900} INFO - Created Permission View: menu access on DAG Run:example_external_task_marker_child
[2024-10-31T12:42:17.993+0000] {logging_mixin.py:190} INFO - [2024-10-31T12:42:17.993+0000] {override.py:1900} INFO - Created Permission View: can read on DAG Run:example_external_task_marker_child
[2024-10-31T12:42:18.000+0000] {logging_mixin.py:190} INFO - [2024-10-31T12:42:18.000+0000] {override.py:1900} INFO - Created Permission View: can delete on DAG Run:example_external_task_marker_child
[2024-10-31T12:42:18.006+0000] {logging_mixin.py:190} INFO - [2024-10-31T12:42:18.006+0000] {override.py:1900} INFO - Created Permission View: can create on DAG Run:example_external_task_marker_child
[2024-10-31T12:42:18.014+0000] {logging_mixin.py:190} INFO - [2024-10-31T12:42:18.014+0000] {override.py:1900} INFO - Created Permission View: can read on DAG:example_external_task_marker_parent
[2024-10-31T12:42:18.018+0000] {logging_mixin.py:190} INFO - [2024-10-31T12:42:18.017+0000] {override.py:1900} INFO - Created Permission View: can delete on DAG:example_external_task_marker_parent
[2024-10-31T12:42:18.021+0000] {logging_mixin.py:190} INFO - [2024-10-31T12:42:18.021+0000] {override.py:1900} INFO - Created Permission View: can edit on DAG:example_external_task_marker_parent
[2024-10-31T12:42:18.025+0000] {logging_mixin.py:190} INFO - [2024-10-31T12:42:18.025+0000] {override.py:1900} INFO - Created Permission View: menu access on DAG Run:example_external_task_marker_parent
[2024-10-31T12:42:18.031+0000] {logging_mixin.py:190} INFO - [2024-10-31T12:42:18.031+0000] {override.py:1900} INFO - Created Permission View: can read on DAG Run:example_external_task_marker_parent
[2024-10-31T12:42:18.037+0000] {logging_mixin.py:190} INFO - [2024-10-31T12:42:18.037+0000] {override.py:1900} INFO - Created Permission View: can delete on DAG Run:example_external_task_marker_parent
[2024-10-31T12:42:18.041+0000] {logging_mixin.py:190} INFO - [2024-10-31T12:42:18.041+0000] {override.py:1900} INFO - Created Permission View: can create on DAG Run:example_external_task_marker_parent
[2024-10-31T12:42:18.042+0000] {logging_mixin.py:190} INFO - [2024-10-31T12:42:18.042+0000] {dag.py:3239} INFO - Sync 2 DAGs
[2024-10-31T12:42:18.053+0000] {logging_mixin.py:190} INFO - [2024-10-31T12:42:18.053+0000] {dag.py:3262} INFO - Creating ORM DAG for example_external_task_marker_child
[2024-10-31T12:42:18.056+0000] {logging_mixin.py:190} INFO - [2024-10-31T12:42:18.056+0000] {dag.py:3262} INFO - Creating ORM DAG for example_external_task_marker_parent
[2024-10-31T12:42:18.057+0000] {logging_mixin.py:190} INFO - [2024-10-31T12:42:18.057+0000] {dag.py:4180} INFO - Setting next_dagrun for example_external_task_marker_child to None, run_after=None
[2024-10-31T12:42:18.059+0000] {logging_mixin.py:190} INFO - [2024-10-31T12:42:18.059+0000] {dag.py:4180} INFO - Setting next_dagrun for example_external_task_marker_parent to None, run_after=None
[2024-10-31T12:42:18.074+0000] {processor.py:208} INFO - Processing /home/airflow/.local/lib/python3.12/site-packages/airflow/example_dags/example_external_task_marker_dag.py took 0.187 seconds
