[2024-10-31T11:46:24.190+0000] {processor.py:186} INFO - Started process (PID=67) to work on /home/airflow/.local/lib/python3.12/site-packages/airflow/example_dags/example_setup_teardown.py
[2024-10-31T11:46:24.191+0000] {processor.py:914} INFO - Processing file /home/airflow/.local/lib/python3.12/site-packages/airflow/example_dags/example_setup_teardown.py for tasks to queue
[2024-10-31T11:46:24.193+0000] {logging_mixin.py:190} INFO - [2024-10-31T11:46:24.193+0000] {dagbag.py:588} INFO - Filling up the DagBag from /home/airflow/.local/lib/python3.12/site-packages/airflow/example_dags/example_setup_teardown.py
[2024-10-31T11:46:24.199+0000] {processor.py:925} INFO - DAG(s) 'example_setup_teardown' retrieved from /home/airflow/.local/lib/python3.12/site-packages/airflow/example_dags/example_setup_teardown.py
[2024-10-31T11:46:24.261+0000] {logging_mixin.py:190} INFO - [2024-10-31T11:46:24.260+0000] {override.py:1900} INFO - Created Permission View: can delete on DAG:example_setup_teardown
[2024-10-31T11:46:24.266+0000] {logging_mixin.py:190} INFO - [2024-10-31T11:46:24.266+0000] {override.py:1900} INFO - Created Permission View: can read on DAG:example_setup_teardown
[2024-10-31T11:46:24.274+0000] {logging_mixin.py:190} INFO - [2024-10-31T11:46:24.274+0000] {override.py:1900} INFO - Created Permission View: can edit on DAG:example_setup_teardown
[2024-10-31T11:46:24.281+0000] {logging_mixin.py:190} INFO - [2024-10-31T11:46:24.281+0000] {override.py:1900} INFO - Created Permission View: can delete on DAG Run:example_setup_teardown
[2024-10-31T11:46:24.289+0000] {logging_mixin.py:190} INFO - [2024-10-31T11:46:24.288+0000] {override.py:1900} INFO - Created Permission View: can read on DAG Run:example_setup_teardown
[2024-10-31T11:46:24.300+0000] {logging_mixin.py:190} INFO - [2024-10-31T11:46:24.300+0000] {override.py:1900} INFO - Created Permission View: can create on DAG Run:example_setup_teardown
[2024-10-31T11:46:24.309+0000] {logging_mixin.py:190} INFO - [2024-10-31T11:46:24.309+0000] {override.py:1900} INFO - Created Permission View: menu access on DAG Run:example_setup_teardown
[2024-10-31T11:46:24.310+0000] {logging_mixin.py:190} INFO - [2024-10-31T11:46:24.310+0000] {dag.py:3239} INFO - Sync 1 DAGs
[2024-10-31T11:46:24.320+0000] {logging_mixin.py:190} INFO - [2024-10-31T11:46:24.320+0000] {dag.py:3262} INFO - Creating ORM DAG for example_setup_teardown
[2024-10-31T11:46:24.320+0000] {logging_mixin.py:190} INFO - [2024-10-31T11:46:24.320+0000] {dag.py:4180} INFO - Setting next_dagrun for example_setup_teardown to None, run_after=None
[2024-10-31T11:46:24.329+0000] {processor.py:208} INFO - Processing /home/airflow/.local/lib/python3.12/site-packages/airflow/example_dags/example_setup_teardown.py took 0.143 seconds
[2024-10-31T11:46:54.589+0000] {processor.py:186} INFO - Started process (PID=131) to work on /home/airflow/.local/lib/python3.12/site-packages/airflow/example_dags/example_setup_teardown.py
[2024-10-31T11:46:54.592+0000] {processor.py:914} INFO - Processing file /home/airflow/.local/lib/python3.12/site-packages/airflow/example_dags/example_setup_teardown.py for tasks to queue
[2024-10-31T11:46:54.596+0000] {logging_mixin.py:190} INFO - [2024-10-31T11:46:54.596+0000] {dagbag.py:588} INFO - Filling up the DagBag from /home/airflow/.local/lib/python3.12/site-packages/airflow/example_dags/example_setup_teardown.py
[2024-10-31T11:46:54.614+0000] {processor.py:925} INFO - DAG(s) 'example_setup_teardown' retrieved from /home/airflow/.local/lib/python3.12/site-packages/airflow/example_dags/example_setup_teardown.py
[2024-10-31T11:46:54.645+0000] {logging_mixin.py:190} INFO - [2024-10-31T11:46:54.645+0000] {dag.py:3239} INFO - Sync 1 DAGs
[2024-10-31T11:46:54.659+0000] {logging_mixin.py:190} INFO - [2024-10-31T11:46:54.658+0000] {dag.py:4180} INFO - Setting next_dagrun for example_setup_teardown to None, run_after=None
[2024-10-31T11:46:54.697+0000] {processor.py:208} INFO - Processing /home/airflow/.local/lib/python3.12/site-packages/airflow/example_dags/example_setup_teardown.py took 0.128 seconds
[2024-10-31T11:47:25.015+0000] {processor.py:186} INFO - Started process (PID=201) to work on /home/airflow/.local/lib/python3.12/site-packages/airflow/example_dags/example_setup_teardown.py
[2024-10-31T11:47:25.018+0000] {processor.py:914} INFO - Processing file /home/airflow/.local/lib/python3.12/site-packages/airflow/example_dags/example_setup_teardown.py for tasks to queue
[2024-10-31T11:47:25.020+0000] {logging_mixin.py:190} INFO - [2024-10-31T11:47:25.020+0000] {dagbag.py:588} INFO - Filling up the DagBag from /home/airflow/.local/lib/python3.12/site-packages/airflow/example_dags/example_setup_teardown.py
[2024-10-31T11:47:25.026+0000] {processor.py:925} INFO - DAG(s) 'example_setup_teardown' retrieved from /home/airflow/.local/lib/python3.12/site-packages/airflow/example_dags/example_setup_teardown.py
[2024-10-31T11:47:25.042+0000] {logging_mixin.py:190} INFO - [2024-10-31T11:47:25.041+0000] {dag.py:3239} INFO - Sync 1 DAGs
[2024-10-31T11:47:25.051+0000] {logging_mixin.py:190} INFO - [2024-10-31T11:47:25.051+0000] {dag.py:4180} INFO - Setting next_dagrun for example_setup_teardown to None, run_after=None
[2024-10-31T11:47:25.062+0000] {processor.py:208} INFO - Processing /home/airflow/.local/lib/python3.12/site-packages/airflow/example_dags/example_setup_teardown.py took 0.051 seconds
[2024-10-31T11:47:55.426+0000] {processor.py:186} INFO - Started process (PID=265) to work on /home/airflow/.local/lib/python3.12/site-packages/airflow/example_dags/example_setup_teardown.py
[2024-10-31T11:47:55.427+0000] {processor.py:914} INFO - Processing file /home/airflow/.local/lib/python3.12/site-packages/airflow/example_dags/example_setup_teardown.py for tasks to queue
[2024-10-31T11:47:55.431+0000] {logging_mixin.py:190} INFO - [2024-10-31T11:47:55.431+0000] {dagbag.py:588} INFO - Filling up the DagBag from /home/airflow/.local/lib/python3.12/site-packages/airflow/example_dags/example_setup_teardown.py
[2024-10-31T11:47:55.437+0000] {processor.py:925} INFO - DAG(s) 'example_setup_teardown' retrieved from /home/airflow/.local/lib/python3.12/site-packages/airflow/example_dags/example_setup_teardown.py
[2024-10-31T11:47:55.455+0000] {logging_mixin.py:190} INFO - [2024-10-31T11:47:55.455+0000] {dag.py:3239} INFO - Sync 1 DAGs
[2024-10-31T11:47:55.465+0000] {logging_mixin.py:190} INFO - [2024-10-31T11:47:55.465+0000] {dag.py:4180} INFO - Setting next_dagrun for example_setup_teardown to None, run_after=None
[2024-10-31T11:47:55.477+0000] {processor.py:208} INFO - Processing /home/airflow/.local/lib/python3.12/site-packages/airflow/example_dags/example_setup_teardown.py took 0.056 seconds
[2024-10-31T11:48:26.435+0000] {processor.py:186} INFO - Started process (PID=329) to work on /home/airflow/.local/lib/python3.12/site-packages/airflow/example_dags/example_setup_teardown.py
[2024-10-31T11:48:26.436+0000] {processor.py:914} INFO - Processing file /home/airflow/.local/lib/python3.12/site-packages/airflow/example_dags/example_setup_teardown.py for tasks to queue
[2024-10-31T11:48:26.438+0000] {logging_mixin.py:190} INFO - [2024-10-31T11:48:26.438+0000] {dagbag.py:588} INFO - Filling up the DagBag from /home/airflow/.local/lib/python3.12/site-packages/airflow/example_dags/example_setup_teardown.py
[2024-10-31T11:48:26.445+0000] {processor.py:925} INFO - DAG(s) 'example_setup_teardown' retrieved from /home/airflow/.local/lib/python3.12/site-packages/airflow/example_dags/example_setup_teardown.py
[2024-10-31T11:48:26.462+0000] {logging_mixin.py:190} INFO - [2024-10-31T11:48:26.462+0000] {dag.py:3239} INFO - Sync 1 DAGs
[2024-10-31T11:48:26.474+0000] {logging_mixin.py:190} INFO - [2024-10-31T11:48:26.474+0000] {dag.py:4180} INFO - Setting next_dagrun for example_setup_teardown to None, run_after=None
[2024-10-31T11:48:26.488+0000] {processor.py:208} INFO - Processing /home/airflow/.local/lib/python3.12/site-packages/airflow/example_dags/example_setup_teardown.py took 0.056 seconds
[2024-10-31T11:48:57.497+0000] {processor.py:186} INFO - Started process (PID=393) to work on /home/airflow/.local/lib/python3.12/site-packages/airflow/example_dags/example_setup_teardown.py
[2024-10-31T11:48:57.498+0000] {processor.py:914} INFO - Processing file /home/airflow/.local/lib/python3.12/site-packages/airflow/example_dags/example_setup_teardown.py for tasks to queue
[2024-10-31T11:48:57.499+0000] {logging_mixin.py:190} INFO - [2024-10-31T11:48:57.499+0000] {dagbag.py:588} INFO - Filling up the DagBag from /home/airflow/.local/lib/python3.12/site-packages/airflow/example_dags/example_setup_teardown.py
[2024-10-31T11:48:57.506+0000] {processor.py:925} INFO - DAG(s) 'example_setup_teardown' retrieved from /home/airflow/.local/lib/python3.12/site-packages/airflow/example_dags/example_setup_teardown.py
[2024-10-31T11:48:57.520+0000] {logging_mixin.py:190} INFO - [2024-10-31T11:48:57.520+0000] {dag.py:3239} INFO - Sync 1 DAGs
[2024-10-31T11:48:57.528+0000] {logging_mixin.py:190} INFO - [2024-10-31T11:48:57.528+0000] {dag.py:4180} INFO - Setting next_dagrun for example_setup_teardown to None, run_after=None
[2024-10-31T11:48:57.545+0000] {processor.py:208} INFO - Processing /home/airflow/.local/lib/python3.12/site-packages/airflow/example_dags/example_setup_teardown.py took 0.053 seconds
[2024-10-31T11:49:28.627+0000] {processor.py:186} INFO - Started process (PID=457) to work on /home/airflow/.local/lib/python3.12/site-packages/airflow/example_dags/example_setup_teardown.py
[2024-10-31T11:49:28.628+0000] {processor.py:914} INFO - Processing file /home/airflow/.local/lib/python3.12/site-packages/airflow/example_dags/example_setup_teardown.py for tasks to queue
[2024-10-31T11:49:28.631+0000] {logging_mixin.py:190} INFO - [2024-10-31T11:49:28.631+0000] {dagbag.py:588} INFO - Filling up the DagBag from /home/airflow/.local/lib/python3.12/site-packages/airflow/example_dags/example_setup_teardown.py
[2024-10-31T11:49:28.637+0000] {processor.py:925} INFO - DAG(s) 'example_setup_teardown' retrieved from /home/airflow/.local/lib/python3.12/site-packages/airflow/example_dags/example_setup_teardown.py
[2024-10-31T11:49:28.652+0000] {logging_mixin.py:190} INFO - [2024-10-31T11:49:28.652+0000] {dag.py:3239} INFO - Sync 1 DAGs
[2024-10-31T11:49:28.665+0000] {logging_mixin.py:190} INFO - [2024-10-31T11:49:28.664+0000] {dag.py:4180} INFO - Setting next_dagrun for example_setup_teardown to None, run_after=None
[2024-10-31T11:49:28.676+0000] {processor.py:208} INFO - Processing /home/airflow/.local/lib/python3.12/site-packages/airflow/example_dags/example_setup_teardown.py took 0.053 seconds
[2024-10-31T11:49:59.619+0000] {processor.py:186} INFO - Started process (PID=521) to work on /home/airflow/.local/lib/python3.12/site-packages/airflow/example_dags/example_setup_teardown.py
[2024-10-31T11:49:59.623+0000] {processor.py:914} INFO - Processing file /home/airflow/.local/lib/python3.12/site-packages/airflow/example_dags/example_setup_teardown.py for tasks to queue
[2024-10-31T11:49:59.624+0000] {logging_mixin.py:190} INFO - [2024-10-31T11:49:59.624+0000] {dagbag.py:588} INFO - Filling up the DagBag from /home/airflow/.local/lib/python3.12/site-packages/airflow/example_dags/example_setup_teardown.py
[2024-10-31T11:49:59.630+0000] {processor.py:925} INFO - DAG(s) 'example_setup_teardown' retrieved from /home/airflow/.local/lib/python3.12/site-packages/airflow/example_dags/example_setup_teardown.py
[2024-10-31T11:49:59.649+0000] {logging_mixin.py:190} INFO - [2024-10-31T11:49:59.649+0000] {dag.py:3239} INFO - Sync 1 DAGs
[2024-10-31T11:49:59.659+0000] {logging_mixin.py:190} INFO - [2024-10-31T11:49:59.659+0000] {dag.py:4180} INFO - Setting next_dagrun for example_setup_teardown to None, run_after=None
[2024-10-31T11:49:59.671+0000] {processor.py:208} INFO - Processing /home/airflow/.local/lib/python3.12/site-packages/airflow/example_dags/example_setup_teardown.py took 0.056 seconds
[2024-10-31T11:50:30.682+0000] {processor.py:186} INFO - Started process (PID=585) to work on /home/airflow/.local/lib/python3.12/site-packages/airflow/example_dags/example_setup_teardown.py
[2024-10-31T11:50:30.683+0000] {processor.py:914} INFO - Processing file /home/airflow/.local/lib/python3.12/site-packages/airflow/example_dags/example_setup_teardown.py for tasks to queue
[2024-10-31T11:50:30.685+0000] {logging_mixin.py:190} INFO - [2024-10-31T11:50:30.685+0000] {dagbag.py:588} INFO - Filling up the DagBag from /home/airflow/.local/lib/python3.12/site-packages/airflow/example_dags/example_setup_teardown.py
[2024-10-31T11:50:30.691+0000] {processor.py:925} INFO - DAG(s) 'example_setup_teardown' retrieved from /home/airflow/.local/lib/python3.12/site-packages/airflow/example_dags/example_setup_teardown.py
[2024-10-31T11:50:30.713+0000] {logging_mixin.py:190} INFO - [2024-10-31T11:50:30.713+0000] {dag.py:3239} INFO - Sync 1 DAGs
[2024-10-31T11:50:30.723+0000] {logging_mixin.py:190} INFO - [2024-10-31T11:50:30.723+0000] {dag.py:4180} INFO - Setting next_dagrun for example_setup_teardown to None, run_after=None
[2024-10-31T11:50:30.741+0000] {processor.py:208} INFO - Processing /home/airflow/.local/lib/python3.12/site-packages/airflow/example_dags/example_setup_teardown.py took 0.063 seconds
[2024-10-31T11:51:01.820+0000] {processor.py:186} INFO - Started process (PID=648) to work on /home/airflow/.local/lib/python3.12/site-packages/airflow/example_dags/example_setup_teardown.py
[2024-10-31T11:51:01.821+0000] {processor.py:914} INFO - Processing file /home/airflow/.local/lib/python3.12/site-packages/airflow/example_dags/example_setup_teardown.py for tasks to queue
[2024-10-31T11:51:01.823+0000] {logging_mixin.py:190} INFO - [2024-10-31T11:51:01.823+0000] {dagbag.py:588} INFO - Filling up the DagBag from /home/airflow/.local/lib/python3.12/site-packages/airflow/example_dags/example_setup_teardown.py
[2024-10-31T11:51:01.830+0000] {processor.py:925} INFO - DAG(s) 'example_setup_teardown' retrieved from /home/airflow/.local/lib/python3.12/site-packages/airflow/example_dags/example_setup_teardown.py
[2024-10-31T11:51:01.850+0000] {logging_mixin.py:190} INFO - [2024-10-31T11:51:01.850+0000] {dag.py:3239} INFO - Sync 1 DAGs
[2024-10-31T11:51:01.859+0000] {logging_mixin.py:190} INFO - [2024-10-31T11:51:01.859+0000] {dag.py:4180} INFO - Setting next_dagrun for example_setup_teardown to None, run_after=None
[2024-10-31T11:51:01.872+0000] {processor.py:208} INFO - Processing /home/airflow/.local/lib/python3.12/site-packages/airflow/example_dags/example_setup_teardown.py took 0.056 seconds
[2024-10-31T11:51:32.788+0000] {processor.py:186} INFO - Started process (PID=712) to work on /home/airflow/.local/lib/python3.12/site-packages/airflow/example_dags/example_setup_teardown.py
[2024-10-31T11:51:32.793+0000] {processor.py:914} INFO - Processing file /home/airflow/.local/lib/python3.12/site-packages/airflow/example_dags/example_setup_teardown.py for tasks to queue
[2024-10-31T11:51:32.800+0000] {logging_mixin.py:190} INFO - [2024-10-31T11:51:32.800+0000] {dagbag.py:588} INFO - Filling up the DagBag from /home/airflow/.local/lib/python3.12/site-packages/airflow/example_dags/example_setup_teardown.py
[2024-10-31T11:51:32.806+0000] {processor.py:925} INFO - DAG(s) 'example_setup_teardown' retrieved from /home/airflow/.local/lib/python3.12/site-packages/airflow/example_dags/example_setup_teardown.py
[2024-10-31T11:51:32.821+0000] {logging_mixin.py:190} INFO - [2024-10-31T11:51:32.821+0000] {dag.py:3239} INFO - Sync 1 DAGs
[2024-10-31T11:51:32.831+0000] {logging_mixin.py:190} INFO - [2024-10-31T11:51:32.830+0000] {dag.py:4180} INFO - Setting next_dagrun for example_setup_teardown to None, run_after=None
[2024-10-31T11:51:32.866+0000] {processor.py:208} INFO - Processing /home/airflow/.local/lib/python3.12/site-packages/airflow/example_dags/example_setup_teardown.py took 0.082 seconds
[2024-10-31T11:52:03.101+0000] {processor.py:186} INFO - Started process (PID=776) to work on /home/airflow/.local/lib/python3.12/site-packages/airflow/example_dags/example_setup_teardown.py
[2024-10-31T11:52:03.102+0000] {processor.py:914} INFO - Processing file /home/airflow/.local/lib/python3.12/site-packages/airflow/example_dags/example_setup_teardown.py for tasks to queue
[2024-10-31T11:52:03.104+0000] {logging_mixin.py:190} INFO - [2024-10-31T11:52:03.103+0000] {dagbag.py:588} INFO - Filling up the DagBag from /home/airflow/.local/lib/python3.12/site-packages/airflow/example_dags/example_setup_teardown.py
[2024-10-31T11:52:03.113+0000] {processor.py:925} INFO - DAG(s) 'example_setup_teardown' retrieved from /home/airflow/.local/lib/python3.12/site-packages/airflow/example_dags/example_setup_teardown.py
[2024-10-31T11:52:03.146+0000] {logging_mixin.py:190} INFO - [2024-10-31T11:52:03.146+0000] {dag.py:3239} INFO - Sync 1 DAGs
[2024-10-31T11:52:03.156+0000] {logging_mixin.py:190} INFO - [2024-10-31T11:52:03.156+0000] {dag.py:4180} INFO - Setting next_dagrun for example_setup_teardown to None, run_after=None
[2024-10-31T11:52:03.168+0000] {processor.py:208} INFO - Processing /home/airflow/.local/lib/python3.12/site-packages/airflow/example_dags/example_setup_teardown.py took 0.072 seconds
[2024-10-31T11:52:46.825+0000] {processor.py:186} INFO - Started process (PID=59) to work on /home/airflow/.local/lib/python3.12/site-packages/airflow/example_dags/example_setup_teardown.py
[2024-10-31T11:52:46.826+0000] {processor.py:914} INFO - Processing file /home/airflow/.local/lib/python3.12/site-packages/airflow/example_dags/example_setup_teardown.py for tasks to queue
[2024-10-31T11:52:46.828+0000] {logging_mixin.py:190} INFO - [2024-10-31T11:52:46.828+0000] {dagbag.py:588} INFO - Filling up the DagBag from /home/airflow/.local/lib/python3.12/site-packages/airflow/example_dags/example_setup_teardown.py
[2024-10-31T11:52:46.833+0000] {processor.py:925} INFO - DAG(s) 'example_setup_teardown' retrieved from /home/airflow/.local/lib/python3.12/site-packages/airflow/example_dags/example_setup_teardown.py
[2024-10-31T11:52:46.848+0000] {logging_mixin.py:190} INFO - [2024-10-31T11:52:46.848+0000] {dag.py:3239} INFO - Sync 1 DAGs
[2024-10-31T11:52:46.857+0000] {logging_mixin.py:190} INFO - [2024-10-31T11:52:46.857+0000] {dag.py:4180} INFO - Setting next_dagrun for example_setup_teardown to None, run_after=None
[2024-10-31T11:52:46.870+0000] {processor.py:208} INFO - Processing /home/airflow/.local/lib/python3.12/site-packages/airflow/example_dags/example_setup_teardown.py took 0.048 seconds
[2024-10-31T11:53:17.880+0000] {processor.py:186} INFO - Started process (PID=123) to work on /home/airflow/.local/lib/python3.12/site-packages/airflow/example_dags/example_setup_teardown.py
[2024-10-31T11:53:17.881+0000] {processor.py:914} INFO - Processing file /home/airflow/.local/lib/python3.12/site-packages/airflow/example_dags/example_setup_teardown.py for tasks to queue
[2024-10-31T11:53:17.883+0000] {logging_mixin.py:190} INFO - [2024-10-31T11:53:17.883+0000] {dagbag.py:588} INFO - Filling up the DagBag from /home/airflow/.local/lib/python3.12/site-packages/airflow/example_dags/example_setup_teardown.py
[2024-10-31T11:53:17.890+0000] {processor.py:925} INFO - DAG(s) 'example_setup_teardown' retrieved from /home/airflow/.local/lib/python3.12/site-packages/airflow/example_dags/example_setup_teardown.py
[2024-10-31T11:53:17.908+0000] {logging_mixin.py:190} INFO - [2024-10-31T11:53:17.908+0000] {dag.py:3239} INFO - Sync 1 DAGs
[2024-10-31T11:53:17.926+0000] {logging_mixin.py:190} INFO - [2024-10-31T11:53:17.925+0000] {dag.py:4180} INFO - Setting next_dagrun for example_setup_teardown to None, run_after=None
[2024-10-31T11:53:17.941+0000] {processor.py:208} INFO - Processing /home/airflow/.local/lib/python3.12/site-packages/airflow/example_dags/example_setup_teardown.py took 0.065 seconds
[2024-10-31T11:53:48.377+0000] {processor.py:186} INFO - Started process (PID=193) to work on /home/airflow/.local/lib/python3.12/site-packages/airflow/example_dags/example_setup_teardown.py
[2024-10-31T11:53:48.378+0000] {processor.py:914} INFO - Processing file /home/airflow/.local/lib/python3.12/site-packages/airflow/example_dags/example_setup_teardown.py for tasks to queue
[2024-10-31T11:53:48.380+0000] {logging_mixin.py:190} INFO - [2024-10-31T11:53:48.380+0000] {dagbag.py:588} INFO - Filling up the DagBag from /home/airflow/.local/lib/python3.12/site-packages/airflow/example_dags/example_setup_teardown.py
[2024-10-31T11:53:48.387+0000] {processor.py:925} INFO - DAG(s) 'example_setup_teardown' retrieved from /home/airflow/.local/lib/python3.12/site-packages/airflow/example_dags/example_setup_teardown.py
[2024-10-31T11:53:48.403+0000] {logging_mixin.py:190} INFO - [2024-10-31T11:53:48.403+0000] {dag.py:3239} INFO - Sync 1 DAGs
[2024-10-31T11:53:48.413+0000] {logging_mixin.py:190} INFO - [2024-10-31T11:53:48.413+0000] {dag.py:4180} INFO - Setting next_dagrun for example_setup_teardown to None, run_after=None
[2024-10-31T11:53:48.427+0000] {processor.py:208} INFO - Processing /home/airflow/.local/lib/python3.12/site-packages/airflow/example_dags/example_setup_teardown.py took 0.054 seconds
[2024-10-31T11:54:18.706+0000] {processor.py:186} INFO - Started process (PID=257) to work on /home/airflow/.local/lib/python3.12/site-packages/airflow/example_dags/example_setup_teardown.py
[2024-10-31T11:54:18.707+0000] {processor.py:914} INFO - Processing file /home/airflow/.local/lib/python3.12/site-packages/airflow/example_dags/example_setup_teardown.py for tasks to queue
[2024-10-31T11:54:18.709+0000] {logging_mixin.py:190} INFO - [2024-10-31T11:54:18.709+0000] {dagbag.py:588} INFO - Filling up the DagBag from /home/airflow/.local/lib/python3.12/site-packages/airflow/example_dags/example_setup_teardown.py
[2024-10-31T11:54:18.715+0000] {processor.py:925} INFO - DAG(s) 'example_setup_teardown' retrieved from /home/airflow/.local/lib/python3.12/site-packages/airflow/example_dags/example_setup_teardown.py
[2024-10-31T11:54:18.732+0000] {logging_mixin.py:190} INFO - [2024-10-31T11:54:18.731+0000] {dag.py:3239} INFO - Sync 1 DAGs
[2024-10-31T11:54:18.742+0000] {logging_mixin.py:190} INFO - [2024-10-31T11:54:18.742+0000] {dag.py:4180} INFO - Setting next_dagrun for example_setup_teardown to None, run_after=None
[2024-10-31T11:54:18.757+0000] {processor.py:208} INFO - Processing /home/airflow/.local/lib/python3.12/site-packages/airflow/example_dags/example_setup_teardown.py took 0.056 seconds
[2024-10-31T11:54:49.069+0000] {processor.py:186} INFO - Started process (PID=320) to work on /home/airflow/.local/lib/python3.12/site-packages/airflow/example_dags/example_setup_teardown.py
[2024-10-31T11:54:49.070+0000] {processor.py:914} INFO - Processing file /home/airflow/.local/lib/python3.12/site-packages/airflow/example_dags/example_setup_teardown.py for tasks to queue
[2024-10-31T11:54:49.072+0000] {logging_mixin.py:190} INFO - [2024-10-31T11:54:49.072+0000] {dagbag.py:588} INFO - Filling up the DagBag from /home/airflow/.local/lib/python3.12/site-packages/airflow/example_dags/example_setup_teardown.py
[2024-10-31T11:54:49.083+0000] {processor.py:925} INFO - DAG(s) 'example_setup_teardown' retrieved from /home/airflow/.local/lib/python3.12/site-packages/airflow/example_dags/example_setup_teardown.py
[2024-10-31T11:54:49.104+0000] {logging_mixin.py:190} INFO - [2024-10-31T11:54:49.104+0000] {dag.py:3239} INFO - Sync 1 DAGs
[2024-10-31T11:54:49.118+0000] {logging_mixin.py:190} INFO - [2024-10-31T11:54:49.117+0000] {dag.py:4180} INFO - Setting next_dagrun for example_setup_teardown to None, run_after=None
[2024-10-31T11:54:49.135+0000] {processor.py:208} INFO - Processing /home/airflow/.local/lib/python3.12/site-packages/airflow/example_dags/example_setup_teardown.py took 0.071 seconds
[2024-10-31T11:55:19.302+0000] {processor.py:186} INFO - Started process (PID=384) to work on /home/airflow/.local/lib/python3.12/site-packages/airflow/example_dags/example_setup_teardown.py
[2024-10-31T11:55:19.303+0000] {processor.py:914} INFO - Processing file /home/airflow/.local/lib/python3.12/site-packages/airflow/example_dags/example_setup_teardown.py for tasks to queue
[2024-10-31T11:55:19.304+0000] {logging_mixin.py:190} INFO - [2024-10-31T11:55:19.304+0000] {dagbag.py:588} INFO - Filling up the DagBag from /home/airflow/.local/lib/python3.12/site-packages/airflow/example_dags/example_setup_teardown.py
[2024-10-31T11:55:19.310+0000] {processor.py:925} INFO - DAG(s) 'example_setup_teardown' retrieved from /home/airflow/.local/lib/python3.12/site-packages/airflow/example_dags/example_setup_teardown.py
[2024-10-31T11:55:19.331+0000] {logging_mixin.py:190} INFO - [2024-10-31T11:55:19.331+0000] {dag.py:3239} INFO - Sync 1 DAGs
[2024-10-31T11:55:19.341+0000] {logging_mixin.py:190} INFO - [2024-10-31T11:55:19.341+0000] {dag.py:4180} INFO - Setting next_dagrun for example_setup_teardown to None, run_after=None
[2024-10-31T11:55:19.356+0000] {processor.py:208} INFO - Processing /home/airflow/.local/lib/python3.12/site-packages/airflow/example_dags/example_setup_teardown.py took 0.060 seconds
[2024-10-31T11:55:49.588+0000] {processor.py:186} INFO - Started process (PID=448) to work on /home/airflow/.local/lib/python3.12/site-packages/airflow/example_dags/example_setup_teardown.py
[2024-10-31T11:55:49.589+0000] {processor.py:914} INFO - Processing file /home/airflow/.local/lib/python3.12/site-packages/airflow/example_dags/example_setup_teardown.py for tasks to queue
[2024-10-31T11:55:49.591+0000] {logging_mixin.py:190} INFO - [2024-10-31T11:55:49.591+0000] {dagbag.py:588} INFO - Filling up the DagBag from /home/airflow/.local/lib/python3.12/site-packages/airflow/example_dags/example_setup_teardown.py
[2024-10-31T11:55:49.601+0000] {processor.py:925} INFO - DAG(s) 'example_setup_teardown' retrieved from /home/airflow/.local/lib/python3.12/site-packages/airflow/example_dags/example_setup_teardown.py
[2024-10-31T11:55:49.618+0000] {logging_mixin.py:190} INFO - [2024-10-31T11:55:49.617+0000] {dag.py:3239} INFO - Sync 1 DAGs
[2024-10-31T11:55:49.627+0000] {logging_mixin.py:190} INFO - [2024-10-31T11:55:49.627+0000] {dag.py:4180} INFO - Setting next_dagrun for example_setup_teardown to None, run_after=None
[2024-10-31T11:55:49.641+0000] {processor.py:208} INFO - Processing /home/airflow/.local/lib/python3.12/site-packages/airflow/example_dags/example_setup_teardown.py took 0.057 seconds
[2024-10-31T11:56:19.831+0000] {processor.py:186} INFO - Started process (PID=512) to work on /home/airflow/.local/lib/python3.12/site-packages/airflow/example_dags/example_setup_teardown.py
[2024-10-31T11:56:19.832+0000] {processor.py:914} INFO - Processing file /home/airflow/.local/lib/python3.12/site-packages/airflow/example_dags/example_setup_teardown.py for tasks to queue
[2024-10-31T11:56:19.833+0000] {logging_mixin.py:190} INFO - [2024-10-31T11:56:19.833+0000] {dagbag.py:588} INFO - Filling up the DagBag from /home/airflow/.local/lib/python3.12/site-packages/airflow/example_dags/example_setup_teardown.py
[2024-10-31T11:56:19.839+0000] {processor.py:925} INFO - DAG(s) 'example_setup_teardown' retrieved from /home/airflow/.local/lib/python3.12/site-packages/airflow/example_dags/example_setup_teardown.py
[2024-10-31T11:56:19.861+0000] {logging_mixin.py:190} INFO - [2024-10-31T11:56:19.860+0000] {dag.py:3239} INFO - Sync 1 DAGs
[2024-10-31T11:56:19.873+0000] {logging_mixin.py:190} INFO - [2024-10-31T11:56:19.873+0000] {dag.py:4180} INFO - Setting next_dagrun for example_setup_teardown to None, run_after=None
[2024-10-31T11:56:19.885+0000] {processor.py:208} INFO - Processing /home/airflow/.local/lib/python3.12/site-packages/airflow/example_dags/example_setup_teardown.py took 0.059 seconds
[2024-10-31T11:56:50.222+0000] {processor.py:186} INFO - Started process (PID=576) to work on /home/airflow/.local/lib/python3.12/site-packages/airflow/example_dags/example_setup_teardown.py
[2024-10-31T11:56:50.223+0000] {processor.py:914} INFO - Processing file /home/airflow/.local/lib/python3.12/site-packages/airflow/example_dags/example_setup_teardown.py for tasks to queue
[2024-10-31T11:56:50.224+0000] {logging_mixin.py:190} INFO - [2024-10-31T11:56:50.224+0000] {dagbag.py:588} INFO - Filling up the DagBag from /home/airflow/.local/lib/python3.12/site-packages/airflow/example_dags/example_setup_teardown.py
[2024-10-31T11:56:50.230+0000] {processor.py:925} INFO - DAG(s) 'example_setup_teardown' retrieved from /home/airflow/.local/lib/python3.12/site-packages/airflow/example_dags/example_setup_teardown.py
[2024-10-31T11:56:50.249+0000] {logging_mixin.py:190} INFO - [2024-10-31T11:56:50.248+0000] {dag.py:3239} INFO - Sync 1 DAGs
[2024-10-31T11:56:50.257+0000] {logging_mixin.py:190} INFO - [2024-10-31T11:56:50.257+0000] {dag.py:4180} INFO - Setting next_dagrun for example_setup_teardown to None, run_after=None
[2024-10-31T11:56:50.276+0000] {processor.py:208} INFO - Processing /home/airflow/.local/lib/python3.12/site-packages/airflow/example_dags/example_setup_teardown.py took 0.059 seconds
[2024-10-31T11:57:20.422+0000] {processor.py:186} INFO - Started process (PID=640) to work on /home/airflow/.local/lib/python3.12/site-packages/airflow/example_dags/example_setup_teardown.py
[2024-10-31T11:57:20.423+0000] {processor.py:914} INFO - Processing file /home/airflow/.local/lib/python3.12/site-packages/airflow/example_dags/example_setup_teardown.py for tasks to queue
[2024-10-31T11:57:20.424+0000] {logging_mixin.py:190} INFO - [2024-10-31T11:57:20.424+0000] {dagbag.py:588} INFO - Filling up the DagBag from /home/airflow/.local/lib/python3.12/site-packages/airflow/example_dags/example_setup_teardown.py
[2024-10-31T11:57:20.430+0000] {processor.py:925} INFO - DAG(s) 'example_setup_teardown' retrieved from /home/airflow/.local/lib/python3.12/site-packages/airflow/example_dags/example_setup_teardown.py
[2024-10-31T11:57:20.447+0000] {logging_mixin.py:190} INFO - [2024-10-31T11:57:20.447+0000] {dag.py:3239} INFO - Sync 1 DAGs
[2024-10-31T11:57:20.457+0000] {logging_mixin.py:190} INFO - [2024-10-31T11:57:20.457+0000] {dag.py:4180} INFO - Setting next_dagrun for example_setup_teardown to None, run_after=None
[2024-10-31T11:57:20.471+0000] {processor.py:208} INFO - Processing /home/airflow/.local/lib/python3.12/site-packages/airflow/example_dags/example_setup_teardown.py took 0.054 seconds
[2024-10-31T11:57:50.875+0000] {processor.py:186} INFO - Started process (PID=703) to work on /home/airflow/.local/lib/python3.12/site-packages/airflow/example_dags/example_setup_teardown.py
[2024-10-31T11:57:50.876+0000] {processor.py:914} INFO - Processing file /home/airflow/.local/lib/python3.12/site-packages/airflow/example_dags/example_setup_teardown.py for tasks to queue
[2024-10-31T11:57:50.878+0000] {logging_mixin.py:190} INFO - [2024-10-31T11:57:50.878+0000] {dagbag.py:588} INFO - Filling up the DagBag from /home/airflow/.local/lib/python3.12/site-packages/airflow/example_dags/example_setup_teardown.py
[2024-10-31T11:57:50.883+0000] {processor.py:925} INFO - DAG(s) 'example_setup_teardown' retrieved from /home/airflow/.local/lib/python3.12/site-packages/airflow/example_dags/example_setup_teardown.py
[2024-10-31T11:57:50.897+0000] {logging_mixin.py:190} INFO - [2024-10-31T11:57:50.897+0000] {dag.py:3239} INFO - Sync 1 DAGs
[2024-10-31T11:57:50.907+0000] {logging_mixin.py:190} INFO - [2024-10-31T11:57:50.907+0000] {dag.py:4180} INFO - Setting next_dagrun for example_setup_teardown to None, run_after=None
[2024-10-31T11:57:50.920+0000] {processor.py:208} INFO - Processing /home/airflow/.local/lib/python3.12/site-packages/airflow/example_dags/example_setup_teardown.py took 0.049 seconds
[2024-10-31T11:58:21.132+0000] {processor.py:186} INFO - Started process (PID=767) to work on /home/airflow/.local/lib/python3.12/site-packages/airflow/example_dags/example_setup_teardown.py
[2024-10-31T11:58:21.134+0000] {processor.py:914} INFO - Processing file /home/airflow/.local/lib/python3.12/site-packages/airflow/example_dags/example_setup_teardown.py for tasks to queue
[2024-10-31T11:58:21.137+0000] {logging_mixin.py:190} INFO - [2024-10-31T11:58:21.137+0000] {dagbag.py:588} INFO - Filling up the DagBag from /home/airflow/.local/lib/python3.12/site-packages/airflow/example_dags/example_setup_teardown.py
[2024-10-31T11:58:21.144+0000] {processor.py:925} INFO - DAG(s) 'example_setup_teardown' retrieved from /home/airflow/.local/lib/python3.12/site-packages/airflow/example_dags/example_setup_teardown.py
[2024-10-31T11:58:21.160+0000] {logging_mixin.py:190} INFO - [2024-10-31T11:58:21.159+0000] {dag.py:3239} INFO - Sync 1 DAGs
[2024-10-31T11:58:21.171+0000] {logging_mixin.py:190} INFO - [2024-10-31T11:58:21.171+0000] {dag.py:4180} INFO - Setting next_dagrun for example_setup_teardown to None, run_after=None
[2024-10-31T11:58:21.186+0000] {processor.py:208} INFO - Processing /home/airflow/.local/lib/python3.12/site-packages/airflow/example_dags/example_setup_teardown.py took 0.058 seconds
[2024-10-31T11:58:52.364+0000] {processor.py:186} INFO - Started process (PID=831) to work on /home/airflow/.local/lib/python3.12/site-packages/airflow/example_dags/example_setup_teardown.py
[2024-10-31T11:58:52.366+0000] {processor.py:914} INFO - Processing file /home/airflow/.local/lib/python3.12/site-packages/airflow/example_dags/example_setup_teardown.py for tasks to queue
[2024-10-31T11:58:52.370+0000] {logging_mixin.py:190} INFO - [2024-10-31T11:58:52.369+0000] {dagbag.py:588} INFO - Filling up the DagBag from /home/airflow/.local/lib/python3.12/site-packages/airflow/example_dags/example_setup_teardown.py
[2024-10-31T11:58:52.378+0000] {processor.py:925} INFO - DAG(s) 'example_setup_teardown' retrieved from /home/airflow/.local/lib/python3.12/site-packages/airflow/example_dags/example_setup_teardown.py
[2024-10-31T11:58:52.396+0000] {logging_mixin.py:190} INFO - [2024-10-31T11:58:52.396+0000] {dag.py:3239} INFO - Sync 1 DAGs
[2024-10-31T11:58:52.406+0000] {logging_mixin.py:190} INFO - [2024-10-31T11:58:52.405+0000] {dag.py:4180} INFO - Setting next_dagrun for example_setup_teardown to None, run_after=None
[2024-10-31T11:58:52.422+0000] {processor.py:208} INFO - Processing /home/airflow/.local/lib/python3.12/site-packages/airflow/example_dags/example_setup_teardown.py took 0.064 seconds
[2024-10-31T11:59:22.736+0000] {processor.py:186} INFO - Started process (PID=895) to work on /home/airflow/.local/lib/python3.12/site-packages/airflow/example_dags/example_setup_teardown.py
[2024-10-31T11:59:22.737+0000] {processor.py:914} INFO - Processing file /home/airflow/.local/lib/python3.12/site-packages/airflow/example_dags/example_setup_teardown.py for tasks to queue
[2024-10-31T11:59:22.739+0000] {logging_mixin.py:190} INFO - [2024-10-31T11:59:22.739+0000] {dagbag.py:588} INFO - Filling up the DagBag from /home/airflow/.local/lib/python3.12/site-packages/airflow/example_dags/example_setup_teardown.py
[2024-10-31T11:59:22.746+0000] {processor.py:925} INFO - DAG(s) 'example_setup_teardown' retrieved from /home/airflow/.local/lib/python3.12/site-packages/airflow/example_dags/example_setup_teardown.py
[2024-10-31T11:59:22.768+0000] {logging_mixin.py:190} INFO - [2024-10-31T11:59:22.767+0000] {dag.py:3239} INFO - Sync 1 DAGs
[2024-10-31T11:59:22.777+0000] {logging_mixin.py:190} INFO - [2024-10-31T11:59:22.777+0000] {dag.py:4180} INFO - Setting next_dagrun for example_setup_teardown to None, run_after=None
[2024-10-31T11:59:22.800+0000] {processor.py:208} INFO - Processing /home/airflow/.local/lib/python3.12/site-packages/airflow/example_dags/example_setup_teardown.py took 0.068 seconds
[2024-10-31T11:59:53.316+0000] {processor.py:186} INFO - Started process (PID=959) to work on /home/airflow/.local/lib/python3.12/site-packages/airflow/example_dags/example_setup_teardown.py
[2024-10-31T11:59:53.322+0000] {processor.py:914} INFO - Processing file /home/airflow/.local/lib/python3.12/site-packages/airflow/example_dags/example_setup_teardown.py for tasks to queue
[2024-10-31T11:59:53.324+0000] {logging_mixin.py:190} INFO - [2024-10-31T11:59:53.324+0000] {dagbag.py:588} INFO - Filling up the DagBag from /home/airflow/.local/lib/python3.12/site-packages/airflow/example_dags/example_setup_teardown.py
[2024-10-31T11:59:53.333+0000] {processor.py:925} INFO - DAG(s) 'example_setup_teardown' retrieved from /home/airflow/.local/lib/python3.12/site-packages/airflow/example_dags/example_setup_teardown.py
[2024-10-31T11:59:53.348+0000] {logging_mixin.py:190} INFO - [2024-10-31T11:59:53.348+0000] {dag.py:3239} INFO - Sync 1 DAGs
[2024-10-31T11:59:53.361+0000] {logging_mixin.py:190} INFO - [2024-10-31T11:59:53.361+0000] {dag.py:4180} INFO - Setting next_dagrun for example_setup_teardown to None, run_after=None
[2024-10-31T11:59:53.375+0000] {processor.py:208} INFO - Processing /home/airflow/.local/lib/python3.12/site-packages/airflow/example_dags/example_setup_teardown.py took 0.062 seconds
[2024-10-31T12:00:23.865+0000] {processor.py:186} INFO - Started process (PID=1022) to work on /home/airflow/.local/lib/python3.12/site-packages/airflow/example_dags/example_setup_teardown.py
[2024-10-31T12:00:23.867+0000] {processor.py:914} INFO - Processing file /home/airflow/.local/lib/python3.12/site-packages/airflow/example_dags/example_setup_teardown.py for tasks to queue
[2024-10-31T12:00:23.869+0000] {logging_mixin.py:190} INFO - [2024-10-31T12:00:23.868+0000] {dagbag.py:588} INFO - Filling up the DagBag from /home/airflow/.local/lib/python3.12/site-packages/airflow/example_dags/example_setup_teardown.py
[2024-10-31T12:00:23.876+0000] {processor.py:925} INFO - DAG(s) 'example_setup_teardown' retrieved from /home/airflow/.local/lib/python3.12/site-packages/airflow/example_dags/example_setup_teardown.py
[2024-10-31T12:00:23.896+0000] {logging_mixin.py:190} INFO - [2024-10-31T12:00:23.896+0000] {dag.py:3239} INFO - Sync 1 DAGs
[2024-10-31T12:00:23.907+0000] {logging_mixin.py:190} INFO - [2024-10-31T12:00:23.907+0000] {dag.py:4180} INFO - Setting next_dagrun for example_setup_teardown to None, run_after=None
[2024-10-31T12:00:23.921+0000] {processor.py:208} INFO - Processing /home/airflow/.local/lib/python3.12/site-packages/airflow/example_dags/example_setup_teardown.py took 0.060 seconds
[2024-10-31T12:42:17.463+0000] {processor.py:186} INFO - Started process (PID=67) to work on /home/airflow/.local/lib/python3.12/site-packages/airflow/example_dags/example_setup_teardown.py
[2024-10-31T12:42:17.464+0000] {processor.py:914} INFO - Processing file /home/airflow/.local/lib/python3.12/site-packages/airflow/example_dags/example_setup_teardown.py for tasks to queue
[2024-10-31T12:42:17.466+0000] {logging_mixin.py:190} INFO - [2024-10-31T12:42:17.466+0000] {dagbag.py:588} INFO - Filling up the DagBag from /home/airflow/.local/lib/python3.12/site-packages/airflow/example_dags/example_setup_teardown.py
[2024-10-31T12:42:17.472+0000] {processor.py:925} INFO - DAG(s) 'example_setup_teardown' retrieved from /home/airflow/.local/lib/python3.12/site-packages/airflow/example_dags/example_setup_teardown.py
[2024-10-31T12:42:17.536+0000] {logging_mixin.py:190} INFO - [2024-10-31T12:42:17.536+0000] {override.py:1900} INFO - Created Permission View: can read on DAG:example_setup_teardown
[2024-10-31T12:42:17.542+0000] {logging_mixin.py:190} INFO - [2024-10-31T12:42:17.542+0000] {override.py:1900} INFO - Created Permission View: can delete on DAG:example_setup_teardown
[2024-10-31T12:42:17.547+0000] {logging_mixin.py:190} INFO - [2024-10-31T12:42:17.546+0000] {override.py:1900} INFO - Created Permission View: can edit on DAG:example_setup_teardown
[2024-10-31T12:42:17.556+0000] {logging_mixin.py:190} INFO - [2024-10-31T12:42:17.556+0000] {override.py:1900} INFO - Created Permission View: menu access on DAG Run:example_setup_teardown
[2024-10-31T12:42:17.563+0000] {logging_mixin.py:190} INFO - [2024-10-31T12:42:17.563+0000] {override.py:1900} INFO - Created Permission View: can read on DAG Run:example_setup_teardown
[2024-10-31T12:42:17.569+0000] {logging_mixin.py:190} INFO - [2024-10-31T12:42:17.569+0000] {override.py:1900} INFO - Created Permission View: can delete on DAG Run:example_setup_teardown
[2024-10-31T12:42:17.573+0000] {logging_mixin.py:190} INFO - [2024-10-31T12:42:17.573+0000] {override.py:1900} INFO - Created Permission View: can create on DAG Run:example_setup_teardown
[2024-10-31T12:42:17.573+0000] {logging_mixin.py:190} INFO - [2024-10-31T12:42:17.573+0000] {dag.py:3239} INFO - Sync 1 DAGs
[2024-10-31T12:42:17.580+0000] {logging_mixin.py:190} INFO - [2024-10-31T12:42:17.580+0000] {dag.py:3262} INFO - Creating ORM DAG for example_setup_teardown
[2024-10-31T12:42:17.581+0000] {logging_mixin.py:190} INFO - [2024-10-31T12:42:17.581+0000] {dag.py:4180} INFO - Setting next_dagrun for example_setup_teardown to None, run_after=None
[2024-10-31T12:42:17.589+0000] {processor.py:208} INFO - Processing /home/airflow/.local/lib/python3.12/site-packages/airflow/example_dags/example_setup_teardown.py took 0.131 seconds
