[2024-10-31T11:46:22.721+0000] {processor.py:186} INFO - Started process (PID=59) to work on /home/airflow/.local/lib/python3.12/site-packages/airflow/example_dags/example_branch_operator.py
[2024-10-31T11:46:22.722+0000] {processor.py:914} INFO - Processing file /home/airflow/.local/lib/python3.12/site-packages/airflow/example_dags/example_branch_operator.py for tasks to queue
[2024-10-31T11:46:22.724+0000] {logging_mixin.py:190} INFO - [2024-10-31T11:46:22.723+0000] {dagbag.py:588} INFO - Filling up the DagBag from /home/airflow/.local/lib/python3.12/site-packages/airflow/example_dags/example_branch_operator.py
[2024-10-31T11:46:22.739+0000] {processor.py:925} INFO - DAG(s) 'example_branch_operator' retrieved from /home/airflow/.local/lib/python3.12/site-packages/airflow/example_dags/example_branch_operator.py
[2024-10-31T11:46:22.828+0000] {logging_mixin.py:190} INFO - [2024-10-31T11:46:22.827+0000] {override.py:1900} INFO - Created Permission View: can delete on DAG:example_branch_operator
[2024-10-31T11:46:22.835+0000] {logging_mixin.py:190} INFO - [2024-10-31T11:46:22.835+0000] {override.py:1900} INFO - Created Permission View: can read on DAG:example_branch_operator
[2024-10-31T11:46:22.841+0000] {logging_mixin.py:190} INFO - [2024-10-31T11:46:22.840+0000] {override.py:1900} INFO - Created Permission View: can edit on DAG:example_branch_operator
[2024-10-31T11:46:22.845+0000] {logging_mixin.py:190} INFO - [2024-10-31T11:46:22.845+0000] {override.py:1900} INFO - Created Permission View: can delete on DAG Run:example_branch_operator
[2024-10-31T11:46:22.853+0000] {logging_mixin.py:190} INFO - [2024-10-31T11:46:22.853+0000] {override.py:1900} INFO - Created Permission View: can read on DAG Run:example_branch_operator
[2024-10-31T11:46:22.858+0000] {logging_mixin.py:190} INFO - [2024-10-31T11:46:22.858+0000] {override.py:1900} INFO - Created Permission View: can create on DAG Run:example_branch_operator
[2024-10-31T11:46:22.864+0000] {logging_mixin.py:190} INFO - [2024-10-31T11:46:22.864+0000] {override.py:1900} INFO - Created Permission View: menu access on DAG Run:example_branch_operator
[2024-10-31T11:46:22.866+0000] {logging_mixin.py:190} INFO - [2024-10-31T11:46:22.866+0000] {dag.py:3239} INFO - Sync 1 DAGs
[2024-10-31T11:46:22.879+0000] {logging_mixin.py:190} INFO - [2024-10-31T11:46:22.879+0000] {dag.py:3262} INFO - Creating ORM DAG for example_branch_operator
[2024-10-31T11:46:22.888+0000] {logging_mixin.py:190} INFO - [2024-10-31T11:46:22.888+0000] {dag.py:4180} INFO - Setting next_dagrun for example_branch_operator to 2024-10-30 00:00:00+00:00, run_after=2024-10-31 00:00:00+00:00
[2024-10-31T11:46:22.912+0000] {processor.py:208} INFO - Processing /home/airflow/.local/lib/python3.12/site-packages/airflow/example_dags/example_branch_operator.py took 0.201 seconds
[2024-10-31T11:46:53.910+0000] {processor.py:186} INFO - Started process (PID=123) to work on /home/airflow/.local/lib/python3.12/site-packages/airflow/example_dags/example_branch_operator.py
[2024-10-31T11:46:53.912+0000] {processor.py:914} INFO - Processing file /home/airflow/.local/lib/python3.12/site-packages/airflow/example_dags/example_branch_operator.py for tasks to queue
[2024-10-31T11:46:53.914+0000] {logging_mixin.py:190} INFO - [2024-10-31T11:46:53.914+0000] {dagbag.py:588} INFO - Filling up the DagBag from /home/airflow/.local/lib/python3.12/site-packages/airflow/example_dags/example_branch_operator.py
[2024-10-31T11:46:53.932+0000] {processor.py:925} INFO - DAG(s) 'example_branch_operator' retrieved from /home/airflow/.local/lib/python3.12/site-packages/airflow/example_dags/example_branch_operator.py
[2024-10-31T11:46:53.959+0000] {logging_mixin.py:190} INFO - [2024-10-31T11:46:53.959+0000] {dag.py:3239} INFO - Sync 1 DAGs
[2024-10-31T11:46:53.979+0000] {logging_mixin.py:190} INFO - [2024-10-31T11:46:53.979+0000] {dag.py:4180} INFO - Setting next_dagrun for example_branch_operator to 2024-10-30 00:00:00+00:00, run_after=2024-10-31 00:00:00+00:00
[2024-10-31T11:46:53.995+0000] {processor.py:208} INFO - Processing /home/airflow/.local/lib/python3.12/site-packages/airflow/example_dags/example_branch_operator.py took 0.089 seconds
[2024-10-31T11:47:24.503+0000] {processor.py:186} INFO - Started process (PID=187) to work on /home/airflow/.local/lib/python3.12/site-packages/airflow/example_dags/example_branch_operator.py
[2024-10-31T11:47:24.510+0000] {processor.py:914} INFO - Processing file /home/airflow/.local/lib/python3.12/site-packages/airflow/example_dags/example_branch_operator.py for tasks to queue
[2024-10-31T11:47:24.512+0000] {logging_mixin.py:190} INFO - [2024-10-31T11:47:24.512+0000] {dagbag.py:588} INFO - Filling up the DagBag from /home/airflow/.local/lib/python3.12/site-packages/airflow/example_dags/example_branch_operator.py
[2024-10-31T11:47:24.524+0000] {processor.py:925} INFO - DAG(s) 'example_branch_operator' retrieved from /home/airflow/.local/lib/python3.12/site-packages/airflow/example_dags/example_branch_operator.py
[2024-10-31T11:47:24.542+0000] {logging_mixin.py:190} INFO - [2024-10-31T11:47:24.542+0000] {dag.py:3239} INFO - Sync 1 DAGs
[2024-10-31T11:47:24.558+0000] {logging_mixin.py:190} INFO - [2024-10-31T11:47:24.557+0000] {dag.py:4180} INFO - Setting next_dagrun for example_branch_operator to 2024-10-30 00:00:00+00:00, run_after=2024-10-31 00:00:00+00:00
[2024-10-31T11:47:24.575+0000] {processor.py:208} INFO - Processing /home/airflow/.local/lib/python3.12/site-packages/airflow/example_dags/example_branch_operator.py took 0.078 seconds
[2024-10-31T11:47:54.827+0000] {processor.py:186} INFO - Started process (PID=257) to work on /home/airflow/.local/lib/python3.12/site-packages/airflow/example_dags/example_branch_operator.py
[2024-10-31T11:47:54.830+0000] {processor.py:914} INFO - Processing file /home/airflow/.local/lib/python3.12/site-packages/airflow/example_dags/example_branch_operator.py for tasks to queue
[2024-10-31T11:47:54.835+0000] {logging_mixin.py:190} INFO - [2024-10-31T11:47:54.834+0000] {dagbag.py:588} INFO - Filling up the DagBag from /home/airflow/.local/lib/python3.12/site-packages/airflow/example_dags/example_branch_operator.py
[2024-10-31T11:47:54.854+0000] {processor.py:925} INFO - DAG(s) 'example_branch_operator' retrieved from /home/airflow/.local/lib/python3.12/site-packages/airflow/example_dags/example_branch_operator.py
[2024-10-31T11:47:54.886+0000] {logging_mixin.py:190} INFO - [2024-10-31T11:47:54.885+0000] {dag.py:3239} INFO - Sync 1 DAGs
[2024-10-31T11:47:54.913+0000] {logging_mixin.py:190} INFO - [2024-10-31T11:47:54.912+0000] {dag.py:4180} INFO - Setting next_dagrun for example_branch_operator to 2024-10-30 00:00:00+00:00, run_after=2024-10-31 00:00:00+00:00
[2024-10-31T11:47:54.931+0000] {processor.py:208} INFO - Processing /home/airflow/.local/lib/python3.12/site-packages/airflow/example_dags/example_branch_operator.py took 0.109 seconds
[2024-10-31T11:48:25.005+0000] {processor.py:186} INFO - Started process (PID=321) to work on /home/airflow/.local/lib/python3.12/site-packages/airflow/example_dags/example_branch_operator.py
[2024-10-31T11:48:25.006+0000] {processor.py:914} INFO - Processing file /home/airflow/.local/lib/python3.12/site-packages/airflow/example_dags/example_branch_operator.py for tasks to queue
[2024-10-31T11:48:25.009+0000] {logging_mixin.py:190} INFO - [2024-10-31T11:48:25.008+0000] {dagbag.py:588} INFO - Filling up the DagBag from /home/airflow/.local/lib/python3.12/site-packages/airflow/example_dags/example_branch_operator.py
[2024-10-31T11:48:25.021+0000] {processor.py:925} INFO - DAG(s) 'example_branch_operator' retrieved from /home/airflow/.local/lib/python3.12/site-packages/airflow/example_dags/example_branch_operator.py
[2024-10-31T11:48:25.044+0000] {logging_mixin.py:190} INFO - [2024-10-31T11:48:25.044+0000] {dag.py:3239} INFO - Sync 1 DAGs
[2024-10-31T11:48:25.066+0000] {logging_mixin.py:190} INFO - [2024-10-31T11:48:25.066+0000] {dag.py:4180} INFO - Setting next_dagrun for example_branch_operator to 2024-10-30 00:00:00+00:00, run_after=2024-10-31 00:00:00+00:00
[2024-10-31T11:48:25.081+0000] {processor.py:208} INFO - Processing /home/airflow/.local/lib/python3.12/site-packages/airflow/example_dags/example_branch_operator.py took 0.080 seconds
[2024-10-31T11:48:55.974+0000] {processor.py:186} INFO - Started process (PID=385) to work on /home/airflow/.local/lib/python3.12/site-packages/airflow/example_dags/example_branch_operator.py
[2024-10-31T11:48:55.976+0000] {processor.py:914} INFO - Processing file /home/airflow/.local/lib/python3.12/site-packages/airflow/example_dags/example_branch_operator.py for tasks to queue
[2024-10-31T11:48:55.979+0000] {logging_mixin.py:190} INFO - [2024-10-31T11:48:55.978+0000] {dagbag.py:588} INFO - Filling up the DagBag from /home/airflow/.local/lib/python3.12/site-packages/airflow/example_dags/example_branch_operator.py
[2024-10-31T11:48:55.995+0000] {processor.py:925} INFO - DAG(s) 'example_branch_operator' retrieved from /home/airflow/.local/lib/python3.12/site-packages/airflow/example_dags/example_branch_operator.py
[2024-10-31T11:48:56.018+0000] {logging_mixin.py:190} INFO - [2024-10-31T11:48:56.018+0000] {dag.py:3239} INFO - Sync 1 DAGs
[2024-10-31T11:48:56.032+0000] {logging_mixin.py:190} INFO - [2024-10-31T11:48:56.032+0000] {dag.py:4180} INFO - Setting next_dagrun for example_branch_operator to 2024-10-30 00:00:00+00:00, run_after=2024-10-31 00:00:00+00:00
[2024-10-31T11:48:56.047+0000] {processor.py:208} INFO - Processing /home/airflow/.local/lib/python3.12/site-packages/airflow/example_dags/example_branch_operator.py took 0.077 seconds
[2024-10-31T11:49:26.151+0000] {processor.py:186} INFO - Started process (PID=449) to work on /home/airflow/.local/lib/python3.12/site-packages/airflow/example_dags/example_branch_operator.py
[2024-10-31T11:49:26.155+0000] {processor.py:914} INFO - Processing file /home/airflow/.local/lib/python3.12/site-packages/airflow/example_dags/example_branch_operator.py for tasks to queue
[2024-10-31T11:49:26.157+0000] {logging_mixin.py:190} INFO - [2024-10-31T11:49:26.156+0000] {dagbag.py:588} INFO - Filling up the DagBag from /home/airflow/.local/lib/python3.12/site-packages/airflow/example_dags/example_branch_operator.py
[2024-10-31T11:49:26.168+0000] {processor.py:925} INFO - DAG(s) 'example_branch_operator' retrieved from /home/airflow/.local/lib/python3.12/site-packages/airflow/example_dags/example_branch_operator.py
[2024-10-31T11:49:26.190+0000] {logging_mixin.py:190} INFO - [2024-10-31T11:49:26.190+0000] {dag.py:3239} INFO - Sync 1 DAGs
[2024-10-31T11:49:26.204+0000] {logging_mixin.py:190} INFO - [2024-10-31T11:49:26.204+0000] {dag.py:4180} INFO - Setting next_dagrun for example_branch_operator to 2024-10-30 00:00:00+00:00, run_after=2024-10-31 00:00:00+00:00
[2024-10-31T11:49:26.215+0000] {processor.py:208} INFO - Processing /home/airflow/.local/lib/python3.12/site-packages/airflow/example_dags/example_branch_operator.py took 0.069 seconds
[2024-10-31T11:49:57.103+0000] {processor.py:186} INFO - Started process (PID=513) to work on /home/airflow/.local/lib/python3.12/site-packages/airflow/example_dags/example_branch_operator.py
[2024-10-31T11:49:57.106+0000] {processor.py:914} INFO - Processing file /home/airflow/.local/lib/python3.12/site-packages/airflow/example_dags/example_branch_operator.py for tasks to queue
[2024-10-31T11:49:57.110+0000] {logging_mixin.py:190} INFO - [2024-10-31T11:49:57.109+0000] {dagbag.py:588} INFO - Filling up the DagBag from /home/airflow/.local/lib/python3.12/site-packages/airflow/example_dags/example_branch_operator.py
[2024-10-31T11:49:57.123+0000] {processor.py:925} INFO - DAG(s) 'example_branch_operator' retrieved from /home/airflow/.local/lib/python3.12/site-packages/airflow/example_dags/example_branch_operator.py
[2024-10-31T11:49:57.143+0000] {logging_mixin.py:190} INFO - [2024-10-31T11:49:57.143+0000] {dag.py:3239} INFO - Sync 1 DAGs
[2024-10-31T11:49:57.157+0000] {logging_mixin.py:190} INFO - [2024-10-31T11:49:57.157+0000] {dag.py:4180} INFO - Setting next_dagrun for example_branch_operator to 2024-10-30 00:00:00+00:00, run_after=2024-10-31 00:00:00+00:00
[2024-10-31T11:49:57.171+0000] {processor.py:208} INFO - Processing /home/airflow/.local/lib/python3.12/site-packages/airflow/example_dags/example_branch_operator.py took 0.075 seconds
[2024-10-31T11:50:28.078+0000] {processor.py:186} INFO - Started process (PID=577) to work on /home/airflow/.local/lib/python3.12/site-packages/airflow/example_dags/example_branch_operator.py
[2024-10-31T11:50:28.082+0000] {processor.py:914} INFO - Processing file /home/airflow/.local/lib/python3.12/site-packages/airflow/example_dags/example_branch_operator.py for tasks to queue
[2024-10-31T11:50:28.084+0000] {logging_mixin.py:190} INFO - [2024-10-31T11:50:28.084+0000] {dagbag.py:588} INFO - Filling up the DagBag from /home/airflow/.local/lib/python3.12/site-packages/airflow/example_dags/example_branch_operator.py
[2024-10-31T11:50:28.099+0000] {processor.py:925} INFO - DAG(s) 'example_branch_operator' retrieved from /home/airflow/.local/lib/python3.12/site-packages/airflow/example_dags/example_branch_operator.py
[2024-10-31T11:50:28.121+0000] {logging_mixin.py:190} INFO - [2024-10-31T11:50:28.121+0000] {dag.py:3239} INFO - Sync 1 DAGs
[2024-10-31T11:50:28.137+0000] {logging_mixin.py:190} INFO - [2024-10-31T11:50:28.137+0000] {dag.py:4180} INFO - Setting next_dagrun for example_branch_operator to 2024-10-30 00:00:00+00:00, run_after=2024-10-31 00:00:00+00:00
[2024-10-31T11:50:28.161+0000] {processor.py:208} INFO - Processing /home/airflow/.local/lib/python3.12/site-packages/airflow/example_dags/example_branch_operator.py took 0.087 seconds
[2024-10-31T11:50:58.303+0000] {processor.py:186} INFO - Started process (PID=640) to work on /home/airflow/.local/lib/python3.12/site-packages/airflow/example_dags/example_branch_operator.py
[2024-10-31T11:50:58.305+0000] {processor.py:914} INFO - Processing file /home/airflow/.local/lib/python3.12/site-packages/airflow/example_dags/example_branch_operator.py for tasks to queue
[2024-10-31T11:50:58.308+0000] {logging_mixin.py:190} INFO - [2024-10-31T11:50:58.308+0000] {dagbag.py:588} INFO - Filling up the DagBag from /home/airflow/.local/lib/python3.12/site-packages/airflow/example_dags/example_branch_operator.py
[2024-10-31T11:50:58.328+0000] {processor.py:925} INFO - DAG(s) 'example_branch_operator' retrieved from /home/airflow/.local/lib/python3.12/site-packages/airflow/example_dags/example_branch_operator.py
[2024-10-31T11:50:58.348+0000] {logging_mixin.py:190} INFO - [2024-10-31T11:50:58.347+0000] {dag.py:3239} INFO - Sync 1 DAGs
[2024-10-31T11:50:58.363+0000] {logging_mixin.py:190} INFO - [2024-10-31T11:50:58.363+0000] {dag.py:4180} INFO - Setting next_dagrun for example_branch_operator to 2024-10-30 00:00:00+00:00, run_after=2024-10-31 00:00:00+00:00
[2024-10-31T11:50:58.376+0000] {processor.py:208} INFO - Processing /home/airflow/.local/lib/python3.12/site-packages/airflow/example_dags/example_branch_operator.py took 0.079 seconds
[2024-10-31T11:51:29.233+0000] {processor.py:186} INFO - Started process (PID=704) to work on /home/airflow/.local/lib/python3.12/site-packages/airflow/example_dags/example_branch_operator.py
[2024-10-31T11:51:29.234+0000] {processor.py:914} INFO - Processing file /home/airflow/.local/lib/python3.12/site-packages/airflow/example_dags/example_branch_operator.py for tasks to queue
[2024-10-31T11:51:29.235+0000] {logging_mixin.py:190} INFO - [2024-10-31T11:51:29.235+0000] {dagbag.py:588} INFO - Filling up the DagBag from /home/airflow/.local/lib/python3.12/site-packages/airflow/example_dags/example_branch_operator.py
[2024-10-31T11:51:29.247+0000] {processor.py:925} INFO - DAG(s) 'example_branch_operator' retrieved from /home/airflow/.local/lib/python3.12/site-packages/airflow/example_dags/example_branch_operator.py
[2024-10-31T11:51:29.267+0000] {logging_mixin.py:190} INFO - [2024-10-31T11:51:29.266+0000] {dag.py:3239} INFO - Sync 1 DAGs
[2024-10-31T11:51:29.281+0000] {logging_mixin.py:190} INFO - [2024-10-31T11:51:29.281+0000] {dag.py:4180} INFO - Setting next_dagrun for example_branch_operator to 2024-10-30 00:00:00+00:00, run_after=2024-10-31 00:00:00+00:00
[2024-10-31T11:51:29.294+0000] {processor.py:208} INFO - Processing /home/airflow/.local/lib/python3.12/site-packages/airflow/example_dags/example_branch_operator.py took 0.065 seconds
[2024-10-31T11:51:59.575+0000] {processor.py:186} INFO - Started process (PID=768) to work on /home/airflow/.local/lib/python3.12/site-packages/airflow/example_dags/example_branch_operator.py
[2024-10-31T11:51:59.579+0000] {processor.py:914} INFO - Processing file /home/airflow/.local/lib/python3.12/site-packages/airflow/example_dags/example_branch_operator.py for tasks to queue
[2024-10-31T11:51:59.583+0000] {logging_mixin.py:190} INFO - [2024-10-31T11:51:59.583+0000] {dagbag.py:588} INFO - Filling up the DagBag from /home/airflow/.local/lib/python3.12/site-packages/airflow/example_dags/example_branch_operator.py
[2024-10-31T11:51:59.595+0000] {processor.py:925} INFO - DAG(s) 'example_branch_operator' retrieved from /home/airflow/.local/lib/python3.12/site-packages/airflow/example_dags/example_branch_operator.py
[2024-10-31T11:51:59.618+0000] {logging_mixin.py:190} INFO - [2024-10-31T11:51:59.618+0000] {dag.py:3239} INFO - Sync 1 DAGs
[2024-10-31T11:51:59.634+0000] {logging_mixin.py:190} INFO - [2024-10-31T11:51:59.634+0000] {dag.py:4180} INFO - Setting next_dagrun for example_branch_operator to 2024-10-30 00:00:00+00:00, run_after=2024-10-31 00:00:00+00:00
[2024-10-31T11:51:59.650+0000] {processor.py:208} INFO - Processing /home/airflow/.local/lib/python3.12/site-packages/airflow/example_dags/example_branch_operator.py took 0.080 seconds
[2024-10-31T11:52:46.262+0000] {processor.py:186} INFO - Started process (PID=51) to work on /home/airflow/.local/lib/python3.12/site-packages/airflow/example_dags/example_branch_operator.py
[2024-10-31T11:52:46.267+0000] {processor.py:914} INFO - Processing file /home/airflow/.local/lib/python3.12/site-packages/airflow/example_dags/example_branch_operator.py for tasks to queue
[2024-10-31T11:52:46.269+0000] {logging_mixin.py:190} INFO - [2024-10-31T11:52:46.268+0000] {dagbag.py:588} INFO - Filling up the DagBag from /home/airflow/.local/lib/python3.12/site-packages/airflow/example_dags/example_branch_operator.py
[2024-10-31T11:52:46.282+0000] {processor.py:925} INFO - DAG(s) 'example_branch_operator' retrieved from /home/airflow/.local/lib/python3.12/site-packages/airflow/example_dags/example_branch_operator.py
[2024-10-31T11:52:46.375+0000] {logging_mixin.py:190} INFO - [2024-10-31T11:52:46.375+0000] {dag.py:3239} INFO - Sync 1 DAGs
[2024-10-31T11:52:46.392+0000] {logging_mixin.py:190} INFO - [2024-10-31T11:52:46.392+0000] {dag.py:4180} INFO - Setting next_dagrun for example_branch_operator to 2024-10-30 00:00:00+00:00, run_after=2024-10-31 00:00:00+00:00
[2024-10-31T11:52:46.410+0000] {processor.py:208} INFO - Processing /home/airflow/.local/lib/python3.12/site-packages/airflow/example_dags/example_branch_operator.py took 0.152 seconds
[2024-10-31T11:53:16.466+0000] {processor.py:186} INFO - Started process (PID=115) to work on /home/airflow/.local/lib/python3.12/site-packages/airflow/example_dags/example_branch_operator.py
[2024-10-31T11:53:16.467+0000] {processor.py:914} INFO - Processing file /home/airflow/.local/lib/python3.12/site-packages/airflow/example_dags/example_branch_operator.py for tasks to queue
[2024-10-31T11:53:16.468+0000] {logging_mixin.py:190} INFO - [2024-10-31T11:53:16.468+0000] {dagbag.py:588} INFO - Filling up the DagBag from /home/airflow/.local/lib/python3.12/site-packages/airflow/example_dags/example_branch_operator.py
[2024-10-31T11:53:16.480+0000] {processor.py:925} INFO - DAG(s) 'example_branch_operator' retrieved from /home/airflow/.local/lib/python3.12/site-packages/airflow/example_dags/example_branch_operator.py
[2024-10-31T11:53:16.499+0000] {logging_mixin.py:190} INFO - [2024-10-31T11:53:16.499+0000] {dag.py:3239} INFO - Sync 1 DAGs
[2024-10-31T11:53:16.514+0000] {logging_mixin.py:190} INFO - [2024-10-31T11:53:16.514+0000] {dag.py:4180} INFO - Setting next_dagrun for example_branch_operator to 2024-10-30 00:00:00+00:00, run_after=2024-10-31 00:00:00+00:00
[2024-10-31T11:53:16.526+0000] {processor.py:208} INFO - Processing /home/airflow/.local/lib/python3.12/site-packages/airflow/example_dags/example_branch_operator.py took 0.065 seconds
[2024-10-31T11:53:46.974+0000] {processor.py:186} INFO - Started process (PID=179) to work on /home/airflow/.local/lib/python3.12/site-packages/airflow/example_dags/example_branch_operator.py
[2024-10-31T11:53:46.978+0000] {processor.py:914} INFO - Processing file /home/airflow/.local/lib/python3.12/site-packages/airflow/example_dags/example_branch_operator.py for tasks to queue
[2024-10-31T11:53:46.980+0000] {logging_mixin.py:190} INFO - [2024-10-31T11:53:46.979+0000] {dagbag.py:588} INFO - Filling up the DagBag from /home/airflow/.local/lib/python3.12/site-packages/airflow/example_dags/example_branch_operator.py
[2024-10-31T11:53:46.991+0000] {processor.py:925} INFO - DAG(s) 'example_branch_operator' retrieved from /home/airflow/.local/lib/python3.12/site-packages/airflow/example_dags/example_branch_operator.py
[2024-10-31T11:53:47.010+0000] {logging_mixin.py:190} INFO - [2024-10-31T11:53:47.010+0000] {dag.py:3239} INFO - Sync 1 DAGs
[2024-10-31T11:53:47.030+0000] {logging_mixin.py:190} INFO - [2024-10-31T11:53:47.029+0000] {dag.py:4180} INFO - Setting next_dagrun for example_branch_operator to 2024-10-30 00:00:00+00:00, run_after=2024-10-31 00:00:00+00:00
[2024-10-31T11:53:47.043+0000] {processor.py:208} INFO - Processing /home/airflow/.local/lib/python3.12/site-packages/airflow/example_dags/example_branch_operator.py took 0.074 seconds
[2024-10-31T11:54:17.086+0000] {processor.py:186} INFO - Started process (PID=243) to work on /home/airflow/.local/lib/python3.12/site-packages/airflow/example_dags/example_branch_operator.py
[2024-10-31T11:54:17.088+0000] {processor.py:914} INFO - Processing file /home/airflow/.local/lib/python3.12/site-packages/airflow/example_dags/example_branch_operator.py for tasks to queue
[2024-10-31T11:54:17.089+0000] {logging_mixin.py:190} INFO - [2024-10-31T11:54:17.089+0000] {dagbag.py:588} INFO - Filling up the DagBag from /home/airflow/.local/lib/python3.12/site-packages/airflow/example_dags/example_branch_operator.py
[2024-10-31T11:54:17.100+0000] {processor.py:925} INFO - DAG(s) 'example_branch_operator' retrieved from /home/airflow/.local/lib/python3.12/site-packages/airflow/example_dags/example_branch_operator.py
[2024-10-31T11:54:17.123+0000] {logging_mixin.py:190} INFO - [2024-10-31T11:54:17.123+0000] {dag.py:3239} INFO - Sync 1 DAGs
[2024-10-31T11:54:17.139+0000] {logging_mixin.py:190} INFO - [2024-10-31T11:54:17.139+0000] {dag.py:4180} INFO - Setting next_dagrun for example_branch_operator to 2024-10-30 00:00:00+00:00, run_after=2024-10-31 00:00:00+00:00
[2024-10-31T11:54:17.154+0000] {processor.py:208} INFO - Processing /home/airflow/.local/lib/python3.12/site-packages/airflow/example_dags/example_branch_operator.py took 0.072 seconds
[2024-10-31T11:54:47.463+0000] {processor.py:186} INFO - Started process (PID=307) to work on /home/airflow/.local/lib/python3.12/site-packages/airflow/example_dags/example_branch_operator.py
[2024-10-31T11:54:47.464+0000] {processor.py:914} INFO - Processing file /home/airflow/.local/lib/python3.12/site-packages/airflow/example_dags/example_branch_operator.py for tasks to queue
[2024-10-31T11:54:47.469+0000] {logging_mixin.py:190} INFO - [2024-10-31T11:54:47.468+0000] {dagbag.py:588} INFO - Filling up the DagBag from /home/airflow/.local/lib/python3.12/site-packages/airflow/example_dags/example_branch_operator.py
[2024-10-31T11:54:47.483+0000] {processor.py:925} INFO - DAG(s) 'example_branch_operator' retrieved from /home/airflow/.local/lib/python3.12/site-packages/airflow/example_dags/example_branch_operator.py
[2024-10-31T11:54:47.508+0000] {logging_mixin.py:190} INFO - [2024-10-31T11:54:47.508+0000] {dag.py:3239} INFO - Sync 1 DAGs
[2024-10-31T11:54:47.525+0000] {logging_mixin.py:190} INFO - [2024-10-31T11:54:47.525+0000] {dag.py:4180} INFO - Setting next_dagrun for example_branch_operator to 2024-10-30 00:00:00+00:00, run_after=2024-10-31 00:00:00+00:00
[2024-10-31T11:54:47.536+0000] {processor.py:208} INFO - Processing /home/airflow/.local/lib/python3.12/site-packages/airflow/example_dags/example_branch_operator.py took 0.078 seconds
[2024-10-31T11:55:17.836+0000] {processor.py:186} INFO - Started process (PID=370) to work on /home/airflow/.local/lib/python3.12/site-packages/airflow/example_dags/example_branch_operator.py
[2024-10-31T11:55:17.839+0000] {processor.py:914} INFO - Processing file /home/airflow/.local/lib/python3.12/site-packages/airflow/example_dags/example_branch_operator.py for tasks to queue
[2024-10-31T11:55:17.842+0000] {logging_mixin.py:190} INFO - [2024-10-31T11:55:17.842+0000] {dagbag.py:588} INFO - Filling up the DagBag from /home/airflow/.local/lib/python3.12/site-packages/airflow/example_dags/example_branch_operator.py
[2024-10-31T11:55:17.856+0000] {processor.py:925} INFO - DAG(s) 'example_branch_operator' retrieved from /home/airflow/.local/lib/python3.12/site-packages/airflow/example_dags/example_branch_operator.py
[2024-10-31T11:55:17.876+0000] {logging_mixin.py:190} INFO - [2024-10-31T11:55:17.876+0000] {dag.py:3239} INFO - Sync 1 DAGs
[2024-10-31T11:55:17.896+0000] {logging_mixin.py:190} INFO - [2024-10-31T11:55:17.896+0000] {dag.py:4180} INFO - Setting next_dagrun for example_branch_operator to 2024-10-30 00:00:00+00:00, run_after=2024-10-31 00:00:00+00:00
[2024-10-31T11:55:17.912+0000] {processor.py:208} INFO - Processing /home/airflow/.local/lib/python3.12/site-packages/airflow/example_dags/example_branch_operator.py took 0.083 seconds
[2024-10-31T11:55:48.141+0000] {processor.py:186} INFO - Started process (PID=434) to work on /home/airflow/.local/lib/python3.12/site-packages/airflow/example_dags/example_branch_operator.py
[2024-10-31T11:55:48.142+0000] {processor.py:914} INFO - Processing file /home/airflow/.local/lib/python3.12/site-packages/airflow/example_dags/example_branch_operator.py for tasks to queue
[2024-10-31T11:55:48.144+0000] {logging_mixin.py:190} INFO - [2024-10-31T11:55:48.144+0000] {dagbag.py:588} INFO - Filling up the DagBag from /home/airflow/.local/lib/python3.12/site-packages/airflow/example_dags/example_branch_operator.py
[2024-10-31T11:55:48.156+0000] {processor.py:925} INFO - DAG(s) 'example_branch_operator' retrieved from /home/airflow/.local/lib/python3.12/site-packages/airflow/example_dags/example_branch_operator.py
[2024-10-31T11:55:48.174+0000] {logging_mixin.py:190} INFO - [2024-10-31T11:55:48.174+0000] {dag.py:3239} INFO - Sync 1 DAGs
[2024-10-31T11:55:48.190+0000] {logging_mixin.py:190} INFO - [2024-10-31T11:55:48.190+0000] {dag.py:4180} INFO - Setting next_dagrun for example_branch_operator to 2024-10-30 00:00:00+00:00, run_after=2024-10-31 00:00:00+00:00
[2024-10-31T11:55:48.204+0000] {processor.py:208} INFO - Processing /home/airflow/.local/lib/python3.12/site-packages/airflow/example_dags/example_branch_operator.py took 0.067 seconds
[2024-10-31T11:56:19.289+0000] {processor.py:186} INFO - Started process (PID=504) to work on /home/airflow/.local/lib/python3.12/site-packages/airflow/example_dags/example_branch_operator.py
[2024-10-31T11:56:19.292+0000] {processor.py:914} INFO - Processing file /home/airflow/.local/lib/python3.12/site-packages/airflow/example_dags/example_branch_operator.py for tasks to queue
[2024-10-31T11:56:19.294+0000] {logging_mixin.py:190} INFO - [2024-10-31T11:56:19.293+0000] {dagbag.py:588} INFO - Filling up the DagBag from /home/airflow/.local/lib/python3.12/site-packages/airflow/example_dags/example_branch_operator.py
[2024-10-31T11:56:19.306+0000] {processor.py:925} INFO - DAG(s) 'example_branch_operator' retrieved from /home/airflow/.local/lib/python3.12/site-packages/airflow/example_dags/example_branch_operator.py
[2024-10-31T11:56:19.333+0000] {logging_mixin.py:190} INFO - [2024-10-31T11:56:19.333+0000] {dag.py:3239} INFO - Sync 1 DAGs
[2024-10-31T11:56:19.347+0000] {logging_mixin.py:190} INFO - [2024-10-31T11:56:19.347+0000] {dag.py:4180} INFO - Setting next_dagrun for example_branch_operator to 2024-10-30 00:00:00+00:00, run_after=2024-10-31 00:00:00+00:00
[2024-10-31T11:56:19.362+0000] {processor.py:208} INFO - Processing /home/airflow/.local/lib/python3.12/site-packages/airflow/example_dags/example_branch_operator.py took 0.077 seconds
[2024-10-31T11:56:49.634+0000] {processor.py:186} INFO - Started process (PID=568) to work on /home/airflow/.local/lib/python3.12/site-packages/airflow/example_dags/example_branch_operator.py
[2024-10-31T11:56:49.635+0000] {processor.py:914} INFO - Processing file /home/airflow/.local/lib/python3.12/site-packages/airflow/example_dags/example_branch_operator.py for tasks to queue
[2024-10-31T11:56:49.638+0000] {logging_mixin.py:190} INFO - [2024-10-31T11:56:49.637+0000] {dagbag.py:588} INFO - Filling up the DagBag from /home/airflow/.local/lib/python3.12/site-packages/airflow/example_dags/example_branch_operator.py
[2024-10-31T11:56:49.649+0000] {processor.py:925} INFO - DAG(s) 'example_branch_operator' retrieved from /home/airflow/.local/lib/python3.12/site-packages/airflow/example_dags/example_branch_operator.py
[2024-10-31T11:56:49.674+0000] {logging_mixin.py:190} INFO - [2024-10-31T11:56:49.673+0000] {dag.py:3239} INFO - Sync 1 DAGs
[2024-10-31T11:56:49.693+0000] {logging_mixin.py:190} INFO - [2024-10-31T11:56:49.693+0000] {dag.py:4180} INFO - Setting next_dagrun for example_branch_operator to 2024-10-30 00:00:00+00:00, run_after=2024-10-31 00:00:00+00:00
[2024-10-31T11:56:49.711+0000] {processor.py:208} INFO - Processing /home/airflow/.local/lib/python3.12/site-packages/airflow/example_dags/example_branch_operator.py took 0.082 seconds
[2024-10-31T11:57:19.920+0000] {processor.py:186} INFO - Started process (PID=632) to work on /home/airflow/.local/lib/python3.12/site-packages/airflow/example_dags/example_branch_operator.py
[2024-10-31T11:57:19.921+0000] {processor.py:914} INFO - Processing file /home/airflow/.local/lib/python3.12/site-packages/airflow/example_dags/example_branch_operator.py for tasks to queue
[2024-10-31T11:57:19.923+0000] {logging_mixin.py:190} INFO - [2024-10-31T11:57:19.923+0000] {dagbag.py:588} INFO - Filling up the DagBag from /home/airflow/.local/lib/python3.12/site-packages/airflow/example_dags/example_branch_operator.py
[2024-10-31T11:57:19.934+0000] {processor.py:925} INFO - DAG(s) 'example_branch_operator' retrieved from /home/airflow/.local/lib/python3.12/site-packages/airflow/example_dags/example_branch_operator.py
[2024-10-31T11:57:19.959+0000] {logging_mixin.py:190} INFO - [2024-10-31T11:57:19.959+0000] {dag.py:3239} INFO - Sync 1 DAGs
[2024-10-31T11:57:19.985+0000] {logging_mixin.py:190} INFO - [2024-10-31T11:57:19.985+0000] {dag.py:4180} INFO - Setting next_dagrun for example_branch_operator to 2024-10-30 00:00:00+00:00, run_after=2024-10-31 00:00:00+00:00
[2024-10-31T11:57:20.005+0000] {processor.py:208} INFO - Processing /home/airflow/.local/lib/python3.12/site-packages/airflow/example_dags/example_branch_operator.py took 0.088 seconds
[2024-10-31T11:57:50.320+0000] {processor.py:186} INFO - Started process (PID=695) to work on /home/airflow/.local/lib/python3.12/site-packages/airflow/example_dags/example_branch_operator.py
[2024-10-31T11:57:50.325+0000] {processor.py:914} INFO - Processing file /home/airflow/.local/lib/python3.12/site-packages/airflow/example_dags/example_branch_operator.py for tasks to queue
[2024-10-31T11:57:50.327+0000] {logging_mixin.py:190} INFO - [2024-10-31T11:57:50.327+0000] {dagbag.py:588} INFO - Filling up the DagBag from /home/airflow/.local/lib/python3.12/site-packages/airflow/example_dags/example_branch_operator.py
[2024-10-31T11:57:50.340+0000] {processor.py:925} INFO - DAG(s) 'example_branch_operator' retrieved from /home/airflow/.local/lib/python3.12/site-packages/airflow/example_dags/example_branch_operator.py
[2024-10-31T11:57:50.364+0000] {logging_mixin.py:190} INFO - [2024-10-31T11:57:50.363+0000] {dag.py:3239} INFO - Sync 1 DAGs
[2024-10-31T11:57:50.386+0000] {logging_mixin.py:190} INFO - [2024-10-31T11:57:50.386+0000] {dag.py:4180} INFO - Setting next_dagrun for example_branch_operator to 2024-10-30 00:00:00+00:00, run_after=2024-10-31 00:00:00+00:00
[2024-10-31T11:57:50.397+0000] {processor.py:208} INFO - Processing /home/airflow/.local/lib/python3.12/site-packages/airflow/example_dags/example_branch_operator.py took 0.082 seconds
[2024-10-31T11:58:20.608+0000] {processor.py:186} INFO - Started process (PID=759) to work on /home/airflow/.local/lib/python3.12/site-packages/airflow/example_dags/example_branch_operator.py
[2024-10-31T11:58:20.609+0000] {processor.py:914} INFO - Processing file /home/airflow/.local/lib/python3.12/site-packages/airflow/example_dags/example_branch_operator.py for tasks to queue
[2024-10-31T11:58:20.611+0000] {logging_mixin.py:190} INFO - [2024-10-31T11:58:20.610+0000] {dagbag.py:588} INFO - Filling up the DagBag from /home/airflow/.local/lib/python3.12/site-packages/airflow/example_dags/example_branch_operator.py
[2024-10-31T11:58:20.622+0000] {processor.py:925} INFO - DAG(s) 'example_branch_operator' retrieved from /home/airflow/.local/lib/python3.12/site-packages/airflow/example_dags/example_branch_operator.py
[2024-10-31T11:58:20.640+0000] {logging_mixin.py:190} INFO - [2024-10-31T11:58:20.640+0000] {dag.py:3239} INFO - Sync 1 DAGs
[2024-10-31T11:58:20.656+0000] {logging_mixin.py:190} INFO - [2024-10-31T11:58:20.656+0000] {dag.py:4180} INFO - Setting next_dagrun for example_branch_operator to 2024-10-30 00:00:00+00:00, run_after=2024-10-31 00:00:00+00:00
[2024-10-31T11:58:20.668+0000] {processor.py:208} INFO - Processing /home/airflow/.local/lib/python3.12/site-packages/airflow/example_dags/example_branch_operator.py took 0.066 seconds
[2024-10-31T11:58:50.836+0000] {processor.py:186} INFO - Started process (PID=823) to work on /home/airflow/.local/lib/python3.12/site-packages/airflow/example_dags/example_branch_operator.py
[2024-10-31T11:58:50.841+0000] {processor.py:914} INFO - Processing file /home/airflow/.local/lib/python3.12/site-packages/airflow/example_dags/example_branch_operator.py for tasks to queue
[2024-10-31T11:58:50.843+0000] {logging_mixin.py:190} INFO - [2024-10-31T11:58:50.843+0000] {dagbag.py:588} INFO - Filling up the DagBag from /home/airflow/.local/lib/python3.12/site-packages/airflow/example_dags/example_branch_operator.py
[2024-10-31T11:58:50.856+0000] {processor.py:925} INFO - DAG(s) 'example_branch_operator' retrieved from /home/airflow/.local/lib/python3.12/site-packages/airflow/example_dags/example_branch_operator.py
[2024-10-31T11:58:50.878+0000] {logging_mixin.py:190} INFO - [2024-10-31T11:58:50.878+0000] {dag.py:3239} INFO - Sync 1 DAGs
[2024-10-31T11:58:50.900+0000] {logging_mixin.py:190} INFO - [2024-10-31T11:58:50.900+0000] {dag.py:4180} INFO - Setting next_dagrun for example_branch_operator to 2024-10-30 00:00:00+00:00, run_after=2024-10-31 00:00:00+00:00
[2024-10-31T11:58:50.913+0000] {processor.py:208} INFO - Processing /home/airflow/.local/lib/python3.12/site-packages/airflow/example_dags/example_branch_operator.py took 0.082 seconds
[2024-10-31T11:59:21.243+0000] {processor.py:186} INFO - Started process (PID=887) to work on /home/airflow/.local/lib/python3.12/site-packages/airflow/example_dags/example_branch_operator.py
[2024-10-31T11:59:21.244+0000] {processor.py:914} INFO - Processing file /home/airflow/.local/lib/python3.12/site-packages/airflow/example_dags/example_branch_operator.py for tasks to queue
[2024-10-31T11:59:21.246+0000] {logging_mixin.py:190} INFO - [2024-10-31T11:59:21.246+0000] {dagbag.py:588} INFO - Filling up the DagBag from /home/airflow/.local/lib/python3.12/site-packages/airflow/example_dags/example_branch_operator.py
[2024-10-31T11:59:21.257+0000] {processor.py:925} INFO - DAG(s) 'example_branch_operator' retrieved from /home/airflow/.local/lib/python3.12/site-packages/airflow/example_dags/example_branch_operator.py
[2024-10-31T11:59:21.280+0000] {logging_mixin.py:190} INFO - [2024-10-31T11:59:21.280+0000] {dag.py:3239} INFO - Sync 1 DAGs
[2024-10-31T11:59:21.295+0000] {logging_mixin.py:190} INFO - [2024-10-31T11:59:21.295+0000] {dag.py:4180} INFO - Setting next_dagrun for example_branch_operator to 2024-10-30 00:00:00+00:00, run_after=2024-10-31 00:00:00+00:00
[2024-10-31T11:59:21.313+0000] {processor.py:208} INFO - Processing /home/airflow/.local/lib/python3.12/site-packages/airflow/example_dags/example_branch_operator.py took 0.075 seconds
[2024-10-31T11:59:51.798+0000] {processor.py:186} INFO - Started process (PID=951) to work on /home/airflow/.local/lib/python3.12/site-packages/airflow/example_dags/example_branch_operator.py
[2024-10-31T11:59:51.799+0000] {processor.py:914} INFO - Processing file /home/airflow/.local/lib/python3.12/site-packages/airflow/example_dags/example_branch_operator.py for tasks to queue
[2024-10-31T11:59:51.801+0000] {logging_mixin.py:190} INFO - [2024-10-31T11:59:51.800+0000] {dagbag.py:588} INFO - Filling up the DagBag from /home/airflow/.local/lib/python3.12/site-packages/airflow/example_dags/example_branch_operator.py
[2024-10-31T11:59:51.813+0000] {processor.py:925} INFO - DAG(s) 'example_branch_operator' retrieved from /home/airflow/.local/lib/python3.12/site-packages/airflow/example_dags/example_branch_operator.py
[2024-10-31T11:59:51.843+0000] {logging_mixin.py:190} INFO - [2024-10-31T11:59:51.842+0000] {dag.py:3239} INFO - Sync 1 DAGs
[2024-10-31T11:59:51.863+0000] {logging_mixin.py:190} INFO - [2024-10-31T11:59:51.863+0000] {dag.py:4180} INFO - Setting next_dagrun for example_branch_operator to 2024-10-30 00:00:00+00:00, run_after=2024-10-31 00:00:00+00:00
[2024-10-31T11:59:51.882+0000] {processor.py:208} INFO - Processing /home/airflow/.local/lib/python3.12/site-packages/airflow/example_dags/example_branch_operator.py took 0.089 seconds
[2024-10-31T12:00:22.356+0000] {processor.py:186} INFO - Started process (PID=1014) to work on /home/airflow/.local/lib/python3.12/site-packages/airflow/example_dags/example_branch_operator.py
[2024-10-31T12:00:22.357+0000] {processor.py:914} INFO - Processing file /home/airflow/.local/lib/python3.12/site-packages/airflow/example_dags/example_branch_operator.py for tasks to queue
[2024-10-31T12:00:22.359+0000] {logging_mixin.py:190} INFO - [2024-10-31T12:00:22.359+0000] {dagbag.py:588} INFO - Filling up the DagBag from /home/airflow/.local/lib/python3.12/site-packages/airflow/example_dags/example_branch_operator.py
[2024-10-31T12:00:22.379+0000] {processor.py:925} INFO - DAG(s) 'example_branch_operator' retrieved from /home/airflow/.local/lib/python3.12/site-packages/airflow/example_dags/example_branch_operator.py
[2024-10-31T12:00:22.405+0000] {logging_mixin.py:190} INFO - [2024-10-31T12:00:22.404+0000] {dag.py:3239} INFO - Sync 1 DAGs
[2024-10-31T12:00:22.421+0000] {logging_mixin.py:190} INFO - [2024-10-31T12:00:22.421+0000] {dag.py:4180} INFO - Setting next_dagrun for example_branch_operator to 2024-10-30 00:00:00+00:00, run_after=2024-10-31 00:00:00+00:00
[2024-10-31T12:00:22.438+0000] {processor.py:208} INFO - Processing /home/airflow/.local/lib/python3.12/site-packages/airflow/example_dags/example_branch_operator.py took 0.086 seconds
[2024-10-31T12:42:16.296+0000] {processor.py:186} INFO - Started process (PID=59) to work on /home/airflow/.local/lib/python3.12/site-packages/airflow/example_dags/example_branch_operator.py
[2024-10-31T12:42:16.297+0000] {processor.py:914} INFO - Processing file /home/airflow/.local/lib/python3.12/site-packages/airflow/example_dags/example_branch_operator.py for tasks to queue
[2024-10-31T12:42:16.299+0000] {logging_mixin.py:190} INFO - [2024-10-31T12:42:16.299+0000] {dagbag.py:588} INFO - Filling up the DagBag from /home/airflow/.local/lib/python3.12/site-packages/airflow/example_dags/example_branch_operator.py
[2024-10-31T12:42:16.310+0000] {processor.py:925} INFO - DAG(s) 'example_branch_operator' retrieved from /home/airflow/.local/lib/python3.12/site-packages/airflow/example_dags/example_branch_operator.py
[2024-10-31T12:42:16.379+0000] {logging_mixin.py:190} INFO - [2024-10-31T12:42:16.379+0000] {override.py:1900} INFO - Created Permission View: can read on DAG:example_branch_operator
[2024-10-31T12:42:16.384+0000] {logging_mixin.py:190} INFO - [2024-10-31T12:42:16.384+0000] {override.py:1900} INFO - Created Permission View: can delete on DAG:example_branch_operator
[2024-10-31T12:42:16.387+0000] {logging_mixin.py:190} INFO - [2024-10-31T12:42:16.387+0000] {override.py:1900} INFO - Created Permission View: can edit on DAG:example_branch_operator
[2024-10-31T12:42:16.390+0000] {logging_mixin.py:190} INFO - [2024-10-31T12:42:16.389+0000] {override.py:1900} INFO - Created Permission View: menu access on DAG Run:example_branch_operator
[2024-10-31T12:42:16.393+0000] {logging_mixin.py:190} INFO - [2024-10-31T12:42:16.392+0000] {override.py:1900} INFO - Created Permission View: can read on DAG Run:example_branch_operator
[2024-10-31T12:42:16.396+0000] {logging_mixin.py:190} INFO - [2024-10-31T12:42:16.396+0000] {override.py:1900} INFO - Created Permission View: can delete on DAG Run:example_branch_operator
[2024-10-31T12:42:16.399+0000] {logging_mixin.py:190} INFO - [2024-10-31T12:42:16.399+0000] {override.py:1900} INFO - Created Permission View: can create on DAG Run:example_branch_operator
[2024-10-31T12:42:16.399+0000] {logging_mixin.py:190} INFO - [2024-10-31T12:42:16.399+0000] {dag.py:3239} INFO - Sync 1 DAGs
[2024-10-31T12:42:16.406+0000] {logging_mixin.py:190} INFO - [2024-10-31T12:42:16.406+0000] {dag.py:3262} INFO - Creating ORM DAG for example_branch_operator
[2024-10-31T12:42:16.414+0000] {logging_mixin.py:190} INFO - [2024-10-31T12:42:16.413+0000] {dag.py:4180} INFO - Setting next_dagrun for example_branch_operator to 2024-10-30 00:00:00+00:00, run_after=2024-10-31 00:00:00+00:00
[2024-10-31T12:42:16.432+0000] {processor.py:208} INFO - Processing /home/airflow/.local/lib/python3.12/site-packages/airflow/example_dags/example_branch_operator.py took 0.140 seconds
