[2024-10-31T11:46:24.265+0000] {processor.py:186} INFO - Started process (PID=68) to work on /home/airflow/.local/lib/python3.12/site-packages/airflow/example_dags/example_xcomargs.py
[2024-10-31T11:46:24.266+0000] {processor.py:914} INFO - Processing file /home/airflow/.local/lib/python3.12/site-packages/airflow/example_dags/example_xcomargs.py for tasks to queue
[2024-10-31T11:46:24.269+0000] {logging_mixin.py:190} INFO - [2024-10-31T11:46:24.269+0000] {dagbag.py:588} INFO - Filling up the DagBag from /home/airflow/.local/lib/python3.12/site-packages/airflow/example_dags/example_xcomargs.py
[2024-10-31T11:46:24.276+0000] {processor.py:925} INFO - DAG(s) 'example_xcom_args', 'example_xcom_args_with_operators' retrieved from /home/airflow/.local/lib/python3.12/site-packages/airflow/example_dags/example_xcomargs.py
[2024-10-31T11:46:24.348+0000] {logging_mixin.py:190} INFO - [2024-10-31T11:46:24.347+0000] {override.py:1900} INFO - Created Permission View: can delete on DAG:example_xcom_args
[2024-10-31T11:46:24.353+0000] {logging_mixin.py:190} INFO - [2024-10-31T11:46:24.353+0000] {override.py:1900} INFO - Created Permission View: can read on DAG:example_xcom_args
[2024-10-31T11:46:24.357+0000] {logging_mixin.py:190} INFO - [2024-10-31T11:46:24.356+0000] {override.py:1900} INFO - Created Permission View: can edit on DAG:example_xcom_args
[2024-10-31T11:46:24.360+0000] {logging_mixin.py:190} INFO - [2024-10-31T11:46:24.360+0000] {override.py:1900} INFO - Created Permission View: can delete on DAG Run:example_xcom_args
[2024-10-31T11:46:24.364+0000] {logging_mixin.py:190} INFO - [2024-10-31T11:46:24.364+0000] {override.py:1900} INFO - Created Permission View: can read on DAG Run:example_xcom_args
[2024-10-31T11:46:24.368+0000] {logging_mixin.py:190} INFO - [2024-10-31T11:46:24.367+0000] {override.py:1900} INFO - Created Permission View: can create on DAG Run:example_xcom_args
[2024-10-31T11:46:24.371+0000] {logging_mixin.py:190} INFO - [2024-10-31T11:46:24.370+0000] {override.py:1900} INFO - Created Permission View: menu access on DAG Run:example_xcom_args
[2024-10-31T11:46:24.378+0000] {logging_mixin.py:190} INFO - [2024-10-31T11:46:24.377+0000] {override.py:1900} INFO - Created Permission View: can delete on DAG:example_xcom_args_with_operators
[2024-10-31T11:46:24.381+0000] {logging_mixin.py:190} INFO - [2024-10-31T11:46:24.380+0000] {override.py:1900} INFO - Created Permission View: can read on DAG:example_xcom_args_with_operators
[2024-10-31T11:46:24.383+0000] {logging_mixin.py:190} INFO - [2024-10-31T11:46:24.383+0000] {override.py:1900} INFO - Created Permission View: can edit on DAG:example_xcom_args_with_operators
[2024-10-31T11:46:24.387+0000] {logging_mixin.py:190} INFO - [2024-10-31T11:46:24.386+0000] {override.py:1900} INFO - Created Permission View: can delete on DAG Run:example_xcom_args_with_operators
[2024-10-31T11:46:24.390+0000] {logging_mixin.py:190} INFO - [2024-10-31T11:46:24.389+0000] {override.py:1900} INFO - Created Permission View: can read on DAG Run:example_xcom_args_with_operators
[2024-10-31T11:46:24.392+0000] {logging_mixin.py:190} INFO - [2024-10-31T11:46:24.392+0000] {override.py:1900} INFO - Created Permission View: can create on DAG Run:example_xcom_args_with_operators
[2024-10-31T11:46:24.395+0000] {logging_mixin.py:190} INFO - [2024-10-31T11:46:24.395+0000] {override.py:1900} INFO - Created Permission View: menu access on DAG Run:example_xcom_args_with_operators
[2024-10-31T11:46:24.395+0000] {logging_mixin.py:190} INFO - [2024-10-31T11:46:24.395+0000] {dag.py:3239} INFO - Sync 2 DAGs
[2024-10-31T11:46:24.402+0000] {logging_mixin.py:190} INFO - [2024-10-31T11:46:24.402+0000] {dag.py:3262} INFO - Creating ORM DAG for example_xcom_args_with_operators
[2024-10-31T11:46:24.402+0000] {logging_mixin.py:190} INFO - [2024-10-31T11:46:24.402+0000] {dag.py:3262} INFO - Creating ORM DAG for example_xcom_args
[2024-10-31T11:46:24.403+0000] {logging_mixin.py:190} INFO - [2024-10-31T11:46:24.403+0000] {dag.py:4180} INFO - Setting next_dagrun for example_xcom_args to None, run_after=None
[2024-10-31T11:46:24.403+0000] {logging_mixin.py:190} INFO - [2024-10-31T11:46:24.403+0000] {dag.py:4180} INFO - Setting next_dagrun for example_xcom_args_with_operators to None, run_after=None
[2024-10-31T11:46:24.413+0000] {processor.py:208} INFO - Processing /home/airflow/.local/lib/python3.12/site-packages/airflow/example_dags/example_xcomargs.py took 0.151 seconds
[2024-10-31T11:46:54.712+0000] {processor.py:186} INFO - Started process (PID=138) to work on /home/airflow/.local/lib/python3.12/site-packages/airflow/example_dags/example_xcomargs.py
[2024-10-31T11:46:54.713+0000] {processor.py:914} INFO - Processing file /home/airflow/.local/lib/python3.12/site-packages/airflow/example_dags/example_xcomargs.py for tasks to queue
[2024-10-31T11:46:54.715+0000] {logging_mixin.py:190} INFO - [2024-10-31T11:46:54.715+0000] {dagbag.py:588} INFO - Filling up the DagBag from /home/airflow/.local/lib/python3.12/site-packages/airflow/example_dags/example_xcomargs.py
[2024-10-31T11:46:54.723+0000] {processor.py:925} INFO - DAG(s) 'example_xcom_args', 'example_xcom_args_with_operators' retrieved from /home/airflow/.local/lib/python3.12/site-packages/airflow/example_dags/example_xcomargs.py
[2024-10-31T11:46:54.746+0000] {logging_mixin.py:190} INFO - [2024-10-31T11:46:54.746+0000] {dag.py:3239} INFO - Sync 2 DAGs
[2024-10-31T11:46:54.760+0000] {logging_mixin.py:190} INFO - [2024-10-31T11:46:54.760+0000] {dag.py:4180} INFO - Setting next_dagrun for example_xcom_args to None, run_after=None
[2024-10-31T11:46:54.765+0000] {logging_mixin.py:190} INFO - [2024-10-31T11:46:54.765+0000] {dag.py:4180} INFO - Setting next_dagrun for example_xcom_args_with_operators to None, run_after=None
[2024-10-31T11:46:54.783+0000] {processor.py:208} INFO - Processing /home/airflow/.local/lib/python3.12/site-packages/airflow/example_dags/example_xcomargs.py took 0.076 seconds
[2024-10-31T11:47:25.062+0000] {processor.py:186} INFO - Started process (PID=202) to work on /home/airflow/.local/lib/python3.12/site-packages/airflow/example_dags/example_xcomargs.py
[2024-10-31T11:47:25.063+0000] {processor.py:914} INFO - Processing file /home/airflow/.local/lib/python3.12/site-packages/airflow/example_dags/example_xcomargs.py for tasks to queue
[2024-10-31T11:47:25.066+0000] {logging_mixin.py:190} INFO - [2024-10-31T11:47:25.066+0000] {dagbag.py:588} INFO - Filling up the DagBag from /home/airflow/.local/lib/python3.12/site-packages/airflow/example_dags/example_xcomargs.py
[2024-10-31T11:47:25.074+0000] {processor.py:925} INFO - DAG(s) 'example_xcom_args_with_operators', 'example_xcom_args' retrieved from /home/airflow/.local/lib/python3.12/site-packages/airflow/example_dags/example_xcomargs.py
[2024-10-31T11:47:25.088+0000] {logging_mixin.py:190} INFO - [2024-10-31T11:47:25.088+0000] {dag.py:3239} INFO - Sync 2 DAGs
[2024-10-31T11:47:25.097+0000] {logging_mixin.py:190} INFO - [2024-10-31T11:47:25.097+0000] {dag.py:4180} INFO - Setting next_dagrun for example_xcom_args to None, run_after=None
[2024-10-31T11:47:25.104+0000] {logging_mixin.py:190} INFO - [2024-10-31T11:47:25.104+0000] {dag.py:4180} INFO - Setting next_dagrun for example_xcom_args_with_operators to None, run_after=None
[2024-10-31T11:47:25.117+0000] {processor.py:208} INFO - Processing /home/airflow/.local/lib/python3.12/site-packages/airflow/example_dags/example_xcomargs.py took 0.059 seconds
[2024-10-31T11:47:55.476+0000] {processor.py:186} INFO - Started process (PID=266) to work on /home/airflow/.local/lib/python3.12/site-packages/airflow/example_dags/example_xcomargs.py
[2024-10-31T11:47:55.477+0000] {processor.py:914} INFO - Processing file /home/airflow/.local/lib/python3.12/site-packages/airflow/example_dags/example_xcomargs.py for tasks to queue
[2024-10-31T11:47:55.480+0000] {logging_mixin.py:190} INFO - [2024-10-31T11:47:55.480+0000] {dagbag.py:588} INFO - Filling up the DagBag from /home/airflow/.local/lib/python3.12/site-packages/airflow/example_dags/example_xcomargs.py
[2024-10-31T11:47:55.488+0000] {processor.py:925} INFO - DAG(s) 'example_xcom_args_with_operators', 'example_xcom_args' retrieved from /home/airflow/.local/lib/python3.12/site-packages/airflow/example_dags/example_xcomargs.py
[2024-10-31T11:47:55.503+0000] {logging_mixin.py:190} INFO - [2024-10-31T11:47:55.503+0000] {dag.py:3239} INFO - Sync 2 DAGs
[2024-10-31T11:47:55.516+0000] {logging_mixin.py:190} INFO - [2024-10-31T11:47:55.516+0000] {dag.py:4180} INFO - Setting next_dagrun for example_xcom_args to None, run_after=None
[2024-10-31T11:47:55.521+0000] {logging_mixin.py:190} INFO - [2024-10-31T11:47:55.521+0000] {dag.py:4180} INFO - Setting next_dagrun for example_xcom_args_with_operators to None, run_after=None
[2024-10-31T11:47:55.536+0000] {processor.py:208} INFO - Processing /home/airflow/.local/lib/python3.12/site-packages/airflow/example_dags/example_xcomargs.py took 0.064 seconds
[2024-10-31T11:48:26.492+0000] {processor.py:186} INFO - Started process (PID=330) to work on /home/airflow/.local/lib/python3.12/site-packages/airflow/example_dags/example_xcomargs.py
[2024-10-31T11:48:26.493+0000] {processor.py:914} INFO - Processing file /home/airflow/.local/lib/python3.12/site-packages/airflow/example_dags/example_xcomargs.py for tasks to queue
[2024-10-31T11:48:26.494+0000] {logging_mixin.py:190} INFO - [2024-10-31T11:48:26.494+0000] {dagbag.py:588} INFO - Filling up the DagBag from /home/airflow/.local/lib/python3.12/site-packages/airflow/example_dags/example_xcomargs.py
[2024-10-31T11:48:26.501+0000] {processor.py:925} INFO - DAG(s) 'example_xcom_args', 'example_xcom_args_with_operators' retrieved from /home/airflow/.local/lib/python3.12/site-packages/airflow/example_dags/example_xcomargs.py
[2024-10-31T11:48:26.515+0000] {logging_mixin.py:190} INFO - [2024-10-31T11:48:26.515+0000] {dag.py:3239} INFO - Sync 2 DAGs
[2024-10-31T11:48:26.527+0000] {logging_mixin.py:190} INFO - [2024-10-31T11:48:26.527+0000] {dag.py:4180} INFO - Setting next_dagrun for example_xcom_args to None, run_after=None
[2024-10-31T11:48:26.536+0000] {logging_mixin.py:190} INFO - [2024-10-31T11:48:26.536+0000] {dag.py:4180} INFO - Setting next_dagrun for example_xcom_args_with_operators to None, run_after=None
[2024-10-31T11:48:26.549+0000] {processor.py:208} INFO - Processing /home/airflow/.local/lib/python3.12/site-packages/airflow/example_dags/example_xcomargs.py took 0.062 seconds
[2024-10-31T11:48:57.557+0000] {processor.py:186} INFO - Started process (PID=394) to work on /home/airflow/.local/lib/python3.12/site-packages/airflow/example_dags/example_xcomargs.py
[2024-10-31T11:48:57.558+0000] {processor.py:914} INFO - Processing file /home/airflow/.local/lib/python3.12/site-packages/airflow/example_dags/example_xcomargs.py for tasks to queue
[2024-10-31T11:48:57.560+0000] {logging_mixin.py:190} INFO - [2024-10-31T11:48:57.559+0000] {dagbag.py:588} INFO - Filling up the DagBag from /home/airflow/.local/lib/python3.12/site-packages/airflow/example_dags/example_xcomargs.py
[2024-10-31T11:48:57.566+0000] {processor.py:925} INFO - DAG(s) 'example_xcom_args', 'example_xcom_args_with_operators' retrieved from /home/airflow/.local/lib/python3.12/site-packages/airflow/example_dags/example_xcomargs.py
[2024-10-31T11:48:57.588+0000] {logging_mixin.py:190} INFO - [2024-10-31T11:48:57.588+0000] {dag.py:3239} INFO - Sync 2 DAGs
[2024-10-31T11:48:57.599+0000] {logging_mixin.py:190} INFO - [2024-10-31T11:48:57.599+0000] {dag.py:4180} INFO - Setting next_dagrun for example_xcom_args to None, run_after=None
[2024-10-31T11:48:57.602+0000] {logging_mixin.py:190} INFO - [2024-10-31T11:48:57.601+0000] {dag.py:4180} INFO - Setting next_dagrun for example_xcom_args_with_operators to None, run_after=None
[2024-10-31T11:48:57.615+0000] {processor.py:208} INFO - Processing /home/airflow/.local/lib/python3.12/site-packages/airflow/example_dags/example_xcomargs.py took 0.062 seconds
[2024-10-31T11:49:28.671+0000] {processor.py:186} INFO - Started process (PID=458) to work on /home/airflow/.local/lib/python3.12/site-packages/airflow/example_dags/example_xcomargs.py
[2024-10-31T11:49:28.672+0000] {processor.py:914} INFO - Processing file /home/airflow/.local/lib/python3.12/site-packages/airflow/example_dags/example_xcomargs.py for tasks to queue
[2024-10-31T11:49:28.674+0000] {logging_mixin.py:190} INFO - [2024-10-31T11:49:28.674+0000] {dagbag.py:588} INFO - Filling up the DagBag from /home/airflow/.local/lib/python3.12/site-packages/airflow/example_dags/example_xcomargs.py
[2024-10-31T11:49:28.681+0000] {processor.py:925} INFO - DAG(s) 'example_xcom_args', 'example_xcom_args_with_operators' retrieved from /home/airflow/.local/lib/python3.12/site-packages/airflow/example_dags/example_xcomargs.py
[2024-10-31T11:49:28.695+0000] {logging_mixin.py:190} INFO - [2024-10-31T11:49:28.695+0000] {dag.py:3239} INFO - Sync 2 DAGs
[2024-10-31T11:49:28.705+0000] {logging_mixin.py:190} INFO - [2024-10-31T11:49:28.705+0000] {dag.py:4180} INFO - Setting next_dagrun for example_xcom_args to None, run_after=None
[2024-10-31T11:49:28.711+0000] {logging_mixin.py:190} INFO - [2024-10-31T11:49:28.710+0000] {dag.py:4180} INFO - Setting next_dagrun for example_xcom_args_with_operators to None, run_after=None
[2024-10-31T11:49:28.722+0000] {processor.py:208} INFO - Processing /home/airflow/.local/lib/python3.12/site-packages/airflow/example_dags/example_xcomargs.py took 0.055 seconds
[2024-10-31T11:49:59.622+0000] {processor.py:186} INFO - Started process (PID=522) to work on /home/airflow/.local/lib/python3.12/site-packages/airflow/example_dags/example_xcomargs.py
[2024-10-31T11:49:59.624+0000] {processor.py:914} INFO - Processing file /home/airflow/.local/lib/python3.12/site-packages/airflow/example_dags/example_xcomargs.py for tasks to queue
[2024-10-31T11:49:59.630+0000] {logging_mixin.py:190} INFO - [2024-10-31T11:49:59.630+0000] {dagbag.py:588} INFO - Filling up the DagBag from /home/airflow/.local/lib/python3.12/site-packages/airflow/example_dags/example_xcomargs.py
[2024-10-31T11:49:59.636+0000] {processor.py:925} INFO - DAG(s) 'example_xcom_args_with_operators', 'example_xcom_args' retrieved from /home/airflow/.local/lib/python3.12/site-packages/airflow/example_dags/example_xcomargs.py
[2024-10-31T11:49:59.653+0000] {logging_mixin.py:190} INFO - [2024-10-31T11:49:59.653+0000] {dag.py:3239} INFO - Sync 2 DAGs
[2024-10-31T11:49:59.662+0000] {logging_mixin.py:190} INFO - [2024-10-31T11:49:59.662+0000] {dag.py:4180} INFO - Setting next_dagrun for example_xcom_args to None, run_after=None
[2024-10-31T11:49:59.666+0000] {logging_mixin.py:190} INFO - [2024-10-31T11:49:59.666+0000] {dag.py:4180} INFO - Setting next_dagrun for example_xcom_args_with_operators to None, run_after=None
[2024-10-31T11:49:59.678+0000] {processor.py:208} INFO - Processing /home/airflow/.local/lib/python3.12/site-packages/airflow/example_dags/example_xcomargs.py took 0.059 seconds
[2024-10-31T11:50:30.690+0000] {processor.py:186} INFO - Started process (PID=586) to work on /home/airflow/.local/lib/python3.12/site-packages/airflow/example_dags/example_xcomargs.py
[2024-10-31T11:50:30.691+0000] {processor.py:914} INFO - Processing file /home/airflow/.local/lib/python3.12/site-packages/airflow/example_dags/example_xcomargs.py for tasks to queue
[2024-10-31T11:50:30.693+0000] {logging_mixin.py:190} INFO - [2024-10-31T11:50:30.693+0000] {dagbag.py:588} INFO - Filling up the DagBag from /home/airflow/.local/lib/python3.12/site-packages/airflow/example_dags/example_xcomargs.py
[2024-10-31T11:50:30.699+0000] {processor.py:925} INFO - DAG(s) 'example_xcom_args_with_operators', 'example_xcom_args' retrieved from /home/airflow/.local/lib/python3.12/site-packages/airflow/example_dags/example_xcomargs.py
[2024-10-31T11:50:30.723+0000] {logging_mixin.py:190} INFO - [2024-10-31T11:50:30.723+0000] {dag.py:3239} INFO - Sync 2 DAGs
[2024-10-31T11:50:30.733+0000] {logging_mixin.py:190} INFO - [2024-10-31T11:50:30.732+0000] {dag.py:4180} INFO - Setting next_dagrun for example_xcom_args to None, run_after=None
[2024-10-31T11:50:30.737+0000] {logging_mixin.py:190} INFO - [2024-10-31T11:50:30.736+0000] {dag.py:4180} INFO - Setting next_dagrun for example_xcom_args_with_operators to None, run_after=None
[2024-10-31T11:50:30.749+0000] {processor.py:208} INFO - Processing /home/airflow/.local/lib/python3.12/site-packages/airflow/example_dags/example_xcomargs.py took 0.064 seconds
[2024-10-31T11:51:01.876+0000] {processor.py:186} INFO - Started process (PID=649) to work on /home/airflow/.local/lib/python3.12/site-packages/airflow/example_dags/example_xcomargs.py
[2024-10-31T11:51:01.877+0000] {processor.py:914} INFO - Processing file /home/airflow/.local/lib/python3.12/site-packages/airflow/example_dags/example_xcomargs.py for tasks to queue
[2024-10-31T11:51:01.879+0000] {logging_mixin.py:190} INFO - [2024-10-31T11:51:01.879+0000] {dagbag.py:588} INFO - Filling up the DagBag from /home/airflow/.local/lib/python3.12/site-packages/airflow/example_dags/example_xcomargs.py
[2024-10-31T11:51:01.885+0000] {processor.py:925} INFO - DAG(s) 'example_xcom_args_with_operators', 'example_xcom_args' retrieved from /home/airflow/.local/lib/python3.12/site-packages/airflow/example_dags/example_xcomargs.py
[2024-10-31T11:51:01.900+0000] {logging_mixin.py:190} INFO - [2024-10-31T11:51:01.900+0000] {dag.py:3239} INFO - Sync 2 DAGs
[2024-10-31T11:51:01.910+0000] {logging_mixin.py:190} INFO - [2024-10-31T11:51:01.910+0000] {dag.py:4180} INFO - Setting next_dagrun for example_xcom_args to None, run_after=None
[2024-10-31T11:51:01.914+0000] {logging_mixin.py:190} INFO - [2024-10-31T11:51:01.914+0000] {dag.py:4180} INFO - Setting next_dagrun for example_xcom_args_with_operators to None, run_after=None
[2024-10-31T11:51:01.926+0000] {processor.py:208} INFO - Processing /home/airflow/.local/lib/python3.12/site-packages/airflow/example_dags/example_xcomargs.py took 0.054 seconds
[2024-10-31T11:51:32.863+0000] {processor.py:186} INFO - Started process (PID=713) to work on /home/airflow/.local/lib/python3.12/site-packages/airflow/example_dags/example_xcomargs.py
[2024-10-31T11:51:32.865+0000] {processor.py:914} INFO - Processing file /home/airflow/.local/lib/python3.12/site-packages/airflow/example_dags/example_xcomargs.py for tasks to queue
[2024-10-31T11:51:32.871+0000] {logging_mixin.py:190} INFO - [2024-10-31T11:51:32.871+0000] {dagbag.py:588} INFO - Filling up the DagBag from /home/airflow/.local/lib/python3.12/site-packages/airflow/example_dags/example_xcomargs.py
[2024-10-31T11:51:32.877+0000] {processor.py:925} INFO - DAG(s) 'example_xcom_args', 'example_xcom_args_with_operators' retrieved from /home/airflow/.local/lib/python3.12/site-packages/airflow/example_dags/example_xcomargs.py
[2024-10-31T11:51:32.894+0000] {logging_mixin.py:190} INFO - [2024-10-31T11:51:32.894+0000] {dag.py:3239} INFO - Sync 2 DAGs
[2024-10-31T11:51:32.907+0000] {logging_mixin.py:190} INFO - [2024-10-31T11:51:32.907+0000] {dag.py:4180} INFO - Setting next_dagrun for example_xcom_args to None, run_after=None
[2024-10-31T11:51:32.922+0000] {logging_mixin.py:190} INFO - [2024-10-31T11:51:32.922+0000] {dag.py:4180} INFO - Setting next_dagrun for example_xcom_args_with_operators to None, run_after=None
[2024-10-31T11:51:32.959+0000] {processor.py:208} INFO - Processing /home/airflow/.local/lib/python3.12/site-packages/airflow/example_dags/example_xcomargs.py took 0.102 seconds
[2024-10-31T11:52:03.177+0000] {processor.py:186} INFO - Started process (PID=777) to work on /home/airflow/.local/lib/python3.12/site-packages/airflow/example_dags/example_xcomargs.py
[2024-10-31T11:52:03.178+0000] {processor.py:914} INFO - Processing file /home/airflow/.local/lib/python3.12/site-packages/airflow/example_dags/example_xcomargs.py for tasks to queue
[2024-10-31T11:52:03.180+0000] {logging_mixin.py:190} INFO - [2024-10-31T11:52:03.179+0000] {dagbag.py:588} INFO - Filling up the DagBag from /home/airflow/.local/lib/python3.12/site-packages/airflow/example_dags/example_xcomargs.py
[2024-10-31T11:52:03.186+0000] {processor.py:925} INFO - DAG(s) 'example_xcom_args_with_operators', 'example_xcom_args' retrieved from /home/airflow/.local/lib/python3.12/site-packages/airflow/example_dags/example_xcomargs.py
[2024-10-31T11:52:03.205+0000] {logging_mixin.py:190} INFO - [2024-10-31T11:52:03.205+0000] {dag.py:3239} INFO - Sync 2 DAGs
[2024-10-31T11:52:03.214+0000] {logging_mixin.py:190} INFO - [2024-10-31T11:52:03.214+0000] {dag.py:4180} INFO - Setting next_dagrun for example_xcom_args to None, run_after=None
[2024-10-31T11:52:03.221+0000] {logging_mixin.py:190} INFO - [2024-10-31T11:52:03.221+0000] {dag.py:4180} INFO - Setting next_dagrun for example_xcom_args_with_operators to None, run_after=None
[2024-10-31T11:52:03.235+0000] {processor.py:208} INFO - Processing /home/airflow/.local/lib/python3.12/site-packages/airflow/example_dags/example_xcomargs.py took 0.062 seconds
[2024-10-31T11:52:46.886+0000] {processor.py:186} INFO - Started process (PID=60) to work on /home/airflow/.local/lib/python3.12/site-packages/airflow/example_dags/example_xcomargs.py
[2024-10-31T11:52:46.887+0000] {processor.py:914} INFO - Processing file /home/airflow/.local/lib/python3.12/site-packages/airflow/example_dags/example_xcomargs.py for tasks to queue
[2024-10-31T11:52:46.889+0000] {logging_mixin.py:190} INFO - [2024-10-31T11:52:46.889+0000] {dagbag.py:588} INFO - Filling up the DagBag from /home/airflow/.local/lib/python3.12/site-packages/airflow/example_dags/example_xcomargs.py
[2024-10-31T11:52:46.895+0000] {processor.py:925} INFO - DAG(s) 'example_xcom_args', 'example_xcom_args_with_operators' retrieved from /home/airflow/.local/lib/python3.12/site-packages/airflow/example_dags/example_xcomargs.py
[2024-10-31T11:52:46.918+0000] {logging_mixin.py:190} INFO - [2024-10-31T11:52:46.918+0000] {dag.py:3239} INFO - Sync 2 DAGs
[2024-10-31T11:52:46.930+0000] {logging_mixin.py:190} INFO - [2024-10-31T11:52:46.930+0000] {dag.py:4180} INFO - Setting next_dagrun for example_xcom_args to None, run_after=None
[2024-10-31T11:52:46.932+0000] {logging_mixin.py:190} INFO - [2024-10-31T11:52:46.932+0000] {dag.py:4180} INFO - Setting next_dagrun for example_xcom_args_with_operators to None, run_after=None
[2024-10-31T11:52:46.943+0000] {processor.py:208} INFO - Processing /home/airflow/.local/lib/python3.12/site-packages/airflow/example_dags/example_xcomargs.py took 0.061 seconds
[2024-10-31T11:53:17.952+0000] {processor.py:186} INFO - Started process (PID=124) to work on /home/airflow/.local/lib/python3.12/site-packages/airflow/example_dags/example_xcomargs.py
[2024-10-31T11:53:17.953+0000] {processor.py:914} INFO - Processing file /home/airflow/.local/lib/python3.12/site-packages/airflow/example_dags/example_xcomargs.py for tasks to queue
[2024-10-31T11:53:17.955+0000] {logging_mixin.py:190} INFO - [2024-10-31T11:53:17.955+0000] {dagbag.py:588} INFO - Filling up the DagBag from /home/airflow/.local/lib/python3.12/site-packages/airflow/example_dags/example_xcomargs.py
[2024-10-31T11:53:17.962+0000] {processor.py:925} INFO - DAG(s) 'example_xcom_args_with_operators', 'example_xcom_args' retrieved from /home/airflow/.local/lib/python3.12/site-packages/airflow/example_dags/example_xcomargs.py
[2024-10-31T11:53:17.986+0000] {logging_mixin.py:190} INFO - [2024-10-31T11:53:17.986+0000] {dag.py:3239} INFO - Sync 2 DAGs
[2024-10-31T11:53:17.998+0000] {logging_mixin.py:190} INFO - [2024-10-31T11:53:17.998+0000] {dag.py:4180} INFO - Setting next_dagrun for example_xcom_args to None, run_after=None
[2024-10-31T11:53:18.001+0000] {logging_mixin.py:190} INFO - [2024-10-31T11:53:18.000+0000] {dag.py:4180} INFO - Setting next_dagrun for example_xcom_args_with_operators to None, run_after=None
[2024-10-31T11:53:18.014+0000] {processor.py:208} INFO - Processing /home/airflow/.local/lib/python3.12/site-packages/airflow/example_dags/example_xcomargs.py took 0.066 seconds
[2024-10-31T11:53:48.430+0000] {processor.py:186} INFO - Started process (PID=194) to work on /home/airflow/.local/lib/python3.12/site-packages/airflow/example_dags/example_xcomargs.py
[2024-10-31T11:53:48.432+0000] {processor.py:914} INFO - Processing file /home/airflow/.local/lib/python3.12/site-packages/airflow/example_dags/example_xcomargs.py for tasks to queue
[2024-10-31T11:53:48.434+0000] {logging_mixin.py:190} INFO - [2024-10-31T11:53:48.433+0000] {dagbag.py:588} INFO - Filling up the DagBag from /home/airflow/.local/lib/python3.12/site-packages/airflow/example_dags/example_xcomargs.py
[2024-10-31T11:53:48.440+0000] {processor.py:925} INFO - DAG(s) 'example_xcom_args_with_operators', 'example_xcom_args' retrieved from /home/airflow/.local/lib/python3.12/site-packages/airflow/example_dags/example_xcomargs.py
[2024-10-31T11:53:48.456+0000] {logging_mixin.py:190} INFO - [2024-10-31T11:53:48.456+0000] {dag.py:3239} INFO - Sync 2 DAGs
[2024-10-31T11:53:48.465+0000] {logging_mixin.py:190} INFO - [2024-10-31T11:53:48.465+0000] {dag.py:4180} INFO - Setting next_dagrun for example_xcom_args to None, run_after=None
[2024-10-31T11:53:48.468+0000] {logging_mixin.py:190} INFO - [2024-10-31T11:53:48.468+0000] {dag.py:4180} INFO - Setting next_dagrun for example_xcom_args_with_operators to None, run_after=None
[2024-10-31T11:53:48.481+0000] {processor.py:208} INFO - Processing /home/airflow/.local/lib/python3.12/site-packages/airflow/example_dags/example_xcomargs.py took 0.055 seconds
[2024-10-31T11:54:18.710+0000] {processor.py:186} INFO - Started process (PID=258) to work on /home/airflow/.local/lib/python3.12/site-packages/airflow/example_dags/example_xcomargs.py
[2024-10-31T11:54:18.714+0000] {processor.py:914} INFO - Processing file /home/airflow/.local/lib/python3.12/site-packages/airflow/example_dags/example_xcomargs.py for tasks to queue
[2024-10-31T11:54:18.718+0000] {logging_mixin.py:190} INFO - [2024-10-31T11:54:18.718+0000] {dagbag.py:588} INFO - Filling up the DagBag from /home/airflow/.local/lib/python3.12/site-packages/airflow/example_dags/example_xcomargs.py
[2024-10-31T11:54:18.727+0000] {processor.py:925} INFO - DAG(s) 'example_xcom_args_with_operators', 'example_xcom_args' retrieved from /home/airflow/.local/lib/python3.12/site-packages/airflow/example_dags/example_xcomargs.py
[2024-10-31T11:54:18.751+0000] {logging_mixin.py:190} INFO - [2024-10-31T11:54:18.751+0000] {dag.py:3239} INFO - Sync 2 DAGs
[2024-10-31T11:54:18.763+0000] {logging_mixin.py:190} INFO - [2024-10-31T11:54:18.762+0000] {dag.py:4180} INFO - Setting next_dagrun for example_xcom_args to None, run_after=None
[2024-10-31T11:54:18.767+0000] {logging_mixin.py:190} INFO - [2024-10-31T11:54:18.767+0000] {dag.py:4180} INFO - Setting next_dagrun for example_xcom_args_with_operators to None, run_after=None
[2024-10-31T11:54:18.777+0000] {processor.py:208} INFO - Processing /home/airflow/.local/lib/python3.12/site-packages/airflow/example_dags/example_xcomargs.py took 0.070 seconds
[2024-10-31T11:54:49.075+0000] {processor.py:186} INFO - Started process (PID=321) to work on /home/airflow/.local/lib/python3.12/site-packages/airflow/example_dags/example_xcomargs.py
[2024-10-31T11:54:49.082+0000] {processor.py:914} INFO - Processing file /home/airflow/.local/lib/python3.12/site-packages/airflow/example_dags/example_xcomargs.py for tasks to queue
[2024-10-31T11:54:49.088+0000] {logging_mixin.py:190} INFO - [2024-10-31T11:54:49.088+0000] {dagbag.py:588} INFO - Filling up the DagBag from /home/airflow/.local/lib/python3.12/site-packages/airflow/example_dags/example_xcomargs.py
[2024-10-31T11:54:49.097+0000] {processor.py:925} INFO - DAG(s) 'example_xcom_args', 'example_xcom_args_with_operators' retrieved from /home/airflow/.local/lib/python3.12/site-packages/airflow/example_dags/example_xcomargs.py
[2024-10-31T11:54:49.117+0000] {logging_mixin.py:190} INFO - [2024-10-31T11:54:49.117+0000] {dag.py:3239} INFO - Sync 2 DAGs
[2024-10-31T11:54:49.128+0000] {logging_mixin.py:190} INFO - [2024-10-31T11:54:49.128+0000] {dag.py:4180} INFO - Setting next_dagrun for example_xcom_args to None, run_after=None
[2024-10-31T11:54:49.131+0000] {logging_mixin.py:190} INFO - [2024-10-31T11:54:49.131+0000] {dag.py:4180} INFO - Setting next_dagrun for example_xcom_args_with_operators to None, run_after=None
[2024-10-31T11:54:49.147+0000] {processor.py:208} INFO - Processing /home/airflow/.local/lib/python3.12/site-packages/airflow/example_dags/example_xcomargs.py took 0.078 seconds
[2024-10-31T11:55:19.358+0000] {processor.py:186} INFO - Started process (PID=385) to work on /home/airflow/.local/lib/python3.12/site-packages/airflow/example_dags/example_xcomargs.py
[2024-10-31T11:55:19.361+0000] {processor.py:914} INFO - Processing file /home/airflow/.local/lib/python3.12/site-packages/airflow/example_dags/example_xcomargs.py for tasks to queue
[2024-10-31T11:55:19.363+0000] {logging_mixin.py:190} INFO - [2024-10-31T11:55:19.363+0000] {dagbag.py:588} INFO - Filling up the DagBag from /home/airflow/.local/lib/python3.12/site-packages/airflow/example_dags/example_xcomargs.py
[2024-10-31T11:55:19.371+0000] {processor.py:925} INFO - DAG(s) 'example_xcom_args_with_operators', 'example_xcom_args' retrieved from /home/airflow/.local/lib/python3.12/site-packages/airflow/example_dags/example_xcomargs.py
[2024-10-31T11:55:19.387+0000] {logging_mixin.py:190} INFO - [2024-10-31T11:55:19.387+0000] {dag.py:3239} INFO - Sync 2 DAGs
[2024-10-31T11:55:19.396+0000] {logging_mixin.py:190} INFO - [2024-10-31T11:55:19.396+0000] {dag.py:4180} INFO - Setting next_dagrun for example_xcom_args to None, run_after=None
[2024-10-31T11:55:19.399+0000] {logging_mixin.py:190} INFO - [2024-10-31T11:55:19.399+0000] {dag.py:4180} INFO - Setting next_dagrun for example_xcom_args_with_operators to None, run_after=None
[2024-10-31T11:55:19.414+0000] {processor.py:208} INFO - Processing /home/airflow/.local/lib/python3.12/site-packages/airflow/example_dags/example_xcomargs.py took 0.059 seconds
[2024-10-31T11:55:49.651+0000] {processor.py:186} INFO - Started process (PID=449) to work on /home/airflow/.local/lib/python3.12/site-packages/airflow/example_dags/example_xcomargs.py
[2024-10-31T11:55:49.652+0000] {processor.py:914} INFO - Processing file /home/airflow/.local/lib/python3.12/site-packages/airflow/example_dags/example_xcomargs.py for tasks to queue
[2024-10-31T11:55:49.656+0000] {logging_mixin.py:190} INFO - [2024-10-31T11:55:49.655+0000] {dagbag.py:588} INFO - Filling up the DagBag from /home/airflow/.local/lib/python3.12/site-packages/airflow/example_dags/example_xcomargs.py
[2024-10-31T11:55:49.662+0000] {processor.py:925} INFO - DAG(s) 'example_xcom_args', 'example_xcom_args_with_operators' retrieved from /home/airflow/.local/lib/python3.12/site-packages/airflow/example_dags/example_xcomargs.py
[2024-10-31T11:55:49.687+0000] {logging_mixin.py:190} INFO - [2024-10-31T11:55:49.686+0000] {dag.py:3239} INFO - Sync 2 DAGs
[2024-10-31T11:55:49.699+0000] {logging_mixin.py:190} INFO - [2024-10-31T11:55:49.699+0000] {dag.py:4180} INFO - Setting next_dagrun for example_xcom_args to None, run_after=None
[2024-10-31T11:55:49.705+0000] {logging_mixin.py:190} INFO - [2024-10-31T11:55:49.705+0000] {dag.py:4180} INFO - Setting next_dagrun for example_xcom_args_with_operators to None, run_after=None
[2024-10-31T11:55:49.721+0000] {processor.py:208} INFO - Processing /home/airflow/.local/lib/python3.12/site-packages/airflow/example_dags/example_xcomargs.py took 0.074 seconds
[2024-10-31T11:56:19.888+0000] {processor.py:186} INFO - Started process (PID=513) to work on /home/airflow/.local/lib/python3.12/site-packages/airflow/example_dags/example_xcomargs.py
[2024-10-31T11:56:19.890+0000] {processor.py:914} INFO - Processing file /home/airflow/.local/lib/python3.12/site-packages/airflow/example_dags/example_xcomargs.py for tasks to queue
[2024-10-31T11:56:19.892+0000] {logging_mixin.py:190} INFO - [2024-10-31T11:56:19.891+0000] {dagbag.py:588} INFO - Filling up the DagBag from /home/airflow/.local/lib/python3.12/site-packages/airflow/example_dags/example_xcomargs.py
[2024-10-31T11:56:19.898+0000] {processor.py:925} INFO - DAG(s) 'example_xcom_args', 'example_xcom_args_with_operators' retrieved from /home/airflow/.local/lib/python3.12/site-packages/airflow/example_dags/example_xcomargs.py
[2024-10-31T11:56:19.914+0000] {logging_mixin.py:190} INFO - [2024-10-31T11:56:19.914+0000] {dag.py:3239} INFO - Sync 2 DAGs
[2024-10-31T11:56:19.926+0000] {logging_mixin.py:190} INFO - [2024-10-31T11:56:19.926+0000] {dag.py:4180} INFO - Setting next_dagrun for example_xcom_args to None, run_after=None
[2024-10-31T11:56:19.929+0000] {logging_mixin.py:190} INFO - [2024-10-31T11:56:19.929+0000] {dag.py:4180} INFO - Setting next_dagrun for example_xcom_args_with_operators to None, run_after=None
[2024-10-31T11:56:19.946+0000] {processor.py:208} INFO - Processing /home/airflow/.local/lib/python3.12/site-packages/airflow/example_dags/example_xcomargs.py took 0.061 seconds
[2024-10-31T11:56:50.226+0000] {processor.py:186} INFO - Started process (PID=577) to work on /home/airflow/.local/lib/python3.12/site-packages/airflow/example_dags/example_xcomargs.py
[2024-10-31T11:56:50.229+0000] {processor.py:914} INFO - Processing file /home/airflow/.local/lib/python3.12/site-packages/airflow/example_dags/example_xcomargs.py for tasks to queue
[2024-10-31T11:56:50.233+0000] {logging_mixin.py:190} INFO - [2024-10-31T11:56:50.232+0000] {dagbag.py:588} INFO - Filling up the DagBag from /home/airflow/.local/lib/python3.12/site-packages/airflow/example_dags/example_xcomargs.py
[2024-10-31T11:56:50.239+0000] {processor.py:925} INFO - DAG(s) 'example_xcom_args_with_operators', 'example_xcom_args' retrieved from /home/airflow/.local/lib/python3.12/site-packages/airflow/example_dags/example_xcomargs.py
[2024-10-31T11:56:50.267+0000] {logging_mixin.py:190} INFO - [2024-10-31T11:56:50.267+0000] {dag.py:3239} INFO - Sync 2 DAGs
[2024-10-31T11:56:50.277+0000] {logging_mixin.py:190} INFO - [2024-10-31T11:56:50.277+0000] {dag.py:4180} INFO - Setting next_dagrun for example_xcom_args to None, run_after=None
[2024-10-31T11:56:50.282+0000] {logging_mixin.py:190} INFO - [2024-10-31T11:56:50.281+0000] {dag.py:4180} INFO - Setting next_dagrun for example_xcom_args_with_operators to None, run_after=None
[2024-10-31T11:56:50.291+0000] {processor.py:208} INFO - Processing /home/airflow/.local/lib/python3.12/site-packages/airflow/example_dags/example_xcomargs.py took 0.068 seconds
[2024-10-31T11:57:20.482+0000] {processor.py:186} INFO - Started process (PID=641) to work on /home/airflow/.local/lib/python3.12/site-packages/airflow/example_dags/example_xcomargs.py
[2024-10-31T11:57:20.484+0000] {processor.py:914} INFO - Processing file /home/airflow/.local/lib/python3.12/site-packages/airflow/example_dags/example_xcomargs.py for tasks to queue
[2024-10-31T11:57:20.486+0000] {logging_mixin.py:190} INFO - [2024-10-31T11:57:20.486+0000] {dagbag.py:588} INFO - Filling up the DagBag from /home/airflow/.local/lib/python3.12/site-packages/airflow/example_dags/example_xcomargs.py
[2024-10-31T11:57:20.495+0000] {processor.py:925} INFO - DAG(s) 'example_xcom_args_with_operators', 'example_xcom_args' retrieved from /home/airflow/.local/lib/python3.12/site-packages/airflow/example_dags/example_xcomargs.py
[2024-10-31T11:57:20.525+0000] {logging_mixin.py:190} INFO - [2024-10-31T11:57:20.525+0000] {dag.py:3239} INFO - Sync 2 DAGs
[2024-10-31T11:57:20.534+0000] {logging_mixin.py:190} INFO - [2024-10-31T11:57:20.534+0000] {dag.py:4180} INFO - Setting next_dagrun for example_xcom_args to None, run_after=None
[2024-10-31T11:57:20.537+0000] {logging_mixin.py:190} INFO - [2024-10-31T11:57:20.537+0000] {dag.py:4180} INFO - Setting next_dagrun for example_xcom_args_with_operators to None, run_after=None
[2024-10-31T11:57:20.551+0000] {processor.py:208} INFO - Processing /home/airflow/.local/lib/python3.12/site-packages/airflow/example_dags/example_xcomargs.py took 0.073 seconds
[2024-10-31T11:57:50.938+0000] {processor.py:186} INFO - Started process (PID=704) to work on /home/airflow/.local/lib/python3.12/site-packages/airflow/example_dags/example_xcomargs.py
[2024-10-31T11:57:50.939+0000] {processor.py:914} INFO - Processing file /home/airflow/.local/lib/python3.12/site-packages/airflow/example_dags/example_xcomargs.py for tasks to queue
[2024-10-31T11:57:50.941+0000] {logging_mixin.py:190} INFO - [2024-10-31T11:57:50.941+0000] {dagbag.py:588} INFO - Filling up the DagBag from /home/airflow/.local/lib/python3.12/site-packages/airflow/example_dags/example_xcomargs.py
[2024-10-31T11:57:50.948+0000] {processor.py:925} INFO - DAG(s) 'example_xcom_args_with_operators', 'example_xcom_args' retrieved from /home/airflow/.local/lib/python3.12/site-packages/airflow/example_dags/example_xcomargs.py
[2024-10-31T11:57:50.972+0000] {logging_mixin.py:190} INFO - [2024-10-31T11:57:50.972+0000] {dag.py:3239} INFO - Sync 2 DAGs
[2024-10-31T11:57:50.987+0000] {logging_mixin.py:190} INFO - [2024-10-31T11:57:50.987+0000] {dag.py:4180} INFO - Setting next_dagrun for example_xcom_args to None, run_after=None
[2024-10-31T11:57:50.991+0000] {logging_mixin.py:190} INFO - [2024-10-31T11:57:50.991+0000] {dag.py:4180} INFO - Setting next_dagrun for example_xcom_args_with_operators to None, run_after=None
[2024-10-31T11:57:51.007+0000] {processor.py:208} INFO - Processing /home/airflow/.local/lib/python3.12/site-packages/airflow/example_dags/example_xcomargs.py took 0.073 seconds
[2024-10-31T11:58:21.187+0000] {processor.py:186} INFO - Started process (PID=768) to work on /home/airflow/.local/lib/python3.12/site-packages/airflow/example_dags/example_xcomargs.py
[2024-10-31T11:58:21.191+0000] {processor.py:914} INFO - Processing file /home/airflow/.local/lib/python3.12/site-packages/airflow/example_dags/example_xcomargs.py for tasks to queue
[2024-10-31T11:58:21.193+0000] {logging_mixin.py:190} INFO - [2024-10-31T11:58:21.193+0000] {dagbag.py:588} INFO - Filling up the DagBag from /home/airflow/.local/lib/python3.12/site-packages/airflow/example_dags/example_xcomargs.py
[2024-10-31T11:58:21.200+0000] {processor.py:925} INFO - DAG(s) 'example_xcom_args', 'example_xcom_args_with_operators' retrieved from /home/airflow/.local/lib/python3.12/site-packages/airflow/example_dags/example_xcomargs.py
[2024-10-31T11:58:21.222+0000] {logging_mixin.py:190} INFO - [2024-10-31T11:58:21.222+0000] {dag.py:3239} INFO - Sync 2 DAGs
[2024-10-31T11:58:21.234+0000] {logging_mixin.py:190} INFO - [2024-10-31T11:58:21.234+0000] {dag.py:4180} INFO - Setting next_dagrun for example_xcom_args to None, run_after=None
[2024-10-31T11:58:21.238+0000] {logging_mixin.py:190} INFO - [2024-10-31T11:58:21.238+0000] {dag.py:4180} INFO - Setting next_dagrun for example_xcom_args_with_operators to None, run_after=None
[2024-10-31T11:58:21.256+0000] {processor.py:208} INFO - Processing /home/airflow/.local/lib/python3.12/site-packages/airflow/example_dags/example_xcomargs.py took 0.073 seconds
[2024-10-31T11:58:52.366+0000] {processor.py:186} INFO - Started process (PID=832) to work on /home/airflow/.local/lib/python3.12/site-packages/airflow/example_dags/example_xcomargs.py
[2024-10-31T11:58:52.368+0000] {processor.py:914} INFO - Processing file /home/airflow/.local/lib/python3.12/site-packages/airflow/example_dags/example_xcomargs.py for tasks to queue
[2024-10-31T11:58:52.370+0000] {logging_mixin.py:190} INFO - [2024-10-31T11:58:52.370+0000] {dagbag.py:588} INFO - Filling up the DagBag from /home/airflow/.local/lib/python3.12/site-packages/airflow/example_dags/example_xcomargs.py
[2024-10-31T11:58:52.380+0000] {processor.py:925} INFO - DAG(s) 'example_xcom_args', 'example_xcom_args_with_operators' retrieved from /home/airflow/.local/lib/python3.12/site-packages/airflow/example_dags/example_xcomargs.py
[2024-10-31T11:58:52.398+0000] {logging_mixin.py:190} INFO - [2024-10-31T11:58:52.398+0000] {dag.py:3239} INFO - Sync 2 DAGs
[2024-10-31T11:58:52.407+0000] {logging_mixin.py:190} INFO - [2024-10-31T11:58:52.407+0000] {dag.py:4180} INFO - Setting next_dagrun for example_xcom_args to None, run_after=None
[2024-10-31T11:58:52.411+0000] {logging_mixin.py:190} INFO - [2024-10-31T11:58:52.411+0000] {dag.py:4180} INFO - Setting next_dagrun for example_xcom_args_with_operators to None, run_after=None
[2024-10-31T11:58:52.429+0000] {processor.py:208} INFO - Processing /home/airflow/.local/lib/python3.12/site-packages/airflow/example_dags/example_xcomargs.py took 0.067 seconds
[2024-10-31T11:59:22.740+0000] {processor.py:186} INFO - Started process (PID=896) to work on /home/airflow/.local/lib/python3.12/site-packages/airflow/example_dags/example_xcomargs.py
[2024-10-31T11:59:22.745+0000] {processor.py:914} INFO - Processing file /home/airflow/.local/lib/python3.12/site-packages/airflow/example_dags/example_xcomargs.py for tasks to queue
[2024-10-31T11:59:22.747+0000] {logging_mixin.py:190} INFO - [2024-10-31T11:59:22.747+0000] {dagbag.py:588} INFO - Filling up the DagBag from /home/airflow/.local/lib/python3.12/site-packages/airflow/example_dags/example_xcomargs.py
[2024-10-31T11:59:22.756+0000] {processor.py:925} INFO - DAG(s) 'example_xcom_args_with_operators', 'example_xcom_args' retrieved from /home/airflow/.local/lib/python3.12/site-packages/airflow/example_dags/example_xcomargs.py
[2024-10-31T11:59:22.777+0000] {logging_mixin.py:190} INFO - [2024-10-31T11:59:22.776+0000] {dag.py:3239} INFO - Sync 2 DAGs
[2024-10-31T11:59:22.790+0000] {logging_mixin.py:190} INFO - [2024-10-31T11:59:22.789+0000] {dag.py:4180} INFO - Setting next_dagrun for example_xcom_args to None, run_after=None
[2024-10-31T11:59:22.795+0000] {logging_mixin.py:190} INFO - [2024-10-31T11:59:22.795+0000] {dag.py:4180} INFO - Setting next_dagrun for example_xcom_args_with_operators to None, run_after=None
[2024-10-31T11:59:22.809+0000] {processor.py:208} INFO - Processing /home/airflow/.local/lib/python3.12/site-packages/airflow/example_dags/example_xcomargs.py took 0.073 seconds
[2024-10-31T11:59:53.372+0000] {processor.py:186} INFO - Started process (PID=960) to work on /home/airflow/.local/lib/python3.12/site-packages/airflow/example_dags/example_xcomargs.py
[2024-10-31T11:59:53.373+0000] {processor.py:914} INFO - Processing file /home/airflow/.local/lib/python3.12/site-packages/airflow/example_dags/example_xcomargs.py for tasks to queue
[2024-10-31T11:59:53.376+0000] {logging_mixin.py:190} INFO - [2024-10-31T11:59:53.375+0000] {dagbag.py:588} INFO - Filling up the DagBag from /home/airflow/.local/lib/python3.12/site-packages/airflow/example_dags/example_xcomargs.py
[2024-10-31T11:59:53.387+0000] {processor.py:925} INFO - DAG(s) 'example_xcom_args', 'example_xcom_args_with_operators' retrieved from /home/airflow/.local/lib/python3.12/site-packages/airflow/example_dags/example_xcomargs.py
[2024-10-31T11:59:53.412+0000] {logging_mixin.py:190} INFO - [2024-10-31T11:59:53.412+0000] {dag.py:3239} INFO - Sync 2 DAGs
[2024-10-31T11:59:53.427+0000] {logging_mixin.py:190} INFO - [2024-10-31T11:59:53.427+0000] {dag.py:4180} INFO - Setting next_dagrun for example_xcom_args to None, run_after=None
[2024-10-31T11:59:53.436+0000] {logging_mixin.py:190} INFO - [2024-10-31T11:59:53.436+0000] {dag.py:4180} INFO - Setting next_dagrun for example_xcom_args_with_operators to None, run_after=None
[2024-10-31T11:59:53.453+0000] {processor.py:208} INFO - Processing /home/airflow/.local/lib/python3.12/site-packages/airflow/example_dags/example_xcomargs.py took 0.085 seconds
[2024-10-31T12:00:23.932+0000] {processor.py:186} INFO - Started process (PID=1023) to work on /home/airflow/.local/lib/python3.12/site-packages/airflow/example_dags/example_xcomargs.py
[2024-10-31T12:00:23.933+0000] {processor.py:914} INFO - Processing file /home/airflow/.local/lib/python3.12/site-packages/airflow/example_dags/example_xcomargs.py for tasks to queue
[2024-10-31T12:00:23.935+0000] {logging_mixin.py:190} INFO - [2024-10-31T12:00:23.934+0000] {dagbag.py:588} INFO - Filling up the DagBag from /home/airflow/.local/lib/python3.12/site-packages/airflow/example_dags/example_xcomargs.py
[2024-10-31T12:00:23.941+0000] {processor.py:925} INFO - DAG(s) 'example_xcom_args', 'example_xcom_args_with_operators' retrieved from /home/airflow/.local/lib/python3.12/site-packages/airflow/example_dags/example_xcomargs.py
[2024-10-31T12:00:23.961+0000] {logging_mixin.py:190} INFO - [2024-10-31T12:00:23.961+0000] {dag.py:3239} INFO - Sync 2 DAGs
[2024-10-31T12:00:23.976+0000] {logging_mixin.py:190} INFO - [2024-10-31T12:00:23.976+0000] {dag.py:4180} INFO - Setting next_dagrun for example_xcom_args to None, run_after=None
[2024-10-31T12:00:23.980+0000] {logging_mixin.py:190} INFO - [2024-10-31T12:00:23.980+0000] {dag.py:4180} INFO - Setting next_dagrun for example_xcom_args_with_operators to None, run_after=None
[2024-10-31T12:00:23.996+0000] {processor.py:208} INFO - Processing /home/airflow/.local/lib/python3.12/site-packages/airflow/example_dags/example_xcomargs.py took 0.068 seconds
[2024-10-31T12:42:17.546+0000] {processor.py:186} INFO - Started process (PID=68) to work on /home/airflow/.local/lib/python3.12/site-packages/airflow/example_dags/example_xcomargs.py
[2024-10-31T12:42:17.547+0000] {processor.py:914} INFO - Processing file /home/airflow/.local/lib/python3.12/site-packages/airflow/example_dags/example_xcomargs.py for tasks to queue
[2024-10-31T12:42:17.549+0000] {logging_mixin.py:190} INFO - [2024-10-31T12:42:17.549+0000] {dagbag.py:588} INFO - Filling up the DagBag from /home/airflow/.local/lib/python3.12/site-packages/airflow/example_dags/example_xcomargs.py
[2024-10-31T12:42:17.557+0000] {processor.py:925} INFO - DAG(s) 'example_xcom_args', 'example_xcom_args_with_operators' retrieved from /home/airflow/.local/lib/python3.12/site-packages/airflow/example_dags/example_xcomargs.py
[2024-10-31T12:42:17.622+0000] {logging_mixin.py:190} INFO - [2024-10-31T12:42:17.621+0000] {override.py:1900} INFO - Created Permission View: can read on DAG:example_xcom_args
[2024-10-31T12:42:17.632+0000] {logging_mixin.py:190} INFO - [2024-10-31T12:42:17.632+0000] {override.py:1900} INFO - Created Permission View: can delete on DAG:example_xcom_args
[2024-10-31T12:42:17.635+0000] {logging_mixin.py:190} INFO - [2024-10-31T12:42:17.635+0000] {override.py:1900} INFO - Created Permission View: can edit on DAG:example_xcom_args
[2024-10-31T12:42:17.638+0000] {logging_mixin.py:190} INFO - [2024-10-31T12:42:17.638+0000] {override.py:1900} INFO - Created Permission View: menu access on DAG Run:example_xcom_args
[2024-10-31T12:42:17.641+0000] {logging_mixin.py:190} INFO - [2024-10-31T12:42:17.641+0000] {override.py:1900} INFO - Created Permission View: can read on DAG Run:example_xcom_args
[2024-10-31T12:42:17.644+0000] {logging_mixin.py:190} INFO - [2024-10-31T12:42:17.644+0000] {override.py:1900} INFO - Created Permission View: can delete on DAG Run:example_xcom_args
[2024-10-31T12:42:17.647+0000] {logging_mixin.py:190} INFO - [2024-10-31T12:42:17.646+0000] {override.py:1900} INFO - Created Permission View: can create on DAG Run:example_xcom_args
[2024-10-31T12:42:17.654+0000] {logging_mixin.py:190} INFO - [2024-10-31T12:42:17.653+0000] {override.py:1900} INFO - Created Permission View: can read on DAG:example_xcom_args_with_operators
[2024-10-31T12:42:17.657+0000] {logging_mixin.py:190} INFO - [2024-10-31T12:42:17.657+0000] {override.py:1900} INFO - Created Permission View: can delete on DAG:example_xcom_args_with_operators
[2024-10-31T12:42:17.660+0000] {logging_mixin.py:190} INFO - [2024-10-31T12:42:17.660+0000] {override.py:1900} INFO - Created Permission View: can edit on DAG:example_xcom_args_with_operators
[2024-10-31T12:42:17.663+0000] {logging_mixin.py:190} INFO - [2024-10-31T12:42:17.663+0000] {override.py:1900} INFO - Created Permission View: menu access on DAG Run:example_xcom_args_with_operators
[2024-10-31T12:42:17.666+0000] {logging_mixin.py:190} INFO - [2024-10-31T12:42:17.666+0000] {override.py:1900} INFO - Created Permission View: can read on DAG Run:example_xcom_args_with_operators
[2024-10-31T12:42:17.669+0000] {logging_mixin.py:190} INFO - [2024-10-31T12:42:17.669+0000] {override.py:1900} INFO - Created Permission View: can delete on DAG Run:example_xcom_args_with_operators
[2024-10-31T12:42:17.672+0000] {logging_mixin.py:190} INFO - [2024-10-31T12:42:17.672+0000] {override.py:1900} INFO - Created Permission View: can create on DAG Run:example_xcom_args_with_operators
[2024-10-31T12:42:17.673+0000] {logging_mixin.py:190} INFO - [2024-10-31T12:42:17.673+0000] {dag.py:3239} INFO - Sync 2 DAGs
[2024-10-31T12:42:17.680+0000] {logging_mixin.py:190} INFO - [2024-10-31T12:42:17.680+0000] {dag.py:3262} INFO - Creating ORM DAG for example_xcom_args_with_operators
[2024-10-31T12:42:17.681+0000] {logging_mixin.py:190} INFO - [2024-10-31T12:42:17.681+0000] {dag.py:3262} INFO - Creating ORM DAG for example_xcom_args
[2024-10-31T12:42:17.681+0000] {logging_mixin.py:190} INFO - [2024-10-31T12:42:17.681+0000] {dag.py:4180} INFO - Setting next_dagrun for example_xcom_args to None, run_after=None
[2024-10-31T12:42:17.682+0000] {logging_mixin.py:190} INFO - [2024-10-31T12:42:17.682+0000] {dag.py:4180} INFO - Setting next_dagrun for example_xcom_args_with_operators to None, run_after=None
[2024-10-31T12:42:17.695+0000] {processor.py:208} INFO - Processing /home/airflow/.local/lib/python3.12/site-packages/airflow/example_dags/example_xcomargs.py took 0.154 seconds
