[2024-10-31T11:46:25.736+0000] {processor.py:186} INFO - Started process (PID=88) to work on /home/airflow/.local/lib/python3.12/site-packages/airflow/example_dags/example_nested_branch_dag.py
[2024-10-31T11:46:25.737+0000] {processor.py:914} INFO - Processing file /home/airflow/.local/lib/python3.12/site-packages/airflow/example_dags/example_nested_branch_dag.py for tasks to queue
[2024-10-31T11:46:25.738+0000] {logging_mixin.py:190} INFO - [2024-10-31T11:46:25.738+0000] {dagbag.py:588} INFO - Filling up the DagBag from /home/airflow/.local/lib/python3.12/site-packages/airflow/example_dags/example_nested_branch_dag.py
[2024-10-31T11:46:25.748+0000] {processor.py:925} INFO - DAG(s) 'example_nested_branch_dag' retrieved from /home/airflow/.local/lib/python3.12/site-packages/airflow/example_dags/example_nested_branch_dag.py
[2024-10-31T11:46:25.825+0000] {logging_mixin.py:190} INFO - [2024-10-31T11:46:25.824+0000] {override.py:1900} INFO - Created Permission View: can delete on DAG:example_nested_branch_dag
[2024-10-31T11:46:25.832+0000] {logging_mixin.py:190} INFO - [2024-10-31T11:46:25.832+0000] {override.py:1900} INFO - Created Permission View: can read on DAG:example_nested_branch_dag
[2024-10-31T11:46:25.836+0000] {logging_mixin.py:190} INFO - [2024-10-31T11:46:25.836+0000] {override.py:1900} INFO - Created Permission View: can edit on DAG:example_nested_branch_dag
[2024-10-31T11:46:25.841+0000] {logging_mixin.py:190} INFO - [2024-10-31T11:46:25.841+0000] {override.py:1900} INFO - Created Permission View: can delete on DAG Run:example_nested_branch_dag
[2024-10-31T11:46:25.846+0000] {logging_mixin.py:190} INFO - [2024-10-31T11:46:25.845+0000] {override.py:1900} INFO - Created Permission View: can read on DAG Run:example_nested_branch_dag
[2024-10-31T11:46:25.851+0000] {logging_mixin.py:190} INFO - [2024-10-31T11:46:25.850+0000] {override.py:1900} INFO - Created Permission View: can create on DAG Run:example_nested_branch_dag
[2024-10-31T11:46:25.855+0000] {logging_mixin.py:190} INFO - [2024-10-31T11:46:25.855+0000] {override.py:1900} INFO - Created Permission View: menu access on DAG Run:example_nested_branch_dag
[2024-10-31T11:46:25.856+0000] {logging_mixin.py:190} INFO - [2024-10-31T11:46:25.855+0000] {dag.py:3239} INFO - Sync 1 DAGs
[2024-10-31T11:46:25.864+0000] {logging_mixin.py:190} INFO - [2024-10-31T11:46:25.863+0000] {dag.py:3262} INFO - Creating ORM DAG for example_nested_branch_dag
[2024-10-31T11:46:25.871+0000] {logging_mixin.py:190} INFO - [2024-10-31T11:46:25.871+0000] {dag.py:4180} INFO - Setting next_dagrun for example_nested_branch_dag to 2024-10-30 00:00:00+00:00, run_after=2024-10-31 00:00:00+00:00
[2024-10-31T11:46:25.884+0000] {processor.py:208} INFO - Processing /home/airflow/.local/lib/python3.12/site-packages/airflow/example_dags/example_nested_branch_dag.py took 0.153 seconds
[2024-10-31T11:46:56.525+0000] {processor.py:186} INFO - Started process (PID=152) to work on /home/airflow/.local/lib/python3.12/site-packages/airflow/example_dags/example_nested_branch_dag.py
[2024-10-31T11:46:56.526+0000] {processor.py:914} INFO - Processing file /home/airflow/.local/lib/python3.12/site-packages/airflow/example_dags/example_nested_branch_dag.py for tasks to queue
[2024-10-31T11:46:56.529+0000] {logging_mixin.py:190} INFO - [2024-10-31T11:46:56.529+0000] {dagbag.py:588} INFO - Filling up the DagBag from /home/airflow/.local/lib/python3.12/site-packages/airflow/example_dags/example_nested_branch_dag.py
[2024-10-31T11:46:56.537+0000] {processor.py:925} INFO - DAG(s) 'example_nested_branch_dag' retrieved from /home/airflow/.local/lib/python3.12/site-packages/airflow/example_dags/example_nested_branch_dag.py
[2024-10-31T11:46:56.557+0000] {logging_mixin.py:190} INFO - [2024-10-31T11:46:56.557+0000] {dag.py:3239} INFO - Sync 1 DAGs
[2024-10-31T11:46:56.576+0000] {logging_mixin.py:190} INFO - [2024-10-31T11:46:56.575+0000] {dag.py:4180} INFO - Setting next_dagrun for example_nested_branch_dag to 2024-10-30 00:00:00+00:00, run_after=2024-10-31 00:00:00+00:00
[2024-10-31T11:46:56.593+0000] {processor.py:208} INFO - Processing /home/airflow/.local/lib/python3.12/site-packages/airflow/example_dags/example_nested_branch_dag.py took 0.072 seconds
[2024-10-31T11:47:26.695+0000] {processor.py:186} INFO - Started process (PID=216) to work on /home/airflow/.local/lib/python3.12/site-packages/airflow/example_dags/example_nested_branch_dag.py
[2024-10-31T11:47:26.701+0000] {processor.py:914} INFO - Processing file /home/airflow/.local/lib/python3.12/site-packages/airflow/example_dags/example_nested_branch_dag.py for tasks to queue
[2024-10-31T11:47:26.703+0000] {logging_mixin.py:190} INFO - [2024-10-31T11:47:26.702+0000] {dagbag.py:588} INFO - Filling up the DagBag from /home/airflow/.local/lib/python3.12/site-packages/airflow/example_dags/example_nested_branch_dag.py
[2024-10-31T11:47:26.709+0000] {processor.py:925} INFO - DAG(s) 'example_nested_branch_dag' retrieved from /home/airflow/.local/lib/python3.12/site-packages/airflow/example_dags/example_nested_branch_dag.py
[2024-10-31T11:47:26.730+0000] {logging_mixin.py:190} INFO - [2024-10-31T11:47:26.730+0000] {dag.py:3239} INFO - Sync 1 DAGs
[2024-10-31T11:47:26.745+0000] {logging_mixin.py:190} INFO - [2024-10-31T11:47:26.745+0000] {dag.py:4180} INFO - Setting next_dagrun for example_nested_branch_dag to 2024-10-30 00:00:00+00:00, run_after=2024-10-31 00:00:00+00:00
[2024-10-31T11:47:26.758+0000] {processor.py:208} INFO - Processing /home/airflow/.local/lib/python3.12/site-packages/airflow/example_dags/example_nested_branch_dag.py took 0.067 seconds
[2024-10-31T11:47:56.972+0000] {processor.py:186} INFO - Started process (PID=279) to work on /home/airflow/.local/lib/python3.12/site-packages/airflow/example_dags/example_nested_branch_dag.py
[2024-10-31T11:47:56.975+0000] {processor.py:914} INFO - Processing file /home/airflow/.local/lib/python3.12/site-packages/airflow/example_dags/example_nested_branch_dag.py for tasks to queue
[2024-10-31T11:47:56.976+0000] {logging_mixin.py:190} INFO - [2024-10-31T11:47:56.976+0000] {dagbag.py:588} INFO - Filling up the DagBag from /home/airflow/.local/lib/python3.12/site-packages/airflow/example_dags/example_nested_branch_dag.py
[2024-10-31T11:47:56.983+0000] {processor.py:925} INFO - DAG(s) 'example_nested_branch_dag' retrieved from /home/airflow/.local/lib/python3.12/site-packages/airflow/example_dags/example_nested_branch_dag.py
[2024-10-31T11:47:57.003+0000] {logging_mixin.py:190} INFO - [2024-10-31T11:47:57.003+0000] {dag.py:3239} INFO - Sync 1 DAGs
[2024-10-31T11:47:57.019+0000] {logging_mixin.py:190} INFO - [2024-10-31T11:47:57.019+0000] {dag.py:4180} INFO - Setting next_dagrun for example_nested_branch_dag to 2024-10-30 00:00:00+00:00, run_after=2024-10-31 00:00:00+00:00
[2024-10-31T11:47:57.039+0000] {processor.py:208} INFO - Processing /home/airflow/.local/lib/python3.12/site-packages/airflow/example_dags/example_nested_branch_dag.py took 0.071 seconds
[2024-10-31T11:48:28.212+0000] {processor.py:186} INFO - Started process (PID=344) to work on /home/airflow/.local/lib/python3.12/site-packages/airflow/example_dags/example_nested_branch_dag.py
[2024-10-31T11:48:28.214+0000] {processor.py:914} INFO - Processing file /home/airflow/.local/lib/python3.12/site-packages/airflow/example_dags/example_nested_branch_dag.py for tasks to queue
[2024-10-31T11:48:28.216+0000] {logging_mixin.py:190} INFO - [2024-10-31T11:48:28.215+0000] {dagbag.py:588} INFO - Filling up the DagBag from /home/airflow/.local/lib/python3.12/site-packages/airflow/example_dags/example_nested_branch_dag.py
[2024-10-31T11:48:28.224+0000] {processor.py:925} INFO - DAG(s) 'example_nested_branch_dag' retrieved from /home/airflow/.local/lib/python3.12/site-packages/airflow/example_dags/example_nested_branch_dag.py
[2024-10-31T11:48:28.238+0000] {logging_mixin.py:190} INFO - [2024-10-31T11:48:28.238+0000] {dag.py:3239} INFO - Sync 1 DAGs
[2024-10-31T11:48:28.254+0000] {logging_mixin.py:190} INFO - [2024-10-31T11:48:28.254+0000] {dag.py:4180} INFO - Setting next_dagrun for example_nested_branch_dag to 2024-10-30 00:00:00+00:00, run_after=2024-10-31 00:00:00+00:00
[2024-10-31T11:48:28.269+0000] {processor.py:208} INFO - Processing /home/airflow/.local/lib/python3.12/site-packages/airflow/example_dags/example_nested_branch_dag.py took 0.061 seconds
[2024-10-31T11:48:59.258+0000] {processor.py:186} INFO - Started process (PID=408) to work on /home/airflow/.local/lib/python3.12/site-packages/airflow/example_dags/example_nested_branch_dag.py
[2024-10-31T11:48:59.260+0000] {processor.py:914} INFO - Processing file /home/airflow/.local/lib/python3.12/site-packages/airflow/example_dags/example_nested_branch_dag.py for tasks to queue
[2024-10-31T11:48:59.261+0000] {logging_mixin.py:190} INFO - [2024-10-31T11:48:59.261+0000] {dagbag.py:588} INFO - Filling up the DagBag from /home/airflow/.local/lib/python3.12/site-packages/airflow/example_dags/example_nested_branch_dag.py
[2024-10-31T11:48:59.270+0000] {processor.py:925} INFO - DAG(s) 'example_nested_branch_dag' retrieved from /home/airflow/.local/lib/python3.12/site-packages/airflow/example_dags/example_nested_branch_dag.py
[2024-10-31T11:48:59.286+0000] {logging_mixin.py:190} INFO - [2024-10-31T11:48:59.286+0000] {dag.py:3239} INFO - Sync 1 DAGs
[2024-10-31T11:48:59.303+0000] {logging_mixin.py:190} INFO - [2024-10-31T11:48:59.303+0000] {dag.py:4180} INFO - Setting next_dagrun for example_nested_branch_dag to 2024-10-30 00:00:00+00:00, run_after=2024-10-31 00:00:00+00:00
[2024-10-31T11:48:59.324+0000] {processor.py:208} INFO - Processing /home/airflow/.local/lib/python3.12/site-packages/airflow/example_dags/example_nested_branch_dag.py took 0.071 seconds
[2024-10-31T11:49:30.329+0000] {processor.py:186} INFO - Started process (PID=472) to work on /home/airflow/.local/lib/python3.12/site-packages/airflow/example_dags/example_nested_branch_dag.py
[2024-10-31T11:49:30.331+0000] {processor.py:914} INFO - Processing file /home/airflow/.local/lib/python3.12/site-packages/airflow/example_dags/example_nested_branch_dag.py for tasks to queue
[2024-10-31T11:49:30.333+0000] {logging_mixin.py:190} INFO - [2024-10-31T11:49:30.332+0000] {dagbag.py:588} INFO - Filling up the DagBag from /home/airflow/.local/lib/python3.12/site-packages/airflow/example_dags/example_nested_branch_dag.py
[2024-10-31T11:49:30.340+0000] {processor.py:925} INFO - DAG(s) 'example_nested_branch_dag' retrieved from /home/airflow/.local/lib/python3.12/site-packages/airflow/example_dags/example_nested_branch_dag.py
[2024-10-31T11:49:30.354+0000] {logging_mixin.py:190} INFO - [2024-10-31T11:49:30.354+0000] {dag.py:3239} INFO - Sync 1 DAGs
[2024-10-31T11:49:30.371+0000] {logging_mixin.py:190} INFO - [2024-10-31T11:49:30.370+0000] {dag.py:4180} INFO - Setting next_dagrun for example_nested_branch_dag to 2024-10-30 00:00:00+00:00, run_after=2024-10-31 00:00:00+00:00
[2024-10-31T11:49:30.385+0000] {processor.py:208} INFO - Processing /home/airflow/.local/lib/python3.12/site-packages/airflow/example_dags/example_nested_branch_dag.py took 0.060 seconds
[2024-10-31T11:50:01.272+0000] {processor.py:186} INFO - Started process (PID=536) to work on /home/airflow/.local/lib/python3.12/site-packages/airflow/example_dags/example_nested_branch_dag.py
[2024-10-31T11:50:01.274+0000] {processor.py:914} INFO - Processing file /home/airflow/.local/lib/python3.12/site-packages/airflow/example_dags/example_nested_branch_dag.py for tasks to queue
[2024-10-31T11:50:01.275+0000] {logging_mixin.py:190} INFO - [2024-10-31T11:50:01.275+0000] {dagbag.py:588} INFO - Filling up the DagBag from /home/airflow/.local/lib/python3.12/site-packages/airflow/example_dags/example_nested_branch_dag.py
[2024-10-31T11:50:01.283+0000] {processor.py:925} INFO - DAG(s) 'example_nested_branch_dag' retrieved from /home/airflow/.local/lib/python3.12/site-packages/airflow/example_dags/example_nested_branch_dag.py
[2024-10-31T11:50:01.296+0000] {logging_mixin.py:190} INFO - [2024-10-31T11:50:01.296+0000] {dag.py:3239} INFO - Sync 1 DAGs
[2024-10-31T11:50:01.311+0000] {logging_mixin.py:190} INFO - [2024-10-31T11:50:01.311+0000] {dag.py:4180} INFO - Setting next_dagrun for example_nested_branch_dag to 2024-10-30 00:00:00+00:00, run_after=2024-10-31 00:00:00+00:00
[2024-10-31T11:50:01.323+0000] {processor.py:208} INFO - Processing /home/airflow/.local/lib/python3.12/site-packages/airflow/example_dags/example_nested_branch_dag.py took 0.055 seconds
[2024-10-31T11:50:32.626+0000] {processor.py:186} INFO - Started process (PID=600) to work on /home/airflow/.local/lib/python3.12/site-packages/airflow/example_dags/example_nested_branch_dag.py
[2024-10-31T11:50:32.631+0000] {processor.py:914} INFO - Processing file /home/airflow/.local/lib/python3.12/site-packages/airflow/example_dags/example_nested_branch_dag.py for tasks to queue
[2024-10-31T11:50:32.633+0000] {logging_mixin.py:190} INFO - [2024-10-31T11:50:32.633+0000] {dagbag.py:588} INFO - Filling up the DagBag from /home/airflow/.local/lib/python3.12/site-packages/airflow/example_dags/example_nested_branch_dag.py
[2024-10-31T11:50:32.643+0000] {processor.py:925} INFO - DAG(s) 'example_nested_branch_dag' retrieved from /home/airflow/.local/lib/python3.12/site-packages/airflow/example_dags/example_nested_branch_dag.py
[2024-10-31T11:50:32.663+0000] {logging_mixin.py:190} INFO - [2024-10-31T11:50:32.663+0000] {dag.py:3239} INFO - Sync 1 DAGs
[2024-10-31T11:50:32.682+0000] {logging_mixin.py:190} INFO - [2024-10-31T11:50:32.682+0000] {dag.py:4180} INFO - Setting next_dagrun for example_nested_branch_dag to 2024-10-30 00:00:00+00:00, run_after=2024-10-31 00:00:00+00:00
[2024-10-31T11:50:32.703+0000] {processor.py:208} INFO - Processing /home/airflow/.local/lib/python3.12/site-packages/airflow/example_dags/example_nested_branch_dag.py took 0.081 seconds
[2024-10-31T11:51:03.528+0000] {processor.py:186} INFO - Started process (PID=663) to work on /home/airflow/.local/lib/python3.12/site-packages/airflow/example_dags/example_nested_branch_dag.py
[2024-10-31T11:51:03.529+0000] {processor.py:914} INFO - Processing file /home/airflow/.local/lib/python3.12/site-packages/airflow/example_dags/example_nested_branch_dag.py for tasks to queue
[2024-10-31T11:51:03.531+0000] {logging_mixin.py:190} INFO - [2024-10-31T11:51:03.531+0000] {dagbag.py:588} INFO - Filling up the DagBag from /home/airflow/.local/lib/python3.12/site-packages/airflow/example_dags/example_nested_branch_dag.py
[2024-10-31T11:51:03.538+0000] {processor.py:925} INFO - DAG(s) 'example_nested_branch_dag' retrieved from /home/airflow/.local/lib/python3.12/site-packages/airflow/example_dags/example_nested_branch_dag.py
[2024-10-31T11:51:03.552+0000] {logging_mixin.py:190} INFO - [2024-10-31T11:51:03.551+0000] {dag.py:3239} INFO - Sync 1 DAGs
[2024-10-31T11:51:03.567+0000] {logging_mixin.py:190} INFO - [2024-10-31T11:51:03.567+0000] {dag.py:4180} INFO - Setting next_dagrun for example_nested_branch_dag to 2024-10-30 00:00:00+00:00, run_after=2024-10-31 00:00:00+00:00
[2024-10-31T11:51:03.582+0000] {processor.py:208} INFO - Processing /home/airflow/.local/lib/python3.12/site-packages/airflow/example_dags/example_nested_branch_dag.py took 0.058 seconds
[2024-10-31T11:51:34.744+0000] {processor.py:186} INFO - Started process (PID=727) to work on /home/airflow/.local/lib/python3.12/site-packages/airflow/example_dags/example_nested_branch_dag.py
[2024-10-31T11:51:34.747+0000] {processor.py:914} INFO - Processing file /home/airflow/.local/lib/python3.12/site-packages/airflow/example_dags/example_nested_branch_dag.py for tasks to queue
[2024-10-31T11:51:34.751+0000] {logging_mixin.py:190} INFO - [2024-10-31T11:51:34.751+0000] {dagbag.py:588} INFO - Filling up the DagBag from /home/airflow/.local/lib/python3.12/site-packages/airflow/example_dags/example_nested_branch_dag.py
[2024-10-31T11:51:34.763+0000] {processor.py:925} INFO - DAG(s) 'example_nested_branch_dag' retrieved from /home/airflow/.local/lib/python3.12/site-packages/airflow/example_dags/example_nested_branch_dag.py
[2024-10-31T11:51:34.778+0000] {logging_mixin.py:190} INFO - [2024-10-31T11:51:34.778+0000] {dag.py:3239} INFO - Sync 1 DAGs
[2024-10-31T11:51:34.793+0000] {logging_mixin.py:190} INFO - [2024-10-31T11:51:34.793+0000] {dag.py:4180} INFO - Setting next_dagrun for example_nested_branch_dag to 2024-10-30 00:00:00+00:00, run_after=2024-10-31 00:00:00+00:00
[2024-10-31T11:51:34.813+0000] {processor.py:208} INFO - Processing /home/airflow/.local/lib/python3.12/site-packages/airflow/example_dags/example_nested_branch_dag.py took 0.074 seconds
[2024-10-31T11:52:05.858+0000] {processor.py:186} INFO - Started process (PID=791) to work on /home/airflow/.local/lib/python3.12/site-packages/airflow/example_dags/example_nested_branch_dag.py
[2024-10-31T11:52:05.860+0000] {processor.py:914} INFO - Processing file /home/airflow/.local/lib/python3.12/site-packages/airflow/example_dags/example_nested_branch_dag.py for tasks to queue
[2024-10-31T11:52:05.862+0000] {logging_mixin.py:190} INFO - [2024-10-31T11:52:05.862+0000] {dagbag.py:588} INFO - Filling up the DagBag from /home/airflow/.local/lib/python3.12/site-packages/airflow/example_dags/example_nested_branch_dag.py
[2024-10-31T11:52:05.870+0000] {processor.py:925} INFO - DAG(s) 'example_nested_branch_dag' retrieved from /home/airflow/.local/lib/python3.12/site-packages/airflow/example_dags/example_nested_branch_dag.py
[2024-10-31T11:52:05.883+0000] {logging_mixin.py:190} INFO - [2024-10-31T11:52:05.883+0000] {dag.py:3239} INFO - Sync 1 DAGs
[2024-10-31T11:52:05.898+0000] {logging_mixin.py:190} INFO - [2024-10-31T11:52:05.898+0000] {dag.py:4180} INFO - Setting next_dagrun for example_nested_branch_dag to 2024-10-30 00:00:00+00:00, run_after=2024-10-31 00:00:00+00:00
[2024-10-31T11:52:05.911+0000] {processor.py:208} INFO - Processing /home/airflow/.local/lib/python3.12/site-packages/airflow/example_dags/example_nested_branch_dag.py took 0.057 seconds
[2024-10-31T11:52:47.536+0000] {processor.py:186} INFO - Started process (PID=74) to work on /home/airflow/.local/lib/python3.12/site-packages/airflow/example_dags/example_nested_branch_dag.py
[2024-10-31T11:52:47.537+0000] {processor.py:914} INFO - Processing file /home/airflow/.local/lib/python3.12/site-packages/airflow/example_dags/example_nested_branch_dag.py for tasks to queue
[2024-10-31T11:52:47.538+0000] {logging_mixin.py:190} INFO - [2024-10-31T11:52:47.538+0000] {dagbag.py:588} INFO - Filling up the DagBag from /home/airflow/.local/lib/python3.12/site-packages/airflow/example_dags/example_nested_branch_dag.py
[2024-10-31T11:52:47.546+0000] {processor.py:925} INFO - DAG(s) 'example_nested_branch_dag' retrieved from /home/airflow/.local/lib/python3.12/site-packages/airflow/example_dags/example_nested_branch_dag.py
[2024-10-31T11:52:47.560+0000] {logging_mixin.py:190} INFO - [2024-10-31T11:52:47.560+0000] {dag.py:3239} INFO - Sync 1 DAGs
[2024-10-31T11:52:47.575+0000] {logging_mixin.py:190} INFO - [2024-10-31T11:52:47.575+0000] {dag.py:4180} INFO - Setting next_dagrun for example_nested_branch_dag to 2024-10-30 00:00:00+00:00, run_after=2024-10-31 00:00:00+00:00
[2024-10-31T11:52:47.586+0000] {processor.py:208} INFO - Processing /home/airflow/.local/lib/python3.12/site-packages/airflow/example_dags/example_nested_branch_dag.py took 0.054 seconds
[2024-10-31T11:53:18.534+0000] {processor.py:186} INFO - Started process (PID=143) to work on /home/airflow/.local/lib/python3.12/site-packages/airflow/example_dags/example_nested_branch_dag.py
[2024-10-31T11:53:18.535+0000] {processor.py:914} INFO - Processing file /home/airflow/.local/lib/python3.12/site-packages/airflow/example_dags/example_nested_branch_dag.py for tasks to queue
[2024-10-31T11:53:18.537+0000] {logging_mixin.py:190} INFO - [2024-10-31T11:53:18.536+0000] {dagbag.py:588} INFO - Filling up the DagBag from /home/airflow/.local/lib/python3.12/site-packages/airflow/example_dags/example_nested_branch_dag.py
[2024-10-31T11:53:18.545+0000] {processor.py:925} INFO - DAG(s) 'example_nested_branch_dag' retrieved from /home/airflow/.local/lib/python3.12/site-packages/airflow/example_dags/example_nested_branch_dag.py
[2024-10-31T11:53:18.561+0000] {logging_mixin.py:190} INFO - [2024-10-31T11:53:18.561+0000] {dag.py:3239} INFO - Sync 1 DAGs
[2024-10-31T11:53:18.578+0000] {logging_mixin.py:190} INFO - [2024-10-31T11:53:18.578+0000] {dag.py:4180} INFO - Setting next_dagrun for example_nested_branch_dag to 2024-10-30 00:00:00+00:00, run_after=2024-10-31 00:00:00+00:00
[2024-10-31T11:53:18.591+0000] {processor.py:208} INFO - Processing /home/airflow/.local/lib/python3.12/site-packages/airflow/example_dags/example_nested_branch_dag.py took 0.061 seconds
[2024-10-31T11:53:49.108+0000] {processor.py:186} INFO - Started process (PID=207) to work on /home/airflow/.local/lib/python3.12/site-packages/airflow/example_dags/example_nested_branch_dag.py
[2024-10-31T11:53:49.109+0000] {processor.py:914} INFO - Processing file /home/airflow/.local/lib/python3.12/site-packages/airflow/example_dags/example_nested_branch_dag.py for tasks to queue
[2024-10-31T11:53:49.111+0000] {logging_mixin.py:190} INFO - [2024-10-31T11:53:49.110+0000] {dagbag.py:588} INFO - Filling up the DagBag from /home/airflow/.local/lib/python3.12/site-packages/airflow/example_dags/example_nested_branch_dag.py
[2024-10-31T11:53:49.118+0000] {processor.py:925} INFO - DAG(s) 'example_nested_branch_dag' retrieved from /home/airflow/.local/lib/python3.12/site-packages/airflow/example_dags/example_nested_branch_dag.py
[2024-10-31T11:53:49.137+0000] {logging_mixin.py:190} INFO - [2024-10-31T11:53:49.137+0000] {dag.py:3239} INFO - Sync 1 DAGs
[2024-10-31T11:53:49.154+0000] {logging_mixin.py:190} INFO - [2024-10-31T11:53:49.154+0000] {dag.py:4180} INFO - Setting next_dagrun for example_nested_branch_dag to 2024-10-30 00:00:00+00:00, run_after=2024-10-31 00:00:00+00:00
[2024-10-31T11:53:49.173+0000] {processor.py:208} INFO - Processing /home/airflow/.local/lib/python3.12/site-packages/airflow/example_dags/example_nested_branch_dag.py took 0.070 seconds
[2024-10-31T11:54:19.330+0000] {processor.py:186} INFO - Started process (PID=271) to work on /home/airflow/.local/lib/python3.12/site-packages/airflow/example_dags/example_nested_branch_dag.py
[2024-10-31T11:54:19.333+0000] {processor.py:914} INFO - Processing file /home/airflow/.local/lib/python3.12/site-packages/airflow/example_dags/example_nested_branch_dag.py for tasks to queue
[2024-10-31T11:54:19.340+0000] {logging_mixin.py:190} INFO - [2024-10-31T11:54:19.340+0000] {dagbag.py:588} INFO - Filling up the DagBag from /home/airflow/.local/lib/python3.12/site-packages/airflow/example_dags/example_nested_branch_dag.py
[2024-10-31T11:54:19.351+0000] {processor.py:925} INFO - DAG(s) 'example_nested_branch_dag' retrieved from /home/airflow/.local/lib/python3.12/site-packages/airflow/example_dags/example_nested_branch_dag.py
[2024-10-31T11:54:19.370+0000] {logging_mixin.py:190} INFO - [2024-10-31T11:54:19.370+0000] {dag.py:3239} INFO - Sync 1 DAGs
[2024-10-31T11:54:19.388+0000] {logging_mixin.py:190} INFO - [2024-10-31T11:54:19.388+0000] {dag.py:4180} INFO - Setting next_dagrun for example_nested_branch_dag to 2024-10-30 00:00:00+00:00, run_after=2024-10-31 00:00:00+00:00
[2024-10-31T11:54:19.401+0000] {processor.py:208} INFO - Processing /home/airflow/.local/lib/python3.12/site-packages/airflow/example_dags/example_nested_branch_dag.py took 0.076 seconds
[2024-10-31T11:54:49.704+0000] {processor.py:186} INFO - Started process (PID=333) to work on /home/airflow/.local/lib/python3.12/site-packages/airflow/example_dags/example_nested_branch_dag.py
[2024-10-31T11:54:49.705+0000] {processor.py:914} INFO - Processing file /home/airflow/.local/lib/python3.12/site-packages/airflow/example_dags/example_nested_branch_dag.py for tasks to queue
[2024-10-31T11:54:49.706+0000] {logging_mixin.py:190} INFO - [2024-10-31T11:54:49.706+0000] {dagbag.py:588} INFO - Filling up the DagBag from /home/airflow/.local/lib/python3.12/site-packages/airflow/example_dags/example_nested_branch_dag.py
[2024-10-31T11:54:49.714+0000] {processor.py:925} INFO - DAG(s) 'example_nested_branch_dag' retrieved from /home/airflow/.local/lib/python3.12/site-packages/airflow/example_dags/example_nested_branch_dag.py
[2024-10-31T11:54:49.739+0000] {logging_mixin.py:190} INFO - [2024-10-31T11:54:49.739+0000] {dag.py:3239} INFO - Sync 1 DAGs
[2024-10-31T11:54:49.763+0000] {logging_mixin.py:190} INFO - [2024-10-31T11:54:49.763+0000] {dag.py:4180} INFO - Setting next_dagrun for example_nested_branch_dag to 2024-10-30 00:00:00+00:00, run_after=2024-10-31 00:00:00+00:00
[2024-10-31T11:54:49.778+0000] {processor.py:208} INFO - Processing /home/airflow/.local/lib/python3.12/site-packages/airflow/example_dags/example_nested_branch_dag.py took 0.078 seconds
[2024-10-31T11:55:19.855+0000] {processor.py:186} INFO - Started process (PID=397) to work on /home/airflow/.local/lib/python3.12/site-packages/airflow/example_dags/example_nested_branch_dag.py
[2024-10-31T11:55:19.857+0000] {processor.py:914} INFO - Processing file /home/airflow/.local/lib/python3.12/site-packages/airflow/example_dags/example_nested_branch_dag.py for tasks to queue
[2024-10-31T11:55:19.859+0000] {logging_mixin.py:190} INFO - [2024-10-31T11:55:19.859+0000] {dagbag.py:588} INFO - Filling up the DagBag from /home/airflow/.local/lib/python3.12/site-packages/airflow/example_dags/example_nested_branch_dag.py
[2024-10-31T11:55:19.869+0000] {processor.py:925} INFO - DAG(s) 'example_nested_branch_dag' retrieved from /home/airflow/.local/lib/python3.12/site-packages/airflow/example_dags/example_nested_branch_dag.py
[2024-10-31T11:55:19.889+0000] {logging_mixin.py:190} INFO - [2024-10-31T11:55:19.889+0000] {dag.py:3239} INFO - Sync 1 DAGs
[2024-10-31T11:55:19.906+0000] {logging_mixin.py:190} INFO - [2024-10-31T11:55:19.906+0000] {dag.py:4180} INFO - Setting next_dagrun for example_nested_branch_dag to 2024-10-30 00:00:00+00:00, run_after=2024-10-31 00:00:00+00:00
[2024-10-31T11:55:19.921+0000] {processor.py:208} INFO - Processing /home/airflow/.local/lib/python3.12/site-packages/airflow/example_dags/example_nested_branch_dag.py took 0.071 seconds
[2024-10-31T11:55:50.208+0000] {processor.py:186} INFO - Started process (PID=462) to work on /home/airflow/.local/lib/python3.12/site-packages/airflow/example_dags/example_nested_branch_dag.py
[2024-10-31T11:55:50.209+0000] {processor.py:914} INFO - Processing file /home/airflow/.local/lib/python3.12/site-packages/airflow/example_dags/example_nested_branch_dag.py for tasks to queue
[2024-10-31T11:55:50.211+0000] {logging_mixin.py:190} INFO - [2024-10-31T11:55:50.211+0000] {dagbag.py:588} INFO - Filling up the DagBag from /home/airflow/.local/lib/python3.12/site-packages/airflow/example_dags/example_nested_branch_dag.py
[2024-10-31T11:55:50.218+0000] {processor.py:925} INFO - DAG(s) 'example_nested_branch_dag' retrieved from /home/airflow/.local/lib/python3.12/site-packages/airflow/example_dags/example_nested_branch_dag.py
[2024-10-31T11:55:50.232+0000] {logging_mixin.py:190} INFO - [2024-10-31T11:55:50.231+0000] {dag.py:3239} INFO - Sync 1 DAGs
[2024-10-31T11:55:50.246+0000] {logging_mixin.py:190} INFO - [2024-10-31T11:55:50.245+0000] {dag.py:4180} INFO - Setting next_dagrun for example_nested_branch_dag to 2024-10-30 00:00:00+00:00, run_after=2024-10-31 00:00:00+00:00
[2024-10-31T11:55:50.256+0000] {processor.py:208} INFO - Processing /home/airflow/.local/lib/python3.12/site-packages/airflow/example_dags/example_nested_branch_dag.py took 0.052 seconds
[2024-10-31T11:56:20.640+0000] {processor.py:186} INFO - Started process (PID=526) to work on /home/airflow/.local/lib/python3.12/site-packages/airflow/example_dags/example_nested_branch_dag.py
[2024-10-31T11:56:20.644+0000] {processor.py:914} INFO - Processing file /home/airflow/.local/lib/python3.12/site-packages/airflow/example_dags/example_nested_branch_dag.py for tasks to queue
[2024-10-31T11:56:20.646+0000] {logging_mixin.py:190} INFO - [2024-10-31T11:56:20.646+0000] {dagbag.py:588} INFO - Filling up the DagBag from /home/airflow/.local/lib/python3.12/site-packages/airflow/example_dags/example_nested_branch_dag.py
[2024-10-31T11:56:20.654+0000] {processor.py:925} INFO - DAG(s) 'example_nested_branch_dag' retrieved from /home/airflow/.local/lib/python3.12/site-packages/airflow/example_dags/example_nested_branch_dag.py
[2024-10-31T11:56:20.669+0000] {logging_mixin.py:190} INFO - [2024-10-31T11:56:20.669+0000] {dag.py:3239} INFO - Sync 1 DAGs
[2024-10-31T11:56:20.685+0000] {logging_mixin.py:190} INFO - [2024-10-31T11:56:20.685+0000] {dag.py:4180} INFO - Setting next_dagrun for example_nested_branch_dag to 2024-10-30 00:00:00+00:00, run_after=2024-10-31 00:00:00+00:00
[2024-10-31T11:56:20.701+0000] {processor.py:208} INFO - Processing /home/airflow/.local/lib/python3.12/site-packages/airflow/example_dags/example_nested_branch_dag.py took 0.065 seconds
[2024-10-31T11:56:50.743+0000] {processor.py:186} INFO - Started process (PID=590) to work on /home/airflow/.local/lib/python3.12/site-packages/airflow/example_dags/example_nested_branch_dag.py
[2024-10-31T11:56:50.746+0000] {processor.py:914} INFO - Processing file /home/airflow/.local/lib/python3.12/site-packages/airflow/example_dags/example_nested_branch_dag.py for tasks to queue
[2024-10-31T11:56:50.750+0000] {logging_mixin.py:190} INFO - [2024-10-31T11:56:50.750+0000] {dagbag.py:588} INFO - Filling up the DagBag from /home/airflow/.local/lib/python3.12/site-packages/airflow/example_dags/example_nested_branch_dag.py
[2024-10-31T11:56:50.759+0000] {processor.py:925} INFO - DAG(s) 'example_nested_branch_dag' retrieved from /home/airflow/.local/lib/python3.12/site-packages/airflow/example_dags/example_nested_branch_dag.py
[2024-10-31T11:56:50.777+0000] {logging_mixin.py:190} INFO - [2024-10-31T11:56:50.777+0000] {dag.py:3239} INFO - Sync 1 DAGs
[2024-10-31T11:56:50.792+0000] {logging_mixin.py:190} INFO - [2024-10-31T11:56:50.792+0000] {dag.py:4180} INFO - Setting next_dagrun for example_nested_branch_dag to 2024-10-30 00:00:00+00:00, run_after=2024-10-31 00:00:00+00:00
[2024-10-31T11:56:50.804+0000] {processor.py:208} INFO - Processing /home/airflow/.local/lib/python3.12/site-packages/airflow/example_dags/example_nested_branch_dag.py took 0.065 seconds
[2024-10-31T11:57:21.148+0000] {processor.py:186} INFO - Started process (PID=654) to work on /home/airflow/.local/lib/python3.12/site-packages/airflow/example_dags/example_nested_branch_dag.py
[2024-10-31T11:57:21.149+0000] {processor.py:914} INFO - Processing file /home/airflow/.local/lib/python3.12/site-packages/airflow/example_dags/example_nested_branch_dag.py for tasks to queue
[2024-10-31T11:57:21.151+0000] {logging_mixin.py:190} INFO - [2024-10-31T11:57:21.150+0000] {dagbag.py:588} INFO - Filling up the DagBag from /home/airflow/.local/lib/python3.12/site-packages/airflow/example_dags/example_nested_branch_dag.py
[2024-10-31T11:57:21.158+0000] {processor.py:925} INFO - DAG(s) 'example_nested_branch_dag' retrieved from /home/airflow/.local/lib/python3.12/site-packages/airflow/example_dags/example_nested_branch_dag.py
[2024-10-31T11:57:21.176+0000] {logging_mixin.py:190} INFO - [2024-10-31T11:57:21.176+0000] {dag.py:3239} INFO - Sync 1 DAGs
[2024-10-31T11:57:21.199+0000] {logging_mixin.py:190} INFO - [2024-10-31T11:57:21.199+0000] {dag.py:4180} INFO - Setting next_dagrun for example_nested_branch_dag to 2024-10-30 00:00:00+00:00, run_after=2024-10-31 00:00:00+00:00
[2024-10-31T11:57:21.217+0000] {processor.py:208} INFO - Processing /home/airflow/.local/lib/python3.12/site-packages/airflow/example_dags/example_nested_branch_dag.py took 0.073 seconds
[2024-10-31T11:57:51.559+0000] {processor.py:186} INFO - Started process (PID=717) to work on /home/airflow/.local/lib/python3.12/site-packages/airflow/example_dags/example_nested_branch_dag.py
[2024-10-31T11:57:51.561+0000] {processor.py:914} INFO - Processing file /home/airflow/.local/lib/python3.12/site-packages/airflow/example_dags/example_nested_branch_dag.py for tasks to queue
[2024-10-31T11:57:51.562+0000] {logging_mixin.py:190} INFO - [2024-10-31T11:57:51.562+0000] {dagbag.py:588} INFO - Filling up the DagBag from /home/airflow/.local/lib/python3.12/site-packages/airflow/example_dags/example_nested_branch_dag.py
[2024-10-31T11:57:51.575+0000] {processor.py:925} INFO - DAG(s) 'example_nested_branch_dag' retrieved from /home/airflow/.local/lib/python3.12/site-packages/airflow/example_dags/example_nested_branch_dag.py
[2024-10-31T11:57:51.594+0000] {logging_mixin.py:190} INFO - [2024-10-31T11:57:51.594+0000] {dag.py:3239} INFO - Sync 1 DAGs
[2024-10-31T11:57:51.611+0000] {logging_mixin.py:190} INFO - [2024-10-31T11:57:51.611+0000] {dag.py:4180} INFO - Setting next_dagrun for example_nested_branch_dag to 2024-10-30 00:00:00+00:00, run_after=2024-10-31 00:00:00+00:00
[2024-10-31T11:57:51.625+0000] {processor.py:208} INFO - Processing /home/airflow/.local/lib/python3.12/site-packages/airflow/example_dags/example_nested_branch_dag.py took 0.070 seconds
[2024-10-31T11:58:21.700+0000] {processor.py:186} INFO - Started process (PID=781) to work on /home/airflow/.local/lib/python3.12/site-packages/airflow/example_dags/example_nested_branch_dag.py
[2024-10-31T11:58:21.703+0000] {processor.py:914} INFO - Processing file /home/airflow/.local/lib/python3.12/site-packages/airflow/example_dags/example_nested_branch_dag.py for tasks to queue
[2024-10-31T11:58:21.704+0000] {logging_mixin.py:190} INFO - [2024-10-31T11:58:21.704+0000] {dagbag.py:588} INFO - Filling up the DagBag from /home/airflow/.local/lib/python3.12/site-packages/airflow/example_dags/example_nested_branch_dag.py
[2024-10-31T11:58:21.713+0000] {processor.py:925} INFO - DAG(s) 'example_nested_branch_dag' retrieved from /home/airflow/.local/lib/python3.12/site-packages/airflow/example_dags/example_nested_branch_dag.py
[2024-10-31T11:58:21.729+0000] {logging_mixin.py:190} INFO - [2024-10-31T11:58:21.729+0000] {dag.py:3239} INFO - Sync 1 DAGs
[2024-10-31T11:58:21.744+0000] {logging_mixin.py:190} INFO - [2024-10-31T11:58:21.744+0000] {dag.py:4180} INFO - Setting next_dagrun for example_nested_branch_dag to 2024-10-30 00:00:00+00:00, run_after=2024-10-31 00:00:00+00:00
[2024-10-31T11:58:21.753+0000] {processor.py:208} INFO - Processing /home/airflow/.local/lib/python3.12/site-packages/airflow/example_dags/example_nested_branch_dag.py took 0.058 seconds
[2024-10-31T11:58:52.993+0000] {processor.py:186} INFO - Started process (PID=845) to work on /home/airflow/.local/lib/python3.12/site-packages/airflow/example_dags/example_nested_branch_dag.py
[2024-10-31T11:58:52.994+0000] {processor.py:914} INFO - Processing file /home/airflow/.local/lib/python3.12/site-packages/airflow/example_dags/example_nested_branch_dag.py for tasks to queue
[2024-10-31T11:58:52.996+0000] {logging_mixin.py:190} INFO - [2024-10-31T11:58:52.996+0000] {dagbag.py:588} INFO - Filling up the DagBag from /home/airflow/.local/lib/python3.12/site-packages/airflow/example_dags/example_nested_branch_dag.py
[2024-10-31T11:58:53.004+0000] {processor.py:925} INFO - DAG(s) 'example_nested_branch_dag' retrieved from /home/airflow/.local/lib/python3.12/site-packages/airflow/example_dags/example_nested_branch_dag.py
[2024-10-31T11:58:53.019+0000] {logging_mixin.py:190} INFO - [2024-10-31T11:58:53.019+0000] {dag.py:3239} INFO - Sync 1 DAGs
[2024-10-31T11:58:53.039+0000] {logging_mixin.py:190} INFO - [2024-10-31T11:58:53.039+0000] {dag.py:4180} INFO - Setting next_dagrun for example_nested_branch_dag to 2024-10-30 00:00:00+00:00, run_after=2024-10-31 00:00:00+00:00
[2024-10-31T11:58:53.057+0000] {processor.py:208} INFO - Processing /home/airflow/.local/lib/python3.12/site-packages/airflow/example_dags/example_nested_branch_dag.py took 0.068 seconds
[2024-10-31T11:59:23.253+0000] {processor.py:186} INFO - Started process (PID=908) to work on /home/airflow/.local/lib/python3.12/site-packages/airflow/example_dags/example_nested_branch_dag.py
[2024-10-31T11:59:23.254+0000] {processor.py:914} INFO - Processing file /home/airflow/.local/lib/python3.12/site-packages/airflow/example_dags/example_nested_branch_dag.py for tasks to queue
[2024-10-31T11:59:23.256+0000] {logging_mixin.py:190} INFO - [2024-10-31T11:59:23.255+0000] {dagbag.py:588} INFO - Filling up the DagBag from /home/airflow/.local/lib/python3.12/site-packages/airflow/example_dags/example_nested_branch_dag.py
[2024-10-31T11:59:23.263+0000] {processor.py:925} INFO - DAG(s) 'example_nested_branch_dag' retrieved from /home/airflow/.local/lib/python3.12/site-packages/airflow/example_dags/example_nested_branch_dag.py
[2024-10-31T11:59:23.281+0000] {logging_mixin.py:190} INFO - [2024-10-31T11:59:23.280+0000] {dag.py:3239} INFO - Sync 1 DAGs
[2024-10-31T11:59:23.297+0000] {logging_mixin.py:190} INFO - [2024-10-31T11:59:23.297+0000] {dag.py:4180} INFO - Setting next_dagrun for example_nested_branch_dag to 2024-10-30 00:00:00+00:00, run_after=2024-10-31 00:00:00+00:00
[2024-10-31T11:59:23.315+0000] {processor.py:208} INFO - Processing /home/airflow/.local/lib/python3.12/site-packages/airflow/example_dags/example_nested_branch_dag.py took 0.067 seconds
[2024-10-31T11:59:54.056+0000] {processor.py:186} INFO - Started process (PID=973) to work on /home/airflow/.local/lib/python3.12/site-packages/airflow/example_dags/example_nested_branch_dag.py
[2024-10-31T11:59:54.057+0000] {processor.py:914} INFO - Processing file /home/airflow/.local/lib/python3.12/site-packages/airflow/example_dags/example_nested_branch_dag.py for tasks to queue
[2024-10-31T11:59:54.059+0000] {logging_mixin.py:190} INFO - [2024-10-31T11:59:54.058+0000] {dagbag.py:588} INFO - Filling up the DagBag from /home/airflow/.local/lib/python3.12/site-packages/airflow/example_dags/example_nested_branch_dag.py
[2024-10-31T11:59:54.068+0000] {processor.py:925} INFO - DAG(s) 'example_nested_branch_dag' retrieved from /home/airflow/.local/lib/python3.12/site-packages/airflow/example_dags/example_nested_branch_dag.py
[2024-10-31T11:59:54.089+0000] {logging_mixin.py:190} INFO - [2024-10-31T11:59:54.088+0000] {dag.py:3239} INFO - Sync 1 DAGs
[2024-10-31T11:59:54.104+0000] {logging_mixin.py:190} INFO - [2024-10-31T11:59:54.104+0000] {dag.py:4180} INFO - Setting next_dagrun for example_nested_branch_dag to 2024-10-30 00:00:00+00:00, run_after=2024-10-31 00:00:00+00:00
[2024-10-31T11:59:54.123+0000] {processor.py:208} INFO - Processing /home/airflow/.local/lib/python3.12/site-packages/airflow/example_dags/example_nested_branch_dag.py took 0.071 seconds
[2024-10-31T12:00:24.549+0000] {processor.py:186} INFO - Started process (PID=1036) to work on /home/airflow/.local/lib/python3.12/site-packages/airflow/example_dags/example_nested_branch_dag.py
[2024-10-31T12:00:24.550+0000] {processor.py:914} INFO - Processing file /home/airflow/.local/lib/python3.12/site-packages/airflow/example_dags/example_nested_branch_dag.py for tasks to queue
[2024-10-31T12:00:24.552+0000] {logging_mixin.py:190} INFO - [2024-10-31T12:00:24.551+0000] {dagbag.py:588} INFO - Filling up the DagBag from /home/airflow/.local/lib/python3.12/site-packages/airflow/example_dags/example_nested_branch_dag.py
[2024-10-31T12:00:24.560+0000] {processor.py:925} INFO - DAG(s) 'example_nested_branch_dag' retrieved from /home/airflow/.local/lib/python3.12/site-packages/airflow/example_dags/example_nested_branch_dag.py
[2024-10-31T12:00:24.576+0000] {logging_mixin.py:190} INFO - [2024-10-31T12:00:24.576+0000] {dag.py:3239} INFO - Sync 1 DAGs
[2024-10-31T12:00:24.593+0000] {logging_mixin.py:190} INFO - [2024-10-31T12:00:24.593+0000] {dag.py:4180} INFO - Setting next_dagrun for example_nested_branch_dag to 2024-10-30 00:00:00+00:00, run_after=2024-10-31 00:00:00+00:00
[2024-10-31T12:00:24.607+0000] {processor.py:208} INFO - Processing /home/airflow/.local/lib/python3.12/site-packages/airflow/example_dags/example_nested_branch_dag.py took 0.063 seconds
[2024-10-31T12:42:18.891+0000] {processor.py:186} INFO - Started process (PID=82) to work on /home/airflow/.local/lib/python3.12/site-packages/airflow/example_dags/example_nested_branch_dag.py
[2024-10-31T12:42:18.892+0000] {processor.py:914} INFO - Processing file /home/airflow/.local/lib/python3.12/site-packages/airflow/example_dags/example_nested_branch_dag.py for tasks to queue
[2024-10-31T12:42:18.894+0000] {logging_mixin.py:190} INFO - [2024-10-31T12:42:18.894+0000] {dagbag.py:588} INFO - Filling up the DagBag from /home/airflow/.local/lib/python3.12/site-packages/airflow/example_dags/example_nested_branch_dag.py
[2024-10-31T12:42:18.903+0000] {processor.py:925} INFO - DAG(s) 'example_nested_branch_dag' retrieved from /home/airflow/.local/lib/python3.12/site-packages/airflow/example_dags/example_nested_branch_dag.py
[2024-10-31T12:42:18.973+0000] {logging_mixin.py:190} INFO - [2024-10-31T12:42:18.973+0000] {override.py:1900} INFO - Created Permission View: can read on DAG:example_nested_branch_dag
[2024-10-31T12:42:18.981+0000] {logging_mixin.py:190} INFO - [2024-10-31T12:42:18.980+0000] {override.py:1900} INFO - Created Permission View: can delete on DAG:example_nested_branch_dag
[2024-10-31T12:42:18.986+0000] {logging_mixin.py:190} INFO - [2024-10-31T12:42:18.985+0000] {override.py:1900} INFO - Created Permission View: can edit on DAG:example_nested_branch_dag
[2024-10-31T12:42:18.991+0000] {logging_mixin.py:190} INFO - [2024-10-31T12:42:18.991+0000] {override.py:1900} INFO - Created Permission View: menu access on DAG Run:example_nested_branch_dag
[2024-10-31T12:42:18.996+0000] {logging_mixin.py:190} INFO - [2024-10-31T12:42:18.996+0000] {override.py:1900} INFO - Created Permission View: can read on DAG Run:example_nested_branch_dag
[2024-10-31T12:42:19.001+0000] {logging_mixin.py:190} INFO - [2024-10-31T12:42:19.001+0000] {override.py:1900} INFO - Created Permission View: can delete on DAG Run:example_nested_branch_dag
[2024-10-31T12:42:19.004+0000] {logging_mixin.py:190} INFO - [2024-10-31T12:42:19.004+0000] {override.py:1900} INFO - Created Permission View: can create on DAG Run:example_nested_branch_dag
[2024-10-31T12:42:19.005+0000] {logging_mixin.py:190} INFO - [2024-10-31T12:42:19.005+0000] {dag.py:3239} INFO - Sync 1 DAGs
[2024-10-31T12:42:19.013+0000] {logging_mixin.py:190} INFO - [2024-10-31T12:42:19.013+0000] {dag.py:3262} INFO - Creating ORM DAG for example_nested_branch_dag
[2024-10-31T12:42:19.020+0000] {logging_mixin.py:190} INFO - [2024-10-31T12:42:19.020+0000] {dag.py:4180} INFO - Setting next_dagrun for example_nested_branch_dag to 2024-10-30 00:00:00+00:00, run_after=2024-10-31 00:00:00+00:00
[2024-10-31T12:42:19.033+0000] {processor.py:208} INFO - Processing /home/airflow/.local/lib/python3.12/site-packages/airflow/example_dags/example_nested_branch_dag.py took 0.146 seconds
