[2024-10-31T11:46:27.457+0000] {processor.py:186} INFO - Started process (PID=104) to work on /home/airflow/.local/lib/python3.12/site-packages/airflow/example_dags/example_complex.py
[2024-10-31T11:46:27.459+0000] {processor.py:914} INFO - Processing file /home/airflow/.local/lib/python3.12/site-packages/airflow/example_dags/example_complex.py for tasks to queue
[2024-10-31T11:46:27.460+0000] {logging_mixin.py:190} INFO - [2024-10-31T11:46:27.460+0000] {dagbag.py:588} INFO - Filling up the DagBag from /home/airflow/.local/lib/python3.12/site-packages/airflow/example_dags/example_complex.py
[2024-10-31T11:46:27.471+0000] {processor.py:925} INFO - DAG(s) 'example_complex' retrieved from /home/airflow/.local/lib/python3.12/site-packages/airflow/example_dags/example_complex.py
[2024-10-31T11:46:27.573+0000] {logging_mixin.py:190} INFO - [2024-10-31T11:46:27.572+0000] {override.py:1900} INFO - Created Permission View: can delete on DAG:example_complex
[2024-10-31T11:46:27.581+0000] {logging_mixin.py:190} INFO - [2024-10-31T11:46:27.581+0000] {override.py:1900} INFO - Created Permission View: can read on DAG:example_complex
[2024-10-31T11:46:27.585+0000] {logging_mixin.py:190} INFO - [2024-10-31T11:46:27.584+0000] {override.py:1900} INFO - Created Permission View: can edit on DAG:example_complex
[2024-10-31T11:46:27.588+0000] {logging_mixin.py:190} INFO - [2024-10-31T11:46:27.588+0000] {override.py:1900} INFO - Created Permission View: can delete on DAG Run:example_complex
[2024-10-31T11:46:27.592+0000] {logging_mixin.py:190} INFO - [2024-10-31T11:46:27.591+0000] {override.py:1900} INFO - Created Permission View: can read on DAG Run:example_complex
[2024-10-31T11:46:27.605+0000] {logging_mixin.py:190} INFO - [2024-10-31T11:46:27.605+0000] {override.py:1900} INFO - Created Permission View: can create on DAG Run:example_complex
[2024-10-31T11:46:27.609+0000] {logging_mixin.py:190} INFO - [2024-10-31T11:46:27.609+0000] {override.py:1900} INFO - Created Permission View: menu access on DAG Run:example_complex
[2024-10-31T11:46:27.610+0000] {logging_mixin.py:190} INFO - [2024-10-31T11:46:27.610+0000] {dag.py:3239} INFO - Sync 1 DAGs
[2024-10-31T11:46:27.617+0000] {logging_mixin.py:190} INFO - [2024-10-31T11:46:27.617+0000] {dag.py:3262} INFO - Creating ORM DAG for example_complex
[2024-10-31T11:46:27.617+0000] {logging_mixin.py:190} INFO - [2024-10-31T11:46:27.617+0000] {dag.py:4180} INFO - Setting next_dagrun for example_complex to None, run_after=None
[2024-10-31T11:46:27.638+0000] {processor.py:208} INFO - Processing /home/airflow/.local/lib/python3.12/site-packages/airflow/example_dags/example_complex.py took 0.188 seconds
[2024-10-31T11:46:58.339+0000] {processor.py:186} INFO - Started process (PID=168) to work on /home/airflow/.local/lib/python3.12/site-packages/airflow/example_dags/example_complex.py
[2024-10-31T11:46:58.340+0000] {processor.py:914} INFO - Processing file /home/airflow/.local/lib/python3.12/site-packages/airflow/example_dags/example_complex.py for tasks to queue
[2024-10-31T11:46:58.342+0000] {logging_mixin.py:190} INFO - [2024-10-31T11:46:58.342+0000] {dagbag.py:588} INFO - Filling up the DagBag from /home/airflow/.local/lib/python3.12/site-packages/airflow/example_dags/example_complex.py
[2024-10-31T11:46:58.350+0000] {processor.py:925} INFO - DAG(s) 'example_complex' retrieved from /home/airflow/.local/lib/python3.12/site-packages/airflow/example_dags/example_complex.py
[2024-10-31T11:46:58.369+0000] {logging_mixin.py:190} INFO - [2024-10-31T11:46:58.369+0000] {dag.py:3239} INFO - Sync 1 DAGs
[2024-10-31T11:46:58.379+0000] {logging_mixin.py:190} INFO - [2024-10-31T11:46:58.379+0000] {dag.py:4180} INFO - Setting next_dagrun for example_complex to None, run_after=None
[2024-10-31T11:46:58.396+0000] {processor.py:208} INFO - Processing /home/airflow/.local/lib/python3.12/site-packages/airflow/example_dags/example_complex.py took 0.061 seconds
[2024-10-31T11:47:28.695+0000] {processor.py:186} INFO - Started process (PID=232) to work on /home/airflow/.local/lib/python3.12/site-packages/airflow/example_dags/example_complex.py
[2024-10-31T11:47:28.697+0000] {processor.py:914} INFO - Processing file /home/airflow/.local/lib/python3.12/site-packages/airflow/example_dags/example_complex.py for tasks to queue
[2024-10-31T11:47:28.698+0000] {logging_mixin.py:190} INFO - [2024-10-31T11:47:28.698+0000] {dagbag.py:588} INFO - Filling up the DagBag from /home/airflow/.local/lib/python3.12/site-packages/airflow/example_dags/example_complex.py
[2024-10-31T11:47:28.706+0000] {processor.py:925} INFO - DAG(s) 'example_complex' retrieved from /home/airflow/.local/lib/python3.12/site-packages/airflow/example_dags/example_complex.py
[2024-10-31T11:47:28.726+0000] {logging_mixin.py:190} INFO - [2024-10-31T11:47:28.725+0000] {dag.py:3239} INFO - Sync 1 DAGs
[2024-10-31T11:47:28.735+0000] {logging_mixin.py:190} INFO - [2024-10-31T11:47:28.735+0000] {dag.py:4180} INFO - Setting next_dagrun for example_complex to None, run_after=None
[2024-10-31T11:47:28.746+0000] {processor.py:208} INFO - Processing /home/airflow/.local/lib/python3.12/site-packages/airflow/example_dags/example_complex.py took 0.055 seconds
[2024-10-31T11:47:58.932+0000] {processor.py:186} INFO - Started process (PID=296) to work on /home/airflow/.local/lib/python3.12/site-packages/airflow/example_dags/example_complex.py
[2024-10-31T11:47:58.933+0000] {processor.py:914} INFO - Processing file /home/airflow/.local/lib/python3.12/site-packages/airflow/example_dags/example_complex.py for tasks to queue
[2024-10-31T11:47:58.935+0000] {logging_mixin.py:190} INFO - [2024-10-31T11:47:58.934+0000] {dagbag.py:588} INFO - Filling up the DagBag from /home/airflow/.local/lib/python3.12/site-packages/airflow/example_dags/example_complex.py
[2024-10-31T11:47:58.942+0000] {processor.py:925} INFO - DAG(s) 'example_complex' retrieved from /home/airflow/.local/lib/python3.12/site-packages/airflow/example_dags/example_complex.py
[2024-10-31T11:47:58.970+0000] {logging_mixin.py:190} INFO - [2024-10-31T11:47:58.970+0000] {dag.py:3239} INFO - Sync 1 DAGs
[2024-10-31T11:47:58.981+0000] {logging_mixin.py:190} INFO - [2024-10-31T11:47:58.981+0000] {dag.py:4180} INFO - Setting next_dagrun for example_complex to None, run_after=None
[2024-10-31T11:47:58.995+0000] {processor.py:208} INFO - Processing /home/airflow/.local/lib/python3.12/site-packages/airflow/example_dags/example_complex.py took 0.066 seconds
[2024-10-31T11:48:29.894+0000] {processor.py:186} INFO - Started process (PID=360) to work on /home/airflow/.local/lib/python3.12/site-packages/airflow/example_dags/example_complex.py
[2024-10-31T11:48:29.895+0000] {processor.py:914} INFO - Processing file /home/airflow/.local/lib/python3.12/site-packages/airflow/example_dags/example_complex.py for tasks to queue
[2024-10-31T11:48:29.897+0000] {logging_mixin.py:190} INFO - [2024-10-31T11:48:29.896+0000] {dagbag.py:588} INFO - Filling up the DagBag from /home/airflow/.local/lib/python3.12/site-packages/airflow/example_dags/example_complex.py
[2024-10-31T11:48:29.904+0000] {processor.py:925} INFO - DAG(s) 'example_complex' retrieved from /home/airflow/.local/lib/python3.12/site-packages/airflow/example_dags/example_complex.py
[2024-10-31T11:48:29.929+0000] {logging_mixin.py:190} INFO - [2024-10-31T11:48:29.929+0000] {dag.py:3239} INFO - Sync 1 DAGs
[2024-10-31T11:48:29.940+0000] {logging_mixin.py:190} INFO - [2024-10-31T11:48:29.940+0000] {dag.py:4180} INFO - Setting next_dagrun for example_complex to None, run_after=None
[2024-10-31T11:48:29.955+0000] {processor.py:208} INFO - Processing /home/airflow/.local/lib/python3.12/site-packages/airflow/example_dags/example_complex.py took 0.064 seconds
[2024-10-31T11:49:00.111+0000] {processor.py:186} INFO - Started process (PID=424) to work on /home/airflow/.local/lib/python3.12/site-packages/airflow/example_dags/example_complex.py
[2024-10-31T11:49:00.112+0000] {processor.py:914} INFO - Processing file /home/airflow/.local/lib/python3.12/site-packages/airflow/example_dags/example_complex.py for tasks to queue
[2024-10-31T11:49:00.113+0000] {logging_mixin.py:190} INFO - [2024-10-31T11:49:00.113+0000] {dagbag.py:588} INFO - Filling up the DagBag from /home/airflow/.local/lib/python3.12/site-packages/airflow/example_dags/example_complex.py
[2024-10-31T11:49:00.121+0000] {processor.py:925} INFO - DAG(s) 'example_complex' retrieved from /home/airflow/.local/lib/python3.12/site-packages/airflow/example_dags/example_complex.py
[2024-10-31T11:49:00.152+0000] {logging_mixin.py:190} INFO - [2024-10-31T11:49:00.152+0000] {dag.py:3239} INFO - Sync 1 DAGs
[2024-10-31T11:49:00.164+0000] {logging_mixin.py:190} INFO - [2024-10-31T11:49:00.164+0000] {dag.py:4180} INFO - Setting next_dagrun for example_complex to None, run_after=None
[2024-10-31T11:49:00.180+0000] {processor.py:208} INFO - Processing /home/airflow/.local/lib/python3.12/site-packages/airflow/example_dags/example_complex.py took 0.074 seconds
[2024-10-31T11:49:31.016+0000] {processor.py:186} INFO - Started process (PID=488) to work on /home/airflow/.local/lib/python3.12/site-packages/airflow/example_dags/example_complex.py
[2024-10-31T11:49:31.017+0000] {processor.py:914} INFO - Processing file /home/airflow/.local/lib/python3.12/site-packages/airflow/example_dags/example_complex.py for tasks to queue
[2024-10-31T11:49:31.019+0000] {logging_mixin.py:190} INFO - [2024-10-31T11:49:31.018+0000] {dagbag.py:588} INFO - Filling up the DagBag from /home/airflow/.local/lib/python3.12/site-packages/airflow/example_dags/example_complex.py
[2024-10-31T11:49:31.026+0000] {processor.py:925} INFO - DAG(s) 'example_complex' retrieved from /home/airflow/.local/lib/python3.12/site-packages/airflow/example_dags/example_complex.py
[2024-10-31T11:49:31.046+0000] {logging_mixin.py:190} INFO - [2024-10-31T11:49:31.046+0000] {dag.py:3239} INFO - Sync 1 DAGs
[2024-10-31T11:49:31.055+0000] {logging_mixin.py:190} INFO - [2024-10-31T11:49:31.055+0000] {dag.py:4180} INFO - Setting next_dagrun for example_complex to None, run_after=None
[2024-10-31T11:49:31.066+0000] {processor.py:208} INFO - Processing /home/airflow/.local/lib/python3.12/site-packages/airflow/example_dags/example_complex.py took 0.053 seconds
[2024-10-31T11:50:01.985+0000] {processor.py:186} INFO - Started process (PID=552) to work on /home/airflow/.local/lib/python3.12/site-packages/airflow/example_dags/example_complex.py
[2024-10-31T11:50:01.986+0000] {processor.py:914} INFO - Processing file /home/airflow/.local/lib/python3.12/site-packages/airflow/example_dags/example_complex.py for tasks to queue
[2024-10-31T11:50:01.987+0000] {logging_mixin.py:190} INFO - [2024-10-31T11:50:01.987+0000] {dagbag.py:588} INFO - Filling up the DagBag from /home/airflow/.local/lib/python3.12/site-packages/airflow/example_dags/example_complex.py
[2024-10-31T11:50:01.995+0000] {processor.py:925} INFO - DAG(s) 'example_complex' retrieved from /home/airflow/.local/lib/python3.12/site-packages/airflow/example_dags/example_complex.py
[2024-10-31T11:50:02.013+0000] {logging_mixin.py:190} INFO - [2024-10-31T11:50:02.013+0000] {dag.py:3239} INFO - Sync 1 DAGs
[2024-10-31T11:50:02.024+0000] {logging_mixin.py:190} INFO - [2024-10-31T11:50:02.024+0000] {dag.py:4180} INFO - Setting next_dagrun for example_complex to None, run_after=None
[2024-10-31T11:50:02.037+0000] {processor.py:208} INFO - Processing /home/airflow/.local/lib/python3.12/site-packages/airflow/example_dags/example_complex.py took 0.056 seconds
[2024-10-31T11:50:33.419+0000] {processor.py:186} INFO - Started process (PID=616) to work on /home/airflow/.local/lib/python3.12/site-packages/airflow/example_dags/example_complex.py
[2024-10-31T11:50:33.419+0000] {processor.py:914} INFO - Processing file /home/airflow/.local/lib/python3.12/site-packages/airflow/example_dags/example_complex.py for tasks to queue
[2024-10-31T11:50:33.421+0000] {logging_mixin.py:190} INFO - [2024-10-31T11:50:33.421+0000] {dagbag.py:588} INFO - Filling up the DagBag from /home/airflow/.local/lib/python3.12/site-packages/airflow/example_dags/example_complex.py
[2024-10-31T11:50:33.428+0000] {processor.py:925} INFO - DAG(s) 'example_complex' retrieved from /home/airflow/.local/lib/python3.12/site-packages/airflow/example_dags/example_complex.py
[2024-10-31T11:50:33.448+0000] {logging_mixin.py:190} INFO - [2024-10-31T11:50:33.448+0000] {dag.py:3239} INFO - Sync 1 DAGs
[2024-10-31T11:50:33.456+0000] {logging_mixin.py:190} INFO - [2024-10-31T11:50:33.456+0000] {dag.py:4180} INFO - Setting next_dagrun for example_complex to None, run_after=None
[2024-10-31T11:50:33.473+0000] {processor.py:208} INFO - Processing /home/airflow/.local/lib/python3.12/site-packages/airflow/example_dags/example_complex.py took 0.058 seconds
[2024-10-31T11:51:04.238+0000] {processor.py:186} INFO - Started process (PID=679) to work on /home/airflow/.local/lib/python3.12/site-packages/airflow/example_dags/example_complex.py
[2024-10-31T11:51:04.239+0000] {processor.py:914} INFO - Processing file /home/airflow/.local/lib/python3.12/site-packages/airflow/example_dags/example_complex.py for tasks to queue
[2024-10-31T11:51:04.240+0000] {logging_mixin.py:190} INFO - [2024-10-31T11:51:04.240+0000] {dagbag.py:588} INFO - Filling up the DagBag from /home/airflow/.local/lib/python3.12/site-packages/airflow/example_dags/example_complex.py
[2024-10-31T11:51:04.247+0000] {processor.py:925} INFO - DAG(s) 'example_complex' retrieved from /home/airflow/.local/lib/python3.12/site-packages/airflow/example_dags/example_complex.py
[2024-10-31T11:51:04.271+0000] {logging_mixin.py:190} INFO - [2024-10-31T11:51:04.271+0000] {dag.py:3239} INFO - Sync 1 DAGs
[2024-10-31T11:51:04.281+0000] {logging_mixin.py:190} INFO - [2024-10-31T11:51:04.281+0000] {dag.py:4180} INFO - Setting next_dagrun for example_complex to None, run_after=None
[2024-10-31T11:51:04.294+0000] {processor.py:208} INFO - Processing /home/airflow/.local/lib/python3.12/site-packages/airflow/example_dags/example_complex.py took 0.060 seconds
[2024-10-31T11:51:35.591+0000] {processor.py:186} INFO - Started process (PID=743) to work on /home/airflow/.local/lib/python3.12/site-packages/airflow/example_dags/example_complex.py
[2024-10-31T11:51:35.594+0000] {processor.py:914} INFO - Processing file /home/airflow/.local/lib/python3.12/site-packages/airflow/example_dags/example_complex.py for tasks to queue
[2024-10-31T11:51:35.596+0000] {logging_mixin.py:190} INFO - [2024-10-31T11:51:35.595+0000] {dagbag.py:588} INFO - Filling up the DagBag from /home/airflow/.local/lib/python3.12/site-packages/airflow/example_dags/example_complex.py
[2024-10-31T11:51:35.604+0000] {processor.py:925} INFO - DAG(s) 'example_complex' retrieved from /home/airflow/.local/lib/python3.12/site-packages/airflow/example_dags/example_complex.py
[2024-10-31T11:51:35.622+0000] {logging_mixin.py:190} INFO - [2024-10-31T11:51:35.622+0000] {dag.py:3239} INFO - Sync 1 DAGs
[2024-10-31T11:51:35.633+0000] {logging_mixin.py:190} INFO - [2024-10-31T11:51:35.633+0000] {dag.py:4180} INFO - Setting next_dagrun for example_complex to None, run_after=None
[2024-10-31T11:51:35.644+0000] {processor.py:208} INFO - Processing /home/airflow/.local/lib/python3.12/site-packages/airflow/example_dags/example_complex.py took 0.056 seconds
[2024-10-31T11:52:06.525+0000] {processor.py:186} INFO - Started process (PID=807) to work on /home/airflow/.local/lib/python3.12/site-packages/airflow/example_dags/example_complex.py
[2024-10-31T11:52:06.526+0000] {processor.py:914} INFO - Processing file /home/airflow/.local/lib/python3.12/site-packages/airflow/example_dags/example_complex.py for tasks to queue
[2024-10-31T11:52:06.528+0000] {logging_mixin.py:190} INFO - [2024-10-31T11:52:06.528+0000] {dagbag.py:588} INFO - Filling up the DagBag from /home/airflow/.local/lib/python3.12/site-packages/airflow/example_dags/example_complex.py
[2024-10-31T11:52:06.539+0000] {processor.py:925} INFO - DAG(s) 'example_complex' retrieved from /home/airflow/.local/lib/python3.12/site-packages/airflow/example_dags/example_complex.py
[2024-10-31T11:52:06.563+0000] {logging_mixin.py:190} INFO - [2024-10-31T11:52:06.562+0000] {dag.py:3239} INFO - Sync 1 DAGs
[2024-10-31T11:52:06.573+0000] {logging_mixin.py:190} INFO - [2024-10-31T11:52:06.573+0000] {dag.py:4180} INFO - Setting next_dagrun for example_complex to None, run_after=None
[2024-10-31T11:52:06.588+0000] {processor.py:208} INFO - Processing /home/airflow/.local/lib/python3.12/site-packages/airflow/example_dags/example_complex.py took 0.067 seconds
[2024-10-31T11:52:48.391+0000] {processor.py:186} INFO - Started process (PID=96) to work on /home/airflow/.local/lib/python3.12/site-packages/airflow/example_dags/example_complex.py
[2024-10-31T11:52:48.394+0000] {processor.py:914} INFO - Processing file /home/airflow/.local/lib/python3.12/site-packages/airflow/example_dags/example_complex.py for tasks to queue
[2024-10-31T11:52:48.396+0000] {logging_mixin.py:190} INFO - [2024-10-31T11:52:48.396+0000] {dagbag.py:588} INFO - Filling up the DagBag from /home/airflow/.local/lib/python3.12/site-packages/airflow/example_dags/example_complex.py
[2024-10-31T11:52:48.403+0000] {processor.py:925} INFO - DAG(s) 'example_complex' retrieved from /home/airflow/.local/lib/python3.12/site-packages/airflow/example_dags/example_complex.py
[2024-10-31T11:52:48.422+0000] {logging_mixin.py:190} INFO - [2024-10-31T11:52:48.422+0000] {dag.py:3239} INFO - Sync 1 DAGs
[2024-10-31T11:52:48.430+0000] {logging_mixin.py:190} INFO - [2024-10-31T11:52:48.430+0000] {dag.py:4180} INFO - Setting next_dagrun for example_complex to None, run_after=None
[2024-10-31T11:52:48.443+0000] {processor.py:208} INFO - Processing /home/airflow/.local/lib/python3.12/site-packages/airflow/example_dags/example_complex.py took 0.057 seconds
[2024-10-31T11:53:19.844+0000] {processor.py:186} INFO - Started process (PID=160) to work on /home/airflow/.local/lib/python3.12/site-packages/airflow/example_dags/example_complex.py
[2024-10-31T11:53:19.845+0000] {processor.py:914} INFO - Processing file /home/airflow/.local/lib/python3.12/site-packages/airflow/example_dags/example_complex.py for tasks to queue
[2024-10-31T11:53:19.847+0000] {logging_mixin.py:190} INFO - [2024-10-31T11:53:19.847+0000] {dagbag.py:588} INFO - Filling up the DagBag from /home/airflow/.local/lib/python3.12/site-packages/airflow/example_dags/example_complex.py
[2024-10-31T11:53:19.854+0000] {processor.py:925} INFO - DAG(s) 'example_complex' retrieved from /home/airflow/.local/lib/python3.12/site-packages/airflow/example_dags/example_complex.py
[2024-10-31T11:53:19.875+0000] {logging_mixin.py:190} INFO - [2024-10-31T11:53:19.875+0000] {dag.py:3239} INFO - Sync 1 DAGs
[2024-10-31T11:53:19.884+0000] {logging_mixin.py:190} INFO - [2024-10-31T11:53:19.884+0000] {dag.py:4180} INFO - Setting next_dagrun for example_complex to None, run_after=None
[2024-10-31T11:53:19.895+0000] {processor.py:208} INFO - Processing /home/airflow/.local/lib/python3.12/site-packages/airflow/example_dags/example_complex.py took 0.055 seconds
[2024-10-31T11:53:50.008+0000] {processor.py:186} INFO - Started process (PID=224) to work on /home/airflow/.local/lib/python3.12/site-packages/airflow/example_dags/example_complex.py
[2024-10-31T11:53:50.009+0000] {processor.py:914} INFO - Processing file /home/airflow/.local/lib/python3.12/site-packages/airflow/example_dags/example_complex.py for tasks to queue
[2024-10-31T11:53:50.011+0000] {logging_mixin.py:190} INFO - [2024-10-31T11:53:50.010+0000] {dagbag.py:588} INFO - Filling up the DagBag from /home/airflow/.local/lib/python3.12/site-packages/airflow/example_dags/example_complex.py
[2024-10-31T11:53:50.020+0000] {processor.py:925} INFO - DAG(s) 'example_complex' retrieved from /home/airflow/.local/lib/python3.12/site-packages/airflow/example_dags/example_complex.py
[2024-10-31T11:53:50.041+0000] {logging_mixin.py:190} INFO - [2024-10-31T11:53:50.041+0000] {dag.py:3239} INFO - Sync 1 DAGs
[2024-10-31T11:53:50.050+0000] {logging_mixin.py:190} INFO - [2024-10-31T11:53:50.050+0000] {dag.py:4180} INFO - Setting next_dagrun for example_complex to None, run_after=None
[2024-10-31T11:53:50.065+0000] {processor.py:208} INFO - Processing /home/airflow/.local/lib/python3.12/site-packages/airflow/example_dags/example_complex.py took 0.061 seconds
[2024-10-31T11:54:20.315+0000] {processor.py:186} INFO - Started process (PID=288) to work on /home/airflow/.local/lib/python3.12/site-packages/airflow/example_dags/example_complex.py
[2024-10-31T11:54:20.315+0000] {processor.py:914} INFO - Processing file /home/airflow/.local/lib/python3.12/site-packages/airflow/example_dags/example_complex.py for tasks to queue
[2024-10-31T11:54:20.317+0000] {logging_mixin.py:190} INFO - [2024-10-31T11:54:20.317+0000] {dagbag.py:588} INFO - Filling up the DagBag from /home/airflow/.local/lib/python3.12/site-packages/airflow/example_dags/example_complex.py
[2024-10-31T11:54:20.325+0000] {processor.py:925} INFO - DAG(s) 'example_complex' retrieved from /home/airflow/.local/lib/python3.12/site-packages/airflow/example_dags/example_complex.py
[2024-10-31T11:54:20.350+0000] {logging_mixin.py:190} INFO - [2024-10-31T11:54:20.350+0000] {dag.py:3239} INFO - Sync 1 DAGs
[2024-10-31T11:54:20.363+0000] {logging_mixin.py:190} INFO - [2024-10-31T11:54:20.363+0000] {dag.py:4180} INFO - Setting next_dagrun for example_complex to None, run_after=None
[2024-10-31T11:54:20.378+0000] {processor.py:208} INFO - Processing /home/airflow/.local/lib/python3.12/site-packages/airflow/example_dags/example_complex.py took 0.067 seconds
[2024-10-31T11:54:50.600+0000] {processor.py:186} INFO - Started process (PID=351) to work on /home/airflow/.local/lib/python3.12/site-packages/airflow/example_dags/example_complex.py
[2024-10-31T11:54:50.600+0000] {processor.py:914} INFO - Processing file /home/airflow/.local/lib/python3.12/site-packages/airflow/example_dags/example_complex.py for tasks to queue
[2024-10-31T11:54:50.602+0000] {logging_mixin.py:190} INFO - [2024-10-31T11:54:50.602+0000] {dagbag.py:588} INFO - Filling up the DagBag from /home/airflow/.local/lib/python3.12/site-packages/airflow/example_dags/example_complex.py
[2024-10-31T11:54:50.610+0000] {processor.py:925} INFO - DAG(s) 'example_complex' retrieved from /home/airflow/.local/lib/python3.12/site-packages/airflow/example_dags/example_complex.py
[2024-10-31T11:54:50.637+0000] {logging_mixin.py:190} INFO - [2024-10-31T11:54:50.637+0000] {dag.py:3239} INFO - Sync 1 DAGs
[2024-10-31T11:54:50.647+0000] {logging_mixin.py:190} INFO - [2024-10-31T11:54:50.647+0000] {dag.py:4180} INFO - Setting next_dagrun for example_complex to None, run_after=None
[2024-10-31T11:54:50.664+0000] {processor.py:208} INFO - Processing /home/airflow/.local/lib/python3.12/site-packages/airflow/example_dags/example_complex.py took 0.068 seconds
[2024-10-31T11:55:21.053+0000] {processor.py:186} INFO - Started process (PID=415) to work on /home/airflow/.local/lib/python3.12/site-packages/airflow/example_dags/example_complex.py
[2024-10-31T11:55:21.054+0000] {processor.py:914} INFO - Processing file /home/airflow/.local/lib/python3.12/site-packages/airflow/example_dags/example_complex.py for tasks to queue
[2024-10-31T11:55:21.055+0000] {logging_mixin.py:190} INFO - [2024-10-31T11:55:21.055+0000] {dagbag.py:588} INFO - Filling up the DagBag from /home/airflow/.local/lib/python3.12/site-packages/airflow/example_dags/example_complex.py
[2024-10-31T11:55:21.063+0000] {processor.py:925} INFO - DAG(s) 'example_complex' retrieved from /home/airflow/.local/lib/python3.12/site-packages/airflow/example_dags/example_complex.py
[2024-10-31T11:55:21.087+0000] {logging_mixin.py:190} INFO - [2024-10-31T11:55:21.087+0000] {dag.py:3239} INFO - Sync 1 DAGs
[2024-10-31T11:55:21.100+0000] {logging_mixin.py:190} INFO - [2024-10-31T11:55:21.100+0000] {dag.py:4180} INFO - Setting next_dagrun for example_complex to None, run_after=None
[2024-10-31T11:55:21.124+0000] {processor.py:208} INFO - Processing /home/airflow/.local/lib/python3.12/site-packages/airflow/example_dags/example_complex.py took 0.077 seconds
[2024-10-31T11:55:51.165+0000] {processor.py:186} INFO - Started process (PID=479) to work on /home/airflow/.local/lib/python3.12/site-packages/airflow/example_dags/example_complex.py
[2024-10-31T11:55:51.168+0000] {processor.py:914} INFO - Processing file /home/airflow/.local/lib/python3.12/site-packages/airflow/example_dags/example_complex.py for tasks to queue
[2024-10-31T11:55:51.170+0000] {logging_mixin.py:190} INFO - [2024-10-31T11:55:51.170+0000] {dagbag.py:588} INFO - Filling up the DagBag from /home/airflow/.local/lib/python3.12/site-packages/airflow/example_dags/example_complex.py
[2024-10-31T11:55:51.180+0000] {processor.py:925} INFO - DAG(s) 'example_complex' retrieved from /home/airflow/.local/lib/python3.12/site-packages/airflow/example_dags/example_complex.py
[2024-10-31T11:55:51.200+0000] {logging_mixin.py:190} INFO - [2024-10-31T11:55:51.199+0000] {dag.py:3239} INFO - Sync 1 DAGs
[2024-10-31T11:55:51.208+0000] {logging_mixin.py:190} INFO - [2024-10-31T11:55:51.208+0000] {dag.py:4180} INFO - Setting next_dagrun for example_complex to None, run_after=None
[2024-10-31T11:55:51.224+0000] {processor.py:208} INFO - Processing /home/airflow/.local/lib/python3.12/site-packages/airflow/example_dags/example_complex.py took 0.063 seconds
[2024-10-31T11:56:21.533+0000] {processor.py:186} INFO - Started process (PID=543) to work on /home/airflow/.local/lib/python3.12/site-packages/airflow/example_dags/example_complex.py
[2024-10-31T11:56:21.534+0000] {processor.py:914} INFO - Processing file /home/airflow/.local/lib/python3.12/site-packages/airflow/example_dags/example_complex.py for tasks to queue
[2024-10-31T11:56:21.536+0000] {logging_mixin.py:190} INFO - [2024-10-31T11:56:21.536+0000] {dagbag.py:588} INFO - Filling up the DagBag from /home/airflow/.local/lib/python3.12/site-packages/airflow/example_dags/example_complex.py
[2024-10-31T11:56:21.544+0000] {processor.py:925} INFO - DAG(s) 'example_complex' retrieved from /home/airflow/.local/lib/python3.12/site-packages/airflow/example_dags/example_complex.py
[2024-10-31T11:56:21.566+0000] {logging_mixin.py:190} INFO - [2024-10-31T11:56:21.566+0000] {dag.py:3239} INFO - Sync 1 DAGs
[2024-10-31T11:56:21.576+0000] {logging_mixin.py:190} INFO - [2024-10-31T11:56:21.575+0000] {dag.py:4180} INFO - Setting next_dagrun for example_complex to None, run_after=None
[2024-10-31T11:56:21.593+0000] {processor.py:208} INFO - Processing /home/airflow/.local/lib/python3.12/site-packages/airflow/example_dags/example_complex.py took 0.064 seconds
[2024-10-31T11:56:51.789+0000] {processor.py:186} INFO - Started process (PID=607) to work on /home/airflow/.local/lib/python3.12/site-packages/airflow/example_dags/example_complex.py
[2024-10-31T11:56:51.790+0000] {processor.py:914} INFO - Processing file /home/airflow/.local/lib/python3.12/site-packages/airflow/example_dags/example_complex.py for tasks to queue
[2024-10-31T11:56:51.792+0000] {logging_mixin.py:190} INFO - [2024-10-31T11:56:51.792+0000] {dagbag.py:588} INFO - Filling up the DagBag from /home/airflow/.local/lib/python3.12/site-packages/airflow/example_dags/example_complex.py
[2024-10-31T11:56:51.799+0000] {processor.py:925} INFO - DAG(s) 'example_complex' retrieved from /home/airflow/.local/lib/python3.12/site-packages/airflow/example_dags/example_complex.py
[2024-10-31T11:56:51.818+0000] {logging_mixin.py:190} INFO - [2024-10-31T11:56:51.818+0000] {dag.py:3239} INFO - Sync 1 DAGs
[2024-10-31T11:56:51.827+0000] {logging_mixin.py:190} INFO - [2024-10-31T11:56:51.827+0000] {dag.py:4180} INFO - Setting next_dagrun for example_complex to None, run_after=None
[2024-10-31T11:56:51.839+0000] {processor.py:208} INFO - Processing /home/airflow/.local/lib/python3.12/site-packages/airflow/example_dags/example_complex.py took 0.054 seconds
[2024-10-31T11:57:22.052+0000] {processor.py:186} INFO - Started process (PID=671) to work on /home/airflow/.local/lib/python3.12/site-packages/airflow/example_dags/example_complex.py
[2024-10-31T11:57:22.053+0000] {processor.py:914} INFO - Processing file /home/airflow/.local/lib/python3.12/site-packages/airflow/example_dags/example_complex.py for tasks to queue
[2024-10-31T11:57:22.054+0000] {logging_mixin.py:190} INFO - [2024-10-31T11:57:22.054+0000] {dagbag.py:588} INFO - Filling up the DagBag from /home/airflow/.local/lib/python3.12/site-packages/airflow/example_dags/example_complex.py
[2024-10-31T11:57:22.062+0000] {processor.py:925} INFO - DAG(s) 'example_complex' retrieved from /home/airflow/.local/lib/python3.12/site-packages/airflow/example_dags/example_complex.py
[2024-10-31T11:57:22.082+0000] {logging_mixin.py:190} INFO - [2024-10-31T11:57:22.082+0000] {dag.py:3239} INFO - Sync 1 DAGs
[2024-10-31T11:57:22.092+0000] {logging_mixin.py:190} INFO - [2024-10-31T11:57:22.091+0000] {dag.py:4180} INFO - Setting next_dagrun for example_complex to None, run_after=None
[2024-10-31T11:57:22.102+0000] {processor.py:208} INFO - Processing /home/airflow/.local/lib/python3.12/site-packages/airflow/example_dags/example_complex.py took 0.054 seconds
[2024-10-31T11:57:52.424+0000] {processor.py:186} INFO - Started process (PID=734) to work on /home/airflow/.local/lib/python3.12/site-packages/airflow/example_dags/example_complex.py
[2024-10-31T11:57:52.427+0000] {processor.py:914} INFO - Processing file /home/airflow/.local/lib/python3.12/site-packages/airflow/example_dags/example_complex.py for tasks to queue
[2024-10-31T11:57:52.429+0000] {logging_mixin.py:190} INFO - [2024-10-31T11:57:52.429+0000] {dagbag.py:588} INFO - Filling up the DagBag from /home/airflow/.local/lib/python3.12/site-packages/airflow/example_dags/example_complex.py
[2024-10-31T11:57:52.444+0000] {processor.py:925} INFO - DAG(s) 'example_complex' retrieved from /home/airflow/.local/lib/python3.12/site-packages/airflow/example_dags/example_complex.py
[2024-10-31T11:57:52.635+0000] {logging_mixin.py:190} INFO - [2024-10-31T11:57:52.635+0000] {dag.py:3239} INFO - Sync 1 DAGs
[2024-10-31T11:57:52.645+0000] {logging_mixin.py:190} INFO - [2024-10-31T11:57:52.645+0000] {dag.py:4180} INFO - Setting next_dagrun for example_complex to None, run_after=None
[2024-10-31T11:57:52.665+0000] {processor.py:208} INFO - Processing /home/airflow/.local/lib/python3.12/site-packages/airflow/example_dags/example_complex.py took 0.245 seconds
[2024-10-31T11:58:23.606+0000] {processor.py:186} INFO - Started process (PID=798) to work on /home/airflow/.local/lib/python3.12/site-packages/airflow/example_dags/example_complex.py
[2024-10-31T11:58:23.608+0000] {processor.py:914} INFO - Processing file /home/airflow/.local/lib/python3.12/site-packages/airflow/example_dags/example_complex.py for tasks to queue
[2024-10-31T11:58:23.613+0000] {logging_mixin.py:190} INFO - [2024-10-31T11:58:23.612+0000] {dagbag.py:588} INFO - Filling up the DagBag from /home/airflow/.local/lib/python3.12/site-packages/airflow/example_dags/example_complex.py
[2024-10-31T11:58:23.620+0000] {processor.py:925} INFO - DAG(s) 'example_complex' retrieved from /home/airflow/.local/lib/python3.12/site-packages/airflow/example_dags/example_complex.py
[2024-10-31T11:58:23.640+0000] {logging_mixin.py:190} INFO - [2024-10-31T11:58:23.640+0000] {dag.py:3239} INFO - Sync 1 DAGs
[2024-10-31T11:58:23.649+0000] {logging_mixin.py:190} INFO - [2024-10-31T11:58:23.648+0000] {dag.py:4180} INFO - Setting next_dagrun for example_complex to None, run_after=None
[2024-10-31T11:58:23.660+0000] {processor.py:208} INFO - Processing /home/airflow/.local/lib/python3.12/site-packages/airflow/example_dags/example_complex.py took 0.059 seconds
[2024-10-31T11:58:54.107+0000] {processor.py:186} INFO - Started process (PID=862) to work on /home/airflow/.local/lib/python3.12/site-packages/airflow/example_dags/example_complex.py
[2024-10-31T11:58:54.108+0000] {processor.py:914} INFO - Processing file /home/airflow/.local/lib/python3.12/site-packages/airflow/example_dags/example_complex.py for tasks to queue
[2024-10-31T11:58:54.110+0000] {logging_mixin.py:190} INFO - [2024-10-31T11:58:54.110+0000] {dagbag.py:588} INFO - Filling up the DagBag from /home/airflow/.local/lib/python3.12/site-packages/airflow/example_dags/example_complex.py
[2024-10-31T11:58:54.119+0000] {processor.py:925} INFO - DAG(s) 'example_complex' retrieved from /home/airflow/.local/lib/python3.12/site-packages/airflow/example_dags/example_complex.py
[2024-10-31T11:58:54.152+0000] {logging_mixin.py:190} INFO - [2024-10-31T11:58:54.152+0000] {dag.py:3239} INFO - Sync 1 DAGs
[2024-10-31T11:58:54.165+0000] {logging_mixin.py:190} INFO - [2024-10-31T11:58:54.165+0000] {dag.py:4180} INFO - Setting next_dagrun for example_complex to None, run_after=None
[2024-10-31T11:58:54.182+0000] {processor.py:208} INFO - Processing /home/airflow/.local/lib/python3.12/site-packages/airflow/example_dags/example_complex.py took 0.079 seconds
[2024-10-31T11:59:24.402+0000] {processor.py:186} INFO - Started process (PID=926) to work on /home/airflow/.local/lib/python3.12/site-packages/airflow/example_dags/example_complex.py
[2024-10-31T11:59:24.405+0000] {processor.py:914} INFO - Processing file /home/airflow/.local/lib/python3.12/site-packages/airflow/example_dags/example_complex.py for tasks to queue
[2024-10-31T11:59:24.407+0000] {logging_mixin.py:190} INFO - [2024-10-31T11:59:24.407+0000] {dagbag.py:588} INFO - Filling up the DagBag from /home/airflow/.local/lib/python3.12/site-packages/airflow/example_dags/example_complex.py
[2024-10-31T11:59:24.415+0000] {processor.py:925} INFO - DAG(s) 'example_complex' retrieved from /home/airflow/.local/lib/python3.12/site-packages/airflow/example_dags/example_complex.py
[2024-10-31T11:59:24.438+0000] {logging_mixin.py:190} INFO - [2024-10-31T11:59:24.438+0000] {dag.py:3239} INFO - Sync 1 DAGs
[2024-10-31T11:59:24.449+0000] {logging_mixin.py:190} INFO - [2024-10-31T11:59:24.449+0000] {dag.py:4180} INFO - Setting next_dagrun for example_complex to None, run_after=None
[2024-10-31T11:59:24.465+0000] {processor.py:208} INFO - Processing /home/airflow/.local/lib/python3.12/site-packages/airflow/example_dags/example_complex.py took 0.067 seconds
[2024-10-31T11:59:54.990+0000] {processor.py:186} INFO - Started process (PID=990) to work on /home/airflow/.local/lib/python3.12/site-packages/airflow/example_dags/example_complex.py
[2024-10-31T11:59:54.991+0000] {processor.py:914} INFO - Processing file /home/airflow/.local/lib/python3.12/site-packages/airflow/example_dags/example_complex.py for tasks to queue
[2024-10-31T11:59:54.993+0000] {logging_mixin.py:190} INFO - [2024-10-31T11:59:54.993+0000] {dagbag.py:588} INFO - Filling up the DagBag from /home/airflow/.local/lib/python3.12/site-packages/airflow/example_dags/example_complex.py
[2024-10-31T11:59:55.000+0000] {processor.py:925} INFO - DAG(s) 'example_complex' retrieved from /home/airflow/.local/lib/python3.12/site-packages/airflow/example_dags/example_complex.py
[2024-10-31T11:59:55.025+0000] {logging_mixin.py:190} INFO - [2024-10-31T11:59:55.025+0000] {dag.py:3239} INFO - Sync 1 DAGs
[2024-10-31T11:59:55.037+0000] {logging_mixin.py:190} INFO - [2024-10-31T11:59:55.037+0000] {dag.py:4180} INFO - Setting next_dagrun for example_complex to None, run_after=None
[2024-10-31T11:59:55.054+0000] {processor.py:208} INFO - Processing /home/airflow/.local/lib/python3.12/site-packages/airflow/example_dags/example_complex.py took 0.068 seconds
[2024-10-31T12:00:25.368+0000] {processor.py:186} INFO - Started process (PID=1053) to work on /home/airflow/.local/lib/python3.12/site-packages/airflow/example_dags/example_complex.py
[2024-10-31T12:00:25.369+0000] {processor.py:914} INFO - Processing file /home/airflow/.local/lib/python3.12/site-packages/airflow/example_dags/example_complex.py for tasks to queue
[2024-10-31T12:00:25.371+0000] {logging_mixin.py:190} INFO - [2024-10-31T12:00:25.371+0000] {dagbag.py:588} INFO - Filling up the DagBag from /home/airflow/.local/lib/python3.12/site-packages/airflow/example_dags/example_complex.py
[2024-10-31T12:00:25.378+0000] {processor.py:925} INFO - DAG(s) 'example_complex' retrieved from /home/airflow/.local/lib/python3.12/site-packages/airflow/example_dags/example_complex.py
[2024-10-31T12:00:25.397+0000] {logging_mixin.py:190} INFO - [2024-10-31T12:00:25.397+0000] {dag.py:3239} INFO - Sync 1 DAGs
[2024-10-31T12:00:25.405+0000] {logging_mixin.py:190} INFO - [2024-10-31T12:00:25.405+0000] {dag.py:4180} INFO - Setting next_dagrun for example_complex to None, run_after=None
[2024-10-31T12:00:25.421+0000] {processor.py:208} INFO - Processing /home/airflow/.local/lib/python3.12/site-packages/airflow/example_dags/example_complex.py took 0.057 seconds
[2024-10-31T12:42:20.583+0000] {processor.py:186} INFO - Started process (PID=104) to work on /home/airflow/.local/lib/python3.12/site-packages/airflow/example_dags/example_complex.py
[2024-10-31T12:42:20.584+0000] {processor.py:914} INFO - Processing file /home/airflow/.local/lib/python3.12/site-packages/airflow/example_dags/example_complex.py for tasks to queue
[2024-10-31T12:42:20.586+0000] {logging_mixin.py:190} INFO - [2024-10-31T12:42:20.586+0000] {dagbag.py:588} INFO - Filling up the DagBag from /home/airflow/.local/lib/python3.12/site-packages/airflow/example_dags/example_complex.py
[2024-10-31T12:42:20.595+0000] {processor.py:925} INFO - DAG(s) 'example_complex' retrieved from /home/airflow/.local/lib/python3.12/site-packages/airflow/example_dags/example_complex.py
[2024-10-31T12:42:20.671+0000] {logging_mixin.py:190} INFO - [2024-10-31T12:42:20.670+0000] {override.py:1900} INFO - Created Permission View: can read on DAG:example_complex
[2024-10-31T12:42:20.677+0000] {logging_mixin.py:190} INFO - [2024-10-31T12:42:20.677+0000] {override.py:1900} INFO - Created Permission View: can delete on DAG:example_complex
[2024-10-31T12:42:20.680+0000] {logging_mixin.py:190} INFO - [2024-10-31T12:42:20.680+0000] {override.py:1900} INFO - Created Permission View: can edit on DAG:example_complex
[2024-10-31T12:42:20.683+0000] {logging_mixin.py:190} INFO - [2024-10-31T12:42:20.683+0000] {override.py:1900} INFO - Created Permission View: menu access on DAG Run:example_complex
[2024-10-31T12:42:20.693+0000] {logging_mixin.py:190} INFO - [2024-10-31T12:42:20.693+0000] {override.py:1900} INFO - Created Permission View: can read on DAG Run:example_complex
[2024-10-31T12:42:20.698+0000] {logging_mixin.py:190} INFO - [2024-10-31T12:42:20.698+0000] {override.py:1900} INFO - Created Permission View: can delete on DAG Run:example_complex
[2024-10-31T12:42:20.704+0000] {logging_mixin.py:190} INFO - [2024-10-31T12:42:20.704+0000] {override.py:1900} INFO - Created Permission View: can create on DAG Run:example_complex
[2024-10-31T12:42:20.706+0000] {logging_mixin.py:190} INFO - [2024-10-31T12:42:20.706+0000] {dag.py:3239} INFO - Sync 1 DAGs
[2024-10-31T12:42:20.713+0000] {logging_mixin.py:190} INFO - [2024-10-31T12:42:20.713+0000] {dag.py:3262} INFO - Creating ORM DAG for example_complex
[2024-10-31T12:42:20.713+0000] {logging_mixin.py:190} INFO - [2024-10-31T12:42:20.713+0000] {dag.py:4180} INFO - Setting next_dagrun for example_complex to None, run_after=None
[2024-10-31T12:42:20.724+0000] {processor.py:208} INFO - Processing /home/airflow/.local/lib/python3.12/site-packages/airflow/example_dags/example_complex.py took 0.145 seconds
