[2024-10-31T11:46:26.759+0000] {processor.py:186} INFO - Started process (PID=97) to work on /home/airflow/.local/lib/python3.12/site-packages/airflow/example_dags/example_bash_decorator.py
[2024-10-31T11:46:26.760+0000] {processor.py:914} INFO - Processing file /home/airflow/.local/lib/python3.12/site-packages/airflow/example_dags/example_bash_decorator.py for tasks to queue
[2024-10-31T11:46:26.762+0000] {logging_mixin.py:190} INFO - [2024-10-31T11:46:26.762+0000] {dagbag.py:588} INFO - Filling up the DagBag from /home/airflow/.local/lib/python3.12/site-packages/airflow/example_dags/example_bash_decorator.py
[2024-10-31T11:46:26.776+0000] {processor.py:925} INFO - DAG(s) 'example_bash_decorator' retrieved from /home/airflow/.local/lib/python3.12/site-packages/airflow/example_dags/example_bash_decorator.py
[2024-10-31T11:46:26.845+0000] {logging_mixin.py:190} INFO - [2024-10-31T11:46:26.844+0000] {override.py:1900} INFO - Created Permission View: can delete on DAG:example_bash_decorator
[2024-10-31T11:46:26.855+0000] {logging_mixin.py:190} INFO - [2024-10-31T11:46:26.855+0000] {override.py:1900} INFO - Created Permission View: can read on DAG:example_bash_decorator
[2024-10-31T11:46:26.858+0000] {logging_mixin.py:190} INFO - [2024-10-31T11:46:26.858+0000] {override.py:1900} INFO - Created Permission View: can edit on DAG:example_bash_decorator
[2024-10-31T11:46:26.861+0000] {logging_mixin.py:190} INFO - [2024-10-31T11:46:26.860+0000] {override.py:1900} INFO - Created Permission View: can delete on DAG Run:example_bash_decorator
[2024-10-31T11:46:26.863+0000] {logging_mixin.py:190} INFO - [2024-10-31T11:46:26.863+0000] {override.py:1900} INFO - Created Permission View: can read on DAG Run:example_bash_decorator
[2024-10-31T11:46:26.866+0000] {logging_mixin.py:190} INFO - [2024-10-31T11:46:26.866+0000] {override.py:1900} INFO - Created Permission View: can create on DAG Run:example_bash_decorator
[2024-10-31T11:46:26.869+0000] {logging_mixin.py:190} INFO - [2024-10-31T11:46:26.869+0000] {override.py:1900} INFO - Created Permission View: menu access on DAG Run:example_bash_decorator
[2024-10-31T11:46:26.869+0000] {logging_mixin.py:190} INFO - [2024-10-31T11:46:26.869+0000] {dag.py:3239} INFO - Sync 1 DAGs
[2024-10-31T11:46:26.877+0000] {logging_mixin.py:190} INFO - [2024-10-31T11:46:26.877+0000] {dag.py:3262} INFO - Creating ORM DAG for example_bash_decorator
[2024-10-31T11:46:26.878+0000] {logging_mixin.py:190} INFO - [2024-10-31T11:46:26.878+0000] {dag.py:4180} INFO - Setting next_dagrun for example_bash_decorator to None, run_after=None
[2024-10-31T11:46:26.887+0000] {processor.py:208} INFO - Processing /home/airflow/.local/lib/python3.12/site-packages/airflow/example_dags/example_bash_decorator.py took 0.132 seconds
[2024-10-31T11:46:56.957+0000] {processor.py:186} INFO - Started process (PID=161) to work on /home/airflow/.local/lib/python3.12/site-packages/airflow/example_dags/example_bash_decorator.py
[2024-10-31T11:46:56.960+0000] {processor.py:914} INFO - Processing file /home/airflow/.local/lib/python3.12/site-packages/airflow/example_dags/example_bash_decorator.py for tasks to queue
[2024-10-31T11:46:56.961+0000] {logging_mixin.py:190} INFO - [2024-10-31T11:46:56.961+0000] {dagbag.py:588} INFO - Filling up the DagBag from /home/airflow/.local/lib/python3.12/site-packages/airflow/example_dags/example_bash_decorator.py
[2024-10-31T11:46:56.971+0000] {processor.py:925} INFO - DAG(s) 'example_bash_decorator' retrieved from /home/airflow/.local/lib/python3.12/site-packages/airflow/example_dags/example_bash_decorator.py
[2024-10-31T11:46:56.987+0000] {logging_mixin.py:190} INFO - [2024-10-31T11:46:56.987+0000] {dag.py:3239} INFO - Sync 1 DAGs
[2024-10-31T11:46:56.999+0000] {logging_mixin.py:190} INFO - [2024-10-31T11:46:56.999+0000] {dag.py:4180} INFO - Setting next_dagrun for example_bash_decorator to None, run_after=None
[2024-10-31T11:46:57.011+0000] {processor.py:208} INFO - Processing /home/airflow/.local/lib/python3.12/site-packages/airflow/example_dags/example_bash_decorator.py took 0.058 seconds
[2024-10-31T11:47:27.345+0000] {processor.py:186} INFO - Started process (PID=225) to work on /home/airflow/.local/lib/python3.12/site-packages/airflow/example_dags/example_bash_decorator.py
[2024-10-31T11:47:27.346+0000] {processor.py:914} INFO - Processing file /home/airflow/.local/lib/python3.12/site-packages/airflow/example_dags/example_bash_decorator.py for tasks to queue
[2024-10-31T11:47:27.348+0000] {logging_mixin.py:190} INFO - [2024-10-31T11:47:27.348+0000] {dagbag.py:588} INFO - Filling up the DagBag from /home/airflow/.local/lib/python3.12/site-packages/airflow/example_dags/example_bash_decorator.py
[2024-10-31T11:47:27.360+0000] {processor.py:925} INFO - DAG(s) 'example_bash_decorator' retrieved from /home/airflow/.local/lib/python3.12/site-packages/airflow/example_dags/example_bash_decorator.py
[2024-10-31T11:47:27.386+0000] {logging_mixin.py:190} INFO - [2024-10-31T11:47:27.386+0000] {dag.py:3239} INFO - Sync 1 DAGs
[2024-10-31T11:47:27.396+0000] {logging_mixin.py:190} INFO - [2024-10-31T11:47:27.396+0000] {dag.py:4180} INFO - Setting next_dagrun for example_bash_decorator to None, run_after=None
[2024-10-31T11:47:27.409+0000] {processor.py:208} INFO - Processing /home/airflow/.local/lib/python3.12/site-packages/airflow/example_dags/example_bash_decorator.py took 0.068 seconds
[2024-10-31T11:47:57.622+0000] {processor.py:186} INFO - Started process (PID=289) to work on /home/airflow/.local/lib/python3.12/site-packages/airflow/example_dags/example_bash_decorator.py
[2024-10-31T11:47:57.623+0000] {processor.py:914} INFO - Processing file /home/airflow/.local/lib/python3.12/site-packages/airflow/example_dags/example_bash_decorator.py for tasks to queue
[2024-10-31T11:47:57.626+0000] {logging_mixin.py:190} INFO - [2024-10-31T11:47:57.626+0000] {dagbag.py:588} INFO - Filling up the DagBag from /home/airflow/.local/lib/python3.12/site-packages/airflow/example_dags/example_bash_decorator.py
[2024-10-31T11:47:57.638+0000] {processor.py:925} INFO - DAG(s) 'example_bash_decorator' retrieved from /home/airflow/.local/lib/python3.12/site-packages/airflow/example_dags/example_bash_decorator.py
[2024-10-31T11:47:57.657+0000] {logging_mixin.py:190} INFO - [2024-10-31T11:47:57.656+0000] {dag.py:3239} INFO - Sync 1 DAGs
[2024-10-31T11:47:57.666+0000] {logging_mixin.py:190} INFO - [2024-10-31T11:47:57.666+0000] {dag.py:4180} INFO - Setting next_dagrun for example_bash_decorator to None, run_after=None
[2024-10-31T11:47:57.683+0000] {processor.py:208} INFO - Processing /home/airflow/.local/lib/python3.12/site-packages/airflow/example_dags/example_bash_decorator.py took 0.066 seconds
[2024-10-31T11:48:28.559+0000] {processor.py:186} INFO - Started process (PID=353) to work on /home/airflow/.local/lib/python3.12/site-packages/airflow/example_dags/example_bash_decorator.py
[2024-10-31T11:48:28.560+0000] {processor.py:914} INFO - Processing file /home/airflow/.local/lib/python3.12/site-packages/airflow/example_dags/example_bash_decorator.py for tasks to queue
[2024-10-31T11:48:28.562+0000] {logging_mixin.py:190} INFO - [2024-10-31T11:48:28.562+0000] {dagbag.py:588} INFO - Filling up the DagBag from /home/airflow/.local/lib/python3.12/site-packages/airflow/example_dags/example_bash_decorator.py
[2024-10-31T11:48:28.576+0000] {processor.py:925} INFO - DAG(s) 'example_bash_decorator' retrieved from /home/airflow/.local/lib/python3.12/site-packages/airflow/example_dags/example_bash_decorator.py
[2024-10-31T11:48:28.592+0000] {logging_mixin.py:190} INFO - [2024-10-31T11:48:28.592+0000] {dag.py:3239} INFO - Sync 1 DAGs
[2024-10-31T11:48:28.601+0000] {logging_mixin.py:190} INFO - [2024-10-31T11:48:28.601+0000] {dag.py:4180} INFO - Setting next_dagrun for example_bash_decorator to None, run_after=None
[2024-10-31T11:48:28.619+0000] {processor.py:208} INFO - Processing /home/airflow/.local/lib/python3.12/site-packages/airflow/example_dags/example_bash_decorator.py took 0.064 seconds
[2024-10-31T11:48:59.669+0000] {processor.py:186} INFO - Started process (PID=417) to work on /home/airflow/.local/lib/python3.12/site-packages/airflow/example_dags/example_bash_decorator.py
[2024-10-31T11:48:59.670+0000] {processor.py:914} INFO - Processing file /home/airflow/.local/lib/python3.12/site-packages/airflow/example_dags/example_bash_decorator.py for tasks to queue
[2024-10-31T11:48:59.673+0000] {logging_mixin.py:190} INFO - [2024-10-31T11:48:59.673+0000] {dagbag.py:588} INFO - Filling up the DagBag from /home/airflow/.local/lib/python3.12/site-packages/airflow/example_dags/example_bash_decorator.py
[2024-10-31T11:48:59.684+0000] {processor.py:925} INFO - DAG(s) 'example_bash_decorator' retrieved from /home/airflow/.local/lib/python3.12/site-packages/airflow/example_dags/example_bash_decorator.py
[2024-10-31T11:48:59.703+0000] {logging_mixin.py:190} INFO - [2024-10-31T11:48:59.702+0000] {dag.py:3239} INFO - Sync 1 DAGs
[2024-10-31T11:48:59.711+0000] {logging_mixin.py:190} INFO - [2024-10-31T11:48:59.711+0000] {dag.py:4180} INFO - Setting next_dagrun for example_bash_decorator to None, run_after=None
[2024-10-31T11:48:59.722+0000] {processor.py:208} INFO - Processing /home/airflow/.local/lib/python3.12/site-packages/airflow/example_dags/example_bash_decorator.py took 0.057 seconds
[2024-10-31T11:49:30.683+0000] {processor.py:186} INFO - Started process (PID=481) to work on /home/airflow/.local/lib/python3.12/site-packages/airflow/example_dags/example_bash_decorator.py
[2024-10-31T11:49:30.684+0000] {processor.py:914} INFO - Processing file /home/airflow/.local/lib/python3.12/site-packages/airflow/example_dags/example_bash_decorator.py for tasks to queue
[2024-10-31T11:49:30.685+0000] {logging_mixin.py:190} INFO - [2024-10-31T11:49:30.685+0000] {dagbag.py:588} INFO - Filling up the DagBag from /home/airflow/.local/lib/python3.12/site-packages/airflow/example_dags/example_bash_decorator.py
[2024-10-31T11:49:30.696+0000] {processor.py:925} INFO - DAG(s) 'example_bash_decorator' retrieved from /home/airflow/.local/lib/python3.12/site-packages/airflow/example_dags/example_bash_decorator.py
[2024-10-31T11:49:30.715+0000] {logging_mixin.py:190} INFO - [2024-10-31T11:49:30.714+0000] {dag.py:3239} INFO - Sync 1 DAGs
[2024-10-31T11:49:30.724+0000] {logging_mixin.py:190} INFO - [2024-10-31T11:49:30.724+0000] {dag.py:4180} INFO - Setting next_dagrun for example_bash_decorator to None, run_after=None
[2024-10-31T11:49:30.737+0000] {processor.py:208} INFO - Processing /home/airflow/.local/lib/python3.12/site-packages/airflow/example_dags/example_bash_decorator.py took 0.058 seconds
[2024-10-31T11:50:01.614+0000] {processor.py:186} INFO - Started process (PID=545) to work on /home/airflow/.local/lib/python3.12/site-packages/airflow/example_dags/example_bash_decorator.py
[2024-10-31T11:50:01.616+0000] {processor.py:914} INFO - Processing file /home/airflow/.local/lib/python3.12/site-packages/airflow/example_dags/example_bash_decorator.py for tasks to queue
[2024-10-31T11:50:01.618+0000] {logging_mixin.py:190} INFO - [2024-10-31T11:50:01.618+0000] {dagbag.py:588} INFO - Filling up the DagBag from /home/airflow/.local/lib/python3.12/site-packages/airflow/example_dags/example_bash_decorator.py
[2024-10-31T11:50:01.627+0000] {processor.py:925} INFO - DAG(s) 'example_bash_decorator' retrieved from /home/airflow/.local/lib/python3.12/site-packages/airflow/example_dags/example_bash_decorator.py
[2024-10-31T11:50:01.644+0000] {logging_mixin.py:190} INFO - [2024-10-31T11:50:01.644+0000] {dag.py:3239} INFO - Sync 1 DAGs
[2024-10-31T11:50:01.652+0000] {logging_mixin.py:190} INFO - [2024-10-31T11:50:01.652+0000] {dag.py:4180} INFO - Setting next_dagrun for example_bash_decorator to None, run_after=None
[2024-10-31T11:50:01.666+0000] {processor.py:208} INFO - Processing /home/airflow/.local/lib/python3.12/site-packages/airflow/example_dags/example_bash_decorator.py took 0.056 seconds
[2024-10-31T11:50:33.054+0000] {processor.py:186} INFO - Started process (PID=609) to work on /home/airflow/.local/lib/python3.12/site-packages/airflow/example_dags/example_bash_decorator.py
[2024-10-31T11:50:33.055+0000] {processor.py:914} INFO - Processing file /home/airflow/.local/lib/python3.12/site-packages/airflow/example_dags/example_bash_decorator.py for tasks to queue
[2024-10-31T11:50:33.056+0000] {logging_mixin.py:190} INFO - [2024-10-31T11:50:33.056+0000] {dagbag.py:588} INFO - Filling up the DagBag from /home/airflow/.local/lib/python3.12/site-packages/airflow/example_dags/example_bash_decorator.py
[2024-10-31T11:50:33.066+0000] {processor.py:925} INFO - DAG(s) 'example_bash_decorator' retrieved from /home/airflow/.local/lib/python3.12/site-packages/airflow/example_dags/example_bash_decorator.py
[2024-10-31T11:50:33.090+0000] {logging_mixin.py:190} INFO - [2024-10-31T11:50:33.089+0000] {dag.py:3239} INFO - Sync 1 DAGs
[2024-10-31T11:50:33.101+0000] {logging_mixin.py:190} INFO - [2024-10-31T11:50:33.101+0000] {dag.py:4180} INFO - Setting next_dagrun for example_bash_decorator to None, run_after=None
[2024-10-31T11:50:33.113+0000] {processor.py:208} INFO - Processing /home/airflow/.local/lib/python3.12/site-packages/airflow/example_dags/example_bash_decorator.py took 0.064 seconds
[2024-10-31T11:51:03.896+0000] {processor.py:186} INFO - Started process (PID=672) to work on /home/airflow/.local/lib/python3.12/site-packages/airflow/example_dags/example_bash_decorator.py
[2024-10-31T11:51:03.897+0000] {processor.py:914} INFO - Processing file /home/airflow/.local/lib/python3.12/site-packages/airflow/example_dags/example_bash_decorator.py for tasks to queue
[2024-10-31T11:51:03.898+0000] {logging_mixin.py:190} INFO - [2024-10-31T11:51:03.898+0000] {dagbag.py:588} INFO - Filling up the DagBag from /home/airflow/.local/lib/python3.12/site-packages/airflow/example_dags/example_bash_decorator.py
[2024-10-31T11:51:03.907+0000] {processor.py:925} INFO - DAG(s) 'example_bash_decorator' retrieved from /home/airflow/.local/lib/python3.12/site-packages/airflow/example_dags/example_bash_decorator.py
[2024-10-31T11:51:03.928+0000] {logging_mixin.py:190} INFO - [2024-10-31T11:51:03.927+0000] {dag.py:3239} INFO - Sync 1 DAGs
[2024-10-31T11:51:03.937+0000] {logging_mixin.py:190} INFO - [2024-10-31T11:51:03.937+0000] {dag.py:4180} INFO - Setting next_dagrun for example_bash_decorator to None, run_after=None
[2024-10-31T11:51:03.948+0000] {processor.py:208} INFO - Processing /home/airflow/.local/lib/python3.12/site-packages/airflow/example_dags/example_bash_decorator.py took 0.057 seconds
[2024-10-31T11:51:35.212+0000] {processor.py:186} INFO - Started process (PID=736) to work on /home/airflow/.local/lib/python3.12/site-packages/airflow/example_dags/example_bash_decorator.py
[2024-10-31T11:51:35.216+0000] {processor.py:914} INFO - Processing file /home/airflow/.local/lib/python3.12/site-packages/airflow/example_dags/example_bash_decorator.py for tasks to queue
[2024-10-31T11:51:35.218+0000] {logging_mixin.py:190} INFO - [2024-10-31T11:51:35.218+0000] {dagbag.py:588} INFO - Filling up the DagBag from /home/airflow/.local/lib/python3.12/site-packages/airflow/example_dags/example_bash_decorator.py
[2024-10-31T11:51:35.227+0000] {processor.py:925} INFO - DAG(s) 'example_bash_decorator' retrieved from /home/airflow/.local/lib/python3.12/site-packages/airflow/example_dags/example_bash_decorator.py
[2024-10-31T11:51:35.244+0000] {logging_mixin.py:190} INFO - [2024-10-31T11:51:35.243+0000] {dag.py:3239} INFO - Sync 1 DAGs
[2024-10-31T11:51:35.253+0000] {logging_mixin.py:190} INFO - [2024-10-31T11:51:35.253+0000] {dag.py:4180} INFO - Setting next_dagrun for example_bash_decorator to None, run_after=None
[2024-10-31T11:51:35.269+0000] {processor.py:208} INFO - Processing /home/airflow/.local/lib/python3.12/site-packages/airflow/example_dags/example_bash_decorator.py took 0.061 seconds
[2024-10-31T11:52:06.215+0000] {processor.py:186} INFO - Started process (PID=800) to work on /home/airflow/.local/lib/python3.12/site-packages/airflow/example_dags/example_bash_decorator.py
[2024-10-31T11:52:06.220+0000] {processor.py:914} INFO - Processing file /home/airflow/.local/lib/python3.12/site-packages/airflow/example_dags/example_bash_decorator.py for tasks to queue
[2024-10-31T11:52:06.222+0000] {logging_mixin.py:190} INFO - [2024-10-31T11:52:06.221+0000] {dagbag.py:588} INFO - Filling up the DagBag from /home/airflow/.local/lib/python3.12/site-packages/airflow/example_dags/example_bash_decorator.py
[2024-10-31T11:52:06.231+0000] {processor.py:925} INFO - DAG(s) 'example_bash_decorator' retrieved from /home/airflow/.local/lib/python3.12/site-packages/airflow/example_dags/example_bash_decorator.py
[2024-10-31T11:52:06.246+0000] {logging_mixin.py:190} INFO - [2024-10-31T11:52:06.245+0000] {dag.py:3239} INFO - Sync 1 DAGs
[2024-10-31T11:52:06.261+0000] {logging_mixin.py:190} INFO - [2024-10-31T11:52:06.260+0000] {dag.py:4180} INFO - Setting next_dagrun for example_bash_decorator to None, run_after=None
[2024-10-31T11:52:06.274+0000] {processor.py:208} INFO - Processing /home/airflow/.local/lib/python3.12/site-packages/airflow/example_dags/example_bash_decorator.py took 0.062 seconds
[2024-10-31T11:52:48.021+0000] {processor.py:186} INFO - Started process (PID=83) to work on /home/airflow/.local/lib/python3.12/site-packages/airflow/example_dags/example_bash_decorator.py
[2024-10-31T11:52:48.026+0000] {processor.py:914} INFO - Processing file /home/airflow/.local/lib/python3.12/site-packages/airflow/example_dags/example_bash_decorator.py for tasks to queue
[2024-10-31T11:52:48.028+0000] {logging_mixin.py:190} INFO - [2024-10-31T11:52:48.028+0000] {dagbag.py:588} INFO - Filling up the DagBag from /home/airflow/.local/lib/python3.12/site-packages/airflow/example_dags/example_bash_decorator.py
[2024-10-31T11:52:48.038+0000] {processor.py:925} INFO - DAG(s) 'example_bash_decorator' retrieved from /home/airflow/.local/lib/python3.12/site-packages/airflow/example_dags/example_bash_decorator.py
[2024-10-31T11:52:48.130+0000] {logging_mixin.py:190} INFO - [2024-10-31T11:52:48.130+0000] {dag.py:3239} INFO - Sync 1 DAGs
[2024-10-31T11:52:48.139+0000] {logging_mixin.py:190} INFO - [2024-10-31T11:52:48.139+0000] {dag.py:4180} INFO - Setting next_dagrun for example_bash_decorator to None, run_after=None
[2024-10-31T11:52:48.152+0000] {processor.py:208} INFO - Processing /home/airflow/.local/lib/python3.12/site-packages/airflow/example_dags/example_bash_decorator.py took 0.135 seconds
[2024-10-31T11:53:19.401+0000] {processor.py:186} INFO - Started process (PID=153) to work on /home/airflow/.local/lib/python3.12/site-packages/airflow/example_dags/example_bash_decorator.py
[2024-10-31T11:53:19.402+0000] {processor.py:914} INFO - Processing file /home/airflow/.local/lib/python3.12/site-packages/airflow/example_dags/example_bash_decorator.py for tasks to queue
[2024-10-31T11:53:19.404+0000] {logging_mixin.py:190} INFO - [2024-10-31T11:53:19.404+0000] {dagbag.py:588} INFO - Filling up the DagBag from /home/airflow/.local/lib/python3.12/site-packages/airflow/example_dags/example_bash_decorator.py
[2024-10-31T11:53:19.415+0000] {processor.py:925} INFO - DAG(s) 'example_bash_decorator' retrieved from /home/airflow/.local/lib/python3.12/site-packages/airflow/example_dags/example_bash_decorator.py
[2024-10-31T11:53:19.435+0000] {logging_mixin.py:190} INFO - [2024-10-31T11:53:19.435+0000] {dag.py:3239} INFO - Sync 1 DAGs
[2024-10-31T11:53:19.445+0000] {logging_mixin.py:190} INFO - [2024-10-31T11:53:19.445+0000] {dag.py:4180} INFO - Setting next_dagrun for example_bash_decorator to None, run_after=None
[2024-10-31T11:53:19.492+0000] {processor.py:208} INFO - Processing /home/airflow/.local/lib/python3.12/site-packages/airflow/example_dags/example_bash_decorator.py took 0.113 seconds
[2024-10-31T11:53:49.646+0000] {processor.py:186} INFO - Started process (PID=217) to work on /home/airflow/.local/lib/python3.12/site-packages/airflow/example_dags/example_bash_decorator.py
[2024-10-31T11:53:49.647+0000] {processor.py:914} INFO - Processing file /home/airflow/.local/lib/python3.12/site-packages/airflow/example_dags/example_bash_decorator.py for tasks to queue
[2024-10-31T11:53:49.649+0000] {logging_mixin.py:190} INFO - [2024-10-31T11:53:49.649+0000] {dagbag.py:588} INFO - Filling up the DagBag from /home/airflow/.local/lib/python3.12/site-packages/airflow/example_dags/example_bash_decorator.py
[2024-10-31T11:53:49.658+0000] {processor.py:925} INFO - DAG(s) 'example_bash_decorator' retrieved from /home/airflow/.local/lib/python3.12/site-packages/airflow/example_dags/example_bash_decorator.py
[2024-10-31T11:53:49.678+0000] {logging_mixin.py:190} INFO - [2024-10-31T11:53:49.678+0000] {dag.py:3239} INFO - Sync 1 DAGs
[2024-10-31T11:53:49.688+0000] {logging_mixin.py:190} INFO - [2024-10-31T11:53:49.688+0000] {dag.py:4180} INFO - Setting next_dagrun for example_bash_decorator to None, run_after=None
[2024-10-31T11:53:49.701+0000] {processor.py:208} INFO - Processing /home/airflow/.local/lib/python3.12/site-packages/airflow/example_dags/example_bash_decorator.py took 0.059 seconds
[2024-10-31T11:54:19.961+0000] {processor.py:186} INFO - Started process (PID=281) to work on /home/airflow/.local/lib/python3.12/site-packages/airflow/example_dags/example_bash_decorator.py
[2024-10-31T11:54:19.963+0000] {processor.py:914} INFO - Processing file /home/airflow/.local/lib/python3.12/site-packages/airflow/example_dags/example_bash_decorator.py for tasks to queue
[2024-10-31T11:54:19.965+0000] {logging_mixin.py:190} INFO - [2024-10-31T11:54:19.965+0000] {dagbag.py:588} INFO - Filling up the DagBag from /home/airflow/.local/lib/python3.12/site-packages/airflow/example_dags/example_bash_decorator.py
[2024-10-31T11:54:19.974+0000] {processor.py:925} INFO - DAG(s) 'example_bash_decorator' retrieved from /home/airflow/.local/lib/python3.12/site-packages/airflow/example_dags/example_bash_decorator.py
[2024-10-31T11:54:19.992+0000] {logging_mixin.py:190} INFO - [2024-10-31T11:54:19.992+0000] {dag.py:3239} INFO - Sync 1 DAGs
[2024-10-31T11:54:20.001+0000] {logging_mixin.py:190} INFO - [2024-10-31T11:54:20.001+0000] {dag.py:4180} INFO - Setting next_dagrun for example_bash_decorator to None, run_after=None
[2024-10-31T11:54:20.013+0000] {processor.py:208} INFO - Processing /home/airflow/.local/lib/python3.12/site-packages/airflow/example_dags/example_bash_decorator.py took 0.057 seconds
[2024-10-31T11:54:50.262+0000] {processor.py:186} INFO - Started process (PID=344) to work on /home/airflow/.local/lib/python3.12/site-packages/airflow/example_dags/example_bash_decorator.py
[2024-10-31T11:54:50.264+0000] {processor.py:914} INFO - Processing file /home/airflow/.local/lib/python3.12/site-packages/airflow/example_dags/example_bash_decorator.py for tasks to queue
[2024-10-31T11:54:50.266+0000] {logging_mixin.py:190} INFO - [2024-10-31T11:54:50.265+0000] {dagbag.py:588} INFO - Filling up the DagBag from /home/airflow/.local/lib/python3.12/site-packages/airflow/example_dags/example_bash_decorator.py
[2024-10-31T11:54:50.276+0000] {processor.py:925} INFO - DAG(s) 'example_bash_decorator' retrieved from /home/airflow/.local/lib/python3.12/site-packages/airflow/example_dags/example_bash_decorator.py
[2024-10-31T11:54:50.295+0000] {logging_mixin.py:190} INFO - [2024-10-31T11:54:50.295+0000] {dag.py:3239} INFO - Sync 1 DAGs
[2024-10-31T11:54:50.304+0000] {logging_mixin.py:190} INFO - [2024-10-31T11:54:50.304+0000] {dag.py:4180} INFO - Setting next_dagrun for example_bash_decorator to None, run_after=None
[2024-10-31T11:54:50.322+0000] {processor.py:208} INFO - Processing /home/airflow/.local/lib/python3.12/site-packages/airflow/example_dags/example_bash_decorator.py took 0.065 seconds
[2024-10-31T11:55:20.555+0000] {processor.py:186} INFO - Started process (PID=408) to work on /home/airflow/.local/lib/python3.12/site-packages/airflow/example_dags/example_bash_decorator.py
[2024-10-31T11:55:20.556+0000] {processor.py:914} INFO - Processing file /home/airflow/.local/lib/python3.12/site-packages/airflow/example_dags/example_bash_decorator.py for tasks to queue
[2024-10-31T11:55:20.557+0000] {logging_mixin.py:190} INFO - [2024-10-31T11:55:20.557+0000] {dagbag.py:588} INFO - Filling up the DagBag from /home/airflow/.local/lib/python3.12/site-packages/airflow/example_dags/example_bash_decorator.py
[2024-10-31T11:55:20.568+0000] {processor.py:925} INFO - DAG(s) 'example_bash_decorator' retrieved from /home/airflow/.local/lib/python3.12/site-packages/airflow/example_dags/example_bash_decorator.py
[2024-10-31T11:55:20.591+0000] {logging_mixin.py:190} INFO - [2024-10-31T11:55:20.591+0000] {dag.py:3239} INFO - Sync 1 DAGs
[2024-10-31T11:55:20.602+0000] {logging_mixin.py:190} INFO - [2024-10-31T11:55:20.602+0000] {dag.py:4180} INFO - Setting next_dagrun for example_bash_decorator to None, run_after=None
[2024-10-31T11:55:20.624+0000] {processor.py:208} INFO - Processing /home/airflow/.local/lib/python3.12/site-packages/airflow/example_dags/example_bash_decorator.py took 0.074 seconds
[2024-10-31T11:55:50.742+0000] {processor.py:186} INFO - Started process (PID=472) to work on /home/airflow/.local/lib/python3.12/site-packages/airflow/example_dags/example_bash_decorator.py
[2024-10-31T11:55:50.746+0000] {processor.py:914} INFO - Processing file /home/airflow/.local/lib/python3.12/site-packages/airflow/example_dags/example_bash_decorator.py for tasks to queue
[2024-10-31T11:55:50.747+0000] {logging_mixin.py:190} INFO - [2024-10-31T11:55:50.747+0000] {dagbag.py:588} INFO - Filling up the DagBag from /home/airflow/.local/lib/python3.12/site-packages/airflow/example_dags/example_bash_decorator.py
[2024-10-31T11:55:50.757+0000] {processor.py:925} INFO - DAG(s) 'example_bash_decorator' retrieved from /home/airflow/.local/lib/python3.12/site-packages/airflow/example_dags/example_bash_decorator.py
[2024-10-31T11:55:50.773+0000] {logging_mixin.py:190} INFO - [2024-10-31T11:55:50.773+0000] {dag.py:3239} INFO - Sync 1 DAGs
[2024-10-31T11:55:50.781+0000] {logging_mixin.py:190} INFO - [2024-10-31T11:55:50.781+0000] {dag.py:4180} INFO - Setting next_dagrun for example_bash_decorator to None, run_after=None
[2024-10-31T11:55:50.797+0000] {processor.py:208} INFO - Processing /home/airflow/.local/lib/python3.12/site-packages/airflow/example_dags/example_bash_decorator.py took 0.059 seconds
[2024-10-31T11:56:21.189+0000] {processor.py:186} INFO - Started process (PID=536) to work on /home/airflow/.local/lib/python3.12/site-packages/airflow/example_dags/example_bash_decorator.py
[2024-10-31T11:56:21.190+0000] {processor.py:914} INFO - Processing file /home/airflow/.local/lib/python3.12/site-packages/airflow/example_dags/example_bash_decorator.py for tasks to queue
[2024-10-31T11:56:21.192+0000] {logging_mixin.py:190} INFO - [2024-10-31T11:56:21.192+0000] {dagbag.py:588} INFO - Filling up the DagBag from /home/airflow/.local/lib/python3.12/site-packages/airflow/example_dags/example_bash_decorator.py
[2024-10-31T11:56:21.201+0000] {processor.py:925} INFO - DAG(s) 'example_bash_decorator' retrieved from /home/airflow/.local/lib/python3.12/site-packages/airflow/example_dags/example_bash_decorator.py
[2024-10-31T11:56:21.219+0000] {logging_mixin.py:190} INFO - [2024-10-31T11:56:21.219+0000] {dag.py:3239} INFO - Sync 1 DAGs
[2024-10-31T11:56:21.229+0000] {logging_mixin.py:190} INFO - [2024-10-31T11:56:21.229+0000] {dag.py:4180} INFO - Setting next_dagrun for example_bash_decorator to None, run_after=None
[2024-10-31T11:56:21.251+0000] {processor.py:208} INFO - Processing /home/airflow/.local/lib/python3.12/site-packages/airflow/example_dags/example_bash_decorator.py took 0.066 seconds
[2024-10-31T11:56:51.453+0000] {processor.py:186} INFO - Started process (PID=600) to work on /home/airflow/.local/lib/python3.12/site-packages/airflow/example_dags/example_bash_decorator.py
[2024-10-31T11:56:51.454+0000] {processor.py:914} INFO - Processing file /home/airflow/.local/lib/python3.12/site-packages/airflow/example_dags/example_bash_decorator.py for tasks to queue
[2024-10-31T11:56:51.456+0000] {logging_mixin.py:190} INFO - [2024-10-31T11:56:51.455+0000] {dagbag.py:588} INFO - Filling up the DagBag from /home/airflow/.local/lib/python3.12/site-packages/airflow/example_dags/example_bash_decorator.py
[2024-10-31T11:56:51.465+0000] {processor.py:925} INFO - DAG(s) 'example_bash_decorator' retrieved from /home/airflow/.local/lib/python3.12/site-packages/airflow/example_dags/example_bash_decorator.py
[2024-10-31T11:56:51.481+0000] {logging_mixin.py:190} INFO - [2024-10-31T11:56:51.481+0000] {dag.py:3239} INFO - Sync 1 DAGs
[2024-10-31T11:56:51.491+0000] {logging_mixin.py:190} INFO - [2024-10-31T11:56:51.490+0000] {dag.py:4180} INFO - Setting next_dagrun for example_bash_decorator to None, run_after=None
[2024-10-31T11:56:51.506+0000] {processor.py:208} INFO - Processing /home/airflow/.local/lib/python3.12/site-packages/airflow/example_dags/example_bash_decorator.py took 0.058 seconds
[2024-10-31T11:57:21.694+0000] {processor.py:186} INFO - Started process (PID=664) to work on /home/airflow/.local/lib/python3.12/site-packages/airflow/example_dags/example_bash_decorator.py
[2024-10-31T11:57:21.699+0000] {processor.py:914} INFO - Processing file /home/airflow/.local/lib/python3.12/site-packages/airflow/example_dags/example_bash_decorator.py for tasks to queue
[2024-10-31T11:57:21.701+0000] {logging_mixin.py:190} INFO - [2024-10-31T11:57:21.701+0000] {dagbag.py:588} INFO - Filling up the DagBag from /home/airflow/.local/lib/python3.12/site-packages/airflow/example_dags/example_bash_decorator.py
[2024-10-31T11:57:21.711+0000] {processor.py:925} INFO - DAG(s) 'example_bash_decorator' retrieved from /home/airflow/.local/lib/python3.12/site-packages/airflow/example_dags/example_bash_decorator.py
[2024-10-31T11:57:21.736+0000] {logging_mixin.py:190} INFO - [2024-10-31T11:57:21.735+0000] {dag.py:3239} INFO - Sync 1 DAGs
[2024-10-31T11:57:21.745+0000] {logging_mixin.py:190} INFO - [2024-10-31T11:57:21.744+0000] {dag.py:4180} INFO - Setting next_dagrun for example_bash_decorator to None, run_after=None
[2024-10-31T11:57:21.763+0000] {processor.py:208} INFO - Processing /home/airflow/.local/lib/python3.12/site-packages/airflow/example_dags/example_bash_decorator.py took 0.073 seconds
[2024-10-31T11:57:52.117+0000] {processor.py:186} INFO - Started process (PID=727) to work on /home/airflow/.local/lib/python3.12/site-packages/airflow/example_dags/example_bash_decorator.py
[2024-10-31T11:57:52.119+0000] {processor.py:914} INFO - Processing file /home/airflow/.local/lib/python3.12/site-packages/airflow/example_dags/example_bash_decorator.py for tasks to queue
[2024-10-31T11:57:52.120+0000] {logging_mixin.py:190} INFO - [2024-10-31T11:57:52.120+0000] {dagbag.py:588} INFO - Filling up the DagBag from /home/airflow/.local/lib/python3.12/site-packages/airflow/example_dags/example_bash_decorator.py
[2024-10-31T11:57:52.130+0000] {processor.py:925} INFO - DAG(s) 'example_bash_decorator' retrieved from /home/airflow/.local/lib/python3.12/site-packages/airflow/example_dags/example_bash_decorator.py
[2024-10-31T11:57:52.147+0000] {logging_mixin.py:190} INFO - [2024-10-31T11:57:52.147+0000] {dag.py:3239} INFO - Sync 1 DAGs
[2024-10-31T11:57:52.157+0000] {logging_mixin.py:190} INFO - [2024-10-31T11:57:52.157+0000] {dag.py:4180} INFO - Setting next_dagrun for example_bash_decorator to None, run_after=None
[2024-10-31T11:57:52.169+0000] {processor.py:208} INFO - Processing /home/airflow/.local/lib/python3.12/site-packages/airflow/example_dags/example_bash_decorator.py took 0.056 seconds
[2024-10-31T11:58:22.324+0000] {processor.py:186} INFO - Started process (PID=791) to work on /home/airflow/.local/lib/python3.12/site-packages/airflow/example_dags/example_bash_decorator.py
[2024-10-31T11:58:22.325+0000] {processor.py:914} INFO - Processing file /home/airflow/.local/lib/python3.12/site-packages/airflow/example_dags/example_bash_decorator.py for tasks to queue
[2024-10-31T11:58:22.327+0000] {logging_mixin.py:190} INFO - [2024-10-31T11:58:22.327+0000] {dagbag.py:588} INFO - Filling up the DagBag from /home/airflow/.local/lib/python3.12/site-packages/airflow/example_dags/example_bash_decorator.py
[2024-10-31T11:58:22.336+0000] {processor.py:925} INFO - DAG(s) 'example_bash_decorator' retrieved from /home/airflow/.local/lib/python3.12/site-packages/airflow/example_dags/example_bash_decorator.py
[2024-10-31T11:58:22.352+0000] {logging_mixin.py:190} INFO - [2024-10-31T11:58:22.352+0000] {dag.py:3239} INFO - Sync 1 DAGs
[2024-10-31T11:58:22.362+0000] {logging_mixin.py:190} INFO - [2024-10-31T11:58:22.362+0000] {dag.py:4180} INFO - Setting next_dagrun for example_bash_decorator to None, run_after=None
[2024-10-31T11:58:22.374+0000] {processor.py:208} INFO - Processing /home/airflow/.local/lib/python3.12/site-packages/airflow/example_dags/example_bash_decorator.py took 0.053 seconds
[2024-10-31T11:58:53.689+0000] {processor.py:186} INFO - Started process (PID=855) to work on /home/airflow/.local/lib/python3.12/site-packages/airflow/example_dags/example_bash_decorator.py
[2024-10-31T11:58:53.693+0000] {processor.py:914} INFO - Processing file /home/airflow/.local/lib/python3.12/site-packages/airflow/example_dags/example_bash_decorator.py for tasks to queue
[2024-10-31T11:58:53.696+0000] {logging_mixin.py:190} INFO - [2024-10-31T11:58:53.695+0000] {dagbag.py:588} INFO - Filling up the DagBag from /home/airflow/.local/lib/python3.12/site-packages/airflow/example_dags/example_bash_decorator.py
[2024-10-31T11:58:53.706+0000] {processor.py:925} INFO - DAG(s) 'example_bash_decorator' retrieved from /home/airflow/.local/lib/python3.12/site-packages/airflow/example_dags/example_bash_decorator.py
[2024-10-31T11:58:53.724+0000] {logging_mixin.py:190} INFO - [2024-10-31T11:58:53.723+0000] {dag.py:3239} INFO - Sync 1 DAGs
[2024-10-31T11:58:53.734+0000] {logging_mixin.py:190} INFO - [2024-10-31T11:58:53.734+0000] {dag.py:4180} INFO - Setting next_dagrun for example_bash_decorator to None, run_after=None
[2024-10-31T11:58:53.748+0000] {processor.py:208} INFO - Processing /home/airflow/.local/lib/python3.12/site-packages/airflow/example_dags/example_bash_decorator.py took 0.063 seconds
[2024-10-31T11:59:24.058+0000] {processor.py:186} INFO - Started process (PID=919) to work on /home/airflow/.local/lib/python3.12/site-packages/airflow/example_dags/example_bash_decorator.py
[2024-10-31T11:59:24.059+0000] {processor.py:914} INFO - Processing file /home/airflow/.local/lib/python3.12/site-packages/airflow/example_dags/example_bash_decorator.py for tasks to queue
[2024-10-31T11:59:24.061+0000] {logging_mixin.py:190} INFO - [2024-10-31T11:59:24.061+0000] {dagbag.py:588} INFO - Filling up the DagBag from /home/airflow/.local/lib/python3.12/site-packages/airflow/example_dags/example_bash_decorator.py
[2024-10-31T11:59:24.071+0000] {processor.py:925} INFO - DAG(s) 'example_bash_decorator' retrieved from /home/airflow/.local/lib/python3.12/site-packages/airflow/example_dags/example_bash_decorator.py
[2024-10-31T11:59:24.090+0000] {logging_mixin.py:190} INFO - [2024-10-31T11:59:24.090+0000] {dag.py:3239} INFO - Sync 1 DAGs
[2024-10-31T11:59:24.099+0000] {logging_mixin.py:190} INFO - [2024-10-31T11:59:24.099+0000] {dag.py:4180} INFO - Setting next_dagrun for example_bash_decorator to None, run_after=None
[2024-10-31T11:59:24.110+0000] {processor.py:208} INFO - Processing /home/airflow/.local/lib/python3.12/site-packages/airflow/example_dags/example_bash_decorator.py took 0.057 seconds
[2024-10-31T11:59:54.635+0000] {processor.py:186} INFO - Started process (PID=983) to work on /home/airflow/.local/lib/python3.12/site-packages/airflow/example_dags/example_bash_decorator.py
[2024-10-31T11:59:54.637+0000] {processor.py:914} INFO - Processing file /home/airflow/.local/lib/python3.12/site-packages/airflow/example_dags/example_bash_decorator.py for tasks to queue
[2024-10-31T11:59:54.640+0000] {logging_mixin.py:190} INFO - [2024-10-31T11:59:54.640+0000] {dagbag.py:588} INFO - Filling up the DagBag from /home/airflow/.local/lib/python3.12/site-packages/airflow/example_dags/example_bash_decorator.py
[2024-10-31T11:59:54.653+0000] {processor.py:925} INFO - DAG(s) 'example_bash_decorator' retrieved from /home/airflow/.local/lib/python3.12/site-packages/airflow/example_dags/example_bash_decorator.py
[2024-10-31T11:59:54.672+0000] {logging_mixin.py:190} INFO - [2024-10-31T11:59:54.672+0000] {dag.py:3239} INFO - Sync 1 DAGs
[2024-10-31T11:59:54.681+0000] {logging_mixin.py:190} INFO - [2024-10-31T11:59:54.681+0000] {dag.py:4180} INFO - Setting next_dagrun for example_bash_decorator to None, run_after=None
[2024-10-31T11:59:54.699+0000] {processor.py:208} INFO - Processing /home/airflow/.local/lib/python3.12/site-packages/airflow/example_dags/example_bash_decorator.py took 0.068 seconds
[2024-10-31T12:00:25.065+0000] {processor.py:186} INFO - Started process (PID=1046) to work on /home/airflow/.local/lib/python3.12/site-packages/airflow/example_dags/example_bash_decorator.py
[2024-10-31T12:00:25.066+0000] {processor.py:914} INFO - Processing file /home/airflow/.local/lib/python3.12/site-packages/airflow/example_dags/example_bash_decorator.py for tasks to queue
[2024-10-31T12:00:25.068+0000] {logging_mixin.py:190} INFO - [2024-10-31T12:00:25.068+0000] {dagbag.py:588} INFO - Filling up the DagBag from /home/airflow/.local/lib/python3.12/site-packages/airflow/example_dags/example_bash_decorator.py
[2024-10-31T12:00:25.077+0000] {processor.py:925} INFO - DAG(s) 'example_bash_decorator' retrieved from /home/airflow/.local/lib/python3.12/site-packages/airflow/example_dags/example_bash_decorator.py
[2024-10-31T12:00:25.093+0000] {logging_mixin.py:190} INFO - [2024-10-31T12:00:25.093+0000] {dag.py:3239} INFO - Sync 1 DAGs
[2024-10-31T12:00:25.102+0000] {logging_mixin.py:190} INFO - [2024-10-31T12:00:25.102+0000] {dag.py:4180} INFO - Setting next_dagrun for example_bash_decorator to None, run_after=None
[2024-10-31T12:00:25.112+0000] {processor.py:208} INFO - Processing /home/airflow/.local/lib/python3.12/site-packages/airflow/example_dags/example_bash_decorator.py took 0.051 seconds
[2024-10-31T12:42:19.858+0000] {processor.py:186} INFO - Started process (PID=97) to work on /home/airflow/.local/lib/python3.12/site-packages/airflow/example_dags/example_bash_decorator.py
[2024-10-31T12:42:19.859+0000] {processor.py:914} INFO - Processing file /home/airflow/.local/lib/python3.12/site-packages/airflow/example_dags/example_bash_decorator.py for tasks to queue
[2024-10-31T12:42:19.861+0000] {logging_mixin.py:190} INFO - [2024-10-31T12:42:19.860+0000] {dagbag.py:588} INFO - Filling up the DagBag from /home/airflow/.local/lib/python3.12/site-packages/airflow/example_dags/example_bash_decorator.py
[2024-10-31T12:42:19.876+0000] {processor.py:925} INFO - DAG(s) 'example_bash_decorator' retrieved from /home/airflow/.local/lib/python3.12/site-packages/airflow/example_dags/example_bash_decorator.py
[2024-10-31T12:42:19.968+0000] {logging_mixin.py:190} INFO - [2024-10-31T12:42:19.968+0000] {override.py:1900} INFO - Created Permission View: can read on DAG:example_bash_decorator
[2024-10-31T12:42:19.979+0000] {logging_mixin.py:190} INFO - [2024-10-31T12:42:19.978+0000] {override.py:1900} INFO - Created Permission View: can delete on DAG:example_bash_decorator
[2024-10-31T12:42:19.983+0000] {logging_mixin.py:190} INFO - [2024-10-31T12:42:19.983+0000] {override.py:1900} INFO - Created Permission View: can edit on DAG:example_bash_decorator
[2024-10-31T12:42:19.988+0000] {logging_mixin.py:190} INFO - [2024-10-31T12:42:19.987+0000] {override.py:1900} INFO - Created Permission View: menu access on DAG Run:example_bash_decorator
[2024-10-31T12:42:19.992+0000] {logging_mixin.py:190} INFO - [2024-10-31T12:42:19.992+0000] {override.py:1900} INFO - Created Permission View: can read on DAG Run:example_bash_decorator
[2024-10-31T12:42:19.995+0000] {logging_mixin.py:190} INFO - [2024-10-31T12:42:19.995+0000] {override.py:1900} INFO - Created Permission View: can delete on DAG Run:example_bash_decorator
[2024-10-31T12:42:20.000+0000] {logging_mixin.py:190} INFO - [2024-10-31T12:42:20.000+0000] {override.py:1900} INFO - Created Permission View: can create on DAG Run:example_bash_decorator
[2024-10-31T12:42:20.002+0000] {logging_mixin.py:190} INFO - [2024-10-31T12:42:20.002+0000] {dag.py:3239} INFO - Sync 1 DAGs
[2024-10-31T12:42:20.011+0000] {logging_mixin.py:190} INFO - [2024-10-31T12:42:20.011+0000] {dag.py:3262} INFO - Creating ORM DAG for example_bash_decorator
[2024-10-31T12:42:20.014+0000] {logging_mixin.py:190} INFO - [2024-10-31T12:42:20.014+0000] {dag.py:4180} INFO - Setting next_dagrun for example_bash_decorator to None, run_after=None
[2024-10-31T12:42:20.024+0000] {processor.py:208} INFO - Processing /home/airflow/.local/lib/python3.12/site-packages/airflow/example_dags/example_bash_decorator.py took 0.170 seconds
