[2024-10-31T11:46:26.255+0000] {processor.py:186} INFO - Started process (PID=92) to work on /home/airflow/.local/lib/python3.12/site-packages/airflow/example_dags/example_skip_dag.py
[2024-10-31T11:46:26.257+0000] {processor.py:914} INFO - Processing file /home/airflow/.local/lib/python3.12/site-packages/airflow/example_dags/example_skip_dag.py for tasks to queue
[2024-10-31T11:46:26.260+0000] {logging_mixin.py:190} INFO - [2024-10-31T11:46:26.260+0000] {dagbag.py:588} INFO - Filling up the DagBag from /home/airflow/.local/lib/python3.12/site-packages/airflow/example_dags/example_skip_dag.py
[2024-10-31T11:46:26.267+0000] {processor.py:925} INFO - DAG(s) 'example_skip_dag' retrieved from /home/airflow/.local/lib/python3.12/site-packages/airflow/example_dags/example_skip_dag.py
[2024-10-31T11:46:26.336+0000] {logging_mixin.py:190} INFO - [2024-10-31T11:46:26.336+0000] {override.py:1900} INFO - Created Permission View: can delete on DAG:example_skip_dag
[2024-10-31T11:46:26.343+0000] {logging_mixin.py:190} INFO - [2024-10-31T11:46:26.342+0000] {override.py:1900} INFO - Created Permission View: can read on DAG:example_skip_dag
[2024-10-31T11:46:26.348+0000] {logging_mixin.py:190} INFO - [2024-10-31T11:46:26.347+0000] {override.py:1900} INFO - Created Permission View: can edit on DAG:example_skip_dag
[2024-10-31T11:46:26.353+0000] {logging_mixin.py:190} INFO - [2024-10-31T11:46:26.353+0000] {override.py:1900} INFO - Created Permission View: can delete on DAG Run:example_skip_dag
[2024-10-31T11:46:26.357+0000] {logging_mixin.py:190} INFO - [2024-10-31T11:46:26.357+0000] {override.py:1900} INFO - Created Permission View: can read on DAG Run:example_skip_dag
[2024-10-31T11:46:26.362+0000] {logging_mixin.py:190} INFO - [2024-10-31T11:46:26.361+0000] {override.py:1900} INFO - Created Permission View: can create on DAG Run:example_skip_dag
[2024-10-31T11:46:26.366+0000] {logging_mixin.py:190} INFO - [2024-10-31T11:46:26.366+0000] {override.py:1900} INFO - Created Permission View: menu access on DAG Run:example_skip_dag
[2024-10-31T11:46:26.367+0000] {logging_mixin.py:190} INFO - [2024-10-31T11:46:26.367+0000] {dag.py:3239} INFO - Sync 1 DAGs
[2024-10-31T11:46:26.374+0000] {logging_mixin.py:190} INFO - [2024-10-31T11:46:26.374+0000] {dag.py:3262} INFO - Creating ORM DAG for example_skip_dag
[2024-10-31T11:46:26.381+0000] {logging_mixin.py:190} INFO - [2024-10-31T11:46:26.381+0000] {dag.py:4180} INFO - Setting next_dagrun for example_skip_dag to 2024-10-30 00:00:00+00:00, run_after=2024-10-31 00:00:00+00:00
[2024-10-31T11:46:26.394+0000] {processor.py:208} INFO - Processing /home/airflow/.local/lib/python3.12/site-packages/airflow/example_dags/example_skip_dag.py took 0.143 seconds
[2024-10-31T11:46:56.724+0000] {processor.py:186} INFO - Started process (PID=156) to work on /home/airflow/.local/lib/python3.12/site-packages/airflow/example_dags/example_skip_dag.py
[2024-10-31T11:46:56.728+0000] {processor.py:914} INFO - Processing file /home/airflow/.local/lib/python3.12/site-packages/airflow/example_dags/example_skip_dag.py for tasks to queue
[2024-10-31T11:46:56.729+0000] {logging_mixin.py:190} INFO - [2024-10-31T11:46:56.729+0000] {dagbag.py:588} INFO - Filling up the DagBag from /home/airflow/.local/lib/python3.12/site-packages/airflow/example_dags/example_skip_dag.py
[2024-10-31T11:46:56.735+0000] {processor.py:925} INFO - DAG(s) 'example_skip_dag' retrieved from /home/airflow/.local/lib/python3.12/site-packages/airflow/example_dags/example_skip_dag.py
[2024-10-31T11:46:56.754+0000] {logging_mixin.py:190} INFO - [2024-10-31T11:46:56.753+0000] {dag.py:3239} INFO - Sync 1 DAGs
[2024-10-31T11:46:56.770+0000] {logging_mixin.py:190} INFO - [2024-10-31T11:46:56.770+0000] {dag.py:4180} INFO - Setting next_dagrun for example_skip_dag to 2024-10-30 00:00:00+00:00, run_after=2024-10-31 00:00:00+00:00
[2024-10-31T11:46:56.782+0000] {processor.py:208} INFO - Processing /home/airflow/.local/lib/python3.12/site-packages/airflow/example_dags/example_skip_dag.py took 0.063 seconds
[2024-10-31T11:47:27.037+0000] {processor.py:186} INFO - Started process (PID=220) to work on /home/airflow/.local/lib/python3.12/site-packages/airflow/example_dags/example_skip_dag.py
[2024-10-31T11:47:27.039+0000] {processor.py:914} INFO - Processing file /home/airflow/.local/lib/python3.12/site-packages/airflow/example_dags/example_skip_dag.py for tasks to queue
[2024-10-31T11:47:27.041+0000] {logging_mixin.py:190} INFO - [2024-10-31T11:47:27.041+0000] {dagbag.py:588} INFO - Filling up the DagBag from /home/airflow/.local/lib/python3.12/site-packages/airflow/example_dags/example_skip_dag.py
[2024-10-31T11:47:27.049+0000] {processor.py:925} INFO - DAG(s) 'example_skip_dag' retrieved from /home/airflow/.local/lib/python3.12/site-packages/airflow/example_dags/example_skip_dag.py
[2024-10-31T11:47:27.081+0000] {logging_mixin.py:190} INFO - [2024-10-31T11:47:27.080+0000] {dag.py:3239} INFO - Sync 1 DAGs
[2024-10-31T11:47:27.103+0000] {logging_mixin.py:190} INFO - [2024-10-31T11:47:27.103+0000] {dag.py:4180} INFO - Setting next_dagrun for example_skip_dag to 2024-10-30 00:00:00+00:00, run_after=2024-10-31 00:00:00+00:00
[2024-10-31T11:47:27.118+0000] {processor.py:208} INFO - Processing /home/airflow/.local/lib/python3.12/site-packages/airflow/example_dags/example_skip_dag.py took 0.090 seconds
[2024-10-31T11:47:57.437+0000] {processor.py:186} INFO - Started process (PID=284) to work on /home/airflow/.local/lib/python3.12/site-packages/airflow/example_dags/example_skip_dag.py
[2024-10-31T11:47:57.438+0000] {processor.py:914} INFO - Processing file /home/airflow/.local/lib/python3.12/site-packages/airflow/example_dags/example_skip_dag.py for tasks to queue
[2024-10-31T11:47:57.440+0000] {logging_mixin.py:190} INFO - [2024-10-31T11:47:57.439+0000] {dagbag.py:588} INFO - Filling up the DagBag from /home/airflow/.local/lib/python3.12/site-packages/airflow/example_dags/example_skip_dag.py
[2024-10-31T11:47:57.445+0000] {processor.py:925} INFO - DAG(s) 'example_skip_dag' retrieved from /home/airflow/.local/lib/python3.12/site-packages/airflow/example_dags/example_skip_dag.py
[2024-10-31T11:47:57.462+0000] {logging_mixin.py:190} INFO - [2024-10-31T11:47:57.462+0000] {dag.py:3239} INFO - Sync 1 DAGs
[2024-10-31T11:47:57.478+0000] {logging_mixin.py:190} INFO - [2024-10-31T11:47:57.477+0000] {dag.py:4180} INFO - Setting next_dagrun for example_skip_dag to 2024-10-30 00:00:00+00:00, run_after=2024-10-31 00:00:00+00:00
[2024-10-31T11:47:57.491+0000] {processor.py:208} INFO - Processing /home/airflow/.local/lib/python3.12/site-packages/airflow/example_dags/example_skip_dag.py took 0.059 seconds
[2024-10-31T11:48:28.360+0000] {processor.py:186} INFO - Started process (PID=348) to work on /home/airflow/.local/lib/python3.12/site-packages/airflow/example_dags/example_skip_dag.py
[2024-10-31T11:48:28.362+0000] {processor.py:914} INFO - Processing file /home/airflow/.local/lib/python3.12/site-packages/airflow/example_dags/example_skip_dag.py for tasks to queue
[2024-10-31T11:48:28.363+0000] {logging_mixin.py:190} INFO - [2024-10-31T11:48:28.363+0000] {dagbag.py:588} INFO - Filling up the DagBag from /home/airflow/.local/lib/python3.12/site-packages/airflow/example_dags/example_skip_dag.py
[2024-10-31T11:48:28.368+0000] {processor.py:925} INFO - DAG(s) 'example_skip_dag' retrieved from /home/airflow/.local/lib/python3.12/site-packages/airflow/example_dags/example_skip_dag.py
[2024-10-31T11:48:28.382+0000] {logging_mixin.py:190} INFO - [2024-10-31T11:48:28.382+0000] {dag.py:3239} INFO - Sync 1 DAGs
[2024-10-31T11:48:28.396+0000] {logging_mixin.py:190} INFO - [2024-10-31T11:48:28.396+0000] {dag.py:4180} INFO - Setting next_dagrun for example_skip_dag to 2024-10-30 00:00:00+00:00, run_after=2024-10-31 00:00:00+00:00
[2024-10-31T11:48:28.407+0000] {processor.py:208} INFO - Processing /home/airflow/.local/lib/python3.12/site-packages/airflow/example_dags/example_skip_dag.py took 0.052 seconds
[2024-10-31T11:48:59.425+0000] {processor.py:186} INFO - Started process (PID=412) to work on /home/airflow/.local/lib/python3.12/site-packages/airflow/example_dags/example_skip_dag.py
[2024-10-31T11:48:59.427+0000] {processor.py:914} INFO - Processing file /home/airflow/.local/lib/python3.12/site-packages/airflow/example_dags/example_skip_dag.py for tasks to queue
[2024-10-31T11:48:59.429+0000] {logging_mixin.py:190} INFO - [2024-10-31T11:48:59.428+0000] {dagbag.py:588} INFO - Filling up the DagBag from /home/airflow/.local/lib/python3.12/site-packages/airflow/example_dags/example_skip_dag.py
[2024-10-31T11:48:59.434+0000] {processor.py:925} INFO - DAG(s) 'example_skip_dag' retrieved from /home/airflow/.local/lib/python3.12/site-packages/airflow/example_dags/example_skip_dag.py
[2024-10-31T11:48:59.454+0000] {logging_mixin.py:190} INFO - [2024-10-31T11:48:59.454+0000] {dag.py:3239} INFO - Sync 1 DAGs
[2024-10-31T11:48:59.475+0000] {logging_mixin.py:190} INFO - [2024-10-31T11:48:59.474+0000] {dag.py:4180} INFO - Setting next_dagrun for example_skip_dag to 2024-10-30 00:00:00+00:00, run_after=2024-10-31 00:00:00+00:00
[2024-10-31T11:48:59.493+0000] {processor.py:208} INFO - Processing /home/airflow/.local/lib/python3.12/site-packages/airflow/example_dags/example_skip_dag.py took 0.072 seconds
[2024-10-31T11:49:30.476+0000] {processor.py:186} INFO - Started process (PID=476) to work on /home/airflow/.local/lib/python3.12/site-packages/airflow/example_dags/example_skip_dag.py
[2024-10-31T11:49:30.477+0000] {processor.py:914} INFO - Processing file /home/airflow/.local/lib/python3.12/site-packages/airflow/example_dags/example_skip_dag.py for tasks to queue
[2024-10-31T11:49:30.480+0000] {logging_mixin.py:190} INFO - [2024-10-31T11:49:30.479+0000] {dagbag.py:588} INFO - Filling up the DagBag from /home/airflow/.local/lib/python3.12/site-packages/airflow/example_dags/example_skip_dag.py
[2024-10-31T11:49:30.487+0000] {processor.py:925} INFO - DAG(s) 'example_skip_dag' retrieved from /home/airflow/.local/lib/python3.12/site-packages/airflow/example_dags/example_skip_dag.py
[2024-10-31T11:49:30.501+0000] {logging_mixin.py:190} INFO - [2024-10-31T11:49:30.501+0000] {dag.py:3239} INFO - Sync 1 DAGs
[2024-10-31T11:49:30.516+0000] {logging_mixin.py:190} INFO - [2024-10-31T11:49:30.516+0000] {dag.py:4180} INFO - Setting next_dagrun for example_skip_dag to 2024-10-30 00:00:00+00:00, run_after=2024-10-31 00:00:00+00:00
[2024-10-31T11:49:30.531+0000] {processor.py:208} INFO - Processing /home/airflow/.local/lib/python3.12/site-packages/airflow/example_dags/example_skip_dag.py took 0.058 seconds
[2024-10-31T11:50:01.409+0000] {processor.py:186} INFO - Started process (PID=540) to work on /home/airflow/.local/lib/python3.12/site-packages/airflow/example_dags/example_skip_dag.py
[2024-10-31T11:50:01.411+0000] {processor.py:914} INFO - Processing file /home/airflow/.local/lib/python3.12/site-packages/airflow/example_dags/example_skip_dag.py for tasks to queue
[2024-10-31T11:50:01.412+0000] {logging_mixin.py:190} INFO - [2024-10-31T11:50:01.412+0000] {dagbag.py:588} INFO - Filling up the DagBag from /home/airflow/.local/lib/python3.12/site-packages/airflow/example_dags/example_skip_dag.py
[2024-10-31T11:50:01.418+0000] {processor.py:925} INFO - DAG(s) 'example_skip_dag' retrieved from /home/airflow/.local/lib/python3.12/site-packages/airflow/example_dags/example_skip_dag.py
[2024-10-31T11:50:01.431+0000] {logging_mixin.py:190} INFO - [2024-10-31T11:50:01.431+0000] {dag.py:3239} INFO - Sync 1 DAGs
[2024-10-31T11:50:01.446+0000] {logging_mixin.py:190} INFO - [2024-10-31T11:50:01.446+0000] {dag.py:4180} INFO - Setting next_dagrun for example_skip_dag to 2024-10-30 00:00:00+00:00, run_after=2024-10-31 00:00:00+00:00
[2024-10-31T11:50:01.458+0000] {processor.py:208} INFO - Processing /home/airflow/.local/lib/python3.12/site-packages/airflow/example_dags/example_skip_dag.py took 0.053 seconds
[2024-10-31T11:50:32.790+0000] {processor.py:186} INFO - Started process (PID=604) to work on /home/airflow/.local/lib/python3.12/site-packages/airflow/example_dags/example_skip_dag.py
[2024-10-31T11:50:32.801+0000] {processor.py:914} INFO - Processing file /home/airflow/.local/lib/python3.12/site-packages/airflow/example_dags/example_skip_dag.py for tasks to queue
[2024-10-31T11:50:32.804+0000] {logging_mixin.py:190} INFO - [2024-10-31T11:50:32.803+0000] {dagbag.py:588} INFO - Filling up the DagBag from /home/airflow/.local/lib/python3.12/site-packages/airflow/example_dags/example_skip_dag.py
[2024-10-31T11:50:32.814+0000] {processor.py:925} INFO - DAG(s) 'example_skip_dag' retrieved from /home/airflow/.local/lib/python3.12/site-packages/airflow/example_dags/example_skip_dag.py
[2024-10-31T11:50:32.832+0000] {logging_mixin.py:190} INFO - [2024-10-31T11:50:32.832+0000] {dag.py:3239} INFO - Sync 1 DAGs
[2024-10-31T11:50:32.859+0000] {logging_mixin.py:190} INFO - [2024-10-31T11:50:32.859+0000] {dag.py:4180} INFO - Setting next_dagrun for example_skip_dag to 2024-10-30 00:00:00+00:00, run_after=2024-10-31 00:00:00+00:00
[2024-10-31T11:50:32.880+0000] {processor.py:208} INFO - Processing /home/airflow/.local/lib/python3.12/site-packages/airflow/example_dags/example_skip_dag.py took 0.094 seconds
[2024-10-31T11:51:03.672+0000] {processor.py:186} INFO - Started process (PID=667) to work on /home/airflow/.local/lib/python3.12/site-packages/airflow/example_dags/example_skip_dag.py
[2024-10-31T11:51:03.673+0000] {processor.py:914} INFO - Processing file /home/airflow/.local/lib/python3.12/site-packages/airflow/example_dags/example_skip_dag.py for tasks to queue
[2024-10-31T11:51:03.675+0000] {logging_mixin.py:190} INFO - [2024-10-31T11:51:03.675+0000] {dagbag.py:588} INFO - Filling up the DagBag from /home/airflow/.local/lib/python3.12/site-packages/airflow/example_dags/example_skip_dag.py
[2024-10-31T11:51:03.680+0000] {processor.py:925} INFO - DAG(s) 'example_skip_dag' retrieved from /home/airflow/.local/lib/python3.12/site-packages/airflow/example_dags/example_skip_dag.py
[2024-10-31T11:51:03.699+0000] {logging_mixin.py:190} INFO - [2024-10-31T11:51:03.699+0000] {dag.py:3239} INFO - Sync 1 DAGs
[2024-10-31T11:51:03.716+0000] {logging_mixin.py:190} INFO - [2024-10-31T11:51:03.716+0000] {dag.py:4180} INFO - Setting next_dagrun for example_skip_dag to 2024-10-30 00:00:00+00:00, run_after=2024-10-31 00:00:00+00:00
[2024-10-31T11:51:03.726+0000] {processor.py:208} INFO - Processing /home/airflow/.local/lib/python3.12/site-packages/airflow/example_dags/example_skip_dag.py took 0.057 seconds
[2024-10-31T11:51:34.890+0000] {processor.py:186} INFO - Started process (PID=731) to work on /home/airflow/.local/lib/python3.12/site-packages/airflow/example_dags/example_skip_dag.py
[2024-10-31T11:51:34.891+0000] {processor.py:914} INFO - Processing file /home/airflow/.local/lib/python3.12/site-packages/airflow/example_dags/example_skip_dag.py for tasks to queue
[2024-10-31T11:51:34.894+0000] {logging_mixin.py:190} INFO - [2024-10-31T11:51:34.894+0000] {dagbag.py:588} INFO - Filling up the DagBag from /home/airflow/.local/lib/python3.12/site-packages/airflow/example_dags/example_skip_dag.py
[2024-10-31T11:51:34.904+0000] {processor.py:925} INFO - DAG(s) 'example_skip_dag' retrieved from /home/airflow/.local/lib/python3.12/site-packages/airflow/example_dags/example_skip_dag.py
[2024-10-31T11:51:34.918+0000] {logging_mixin.py:190} INFO - [2024-10-31T11:51:34.917+0000] {dag.py:3239} INFO - Sync 1 DAGs
[2024-10-31T11:51:34.932+0000] {logging_mixin.py:190} INFO - [2024-10-31T11:51:34.932+0000] {dag.py:4180} INFO - Setting next_dagrun for example_skip_dag to 2024-10-30 00:00:00+00:00, run_after=2024-10-31 00:00:00+00:00
[2024-10-31T11:51:34.945+0000] {processor.py:208} INFO - Processing /home/airflow/.local/lib/python3.12/site-packages/airflow/example_dags/example_skip_dag.py took 0.058 seconds
[2024-10-31T11:52:05.994+0000] {processor.py:186} INFO - Started process (PID=795) to work on /home/airflow/.local/lib/python3.12/site-packages/airflow/example_dags/example_skip_dag.py
[2024-10-31T11:52:05.995+0000] {processor.py:914} INFO - Processing file /home/airflow/.local/lib/python3.12/site-packages/airflow/example_dags/example_skip_dag.py for tasks to queue
[2024-10-31T11:52:05.997+0000] {logging_mixin.py:190} INFO - [2024-10-31T11:52:05.997+0000] {dagbag.py:588} INFO - Filling up the DagBag from /home/airflow/.local/lib/python3.12/site-packages/airflow/example_dags/example_skip_dag.py
[2024-10-31T11:52:06.002+0000] {processor.py:925} INFO - DAG(s) 'example_skip_dag' retrieved from /home/airflow/.local/lib/python3.12/site-packages/airflow/example_dags/example_skip_dag.py
[2024-10-31T11:52:06.017+0000] {logging_mixin.py:190} INFO - [2024-10-31T11:52:06.017+0000] {dag.py:3239} INFO - Sync 1 DAGs
[2024-10-31T11:52:06.036+0000] {logging_mixin.py:190} INFO - [2024-10-31T11:52:06.036+0000] {dag.py:4180} INFO - Setting next_dagrun for example_skip_dag to 2024-10-30 00:00:00+00:00, run_after=2024-10-31 00:00:00+00:00
[2024-10-31T11:52:06.049+0000] {processor.py:208} INFO - Processing /home/airflow/.local/lib/python3.12/site-packages/airflow/example_dags/example_skip_dag.py took 0.059 seconds
[2024-10-31T11:52:47.735+0000] {processor.py:186} INFO - Started process (PID=78) to work on /home/airflow/.local/lib/python3.12/site-packages/airflow/example_dags/example_skip_dag.py
[2024-10-31T11:52:47.737+0000] {processor.py:914} INFO - Processing file /home/airflow/.local/lib/python3.12/site-packages/airflow/example_dags/example_skip_dag.py for tasks to queue
[2024-10-31T11:52:47.738+0000] {logging_mixin.py:190} INFO - [2024-10-31T11:52:47.738+0000] {dagbag.py:588} INFO - Filling up the DagBag from /home/airflow/.local/lib/python3.12/site-packages/airflow/example_dags/example_skip_dag.py
[2024-10-31T11:52:47.744+0000] {processor.py:925} INFO - DAG(s) 'example_skip_dag' retrieved from /home/airflow/.local/lib/python3.12/site-packages/airflow/example_dags/example_skip_dag.py
[2024-10-31T11:52:47.759+0000] {logging_mixin.py:190} INFO - [2024-10-31T11:52:47.759+0000] {dag.py:3239} INFO - Sync 1 DAGs
[2024-10-31T11:52:47.775+0000] {logging_mixin.py:190} INFO - [2024-10-31T11:52:47.774+0000] {dag.py:4180} INFO - Setting next_dagrun for example_skip_dag to 2024-10-30 00:00:00+00:00, run_after=2024-10-31 00:00:00+00:00
[2024-10-31T11:52:47.786+0000] {processor.py:208} INFO - Processing /home/airflow/.local/lib/python3.12/site-packages/airflow/example_dags/example_skip_dag.py took 0.054 seconds
[2024-10-31T11:53:19.041+0000] {processor.py:186} INFO - Started process (PID=148) to work on /home/airflow/.local/lib/python3.12/site-packages/airflow/example_dags/example_skip_dag.py
[2024-10-31T11:53:19.042+0000] {processor.py:914} INFO - Processing file /home/airflow/.local/lib/python3.12/site-packages/airflow/example_dags/example_skip_dag.py for tasks to queue
[2024-10-31T11:53:19.045+0000] {logging_mixin.py:190} INFO - [2024-10-31T11:53:19.044+0000] {dagbag.py:588} INFO - Filling up the DagBag from /home/airflow/.local/lib/python3.12/site-packages/airflow/example_dags/example_skip_dag.py
[2024-10-31T11:53:19.050+0000] {processor.py:925} INFO - DAG(s) 'example_skip_dag' retrieved from /home/airflow/.local/lib/python3.12/site-packages/airflow/example_dags/example_skip_dag.py
[2024-10-31T11:53:19.067+0000] {logging_mixin.py:190} INFO - [2024-10-31T11:53:19.066+0000] {dag.py:3239} INFO - Sync 1 DAGs
[2024-10-31T11:53:19.094+0000] {logging_mixin.py:190} INFO - [2024-10-31T11:53:19.094+0000] {dag.py:4180} INFO - Setting next_dagrun for example_skip_dag to 2024-10-30 00:00:00+00:00, run_after=2024-10-31 00:00:00+00:00
[2024-10-31T11:53:19.115+0000] {processor.py:208} INFO - Processing /home/airflow/.local/lib/python3.12/site-packages/airflow/example_dags/example_skip_dag.py took 0.087 seconds
[2024-10-31T11:53:49.458+0000] {processor.py:186} INFO - Started process (PID=212) to work on /home/airflow/.local/lib/python3.12/site-packages/airflow/example_dags/example_skip_dag.py
[2024-10-31T11:53:49.459+0000] {processor.py:914} INFO - Processing file /home/airflow/.local/lib/python3.12/site-packages/airflow/example_dags/example_skip_dag.py for tasks to queue
[2024-10-31T11:53:49.462+0000] {logging_mixin.py:190} INFO - [2024-10-31T11:53:49.461+0000] {dagbag.py:588} INFO - Filling up the DagBag from /home/airflow/.local/lib/python3.12/site-packages/airflow/example_dags/example_skip_dag.py
[2024-10-31T11:53:49.468+0000] {processor.py:925} INFO - DAG(s) 'example_skip_dag' retrieved from /home/airflow/.local/lib/python3.12/site-packages/airflow/example_dags/example_skip_dag.py
[2024-10-31T11:53:49.482+0000] {logging_mixin.py:190} INFO - [2024-10-31T11:53:49.481+0000] {dag.py:3239} INFO - Sync 1 DAGs
[2024-10-31T11:53:49.499+0000] {logging_mixin.py:190} INFO - [2024-10-31T11:53:49.498+0000] {dag.py:4180} INFO - Setting next_dagrun for example_skip_dag to 2024-10-30 00:00:00+00:00, run_after=2024-10-31 00:00:00+00:00
[2024-10-31T11:53:49.514+0000] {processor.py:208} INFO - Processing /home/airflow/.local/lib/python3.12/site-packages/airflow/example_dags/example_skip_dag.py took 0.060 seconds
[2024-10-31T11:54:19.773+0000] {processor.py:186} INFO - Started process (PID=276) to work on /home/airflow/.local/lib/python3.12/site-packages/airflow/example_dags/example_skip_dag.py
[2024-10-31T11:54:19.775+0000] {processor.py:914} INFO - Processing file /home/airflow/.local/lib/python3.12/site-packages/airflow/example_dags/example_skip_dag.py for tasks to queue
[2024-10-31T11:54:19.780+0000] {logging_mixin.py:190} INFO - [2024-10-31T11:54:19.780+0000] {dagbag.py:588} INFO - Filling up the DagBag from /home/airflow/.local/lib/python3.12/site-packages/airflow/example_dags/example_skip_dag.py
[2024-10-31T11:54:19.795+0000] {processor.py:925} INFO - DAG(s) 'example_skip_dag' retrieved from /home/airflow/.local/lib/python3.12/site-packages/airflow/example_dags/example_skip_dag.py
[2024-10-31T11:54:19.810+0000] {logging_mixin.py:190} INFO - [2024-10-31T11:54:19.810+0000] {dag.py:3239} INFO - Sync 1 DAGs
[2024-10-31T11:54:19.827+0000] {logging_mixin.py:190} INFO - [2024-10-31T11:54:19.826+0000] {dag.py:4180} INFO - Setting next_dagrun for example_skip_dag to 2024-10-30 00:00:00+00:00, run_after=2024-10-31 00:00:00+00:00
[2024-10-31T11:54:19.840+0000] {processor.py:208} INFO - Processing /home/airflow/.local/lib/python3.12/site-packages/airflow/example_dags/example_skip_dag.py took 0.070 seconds
[2024-10-31T11:54:50.051+0000] {processor.py:186} INFO - Started process (PID=339) to work on /home/airflow/.local/lib/python3.12/site-packages/airflow/example_dags/example_skip_dag.py
[2024-10-31T11:54:50.053+0000] {processor.py:914} INFO - Processing file /home/airflow/.local/lib/python3.12/site-packages/airflow/example_dags/example_skip_dag.py for tasks to queue
[2024-10-31T11:54:50.054+0000] {logging_mixin.py:190} INFO - [2024-10-31T11:54:50.054+0000] {dagbag.py:588} INFO - Filling up the DagBag from /home/airflow/.local/lib/python3.12/site-packages/airflow/example_dags/example_skip_dag.py
[2024-10-31T11:54:50.060+0000] {processor.py:925} INFO - DAG(s) 'example_skip_dag' retrieved from /home/airflow/.local/lib/python3.12/site-packages/airflow/example_dags/example_skip_dag.py
[2024-10-31T11:54:50.073+0000] {logging_mixin.py:190} INFO - [2024-10-31T11:54:50.073+0000] {dag.py:3239} INFO - Sync 1 DAGs
[2024-10-31T11:54:50.088+0000] {logging_mixin.py:190} INFO - [2024-10-31T11:54:50.088+0000] {dag.py:4180} INFO - Setting next_dagrun for example_skip_dag to 2024-10-30 00:00:00+00:00, run_after=2024-10-31 00:00:00+00:00
[2024-10-31T11:54:50.101+0000] {processor.py:208} INFO - Processing /home/airflow/.local/lib/python3.12/site-packages/airflow/example_dags/example_skip_dag.py took 0.054 seconds
[2024-10-31T11:55:20.329+0000] {processor.py:186} INFO - Started process (PID=403) to work on /home/airflow/.local/lib/python3.12/site-packages/airflow/example_dags/example_skip_dag.py
[2024-10-31T11:55:20.330+0000] {processor.py:914} INFO - Processing file /home/airflow/.local/lib/python3.12/site-packages/airflow/example_dags/example_skip_dag.py for tasks to queue
[2024-10-31T11:55:20.332+0000] {logging_mixin.py:190} INFO - [2024-10-31T11:55:20.332+0000] {dagbag.py:588} INFO - Filling up the DagBag from /home/airflow/.local/lib/python3.12/site-packages/airflow/example_dags/example_skip_dag.py
[2024-10-31T11:55:20.337+0000] {processor.py:925} INFO - DAG(s) 'example_skip_dag' retrieved from /home/airflow/.local/lib/python3.12/site-packages/airflow/example_dags/example_skip_dag.py
[2024-10-31T11:55:20.355+0000] {logging_mixin.py:190} INFO - [2024-10-31T11:55:20.355+0000] {dag.py:3239} INFO - Sync 1 DAGs
[2024-10-31T11:55:20.372+0000] {logging_mixin.py:190} INFO - [2024-10-31T11:55:20.371+0000] {dag.py:4180} INFO - Setting next_dagrun for example_skip_dag to 2024-10-30 00:00:00+00:00, run_after=2024-10-31 00:00:00+00:00
[2024-10-31T11:55:20.388+0000] {processor.py:208} INFO - Processing /home/airflow/.local/lib/python3.12/site-packages/airflow/example_dags/example_skip_dag.py took 0.062 seconds
[2024-10-31T11:55:50.482+0000] {processor.py:186} INFO - Started process (PID=467) to work on /home/airflow/.local/lib/python3.12/site-packages/airflow/example_dags/example_skip_dag.py
[2024-10-31T11:55:50.484+0000] {processor.py:914} INFO - Processing file /home/airflow/.local/lib/python3.12/site-packages/airflow/example_dags/example_skip_dag.py for tasks to queue
[2024-10-31T11:55:50.486+0000] {logging_mixin.py:190} INFO - [2024-10-31T11:55:50.486+0000] {dagbag.py:588} INFO - Filling up the DagBag from /home/airflow/.local/lib/python3.12/site-packages/airflow/example_dags/example_skip_dag.py
[2024-10-31T11:55:50.491+0000] {processor.py:925} INFO - DAG(s) 'example_skip_dag' retrieved from /home/airflow/.local/lib/python3.12/site-packages/airflow/example_dags/example_skip_dag.py
[2024-10-31T11:55:50.512+0000] {logging_mixin.py:190} INFO - [2024-10-31T11:55:50.512+0000] {dag.py:3239} INFO - Sync 1 DAGs
[2024-10-31T11:55:50.525+0000] {logging_mixin.py:190} INFO - [2024-10-31T11:55:50.525+0000] {dag.py:4180} INFO - Setting next_dagrun for example_skip_dag to 2024-10-30 00:00:00+00:00, run_after=2024-10-31 00:00:00+00:00
[2024-10-31T11:55:50.541+0000] {processor.py:208} INFO - Processing /home/airflow/.local/lib/python3.12/site-packages/airflow/example_dags/example_skip_dag.py took 0.063 seconds
[2024-10-31T11:56:20.860+0000] {processor.py:186} INFO - Started process (PID=531) to work on /home/airflow/.local/lib/python3.12/site-packages/airflow/example_dags/example_skip_dag.py
[2024-10-31T11:56:20.861+0000] {processor.py:914} INFO - Processing file /home/airflow/.local/lib/python3.12/site-packages/airflow/example_dags/example_skip_dag.py for tasks to queue
[2024-10-31T11:56:20.862+0000] {logging_mixin.py:190} INFO - [2024-10-31T11:56:20.862+0000] {dagbag.py:588} INFO - Filling up the DagBag from /home/airflow/.local/lib/python3.12/site-packages/airflow/example_dags/example_skip_dag.py
[2024-10-31T11:56:20.867+0000] {processor.py:925} INFO - DAG(s) 'example_skip_dag' retrieved from /home/airflow/.local/lib/python3.12/site-packages/airflow/example_dags/example_skip_dag.py
[2024-10-31T11:56:20.882+0000] {logging_mixin.py:190} INFO - [2024-10-31T11:56:20.881+0000] {dag.py:3239} INFO - Sync 1 DAGs
[2024-10-31T11:56:20.898+0000] {logging_mixin.py:190} INFO - [2024-10-31T11:56:20.897+0000] {dag.py:4180} INFO - Setting next_dagrun for example_skip_dag to 2024-10-30 00:00:00+00:00, run_after=2024-10-31 00:00:00+00:00
[2024-10-31T11:56:20.913+0000] {processor.py:208} INFO - Processing /home/airflow/.local/lib/python3.12/site-packages/airflow/example_dags/example_skip_dag.py took 0.058 seconds
[2024-10-31T11:56:50.987+0000] {processor.py:186} INFO - Started process (PID=594) to work on /home/airflow/.local/lib/python3.12/site-packages/airflow/example_dags/example_skip_dag.py
[2024-10-31T11:56:50.988+0000] {processor.py:914} INFO - Processing file /home/airflow/.local/lib/python3.12/site-packages/airflow/example_dags/example_skip_dag.py for tasks to queue
[2024-10-31T11:56:50.991+0000] {logging_mixin.py:190} INFO - [2024-10-31T11:56:50.990+0000] {dagbag.py:588} INFO - Filling up the DagBag from /home/airflow/.local/lib/python3.12/site-packages/airflow/example_dags/example_skip_dag.py
[2024-10-31T11:56:50.996+0000] {processor.py:925} INFO - DAG(s) 'example_skip_dag' retrieved from /home/airflow/.local/lib/python3.12/site-packages/airflow/example_dags/example_skip_dag.py
[2024-10-31T11:56:51.010+0000] {logging_mixin.py:190} INFO - [2024-10-31T11:56:51.010+0000] {dag.py:3239} INFO - Sync 1 DAGs
[2024-10-31T11:56:51.025+0000] {logging_mixin.py:190} INFO - [2024-10-31T11:56:51.025+0000] {dag.py:4180} INFO - Setting next_dagrun for example_skip_dag to 2024-10-30 00:00:00+00:00, run_after=2024-10-31 00:00:00+00:00
[2024-10-31T11:56:51.036+0000] {processor.py:208} INFO - Processing /home/airflow/.local/lib/python3.12/site-packages/airflow/example_dags/example_skip_dag.py took 0.054 seconds
[2024-10-31T11:57:21.469+0000] {processor.py:186} INFO - Started process (PID=659) to work on /home/airflow/.local/lib/python3.12/site-packages/airflow/example_dags/example_skip_dag.py
[2024-10-31T11:57:21.473+0000] {processor.py:914} INFO - Processing file /home/airflow/.local/lib/python3.12/site-packages/airflow/example_dags/example_skip_dag.py for tasks to queue
[2024-10-31T11:57:21.475+0000] {logging_mixin.py:190} INFO - [2024-10-31T11:57:21.474+0000] {dagbag.py:588} INFO - Filling up the DagBag from /home/airflow/.local/lib/python3.12/site-packages/airflow/example_dags/example_skip_dag.py
[2024-10-31T11:57:21.480+0000] {processor.py:925} INFO - DAG(s) 'example_skip_dag' retrieved from /home/airflow/.local/lib/python3.12/site-packages/airflow/example_dags/example_skip_dag.py
[2024-10-31T11:57:21.495+0000] {logging_mixin.py:190} INFO - [2024-10-31T11:57:21.495+0000] {dag.py:3239} INFO - Sync 1 DAGs
[2024-10-31T11:57:21.509+0000] {logging_mixin.py:190} INFO - [2024-10-31T11:57:21.509+0000] {dag.py:4180} INFO - Setting next_dagrun for example_skip_dag to 2024-10-30 00:00:00+00:00, run_after=2024-10-31 00:00:00+00:00
[2024-10-31T11:57:21.529+0000] {processor.py:208} INFO - Processing /home/airflow/.local/lib/python3.12/site-packages/airflow/example_dags/example_skip_dag.py took 0.064 seconds
[2024-10-31T11:57:51.861+0000] {processor.py:186} INFO - Started process (PID=722) to work on /home/airflow/.local/lib/python3.12/site-packages/airflow/example_dags/example_skip_dag.py
[2024-10-31T11:57:51.863+0000] {processor.py:914} INFO - Processing file /home/airflow/.local/lib/python3.12/site-packages/airflow/example_dags/example_skip_dag.py for tasks to queue
[2024-10-31T11:57:51.864+0000] {logging_mixin.py:190} INFO - [2024-10-31T11:57:51.864+0000] {dagbag.py:588} INFO - Filling up the DagBag from /home/airflow/.local/lib/python3.12/site-packages/airflow/example_dags/example_skip_dag.py
[2024-10-31T11:57:51.870+0000] {processor.py:925} INFO - DAG(s) 'example_skip_dag' retrieved from /home/airflow/.local/lib/python3.12/site-packages/airflow/example_dags/example_skip_dag.py
[2024-10-31T11:57:51.890+0000] {logging_mixin.py:190} INFO - [2024-10-31T11:57:51.890+0000] {dag.py:3239} INFO - Sync 1 DAGs
[2024-10-31T11:57:51.904+0000] {logging_mixin.py:190} INFO - [2024-10-31T11:57:51.904+0000] {dag.py:4180} INFO - Setting next_dagrun for example_skip_dag to 2024-10-30 00:00:00+00:00, run_after=2024-10-31 00:00:00+00:00
[2024-10-31T11:57:51.916+0000] {processor.py:208} INFO - Processing /home/airflow/.local/lib/python3.12/site-packages/airflow/example_dags/example_skip_dag.py took 0.058 seconds
[2024-10-31T11:58:21.971+0000] {processor.py:186} INFO - Started process (PID=786) to work on /home/airflow/.local/lib/python3.12/site-packages/airflow/example_dags/example_skip_dag.py
[2024-10-31T11:58:21.972+0000] {processor.py:914} INFO - Processing file /home/airflow/.local/lib/python3.12/site-packages/airflow/example_dags/example_skip_dag.py for tasks to queue
[2024-10-31T11:58:21.974+0000] {logging_mixin.py:190} INFO - [2024-10-31T11:58:21.974+0000] {dagbag.py:588} INFO - Filling up the DagBag from /home/airflow/.local/lib/python3.12/site-packages/airflow/example_dags/example_skip_dag.py
[2024-10-31T11:58:21.980+0000] {processor.py:925} INFO - DAG(s) 'example_skip_dag' retrieved from /home/airflow/.local/lib/python3.12/site-packages/airflow/example_dags/example_skip_dag.py
[2024-10-31T11:58:21.994+0000] {logging_mixin.py:190} INFO - [2024-10-31T11:58:21.994+0000] {dag.py:3239} INFO - Sync 1 DAGs
[2024-10-31T11:58:22.010+0000] {logging_mixin.py:190} INFO - [2024-10-31T11:58:22.010+0000] {dag.py:4180} INFO - Setting next_dagrun for example_skip_dag to 2024-10-30 00:00:00+00:00, run_after=2024-10-31 00:00:00+00:00
[2024-10-31T11:58:22.023+0000] {processor.py:208} INFO - Processing /home/airflow/.local/lib/python3.12/site-packages/airflow/example_dags/example_skip_dag.py took 0.057 seconds
[2024-10-31T11:58:53.185+0000] {processor.py:186} INFO - Started process (PID=849) to work on /home/airflow/.local/lib/python3.12/site-packages/airflow/example_dags/example_skip_dag.py
[2024-10-31T11:58:53.187+0000] {processor.py:914} INFO - Processing file /home/airflow/.local/lib/python3.12/site-packages/airflow/example_dags/example_skip_dag.py for tasks to queue
[2024-10-31T11:58:53.189+0000] {logging_mixin.py:190} INFO - [2024-10-31T11:58:53.189+0000] {dagbag.py:588} INFO - Filling up the DagBag from /home/airflow/.local/lib/python3.12/site-packages/airflow/example_dags/example_skip_dag.py
[2024-10-31T11:58:53.195+0000] {processor.py:925} INFO - DAG(s) 'example_skip_dag' retrieved from /home/airflow/.local/lib/python3.12/site-packages/airflow/example_dags/example_skip_dag.py
[2024-10-31T11:58:53.214+0000] {logging_mixin.py:190} INFO - [2024-10-31T11:58:53.214+0000] {dag.py:3239} INFO - Sync 1 DAGs
[2024-10-31T11:58:53.231+0000] {logging_mixin.py:190} INFO - [2024-10-31T11:58:53.231+0000] {dag.py:4180} INFO - Setting next_dagrun for example_skip_dag to 2024-10-30 00:00:00+00:00, run_after=2024-10-31 00:00:00+00:00
[2024-10-31T11:58:53.247+0000] {processor.py:208} INFO - Processing /home/airflow/.local/lib/python3.12/site-packages/airflow/example_dags/example_skip_dag.py took 0.066 seconds
[2024-10-31T11:59:23.536+0000] {processor.py:186} INFO - Started process (PID=913) to work on /home/airflow/.local/lib/python3.12/site-packages/airflow/example_dags/example_skip_dag.py
[2024-10-31T11:59:23.538+0000] {processor.py:914} INFO - Processing file /home/airflow/.local/lib/python3.12/site-packages/airflow/example_dags/example_skip_dag.py for tasks to queue
[2024-10-31T11:59:23.539+0000] {logging_mixin.py:190} INFO - [2024-10-31T11:59:23.539+0000] {dagbag.py:588} INFO - Filling up the DagBag from /home/airflow/.local/lib/python3.12/site-packages/airflow/example_dags/example_skip_dag.py
[2024-10-31T11:59:23.548+0000] {processor.py:925} INFO - DAG(s) 'example_skip_dag' retrieved from /home/airflow/.local/lib/python3.12/site-packages/airflow/example_dags/example_skip_dag.py
[2024-10-31T11:59:23.566+0000] {logging_mixin.py:190} INFO - [2024-10-31T11:59:23.565+0000] {dag.py:3239} INFO - Sync 1 DAGs
[2024-10-31T11:59:23.580+0000] {logging_mixin.py:190} INFO - [2024-10-31T11:59:23.580+0000] {dag.py:4180} INFO - Setting next_dagrun for example_skip_dag to 2024-10-30 00:00:00+00:00, run_after=2024-10-31 00:00:00+00:00
[2024-10-31T11:59:23.596+0000] {processor.py:208} INFO - Processing /home/airflow/.local/lib/python3.12/site-packages/airflow/example_dags/example_skip_dag.py took 0.065 seconds
[2024-10-31T11:59:54.285+0000] {processor.py:186} INFO - Started process (PID=977) to work on /home/airflow/.local/lib/python3.12/site-packages/airflow/example_dags/example_skip_dag.py
[2024-10-31T11:59:54.287+0000] {processor.py:914} INFO - Processing file /home/airflow/.local/lib/python3.12/site-packages/airflow/example_dags/example_skip_dag.py for tasks to queue
[2024-10-31T11:59:54.293+0000] {logging_mixin.py:190} INFO - [2024-10-31T11:59:54.293+0000] {dagbag.py:588} INFO - Filling up the DagBag from /home/airflow/.local/lib/python3.12/site-packages/airflow/example_dags/example_skip_dag.py
[2024-10-31T11:59:54.299+0000] {processor.py:925} INFO - DAG(s) 'example_skip_dag' retrieved from /home/airflow/.local/lib/python3.12/site-packages/airflow/example_dags/example_skip_dag.py
[2024-10-31T11:59:54.314+0000] {logging_mixin.py:190} INFO - [2024-10-31T11:59:54.314+0000] {dag.py:3239} INFO - Sync 1 DAGs
[2024-10-31T11:59:54.330+0000] {logging_mixin.py:190} INFO - [2024-10-31T11:59:54.330+0000] {dag.py:4180} INFO - Setting next_dagrun for example_skip_dag to 2024-10-30 00:00:00+00:00, run_after=2024-10-31 00:00:00+00:00
[2024-10-31T11:59:54.342+0000] {processor.py:208} INFO - Processing /home/airflow/.local/lib/python3.12/site-packages/airflow/example_dags/example_skip_dag.py took 0.061 seconds
[2024-10-31T12:00:24.868+0000] {processor.py:186} INFO - Started process (PID=1041) to work on /home/airflow/.local/lib/python3.12/site-packages/airflow/example_dags/example_skip_dag.py
[2024-10-31T12:00:24.869+0000] {processor.py:914} INFO - Processing file /home/airflow/.local/lib/python3.12/site-packages/airflow/example_dags/example_skip_dag.py for tasks to queue
[2024-10-31T12:00:24.871+0000] {logging_mixin.py:190} INFO - [2024-10-31T12:00:24.870+0000] {dagbag.py:588} INFO - Filling up the DagBag from /home/airflow/.local/lib/python3.12/site-packages/airflow/example_dags/example_skip_dag.py
[2024-10-31T12:00:24.876+0000] {processor.py:925} INFO - DAG(s) 'example_skip_dag' retrieved from /home/airflow/.local/lib/python3.12/site-packages/airflow/example_dags/example_skip_dag.py
[2024-10-31T12:00:24.890+0000] {logging_mixin.py:190} INFO - [2024-10-31T12:00:24.890+0000] {dag.py:3239} INFO - Sync 1 DAGs
[2024-10-31T12:00:24.905+0000] {logging_mixin.py:190} INFO - [2024-10-31T12:00:24.905+0000] {dag.py:4180} INFO - Setting next_dagrun for example_skip_dag to 2024-10-30 00:00:00+00:00, run_after=2024-10-31 00:00:00+00:00
[2024-10-31T12:00:24.915+0000] {processor.py:208} INFO - Processing /home/airflow/.local/lib/python3.12/site-packages/airflow/example_dags/example_skip_dag.py took 0.051 seconds
[2024-10-31T12:42:19.372+0000] {processor.py:186} INFO - Started process (PID=86) to work on /home/airflow/.local/lib/python3.12/site-packages/airflow/example_dags/example_skip_dag.py
[2024-10-31T12:42:19.373+0000] {processor.py:914} INFO - Processing file /home/airflow/.local/lib/python3.12/site-packages/airflow/example_dags/example_skip_dag.py for tasks to queue
[2024-10-31T12:42:19.377+0000] {logging_mixin.py:190} INFO - [2024-10-31T12:42:19.377+0000] {dagbag.py:588} INFO - Filling up the DagBag from /home/airflow/.local/lib/python3.12/site-packages/airflow/example_dags/example_skip_dag.py
[2024-10-31T12:42:19.389+0000] {processor.py:925} INFO - DAG(s) 'example_skip_dag' retrieved from /home/airflow/.local/lib/python3.12/site-packages/airflow/example_dags/example_skip_dag.py
[2024-10-31T12:42:19.453+0000] {logging_mixin.py:190} INFO - [2024-10-31T12:42:19.453+0000] {override.py:1900} INFO - Created Permission View: can read on DAG:example_skip_dag
[2024-10-31T12:42:19.460+0000] {logging_mixin.py:190} INFO - [2024-10-31T12:42:19.460+0000] {override.py:1900} INFO - Created Permission View: can delete on DAG:example_skip_dag
[2024-10-31T12:42:19.464+0000] {logging_mixin.py:190} INFO - [2024-10-31T12:42:19.464+0000] {override.py:1900} INFO - Created Permission View: can edit on DAG:example_skip_dag
[2024-10-31T12:42:19.469+0000] {logging_mixin.py:190} INFO - [2024-10-31T12:42:19.469+0000] {override.py:1900} INFO - Created Permission View: menu access on DAG Run:example_skip_dag
[2024-10-31T12:42:19.473+0000] {logging_mixin.py:190} INFO - [2024-10-31T12:42:19.473+0000] {override.py:1900} INFO - Created Permission View: can read on DAG Run:example_skip_dag
[2024-10-31T12:42:19.478+0000] {logging_mixin.py:190} INFO - [2024-10-31T12:42:19.478+0000] {override.py:1900} INFO - Created Permission View: can delete on DAG Run:example_skip_dag
[2024-10-31T12:42:19.484+0000] {logging_mixin.py:190} INFO - [2024-10-31T12:42:19.483+0000] {override.py:1900} INFO - Created Permission View: can create on DAG Run:example_skip_dag
[2024-10-31T12:42:19.484+0000] {logging_mixin.py:190} INFO - [2024-10-31T12:42:19.484+0000] {dag.py:3239} INFO - Sync 1 DAGs
[2024-10-31T12:42:19.491+0000] {logging_mixin.py:190} INFO - [2024-10-31T12:42:19.491+0000] {dag.py:3262} INFO - Creating ORM DAG for example_skip_dag
[2024-10-31T12:42:19.498+0000] {logging_mixin.py:190} INFO - [2024-10-31T12:42:19.498+0000] {dag.py:4180} INFO - Setting next_dagrun for example_skip_dag to 2024-10-30 00:00:00+00:00, run_after=2024-10-31 00:00:00+00:00
[2024-10-31T12:42:19.511+0000] {processor.py:208} INFO - Processing /home/airflow/.local/lib/python3.12/site-packages/airflow/example_dags/example_skip_dag.py took 0.143 seconds
