[2024-10-31T11:46:26.582+0000] {processor.py:186} INFO - Started process (PID=95) to work on /home/airflow/.local/lib/python3.12/site-packages/airflow/example_dags/example_task_group.py
[2024-10-31T11:46:26.584+0000] {processor.py:914} INFO - Processing file /home/airflow/.local/lib/python3.12/site-packages/airflow/example_dags/example_task_group.py for tasks to queue
[2024-10-31T11:46:26.588+0000] {logging_mixin.py:190} INFO - [2024-10-31T11:46:26.587+0000] {dagbag.py:588} INFO - Filling up the DagBag from /home/airflow/.local/lib/python3.12/site-packages/airflow/example_dags/example_task_group.py
[2024-10-31T11:46:26.594+0000] {processor.py:925} INFO - DAG(s) 'example_task_group' retrieved from /home/airflow/.local/lib/python3.12/site-packages/airflow/example_dags/example_task_group.py
[2024-10-31T11:46:26.687+0000] {logging_mixin.py:190} INFO - [2024-10-31T11:46:26.686+0000] {override.py:1900} INFO - Created Permission View: can delete on DAG:example_task_group
[2024-10-31T11:46:26.702+0000] {logging_mixin.py:190} INFO - [2024-10-31T11:46:26.702+0000] {override.py:1900} INFO - Created Permission View: can read on DAG:example_task_group
[2024-10-31T11:46:26.706+0000] {logging_mixin.py:190} INFO - [2024-10-31T11:46:26.705+0000] {override.py:1900} INFO - Created Permission View: can edit on DAG:example_task_group
[2024-10-31T11:46:26.709+0000] {logging_mixin.py:190} INFO - [2024-10-31T11:46:26.709+0000] {override.py:1900} INFO - Created Permission View: can delete on DAG Run:example_task_group
[2024-10-31T11:46:26.712+0000] {logging_mixin.py:190} INFO - [2024-10-31T11:46:26.712+0000] {override.py:1900} INFO - Created Permission View: can read on DAG Run:example_task_group
[2024-10-31T11:46:26.716+0000] {logging_mixin.py:190} INFO - [2024-10-31T11:46:26.715+0000] {override.py:1900} INFO - Created Permission View: can create on DAG Run:example_task_group
[2024-10-31T11:46:26.718+0000] {logging_mixin.py:190} INFO - [2024-10-31T11:46:26.718+0000] {override.py:1900} INFO - Created Permission View: menu access on DAG Run:example_task_group
[2024-10-31T11:46:26.719+0000] {logging_mixin.py:190} INFO - [2024-10-31T11:46:26.719+0000] {dag.py:3239} INFO - Sync 1 DAGs
[2024-10-31T11:46:26.726+0000] {logging_mixin.py:190} INFO - [2024-10-31T11:46:26.726+0000] {dag.py:3262} INFO - Creating ORM DAG for example_task_group
[2024-10-31T11:46:26.727+0000] {logging_mixin.py:190} INFO - [2024-10-31T11:46:26.727+0000] {dag.py:4180} INFO - Setting next_dagrun for example_task_group to None, run_after=None
[2024-10-31T11:46:26.737+0000] {processor.py:208} INFO - Processing /home/airflow/.local/lib/python3.12/site-packages/airflow/example_dags/example_task_group.py took 0.159 seconds
[2024-10-31T11:46:56.880+0000] {processor.py:186} INFO - Started process (PID=159) to work on /home/airflow/.local/lib/python3.12/site-packages/airflow/example_dags/example_task_group.py
[2024-10-31T11:46:56.881+0000] {processor.py:914} INFO - Processing file /home/airflow/.local/lib/python3.12/site-packages/airflow/example_dags/example_task_group.py for tasks to queue
[2024-10-31T11:46:56.883+0000] {logging_mixin.py:190} INFO - [2024-10-31T11:46:56.882+0000] {dagbag.py:588} INFO - Filling up the DagBag from /home/airflow/.local/lib/python3.12/site-packages/airflow/example_dags/example_task_group.py
[2024-10-31T11:46:56.889+0000] {processor.py:925} INFO - DAG(s) 'example_task_group' retrieved from /home/airflow/.local/lib/python3.12/site-packages/airflow/example_dags/example_task_group.py
[2024-10-31T11:46:56.912+0000] {logging_mixin.py:190} INFO - [2024-10-31T11:46:56.912+0000] {dag.py:3239} INFO - Sync 1 DAGs
[2024-10-31T11:46:56.922+0000] {logging_mixin.py:190} INFO - [2024-10-31T11:46:56.922+0000] {dag.py:4180} INFO - Setting next_dagrun for example_task_group to None, run_after=None
[2024-10-31T11:46:56.934+0000] {processor.py:208} INFO - Processing /home/airflow/.local/lib/python3.12/site-packages/airflow/example_dags/example_task_group.py took 0.058 seconds
[2024-10-31T11:47:27.248+0000] {processor.py:186} INFO - Started process (PID=223) to work on /home/airflow/.local/lib/python3.12/site-packages/airflow/example_dags/example_task_group.py
[2024-10-31T11:47:27.251+0000] {processor.py:914} INFO - Processing file /home/airflow/.local/lib/python3.12/site-packages/airflow/example_dags/example_task_group.py for tasks to queue
[2024-10-31T11:47:27.254+0000] {logging_mixin.py:190} INFO - [2024-10-31T11:47:27.254+0000] {dagbag.py:588} INFO - Filling up the DagBag from /home/airflow/.local/lib/python3.12/site-packages/airflow/example_dags/example_task_group.py
[2024-10-31T11:47:27.266+0000] {processor.py:925} INFO - DAG(s) 'example_task_group' retrieved from /home/airflow/.local/lib/python3.12/site-packages/airflow/example_dags/example_task_group.py
[2024-10-31T11:47:27.295+0000] {logging_mixin.py:190} INFO - [2024-10-31T11:47:27.294+0000] {dag.py:3239} INFO - Sync 1 DAGs
[2024-10-31T11:47:27.312+0000] {logging_mixin.py:190} INFO - [2024-10-31T11:47:27.312+0000] {dag.py:4180} INFO - Setting next_dagrun for example_task_group to None, run_after=None
[2024-10-31T11:47:27.325+0000] {processor.py:208} INFO - Processing /home/airflow/.local/lib/python3.12/site-packages/airflow/example_dags/example_task_group.py took 0.081 seconds
[2024-10-31T11:47:57.547+0000] {processor.py:186} INFO - Started process (PID=287) to work on /home/airflow/.local/lib/python3.12/site-packages/airflow/example_dags/example_task_group.py
[2024-10-31T11:47:57.550+0000] {processor.py:914} INFO - Processing file /home/airflow/.local/lib/python3.12/site-packages/airflow/example_dags/example_task_group.py for tasks to queue
[2024-10-31T11:47:57.551+0000] {logging_mixin.py:190} INFO - [2024-10-31T11:47:57.551+0000] {dagbag.py:588} INFO - Filling up the DagBag from /home/airflow/.local/lib/python3.12/site-packages/airflow/example_dags/example_task_group.py
[2024-10-31T11:47:57.557+0000] {processor.py:925} INFO - DAG(s) 'example_task_group' retrieved from /home/airflow/.local/lib/python3.12/site-packages/airflow/example_dags/example_task_group.py
[2024-10-31T11:47:57.574+0000] {logging_mixin.py:190} INFO - [2024-10-31T11:47:57.574+0000] {dag.py:3239} INFO - Sync 1 DAGs
[2024-10-31T11:47:57.585+0000] {logging_mixin.py:190} INFO - [2024-10-31T11:47:57.585+0000] {dag.py:4180} INFO - Setting next_dagrun for example_task_group to None, run_after=None
[2024-10-31T11:47:57.596+0000] {processor.py:208} INFO - Processing /home/airflow/.local/lib/python3.12/site-packages/airflow/example_dags/example_task_group.py took 0.054 seconds
[2024-10-31T11:48:28.486+0000] {processor.py:186} INFO - Started process (PID=351) to work on /home/airflow/.local/lib/python3.12/site-packages/airflow/example_dags/example_task_group.py
[2024-10-31T11:48:28.488+0000] {processor.py:914} INFO - Processing file /home/airflow/.local/lib/python3.12/site-packages/airflow/example_dags/example_task_group.py for tasks to queue
[2024-10-31T11:48:28.490+0000] {logging_mixin.py:190} INFO - [2024-10-31T11:48:28.490+0000] {dagbag.py:588} INFO - Filling up the DagBag from /home/airflow/.local/lib/python3.12/site-packages/airflow/example_dags/example_task_group.py
[2024-10-31T11:48:28.496+0000] {processor.py:925} INFO - DAG(s) 'example_task_group' retrieved from /home/airflow/.local/lib/python3.12/site-packages/airflow/example_dags/example_task_group.py
[2024-10-31T11:48:28.511+0000] {logging_mixin.py:190} INFO - [2024-10-31T11:48:28.511+0000] {dag.py:3239} INFO - Sync 1 DAGs
[2024-10-31T11:48:28.520+0000] {logging_mixin.py:190} INFO - [2024-10-31T11:48:28.520+0000] {dag.py:4180} INFO - Setting next_dagrun for example_task_group to None, run_after=None
[2024-10-31T11:48:28.535+0000] {processor.py:208} INFO - Processing /home/airflow/.local/lib/python3.12/site-packages/airflow/example_dags/example_task_group.py took 0.053 seconds
[2024-10-31T11:48:59.593+0000] {processor.py:186} INFO - Started process (PID=415) to work on /home/airflow/.local/lib/python3.12/site-packages/airflow/example_dags/example_task_group.py
[2024-10-31T11:48:59.595+0000] {processor.py:914} INFO - Processing file /home/airflow/.local/lib/python3.12/site-packages/airflow/example_dags/example_task_group.py for tasks to queue
[2024-10-31T11:48:59.599+0000] {logging_mixin.py:190} INFO - [2024-10-31T11:48:59.598+0000] {dagbag.py:588} INFO - Filling up the DagBag from /home/airflow/.local/lib/python3.12/site-packages/airflow/example_dags/example_task_group.py
[2024-10-31T11:48:59.608+0000] {processor.py:925} INFO - DAG(s) 'example_task_group' retrieved from /home/airflow/.local/lib/python3.12/site-packages/airflow/example_dags/example_task_group.py
[2024-10-31T11:48:59.624+0000] {logging_mixin.py:190} INFO - [2024-10-31T11:48:59.624+0000] {dag.py:3239} INFO - Sync 1 DAGs
[2024-10-31T11:48:59.636+0000] {logging_mixin.py:190} INFO - [2024-10-31T11:48:59.635+0000] {dag.py:4180} INFO - Setting next_dagrun for example_task_group to None, run_after=None
[2024-10-31T11:48:59.647+0000] {processor.py:208} INFO - Processing /home/airflow/.local/lib/python3.12/site-packages/airflow/example_dags/example_task_group.py took 0.058 seconds
[2024-10-31T11:49:30.621+0000] {processor.py:186} INFO - Started process (PID=479) to work on /home/airflow/.local/lib/python3.12/site-packages/airflow/example_dags/example_task_group.py
[2024-10-31T11:49:30.622+0000] {processor.py:914} INFO - Processing file /home/airflow/.local/lib/python3.12/site-packages/airflow/example_dags/example_task_group.py for tasks to queue
[2024-10-31T11:49:30.624+0000] {logging_mixin.py:190} INFO - [2024-10-31T11:49:30.623+0000] {dagbag.py:588} INFO - Filling up the DagBag from /home/airflow/.local/lib/python3.12/site-packages/airflow/example_dags/example_task_group.py
[2024-10-31T11:49:30.629+0000] {processor.py:925} INFO - DAG(s) 'example_task_group' retrieved from /home/airflow/.local/lib/python3.12/site-packages/airflow/example_dags/example_task_group.py
[2024-10-31T11:49:30.642+0000] {logging_mixin.py:190} INFO - [2024-10-31T11:49:30.642+0000] {dag.py:3239} INFO - Sync 1 DAGs
[2024-10-31T11:49:30.650+0000] {logging_mixin.py:190} INFO - [2024-10-31T11:49:30.650+0000] {dag.py:4180} INFO - Setting next_dagrun for example_task_group to None, run_after=None
[2024-10-31T11:49:30.660+0000] {processor.py:208} INFO - Processing /home/airflow/.local/lib/python3.12/site-packages/airflow/example_dags/example_task_group.py took 0.042 seconds
[2024-10-31T11:50:01.550+0000] {processor.py:186} INFO - Started process (PID=543) to work on /home/airflow/.local/lib/python3.12/site-packages/airflow/example_dags/example_task_group.py
[2024-10-31T11:50:01.551+0000] {processor.py:914} INFO - Processing file /home/airflow/.local/lib/python3.12/site-packages/airflow/example_dags/example_task_group.py for tasks to queue
[2024-10-31T11:50:01.553+0000] {logging_mixin.py:190} INFO - [2024-10-31T11:50:01.553+0000] {dagbag.py:588} INFO - Filling up the DagBag from /home/airflow/.local/lib/python3.12/site-packages/airflow/example_dags/example_task_group.py
[2024-10-31T11:50:01.559+0000] {processor.py:925} INFO - DAG(s) 'example_task_group' retrieved from /home/airflow/.local/lib/python3.12/site-packages/airflow/example_dags/example_task_group.py
[2024-10-31T11:50:01.573+0000] {logging_mixin.py:190} INFO - [2024-10-31T11:50:01.573+0000] {dag.py:3239} INFO - Sync 1 DAGs
[2024-10-31T11:50:01.582+0000] {logging_mixin.py:190} INFO - [2024-10-31T11:50:01.581+0000] {dag.py:4180} INFO - Setting next_dagrun for example_task_group to None, run_after=None
[2024-10-31T11:50:01.596+0000] {processor.py:208} INFO - Processing /home/airflow/.local/lib/python3.12/site-packages/airflow/example_dags/example_task_group.py took 0.050 seconds
[2024-10-31T11:50:32.983+0000] {processor.py:186} INFO - Started process (PID=607) to work on /home/airflow/.local/lib/python3.12/site-packages/airflow/example_dags/example_task_group.py
[2024-10-31T11:50:32.985+0000] {processor.py:914} INFO - Processing file /home/airflow/.local/lib/python3.12/site-packages/airflow/example_dags/example_task_group.py for tasks to queue
[2024-10-31T11:50:32.987+0000] {logging_mixin.py:190} INFO - [2024-10-31T11:50:32.986+0000] {dagbag.py:588} INFO - Filling up the DagBag from /home/airflow/.local/lib/python3.12/site-packages/airflow/example_dags/example_task_group.py
[2024-10-31T11:50:32.993+0000] {processor.py:925} INFO - DAG(s) 'example_task_group' retrieved from /home/airflow/.local/lib/python3.12/site-packages/airflow/example_dags/example_task_group.py
[2024-10-31T11:50:33.010+0000] {logging_mixin.py:190} INFO - [2024-10-31T11:50:33.010+0000] {dag.py:3239} INFO - Sync 1 DAGs
[2024-10-31T11:50:33.020+0000] {logging_mixin.py:190} INFO - [2024-10-31T11:50:33.020+0000] {dag.py:4180} INFO - Setting next_dagrun for example_task_group to None, run_after=None
[2024-10-31T11:50:33.031+0000] {processor.py:208} INFO - Processing /home/airflow/.local/lib/python3.12/site-packages/airflow/example_dags/example_task_group.py took 0.052 seconds
[2024-10-31T11:51:03.833+0000] {processor.py:186} INFO - Started process (PID=670) to work on /home/airflow/.local/lib/python3.12/site-packages/airflow/example_dags/example_task_group.py
[2024-10-31T11:51:03.834+0000] {processor.py:914} INFO - Processing file /home/airflow/.local/lib/python3.12/site-packages/airflow/example_dags/example_task_group.py for tasks to queue
[2024-10-31T11:51:03.835+0000] {logging_mixin.py:190} INFO - [2024-10-31T11:51:03.835+0000] {dagbag.py:588} INFO - Filling up the DagBag from /home/airflow/.local/lib/python3.12/site-packages/airflow/example_dags/example_task_group.py
[2024-10-31T11:51:03.840+0000] {processor.py:925} INFO - DAG(s) 'example_task_group' retrieved from /home/airflow/.local/lib/python3.12/site-packages/airflow/example_dags/example_task_group.py
[2024-10-31T11:51:03.853+0000] {logging_mixin.py:190} INFO - [2024-10-31T11:51:03.853+0000] {dag.py:3239} INFO - Sync 1 DAGs
[2024-10-31T11:51:03.861+0000] {logging_mixin.py:190} INFO - [2024-10-31T11:51:03.861+0000] {dag.py:4180} INFO - Setting next_dagrun for example_task_group to None, run_after=None
[2024-10-31T11:51:03.871+0000] {processor.py:208} INFO - Processing /home/airflow/.local/lib/python3.12/site-packages/airflow/example_dags/example_task_group.py took 0.042 seconds
[2024-10-31T11:51:35.079+0000] {processor.py:186} INFO - Started process (PID=734) to work on /home/airflow/.local/lib/python3.12/site-packages/airflow/example_dags/example_task_group.py
[2024-10-31T11:51:35.083+0000] {processor.py:914} INFO - Processing file /home/airflow/.local/lib/python3.12/site-packages/airflow/example_dags/example_task_group.py for tasks to queue
[2024-10-31T11:51:35.086+0000] {logging_mixin.py:190} INFO - [2024-10-31T11:51:35.086+0000] {dagbag.py:588} INFO - Filling up the DagBag from /home/airflow/.local/lib/python3.12/site-packages/airflow/example_dags/example_task_group.py
[2024-10-31T11:51:35.093+0000] {processor.py:925} INFO - DAG(s) 'example_task_group' retrieved from /home/airflow/.local/lib/python3.12/site-packages/airflow/example_dags/example_task_group.py
[2024-10-31T11:51:35.116+0000] {logging_mixin.py:190} INFO - [2024-10-31T11:51:35.115+0000] {dag.py:3239} INFO - Sync 1 DAGs
[2024-10-31T11:51:35.124+0000] {logging_mixin.py:190} INFO - [2024-10-31T11:51:35.124+0000] {dag.py:4180} INFO - Setting next_dagrun for example_task_group to None, run_after=None
[2024-10-31T11:51:35.139+0000] {processor.py:208} INFO - Processing /home/airflow/.local/lib/python3.12/site-packages/airflow/example_dags/example_task_group.py took 0.064 seconds
[2024-10-31T11:52:06.146+0000] {processor.py:186} INFO - Started process (PID=798) to work on /home/airflow/.local/lib/python3.12/site-packages/airflow/example_dags/example_task_group.py
[2024-10-31T11:52:06.147+0000] {processor.py:914} INFO - Processing file /home/airflow/.local/lib/python3.12/site-packages/airflow/example_dags/example_task_group.py for tasks to queue
[2024-10-31T11:52:06.149+0000] {logging_mixin.py:190} INFO - [2024-10-31T11:52:06.148+0000] {dagbag.py:588} INFO - Filling up the DagBag from /home/airflow/.local/lib/python3.12/site-packages/airflow/example_dags/example_task_group.py
[2024-10-31T11:52:06.154+0000] {processor.py:925} INFO - DAG(s) 'example_task_group' retrieved from /home/airflow/.local/lib/python3.12/site-packages/airflow/example_dags/example_task_group.py
[2024-10-31T11:52:06.168+0000] {logging_mixin.py:190} INFO - [2024-10-31T11:52:06.167+0000] {dag.py:3239} INFO - Sync 1 DAGs
[2024-10-31T11:52:06.176+0000] {logging_mixin.py:190} INFO - [2024-10-31T11:52:06.176+0000] {dag.py:4180} INFO - Setting next_dagrun for example_task_group to None, run_after=None
[2024-10-31T11:52:06.194+0000] {processor.py:208} INFO - Processing /home/airflow/.local/lib/python3.12/site-packages/airflow/example_dags/example_task_group.py took 0.052 seconds
[2024-10-31T11:52:47.889+0000] {processor.py:186} INFO - Started process (PID=81) to work on /home/airflow/.local/lib/python3.12/site-packages/airflow/example_dags/example_task_group.py
[2024-10-31T11:52:47.890+0000] {processor.py:914} INFO - Processing file /home/airflow/.local/lib/python3.12/site-packages/airflow/example_dags/example_task_group.py for tasks to queue
[2024-10-31T11:52:47.892+0000] {logging_mixin.py:190} INFO - [2024-10-31T11:52:47.892+0000] {dagbag.py:588} INFO - Filling up the DagBag from /home/airflow/.local/lib/python3.12/site-packages/airflow/example_dags/example_task_group.py
[2024-10-31T11:52:47.913+0000] {processor.py:925} INFO - DAG(s) 'example_task_group' retrieved from /home/airflow/.local/lib/python3.12/site-packages/airflow/example_dags/example_task_group.py
[2024-10-31T11:52:47.975+0000] {logging_mixin.py:190} INFO - [2024-10-31T11:52:47.975+0000] {dag.py:3239} INFO - Sync 1 DAGs
[2024-10-31T11:52:47.988+0000] {logging_mixin.py:190} INFO - [2024-10-31T11:52:47.988+0000] {dag.py:4180} INFO - Setting next_dagrun for example_task_group to None, run_after=None
[2024-10-31T11:52:48.001+0000] {processor.py:208} INFO - Processing /home/airflow/.local/lib/python3.12/site-packages/airflow/example_dags/example_task_group.py took 0.116 seconds
[2024-10-31T11:53:19.288+0000] {processor.py:186} INFO - Started process (PID=151) to work on /home/airflow/.local/lib/python3.12/site-packages/airflow/example_dags/example_task_group.py
[2024-10-31T11:53:19.289+0000] {processor.py:914} INFO - Processing file /home/airflow/.local/lib/python3.12/site-packages/airflow/example_dags/example_task_group.py for tasks to queue
[2024-10-31T11:53:19.297+0000] {logging_mixin.py:190} INFO - [2024-10-31T11:53:19.297+0000] {dagbag.py:588} INFO - Filling up the DagBag from /home/airflow/.local/lib/python3.12/site-packages/airflow/example_dags/example_task_group.py
[2024-10-31T11:53:19.316+0000] {processor.py:925} INFO - DAG(s) 'example_task_group' retrieved from /home/airflow/.local/lib/python3.12/site-packages/airflow/example_dags/example_task_group.py
[2024-10-31T11:53:19.333+0000] {logging_mixin.py:190} INFO - [2024-10-31T11:53:19.333+0000] {dag.py:3239} INFO - Sync 1 DAGs
[2024-10-31T11:53:19.346+0000] {logging_mixin.py:190} INFO - [2024-10-31T11:53:19.346+0000] {dag.py:4180} INFO - Setting next_dagrun for example_task_group to None, run_after=None
[2024-10-31T11:53:19.362+0000] {processor.py:208} INFO - Processing /home/airflow/.local/lib/python3.12/site-packages/airflow/example_dags/example_task_group.py took 0.079 seconds
[2024-10-31T11:53:49.550+0000] {processor.py:186} INFO - Started process (PID=215) to work on /home/airflow/.local/lib/python3.12/site-packages/airflow/example_dags/example_task_group.py
[2024-10-31T11:53:49.555+0000] {processor.py:914} INFO - Processing file /home/airflow/.local/lib/python3.12/site-packages/airflow/example_dags/example_task_group.py for tasks to queue
[2024-10-31T11:53:49.557+0000] {logging_mixin.py:190} INFO - [2024-10-31T11:53:49.557+0000] {dagbag.py:588} INFO - Filling up the DagBag from /home/airflow/.local/lib/python3.12/site-packages/airflow/example_dags/example_task_group.py
[2024-10-31T11:53:49.563+0000] {processor.py:925} INFO - DAG(s) 'example_task_group' retrieved from /home/airflow/.local/lib/python3.12/site-packages/airflow/example_dags/example_task_group.py
[2024-10-31T11:53:49.602+0000] {logging_mixin.py:190} INFO - [2024-10-31T11:53:49.601+0000] {dag.py:3239} INFO - Sync 1 DAGs
[2024-10-31T11:53:49.611+0000] {logging_mixin.py:190} INFO - [2024-10-31T11:53:49.611+0000] {dag.py:4180} INFO - Setting next_dagrun for example_task_group to None, run_after=None
[2024-10-31T11:53:49.625+0000] {processor.py:208} INFO - Processing /home/airflow/.local/lib/python3.12/site-packages/airflow/example_dags/example_task_group.py took 0.078 seconds
[2024-10-31T11:54:19.888+0000] {processor.py:186} INFO - Started process (PID=279) to work on /home/airflow/.local/lib/python3.12/site-packages/airflow/example_dags/example_task_group.py
[2024-10-31T11:54:19.889+0000] {processor.py:914} INFO - Processing file /home/airflow/.local/lib/python3.12/site-packages/airflow/example_dags/example_task_group.py for tasks to queue
[2024-10-31T11:54:19.891+0000] {logging_mixin.py:190} INFO - [2024-10-31T11:54:19.891+0000] {dagbag.py:588} INFO - Filling up the DagBag from /home/airflow/.local/lib/python3.12/site-packages/airflow/example_dags/example_task_group.py
[2024-10-31T11:54:19.897+0000] {processor.py:925} INFO - DAG(s) 'example_task_group' retrieved from /home/airflow/.local/lib/python3.12/site-packages/airflow/example_dags/example_task_group.py
[2024-10-31T11:54:19.914+0000] {logging_mixin.py:190} INFO - [2024-10-31T11:54:19.914+0000] {dag.py:3239} INFO - Sync 1 DAGs
[2024-10-31T11:54:19.924+0000] {logging_mixin.py:190} INFO - [2024-10-31T11:54:19.924+0000] {dag.py:4180} INFO - Setting next_dagrun for example_task_group to None, run_after=None
[2024-10-31T11:54:19.937+0000] {processor.py:208} INFO - Processing /home/airflow/.local/lib/python3.12/site-packages/airflow/example_dags/example_task_group.py took 0.054 seconds
[2024-10-31T11:54:50.192+0000] {processor.py:186} INFO - Started process (PID=342) to work on /home/airflow/.local/lib/python3.12/site-packages/airflow/example_dags/example_task_group.py
[2024-10-31T11:54:50.193+0000] {processor.py:914} INFO - Processing file /home/airflow/.local/lib/python3.12/site-packages/airflow/example_dags/example_task_group.py for tasks to queue
[2024-10-31T11:54:50.196+0000] {logging_mixin.py:190} INFO - [2024-10-31T11:54:50.196+0000] {dagbag.py:588} INFO - Filling up the DagBag from /home/airflow/.local/lib/python3.12/site-packages/airflow/example_dags/example_task_group.py
[2024-10-31T11:54:50.202+0000] {processor.py:925} INFO - DAG(s) 'example_task_group' retrieved from /home/airflow/.local/lib/python3.12/site-packages/airflow/example_dags/example_task_group.py
[2024-10-31T11:54:50.218+0000] {logging_mixin.py:190} INFO - [2024-10-31T11:54:50.218+0000] {dag.py:3239} INFO - Sync 1 DAGs
[2024-10-31T11:54:50.227+0000] {logging_mixin.py:190} INFO - [2024-10-31T11:54:50.227+0000] {dag.py:4180} INFO - Setting next_dagrun for example_task_group to None, run_after=None
[2024-10-31T11:54:50.238+0000] {processor.py:208} INFO - Processing /home/airflow/.local/lib/python3.12/site-packages/airflow/example_dags/example_task_group.py took 0.050 seconds
[2024-10-31T11:55:20.434+0000] {processor.py:186} INFO - Started process (PID=406) to work on /home/airflow/.local/lib/python3.12/site-packages/airflow/example_dags/example_task_group.py
[2024-10-31T11:55:20.436+0000] {processor.py:914} INFO - Processing file /home/airflow/.local/lib/python3.12/site-packages/airflow/example_dags/example_task_group.py for tasks to queue
[2024-10-31T11:55:20.438+0000] {logging_mixin.py:190} INFO - [2024-10-31T11:55:20.437+0000] {dagbag.py:588} INFO - Filling up the DagBag from /home/airflow/.local/lib/python3.12/site-packages/airflow/example_dags/example_task_group.py
[2024-10-31T11:55:20.443+0000] {processor.py:925} INFO - DAG(s) 'example_task_group' retrieved from /home/airflow/.local/lib/python3.12/site-packages/airflow/example_dags/example_task_group.py
[2024-10-31T11:55:20.458+0000] {logging_mixin.py:190} INFO - [2024-10-31T11:55:20.458+0000] {dag.py:3239} INFO - Sync 1 DAGs
[2024-10-31T11:55:20.467+0000] {logging_mixin.py:190} INFO - [2024-10-31T11:55:20.467+0000] {dag.py:4180} INFO - Setting next_dagrun for example_task_group to None, run_after=None
[2024-10-31T11:55:20.478+0000] {processor.py:208} INFO - Processing /home/airflow/.local/lib/python3.12/site-packages/airflow/example_dags/example_task_group.py took 0.049 seconds
[2024-10-31T11:55:50.621+0000] {processor.py:186} INFO - Started process (PID=470) to work on /home/airflow/.local/lib/python3.12/site-packages/airflow/example_dags/example_task_group.py
[2024-10-31T11:55:50.627+0000] {processor.py:914} INFO - Processing file /home/airflow/.local/lib/python3.12/site-packages/airflow/example_dags/example_task_group.py for tasks to queue
[2024-10-31T11:55:50.629+0000] {logging_mixin.py:190} INFO - [2024-10-31T11:55:50.629+0000] {dagbag.py:588} INFO - Filling up the DagBag from /home/airflow/.local/lib/python3.12/site-packages/airflow/example_dags/example_task_group.py
[2024-10-31T11:55:50.635+0000] {processor.py:925} INFO - DAG(s) 'example_task_group' retrieved from /home/airflow/.local/lib/python3.12/site-packages/airflow/example_dags/example_task_group.py
[2024-10-31T11:55:50.653+0000] {logging_mixin.py:190} INFO - [2024-10-31T11:55:50.652+0000] {dag.py:3239} INFO - Sync 1 DAGs
[2024-10-31T11:55:50.661+0000] {logging_mixin.py:190} INFO - [2024-10-31T11:55:50.661+0000] {dag.py:4180} INFO - Setting next_dagrun for example_task_group to None, run_after=None
[2024-10-31T11:55:50.674+0000] {processor.py:208} INFO - Processing /home/airflow/.local/lib/python3.12/site-packages/airflow/example_dags/example_task_group.py took 0.057 seconds
[2024-10-31T11:56:21.069+0000] {processor.py:186} INFO - Started process (PID=534) to work on /home/airflow/.local/lib/python3.12/site-packages/airflow/example_dags/example_task_group.py
[2024-10-31T11:56:21.070+0000] {processor.py:914} INFO - Processing file /home/airflow/.local/lib/python3.12/site-packages/airflow/example_dags/example_task_group.py for tasks to queue
[2024-10-31T11:56:21.072+0000] {logging_mixin.py:190} INFO - [2024-10-31T11:56:21.072+0000] {dagbag.py:588} INFO - Filling up the DagBag from /home/airflow/.local/lib/python3.12/site-packages/airflow/example_dags/example_task_group.py
[2024-10-31T11:56:21.077+0000] {processor.py:925} INFO - DAG(s) 'example_task_group' retrieved from /home/airflow/.local/lib/python3.12/site-packages/airflow/example_dags/example_task_group.py
[2024-10-31T11:56:21.092+0000] {logging_mixin.py:190} INFO - [2024-10-31T11:56:21.091+0000] {dag.py:3239} INFO - Sync 1 DAGs
[2024-10-31T11:56:21.101+0000] {logging_mixin.py:190} INFO - [2024-10-31T11:56:21.101+0000] {dag.py:4180} INFO - Setting next_dagrun for example_task_group to None, run_after=None
[2024-10-31T11:56:21.112+0000] {processor.py:208} INFO - Processing /home/airflow/.local/lib/python3.12/site-packages/airflow/example_dags/example_task_group.py took 0.047 seconds
[2024-10-31T11:56:51.320+0000] {processor.py:186} INFO - Started process (PID=598) to work on /home/airflow/.local/lib/python3.12/site-packages/airflow/example_dags/example_task_group.py
[2024-10-31T11:56:51.321+0000] {processor.py:914} INFO - Processing file /home/airflow/.local/lib/python3.12/site-packages/airflow/example_dags/example_task_group.py for tasks to queue
[2024-10-31T11:56:51.323+0000] {logging_mixin.py:190} INFO - [2024-10-31T11:56:51.323+0000] {dagbag.py:588} INFO - Filling up the DagBag from /home/airflow/.local/lib/python3.12/site-packages/airflow/example_dags/example_task_group.py
[2024-10-31T11:56:51.330+0000] {processor.py:925} INFO - DAG(s) 'example_task_group' retrieved from /home/airflow/.local/lib/python3.12/site-packages/airflow/example_dags/example_task_group.py
[2024-10-31T11:56:51.348+0000] {logging_mixin.py:190} INFO - [2024-10-31T11:56:51.348+0000] {dag.py:3239} INFO - Sync 1 DAGs
[2024-10-31T11:56:51.357+0000] {logging_mixin.py:190} INFO - [2024-10-31T11:56:51.357+0000] {dag.py:4180} INFO - Setting next_dagrun for example_task_group to None, run_after=None
[2024-10-31T11:56:51.376+0000] {processor.py:208} INFO - Processing /home/airflow/.local/lib/python3.12/site-packages/airflow/example_dags/example_task_group.py took 0.060 seconds
[2024-10-31T11:57:21.619+0000] {processor.py:186} INFO - Started process (PID=662) to work on /home/airflow/.local/lib/python3.12/site-packages/airflow/example_dags/example_task_group.py
[2024-10-31T11:57:21.622+0000] {processor.py:914} INFO - Processing file /home/airflow/.local/lib/python3.12/site-packages/airflow/example_dags/example_task_group.py for tasks to queue
[2024-10-31T11:57:21.624+0000] {logging_mixin.py:190} INFO - [2024-10-31T11:57:21.624+0000] {dagbag.py:588} INFO - Filling up the DagBag from /home/airflow/.local/lib/python3.12/site-packages/airflow/example_dags/example_task_group.py
[2024-10-31T11:57:21.630+0000] {processor.py:925} INFO - DAG(s) 'example_task_group' retrieved from /home/airflow/.local/lib/python3.12/site-packages/airflow/example_dags/example_task_group.py
[2024-10-31T11:57:21.644+0000] {logging_mixin.py:190} INFO - [2024-10-31T11:57:21.644+0000] {dag.py:3239} INFO - Sync 1 DAGs
[2024-10-31T11:57:21.655+0000] {logging_mixin.py:190} INFO - [2024-10-31T11:57:21.655+0000] {dag.py:4180} INFO - Setting next_dagrun for example_task_group to None, run_after=None
[2024-10-31T11:57:21.672+0000] {processor.py:208} INFO - Processing /home/airflow/.local/lib/python3.12/site-packages/airflow/example_dags/example_task_group.py took 0.057 seconds
[2024-10-31T11:57:52.037+0000] {processor.py:186} INFO - Started process (PID=725) to work on /home/airflow/.local/lib/python3.12/site-packages/airflow/example_dags/example_task_group.py
[2024-10-31T11:57:52.041+0000] {processor.py:914} INFO - Processing file /home/airflow/.local/lib/python3.12/site-packages/airflow/example_dags/example_task_group.py for tasks to queue
[2024-10-31T11:57:52.043+0000] {logging_mixin.py:190} INFO - [2024-10-31T11:57:52.042+0000] {dagbag.py:588} INFO - Filling up the DagBag from /home/airflow/.local/lib/python3.12/site-packages/airflow/example_dags/example_task_group.py
[2024-10-31T11:57:52.049+0000] {processor.py:925} INFO - DAG(s) 'example_task_group' retrieved from /home/airflow/.local/lib/python3.12/site-packages/airflow/example_dags/example_task_group.py
[2024-10-31T11:57:52.064+0000] {logging_mixin.py:190} INFO - [2024-10-31T11:57:52.064+0000] {dag.py:3239} INFO - Sync 1 DAGs
[2024-10-31T11:57:52.074+0000] {logging_mixin.py:190} INFO - [2024-10-31T11:57:52.074+0000] {dag.py:4180} INFO - Setting next_dagrun for example_task_group to None, run_after=None
[2024-10-31T11:57:52.097+0000] {processor.py:208} INFO - Processing /home/airflow/.local/lib/python3.12/site-packages/airflow/example_dags/example_task_group.py took 0.064 seconds
[2024-10-31T11:58:22.250+0000] {processor.py:186} INFO - Started process (PID=789) to work on /home/airflow/.local/lib/python3.12/site-packages/airflow/example_dags/example_task_group.py
[2024-10-31T11:58:22.251+0000] {processor.py:914} INFO - Processing file /home/airflow/.local/lib/python3.12/site-packages/airflow/example_dags/example_task_group.py for tasks to queue
[2024-10-31T11:58:22.253+0000] {logging_mixin.py:190} INFO - [2024-10-31T11:58:22.253+0000] {dagbag.py:588} INFO - Filling up the DagBag from /home/airflow/.local/lib/python3.12/site-packages/airflow/example_dags/example_task_group.py
[2024-10-31T11:58:22.259+0000] {processor.py:925} INFO - DAG(s) 'example_task_group' retrieved from /home/airflow/.local/lib/python3.12/site-packages/airflow/example_dags/example_task_group.py
[2024-10-31T11:58:22.281+0000] {logging_mixin.py:190} INFO - [2024-10-31T11:58:22.281+0000] {dag.py:3239} INFO - Sync 1 DAGs
[2024-10-31T11:58:22.291+0000] {logging_mixin.py:190} INFO - [2024-10-31T11:58:22.290+0000] {dag.py:4180} INFO - Setting next_dagrun for example_task_group to None, run_after=None
[2024-10-31T11:58:22.304+0000] {processor.py:208} INFO - Processing /home/airflow/.local/lib/python3.12/site-packages/airflow/example_dags/example_task_group.py took 0.058 seconds
[2024-10-31T11:58:53.552+0000] {processor.py:186} INFO - Started process (PID=853) to work on /home/airflow/.local/lib/python3.12/site-packages/airflow/example_dags/example_task_group.py
[2024-10-31T11:58:53.553+0000] {processor.py:914} INFO - Processing file /home/airflow/.local/lib/python3.12/site-packages/airflow/example_dags/example_task_group.py for tasks to queue
[2024-10-31T11:58:53.555+0000] {logging_mixin.py:190} INFO - [2024-10-31T11:58:53.554+0000] {dagbag.py:588} INFO - Filling up the DagBag from /home/airflow/.local/lib/python3.12/site-packages/airflow/example_dags/example_task_group.py
[2024-10-31T11:58:53.560+0000] {processor.py:925} INFO - DAG(s) 'example_task_group' retrieved from /home/airflow/.local/lib/python3.12/site-packages/airflow/example_dags/example_task_group.py
[2024-10-31T11:58:53.580+0000] {logging_mixin.py:190} INFO - [2024-10-31T11:58:53.580+0000] {dag.py:3239} INFO - Sync 1 DAGs
[2024-10-31T11:58:53.588+0000] {logging_mixin.py:190} INFO - [2024-10-31T11:58:53.588+0000] {dag.py:4180} INFO - Setting next_dagrun for example_task_group to None, run_after=None
[2024-10-31T11:58:53.605+0000] {processor.py:208} INFO - Processing /home/airflow/.local/lib/python3.12/site-packages/airflow/example_dags/example_task_group.py took 0.056 seconds
[2024-10-31T11:59:23.906+0000] {processor.py:186} INFO - Started process (PID=917) to work on /home/airflow/.local/lib/python3.12/site-packages/airflow/example_dags/example_task_group.py
[2024-10-31T11:59:23.911+0000] {processor.py:914} INFO - Processing file /home/airflow/.local/lib/python3.12/site-packages/airflow/example_dags/example_task_group.py for tasks to queue
[2024-10-31T11:59:23.915+0000] {logging_mixin.py:190} INFO - [2024-10-31T11:59:23.915+0000] {dagbag.py:588} INFO - Filling up the DagBag from /home/airflow/.local/lib/python3.12/site-packages/airflow/example_dags/example_task_group.py
[2024-10-31T11:59:23.923+0000] {processor.py:925} INFO - DAG(s) 'example_task_group' retrieved from /home/airflow/.local/lib/python3.12/site-packages/airflow/example_dags/example_task_group.py
[2024-10-31T11:59:23.940+0000] {logging_mixin.py:190} INFO - [2024-10-31T11:59:23.940+0000] {dag.py:3239} INFO - Sync 1 DAGs
[2024-10-31T11:59:23.952+0000] {logging_mixin.py:190} INFO - [2024-10-31T11:59:23.952+0000] {dag.py:4180} INFO - Setting next_dagrun for example_task_group to None, run_after=None
[2024-10-31T11:59:23.964+0000] {processor.py:208} INFO - Processing /home/airflow/.local/lib/python3.12/site-packages/airflow/example_dags/example_task_group.py took 0.062 seconds
[2024-10-31T11:59:54.551+0000] {processor.py:186} INFO - Started process (PID=981) to work on /home/airflow/.local/lib/python3.12/site-packages/airflow/example_dags/example_task_group.py
[2024-10-31T11:59:54.553+0000] {processor.py:914} INFO - Processing file /home/airflow/.local/lib/python3.12/site-packages/airflow/example_dags/example_task_group.py for tasks to queue
[2024-10-31T11:59:54.555+0000] {logging_mixin.py:190} INFO - [2024-10-31T11:59:54.555+0000] {dagbag.py:588} INFO - Filling up the DagBag from /home/airflow/.local/lib/python3.12/site-packages/airflow/example_dags/example_task_group.py
[2024-10-31T11:59:54.561+0000] {processor.py:925} INFO - DAG(s) 'example_task_group' retrieved from /home/airflow/.local/lib/python3.12/site-packages/airflow/example_dags/example_task_group.py
[2024-10-31T11:59:54.582+0000] {logging_mixin.py:190} INFO - [2024-10-31T11:59:54.581+0000] {dag.py:3239} INFO - Sync 1 DAGs
[2024-10-31T11:59:54.591+0000] {logging_mixin.py:190} INFO - [2024-10-31T11:59:54.591+0000] {dag.py:4180} INFO - Setting next_dagrun for example_task_group to None, run_after=None
[2024-10-31T11:59:54.610+0000] {processor.py:208} INFO - Processing /home/airflow/.local/lib/python3.12/site-packages/airflow/example_dags/example_task_group.py took 0.064 seconds
[2024-10-31T12:00:25.003+0000] {processor.py:186} INFO - Started process (PID=1044) to work on /home/airflow/.local/lib/python3.12/site-packages/airflow/example_dags/example_task_group.py
[2024-10-31T12:00:25.004+0000] {processor.py:914} INFO - Processing file /home/airflow/.local/lib/python3.12/site-packages/airflow/example_dags/example_task_group.py for tasks to queue
[2024-10-31T12:00:25.005+0000] {logging_mixin.py:190} INFO - [2024-10-31T12:00:25.005+0000] {dagbag.py:588} INFO - Filling up the DagBag from /home/airflow/.local/lib/python3.12/site-packages/airflow/example_dags/example_task_group.py
[2024-10-31T12:00:25.012+0000] {processor.py:925} INFO - DAG(s) 'example_task_group' retrieved from /home/airflow/.local/lib/python3.12/site-packages/airflow/example_dags/example_task_group.py
[2024-10-31T12:00:25.026+0000] {logging_mixin.py:190} INFO - [2024-10-31T12:00:25.026+0000] {dag.py:3239} INFO - Sync 1 DAGs
[2024-10-31T12:00:25.035+0000] {logging_mixin.py:190} INFO - [2024-10-31T12:00:25.035+0000] {dag.py:4180} INFO - Setting next_dagrun for example_task_group to None, run_after=None
[2024-10-31T12:00:25.045+0000] {processor.py:208} INFO - Processing /home/airflow/.local/lib/python3.12/site-packages/airflow/example_dags/example_task_group.py took 0.047 seconds
[2024-10-31T12:42:19.692+0000] {processor.py:186} INFO - Started process (PID=89) to work on /home/airflow/.local/lib/python3.12/site-packages/airflow/example_dags/example_task_group.py
[2024-10-31T12:42:19.693+0000] {processor.py:914} INFO - Processing file /home/airflow/.local/lib/python3.12/site-packages/airflow/example_dags/example_task_group.py for tasks to queue
[2024-10-31T12:42:19.695+0000] {logging_mixin.py:190} INFO - [2024-10-31T12:42:19.695+0000] {dagbag.py:588} INFO - Filling up the DagBag from /home/airflow/.local/lib/python3.12/site-packages/airflow/example_dags/example_task_group.py
[2024-10-31T12:42:19.701+0000] {processor.py:925} INFO - DAG(s) 'example_task_group' retrieved from /home/airflow/.local/lib/python3.12/site-packages/airflow/example_dags/example_task_group.py
[2024-10-31T12:42:19.773+0000] {logging_mixin.py:190} INFO - [2024-10-31T12:42:19.773+0000] {override.py:1900} INFO - Created Permission View: can read on DAG:example_task_group
[2024-10-31T12:42:19.779+0000] {logging_mixin.py:190} INFO - [2024-10-31T12:42:19.779+0000] {override.py:1900} INFO - Created Permission View: can delete on DAG:example_task_group
[2024-10-31T12:42:19.783+0000] {logging_mixin.py:190} INFO - [2024-10-31T12:42:19.782+0000] {override.py:1900} INFO - Created Permission View: can edit on DAG:example_task_group
[2024-10-31T12:42:19.786+0000] {logging_mixin.py:190} INFO - [2024-10-31T12:42:19.786+0000] {override.py:1900} INFO - Created Permission View: menu access on DAG Run:example_task_group
[2024-10-31T12:42:19.796+0000] {logging_mixin.py:190} INFO - [2024-10-31T12:42:19.795+0000] {override.py:1900} INFO - Created Permission View: can read on DAG Run:example_task_group
[2024-10-31T12:42:19.801+0000] {logging_mixin.py:190} INFO - [2024-10-31T12:42:19.801+0000] {override.py:1900} INFO - Created Permission View: can delete on DAG Run:example_task_group
[2024-10-31T12:42:19.809+0000] {logging_mixin.py:190} INFO - [2024-10-31T12:42:19.808+0000] {override.py:1900} INFO - Created Permission View: can create on DAG Run:example_task_group
[2024-10-31T12:42:19.810+0000] {logging_mixin.py:190} INFO - [2024-10-31T12:42:19.809+0000] {dag.py:3239} INFO - Sync 1 DAGs
[2024-10-31T12:42:19.826+0000] {logging_mixin.py:190} INFO - [2024-10-31T12:42:19.826+0000] {dag.py:3262} INFO - Creating ORM DAG for example_task_group
[2024-10-31T12:42:19.827+0000] {logging_mixin.py:190} INFO - [2024-10-31T12:42:19.827+0000] {dag.py:4180} INFO - Setting next_dagrun for example_task_group to None, run_after=None
[2024-10-31T12:42:19.837+0000] {processor.py:208} INFO - Processing /home/airflow/.local/lib/python3.12/site-packages/airflow/example_dags/example_task_group.py took 0.150 seconds
