[2024-10-31T11:46:22.522+0000] {processor.py:186} INFO - Started process (PID=56) to work on /home/airflow/.local/lib/python3.12/site-packages/airflow/example_dags/example_sla_dag.py
[2024-10-31T11:46:22.523+0000] {processor.py:914} INFO - Processing file /home/airflow/.local/lib/python3.12/site-packages/airflow/example_dags/example_sla_dag.py for tasks to queue
[2024-10-31T11:46:22.525+0000] {logging_mixin.py:190} INFO - [2024-10-31T11:46:22.525+0000] {dagbag.py:588} INFO - Filling up the DagBag from /home/airflow/.local/lib/python3.12/site-packages/airflow/example_dags/example_sla_dag.py
[2024-10-31T11:46:22.532+0000] {processor.py:925} INFO - DAG(s) 'example_sla_dag' retrieved from /home/airflow/.local/lib/python3.12/site-packages/airflow/example_dags/example_sla_dag.py
[2024-10-31T11:46:22.605+0000] {logging_mixin.py:190} INFO - [2024-10-31T11:46:22.605+0000] {override.py:1900} INFO - Created Permission View: can delete on DAG:example_sla_dag
[2024-10-31T11:46:22.611+0000] {logging_mixin.py:190} INFO - [2024-10-31T11:46:22.611+0000] {override.py:1900} INFO - Created Permission View: can read on DAG:example_sla_dag
[2024-10-31T11:46:22.617+0000] {logging_mixin.py:190} INFO - [2024-10-31T11:46:22.616+0000] {override.py:1900} INFO - Created Permission View: can edit on DAG:example_sla_dag
[2024-10-31T11:46:22.624+0000] {logging_mixin.py:190} INFO - [2024-10-31T11:46:22.624+0000] {override.py:1900} INFO - Created Permission View: can delete on DAG Run:example_sla_dag
[2024-10-31T11:46:22.631+0000] {logging_mixin.py:190} INFO - [2024-10-31T11:46:22.631+0000] {override.py:1900} INFO - Created Permission View: can read on DAG Run:example_sla_dag
[2024-10-31T11:46:22.637+0000] {logging_mixin.py:190} INFO - [2024-10-31T11:46:22.637+0000] {override.py:1900} INFO - Created Permission View: can create on DAG Run:example_sla_dag
[2024-10-31T11:46:22.645+0000] {logging_mixin.py:190} INFO - [2024-10-31T11:46:22.644+0000] {override.py:1900} INFO - Created Permission View: menu access on DAG Run:example_sla_dag
[2024-10-31T11:46:22.646+0000] {logging_mixin.py:190} INFO - [2024-10-31T11:46:22.645+0000] {dag.py:3239} INFO - Sync 1 DAGs
[2024-10-31T11:46:22.659+0000] {logging_mixin.py:190} INFO - [2024-10-31T11:46:22.659+0000] {dag.py:3262} INFO - Creating ORM DAG for example_sla_dag
[2024-10-31T11:46:22.669+0000] {logging_mixin.py:190} INFO - [2024-10-31T11:46:22.669+0000] {dag.py:4180} INFO - Setting next_dagrun for example_sla_dag to 2024-10-31 11:44:00+00:00, run_after=2024-10-31 11:46:00+00:00
[2024-10-31T11:46:22.679+0000] {processor.py:208} INFO - Processing /home/airflow/.local/lib/python3.12/site-packages/airflow/example_dags/example_sla_dag.py took 0.161 seconds
[2024-10-31T11:46:52.811+0000] {processor.py:186} INFO - Started process (PID=120) to work on /home/airflow/.local/lib/python3.12/site-packages/airflow/example_dags/example_sla_dag.py
[2024-10-31T11:46:52.812+0000] {processor.py:914} INFO - Processing file /home/airflow/.local/lib/python3.12/site-packages/airflow/example_dags/example_sla_dag.py for tasks to queue
[2024-10-31T11:46:52.814+0000] {logging_mixin.py:190} INFO - [2024-10-31T11:46:52.813+0000] {dagbag.py:588} INFO - Filling up the DagBag from /home/airflow/.local/lib/python3.12/site-packages/airflow/example_dags/example_sla_dag.py
[2024-10-31T11:46:52.824+0000] {processor.py:925} INFO - DAG(s) 'example_sla_dag' retrieved from /home/airflow/.local/lib/python3.12/site-packages/airflow/example_dags/example_sla_dag.py
[2024-10-31T11:46:52.842+0000] {logging_mixin.py:190} INFO - [2024-10-31T11:46:52.842+0000] {dag.py:3239} INFO - Sync 1 DAGs
[2024-10-31T11:46:52.858+0000] {logging_mixin.py:190} INFO - [2024-10-31T11:46:52.857+0000] {dag.py:4180} INFO - Setting next_dagrun for example_sla_dag to 2024-10-31 11:44:00+00:00, run_after=2024-10-31 11:46:00+00:00
[2024-10-31T11:46:52.873+0000] {processor.py:208} INFO - Processing /home/airflow/.local/lib/python3.12/site-packages/airflow/example_dags/example_sla_dag.py took 0.067 seconds
[2024-10-31T11:47:23.388+0000] {processor.py:186} INFO - Started process (PID=184) to work on /home/airflow/.local/lib/python3.12/site-packages/airflow/example_dags/example_sla_dag.py
[2024-10-31T11:47:23.389+0000] {processor.py:914} INFO - Processing file /home/airflow/.local/lib/python3.12/site-packages/airflow/example_dags/example_sla_dag.py for tasks to queue
[2024-10-31T11:47:23.390+0000] {logging_mixin.py:190} INFO - [2024-10-31T11:47:23.390+0000] {dagbag.py:588} INFO - Filling up the DagBag from /home/airflow/.local/lib/python3.12/site-packages/airflow/example_dags/example_sla_dag.py
[2024-10-31T11:47:23.398+0000] {processor.py:925} INFO - DAG(s) 'example_sla_dag' retrieved from /home/airflow/.local/lib/python3.12/site-packages/airflow/example_dags/example_sla_dag.py
[2024-10-31T11:47:23.413+0000] {logging_mixin.py:190} INFO - [2024-10-31T11:47:23.413+0000] {dag.py:3239} INFO - Sync 1 DAGs
[2024-10-31T11:47:23.432+0000] {logging_mixin.py:190} INFO - [2024-10-31T11:47:23.432+0000] {dag.py:4180} INFO - Setting next_dagrun for example_sla_dag to 2024-10-31 11:44:00+00:00, run_after=2024-10-31 11:46:00+00:00
[2024-10-31T11:47:23.449+0000] {processor.py:208} INFO - Processing /home/airflow/.local/lib/python3.12/site-packages/airflow/example_dags/example_sla_dag.py took 0.065 seconds
[2024-10-31T11:47:53.721+0000] {processor.py:186} INFO - Started process (PID=248) to work on /home/airflow/.local/lib/python3.12/site-packages/airflow/example_dags/example_sla_dag.py
[2024-10-31T11:47:53.722+0000] {processor.py:914} INFO - Processing file /home/airflow/.local/lib/python3.12/site-packages/airflow/example_dags/example_sla_dag.py for tasks to queue
[2024-10-31T11:47:53.727+0000] {logging_mixin.py:190} INFO - [2024-10-31T11:47:53.726+0000] {dagbag.py:588} INFO - Filling up the DagBag from /home/airflow/.local/lib/python3.12/site-packages/airflow/example_dags/example_sla_dag.py
[2024-10-31T11:47:53.734+0000] {processor.py:925} INFO - DAG(s) 'example_sla_dag' retrieved from /home/airflow/.local/lib/python3.12/site-packages/airflow/example_dags/example_sla_dag.py
[2024-10-31T11:47:53.747+0000] {logging_mixin.py:190} INFO - [2024-10-31T11:47:53.747+0000] {dag.py:3239} INFO - Sync 1 DAGs
[2024-10-31T11:47:53.767+0000] {logging_mixin.py:190} INFO - [2024-10-31T11:47:53.767+0000] {dag.py:4180} INFO - Setting next_dagrun for example_sla_dag to 2024-10-31 11:44:00+00:00, run_after=2024-10-31 11:46:00+00:00
[2024-10-31T11:47:53.785+0000] {processor.py:208} INFO - Processing /home/airflow/.local/lib/python3.12/site-packages/airflow/example_dags/example_sla_dag.py took 0.069 seconds
[2024-10-31T11:48:23.910+0000] {processor.py:186} INFO - Started process (PID=312) to work on /home/airflow/.local/lib/python3.12/site-packages/airflow/example_dags/example_sla_dag.py
[2024-10-31T11:48:23.912+0000] {processor.py:914} INFO - Processing file /home/airflow/.local/lib/python3.12/site-packages/airflow/example_dags/example_sla_dag.py for tasks to queue
[2024-10-31T11:48:23.913+0000] {logging_mixin.py:190} INFO - [2024-10-31T11:48:23.913+0000] {dagbag.py:588} INFO - Filling up the DagBag from /home/airflow/.local/lib/python3.12/site-packages/airflow/example_dags/example_sla_dag.py
[2024-10-31T11:48:23.920+0000] {processor.py:925} INFO - DAG(s) 'example_sla_dag' retrieved from /home/airflow/.local/lib/python3.12/site-packages/airflow/example_dags/example_sla_dag.py
[2024-10-31T11:48:23.934+0000] {logging_mixin.py:190} INFO - [2024-10-31T11:48:23.934+0000] {dag.py:3239} INFO - Sync 1 DAGs
[2024-10-31T11:48:23.950+0000] {logging_mixin.py:190} INFO - [2024-10-31T11:48:23.950+0000] {dag.py:4180} INFO - Setting next_dagrun for example_sla_dag to 2024-10-31 11:46:00+00:00, run_after=2024-10-31 11:48:00+00:00
[2024-10-31T11:48:23.966+0000] {processor.py:208} INFO - Processing /home/airflow/.local/lib/python3.12/site-packages/airflow/example_dags/example_sla_dag.py took 0.060 seconds
[2024-10-31T11:48:54.872+0000] {processor.py:186} INFO - Started process (PID=382) to work on /home/airflow/.local/lib/python3.12/site-packages/airflow/example_dags/example_sla_dag.py
[2024-10-31T11:48:54.877+0000] {processor.py:914} INFO - Processing file /home/airflow/.local/lib/python3.12/site-packages/airflow/example_dags/example_sla_dag.py for tasks to queue
[2024-10-31T11:48:54.879+0000] {logging_mixin.py:190} INFO - [2024-10-31T11:48:54.879+0000] {dagbag.py:588} INFO - Filling up the DagBag from /home/airflow/.local/lib/python3.12/site-packages/airflow/example_dags/example_sla_dag.py
[2024-10-31T11:48:54.887+0000] {processor.py:925} INFO - DAG(s) 'example_sla_dag' retrieved from /home/airflow/.local/lib/python3.12/site-packages/airflow/example_dags/example_sla_dag.py
[2024-10-31T11:48:54.903+0000] {logging_mixin.py:190} INFO - [2024-10-31T11:48:54.903+0000] {dag.py:3239} INFO - Sync 1 DAGs
[2024-10-31T11:48:54.927+0000] {logging_mixin.py:190} INFO - [2024-10-31T11:48:54.927+0000] {dag.py:4180} INFO - Setting next_dagrun for example_sla_dag to 2024-10-31 11:46:00+00:00, run_after=2024-10-31 11:48:00+00:00
[2024-10-31T11:48:54.938+0000] {processor.py:208} INFO - Processing /home/airflow/.local/lib/python3.12/site-packages/airflow/example_dags/example_sla_dag.py took 0.069 seconds
[2024-10-31T11:49:25.050+0000] {processor.py:186} INFO - Started process (PID=446) to work on /home/airflow/.local/lib/python3.12/site-packages/airflow/example_dags/example_sla_dag.py
[2024-10-31T11:49:25.051+0000] {processor.py:914} INFO - Processing file /home/airflow/.local/lib/python3.12/site-packages/airflow/example_dags/example_sla_dag.py for tasks to queue
[2024-10-31T11:49:25.054+0000] {logging_mixin.py:190} INFO - [2024-10-31T11:49:25.054+0000] {dagbag.py:588} INFO - Filling up the DagBag from /home/airflow/.local/lib/python3.12/site-packages/airflow/example_dags/example_sla_dag.py
[2024-10-31T11:49:25.063+0000] {processor.py:925} INFO - DAG(s) 'example_sla_dag' retrieved from /home/airflow/.local/lib/python3.12/site-packages/airflow/example_dags/example_sla_dag.py
[2024-10-31T11:49:25.076+0000] {logging_mixin.py:190} INFO - [2024-10-31T11:49:25.075+0000] {dag.py:3239} INFO - Sync 1 DAGs
[2024-10-31T11:49:25.093+0000] {logging_mixin.py:190} INFO - [2024-10-31T11:49:25.093+0000] {dag.py:4180} INFO - Setting next_dagrun for example_sla_dag to 2024-10-31 11:46:00+00:00, run_after=2024-10-31 11:48:00+00:00
[2024-10-31T11:49:25.106+0000] {processor.py:208} INFO - Processing /home/airflow/.local/lib/python3.12/site-packages/airflow/example_dags/example_sla_dag.py took 0.060 seconds
[2024-10-31T11:49:55.998+0000] {processor.py:186} INFO - Started process (PID=510) to work on /home/airflow/.local/lib/python3.12/site-packages/airflow/example_dags/example_sla_dag.py
[2024-10-31T11:49:55.999+0000] {processor.py:914} INFO - Processing file /home/airflow/.local/lib/python3.12/site-packages/airflow/example_dags/example_sla_dag.py for tasks to queue
[2024-10-31T11:49:56.001+0000] {logging_mixin.py:190} INFO - [2024-10-31T11:49:56.001+0000] {dagbag.py:588} INFO - Filling up the DagBag from /home/airflow/.local/lib/python3.12/site-packages/airflow/example_dags/example_sla_dag.py
[2024-10-31T11:49:56.008+0000] {processor.py:925} INFO - DAG(s) 'example_sla_dag' retrieved from /home/airflow/.local/lib/python3.12/site-packages/airflow/example_dags/example_sla_dag.py
[2024-10-31T11:49:56.020+0000] {logging_mixin.py:190} INFO - [2024-10-31T11:49:56.019+0000] {dag.py:3239} INFO - Sync 1 DAGs
[2024-10-31T11:49:56.036+0000] {logging_mixin.py:190} INFO - [2024-10-31T11:49:56.036+0000] {dag.py:4180} INFO - Setting next_dagrun for example_sla_dag to 2024-10-31 11:46:00+00:00, run_after=2024-10-31 11:48:00+00:00
[2024-10-31T11:49:56.046+0000] {processor.py:208} INFO - Processing /home/airflow/.local/lib/python3.12/site-packages/airflow/example_dags/example_sla_dag.py took 0.052 seconds
[2024-10-31T11:50:26.958+0000] {processor.py:186} INFO - Started process (PID=574) to work on /home/airflow/.local/lib/python3.12/site-packages/airflow/example_dags/example_sla_dag.py
[2024-10-31T11:50:26.961+0000] {processor.py:914} INFO - Processing file /home/airflow/.local/lib/python3.12/site-packages/airflow/example_dags/example_sla_dag.py for tasks to queue
[2024-10-31T11:50:26.964+0000] {logging_mixin.py:190} INFO - [2024-10-31T11:50:26.963+0000] {dagbag.py:588} INFO - Filling up the DagBag from /home/airflow/.local/lib/python3.12/site-packages/airflow/example_dags/example_sla_dag.py
[2024-10-31T11:50:26.971+0000] {processor.py:925} INFO - DAG(s) 'example_sla_dag' retrieved from /home/airflow/.local/lib/python3.12/site-packages/airflow/example_dags/example_sla_dag.py
[2024-10-31T11:50:26.987+0000] {logging_mixin.py:190} INFO - [2024-10-31T11:50:26.987+0000] {dag.py:3239} INFO - Sync 1 DAGs
[2024-10-31T11:50:27.010+0000] {logging_mixin.py:190} INFO - [2024-10-31T11:50:27.010+0000] {dag.py:4180} INFO - Setting next_dagrun for example_sla_dag to 2024-10-31 11:48:00+00:00, run_after=2024-10-31 11:50:00+00:00
[2024-10-31T11:50:27.028+0000] {processor.py:208} INFO - Processing /home/airflow/.local/lib/python3.12/site-packages/airflow/example_dags/example_sla_dag.py took 0.074 seconds
[2024-10-31T11:50:57.265+0000] {processor.py:186} INFO - Started process (PID=637) to work on /home/airflow/.local/lib/python3.12/site-packages/airflow/example_dags/example_sla_dag.py
[2024-10-31T11:50:57.266+0000] {processor.py:914} INFO - Processing file /home/airflow/.local/lib/python3.12/site-packages/airflow/example_dags/example_sla_dag.py for tasks to queue
[2024-10-31T11:50:57.267+0000] {logging_mixin.py:190} INFO - [2024-10-31T11:50:57.267+0000] {dagbag.py:588} INFO - Filling up the DagBag from /home/airflow/.local/lib/python3.12/site-packages/airflow/example_dags/example_sla_dag.py
[2024-10-31T11:50:57.274+0000] {processor.py:925} INFO - DAG(s) 'example_sla_dag' retrieved from /home/airflow/.local/lib/python3.12/site-packages/airflow/example_dags/example_sla_dag.py
[2024-10-31T11:50:57.294+0000] {logging_mixin.py:190} INFO - [2024-10-31T11:50:57.294+0000] {dag.py:3239} INFO - Sync 1 DAGs
[2024-10-31T11:50:57.312+0000] {logging_mixin.py:190} INFO - [2024-10-31T11:50:57.312+0000] {dag.py:4180} INFO - Setting next_dagrun for example_sla_dag to 2024-10-31 11:48:00+00:00, run_after=2024-10-31 11:50:00+00:00
[2024-10-31T11:50:57.325+0000] {processor.py:208} INFO - Processing /home/airflow/.local/lib/python3.12/site-packages/airflow/example_dags/example_sla_dag.py took 0.064 seconds
[2024-10-31T11:51:28.142+0000] {processor.py:186} INFO - Started process (PID=701) to work on /home/airflow/.local/lib/python3.12/site-packages/airflow/example_dags/example_sla_dag.py
[2024-10-31T11:51:28.143+0000] {processor.py:914} INFO - Processing file /home/airflow/.local/lib/python3.12/site-packages/airflow/example_dags/example_sla_dag.py for tasks to queue
[2024-10-31T11:51:28.145+0000] {logging_mixin.py:190} INFO - [2024-10-31T11:51:28.145+0000] {dagbag.py:588} INFO - Filling up the DagBag from /home/airflow/.local/lib/python3.12/site-packages/airflow/example_dags/example_sla_dag.py
[2024-10-31T11:51:28.151+0000] {processor.py:925} INFO - DAG(s) 'example_sla_dag' retrieved from /home/airflow/.local/lib/python3.12/site-packages/airflow/example_dags/example_sla_dag.py
[2024-10-31T11:51:28.164+0000] {logging_mixin.py:190} INFO - [2024-10-31T11:51:28.164+0000] {dag.py:3239} INFO - Sync 1 DAGs
[2024-10-31T11:51:28.179+0000] {logging_mixin.py:190} INFO - [2024-10-31T11:51:28.179+0000] {dag.py:4180} INFO - Setting next_dagrun for example_sla_dag to 2024-10-31 11:48:00+00:00, run_after=2024-10-31 11:50:00+00:00
[2024-10-31T11:51:28.191+0000] {processor.py:208} INFO - Processing /home/airflow/.local/lib/python3.12/site-packages/airflow/example_dags/example_sla_dag.py took 0.053 seconds
[2024-10-31T11:51:58.466+0000] {processor.py:186} INFO - Started process (PID=765) to work on /home/airflow/.local/lib/python3.12/site-packages/airflow/example_dags/example_sla_dag.py
[2024-10-31T11:51:58.469+0000] {processor.py:914} INFO - Processing file /home/airflow/.local/lib/python3.12/site-packages/airflow/example_dags/example_sla_dag.py for tasks to queue
[2024-10-31T11:51:58.470+0000] {logging_mixin.py:190} INFO - [2024-10-31T11:51:58.470+0000] {dagbag.py:588} INFO - Filling up the DagBag from /home/airflow/.local/lib/python3.12/site-packages/airflow/example_dags/example_sla_dag.py
[2024-10-31T11:51:58.477+0000] {processor.py:925} INFO - DAG(s) 'example_sla_dag' retrieved from /home/airflow/.local/lib/python3.12/site-packages/airflow/example_dags/example_sla_dag.py
[2024-10-31T11:51:58.490+0000] {logging_mixin.py:190} INFO - [2024-10-31T11:51:58.490+0000] {dag.py:3239} INFO - Sync 1 DAGs
[2024-10-31T11:51:58.507+0000] {logging_mixin.py:190} INFO - [2024-10-31T11:51:58.507+0000] {dag.py:4180} INFO - Setting next_dagrun for example_sla_dag to 2024-10-31 11:48:00+00:00, run_after=2024-10-31 11:50:00+00:00
[2024-10-31T11:51:58.524+0000] {processor.py:208} INFO - Processing /home/airflow/.local/lib/python3.12/site-packages/airflow/example_dags/example_sla_dag.py took 0.062 seconds
[2024-10-31T11:52:46.086+0000] {processor.py:186} INFO - Started process (PID=48) to work on /home/airflow/.local/lib/python3.12/site-packages/airflow/example_dags/example_sla_dag.py
[2024-10-31T11:52:46.087+0000] {processor.py:914} INFO - Processing file /home/airflow/.local/lib/python3.12/site-packages/airflow/example_dags/example_sla_dag.py for tasks to queue
[2024-10-31T11:52:46.089+0000] {logging_mixin.py:190} INFO - [2024-10-31T11:52:46.089+0000] {dagbag.py:588} INFO - Filling up the DagBag from /home/airflow/.local/lib/python3.12/site-packages/airflow/example_dags/example_sla_dag.py
[2024-10-31T11:52:46.097+0000] {processor.py:925} INFO - DAG(s) 'example_sla_dag' retrieved from /home/airflow/.local/lib/python3.12/site-packages/airflow/example_dags/example_sla_dag.py
[2024-10-31T11:52:46.118+0000] {logging_mixin.py:190} INFO - [2024-10-31T11:52:46.118+0000] {dag.py:3239} INFO - Sync 1 DAGs
[2024-10-31T11:52:46.138+0000] {logging_mixin.py:190} INFO - [2024-10-31T11:52:46.138+0000] {dag.py:4180} INFO - Setting next_dagrun for example_sla_dag to 2024-10-31 11:50:00+00:00, run_after=2024-10-31 11:52:00+00:00
[2024-10-31T11:52:46.153+0000] {processor.py:208} INFO - Processing /home/airflow/.local/lib/python3.12/site-packages/airflow/example_dags/example_sla_dag.py took 0.072 seconds
[2024-10-31T11:53:16.366+0000] {processor.py:186} INFO - Started process (PID=112) to work on /home/airflow/.local/lib/python3.12/site-packages/airflow/example_dags/example_sla_dag.py
[2024-10-31T11:53:16.368+0000] {processor.py:914} INFO - Processing file /home/airflow/.local/lib/python3.12/site-packages/airflow/example_dags/example_sla_dag.py for tasks to queue
[2024-10-31T11:53:16.370+0000] {logging_mixin.py:190} INFO - [2024-10-31T11:53:16.370+0000] {dagbag.py:588} INFO - Filling up the DagBag from /home/airflow/.local/lib/python3.12/site-packages/airflow/example_dags/example_sla_dag.py
[2024-10-31T11:53:16.379+0000] {processor.py:925} INFO - DAG(s) 'example_sla_dag' retrieved from /home/airflow/.local/lib/python3.12/site-packages/airflow/example_dags/example_sla_dag.py
[2024-10-31T11:53:16.397+0000] {logging_mixin.py:190} INFO - [2024-10-31T11:53:16.397+0000] {dag.py:3239} INFO - Sync 1 DAGs
[2024-10-31T11:53:16.416+0000] {logging_mixin.py:190} INFO - [2024-10-31T11:53:16.416+0000] {dag.py:4180} INFO - Setting next_dagrun for example_sla_dag to 2024-10-31 11:50:00+00:00, run_after=2024-10-31 11:52:00+00:00
[2024-10-31T11:53:16.433+0000] {processor.py:208} INFO - Processing /home/airflow/.local/lib/python3.12/site-packages/airflow/example_dags/example_sla_dag.py took 0.071 seconds
[2024-10-31T11:53:46.817+0000] {processor.py:186} INFO - Started process (PID=176) to work on /home/airflow/.local/lib/python3.12/site-packages/airflow/example_dags/example_sla_dag.py
[2024-10-31T11:53:46.818+0000] {processor.py:914} INFO - Processing file /home/airflow/.local/lib/python3.12/site-packages/airflow/example_dags/example_sla_dag.py for tasks to queue
[2024-10-31T11:53:46.820+0000] {logging_mixin.py:190} INFO - [2024-10-31T11:53:46.820+0000] {dagbag.py:588} INFO - Filling up the DagBag from /home/airflow/.local/lib/python3.12/site-packages/airflow/example_dags/example_sla_dag.py
[2024-10-31T11:53:46.826+0000] {processor.py:925} INFO - DAG(s) 'example_sla_dag' retrieved from /home/airflow/.local/lib/python3.12/site-packages/airflow/example_dags/example_sla_dag.py
[2024-10-31T11:53:46.840+0000] {logging_mixin.py:190} INFO - [2024-10-31T11:53:46.840+0000] {dag.py:3239} INFO - Sync 1 DAGs
[2024-10-31T11:53:46.857+0000] {logging_mixin.py:190} INFO - [2024-10-31T11:53:46.857+0000] {dag.py:4180} INFO - Setting next_dagrun for example_sla_dag to 2024-10-31 11:50:00+00:00, run_after=2024-10-31 11:52:00+00:00
[2024-10-31T11:53:46.875+0000] {processor.py:208} INFO - Processing /home/airflow/.local/lib/python3.12/site-packages/airflow/example_dags/example_sla_dag.py took 0.062 seconds
[2024-10-31T11:54:16.979+0000] {processor.py:186} INFO - Started process (PID=240) to work on /home/airflow/.local/lib/python3.12/site-packages/airflow/example_dags/example_sla_dag.py
[2024-10-31T11:54:16.980+0000] {processor.py:914} INFO - Processing file /home/airflow/.local/lib/python3.12/site-packages/airflow/example_dags/example_sla_dag.py for tasks to queue
[2024-10-31T11:54:16.982+0000] {logging_mixin.py:190} INFO - [2024-10-31T11:54:16.982+0000] {dagbag.py:588} INFO - Filling up the DagBag from /home/airflow/.local/lib/python3.12/site-packages/airflow/example_dags/example_sla_dag.py
[2024-10-31T11:54:16.989+0000] {processor.py:925} INFO - DAG(s) 'example_sla_dag' retrieved from /home/airflow/.local/lib/python3.12/site-packages/airflow/example_dags/example_sla_dag.py
[2024-10-31T11:54:17.002+0000] {logging_mixin.py:190} INFO - [2024-10-31T11:54:17.002+0000] {dag.py:3239} INFO - Sync 1 DAGs
[2024-10-31T11:54:17.022+0000] {logging_mixin.py:190} INFO - [2024-10-31T11:54:17.022+0000] {dag.py:4180} INFO - Setting next_dagrun for example_sla_dag to 2024-10-31 11:52:00+00:00, run_after=2024-10-31 11:54:00+00:00
[2024-10-31T11:54:17.040+0000] {processor.py:208} INFO - Processing /home/airflow/.local/lib/python3.12/site-packages/airflow/example_dags/example_sla_dag.py took 0.065 seconds
[2024-10-31T11:54:47.331+0000] {processor.py:186} INFO - Started process (PID=304) to work on /home/airflow/.local/lib/python3.12/site-packages/airflow/example_dags/example_sla_dag.py
[2024-10-31T11:54:47.334+0000] {processor.py:914} INFO - Processing file /home/airflow/.local/lib/python3.12/site-packages/airflow/example_dags/example_sla_dag.py for tasks to queue
[2024-10-31T11:54:47.336+0000] {logging_mixin.py:190} INFO - [2024-10-31T11:54:47.336+0000] {dagbag.py:588} INFO - Filling up the DagBag from /home/airflow/.local/lib/python3.12/site-packages/airflow/example_dags/example_sla_dag.py
[2024-10-31T11:54:47.344+0000] {processor.py:925} INFO - DAG(s) 'example_sla_dag' retrieved from /home/airflow/.local/lib/python3.12/site-packages/airflow/example_dags/example_sla_dag.py
[2024-10-31T11:54:47.365+0000] {logging_mixin.py:190} INFO - [2024-10-31T11:54:47.365+0000] {dag.py:3239} INFO - Sync 1 DAGs
[2024-10-31T11:54:47.384+0000] {logging_mixin.py:190} INFO - [2024-10-31T11:54:47.384+0000] {dag.py:4180} INFO - Setting next_dagrun for example_sla_dag to 2024-10-31 11:52:00+00:00, run_after=2024-10-31 11:54:00+00:00
[2024-10-31T11:54:47.405+0000] {processor.py:208} INFO - Processing /home/airflow/.local/lib/python3.12/site-packages/airflow/example_dags/example_sla_dag.py took 0.079 seconds
[2024-10-31T11:55:17.642+0000] {processor.py:186} INFO - Started process (PID=367) to work on /home/airflow/.local/lib/python3.12/site-packages/airflow/example_dags/example_sla_dag.py
[2024-10-31T11:55:17.645+0000] {processor.py:914} INFO - Processing file /home/airflow/.local/lib/python3.12/site-packages/airflow/example_dags/example_sla_dag.py for tasks to queue
[2024-10-31T11:55:17.648+0000] {logging_mixin.py:190} INFO - [2024-10-31T11:55:17.647+0000] {dagbag.py:588} INFO - Filling up the DagBag from /home/airflow/.local/lib/python3.12/site-packages/airflow/example_dags/example_sla_dag.py
[2024-10-31T11:55:17.657+0000] {processor.py:925} INFO - DAG(s) 'example_sla_dag' retrieved from /home/airflow/.local/lib/python3.12/site-packages/airflow/example_dags/example_sla_dag.py
[2024-10-31T11:55:17.676+0000] {logging_mixin.py:190} INFO - [2024-10-31T11:55:17.675+0000] {dag.py:3239} INFO - Sync 1 DAGs
[2024-10-31T11:55:17.698+0000] {logging_mixin.py:190} INFO - [2024-10-31T11:55:17.697+0000] {dag.py:4180} INFO - Setting next_dagrun for example_sla_dag to 2024-10-31 11:52:00+00:00, run_after=2024-10-31 11:54:00+00:00
[2024-10-31T11:55:17.719+0000] {processor.py:208} INFO - Processing /home/airflow/.local/lib/python3.12/site-packages/airflow/example_dags/example_sla_dag.py took 0.083 seconds
[2024-10-31T11:55:48.020+0000] {processor.py:186} INFO - Started process (PID=431) to work on /home/airflow/.local/lib/python3.12/site-packages/airflow/example_dags/example_sla_dag.py
[2024-10-31T11:55:48.021+0000] {processor.py:914} INFO - Processing file /home/airflow/.local/lib/python3.12/site-packages/airflow/example_dags/example_sla_dag.py for tasks to queue
[2024-10-31T11:55:48.023+0000] {logging_mixin.py:190} INFO - [2024-10-31T11:55:48.023+0000] {dagbag.py:588} INFO - Filling up the DagBag from /home/airflow/.local/lib/python3.12/site-packages/airflow/example_dags/example_sla_dag.py
[2024-10-31T11:55:48.031+0000] {processor.py:925} INFO - DAG(s) 'example_sla_dag' retrieved from /home/airflow/.local/lib/python3.12/site-packages/airflow/example_dags/example_sla_dag.py
[2024-10-31T11:55:48.046+0000] {logging_mixin.py:190} INFO - [2024-10-31T11:55:48.045+0000] {dag.py:3239} INFO - Sync 1 DAGs
[2024-10-31T11:55:48.061+0000] {logging_mixin.py:190} INFO - [2024-10-31T11:55:48.061+0000] {dag.py:4180} INFO - Setting next_dagrun for example_sla_dag to 2024-10-31 11:52:00+00:00, run_after=2024-10-31 11:54:00+00:00
[2024-10-31T11:55:48.072+0000] {processor.py:208} INFO - Processing /home/airflow/.local/lib/python3.12/site-packages/airflow/example_dags/example_sla_dag.py took 0.056 seconds
[2024-10-31T11:56:19.193+0000] {processor.py:186} INFO - Started process (PID=501) to work on /home/airflow/.local/lib/python3.12/site-packages/airflow/example_dags/example_sla_dag.py
[2024-10-31T11:56:19.194+0000] {processor.py:914} INFO - Processing file /home/airflow/.local/lib/python3.12/site-packages/airflow/example_dags/example_sla_dag.py for tasks to queue
[2024-10-31T11:56:19.196+0000] {logging_mixin.py:190} INFO - [2024-10-31T11:56:19.196+0000] {dagbag.py:588} INFO - Filling up the DagBag from /home/airflow/.local/lib/python3.12/site-packages/airflow/example_dags/example_sla_dag.py
[2024-10-31T11:56:19.202+0000] {processor.py:925} INFO - DAG(s) 'example_sla_dag' retrieved from /home/airflow/.local/lib/python3.12/site-packages/airflow/example_dags/example_sla_dag.py
[2024-10-31T11:56:19.219+0000] {logging_mixin.py:190} INFO - [2024-10-31T11:56:19.218+0000] {dag.py:3239} INFO - Sync 1 DAGs
[2024-10-31T11:56:19.235+0000] {logging_mixin.py:190} INFO - [2024-10-31T11:56:19.235+0000] {dag.py:4180} INFO - Setting next_dagrun for example_sla_dag to 2024-10-31 11:54:00+00:00, run_after=2024-10-31 11:56:00+00:00
[2024-10-31T11:56:19.252+0000] {processor.py:208} INFO - Processing /home/airflow/.local/lib/python3.12/site-packages/airflow/example_dags/example_sla_dag.py took 0.063 seconds
[2024-10-31T11:56:49.483+0000] {processor.py:186} INFO - Started process (PID=565) to work on /home/airflow/.local/lib/python3.12/site-packages/airflow/example_dags/example_sla_dag.py
[2024-10-31T11:56:49.487+0000] {processor.py:914} INFO - Processing file /home/airflow/.local/lib/python3.12/site-packages/airflow/example_dags/example_sla_dag.py for tasks to queue
[2024-10-31T11:56:49.489+0000] {logging_mixin.py:190} INFO - [2024-10-31T11:56:49.489+0000] {dagbag.py:588} INFO - Filling up the DagBag from /home/airflow/.local/lib/python3.12/site-packages/airflow/example_dags/example_sla_dag.py
[2024-10-31T11:56:49.496+0000] {processor.py:925} INFO - DAG(s) 'example_sla_dag' retrieved from /home/airflow/.local/lib/python3.12/site-packages/airflow/example_dags/example_sla_dag.py
[2024-10-31T11:56:49.509+0000] {logging_mixin.py:190} INFO - [2024-10-31T11:56:49.509+0000] {dag.py:3239} INFO - Sync 1 DAGs
[2024-10-31T11:56:49.526+0000] {logging_mixin.py:190} INFO - [2024-10-31T11:56:49.526+0000] {dag.py:4180} INFO - Setting next_dagrun for example_sla_dag to 2024-10-31 11:54:00+00:00, run_after=2024-10-31 11:56:00+00:00
[2024-10-31T11:56:49.586+0000] {processor.py:208} INFO - Processing /home/airflow/.local/lib/python3.12/site-packages/airflow/example_dags/example_sla_dag.py took 0.107 seconds
[2024-10-31T11:57:19.790+0000] {processor.py:186} INFO - Started process (PID=629) to work on /home/airflow/.local/lib/python3.12/site-packages/airflow/example_dags/example_sla_dag.py
[2024-10-31T11:57:19.790+0000] {processor.py:914} INFO - Processing file /home/airflow/.local/lib/python3.12/site-packages/airflow/example_dags/example_sla_dag.py for tasks to queue
[2024-10-31T11:57:19.792+0000] {logging_mixin.py:190} INFO - [2024-10-31T11:57:19.792+0000] {dagbag.py:588} INFO - Filling up the DagBag from /home/airflow/.local/lib/python3.12/site-packages/airflow/example_dags/example_sla_dag.py
[2024-10-31T11:57:19.801+0000] {processor.py:925} INFO - DAG(s) 'example_sla_dag' retrieved from /home/airflow/.local/lib/python3.12/site-packages/airflow/example_dags/example_sla_dag.py
[2024-10-31T11:57:19.816+0000] {logging_mixin.py:190} INFO - [2024-10-31T11:57:19.816+0000] {dag.py:3239} INFO - Sync 1 DAGs
[2024-10-31T11:57:19.834+0000] {logging_mixin.py:190} INFO - [2024-10-31T11:57:19.834+0000] {dag.py:4180} INFO - Setting next_dagrun for example_sla_dag to 2024-10-31 11:54:00+00:00, run_after=2024-10-31 11:56:00+00:00
[2024-10-31T11:57:19.851+0000] {processor.py:208} INFO - Processing /home/airflow/.local/lib/python3.12/site-packages/airflow/example_dags/example_sla_dag.py took 0.065 seconds
[2024-10-31T11:57:50.202+0000] {processor.py:186} INFO - Started process (PID=692) to work on /home/airflow/.local/lib/python3.12/site-packages/airflow/example_dags/example_sla_dag.py
[2024-10-31T11:57:50.204+0000] {processor.py:914} INFO - Processing file /home/airflow/.local/lib/python3.12/site-packages/airflow/example_dags/example_sla_dag.py for tasks to queue
[2024-10-31T11:57:50.206+0000] {logging_mixin.py:190} INFO - [2024-10-31T11:57:50.206+0000] {dagbag.py:588} INFO - Filling up the DagBag from /home/airflow/.local/lib/python3.12/site-packages/airflow/example_dags/example_sla_dag.py
[2024-10-31T11:57:50.213+0000] {processor.py:925} INFO - DAG(s) 'example_sla_dag' retrieved from /home/airflow/.local/lib/python3.12/site-packages/airflow/example_dags/example_sla_dag.py
[2024-10-31T11:57:50.230+0000] {logging_mixin.py:190} INFO - [2024-10-31T11:57:50.229+0000] {dag.py:3239} INFO - Sync 1 DAGs
[2024-10-31T11:57:50.249+0000] {logging_mixin.py:190} INFO - [2024-10-31T11:57:50.249+0000] {dag.py:4180} INFO - Setting next_dagrun for example_sla_dag to 2024-10-31 11:54:00+00:00, run_after=2024-10-31 11:56:00+00:00
[2024-10-31T11:57:50.266+0000] {processor.py:208} INFO - Processing /home/airflow/.local/lib/python3.12/site-packages/airflow/example_dags/example_sla_dag.py took 0.069 seconds
[2024-10-31T11:58:20.440+0000] {processor.py:186} INFO - Started process (PID=756) to work on /home/airflow/.local/lib/python3.12/site-packages/airflow/example_dags/example_sla_dag.py
[2024-10-31T11:58:20.445+0000] {processor.py:914} INFO - Processing file /home/airflow/.local/lib/python3.12/site-packages/airflow/example_dags/example_sla_dag.py for tasks to queue
[2024-10-31T11:58:20.447+0000] {logging_mixin.py:190} INFO - [2024-10-31T11:58:20.447+0000] {dagbag.py:588} INFO - Filling up the DagBag from /home/airflow/.local/lib/python3.12/site-packages/airflow/example_dags/example_sla_dag.py
[2024-10-31T11:58:20.454+0000] {processor.py:925} INFO - DAG(s) 'example_sla_dag' retrieved from /home/airflow/.local/lib/python3.12/site-packages/airflow/example_dags/example_sla_dag.py
[2024-10-31T11:58:20.467+0000] {logging_mixin.py:190} INFO - [2024-10-31T11:58:20.467+0000] {dag.py:3239} INFO - Sync 1 DAGs
[2024-10-31T11:58:20.484+0000] {logging_mixin.py:190} INFO - [2024-10-31T11:58:20.484+0000] {dag.py:4180} INFO - Setting next_dagrun for example_sla_dag to 2024-10-31 11:56:00+00:00, run_after=2024-10-31 11:58:00+00:00
[2024-10-31T11:58:20.503+0000] {processor.py:208} INFO - Processing /home/airflow/.local/lib/python3.12/site-packages/airflow/example_dags/example_sla_dag.py took 0.067 seconds
[2024-10-31T11:58:50.667+0000] {processor.py:186} INFO - Started process (PID=820) to work on /home/airflow/.local/lib/python3.12/site-packages/airflow/example_dags/example_sla_dag.py
[2024-10-31T11:58:50.668+0000] {processor.py:914} INFO - Processing file /home/airflow/.local/lib/python3.12/site-packages/airflow/example_dags/example_sla_dag.py for tasks to queue
[2024-10-31T11:58:50.670+0000] {logging_mixin.py:190} INFO - [2024-10-31T11:58:50.670+0000] {dagbag.py:588} INFO - Filling up the DagBag from /home/airflow/.local/lib/python3.12/site-packages/airflow/example_dags/example_sla_dag.py
[2024-10-31T11:58:50.676+0000] {processor.py:925} INFO - DAG(s) 'example_sla_dag' retrieved from /home/airflow/.local/lib/python3.12/site-packages/airflow/example_dags/example_sla_dag.py
[2024-10-31T11:58:50.696+0000] {logging_mixin.py:190} INFO - [2024-10-31T11:58:50.696+0000] {dag.py:3239} INFO - Sync 1 DAGs
[2024-10-31T11:58:50.717+0000] {logging_mixin.py:190} INFO - [2024-10-31T11:58:50.717+0000] {dag.py:4180} INFO - Setting next_dagrun for example_sla_dag to 2024-10-31 11:56:00+00:00, run_after=2024-10-31 11:58:00+00:00
[2024-10-31T11:58:50.732+0000] {processor.py:208} INFO - Processing /home/airflow/.local/lib/python3.12/site-packages/airflow/example_dags/example_sla_dag.py took 0.069 seconds
[2024-10-31T11:59:21.069+0000] {processor.py:186} INFO - Started process (PID=884) to work on /home/airflow/.local/lib/python3.12/site-packages/airflow/example_dags/example_sla_dag.py
[2024-10-31T11:59:21.072+0000] {processor.py:914} INFO - Processing file /home/airflow/.local/lib/python3.12/site-packages/airflow/example_dags/example_sla_dag.py for tasks to queue
[2024-10-31T11:59:21.073+0000] {logging_mixin.py:190} INFO - [2024-10-31T11:59:21.073+0000] {dagbag.py:588} INFO - Filling up the DagBag from /home/airflow/.local/lib/python3.12/site-packages/airflow/example_dags/example_sla_dag.py
[2024-10-31T11:59:21.081+0000] {processor.py:925} INFO - DAG(s) 'example_sla_dag' retrieved from /home/airflow/.local/lib/python3.12/site-packages/airflow/example_dags/example_sla_dag.py
[2024-10-31T11:59:21.100+0000] {logging_mixin.py:190} INFO - [2024-10-31T11:59:21.100+0000] {dag.py:3239} INFO - Sync 1 DAGs
[2024-10-31T11:59:21.120+0000] {logging_mixin.py:190} INFO - [2024-10-31T11:59:21.120+0000] {dag.py:4180} INFO - Setting next_dagrun for example_sla_dag to 2024-10-31 11:56:00+00:00, run_after=2024-10-31 11:58:00+00:00
[2024-10-31T11:59:21.140+0000] {processor.py:208} INFO - Processing /home/airflow/.local/lib/python3.12/site-packages/airflow/example_dags/example_sla_dag.py took 0.076 seconds
[2024-10-31T11:59:51.622+0000] {processor.py:186} INFO - Started process (PID=948) to work on /home/airflow/.local/lib/python3.12/site-packages/airflow/example_dags/example_sla_dag.py
[2024-10-31T11:59:51.623+0000] {processor.py:914} INFO - Processing file /home/airflow/.local/lib/python3.12/site-packages/airflow/example_dags/example_sla_dag.py for tasks to queue
[2024-10-31T11:59:51.625+0000] {logging_mixin.py:190} INFO - [2024-10-31T11:59:51.625+0000] {dagbag.py:588} INFO - Filling up the DagBag from /home/airflow/.local/lib/python3.12/site-packages/airflow/example_dags/example_sla_dag.py
[2024-10-31T11:59:51.632+0000] {processor.py:925} INFO - DAG(s) 'example_sla_dag' retrieved from /home/airflow/.local/lib/python3.12/site-packages/airflow/example_dags/example_sla_dag.py
[2024-10-31T11:59:51.653+0000] {logging_mixin.py:190} INFO - [2024-10-31T11:59:51.653+0000] {dag.py:3239} INFO - Sync 1 DAGs
[2024-10-31T11:59:51.675+0000] {logging_mixin.py:190} INFO - [2024-10-31T11:59:51.675+0000] {dag.py:4180} INFO - Setting next_dagrun for example_sla_dag to 2024-10-31 11:56:00+00:00, run_after=2024-10-31 11:58:00+00:00
[2024-10-31T11:59:51.691+0000] {processor.py:208} INFO - Processing /home/airflow/.local/lib/python3.12/site-packages/airflow/example_dags/example_sla_dag.py took 0.073 seconds
[2024-10-31T12:00:22.225+0000] {processor.py:186} INFO - Started process (PID=1011) to work on /home/airflow/.local/lib/python3.12/site-packages/airflow/example_dags/example_sla_dag.py
[2024-10-31T12:00:22.226+0000] {processor.py:914} INFO - Processing file /home/airflow/.local/lib/python3.12/site-packages/airflow/example_dags/example_sla_dag.py for tasks to queue
[2024-10-31T12:00:22.229+0000] {logging_mixin.py:190} INFO - [2024-10-31T12:00:22.229+0000] {dagbag.py:588} INFO - Filling up the DagBag from /home/airflow/.local/lib/python3.12/site-packages/airflow/example_dags/example_sla_dag.py
[2024-10-31T12:00:22.245+0000] {processor.py:925} INFO - DAG(s) 'example_sla_dag' retrieved from /home/airflow/.local/lib/python3.12/site-packages/airflow/example_dags/example_sla_dag.py
[2024-10-31T12:00:22.277+0000] {logging_mixin.py:190} INFO - [2024-10-31T12:00:22.276+0000] {dag.py:3239} INFO - Sync 1 DAGs
[2024-10-31T12:00:22.300+0000] {logging_mixin.py:190} INFO - [2024-10-31T12:00:22.299+0000] {dag.py:4180} INFO - Setting next_dagrun for example_sla_dag to 2024-10-31 11:58:00+00:00, run_after=2024-10-31 12:00:00+00:00
[2024-10-31T12:00:22.322+0000] {processor.py:208} INFO - Processing /home/airflow/.local/lib/python3.12/site-packages/airflow/example_dags/example_sla_dag.py took 0.104 seconds
[2024-10-31T12:42:16.003+0000] {processor.py:186} INFO - Started process (PID=56) to work on /home/airflow/.local/lib/python3.12/site-packages/airflow/example_dags/example_sla_dag.py
[2024-10-31T12:42:16.004+0000] {processor.py:914} INFO - Processing file /home/airflow/.local/lib/python3.12/site-packages/airflow/example_dags/example_sla_dag.py for tasks to queue
[2024-10-31T12:42:16.006+0000] {logging_mixin.py:190} INFO - [2024-10-31T12:42:16.005+0000] {dagbag.py:588} INFO - Filling up the DagBag from /home/airflow/.local/lib/python3.12/site-packages/airflow/example_dags/example_sla_dag.py
[2024-10-31T12:42:16.012+0000] {processor.py:925} INFO - DAG(s) 'example_sla_dag' retrieved from /home/airflow/.local/lib/python3.12/site-packages/airflow/example_dags/example_sla_dag.py
[2024-10-31T12:42:16.073+0000] {logging_mixin.py:190} INFO - [2024-10-31T12:42:16.072+0000] {override.py:1900} INFO - Created Permission View: can read on DAG:example_sla_dag
[2024-10-31T12:42:16.077+0000] {logging_mixin.py:190} INFO - [2024-10-31T12:42:16.077+0000] {override.py:1900} INFO - Created Permission View: can delete on DAG:example_sla_dag
[2024-10-31T12:42:16.080+0000] {logging_mixin.py:190} INFO - [2024-10-31T12:42:16.080+0000] {override.py:1900} INFO - Created Permission View: can edit on DAG:example_sla_dag
[2024-10-31T12:42:16.083+0000] {logging_mixin.py:190} INFO - [2024-10-31T12:42:16.083+0000] {override.py:1900} INFO - Created Permission View: menu access on DAG Run:example_sla_dag
[2024-10-31T12:42:16.086+0000] {logging_mixin.py:190} INFO - [2024-10-31T12:42:16.086+0000] {override.py:1900} INFO - Created Permission View: can read on DAG Run:example_sla_dag
[2024-10-31T12:42:16.089+0000] {logging_mixin.py:190} INFO - [2024-10-31T12:42:16.089+0000] {override.py:1900} INFO - Created Permission View: can delete on DAG Run:example_sla_dag
[2024-10-31T12:42:16.092+0000] {logging_mixin.py:190} INFO - [2024-10-31T12:42:16.092+0000] {override.py:1900} INFO - Created Permission View: can create on DAG Run:example_sla_dag
[2024-10-31T12:42:16.092+0000] {logging_mixin.py:190} INFO - [2024-10-31T12:42:16.092+0000] {dag.py:3239} INFO - Sync 1 DAGs
[2024-10-31T12:42:16.100+0000] {logging_mixin.py:190} INFO - [2024-10-31T12:42:16.100+0000] {dag.py:3262} INFO - Creating ORM DAG for example_sla_dag
[2024-10-31T12:42:16.107+0000] {logging_mixin.py:190} INFO - [2024-10-31T12:42:16.107+0000] {dag.py:4180} INFO - Setting next_dagrun for example_sla_dag to 2024-10-31 12:40:00+00:00, run_after=2024-10-31 12:42:00+00:00
[2024-10-31T12:42:16.116+0000] {processor.py:208} INFO - Processing /home/airflow/.local/lib/python3.12/site-packages/airflow/example_dags/example_sla_dag.py took 0.116 seconds
