[2024-10-31T11:46:26.970+0000] {processor.py:186} INFO - Started process (PID=100) to work on /home/airflow/.local/lib/python3.12/site-packages/airflow/example_dags/example_latest_only_with_trigger.py
[2024-10-31T11:46:26.971+0000] {processor.py:914} INFO - Processing file /home/airflow/.local/lib/python3.12/site-packages/airflow/example_dags/example_latest_only_with_trigger.py for tasks to queue
[2024-10-31T11:46:26.972+0000] {logging_mixin.py:190} INFO - [2024-10-31T11:46:26.972+0000] {dagbag.py:588} INFO - Filling up the DagBag from /home/airflow/.local/lib/python3.12/site-packages/airflow/example_dags/example_latest_only_with_trigger.py
[2024-10-31T11:46:26.977+0000] {processor.py:925} INFO - DAG(s) 'latest_only_with_trigger' retrieved from /home/airflow/.local/lib/python3.12/site-packages/airflow/example_dags/example_latest_only_with_trigger.py
[2024-10-31T11:46:27.045+0000] {logging_mixin.py:190} INFO - [2024-10-31T11:46:27.045+0000] {override.py:1900} INFO - Created Permission View: can delete on DAG:latest_only_with_trigger
[2024-10-31T11:46:27.059+0000] {logging_mixin.py:190} INFO - [2024-10-31T11:46:27.058+0000] {override.py:1900} INFO - Created Permission View: can read on DAG:latest_only_with_trigger
[2024-10-31T11:46:27.067+0000] {logging_mixin.py:190} INFO - [2024-10-31T11:46:27.067+0000] {override.py:1900} INFO - Created Permission View: can edit on DAG:latest_only_with_trigger
[2024-10-31T11:46:27.073+0000] {logging_mixin.py:190} INFO - [2024-10-31T11:46:27.073+0000] {override.py:1900} INFO - Created Permission View: can delete on DAG Run:latest_only_with_trigger
[2024-10-31T11:46:27.083+0000] {logging_mixin.py:190} INFO - [2024-10-31T11:46:27.082+0000] {override.py:1900} INFO - Created Permission View: can read on DAG Run:latest_only_with_trigger
[2024-10-31T11:46:27.087+0000] {logging_mixin.py:190} INFO - [2024-10-31T11:46:27.087+0000] {override.py:1900} INFO - Created Permission View: can create on DAG Run:latest_only_with_trigger
[2024-10-31T11:46:27.091+0000] {logging_mixin.py:190} INFO - [2024-10-31T11:46:27.091+0000] {override.py:1900} INFO - Created Permission View: menu access on DAG Run:latest_only_with_trigger
[2024-10-31T11:46:27.092+0000] {logging_mixin.py:190} INFO - [2024-10-31T11:46:27.092+0000] {dag.py:3239} INFO - Sync 1 DAGs
[2024-10-31T11:46:27.101+0000] {logging_mixin.py:190} INFO - [2024-10-31T11:46:27.101+0000] {dag.py:3262} INFO - Creating ORM DAG for latest_only_with_trigger
[2024-10-31T11:46:27.108+0000] {logging_mixin.py:190} INFO - [2024-10-31T11:46:27.108+0000] {dag.py:4180} INFO - Setting next_dagrun for latest_only_with_trigger to 2024-10-31 04:00:00+00:00, run_after=2024-10-31 08:00:00+00:00
[2024-10-31T11:46:27.120+0000] {processor.py:208} INFO - Processing /home/airflow/.local/lib/python3.12/site-packages/airflow/example_dags/example_latest_only_with_trigger.py took 0.154 seconds
[2024-10-31T11:46:58.053+0000] {processor.py:186} INFO - Started process (PID=164) to work on /home/airflow/.local/lib/python3.12/site-packages/airflow/example_dags/example_latest_only_with_trigger.py
[2024-10-31T11:46:58.055+0000] {processor.py:914} INFO - Processing file /home/airflow/.local/lib/python3.12/site-packages/airflow/example_dags/example_latest_only_with_trigger.py for tasks to queue
[2024-10-31T11:46:58.056+0000] {logging_mixin.py:190} INFO - [2024-10-31T11:46:58.056+0000] {dagbag.py:588} INFO - Filling up the DagBag from /home/airflow/.local/lib/python3.12/site-packages/airflow/example_dags/example_latest_only_with_trigger.py
[2024-10-31T11:46:58.065+0000] {processor.py:925} INFO - DAG(s) 'latest_only_with_trigger' retrieved from /home/airflow/.local/lib/python3.12/site-packages/airflow/example_dags/example_latest_only_with_trigger.py
[2024-10-31T11:46:58.093+0000] {logging_mixin.py:190} INFO - [2024-10-31T11:46:58.092+0000] {dag.py:3239} INFO - Sync 1 DAGs
[2024-10-31T11:46:58.110+0000] {logging_mixin.py:190} INFO - [2024-10-31T11:46:58.110+0000] {dag.py:4180} INFO - Setting next_dagrun for latest_only_with_trigger to 2024-10-31 04:00:00+00:00, run_after=2024-10-31 08:00:00+00:00
[2024-10-31T11:46:58.122+0000] {processor.py:208} INFO - Processing /home/airflow/.local/lib/python3.12/site-packages/airflow/example_dags/example_latest_only_with_trigger.py took 0.073 seconds
[2024-10-31T11:47:28.450+0000] {processor.py:186} INFO - Started process (PID=228) to work on /home/airflow/.local/lib/python3.12/site-packages/airflow/example_dags/example_latest_only_with_trigger.py
[2024-10-31T11:47:28.452+0000] {processor.py:914} INFO - Processing file /home/airflow/.local/lib/python3.12/site-packages/airflow/example_dags/example_latest_only_with_trigger.py for tasks to queue
[2024-10-31T11:47:28.455+0000] {logging_mixin.py:190} INFO - [2024-10-31T11:47:28.455+0000] {dagbag.py:588} INFO - Filling up the DagBag from /home/airflow/.local/lib/python3.12/site-packages/airflow/example_dags/example_latest_only_with_trigger.py
[2024-10-31T11:47:28.465+0000] {processor.py:925} INFO - DAG(s) 'latest_only_with_trigger' retrieved from /home/airflow/.local/lib/python3.12/site-packages/airflow/example_dags/example_latest_only_with_trigger.py
[2024-10-31T11:47:28.483+0000] {logging_mixin.py:190} INFO - [2024-10-31T11:47:28.483+0000] {dag.py:3239} INFO - Sync 1 DAGs
[2024-10-31T11:47:28.500+0000] {logging_mixin.py:190} INFO - [2024-10-31T11:47:28.499+0000] {dag.py:4180} INFO - Setting next_dagrun for latest_only_with_trigger to 2024-10-31 04:00:00+00:00, run_after=2024-10-31 08:00:00+00:00
[2024-10-31T11:47:28.513+0000] {processor.py:208} INFO - Processing /home/airflow/.local/lib/python3.12/site-packages/airflow/example_dags/example_latest_only_with_trigger.py took 0.068 seconds
[2024-10-31T11:47:58.710+0000] {processor.py:186} INFO - Started process (PID=292) to work on /home/airflow/.local/lib/python3.12/site-packages/airflow/example_dags/example_latest_only_with_trigger.py
[2024-10-31T11:47:58.712+0000] {processor.py:914} INFO - Processing file /home/airflow/.local/lib/python3.12/site-packages/airflow/example_dags/example_latest_only_with_trigger.py for tasks to queue
[2024-10-31T11:47:58.715+0000] {logging_mixin.py:190} INFO - [2024-10-31T11:47:58.714+0000] {dagbag.py:588} INFO - Filling up the DagBag from /home/airflow/.local/lib/python3.12/site-packages/airflow/example_dags/example_latest_only_with_trigger.py
[2024-10-31T11:47:58.723+0000] {processor.py:925} INFO - DAG(s) 'latest_only_with_trigger' retrieved from /home/airflow/.local/lib/python3.12/site-packages/airflow/example_dags/example_latest_only_with_trigger.py
[2024-10-31T11:47:58.737+0000] {logging_mixin.py:190} INFO - [2024-10-31T11:47:58.737+0000] {dag.py:3239} INFO - Sync 1 DAGs
[2024-10-31T11:47:58.752+0000] {logging_mixin.py:190} INFO - [2024-10-31T11:47:58.752+0000] {dag.py:4180} INFO - Setting next_dagrun for latest_only_with_trigger to 2024-10-31 04:00:00+00:00, run_after=2024-10-31 08:00:00+00:00
[2024-10-31T11:47:58.765+0000] {processor.py:208} INFO - Processing /home/airflow/.local/lib/python3.12/site-packages/airflow/example_dags/example_latest_only_with_trigger.py took 0.058 seconds
[2024-10-31T11:48:29.664+0000] {processor.py:186} INFO - Started process (PID=356) to work on /home/airflow/.local/lib/python3.12/site-packages/airflow/example_dags/example_latest_only_with_trigger.py
[2024-10-31T11:48:29.665+0000] {processor.py:914} INFO - Processing file /home/airflow/.local/lib/python3.12/site-packages/airflow/example_dags/example_latest_only_with_trigger.py for tasks to queue
[2024-10-31T11:48:29.667+0000] {logging_mixin.py:190} INFO - [2024-10-31T11:48:29.667+0000] {dagbag.py:588} INFO - Filling up the DagBag from /home/airflow/.local/lib/python3.12/site-packages/airflow/example_dags/example_latest_only_with_trigger.py
[2024-10-31T11:48:29.672+0000] {processor.py:925} INFO - DAG(s) 'latest_only_with_trigger' retrieved from /home/airflow/.local/lib/python3.12/site-packages/airflow/example_dags/example_latest_only_with_trigger.py
[2024-10-31T11:48:29.686+0000] {logging_mixin.py:190} INFO - [2024-10-31T11:48:29.686+0000] {dag.py:3239} INFO - Sync 1 DAGs
[2024-10-31T11:48:29.704+0000] {logging_mixin.py:190} INFO - [2024-10-31T11:48:29.704+0000] {dag.py:4180} INFO - Setting next_dagrun for latest_only_with_trigger to 2024-10-31 04:00:00+00:00, run_after=2024-10-31 08:00:00+00:00
[2024-10-31T11:48:29.724+0000] {processor.py:208} INFO - Processing /home/airflow/.local/lib/python3.12/site-packages/airflow/example_dags/example_latest_only_with_trigger.py took 0.065 seconds
[2024-10-31T11:48:59.778+0000] {processor.py:186} INFO - Started process (PID=419) to work on /home/airflow/.local/lib/python3.12/site-packages/airflow/example_dags/example_latest_only_with_trigger.py
[2024-10-31T11:48:59.780+0000] {processor.py:914} INFO - Processing file /home/airflow/.local/lib/python3.12/site-packages/airflow/example_dags/example_latest_only_with_trigger.py for tasks to queue
[2024-10-31T11:48:59.781+0000] {logging_mixin.py:190} INFO - [2024-10-31T11:48:59.781+0000] {dagbag.py:588} INFO - Filling up the DagBag from /home/airflow/.local/lib/python3.12/site-packages/airflow/example_dags/example_latest_only_with_trigger.py
[2024-10-31T11:48:59.786+0000] {processor.py:925} INFO - DAG(s) 'latest_only_with_trigger' retrieved from /home/airflow/.local/lib/python3.12/site-packages/airflow/example_dags/example_latest_only_with_trigger.py
[2024-10-31T11:48:59.799+0000] {logging_mixin.py:190} INFO - [2024-10-31T11:48:59.799+0000] {dag.py:3239} INFO - Sync 1 DAGs
[2024-10-31T11:48:59.813+0000] {logging_mixin.py:190} INFO - [2024-10-31T11:48:59.813+0000] {dag.py:4180} INFO - Setting next_dagrun for latest_only_with_trigger to 2024-10-31 04:00:00+00:00, run_after=2024-10-31 08:00:00+00:00
[2024-10-31T11:48:59.823+0000] {processor.py:208} INFO - Processing /home/airflow/.local/lib/python3.12/site-packages/airflow/example_dags/example_latest_only_with_trigger.py took 0.049 seconds
[2024-10-31T11:49:30.811+0000] {processor.py:186} INFO - Started process (PID=484) to work on /home/airflow/.local/lib/python3.12/site-packages/airflow/example_dags/example_latest_only_with_trigger.py
[2024-10-31T11:49:30.812+0000] {processor.py:914} INFO - Processing file /home/airflow/.local/lib/python3.12/site-packages/airflow/example_dags/example_latest_only_with_trigger.py for tasks to queue
[2024-10-31T11:49:30.814+0000] {logging_mixin.py:190} INFO - [2024-10-31T11:49:30.813+0000] {dagbag.py:588} INFO - Filling up the DagBag from /home/airflow/.local/lib/python3.12/site-packages/airflow/example_dags/example_latest_only_with_trigger.py
[2024-10-31T11:49:30.819+0000] {processor.py:925} INFO - DAG(s) 'latest_only_with_trigger' retrieved from /home/airflow/.local/lib/python3.12/site-packages/airflow/example_dags/example_latest_only_with_trigger.py
[2024-10-31T11:49:30.832+0000] {logging_mixin.py:190} INFO - [2024-10-31T11:49:30.832+0000] {dag.py:3239} INFO - Sync 1 DAGs
[2024-10-31T11:49:30.845+0000] {logging_mixin.py:190} INFO - [2024-10-31T11:49:30.845+0000] {dag.py:4180} INFO - Setting next_dagrun for latest_only_with_trigger to 2024-10-31 04:00:00+00:00, run_after=2024-10-31 08:00:00+00:00
[2024-10-31T11:49:30.854+0000] {processor.py:208} INFO - Processing /home/airflow/.local/lib/python3.12/site-packages/airflow/example_dags/example_latest_only_with_trigger.py took 0.047 seconds
[2024-10-31T11:50:01.727+0000] {processor.py:186} INFO - Started process (PID=548) to work on /home/airflow/.local/lib/python3.12/site-packages/airflow/example_dags/example_latest_only_with_trigger.py
[2024-10-31T11:50:01.729+0000] {processor.py:914} INFO - Processing file /home/airflow/.local/lib/python3.12/site-packages/airflow/example_dags/example_latest_only_with_trigger.py for tasks to queue
[2024-10-31T11:50:01.732+0000] {logging_mixin.py:190} INFO - [2024-10-31T11:50:01.731+0000] {dagbag.py:588} INFO - Filling up the DagBag from /home/airflow/.local/lib/python3.12/site-packages/airflow/example_dags/example_latest_only_with_trigger.py
[2024-10-31T11:50:01.738+0000] {processor.py:925} INFO - DAG(s) 'latest_only_with_trigger' retrieved from /home/airflow/.local/lib/python3.12/site-packages/airflow/example_dags/example_latest_only_with_trigger.py
[2024-10-31T11:50:01.754+0000] {logging_mixin.py:190} INFO - [2024-10-31T11:50:01.754+0000] {dag.py:3239} INFO - Sync 1 DAGs
[2024-10-31T11:50:01.769+0000] {logging_mixin.py:190} INFO - [2024-10-31T11:50:01.768+0000] {dag.py:4180} INFO - Setting next_dagrun for latest_only_with_trigger to 2024-10-31 04:00:00+00:00, run_after=2024-10-31 08:00:00+00:00
[2024-10-31T11:50:01.778+0000] {processor.py:208} INFO - Processing /home/airflow/.local/lib/python3.12/site-packages/airflow/example_dags/example_latest_only_with_trigger.py took 0.055 seconds
[2024-10-31T11:50:33.196+0000] {processor.py:186} INFO - Started process (PID=612) to work on /home/airflow/.local/lib/python3.12/site-packages/airflow/example_dags/example_latest_only_with_trigger.py
[2024-10-31T11:50:33.197+0000] {processor.py:914} INFO - Processing file /home/airflow/.local/lib/python3.12/site-packages/airflow/example_dags/example_latest_only_with_trigger.py for tasks to queue
[2024-10-31T11:50:33.198+0000] {logging_mixin.py:190} INFO - [2024-10-31T11:50:33.198+0000] {dagbag.py:588} INFO - Filling up the DagBag from /home/airflow/.local/lib/python3.12/site-packages/airflow/example_dags/example_latest_only_with_trigger.py
[2024-10-31T11:50:33.203+0000] {processor.py:925} INFO - DAG(s) 'latest_only_with_trigger' retrieved from /home/airflow/.local/lib/python3.12/site-packages/airflow/example_dags/example_latest_only_with_trigger.py
[2024-10-31T11:50:33.217+0000] {logging_mixin.py:190} INFO - [2024-10-31T11:50:33.217+0000] {dag.py:3239} INFO - Sync 1 DAGs
[2024-10-31T11:50:33.231+0000] {logging_mixin.py:190} INFO - [2024-10-31T11:50:33.231+0000] {dag.py:4180} INFO - Setting next_dagrun for latest_only_with_trigger to 2024-10-31 04:00:00+00:00, run_after=2024-10-31 08:00:00+00:00
[2024-10-31T11:50:33.245+0000] {processor.py:208} INFO - Processing /home/airflow/.local/lib/python3.12/site-packages/airflow/example_dags/example_latest_only_with_trigger.py took 0.053 seconds
[2024-10-31T11:51:03.969+0000] {processor.py:186} INFO - Started process (PID=674) to work on /home/airflow/.local/lib/python3.12/site-packages/airflow/example_dags/example_latest_only_with_trigger.py
[2024-10-31T11:51:03.972+0000] {processor.py:914} INFO - Processing file /home/airflow/.local/lib/python3.12/site-packages/airflow/example_dags/example_latest_only_with_trigger.py for tasks to queue
[2024-10-31T11:51:03.973+0000] {logging_mixin.py:190} INFO - [2024-10-31T11:51:03.973+0000] {dagbag.py:588} INFO - Filling up the DagBag from /home/airflow/.local/lib/python3.12/site-packages/airflow/example_dags/example_latest_only_with_trigger.py
[2024-10-31T11:51:03.983+0000] {processor.py:925} INFO - DAG(s) 'latest_only_with_trigger' retrieved from /home/airflow/.local/lib/python3.12/site-packages/airflow/example_dags/example_latest_only_with_trigger.py
[2024-10-31T11:51:03.996+0000] {logging_mixin.py:190} INFO - [2024-10-31T11:51:03.996+0000] {dag.py:3239} INFO - Sync 1 DAGs
[2024-10-31T11:51:04.010+0000] {logging_mixin.py:190} INFO - [2024-10-31T11:51:04.010+0000] {dag.py:4180} INFO - Setting next_dagrun for latest_only_with_trigger to 2024-10-31 04:00:00+00:00, run_after=2024-10-31 08:00:00+00:00
[2024-10-31T11:51:04.021+0000] {processor.py:208} INFO - Processing /home/airflow/.local/lib/python3.12/site-packages/airflow/example_dags/example_latest_only_with_trigger.py took 0.056 seconds
[2024-10-31T11:51:35.441+0000] {processor.py:186} INFO - Started process (PID=739) to work on /home/airflow/.local/lib/python3.12/site-packages/airflow/example_dags/example_latest_only_with_trigger.py
[2024-10-31T11:51:35.443+0000] {processor.py:914} INFO - Processing file /home/airflow/.local/lib/python3.12/site-packages/airflow/example_dags/example_latest_only_with_trigger.py for tasks to queue
[2024-10-31T11:51:35.445+0000] {logging_mixin.py:190} INFO - [2024-10-31T11:51:35.445+0000] {dagbag.py:588} INFO - Filling up the DagBag from /home/airflow/.local/lib/python3.12/site-packages/airflow/example_dags/example_latest_only_with_trigger.py
[2024-10-31T11:51:35.451+0000] {processor.py:925} INFO - DAG(s) 'latest_only_with_trigger' retrieved from /home/airflow/.local/lib/python3.12/site-packages/airflow/example_dags/example_latest_only_with_trigger.py
[2024-10-31T11:51:35.465+0000] {logging_mixin.py:190} INFO - [2024-10-31T11:51:35.465+0000] {dag.py:3239} INFO - Sync 1 DAGs
[2024-10-31T11:51:35.479+0000] {logging_mixin.py:190} INFO - [2024-10-31T11:51:35.479+0000] {dag.py:4180} INFO - Setting next_dagrun for latest_only_with_trigger to 2024-10-31 04:00:00+00:00, run_after=2024-10-31 08:00:00+00:00
[2024-10-31T11:51:35.491+0000] {processor.py:208} INFO - Processing /home/airflow/.local/lib/python3.12/site-packages/airflow/example_dags/example_latest_only_with_trigger.py took 0.054 seconds
[2024-10-31T11:52:06.313+0000] {processor.py:186} INFO - Started process (PID=803) to work on /home/airflow/.local/lib/python3.12/site-packages/airflow/example_dags/example_latest_only_with_trigger.py
[2024-10-31T11:52:06.318+0000] {processor.py:914} INFO - Processing file /home/airflow/.local/lib/python3.12/site-packages/airflow/example_dags/example_latest_only_with_trigger.py for tasks to queue
[2024-10-31T11:52:06.320+0000] {logging_mixin.py:190} INFO - [2024-10-31T11:52:06.320+0000] {dagbag.py:588} INFO - Filling up the DagBag from /home/airflow/.local/lib/python3.12/site-packages/airflow/example_dags/example_latest_only_with_trigger.py
[2024-10-31T11:52:06.326+0000] {processor.py:925} INFO - DAG(s) 'latest_only_with_trigger' retrieved from /home/airflow/.local/lib/python3.12/site-packages/airflow/example_dags/example_latest_only_with_trigger.py
[2024-10-31T11:52:06.347+0000] {logging_mixin.py:190} INFO - [2024-10-31T11:52:06.347+0000] {dag.py:3239} INFO - Sync 1 DAGs
[2024-10-31T11:52:06.362+0000] {logging_mixin.py:190} INFO - [2024-10-31T11:52:06.362+0000] {dag.py:4180} INFO - Setting next_dagrun for latest_only_with_trigger to 2024-10-31 04:00:00+00:00, run_after=2024-10-31 08:00:00+00:00
[2024-10-31T11:52:06.375+0000] {processor.py:208} INFO - Processing /home/airflow/.local/lib/python3.12/site-packages/airflow/example_dags/example_latest_only_with_trigger.py took 0.066 seconds
[2024-10-31T11:52:48.173+0000] {processor.py:186} INFO - Started process (PID=92) to work on /home/airflow/.local/lib/python3.12/site-packages/airflow/example_dags/example_latest_only_with_trigger.py
[2024-10-31T11:52:48.174+0000] {processor.py:914} INFO - Processing file /home/airflow/.local/lib/python3.12/site-packages/airflow/example_dags/example_latest_only_with_trigger.py for tasks to queue
[2024-10-31T11:52:48.175+0000] {logging_mixin.py:190} INFO - [2024-10-31T11:52:48.175+0000] {dagbag.py:588} INFO - Filling up the DagBag from /home/airflow/.local/lib/python3.12/site-packages/airflow/example_dags/example_latest_only_with_trigger.py
[2024-10-31T11:52:48.180+0000] {processor.py:925} INFO - DAG(s) 'latest_only_with_trigger' retrieved from /home/airflow/.local/lib/python3.12/site-packages/airflow/example_dags/example_latest_only_with_trigger.py
[2024-10-31T11:52:48.193+0000] {logging_mixin.py:190} INFO - [2024-10-31T11:52:48.192+0000] {dag.py:3239} INFO - Sync 1 DAGs
[2024-10-31T11:52:48.207+0000] {logging_mixin.py:190} INFO - [2024-10-31T11:52:48.206+0000] {dag.py:4180} INFO - Setting next_dagrun for latest_only_with_trigger to 2024-10-31 04:00:00+00:00, run_after=2024-10-31 08:00:00+00:00
[2024-10-31T11:52:48.217+0000] {processor.py:208} INFO - Processing /home/airflow/.local/lib/python3.12/site-packages/airflow/example_dags/example_latest_only_with_trigger.py took 0.048 seconds
[2024-10-31T11:53:19.550+0000] {processor.py:186} INFO - Started process (PID=156) to work on /home/airflow/.local/lib/python3.12/site-packages/airflow/example_dags/example_latest_only_with_trigger.py
[2024-10-31T11:53:19.551+0000] {processor.py:914} INFO - Processing file /home/airflow/.local/lib/python3.12/site-packages/airflow/example_dags/example_latest_only_with_trigger.py for tasks to queue
[2024-10-31T11:53:19.555+0000] {logging_mixin.py:190} INFO - [2024-10-31T11:53:19.555+0000] {dagbag.py:588} INFO - Filling up the DagBag from /home/airflow/.local/lib/python3.12/site-packages/airflow/example_dags/example_latest_only_with_trigger.py
[2024-10-31T11:53:19.560+0000] {processor.py:925} INFO - DAG(s) 'latest_only_with_trigger' retrieved from /home/airflow/.local/lib/python3.12/site-packages/airflow/example_dags/example_latest_only_with_trigger.py
[2024-10-31T11:53:19.574+0000] {logging_mixin.py:190} INFO - [2024-10-31T11:53:19.574+0000] {dag.py:3239} INFO - Sync 1 DAGs
[2024-10-31T11:53:19.588+0000] {logging_mixin.py:190} INFO - [2024-10-31T11:53:19.588+0000] {dag.py:4180} INFO - Setting next_dagrun for latest_only_with_trigger to 2024-10-31 04:00:00+00:00, run_after=2024-10-31 08:00:00+00:00
[2024-10-31T11:53:19.599+0000] {processor.py:208} INFO - Processing /home/airflow/.local/lib/python3.12/site-packages/airflow/example_dags/example_latest_only_with_trigger.py took 0.054 seconds
[2024-10-31T11:53:49.721+0000] {processor.py:186} INFO - Started process (PID=219) to work on /home/airflow/.local/lib/python3.12/site-packages/airflow/example_dags/example_latest_only_with_trigger.py
[2024-10-31T11:53:49.723+0000] {processor.py:914} INFO - Processing file /home/airflow/.local/lib/python3.12/site-packages/airflow/example_dags/example_latest_only_with_trigger.py for tasks to queue
[2024-10-31T11:53:49.725+0000] {logging_mixin.py:190} INFO - [2024-10-31T11:53:49.725+0000] {dagbag.py:588} INFO - Filling up the DagBag from /home/airflow/.local/lib/python3.12/site-packages/airflow/example_dags/example_latest_only_with_trigger.py
[2024-10-31T11:53:49.731+0000] {processor.py:925} INFO - DAG(s) 'latest_only_with_trigger' retrieved from /home/airflow/.local/lib/python3.12/site-packages/airflow/example_dags/example_latest_only_with_trigger.py
[2024-10-31T11:53:49.744+0000] {logging_mixin.py:190} INFO - [2024-10-31T11:53:49.744+0000] {dag.py:3239} INFO - Sync 1 DAGs
[2024-10-31T11:53:49.759+0000] {logging_mixin.py:190} INFO - [2024-10-31T11:53:49.759+0000] {dag.py:4180} INFO - Setting next_dagrun for latest_only_with_trigger to 2024-10-31 04:00:00+00:00, run_after=2024-10-31 08:00:00+00:00
[2024-10-31T11:53:49.773+0000] {processor.py:208} INFO - Processing /home/airflow/.local/lib/python3.12/site-packages/airflow/example_dags/example_latest_only_with_trigger.py took 0.056 seconds
[2024-10-31T11:54:20.080+0000] {processor.py:186} INFO - Started process (PID=284) to work on /home/airflow/.local/lib/python3.12/site-packages/airflow/example_dags/example_latest_only_with_trigger.py
[2024-10-31T11:54:20.081+0000] {processor.py:914} INFO - Processing file /home/airflow/.local/lib/python3.12/site-packages/airflow/example_dags/example_latest_only_with_trigger.py for tasks to queue
[2024-10-31T11:54:20.084+0000] {logging_mixin.py:190} INFO - [2024-10-31T11:54:20.083+0000] {dagbag.py:588} INFO - Filling up the DagBag from /home/airflow/.local/lib/python3.12/site-packages/airflow/example_dags/example_latest_only_with_trigger.py
[2024-10-31T11:54:20.088+0000] {processor.py:925} INFO - DAG(s) 'latest_only_with_trigger' retrieved from /home/airflow/.local/lib/python3.12/site-packages/airflow/example_dags/example_latest_only_with_trigger.py
[2024-10-31T11:54:20.103+0000] {logging_mixin.py:190} INFO - [2024-10-31T11:54:20.103+0000] {dag.py:3239} INFO - Sync 1 DAGs
[2024-10-31T11:54:20.119+0000] {logging_mixin.py:190} INFO - [2024-10-31T11:54:20.119+0000] {dag.py:4180} INFO - Setting next_dagrun for latest_only_with_trigger to 2024-10-31 04:00:00+00:00, run_after=2024-10-31 08:00:00+00:00
[2024-10-31T11:54:20.131+0000] {processor.py:208} INFO - Processing /home/airflow/.local/lib/python3.12/site-packages/airflow/example_dags/example_latest_only_with_trigger.py took 0.055 seconds
[2024-10-31T11:54:50.393+0000] {processor.py:186} INFO - Started process (PID=347) to work on /home/airflow/.local/lib/python3.12/site-packages/airflow/example_dags/example_latest_only_with_trigger.py
[2024-10-31T11:54:50.397+0000] {processor.py:914} INFO - Processing file /home/airflow/.local/lib/python3.12/site-packages/airflow/example_dags/example_latest_only_with_trigger.py for tasks to queue
[2024-10-31T11:54:50.400+0000] {logging_mixin.py:190} INFO - [2024-10-31T11:54:50.400+0000] {dagbag.py:588} INFO - Filling up the DagBag from /home/airflow/.local/lib/python3.12/site-packages/airflow/example_dags/example_latest_only_with_trigger.py
[2024-10-31T11:54:50.407+0000] {processor.py:925} INFO - DAG(s) 'latest_only_with_trigger' retrieved from /home/airflow/.local/lib/python3.12/site-packages/airflow/example_dags/example_latest_only_with_trigger.py
[2024-10-31T11:54:50.420+0000] {logging_mixin.py:190} INFO - [2024-10-31T11:54:50.420+0000] {dag.py:3239} INFO - Sync 1 DAGs
[2024-10-31T11:54:50.434+0000] {logging_mixin.py:190} INFO - [2024-10-31T11:54:50.434+0000] {dag.py:4180} INFO - Setting next_dagrun for latest_only_with_trigger to 2024-10-31 04:00:00+00:00, run_after=2024-10-31 08:00:00+00:00
[2024-10-31T11:54:50.445+0000] {processor.py:208} INFO - Processing /home/airflow/.local/lib/python3.12/site-packages/airflow/example_dags/example_latest_only_with_trigger.py took 0.056 seconds
[2024-10-31T11:55:20.815+0000] {processor.py:186} INFO - Started process (PID=411) to work on /home/airflow/.local/lib/python3.12/site-packages/airflow/example_dags/example_latest_only_with_trigger.py
[2024-10-31T11:55:20.817+0000] {processor.py:914} INFO - Processing file /home/airflow/.local/lib/python3.12/site-packages/airflow/example_dags/example_latest_only_with_trigger.py for tasks to queue
[2024-10-31T11:55:20.820+0000] {logging_mixin.py:190} INFO - [2024-10-31T11:55:20.820+0000] {dagbag.py:588} INFO - Filling up the DagBag from /home/airflow/.local/lib/python3.12/site-packages/airflow/example_dags/example_latest_only_with_trigger.py
[2024-10-31T11:55:20.827+0000] {processor.py:925} INFO - DAG(s) 'latest_only_with_trigger' retrieved from /home/airflow/.local/lib/python3.12/site-packages/airflow/example_dags/example_latest_only_with_trigger.py
[2024-10-31T11:55:20.844+0000] {logging_mixin.py:190} INFO - [2024-10-31T11:55:20.844+0000] {dag.py:3239} INFO - Sync 1 DAGs
[2024-10-31T11:55:20.867+0000] {logging_mixin.py:190} INFO - [2024-10-31T11:55:20.866+0000] {dag.py:4180} INFO - Setting next_dagrun for latest_only_with_trigger to 2024-10-31 04:00:00+00:00, run_after=2024-10-31 08:00:00+00:00
[2024-10-31T11:55:20.885+0000] {processor.py:208} INFO - Processing /home/airflow/.local/lib/python3.12/site-packages/airflow/example_dags/example_latest_only_with_trigger.py took 0.074 seconds
[2024-10-31T11:55:50.962+0000] {processor.py:186} INFO - Started process (PID=475) to work on /home/airflow/.local/lib/python3.12/site-packages/airflow/example_dags/example_latest_only_with_trigger.py
[2024-10-31T11:55:50.963+0000] {processor.py:914} INFO - Processing file /home/airflow/.local/lib/python3.12/site-packages/airflow/example_dags/example_latest_only_with_trigger.py for tasks to queue
[2024-10-31T11:55:50.965+0000] {logging_mixin.py:190} INFO - [2024-10-31T11:55:50.965+0000] {dagbag.py:588} INFO - Filling up the DagBag from /home/airflow/.local/lib/python3.12/site-packages/airflow/example_dags/example_latest_only_with_trigger.py
[2024-10-31T11:55:50.970+0000] {processor.py:925} INFO - DAG(s) 'latest_only_with_trigger' retrieved from /home/airflow/.local/lib/python3.12/site-packages/airflow/example_dags/example_latest_only_with_trigger.py
[2024-10-31T11:55:50.990+0000] {logging_mixin.py:190} INFO - [2024-10-31T11:55:50.989+0000] {dag.py:3239} INFO - Sync 1 DAGs
[2024-10-31T11:55:51.006+0000] {logging_mixin.py:190} INFO - [2024-10-31T11:55:51.006+0000] {dag.py:4180} INFO - Setting next_dagrun for latest_only_with_trigger to 2024-10-31 04:00:00+00:00, run_after=2024-10-31 08:00:00+00:00
[2024-10-31T11:55:51.020+0000] {processor.py:208} INFO - Processing /home/airflow/.local/lib/python3.12/site-packages/airflow/example_dags/example_latest_only_with_trigger.py took 0.062 seconds
[2024-10-31T11:56:21.285+0000] {processor.py:186} INFO - Started process (PID=539) to work on /home/airflow/.local/lib/python3.12/site-packages/airflow/example_dags/example_latest_only_with_trigger.py
[2024-10-31T11:56:21.287+0000] {processor.py:914} INFO - Processing file /home/airflow/.local/lib/python3.12/site-packages/airflow/example_dags/example_latest_only_with_trigger.py for tasks to queue
[2024-10-31T11:56:21.288+0000] {logging_mixin.py:190} INFO - [2024-10-31T11:56:21.288+0000] {dagbag.py:588} INFO - Filling up the DagBag from /home/airflow/.local/lib/python3.12/site-packages/airflow/example_dags/example_latest_only_with_trigger.py
[2024-10-31T11:56:21.293+0000] {processor.py:925} INFO - DAG(s) 'latest_only_with_trigger' retrieved from /home/airflow/.local/lib/python3.12/site-packages/airflow/example_dags/example_latest_only_with_trigger.py
[2024-10-31T11:56:21.308+0000] {logging_mixin.py:190} INFO - [2024-10-31T11:56:21.308+0000] {dag.py:3239} INFO - Sync 1 DAGs
[2024-10-31T11:56:21.323+0000] {logging_mixin.py:190} INFO - [2024-10-31T11:56:21.323+0000] {dag.py:4180} INFO - Setting next_dagrun for latest_only_with_trigger to 2024-10-31 04:00:00+00:00, run_after=2024-10-31 08:00:00+00:00
[2024-10-31T11:56:21.335+0000] {processor.py:208} INFO - Processing /home/airflow/.local/lib/python3.12/site-packages/airflow/example_dags/example_latest_only_with_trigger.py took 0.055 seconds
[2024-10-31T11:56:51.528+0000] {processor.py:186} INFO - Started process (PID=602) to work on /home/airflow/.local/lib/python3.12/site-packages/airflow/example_dags/example_latest_only_with_trigger.py
[2024-10-31T11:56:51.529+0000] {processor.py:914} INFO - Processing file /home/airflow/.local/lib/python3.12/site-packages/airflow/example_dags/example_latest_only_with_trigger.py for tasks to queue
[2024-10-31T11:56:51.530+0000] {logging_mixin.py:190} INFO - [2024-10-31T11:56:51.530+0000] {dagbag.py:588} INFO - Filling up the DagBag from /home/airflow/.local/lib/python3.12/site-packages/airflow/example_dags/example_latest_only_with_trigger.py
[2024-10-31T11:56:51.536+0000] {processor.py:925} INFO - DAG(s) 'latest_only_with_trigger' retrieved from /home/airflow/.local/lib/python3.12/site-packages/airflow/example_dags/example_latest_only_with_trigger.py
[2024-10-31T11:56:51.551+0000] {logging_mixin.py:190} INFO - [2024-10-31T11:56:51.551+0000] {dag.py:3239} INFO - Sync 1 DAGs
[2024-10-31T11:56:51.569+0000] {logging_mixin.py:190} INFO - [2024-10-31T11:56:51.569+0000] {dag.py:4180} INFO - Setting next_dagrun for latest_only_with_trigger to 2024-10-31 04:00:00+00:00, run_after=2024-10-31 08:00:00+00:00
[2024-10-31T11:56:51.585+0000] {processor.py:208} INFO - Processing /home/airflow/.local/lib/python3.12/site-packages/airflow/example_dags/example_latest_only_with_trigger.py took 0.061 seconds
[2024-10-31T11:57:21.783+0000] {processor.py:186} INFO - Started process (PID=666) to work on /home/airflow/.local/lib/python3.12/site-packages/airflow/example_dags/example_latest_only_with_trigger.py
[2024-10-31T11:57:21.784+0000] {processor.py:914} INFO - Processing file /home/airflow/.local/lib/python3.12/site-packages/airflow/example_dags/example_latest_only_with_trigger.py for tasks to queue
[2024-10-31T11:57:21.785+0000] {logging_mixin.py:190} INFO - [2024-10-31T11:57:21.785+0000] {dagbag.py:588} INFO - Filling up the DagBag from /home/airflow/.local/lib/python3.12/site-packages/airflow/example_dags/example_latest_only_with_trigger.py
[2024-10-31T11:57:21.790+0000] {processor.py:925} INFO - DAG(s) 'latest_only_with_trigger' retrieved from /home/airflow/.local/lib/python3.12/site-packages/airflow/example_dags/example_latest_only_with_trigger.py
[2024-10-31T11:57:21.807+0000] {logging_mixin.py:190} INFO - [2024-10-31T11:57:21.807+0000] {dag.py:3239} INFO - Sync 1 DAGs
[2024-10-31T11:57:21.826+0000] {logging_mixin.py:190} INFO - [2024-10-31T11:57:21.826+0000] {dag.py:4180} INFO - Setting next_dagrun for latest_only_with_trigger to 2024-10-31 04:00:00+00:00, run_after=2024-10-31 08:00:00+00:00
[2024-10-31T11:57:21.846+0000] {processor.py:208} INFO - Processing /home/airflow/.local/lib/python3.12/site-packages/airflow/example_dags/example_latest_only_with_trigger.py took 0.067 seconds
[2024-10-31T11:57:52.191+0000] {processor.py:186} INFO - Started process (PID=729) to work on /home/airflow/.local/lib/python3.12/site-packages/airflow/example_dags/example_latest_only_with_trigger.py
[2024-10-31T11:57:52.195+0000] {processor.py:914} INFO - Processing file /home/airflow/.local/lib/python3.12/site-packages/airflow/example_dags/example_latest_only_with_trigger.py for tasks to queue
[2024-10-31T11:57:52.197+0000] {logging_mixin.py:190} INFO - [2024-10-31T11:57:52.197+0000] {dagbag.py:588} INFO - Filling up the DagBag from /home/airflow/.local/lib/python3.12/site-packages/airflow/example_dags/example_latest_only_with_trigger.py
[2024-10-31T11:57:52.203+0000] {processor.py:925} INFO - DAG(s) 'latest_only_with_trigger' retrieved from /home/airflow/.local/lib/python3.12/site-packages/airflow/example_dags/example_latest_only_with_trigger.py
[2024-10-31T11:57:52.217+0000] {logging_mixin.py:190} INFO - [2024-10-31T11:57:52.217+0000] {dag.py:3239} INFO - Sync 1 DAGs
[2024-10-31T11:57:52.234+0000] {logging_mixin.py:190} INFO - [2024-10-31T11:57:52.234+0000] {dag.py:4180} INFO - Setting next_dagrun for latest_only_with_trigger to 2024-10-31 04:00:00+00:00, run_after=2024-10-31 08:00:00+00:00
[2024-10-31T11:57:52.253+0000] {processor.py:208} INFO - Processing /home/airflow/.local/lib/python3.12/site-packages/airflow/example_dags/example_latest_only_with_trigger.py took 0.067 seconds
[2024-10-31T11:58:22.394+0000] {processor.py:186} INFO - Started process (PID=793) to work on /home/airflow/.local/lib/python3.12/site-packages/airflow/example_dags/example_latest_only_with_trigger.py
[2024-10-31T11:58:22.399+0000] {processor.py:914} INFO - Processing file /home/airflow/.local/lib/python3.12/site-packages/airflow/example_dags/example_latest_only_with_trigger.py for tasks to queue
[2024-10-31T11:58:22.403+0000] {logging_mixin.py:190} INFO - [2024-10-31T11:58:22.403+0000] {dagbag.py:588} INFO - Filling up the DagBag from /home/airflow/.local/lib/python3.12/site-packages/airflow/example_dags/example_latest_only_with_trigger.py
[2024-10-31T11:58:22.410+0000] {processor.py:925} INFO - DAG(s) 'latest_only_with_trigger' retrieved from /home/airflow/.local/lib/python3.12/site-packages/airflow/example_dags/example_latest_only_with_trigger.py
[2024-10-31T11:58:22.433+0000] {logging_mixin.py:190} INFO - [2024-10-31T11:58:22.432+0000] {dag.py:3239} INFO - Sync 1 DAGs
[2024-10-31T11:58:22.448+0000] {logging_mixin.py:190} INFO - [2024-10-31T11:58:22.447+0000] {dag.py:4180} INFO - Setting next_dagrun for latest_only_with_trigger to 2024-10-31 04:00:00+00:00, run_after=2024-10-31 08:00:00+00:00
[2024-10-31T11:58:22.463+0000] {processor.py:208} INFO - Processing /home/airflow/.local/lib/python3.12/site-packages/airflow/example_dags/example_latest_only_with_trigger.py took 0.072 seconds
[2024-10-31T11:58:53.767+0000] {processor.py:186} INFO - Started process (PID=857) to work on /home/airflow/.local/lib/python3.12/site-packages/airflow/example_dags/example_latest_only_with_trigger.py
[2024-10-31T11:58:53.768+0000] {processor.py:914} INFO - Processing file /home/airflow/.local/lib/python3.12/site-packages/airflow/example_dags/example_latest_only_with_trigger.py for tasks to queue
[2024-10-31T11:58:53.770+0000] {logging_mixin.py:190} INFO - [2024-10-31T11:58:53.770+0000] {dagbag.py:588} INFO - Filling up the DagBag from /home/airflow/.local/lib/python3.12/site-packages/airflow/example_dags/example_latest_only_with_trigger.py
[2024-10-31T11:58:53.775+0000] {processor.py:925} INFO - DAG(s) 'latest_only_with_trigger' retrieved from /home/airflow/.local/lib/python3.12/site-packages/airflow/example_dags/example_latest_only_with_trigger.py
[2024-10-31T11:58:53.796+0000] {logging_mixin.py:190} INFO - [2024-10-31T11:58:53.795+0000] {dag.py:3239} INFO - Sync 1 DAGs
[2024-10-31T11:58:53.814+0000] {logging_mixin.py:190} INFO - [2024-10-31T11:58:53.813+0000] {dag.py:4180} INFO - Setting next_dagrun for latest_only_with_trigger to 2024-10-31 04:00:00+00:00, run_after=2024-10-31 08:00:00+00:00
[2024-10-31T11:58:53.828+0000] {processor.py:208} INFO - Processing /home/airflow/.local/lib/python3.12/site-packages/airflow/example_dags/example_latest_only_with_trigger.py took 0.065 seconds
[2024-10-31T11:59:24.134+0000] {processor.py:186} INFO - Started process (PID=921) to work on /home/airflow/.local/lib/python3.12/site-packages/airflow/example_dags/example_latest_only_with_trigger.py
[2024-10-31T11:59:24.139+0000] {processor.py:914} INFO - Processing file /home/airflow/.local/lib/python3.12/site-packages/airflow/example_dags/example_latest_only_with_trigger.py for tasks to queue
[2024-10-31T11:59:24.142+0000] {logging_mixin.py:190} INFO - [2024-10-31T11:59:24.142+0000] {dagbag.py:588} INFO - Filling up the DagBag from /home/airflow/.local/lib/python3.12/site-packages/airflow/example_dags/example_latest_only_with_trigger.py
[2024-10-31T11:59:24.147+0000] {processor.py:925} INFO - DAG(s) 'latest_only_with_trigger' retrieved from /home/airflow/.local/lib/python3.12/site-packages/airflow/example_dags/example_latest_only_with_trigger.py
[2024-10-31T11:59:24.163+0000] {logging_mixin.py:190} INFO - [2024-10-31T11:59:24.163+0000] {dag.py:3239} INFO - Sync 1 DAGs
[2024-10-31T11:59:24.183+0000] {logging_mixin.py:190} INFO - [2024-10-31T11:59:24.183+0000] {dag.py:4180} INFO - Setting next_dagrun for latest_only_with_trigger to 2024-10-31 04:00:00+00:00, run_after=2024-10-31 08:00:00+00:00
[2024-10-31T11:59:24.199+0000] {processor.py:208} INFO - Processing /home/airflow/.local/lib/python3.12/site-packages/airflow/example_dags/example_latest_only_with_trigger.py took 0.072 seconds
[2024-10-31T11:59:54.724+0000] {processor.py:186} INFO - Started process (PID=985) to work on /home/airflow/.local/lib/python3.12/site-packages/airflow/example_dags/example_latest_only_with_trigger.py
[2024-10-31T11:59:54.726+0000] {processor.py:914} INFO - Processing file /home/airflow/.local/lib/python3.12/site-packages/airflow/example_dags/example_latest_only_with_trigger.py for tasks to queue
[2024-10-31T11:59:54.728+0000] {logging_mixin.py:190} INFO - [2024-10-31T11:59:54.728+0000] {dagbag.py:588} INFO - Filling up the DagBag from /home/airflow/.local/lib/python3.12/site-packages/airflow/example_dags/example_latest_only_with_trigger.py
[2024-10-31T11:59:54.734+0000] {processor.py:925} INFO - DAG(s) 'latest_only_with_trigger' retrieved from /home/airflow/.local/lib/python3.12/site-packages/airflow/example_dags/example_latest_only_with_trigger.py
[2024-10-31T11:59:54.749+0000] {logging_mixin.py:190} INFO - [2024-10-31T11:59:54.749+0000] {dag.py:3239} INFO - Sync 1 DAGs
[2024-10-31T11:59:54.765+0000] {logging_mixin.py:190} INFO - [2024-10-31T11:59:54.765+0000] {dag.py:4180} INFO - Setting next_dagrun for latest_only_with_trigger to 2024-10-31 04:00:00+00:00, run_after=2024-10-31 08:00:00+00:00
[2024-10-31T11:59:54.782+0000] {processor.py:208} INFO - Processing /home/airflow/.local/lib/python3.12/site-packages/airflow/example_dags/example_latest_only_with_trigger.py took 0.063 seconds
[2024-10-31T12:00:25.155+0000] {processor.py:186} INFO - Started process (PID=1049) to work on /home/airflow/.local/lib/python3.12/site-packages/airflow/example_dags/example_latest_only_with_trigger.py
[2024-10-31T12:00:25.157+0000] {processor.py:914} INFO - Processing file /home/airflow/.local/lib/python3.12/site-packages/airflow/example_dags/example_latest_only_with_trigger.py for tasks to queue
[2024-10-31T12:00:25.161+0000] {logging_mixin.py:190} INFO - [2024-10-31T12:00:25.160+0000] {dagbag.py:588} INFO - Filling up the DagBag from /home/airflow/.local/lib/python3.12/site-packages/airflow/example_dags/example_latest_only_with_trigger.py
[2024-10-31T12:00:25.166+0000] {processor.py:925} INFO - DAG(s) 'latest_only_with_trigger' retrieved from /home/airflow/.local/lib/python3.12/site-packages/airflow/example_dags/example_latest_only_with_trigger.py
[2024-10-31T12:00:25.184+0000] {logging_mixin.py:190} INFO - [2024-10-31T12:00:25.184+0000] {dag.py:3239} INFO - Sync 1 DAGs
[2024-10-31T12:00:25.198+0000] {logging_mixin.py:190} INFO - [2024-10-31T12:00:25.198+0000] {dag.py:4180} INFO - Setting next_dagrun for latest_only_with_trigger to 2024-10-31 08:00:00+00:00, run_after=2024-10-31 12:00:00+00:00
[2024-10-31T12:00:25.209+0000] {processor.py:208} INFO - Processing /home/airflow/.local/lib/python3.12/site-packages/airflow/example_dags/example_latest_only_with_trigger.py took 0.058 seconds
[2024-10-31T12:42:20.153+0000] {processor.py:186} INFO - Started process (PID=100) to work on /home/airflow/.local/lib/python3.12/site-packages/airflow/example_dags/example_latest_only_with_trigger.py
[2024-10-31T12:42:20.155+0000] {processor.py:914} INFO - Processing file /home/airflow/.local/lib/python3.12/site-packages/airflow/example_dags/example_latest_only_with_trigger.py for tasks to queue
[2024-10-31T12:42:20.157+0000] {logging_mixin.py:190} INFO - [2024-10-31T12:42:20.156+0000] {dagbag.py:588} INFO - Filling up the DagBag from /home/airflow/.local/lib/python3.12/site-packages/airflow/example_dags/example_latest_only_with_trigger.py
[2024-10-31T12:42:20.162+0000] {processor.py:925} INFO - DAG(s) 'latest_only_with_trigger' retrieved from /home/airflow/.local/lib/python3.12/site-packages/airflow/example_dags/example_latest_only_with_trigger.py
[2024-10-31T12:42:20.227+0000] {logging_mixin.py:190} INFO - [2024-10-31T12:42:20.226+0000] {override.py:1900} INFO - Created Permission View: can read on DAG:latest_only_with_trigger
[2024-10-31T12:42:20.235+0000] {logging_mixin.py:190} INFO - [2024-10-31T12:42:20.235+0000] {override.py:1900} INFO - Created Permission View: can delete on DAG:latest_only_with_trigger
[2024-10-31T12:42:20.240+0000] {logging_mixin.py:190} INFO - [2024-10-31T12:42:20.240+0000] {override.py:1900} INFO - Created Permission View: can edit on DAG:latest_only_with_trigger
[2024-10-31T12:42:20.245+0000] {logging_mixin.py:190} INFO - [2024-10-31T12:42:20.245+0000] {override.py:1900} INFO - Created Permission View: menu access on DAG Run:latest_only_with_trigger
[2024-10-31T12:42:20.251+0000] {logging_mixin.py:190} INFO - [2024-10-31T12:42:20.250+0000] {override.py:1900} INFO - Created Permission View: can read on DAG Run:latest_only_with_trigger
[2024-10-31T12:42:20.257+0000] {logging_mixin.py:190} INFO - [2024-10-31T12:42:20.256+0000] {override.py:1900} INFO - Created Permission View: can delete on DAG Run:latest_only_with_trigger
[2024-10-31T12:42:20.263+0000] {logging_mixin.py:190} INFO - [2024-10-31T12:42:20.263+0000] {override.py:1900} INFO - Created Permission View: can create on DAG Run:latest_only_with_trigger
[2024-10-31T12:42:20.264+0000] {logging_mixin.py:190} INFO - [2024-10-31T12:42:20.264+0000] {dag.py:3239} INFO - Sync 1 DAGs
[2024-10-31T12:42:20.276+0000] {logging_mixin.py:190} INFO - [2024-10-31T12:42:20.276+0000] {dag.py:3262} INFO - Creating ORM DAG for latest_only_with_trigger
[2024-10-31T12:42:20.283+0000] {logging_mixin.py:190} INFO - [2024-10-31T12:42:20.283+0000] {dag.py:4180} INFO - Setting next_dagrun for latest_only_with_trigger to 2024-10-31 08:00:00+00:00, run_after=2024-10-31 12:00:00+00:00
[2024-10-31T12:42:20.340+0000] {processor.py:208} INFO - Processing /home/airflow/.local/lib/python3.12/site-packages/airflow/example_dags/example_latest_only_with_trigger.py took 0.191 seconds
