[2024-10-31T11:46:24.430+0000] {processor.py:186} INFO - Started process (PID=70) to work on /home/airflow/.local/lib/python3.12/site-packages/airflow/example_dags/example_dynamic_task_mapping.py
[2024-10-31T11:46:24.431+0000] {processor.py:914} INFO - Processing file /home/airflow/.local/lib/python3.12/site-packages/airflow/example_dags/example_dynamic_task_mapping.py for tasks to queue
[2024-10-31T11:46:24.433+0000] {logging_mixin.py:190} INFO - [2024-10-31T11:46:24.433+0000] {dagbag.py:588} INFO - Filling up the DagBag from /home/airflow/.local/lib/python3.12/site-packages/airflow/example_dags/example_dynamic_task_mapping.py
[2024-10-31T11:46:24.438+0000] {processor.py:925} INFO - DAG(s) 'example_dynamic_task_mapping' retrieved from /home/airflow/.local/lib/python3.12/site-packages/airflow/example_dags/example_dynamic_task_mapping.py
[2024-10-31T11:46:24.507+0000] {logging_mixin.py:190} INFO - [2024-10-31T11:46:24.507+0000] {override.py:1900} INFO - Created Permission View: can delete on DAG:example_dynamic_task_mapping
[2024-10-31T11:46:24.516+0000] {logging_mixin.py:190} INFO - [2024-10-31T11:46:24.516+0000] {override.py:1900} INFO - Created Permission View: can read on DAG:example_dynamic_task_mapping
[2024-10-31T11:46:24.522+0000] {logging_mixin.py:190} INFO - [2024-10-31T11:46:24.522+0000] {override.py:1900} INFO - Created Permission View: can edit on DAG:example_dynamic_task_mapping
[2024-10-31T11:46:24.527+0000] {logging_mixin.py:190} INFO - [2024-10-31T11:46:24.527+0000] {override.py:1900} INFO - Created Permission View: can delete on DAG Run:example_dynamic_task_mapping
[2024-10-31T11:46:24.531+0000] {logging_mixin.py:190} INFO - [2024-10-31T11:46:24.531+0000] {override.py:1900} INFO - Created Permission View: can read on DAG Run:example_dynamic_task_mapping
[2024-10-31T11:46:24.534+0000] {logging_mixin.py:190} INFO - [2024-10-31T11:46:24.534+0000] {override.py:1900} INFO - Created Permission View: can create on DAG Run:example_dynamic_task_mapping
[2024-10-31T11:46:24.536+0000] {logging_mixin.py:190} INFO - [2024-10-31T11:46:24.536+0000] {override.py:1900} INFO - Created Permission View: menu access on DAG Run:example_dynamic_task_mapping
[2024-10-31T11:46:24.537+0000] {logging_mixin.py:190} INFO - [2024-10-31T11:46:24.537+0000] {dag.py:3239} INFO - Sync 1 DAGs
[2024-10-31T11:46:24.544+0000] {logging_mixin.py:190} INFO - [2024-10-31T11:46:24.544+0000] {dag.py:3262} INFO - Creating ORM DAG for example_dynamic_task_mapping
[2024-10-31T11:46:24.544+0000] {logging_mixin.py:190} INFO - [2024-10-31T11:46:24.544+0000] {dag.py:4180} INFO - Setting next_dagrun for example_dynamic_task_mapping to None, run_after=None
[2024-10-31T11:46:24.552+0000] {processor.py:208} INFO - Processing /home/airflow/.local/lib/python3.12/site-packages/airflow/example_dags/example_dynamic_task_mapping.py took 0.125 seconds
[2024-10-31T11:46:54.810+0000] {processor.py:186} INFO - Started process (PID=140) to work on /home/airflow/.local/lib/python3.12/site-packages/airflow/example_dags/example_dynamic_task_mapping.py
[2024-10-31T11:46:54.811+0000] {processor.py:914} INFO - Processing file /home/airflow/.local/lib/python3.12/site-packages/airflow/example_dags/example_dynamic_task_mapping.py for tasks to queue
[2024-10-31T11:46:54.815+0000] {logging_mixin.py:190} INFO - [2024-10-31T11:46:54.814+0000] {dagbag.py:588} INFO - Filling up the DagBag from /home/airflow/.local/lib/python3.12/site-packages/airflow/example_dags/example_dynamic_task_mapping.py
[2024-10-31T11:46:54.821+0000] {processor.py:925} INFO - DAG(s) 'example_dynamic_task_mapping' retrieved from /home/airflow/.local/lib/python3.12/site-packages/airflow/example_dags/example_dynamic_task_mapping.py
[2024-10-31T11:46:54.836+0000] {logging_mixin.py:190} INFO - [2024-10-31T11:46:54.836+0000] {dag.py:3239} INFO - Sync 1 DAGs
[2024-10-31T11:46:54.846+0000] {logging_mixin.py:190} INFO - [2024-10-31T11:46:54.845+0000] {dag.py:4180} INFO - Setting next_dagrun for example_dynamic_task_mapping to None, run_after=None
[2024-10-31T11:46:54.857+0000] {processor.py:208} INFO - Processing /home/airflow/.local/lib/python3.12/site-packages/airflow/example_dags/example_dynamic_task_mapping.py took 0.051 seconds
[2024-10-31T11:47:25.138+0000] {processor.py:186} INFO - Started process (PID=204) to work on /home/airflow/.local/lib/python3.12/site-packages/airflow/example_dags/example_dynamic_task_mapping.py
[2024-10-31T11:47:25.139+0000] {processor.py:914} INFO - Processing file /home/airflow/.local/lib/python3.12/site-packages/airflow/example_dags/example_dynamic_task_mapping.py for tasks to queue
[2024-10-31T11:47:25.141+0000] {logging_mixin.py:190} INFO - [2024-10-31T11:47:25.141+0000] {dagbag.py:588} INFO - Filling up the DagBag from /home/airflow/.local/lib/python3.12/site-packages/airflow/example_dags/example_dynamic_task_mapping.py
[2024-10-31T11:47:25.148+0000] {processor.py:925} INFO - DAG(s) 'example_dynamic_task_mapping' retrieved from /home/airflow/.local/lib/python3.12/site-packages/airflow/example_dags/example_dynamic_task_mapping.py
[2024-10-31T11:47:25.160+0000] {logging_mixin.py:190} INFO - [2024-10-31T11:47:25.160+0000] {dag.py:3239} INFO - Sync 1 DAGs
[2024-10-31T11:47:25.170+0000] {logging_mixin.py:190} INFO - [2024-10-31T11:47:25.169+0000] {dag.py:4180} INFO - Setting next_dagrun for example_dynamic_task_mapping to None, run_after=None
[2024-10-31T11:47:25.188+0000] {processor.py:208} INFO - Processing /home/airflow/.local/lib/python3.12/site-packages/airflow/example_dags/example_dynamic_task_mapping.py took 0.055 seconds
[2024-10-31T11:47:55.555+0000] {processor.py:186} INFO - Started process (PID=268) to work on /home/airflow/.local/lib/python3.12/site-packages/airflow/example_dags/example_dynamic_task_mapping.py
[2024-10-31T11:47:55.556+0000] {processor.py:914} INFO - Processing file /home/airflow/.local/lib/python3.12/site-packages/airflow/example_dags/example_dynamic_task_mapping.py for tasks to queue
[2024-10-31T11:47:55.558+0000] {logging_mixin.py:190} INFO - [2024-10-31T11:47:55.557+0000] {dagbag.py:588} INFO - Filling up the DagBag from /home/airflow/.local/lib/python3.12/site-packages/airflow/example_dags/example_dynamic_task_mapping.py
[2024-10-31T11:47:55.564+0000] {processor.py:925} INFO - DAG(s) 'example_dynamic_task_mapping' retrieved from /home/airflow/.local/lib/python3.12/site-packages/airflow/example_dags/example_dynamic_task_mapping.py
[2024-10-31T11:47:55.581+0000] {logging_mixin.py:190} INFO - [2024-10-31T11:47:55.581+0000] {dag.py:3239} INFO - Sync 1 DAGs
[2024-10-31T11:47:55.592+0000] {logging_mixin.py:190} INFO - [2024-10-31T11:47:55.592+0000] {dag.py:4180} INFO - Setting next_dagrun for example_dynamic_task_mapping to None, run_after=None
[2024-10-31T11:47:55.608+0000] {processor.py:208} INFO - Processing /home/airflow/.local/lib/python3.12/site-packages/airflow/example_dags/example_dynamic_task_mapping.py took 0.057 seconds
[2024-10-31T11:48:26.566+0000] {processor.py:186} INFO - Started process (PID=332) to work on /home/airflow/.local/lib/python3.12/site-packages/airflow/example_dags/example_dynamic_task_mapping.py
[2024-10-31T11:48:26.566+0000] {processor.py:914} INFO - Processing file /home/airflow/.local/lib/python3.12/site-packages/airflow/example_dags/example_dynamic_task_mapping.py for tasks to queue
[2024-10-31T11:48:26.568+0000] {logging_mixin.py:190} INFO - [2024-10-31T11:48:26.568+0000] {dagbag.py:588} INFO - Filling up the DagBag from /home/airflow/.local/lib/python3.12/site-packages/airflow/example_dags/example_dynamic_task_mapping.py
[2024-10-31T11:48:26.573+0000] {processor.py:925} INFO - DAG(s) 'example_dynamic_task_mapping' retrieved from /home/airflow/.local/lib/python3.12/site-packages/airflow/example_dags/example_dynamic_task_mapping.py
[2024-10-31T11:48:26.585+0000] {logging_mixin.py:190} INFO - [2024-10-31T11:48:26.585+0000] {dag.py:3239} INFO - Sync 1 DAGs
[2024-10-31T11:48:26.593+0000] {logging_mixin.py:190} INFO - [2024-10-31T11:48:26.593+0000] {dag.py:4180} INFO - Setting next_dagrun for example_dynamic_task_mapping to None, run_after=None
[2024-10-31T11:48:26.603+0000] {processor.py:208} INFO - Processing /home/airflow/.local/lib/python3.12/site-packages/airflow/example_dags/example_dynamic_task_mapping.py took 0.041 seconds
[2024-10-31T11:48:57.631+0000] {processor.py:186} INFO - Started process (PID=396) to work on /home/airflow/.local/lib/python3.12/site-packages/airflow/example_dags/example_dynamic_task_mapping.py
[2024-10-31T11:48:57.632+0000] {processor.py:914} INFO - Processing file /home/airflow/.local/lib/python3.12/site-packages/airflow/example_dags/example_dynamic_task_mapping.py for tasks to queue
[2024-10-31T11:48:57.634+0000] {logging_mixin.py:190} INFO - [2024-10-31T11:48:57.634+0000] {dagbag.py:588} INFO - Filling up the DagBag from /home/airflow/.local/lib/python3.12/site-packages/airflow/example_dags/example_dynamic_task_mapping.py
[2024-10-31T11:48:57.639+0000] {processor.py:925} INFO - DAG(s) 'example_dynamic_task_mapping' retrieved from /home/airflow/.local/lib/python3.12/site-packages/airflow/example_dags/example_dynamic_task_mapping.py
[2024-10-31T11:48:57.651+0000] {logging_mixin.py:190} INFO - [2024-10-31T11:48:57.651+0000] {dag.py:3239} INFO - Sync 1 DAGs
[2024-10-31T11:48:57.660+0000] {logging_mixin.py:190} INFO - [2024-10-31T11:48:57.660+0000] {dag.py:4180} INFO - Setting next_dagrun for example_dynamic_task_mapping to None, run_after=None
[2024-10-31T11:48:57.669+0000] {processor.py:208} INFO - Processing /home/airflow/.local/lib/python3.12/site-packages/airflow/example_dags/example_dynamic_task_mapping.py took 0.042 seconds
[2024-10-31T11:49:28.743+0000] {processor.py:186} INFO - Started process (PID=460) to work on /home/airflow/.local/lib/python3.12/site-packages/airflow/example_dags/example_dynamic_task_mapping.py
[2024-10-31T11:49:28.744+0000] {processor.py:914} INFO - Processing file /home/airflow/.local/lib/python3.12/site-packages/airflow/example_dags/example_dynamic_task_mapping.py for tasks to queue
[2024-10-31T11:49:28.746+0000] {logging_mixin.py:190} INFO - [2024-10-31T11:49:28.746+0000] {dagbag.py:588} INFO - Filling up the DagBag from /home/airflow/.local/lib/python3.12/site-packages/airflow/example_dags/example_dynamic_task_mapping.py
[2024-10-31T11:49:28.751+0000] {processor.py:925} INFO - DAG(s) 'example_dynamic_task_mapping' retrieved from /home/airflow/.local/lib/python3.12/site-packages/airflow/example_dags/example_dynamic_task_mapping.py
[2024-10-31T11:49:28.764+0000] {logging_mixin.py:190} INFO - [2024-10-31T11:49:28.764+0000] {dag.py:3239} INFO - Sync 1 DAGs
[2024-10-31T11:49:28.774+0000] {logging_mixin.py:190} INFO - [2024-10-31T11:49:28.774+0000] {dag.py:4180} INFO - Setting next_dagrun for example_dynamic_task_mapping to None, run_after=None
[2024-10-31T11:49:28.791+0000] {processor.py:208} INFO - Processing /home/airflow/.local/lib/python3.12/site-packages/airflow/example_dags/example_dynamic_task_mapping.py took 0.052 seconds
[2024-10-31T11:49:59.699+0000] {processor.py:186} INFO - Started process (PID=524) to work on /home/airflow/.local/lib/python3.12/site-packages/airflow/example_dags/example_dynamic_task_mapping.py
[2024-10-31T11:49:59.700+0000] {processor.py:914} INFO - Processing file /home/airflow/.local/lib/python3.12/site-packages/airflow/example_dags/example_dynamic_task_mapping.py for tasks to queue
[2024-10-31T11:49:59.703+0000] {logging_mixin.py:190} INFO - [2024-10-31T11:49:59.703+0000] {dagbag.py:588} INFO - Filling up the DagBag from /home/airflow/.local/lib/python3.12/site-packages/airflow/example_dags/example_dynamic_task_mapping.py
[2024-10-31T11:49:59.709+0000] {processor.py:925} INFO - DAG(s) 'example_dynamic_task_mapping' retrieved from /home/airflow/.local/lib/python3.12/site-packages/airflow/example_dags/example_dynamic_task_mapping.py
[2024-10-31T11:49:59.722+0000] {logging_mixin.py:190} INFO - [2024-10-31T11:49:59.722+0000] {dag.py:3239} INFO - Sync 1 DAGs
[2024-10-31T11:49:59.732+0000] {logging_mixin.py:190} INFO - [2024-10-31T11:49:59.732+0000] {dag.py:4180} INFO - Setting next_dagrun for example_dynamic_task_mapping to None, run_after=None
[2024-10-31T11:49:59.743+0000] {processor.py:208} INFO - Processing /home/airflow/.local/lib/python3.12/site-packages/airflow/example_dags/example_dynamic_task_mapping.py took 0.048 seconds
[2024-10-31T11:50:30.769+0000] {processor.py:186} INFO - Started process (PID=588) to work on /home/airflow/.local/lib/python3.12/site-packages/airflow/example_dags/example_dynamic_task_mapping.py
[2024-10-31T11:50:30.770+0000] {processor.py:914} INFO - Processing file /home/airflow/.local/lib/python3.12/site-packages/airflow/example_dags/example_dynamic_task_mapping.py for tasks to queue
[2024-10-31T11:50:30.773+0000] {logging_mixin.py:190} INFO - [2024-10-31T11:50:30.772+0000] {dagbag.py:588} INFO - Filling up the DagBag from /home/airflow/.local/lib/python3.12/site-packages/airflow/example_dags/example_dynamic_task_mapping.py
[2024-10-31T11:50:30.778+0000] {processor.py:925} INFO - DAG(s) 'example_dynamic_task_mapping' retrieved from /home/airflow/.local/lib/python3.12/site-packages/airflow/example_dags/example_dynamic_task_mapping.py
[2024-10-31T11:50:30.798+0000] {logging_mixin.py:190} INFO - [2024-10-31T11:50:30.798+0000] {dag.py:3239} INFO - Sync 1 DAGs
[2024-10-31T11:50:30.809+0000] {logging_mixin.py:190} INFO - [2024-10-31T11:50:30.809+0000] {dag.py:4180} INFO - Setting next_dagrun for example_dynamic_task_mapping to None, run_after=None
[2024-10-31T11:50:30.824+0000] {processor.py:208} INFO - Processing /home/airflow/.local/lib/python3.12/site-packages/airflow/example_dags/example_dynamic_task_mapping.py took 0.059 seconds
[2024-10-31T11:51:01.943+0000] {processor.py:186} INFO - Started process (PID=651) to work on /home/airflow/.local/lib/python3.12/site-packages/airflow/example_dags/example_dynamic_task_mapping.py
[2024-10-31T11:51:01.947+0000] {processor.py:914} INFO - Processing file /home/airflow/.local/lib/python3.12/site-packages/airflow/example_dags/example_dynamic_task_mapping.py for tasks to queue
[2024-10-31T11:51:01.949+0000] {logging_mixin.py:190} INFO - [2024-10-31T11:51:01.949+0000] {dagbag.py:588} INFO - Filling up the DagBag from /home/airflow/.local/lib/python3.12/site-packages/airflow/example_dags/example_dynamic_task_mapping.py
[2024-10-31T11:51:01.954+0000] {processor.py:925} INFO - DAG(s) 'example_dynamic_task_mapping' retrieved from /home/airflow/.local/lib/python3.12/site-packages/airflow/example_dags/example_dynamic_task_mapping.py
[2024-10-31T11:51:01.966+0000] {logging_mixin.py:190} INFO - [2024-10-31T11:51:01.966+0000] {dag.py:3239} INFO - Sync 1 DAGs
[2024-10-31T11:51:01.975+0000] {logging_mixin.py:190} INFO - [2024-10-31T11:51:01.974+0000] {dag.py:4180} INFO - Setting next_dagrun for example_dynamic_task_mapping to None, run_after=None
[2024-10-31T11:51:01.991+0000] {processor.py:208} INFO - Processing /home/airflow/.local/lib/python3.12/site-packages/airflow/example_dags/example_dynamic_task_mapping.py took 0.052 seconds
[2024-10-31T11:51:32.979+0000] {processor.py:186} INFO - Started process (PID=715) to work on /home/airflow/.local/lib/python3.12/site-packages/airflow/example_dags/example_dynamic_task_mapping.py
[2024-10-31T11:51:32.980+0000] {processor.py:914} INFO - Processing file /home/airflow/.local/lib/python3.12/site-packages/airflow/example_dags/example_dynamic_task_mapping.py for tasks to queue
[2024-10-31T11:51:32.993+0000] {logging_mixin.py:190} INFO - [2024-10-31T11:51:32.991+0000] {dagbag.py:588} INFO - Filling up the DagBag from /home/airflow/.local/lib/python3.12/site-packages/airflow/example_dags/example_dynamic_task_mapping.py
[2024-10-31T11:51:33.016+0000] {processor.py:925} INFO - DAG(s) 'example_dynamic_task_mapping' retrieved from /home/airflow/.local/lib/python3.12/site-packages/airflow/example_dags/example_dynamic_task_mapping.py
[2024-10-31T11:51:33.035+0000] {logging_mixin.py:190} INFO - [2024-10-31T11:51:33.035+0000] {dag.py:3239} INFO - Sync 1 DAGs
[2024-10-31T11:51:33.043+0000] {logging_mixin.py:190} INFO - [2024-10-31T11:51:33.043+0000] {dag.py:4180} INFO - Setting next_dagrun for example_dynamic_task_mapping to None, run_after=None
[2024-10-31T11:51:33.054+0000] {processor.py:208} INFO - Processing /home/airflow/.local/lib/python3.12/site-packages/airflow/example_dags/example_dynamic_task_mapping.py took 0.078 seconds
[2024-10-31T11:52:03.253+0000] {processor.py:186} INFO - Started process (PID=779) to work on /home/airflow/.local/lib/python3.12/site-packages/airflow/example_dags/example_dynamic_task_mapping.py
[2024-10-31T11:52:03.254+0000] {processor.py:914} INFO - Processing file /home/airflow/.local/lib/python3.12/site-packages/airflow/example_dags/example_dynamic_task_mapping.py for tasks to queue
[2024-10-31T11:52:03.255+0000] {logging_mixin.py:190} INFO - [2024-10-31T11:52:03.255+0000] {dagbag.py:588} INFO - Filling up the DagBag from /home/airflow/.local/lib/python3.12/site-packages/airflow/example_dags/example_dynamic_task_mapping.py
[2024-10-31T11:52:03.261+0000] {processor.py:925} INFO - DAG(s) 'example_dynamic_task_mapping' retrieved from /home/airflow/.local/lib/python3.12/site-packages/airflow/example_dags/example_dynamic_task_mapping.py
[2024-10-31T11:52:03.273+0000] {logging_mixin.py:190} INFO - [2024-10-31T11:52:03.273+0000] {dag.py:3239} INFO - Sync 1 DAGs
[2024-10-31T11:52:03.281+0000] {logging_mixin.py:190} INFO - [2024-10-31T11:52:03.281+0000] {dag.py:4180} INFO - Setting next_dagrun for example_dynamic_task_mapping to None, run_after=None
[2024-10-31T11:52:03.290+0000] {processor.py:208} INFO - Processing /home/airflow/.local/lib/python3.12/site-packages/airflow/example_dags/example_dynamic_task_mapping.py took 0.041 seconds
[2024-10-31T11:52:46.957+0000] {processor.py:186} INFO - Started process (PID=62) to work on /home/airflow/.local/lib/python3.12/site-packages/airflow/example_dags/example_dynamic_task_mapping.py
[2024-10-31T11:52:46.958+0000] {processor.py:914} INFO - Processing file /home/airflow/.local/lib/python3.12/site-packages/airflow/example_dags/example_dynamic_task_mapping.py for tasks to queue
[2024-10-31T11:52:46.962+0000] {logging_mixin.py:190} INFO - [2024-10-31T11:52:46.961+0000] {dagbag.py:588} INFO - Filling up the DagBag from /home/airflow/.local/lib/python3.12/site-packages/airflow/example_dags/example_dynamic_task_mapping.py
[2024-10-31T11:52:46.970+0000] {processor.py:925} INFO - DAG(s) 'example_dynamic_task_mapping' retrieved from /home/airflow/.local/lib/python3.12/site-packages/airflow/example_dags/example_dynamic_task_mapping.py
[2024-10-31T11:52:46.985+0000] {logging_mixin.py:190} INFO - [2024-10-31T11:52:46.985+0000] {dag.py:3239} INFO - Sync 1 DAGs
[2024-10-31T11:52:46.993+0000] {logging_mixin.py:190} INFO - [2024-10-31T11:52:46.993+0000] {dag.py:4180} INFO - Setting next_dagrun for example_dynamic_task_mapping to None, run_after=None
[2024-10-31T11:52:47.004+0000] {processor.py:208} INFO - Processing /home/airflow/.local/lib/python3.12/site-packages/airflow/example_dags/example_dynamic_task_mapping.py took 0.052 seconds
[2024-10-31T11:53:18.033+0000] {processor.py:186} INFO - Started process (PID=126) to work on /home/airflow/.local/lib/python3.12/site-packages/airflow/example_dags/example_dynamic_task_mapping.py
[2024-10-31T11:53:18.034+0000] {processor.py:914} INFO - Processing file /home/airflow/.local/lib/python3.12/site-packages/airflow/example_dags/example_dynamic_task_mapping.py for tasks to queue
[2024-10-31T11:53:18.036+0000] {logging_mixin.py:190} INFO - [2024-10-31T11:53:18.036+0000] {dagbag.py:588} INFO - Filling up the DagBag from /home/airflow/.local/lib/python3.12/site-packages/airflow/example_dags/example_dynamic_task_mapping.py
[2024-10-31T11:53:18.042+0000] {processor.py:925} INFO - DAG(s) 'example_dynamic_task_mapping' retrieved from /home/airflow/.local/lib/python3.12/site-packages/airflow/example_dags/example_dynamic_task_mapping.py
[2024-10-31T11:53:18.060+0000] {logging_mixin.py:190} INFO - [2024-10-31T11:53:18.060+0000] {dag.py:3239} INFO - Sync 1 DAGs
[2024-10-31T11:53:18.070+0000] {logging_mixin.py:190} INFO - [2024-10-31T11:53:18.070+0000] {dag.py:4180} INFO - Setting next_dagrun for example_dynamic_task_mapping to None, run_after=None
[2024-10-31T11:53:18.083+0000] {processor.py:208} INFO - Processing /home/airflow/.local/lib/python3.12/site-packages/airflow/example_dags/example_dynamic_task_mapping.py took 0.054 seconds
[2024-10-31T11:53:48.503+0000] {processor.py:186} INFO - Started process (PID=196) to work on /home/airflow/.local/lib/python3.12/site-packages/airflow/example_dags/example_dynamic_task_mapping.py
[2024-10-31T11:53:48.504+0000] {processor.py:914} INFO - Processing file /home/airflow/.local/lib/python3.12/site-packages/airflow/example_dags/example_dynamic_task_mapping.py for tasks to queue
[2024-10-31T11:53:48.506+0000] {logging_mixin.py:190} INFO - [2024-10-31T11:53:48.506+0000] {dagbag.py:588} INFO - Filling up the DagBag from /home/airflow/.local/lib/python3.12/site-packages/airflow/example_dags/example_dynamic_task_mapping.py
[2024-10-31T11:53:48.512+0000] {processor.py:925} INFO - DAG(s) 'example_dynamic_task_mapping' retrieved from /home/airflow/.local/lib/python3.12/site-packages/airflow/example_dags/example_dynamic_task_mapping.py
[2024-10-31T11:53:48.526+0000] {logging_mixin.py:190} INFO - [2024-10-31T11:53:48.525+0000] {dag.py:3239} INFO - Sync 1 DAGs
[2024-10-31T11:53:48.536+0000] {logging_mixin.py:190} INFO - [2024-10-31T11:53:48.535+0000] {dag.py:4180} INFO - Setting next_dagrun for example_dynamic_task_mapping to None, run_after=None
[2024-10-31T11:53:48.552+0000] {processor.py:208} INFO - Processing /home/airflow/.local/lib/python3.12/site-packages/airflow/example_dags/example_dynamic_task_mapping.py took 0.053 seconds
[2024-10-31T11:54:18.797+0000] {processor.py:186} INFO - Started process (PID=260) to work on /home/airflow/.local/lib/python3.12/site-packages/airflow/example_dags/example_dynamic_task_mapping.py
[2024-10-31T11:54:18.798+0000] {processor.py:914} INFO - Processing file /home/airflow/.local/lib/python3.12/site-packages/airflow/example_dags/example_dynamic_task_mapping.py for tasks to queue
[2024-10-31T11:54:18.801+0000] {logging_mixin.py:190} INFO - [2024-10-31T11:54:18.801+0000] {dagbag.py:588} INFO - Filling up the DagBag from /home/airflow/.local/lib/python3.12/site-packages/airflow/example_dags/example_dynamic_task_mapping.py
[2024-10-31T11:54:18.808+0000] {processor.py:925} INFO - DAG(s) 'example_dynamic_task_mapping' retrieved from /home/airflow/.local/lib/python3.12/site-packages/airflow/example_dags/example_dynamic_task_mapping.py
[2024-10-31T11:54:18.823+0000] {logging_mixin.py:190} INFO - [2024-10-31T11:54:18.823+0000] {dag.py:3239} INFO - Sync 1 DAGs
[2024-10-31T11:54:18.832+0000] {logging_mixin.py:190} INFO - [2024-10-31T11:54:18.831+0000] {dag.py:4180} INFO - Setting next_dagrun for example_dynamic_task_mapping to None, run_after=None
[2024-10-31T11:54:18.843+0000] {processor.py:208} INFO - Processing /home/airflow/.local/lib/python3.12/site-packages/airflow/example_dags/example_dynamic_task_mapping.py took 0.051 seconds
[2024-10-31T11:54:49.172+0000] {processor.py:186} INFO - Started process (PID=323) to work on /home/airflow/.local/lib/python3.12/site-packages/airflow/example_dags/example_dynamic_task_mapping.py
[2024-10-31T11:54:49.173+0000] {processor.py:914} INFO - Processing file /home/airflow/.local/lib/python3.12/site-packages/airflow/example_dags/example_dynamic_task_mapping.py for tasks to queue
[2024-10-31T11:54:49.176+0000] {logging_mixin.py:190} INFO - [2024-10-31T11:54:49.175+0000] {dagbag.py:588} INFO - Filling up the DagBag from /home/airflow/.local/lib/python3.12/site-packages/airflow/example_dags/example_dynamic_task_mapping.py
[2024-10-31T11:54:49.184+0000] {processor.py:925} INFO - DAG(s) 'example_dynamic_task_mapping' retrieved from /home/airflow/.local/lib/python3.12/site-packages/airflow/example_dags/example_dynamic_task_mapping.py
[2024-10-31T11:54:49.205+0000] {logging_mixin.py:190} INFO - [2024-10-31T11:54:49.204+0000] {dag.py:3239} INFO - Sync 1 DAGs
[2024-10-31T11:54:49.214+0000] {logging_mixin.py:190} INFO - [2024-10-31T11:54:49.214+0000] {dag.py:4180} INFO - Setting next_dagrun for example_dynamic_task_mapping to None, run_after=None
[2024-10-31T11:54:49.230+0000] {processor.py:208} INFO - Processing /home/airflow/.local/lib/python3.12/site-packages/airflow/example_dags/example_dynamic_task_mapping.py took 0.063 seconds
[2024-10-31T11:55:19.434+0000] {processor.py:186} INFO - Started process (PID=387) to work on /home/airflow/.local/lib/python3.12/site-packages/airflow/example_dags/example_dynamic_task_mapping.py
[2024-10-31T11:55:19.436+0000] {processor.py:914} INFO - Processing file /home/airflow/.local/lib/python3.12/site-packages/airflow/example_dags/example_dynamic_task_mapping.py for tasks to queue
[2024-10-31T11:55:19.438+0000] {logging_mixin.py:190} INFO - [2024-10-31T11:55:19.437+0000] {dagbag.py:588} INFO - Filling up the DagBag from /home/airflow/.local/lib/python3.12/site-packages/airflow/example_dags/example_dynamic_task_mapping.py
[2024-10-31T11:55:19.444+0000] {processor.py:925} INFO - DAG(s) 'example_dynamic_task_mapping' retrieved from /home/airflow/.local/lib/python3.12/site-packages/airflow/example_dags/example_dynamic_task_mapping.py
[2024-10-31T11:55:19.464+0000] {logging_mixin.py:190} INFO - [2024-10-31T11:55:19.464+0000] {dag.py:3239} INFO - Sync 1 DAGs
[2024-10-31T11:55:19.475+0000] {logging_mixin.py:190} INFO - [2024-10-31T11:55:19.475+0000] {dag.py:4180} INFO - Setting next_dagrun for example_dynamic_task_mapping to None, run_after=None
[2024-10-31T11:55:19.491+0000] {processor.py:208} INFO - Processing /home/airflow/.local/lib/python3.12/site-packages/airflow/example_dags/example_dynamic_task_mapping.py took 0.061 seconds
[2024-10-31T11:55:49.734+0000] {processor.py:186} INFO - Started process (PID=451) to work on /home/airflow/.local/lib/python3.12/site-packages/airflow/example_dags/example_dynamic_task_mapping.py
[2024-10-31T11:55:49.735+0000] {processor.py:914} INFO - Processing file /home/airflow/.local/lib/python3.12/site-packages/airflow/example_dags/example_dynamic_task_mapping.py for tasks to queue
[2024-10-31T11:55:49.737+0000] {logging_mixin.py:190} INFO - [2024-10-31T11:55:49.736+0000] {dagbag.py:588} INFO - Filling up the DagBag from /home/airflow/.local/lib/python3.12/site-packages/airflow/example_dags/example_dynamic_task_mapping.py
[2024-10-31T11:55:49.742+0000] {processor.py:925} INFO - DAG(s) 'example_dynamic_task_mapping' retrieved from /home/airflow/.local/lib/python3.12/site-packages/airflow/example_dags/example_dynamic_task_mapping.py
[2024-10-31T11:55:49.754+0000] {logging_mixin.py:190} INFO - [2024-10-31T11:55:49.754+0000] {dag.py:3239} INFO - Sync 1 DAGs
[2024-10-31T11:55:49.762+0000] {logging_mixin.py:190} INFO - [2024-10-31T11:55:49.762+0000] {dag.py:4180} INFO - Setting next_dagrun for example_dynamic_task_mapping to None, run_after=None
[2024-10-31T11:55:49.772+0000] {processor.py:208} INFO - Processing /home/airflow/.local/lib/python3.12/site-packages/airflow/example_dags/example_dynamic_task_mapping.py took 0.042 seconds
[2024-10-31T11:56:19.968+0000] {processor.py:186} INFO - Started process (PID=515) to work on /home/airflow/.local/lib/python3.12/site-packages/airflow/example_dags/example_dynamic_task_mapping.py
[2024-10-31T11:56:19.969+0000] {processor.py:914} INFO - Processing file /home/airflow/.local/lib/python3.12/site-packages/airflow/example_dags/example_dynamic_task_mapping.py for tasks to queue
[2024-10-31T11:56:19.970+0000] {logging_mixin.py:190} INFO - [2024-10-31T11:56:19.970+0000] {dagbag.py:588} INFO - Filling up the DagBag from /home/airflow/.local/lib/python3.12/site-packages/airflow/example_dags/example_dynamic_task_mapping.py
[2024-10-31T11:56:19.976+0000] {processor.py:925} INFO - DAG(s) 'example_dynamic_task_mapping' retrieved from /home/airflow/.local/lib/python3.12/site-packages/airflow/example_dags/example_dynamic_task_mapping.py
[2024-10-31T11:56:19.996+0000] {logging_mixin.py:190} INFO - [2024-10-31T11:56:19.995+0000] {dag.py:3239} INFO - Sync 1 DAGs
[2024-10-31T11:56:20.005+0000] {logging_mixin.py:190} INFO - [2024-10-31T11:56:20.005+0000] {dag.py:4180} INFO - Setting next_dagrun for example_dynamic_task_mapping to None, run_after=None
[2024-10-31T11:56:20.022+0000] {processor.py:208} INFO - Processing /home/airflow/.local/lib/python3.12/site-packages/airflow/example_dags/example_dynamic_task_mapping.py took 0.058 seconds
[2024-10-31T11:56:50.310+0000] {processor.py:186} INFO - Started process (PID=579) to work on /home/airflow/.local/lib/python3.12/site-packages/airflow/example_dags/example_dynamic_task_mapping.py
[2024-10-31T11:56:50.311+0000] {processor.py:914} INFO - Processing file /home/airflow/.local/lib/python3.12/site-packages/airflow/example_dags/example_dynamic_task_mapping.py for tasks to queue
[2024-10-31T11:56:50.313+0000] {logging_mixin.py:190} INFO - [2024-10-31T11:56:50.312+0000] {dagbag.py:588} INFO - Filling up the DagBag from /home/airflow/.local/lib/python3.12/site-packages/airflow/example_dags/example_dynamic_task_mapping.py
[2024-10-31T11:56:50.319+0000] {processor.py:925} INFO - DAG(s) 'example_dynamic_task_mapping' retrieved from /home/airflow/.local/lib/python3.12/site-packages/airflow/example_dags/example_dynamic_task_mapping.py
[2024-10-31T11:56:50.338+0000] {logging_mixin.py:190} INFO - [2024-10-31T11:56:50.338+0000] {dag.py:3239} INFO - Sync 1 DAGs
[2024-10-31T11:56:50.348+0000] {logging_mixin.py:190} INFO - [2024-10-31T11:56:50.348+0000] {dag.py:4180} INFO - Setting next_dagrun for example_dynamic_task_mapping to None, run_after=None
[2024-10-31T11:56:50.359+0000] {processor.py:208} INFO - Processing /home/airflow/.local/lib/python3.12/site-packages/airflow/example_dags/example_dynamic_task_mapping.py took 0.053 seconds
[2024-10-31T11:57:20.571+0000] {processor.py:186} INFO - Started process (PID=643) to work on /home/airflow/.local/lib/python3.12/site-packages/airflow/example_dags/example_dynamic_task_mapping.py
[2024-10-31T11:57:20.572+0000] {processor.py:914} INFO - Processing file /home/airflow/.local/lib/python3.12/site-packages/airflow/example_dags/example_dynamic_task_mapping.py for tasks to queue
[2024-10-31T11:57:20.574+0000] {logging_mixin.py:190} INFO - [2024-10-31T11:57:20.573+0000] {dagbag.py:588} INFO - Filling up the DagBag from /home/airflow/.local/lib/python3.12/site-packages/airflow/example_dags/example_dynamic_task_mapping.py
[2024-10-31T11:57:20.579+0000] {processor.py:925} INFO - DAG(s) 'example_dynamic_task_mapping' retrieved from /home/airflow/.local/lib/python3.12/site-packages/airflow/example_dags/example_dynamic_task_mapping.py
[2024-10-31T11:57:20.593+0000] {logging_mixin.py:190} INFO - [2024-10-31T11:57:20.593+0000] {dag.py:3239} INFO - Sync 1 DAGs
[2024-10-31T11:57:20.602+0000] {logging_mixin.py:190} INFO - [2024-10-31T11:57:20.602+0000] {dag.py:4180} INFO - Setting next_dagrun for example_dynamic_task_mapping to None, run_after=None
[2024-10-31T11:57:20.613+0000] {processor.py:208} INFO - Processing /home/airflow/.local/lib/python3.12/site-packages/airflow/example_dags/example_dynamic_task_mapping.py took 0.046 seconds
[2024-10-31T11:57:51.026+0000] {processor.py:186} INFO - Started process (PID=706) to work on /home/airflow/.local/lib/python3.12/site-packages/airflow/example_dags/example_dynamic_task_mapping.py
[2024-10-31T11:57:51.027+0000] {processor.py:914} INFO - Processing file /home/airflow/.local/lib/python3.12/site-packages/airflow/example_dags/example_dynamic_task_mapping.py for tasks to queue
[2024-10-31T11:57:51.029+0000] {logging_mixin.py:190} INFO - [2024-10-31T11:57:51.029+0000] {dagbag.py:588} INFO - Filling up the DagBag from /home/airflow/.local/lib/python3.12/site-packages/airflow/example_dags/example_dynamic_task_mapping.py
[2024-10-31T11:57:51.034+0000] {processor.py:925} INFO - DAG(s) 'example_dynamic_task_mapping' retrieved from /home/airflow/.local/lib/python3.12/site-packages/airflow/example_dags/example_dynamic_task_mapping.py
[2024-10-31T11:57:51.049+0000] {logging_mixin.py:190} INFO - [2024-10-31T11:57:51.049+0000] {dag.py:3239} INFO - Sync 1 DAGs
[2024-10-31T11:57:51.058+0000] {logging_mixin.py:190} INFO - [2024-10-31T11:57:51.058+0000] {dag.py:4180} INFO - Setting next_dagrun for example_dynamic_task_mapping to None, run_after=None
[2024-10-31T11:57:51.070+0000] {processor.py:208} INFO - Processing /home/airflow/.local/lib/python3.12/site-packages/airflow/example_dags/example_dynamic_task_mapping.py took 0.049 seconds
[2024-10-31T11:58:21.276+0000] {processor.py:186} INFO - Started process (PID=770) to work on /home/airflow/.local/lib/python3.12/site-packages/airflow/example_dags/example_dynamic_task_mapping.py
[2024-10-31T11:58:21.277+0000] {processor.py:914} INFO - Processing file /home/airflow/.local/lib/python3.12/site-packages/airflow/example_dags/example_dynamic_task_mapping.py for tasks to queue
[2024-10-31T11:58:21.279+0000] {logging_mixin.py:190} INFO - [2024-10-31T11:58:21.279+0000] {dagbag.py:588} INFO - Filling up the DagBag from /home/airflow/.local/lib/python3.12/site-packages/airflow/example_dags/example_dynamic_task_mapping.py
[2024-10-31T11:58:21.285+0000] {processor.py:925} INFO - DAG(s) 'example_dynamic_task_mapping' retrieved from /home/airflow/.local/lib/python3.12/site-packages/airflow/example_dags/example_dynamic_task_mapping.py
[2024-10-31T11:58:21.303+0000] {logging_mixin.py:190} INFO - [2024-10-31T11:58:21.303+0000] {dag.py:3239} INFO - Sync 1 DAGs
[2024-10-31T11:58:21.315+0000] {logging_mixin.py:190} INFO - [2024-10-31T11:58:21.315+0000] {dag.py:4180} INFO - Setting next_dagrun for example_dynamic_task_mapping to None, run_after=None
[2024-10-31T11:58:21.330+0000] {processor.py:208} INFO - Processing /home/airflow/.local/lib/python3.12/site-packages/airflow/example_dags/example_dynamic_task_mapping.py took 0.058 seconds
[2024-10-31T11:58:52.503+0000] {processor.py:186} INFO - Started process (PID=834) to work on /home/airflow/.local/lib/python3.12/site-packages/airflow/example_dags/example_dynamic_task_mapping.py
[2024-10-31T11:58:52.506+0000] {processor.py:914} INFO - Processing file /home/airflow/.local/lib/python3.12/site-packages/airflow/example_dags/example_dynamic_task_mapping.py for tasks to queue
[2024-10-31T11:58:52.509+0000] {logging_mixin.py:190} INFO - [2024-10-31T11:58:52.509+0000] {dagbag.py:588} INFO - Filling up the DagBag from /home/airflow/.local/lib/python3.12/site-packages/airflow/example_dags/example_dynamic_task_mapping.py
[2024-10-31T11:58:52.515+0000] {processor.py:925} INFO - DAG(s) 'example_dynamic_task_mapping' retrieved from /home/airflow/.local/lib/python3.12/site-packages/airflow/example_dags/example_dynamic_task_mapping.py
[2024-10-31T11:58:52.536+0000] {logging_mixin.py:190} INFO - [2024-10-31T11:58:52.536+0000] {dag.py:3239} INFO - Sync 1 DAGs
[2024-10-31T11:58:52.549+0000] {logging_mixin.py:190} INFO - [2024-10-31T11:58:52.549+0000] {dag.py:4180} INFO - Setting next_dagrun for example_dynamic_task_mapping to None, run_after=None
[2024-10-31T11:58:52.564+0000] {processor.py:208} INFO - Processing /home/airflow/.local/lib/python3.12/site-packages/airflow/example_dags/example_dynamic_task_mapping.py took 0.066 seconds
[2024-10-31T11:59:22.832+0000] {processor.py:186} INFO - Started process (PID=898) to work on /home/airflow/.local/lib/python3.12/site-packages/airflow/example_dags/example_dynamic_task_mapping.py
[2024-10-31T11:59:22.833+0000] {processor.py:914} INFO - Processing file /home/airflow/.local/lib/python3.12/site-packages/airflow/example_dags/example_dynamic_task_mapping.py for tasks to queue
[2024-10-31T11:59:22.835+0000] {logging_mixin.py:190} INFO - [2024-10-31T11:59:22.835+0000] {dagbag.py:588} INFO - Filling up the DagBag from /home/airflow/.local/lib/python3.12/site-packages/airflow/example_dags/example_dynamic_task_mapping.py
[2024-10-31T11:59:22.841+0000] {processor.py:925} INFO - DAG(s) 'example_dynamic_task_mapping' retrieved from /home/airflow/.local/lib/python3.12/site-packages/airflow/example_dags/example_dynamic_task_mapping.py
[2024-10-31T11:59:22.860+0000] {logging_mixin.py:190} INFO - [2024-10-31T11:59:22.860+0000] {dag.py:3239} INFO - Sync 1 DAGs
[2024-10-31T11:59:22.871+0000] {logging_mixin.py:190} INFO - [2024-10-31T11:59:22.871+0000] {dag.py:4180} INFO - Setting next_dagrun for example_dynamic_task_mapping to None, run_after=None
[2024-10-31T11:59:22.886+0000] {processor.py:208} INFO - Processing /home/airflow/.local/lib/python3.12/site-packages/airflow/example_dags/example_dynamic_task_mapping.py took 0.058 seconds
[2024-10-31T11:59:53.474+0000] {processor.py:186} INFO - Started process (PID=962) to work on /home/airflow/.local/lib/python3.12/site-packages/airflow/example_dags/example_dynamic_task_mapping.py
[2024-10-31T11:59:53.475+0000] {processor.py:914} INFO - Processing file /home/airflow/.local/lib/python3.12/site-packages/airflow/example_dags/example_dynamic_task_mapping.py for tasks to queue
[2024-10-31T11:59:53.477+0000] {logging_mixin.py:190} INFO - [2024-10-31T11:59:53.477+0000] {dagbag.py:588} INFO - Filling up the DagBag from /home/airflow/.local/lib/python3.12/site-packages/airflow/example_dags/example_dynamic_task_mapping.py
[2024-10-31T11:59:53.483+0000] {processor.py:925} INFO - DAG(s) 'example_dynamic_task_mapping' retrieved from /home/airflow/.local/lib/python3.12/site-packages/airflow/example_dags/example_dynamic_task_mapping.py
[2024-10-31T11:59:53.502+0000] {logging_mixin.py:190} INFO - [2024-10-31T11:59:53.502+0000] {dag.py:3239} INFO - Sync 1 DAGs
[2024-10-31T11:59:53.518+0000] {logging_mixin.py:190} INFO - [2024-10-31T11:59:53.518+0000] {dag.py:4180} INFO - Setting next_dagrun for example_dynamic_task_mapping to None, run_after=None
[2024-10-31T11:59:53.538+0000] {processor.py:208} INFO - Processing /home/airflow/.local/lib/python3.12/site-packages/airflow/example_dags/example_dynamic_task_mapping.py took 0.069 seconds
[2024-10-31T12:00:24.011+0000] {processor.py:186} INFO - Started process (PID=1025) to work on /home/airflow/.local/lib/python3.12/site-packages/airflow/example_dags/example_dynamic_task_mapping.py
[2024-10-31T12:00:24.013+0000] {processor.py:914} INFO - Processing file /home/airflow/.local/lib/python3.12/site-packages/airflow/example_dags/example_dynamic_task_mapping.py for tasks to queue
[2024-10-31T12:00:24.014+0000] {logging_mixin.py:190} INFO - [2024-10-31T12:00:24.014+0000] {dagbag.py:588} INFO - Filling up the DagBag from /home/airflow/.local/lib/python3.12/site-packages/airflow/example_dags/example_dynamic_task_mapping.py
[2024-10-31T12:00:24.020+0000] {processor.py:925} INFO - DAG(s) 'example_dynamic_task_mapping' retrieved from /home/airflow/.local/lib/python3.12/site-packages/airflow/example_dags/example_dynamic_task_mapping.py
[2024-10-31T12:00:24.032+0000] {logging_mixin.py:190} INFO - [2024-10-31T12:00:24.032+0000] {dag.py:3239} INFO - Sync 1 DAGs
[2024-10-31T12:00:24.041+0000] {logging_mixin.py:190} INFO - [2024-10-31T12:00:24.041+0000] {dag.py:4180} INFO - Setting next_dagrun for example_dynamic_task_mapping to None, run_after=None
[2024-10-31T12:00:24.051+0000] {processor.py:208} INFO - Processing /home/airflow/.local/lib/python3.12/site-packages/airflow/example_dags/example_dynamic_task_mapping.py took 0.044 seconds
[2024-10-31T12:42:17.716+0000] {processor.py:186} INFO - Started process (PID=70) to work on /home/airflow/.local/lib/python3.12/site-packages/airflow/example_dags/example_dynamic_task_mapping.py
[2024-10-31T12:42:17.717+0000] {processor.py:914} INFO - Processing file /home/airflow/.local/lib/python3.12/site-packages/airflow/example_dags/example_dynamic_task_mapping.py for tasks to queue
[2024-10-31T12:42:17.719+0000] {logging_mixin.py:190} INFO - [2024-10-31T12:42:17.718+0000] {dagbag.py:588} INFO - Filling up the DagBag from /home/airflow/.local/lib/python3.12/site-packages/airflow/example_dags/example_dynamic_task_mapping.py
[2024-10-31T12:42:17.724+0000] {processor.py:925} INFO - DAG(s) 'example_dynamic_task_mapping' retrieved from /home/airflow/.local/lib/python3.12/site-packages/airflow/example_dags/example_dynamic_task_mapping.py
[2024-10-31T12:42:17.786+0000] {logging_mixin.py:190} INFO - [2024-10-31T12:42:17.785+0000] {override.py:1900} INFO - Created Permission View: can read on DAG:example_dynamic_task_mapping
[2024-10-31T12:42:17.796+0000] {logging_mixin.py:190} INFO - [2024-10-31T12:42:17.796+0000] {override.py:1900} INFO - Created Permission View: can delete on DAG:example_dynamic_task_mapping
[2024-10-31T12:42:17.800+0000] {logging_mixin.py:190} INFO - [2024-10-31T12:42:17.800+0000] {override.py:1900} INFO - Created Permission View: can edit on DAG:example_dynamic_task_mapping
[2024-10-31T12:42:17.807+0000] {logging_mixin.py:190} INFO - [2024-10-31T12:42:17.807+0000] {override.py:1900} INFO - Created Permission View: menu access on DAG Run:example_dynamic_task_mapping
[2024-10-31T12:42:17.811+0000] {logging_mixin.py:190} INFO - [2024-10-31T12:42:17.811+0000] {override.py:1900} INFO - Created Permission View: can read on DAG Run:example_dynamic_task_mapping
[2024-10-31T12:42:17.815+0000] {logging_mixin.py:190} INFO - [2024-10-31T12:42:17.815+0000] {override.py:1900} INFO - Created Permission View: can delete on DAG Run:example_dynamic_task_mapping
[2024-10-31T12:42:17.820+0000] {logging_mixin.py:190} INFO - [2024-10-31T12:42:17.820+0000] {override.py:1900} INFO - Created Permission View: can create on DAG Run:example_dynamic_task_mapping
[2024-10-31T12:42:17.821+0000] {logging_mixin.py:190} INFO - [2024-10-31T12:42:17.820+0000] {dag.py:3239} INFO - Sync 1 DAGs
[2024-10-31T12:42:17.828+0000] {logging_mixin.py:190} INFO - [2024-10-31T12:42:17.828+0000] {dag.py:3262} INFO - Creating ORM DAG for example_dynamic_task_mapping
[2024-10-31T12:42:17.829+0000] {logging_mixin.py:190} INFO - [2024-10-31T12:42:17.829+0000] {dag.py:4180} INFO - Setting next_dagrun for example_dynamic_task_mapping to None, run_after=None
[2024-10-31T12:42:17.840+0000] {processor.py:208} INFO - Processing /home/airflow/.local/lib/python3.12/site-packages/airflow/example_dags/example_dynamic_task_mapping.py took 0.128 seconds
