[2024-10-31T11:46:27.234+0000] {processor.py:186} INFO - Started process (PID=102) to work on /home/airflow/.local/lib/python3.12/site-packages/airflow/example_dags/example_kubernetes_executor.py
[2024-10-31T11:46:27.235+0000] {processor.py:914} INFO - Processing file /home/airflow/.local/lib/python3.12/site-packages/airflow/example_dags/example_kubernetes_executor.py for tasks to queue
[2024-10-31T11:46:27.236+0000] {logging_mixin.py:190} INFO - [2024-10-31T11:46:27.236+0000] {dagbag.py:588} INFO - Filling up the DagBag from /home/airflow/.local/lib/python3.12/site-packages/airflow/example_dags/example_kubernetes_executor.py
[2024-10-31T11:46:27.247+0000] {processor.py:925} INFO - DAG(s) 'example_kubernetes_executor' retrieved from /home/airflow/.local/lib/python3.12/site-packages/airflow/example_dags/example_kubernetes_executor.py
[2024-10-31T11:46:27.344+0000] {logging_mixin.py:190} INFO - [2024-10-31T11:46:27.343+0000] {override.py:1900} INFO - Created Permission View: can delete on DAG:example_kubernetes_executor
[2024-10-31T11:46:27.356+0000] {logging_mixin.py:190} INFO - [2024-10-31T11:46:27.355+0000] {override.py:1900} INFO - Created Permission View: can read on DAG:example_kubernetes_executor
[2024-10-31T11:46:27.366+0000] {logging_mixin.py:190} INFO - [2024-10-31T11:46:27.366+0000] {override.py:1900} INFO - Created Permission View: can edit on DAG:example_kubernetes_executor
[2024-10-31T11:46:27.375+0000] {logging_mixin.py:190} INFO - [2024-10-31T11:46:27.374+0000] {override.py:1900} INFO - Created Permission View: can delete on DAG Run:example_kubernetes_executor
[2024-10-31T11:46:27.387+0000] {logging_mixin.py:190} INFO - [2024-10-31T11:46:27.386+0000] {override.py:1900} INFO - Created Permission View: can read on DAG Run:example_kubernetes_executor
[2024-10-31T11:46:27.398+0000] {logging_mixin.py:190} INFO - [2024-10-31T11:46:27.397+0000] {override.py:1900} INFO - Created Permission View: can create on DAG Run:example_kubernetes_executor
[2024-10-31T11:46:27.401+0000] {logging_mixin.py:190} INFO - [2024-10-31T11:46:27.401+0000] {override.py:1900} INFO - Created Permission View: menu access on DAG Run:example_kubernetes_executor
[2024-10-31T11:46:27.401+0000] {logging_mixin.py:190} INFO - [2024-10-31T11:46:27.401+0000] {dag.py:3239} INFO - Sync 1 DAGs
[2024-10-31T11:46:27.409+0000] {logging_mixin.py:190} INFO - [2024-10-31T11:46:27.408+0000] {dag.py:3262} INFO - Creating ORM DAG for example_kubernetes_executor
[2024-10-31T11:46:27.409+0000] {logging_mixin.py:190} INFO - [2024-10-31T11:46:27.409+0000] {dag.py:4180} INFO - Setting next_dagrun for example_kubernetes_executor to None, run_after=None
[2024-10-31T11:46:27.420+0000] {processor.py:208} INFO - Processing /home/airflow/.local/lib/python3.12/site-packages/airflow/example_dags/example_kubernetes_executor.py took 0.189 seconds
[2024-10-31T11:46:58.244+0000] {processor.py:186} INFO - Started process (PID=166) to work on /home/airflow/.local/lib/python3.12/site-packages/airflow/example_dags/example_kubernetes_executor.py
[2024-10-31T11:46:58.246+0000] {processor.py:914} INFO - Processing file /home/airflow/.local/lib/python3.12/site-packages/airflow/example_dags/example_kubernetes_executor.py for tasks to queue
[2024-10-31T11:46:58.248+0000] {logging_mixin.py:190} INFO - [2024-10-31T11:46:58.247+0000] {dagbag.py:588} INFO - Filling up the DagBag from /home/airflow/.local/lib/python3.12/site-packages/airflow/example_dags/example_kubernetes_executor.py
[2024-10-31T11:46:58.257+0000] {processor.py:925} INFO - DAG(s) 'example_kubernetes_executor' retrieved from /home/airflow/.local/lib/python3.12/site-packages/airflow/example_dags/example_kubernetes_executor.py
[2024-10-31T11:46:58.283+0000] {logging_mixin.py:190} INFO - [2024-10-31T11:46:58.283+0000] {dag.py:3239} INFO - Sync 1 DAGs
[2024-10-31T11:46:58.296+0000] {logging_mixin.py:190} INFO - [2024-10-31T11:46:58.296+0000] {dag.py:4180} INFO - Setting next_dagrun for example_kubernetes_executor to None, run_after=None
[2024-10-31T11:46:58.317+0000] {processor.py:208} INFO - Processing /home/airflow/.local/lib/python3.12/site-packages/airflow/example_dags/example_kubernetes_executor.py took 0.076 seconds
[2024-10-31T11:47:28.606+0000] {processor.py:186} INFO - Started process (PID=230) to work on /home/airflow/.local/lib/python3.12/site-packages/airflow/example_dags/example_kubernetes_executor.py
[2024-10-31T11:47:28.607+0000] {processor.py:914} INFO - Processing file /home/airflow/.local/lib/python3.12/site-packages/airflow/example_dags/example_kubernetes_executor.py for tasks to queue
[2024-10-31T11:47:28.609+0000] {logging_mixin.py:190} INFO - [2024-10-31T11:47:28.608+0000] {dagbag.py:588} INFO - Filling up the DagBag from /home/airflow/.local/lib/python3.12/site-packages/airflow/example_dags/example_kubernetes_executor.py
[2024-10-31T11:47:28.618+0000] {processor.py:925} INFO - DAG(s) 'example_kubernetes_executor' retrieved from /home/airflow/.local/lib/python3.12/site-packages/airflow/example_dags/example_kubernetes_executor.py
[2024-10-31T11:47:28.644+0000] {logging_mixin.py:190} INFO - [2024-10-31T11:47:28.644+0000] {dag.py:3239} INFO - Sync 1 DAGs
[2024-10-31T11:47:28.655+0000] {logging_mixin.py:190} INFO - [2024-10-31T11:47:28.655+0000] {dag.py:4180} INFO - Setting next_dagrun for example_kubernetes_executor to None, run_after=None
[2024-10-31T11:47:28.671+0000] {processor.py:208} INFO - Processing /home/airflow/.local/lib/python3.12/site-packages/airflow/example_dags/example_kubernetes_executor.py took 0.068 seconds
[2024-10-31T11:47:58.855+0000] {processor.py:186} INFO - Started process (PID=294) to work on /home/airflow/.local/lib/python3.12/site-packages/airflow/example_dags/example_kubernetes_executor.py
[2024-10-31T11:47:58.856+0000] {processor.py:914} INFO - Processing file /home/airflow/.local/lib/python3.12/site-packages/airflow/example_dags/example_kubernetes_executor.py for tasks to queue
[2024-10-31T11:47:58.859+0000] {logging_mixin.py:190} INFO - [2024-10-31T11:47:58.859+0000] {dagbag.py:588} INFO - Filling up the DagBag from /home/airflow/.local/lib/python3.12/site-packages/airflow/example_dags/example_kubernetes_executor.py
[2024-10-31T11:47:58.870+0000] {processor.py:925} INFO - DAG(s) 'example_kubernetes_executor' retrieved from /home/airflow/.local/lib/python3.12/site-packages/airflow/example_dags/example_kubernetes_executor.py
[2024-10-31T11:47:58.894+0000] {logging_mixin.py:190} INFO - [2024-10-31T11:47:58.894+0000] {dag.py:3239} INFO - Sync 1 DAGs
[2024-10-31T11:47:58.902+0000] {logging_mixin.py:190} INFO - [2024-10-31T11:47:58.902+0000] {dag.py:4180} INFO - Setting next_dagrun for example_kubernetes_executor to None, run_after=None
[2024-10-31T11:47:58.914+0000] {processor.py:208} INFO - Processing /home/airflow/.local/lib/python3.12/site-packages/airflow/example_dags/example_kubernetes_executor.py took 0.063 seconds
[2024-10-31T11:48:29.817+0000] {processor.py:186} INFO - Started process (PID=358) to work on /home/airflow/.local/lib/python3.12/site-packages/airflow/example_dags/example_kubernetes_executor.py
[2024-10-31T11:48:29.818+0000] {processor.py:914} INFO - Processing file /home/airflow/.local/lib/python3.12/site-packages/airflow/example_dags/example_kubernetes_executor.py for tasks to queue
[2024-10-31T11:48:29.819+0000] {logging_mixin.py:190} INFO - [2024-10-31T11:48:29.819+0000] {dagbag.py:588} INFO - Filling up the DagBag from /home/airflow/.local/lib/python3.12/site-packages/airflow/example_dags/example_kubernetes_executor.py
[2024-10-31T11:48:29.828+0000] {processor.py:925} INFO - DAG(s) 'example_kubernetes_executor' retrieved from /home/airflow/.local/lib/python3.12/site-packages/airflow/example_dags/example_kubernetes_executor.py
[2024-10-31T11:48:29.851+0000] {logging_mixin.py:190} INFO - [2024-10-31T11:48:29.851+0000] {dag.py:3239} INFO - Sync 1 DAGs
[2024-10-31T11:48:29.860+0000] {logging_mixin.py:190} INFO - [2024-10-31T11:48:29.860+0000] {dag.py:4180} INFO - Setting next_dagrun for example_kubernetes_executor to None, run_after=None
[2024-10-31T11:48:29.875+0000] {processor.py:208} INFO - Processing /home/airflow/.local/lib/python3.12/site-packages/airflow/example_dags/example_kubernetes_executor.py took 0.063 seconds
[2024-10-31T11:48:59.927+0000] {processor.py:186} INFO - Started process (PID=422) to work on /home/airflow/.local/lib/python3.12/site-packages/airflow/example_dags/example_kubernetes_executor.py
[2024-10-31T11:48:59.928+0000] {processor.py:914} INFO - Processing file /home/airflow/.local/lib/python3.12/site-packages/airflow/example_dags/example_kubernetes_executor.py for tasks to queue
[2024-10-31T11:48:59.930+0000] {logging_mixin.py:190} INFO - [2024-10-31T11:48:59.930+0000] {dagbag.py:588} INFO - Filling up the DagBag from /home/airflow/.local/lib/python3.12/site-packages/airflow/example_dags/example_kubernetes_executor.py
[2024-10-31T11:48:59.940+0000] {processor.py:925} INFO - DAG(s) 'example_kubernetes_executor' retrieved from /home/airflow/.local/lib/python3.12/site-packages/airflow/example_dags/example_kubernetes_executor.py
[2024-10-31T11:48:59.975+0000] {logging_mixin.py:190} INFO - [2024-10-31T11:48:59.974+0000] {dag.py:3239} INFO - Sync 1 DAGs
[2024-10-31T11:48:59.989+0000] {logging_mixin.py:190} INFO - [2024-10-31T11:48:59.989+0000] {dag.py:4180} INFO - Setting next_dagrun for example_kubernetes_executor to None, run_after=None
[2024-10-31T11:49:00.012+0000] {processor.py:208} INFO - Processing /home/airflow/.local/lib/python3.12/site-packages/airflow/example_dags/example_kubernetes_executor.py took 0.089 seconds
[2024-10-31T11:49:30.925+0000] {processor.py:186} INFO - Started process (PID=486) to work on /home/airflow/.local/lib/python3.12/site-packages/airflow/example_dags/example_kubernetes_executor.py
[2024-10-31T11:49:30.928+0000] {processor.py:914} INFO - Processing file /home/airflow/.local/lib/python3.12/site-packages/airflow/example_dags/example_kubernetes_executor.py for tasks to queue
[2024-10-31T11:49:30.930+0000] {logging_mixin.py:190} INFO - [2024-10-31T11:49:30.929+0000] {dagbag.py:588} INFO - Filling up the DagBag from /home/airflow/.local/lib/python3.12/site-packages/airflow/example_dags/example_kubernetes_executor.py
[2024-10-31T11:49:30.938+0000] {processor.py:925} INFO - DAG(s) 'example_kubernetes_executor' retrieved from /home/airflow/.local/lib/python3.12/site-packages/airflow/example_dags/example_kubernetes_executor.py
[2024-10-31T11:49:30.969+0000] {logging_mixin.py:190} INFO - [2024-10-31T11:49:30.969+0000] {dag.py:3239} INFO - Sync 1 DAGs
[2024-10-31T11:49:30.979+0000] {logging_mixin.py:190} INFO - [2024-10-31T11:49:30.978+0000] {dag.py:4180} INFO - Setting next_dagrun for example_kubernetes_executor to None, run_after=None
[2024-10-31T11:49:30.993+0000] {processor.py:208} INFO - Processing /home/airflow/.local/lib/python3.12/site-packages/airflow/example_dags/example_kubernetes_executor.py took 0.073 seconds
[2024-10-31T11:50:01.858+0000] {processor.py:186} INFO - Started process (PID=550) to work on /home/airflow/.local/lib/python3.12/site-packages/airflow/example_dags/example_kubernetes_executor.py
[2024-10-31T11:50:01.859+0000] {processor.py:914} INFO - Processing file /home/airflow/.local/lib/python3.12/site-packages/airflow/example_dags/example_kubernetes_executor.py for tasks to queue
[2024-10-31T11:50:01.860+0000] {logging_mixin.py:190} INFO - [2024-10-31T11:50:01.860+0000] {dagbag.py:588} INFO - Filling up the DagBag from /home/airflow/.local/lib/python3.12/site-packages/airflow/example_dags/example_kubernetes_executor.py
[2024-10-31T11:50:01.869+0000] {processor.py:925} INFO - DAG(s) 'example_kubernetes_executor' retrieved from /home/airflow/.local/lib/python3.12/site-packages/airflow/example_dags/example_kubernetes_executor.py
[2024-10-31T11:50:01.893+0000] {logging_mixin.py:190} INFO - [2024-10-31T11:50:01.892+0000] {dag.py:3239} INFO - Sync 1 DAGs
[2024-10-31T11:50:01.901+0000] {logging_mixin.py:190} INFO - [2024-10-31T11:50:01.901+0000] {dag.py:4180} INFO - Setting next_dagrun for example_kubernetes_executor to None, run_after=None
[2024-10-31T11:50:01.910+0000] {processor.py:208} INFO - Processing /home/airflow/.local/lib/python3.12/site-packages/airflow/example_dags/example_kubernetes_executor.py took 0.056 seconds
[2024-10-31T11:50:33.341+0000] {processor.py:186} INFO - Started process (PID=614) to work on /home/airflow/.local/lib/python3.12/site-packages/airflow/example_dags/example_kubernetes_executor.py
[2024-10-31T11:50:33.344+0000] {processor.py:914} INFO - Processing file /home/airflow/.local/lib/python3.12/site-packages/airflow/example_dags/example_kubernetes_executor.py for tasks to queue
[2024-10-31T11:50:33.346+0000] {logging_mixin.py:190} INFO - [2024-10-31T11:50:33.346+0000] {dagbag.py:588} INFO - Filling up the DagBag from /home/airflow/.local/lib/python3.12/site-packages/airflow/example_dags/example_kubernetes_executor.py
[2024-10-31T11:50:33.356+0000] {processor.py:925} INFO - DAG(s) 'example_kubernetes_executor' retrieved from /home/airflow/.local/lib/python3.12/site-packages/airflow/example_dags/example_kubernetes_executor.py
[2024-10-31T11:50:33.380+0000] {logging_mixin.py:190} INFO - [2024-10-31T11:50:33.380+0000] {dag.py:3239} INFO - Sync 1 DAGs
[2024-10-31T11:50:33.389+0000] {logging_mixin.py:190} INFO - [2024-10-31T11:50:33.389+0000] {dag.py:4180} INFO - Setting next_dagrun for example_kubernetes_executor to None, run_after=None
[2024-10-31T11:50:33.399+0000] {processor.py:208} INFO - Processing /home/airflow/.local/lib/python3.12/site-packages/airflow/example_dags/example_kubernetes_executor.py took 0.062 seconds
[2024-10-31T11:51:04.104+0000] {processor.py:186} INFO - Started process (PID=677) to work on /home/airflow/.local/lib/python3.12/site-packages/airflow/example_dags/example_kubernetes_executor.py
[2024-10-31T11:51:04.105+0000] {processor.py:914} INFO - Processing file /home/airflow/.local/lib/python3.12/site-packages/airflow/example_dags/example_kubernetes_executor.py for tasks to queue
[2024-10-31T11:51:04.106+0000] {logging_mixin.py:190} INFO - [2024-10-31T11:51:04.106+0000] {dagbag.py:588} INFO - Filling up the DagBag from /home/airflow/.local/lib/python3.12/site-packages/airflow/example_dags/example_kubernetes_executor.py
[2024-10-31T11:51:04.115+0000] {processor.py:925} INFO - DAG(s) 'example_kubernetes_executor' retrieved from /home/airflow/.local/lib/python3.12/site-packages/airflow/example_dags/example_kubernetes_executor.py
[2024-10-31T11:51:04.140+0000] {logging_mixin.py:190} INFO - [2024-10-31T11:51:04.140+0000] {dag.py:3239} INFO - Sync 1 DAGs
[2024-10-31T11:51:04.150+0000] {logging_mixin.py:190} INFO - [2024-10-31T11:51:04.150+0000] {dag.py:4180} INFO - Setting next_dagrun for example_kubernetes_executor to None, run_after=None
[2024-10-31T11:51:04.164+0000] {processor.py:208} INFO - Processing /home/airflow/.local/lib/python3.12/site-packages/airflow/example_dags/example_kubernetes_executor.py took 0.064 seconds
[2024-10-31T11:51:35.512+0000] {processor.py:186} INFO - Started process (PID=741) to work on /home/airflow/.local/lib/python3.12/site-packages/airflow/example_dags/example_kubernetes_executor.py
[2024-10-31T11:51:35.513+0000] {processor.py:914} INFO - Processing file /home/airflow/.local/lib/python3.12/site-packages/airflow/example_dags/example_kubernetes_executor.py for tasks to queue
[2024-10-31T11:51:35.514+0000] {logging_mixin.py:190} INFO - [2024-10-31T11:51:35.514+0000] {dagbag.py:588} INFO - Filling up the DagBag from /home/airflow/.local/lib/python3.12/site-packages/airflow/example_dags/example_kubernetes_executor.py
[2024-10-31T11:51:35.523+0000] {processor.py:925} INFO - DAG(s) 'example_kubernetes_executor' retrieved from /home/airflow/.local/lib/python3.12/site-packages/airflow/example_dags/example_kubernetes_executor.py
[2024-10-31T11:51:35.546+0000] {logging_mixin.py:190} INFO - [2024-10-31T11:51:35.546+0000] {dag.py:3239} INFO - Sync 1 DAGs
[2024-10-31T11:51:35.555+0000] {logging_mixin.py:190} INFO - [2024-10-31T11:51:35.555+0000] {dag.py:4180} INFO - Setting next_dagrun for example_kubernetes_executor to None, run_after=None
[2024-10-31T11:51:35.564+0000] {processor.py:208} INFO - Processing /home/airflow/.local/lib/python3.12/site-packages/airflow/example_dags/example_kubernetes_executor.py took 0.057 seconds
[2024-10-31T11:52:06.453+0000] {processor.py:186} INFO - Started process (PID=805) to work on /home/airflow/.local/lib/python3.12/site-packages/airflow/example_dags/example_kubernetes_executor.py
[2024-10-31T11:52:06.454+0000] {processor.py:914} INFO - Processing file /home/airflow/.local/lib/python3.12/site-packages/airflow/example_dags/example_kubernetes_executor.py for tasks to queue
[2024-10-31T11:52:06.456+0000] {logging_mixin.py:190} INFO - [2024-10-31T11:52:06.456+0000] {dagbag.py:588} INFO - Filling up the DagBag from /home/airflow/.local/lib/python3.12/site-packages/airflow/example_dags/example_kubernetes_executor.py
[2024-10-31T11:52:06.464+0000] {processor.py:925} INFO - DAG(s) 'example_kubernetes_executor' retrieved from /home/airflow/.local/lib/python3.12/site-packages/airflow/example_dags/example_kubernetes_executor.py
[2024-10-31T11:52:06.487+0000] {logging_mixin.py:190} INFO - [2024-10-31T11:52:06.487+0000] {dag.py:3239} INFO - Sync 1 DAGs
[2024-10-31T11:52:06.495+0000] {logging_mixin.py:190} INFO - [2024-10-31T11:52:06.495+0000] {dag.py:4180} INFO - Setting next_dagrun for example_kubernetes_executor to None, run_after=None
[2024-10-31T11:52:06.504+0000] {processor.py:208} INFO - Processing /home/airflow/.local/lib/python3.12/site-packages/airflow/example_dags/example_kubernetes_executor.py took 0.055 seconds
[2024-10-31T11:52:48.307+0000] {processor.py:186} INFO - Started process (PID=94) to work on /home/airflow/.local/lib/python3.12/site-packages/airflow/example_dags/example_kubernetes_executor.py
[2024-10-31T11:52:48.308+0000] {processor.py:914} INFO - Processing file /home/airflow/.local/lib/python3.12/site-packages/airflow/example_dags/example_kubernetes_executor.py for tasks to queue
[2024-10-31T11:52:48.310+0000] {logging_mixin.py:190} INFO - [2024-10-31T11:52:48.310+0000] {dagbag.py:588} INFO - Filling up the DagBag from /home/airflow/.local/lib/python3.12/site-packages/airflow/example_dags/example_kubernetes_executor.py
[2024-10-31T11:52:48.319+0000] {processor.py:925} INFO - DAG(s) 'example_kubernetes_executor' retrieved from /home/airflow/.local/lib/python3.12/site-packages/airflow/example_dags/example_kubernetes_executor.py
[2024-10-31T11:52:48.349+0000] {logging_mixin.py:190} INFO - [2024-10-31T11:52:48.349+0000] {dag.py:3239} INFO - Sync 1 DAGs
[2024-10-31T11:52:48.358+0000] {logging_mixin.py:190} INFO - [2024-10-31T11:52:48.357+0000] {dag.py:4180} INFO - Setting next_dagrun for example_kubernetes_executor to None, run_after=None
[2024-10-31T11:52:48.372+0000] {processor.py:208} INFO - Processing /home/airflow/.local/lib/python3.12/site-packages/airflow/example_dags/example_kubernetes_executor.py took 0.069 seconds
[2024-10-31T11:53:19.762+0000] {processor.py:186} INFO - Started process (PID=158) to work on /home/airflow/.local/lib/python3.12/site-packages/airflow/example_dags/example_kubernetes_executor.py
[2024-10-31T11:53:19.763+0000] {processor.py:914} INFO - Processing file /home/airflow/.local/lib/python3.12/site-packages/airflow/example_dags/example_kubernetes_executor.py for tasks to queue
[2024-10-31T11:53:19.764+0000] {logging_mixin.py:190} INFO - [2024-10-31T11:53:19.764+0000] {dagbag.py:588} INFO - Filling up the DagBag from /home/airflow/.local/lib/python3.12/site-packages/airflow/example_dags/example_kubernetes_executor.py
[2024-10-31T11:53:19.774+0000] {processor.py:925} INFO - DAG(s) 'example_kubernetes_executor' retrieved from /home/airflow/.local/lib/python3.12/site-packages/airflow/example_dags/example_kubernetes_executor.py
[2024-10-31T11:53:19.803+0000] {logging_mixin.py:190} INFO - [2024-10-31T11:53:19.803+0000] {dag.py:3239} INFO - Sync 1 DAGs
[2024-10-31T11:53:19.816+0000] {logging_mixin.py:190} INFO - [2024-10-31T11:53:19.815+0000] {dag.py:4180} INFO - Setting next_dagrun for example_kubernetes_executor to None, run_after=None
[2024-10-31T11:53:19.832+0000] {processor.py:208} INFO - Processing /home/airflow/.local/lib/python3.12/site-packages/airflow/example_dags/example_kubernetes_executor.py took 0.074 seconds
[2024-10-31T11:53:49.864+0000] {processor.py:186} INFO - Started process (PID=222) to work on /home/airflow/.local/lib/python3.12/site-packages/airflow/example_dags/example_kubernetes_executor.py
[2024-10-31T11:53:49.865+0000] {processor.py:914} INFO - Processing file /home/airflow/.local/lib/python3.12/site-packages/airflow/example_dags/example_kubernetes_executor.py for tasks to queue
[2024-10-31T11:53:49.867+0000] {logging_mixin.py:190} INFO - [2024-10-31T11:53:49.867+0000] {dagbag.py:588} INFO - Filling up the DagBag from /home/airflow/.local/lib/python3.12/site-packages/airflow/example_dags/example_kubernetes_executor.py
[2024-10-31T11:53:49.876+0000] {processor.py:925} INFO - DAG(s) 'example_kubernetes_executor' retrieved from /home/airflow/.local/lib/python3.12/site-packages/airflow/example_dags/example_kubernetes_executor.py
[2024-10-31T11:53:49.903+0000] {logging_mixin.py:190} INFO - [2024-10-31T11:53:49.903+0000] {dag.py:3239} INFO - Sync 1 DAGs
[2024-10-31T11:53:49.912+0000] {logging_mixin.py:190} INFO - [2024-10-31T11:53:49.912+0000] {dag.py:4180} INFO - Setting next_dagrun for example_kubernetes_executor to None, run_after=None
[2024-10-31T11:53:49.926+0000] {processor.py:208} INFO - Processing /home/airflow/.local/lib/python3.12/site-packages/airflow/example_dags/example_kubernetes_executor.py took 0.065 seconds
[2024-10-31T11:54:20.214+0000] {processor.py:186} INFO - Started process (PID=286) to work on /home/airflow/.local/lib/python3.12/site-packages/airflow/example_dags/example_kubernetes_executor.py
[2024-10-31T11:54:20.215+0000] {processor.py:914} INFO - Processing file /home/airflow/.local/lib/python3.12/site-packages/airflow/example_dags/example_kubernetes_executor.py for tasks to queue
[2024-10-31T11:54:20.218+0000] {logging_mixin.py:190} INFO - [2024-10-31T11:54:20.218+0000] {dagbag.py:588} INFO - Filling up the DagBag from /home/airflow/.local/lib/python3.12/site-packages/airflow/example_dags/example_kubernetes_executor.py
[2024-10-31T11:54:20.230+0000] {processor.py:925} INFO - DAG(s) 'example_kubernetes_executor' retrieved from /home/airflow/.local/lib/python3.12/site-packages/airflow/example_dags/example_kubernetes_executor.py
[2024-10-31T11:54:20.257+0000] {logging_mixin.py:190} INFO - [2024-10-31T11:54:20.257+0000] {dag.py:3239} INFO - Sync 1 DAGs
[2024-10-31T11:54:20.276+0000] {logging_mixin.py:190} INFO - [2024-10-31T11:54:20.276+0000] {dag.py:4180} INFO - Setting next_dagrun for example_kubernetes_executor to None, run_after=None
[2024-10-31T11:54:20.290+0000] {processor.py:208} INFO - Processing /home/airflow/.local/lib/python3.12/site-packages/airflow/example_dags/example_kubernetes_executor.py took 0.079 seconds
[2024-10-31T11:54:50.514+0000] {processor.py:186} INFO - Started process (PID=349) to work on /home/airflow/.local/lib/python3.12/site-packages/airflow/example_dags/example_kubernetes_executor.py
[2024-10-31T11:54:50.515+0000] {processor.py:914} INFO - Processing file /home/airflow/.local/lib/python3.12/site-packages/airflow/example_dags/example_kubernetes_executor.py for tasks to queue
[2024-10-31T11:54:50.519+0000] {logging_mixin.py:190} INFO - [2024-10-31T11:54:50.518+0000] {dagbag.py:588} INFO - Filling up the DagBag from /home/airflow/.local/lib/python3.12/site-packages/airflow/example_dags/example_kubernetes_executor.py
[2024-10-31T11:54:50.529+0000] {processor.py:925} INFO - DAG(s) 'example_kubernetes_executor' retrieved from /home/airflow/.local/lib/python3.12/site-packages/airflow/example_dags/example_kubernetes_executor.py
[2024-10-31T11:54:50.552+0000] {logging_mixin.py:190} INFO - [2024-10-31T11:54:50.552+0000] {dag.py:3239} INFO - Sync 1 DAGs
[2024-10-31T11:54:50.562+0000] {logging_mixin.py:190} INFO - [2024-10-31T11:54:50.562+0000] {dag.py:4180} INFO - Setting next_dagrun for example_kubernetes_executor to None, run_after=None
[2024-10-31T11:54:50.581+0000] {processor.py:208} INFO - Processing /home/airflow/.local/lib/python3.12/site-packages/airflow/example_dags/example_kubernetes_executor.py took 0.070 seconds
[2024-10-31T11:55:20.907+0000] {processor.py:186} INFO - Started process (PID=413) to work on /home/airflow/.local/lib/python3.12/site-packages/airflow/example_dags/example_kubernetes_executor.py
[2024-10-31T11:55:20.908+0000] {processor.py:914} INFO - Processing file /home/airflow/.local/lib/python3.12/site-packages/airflow/example_dags/example_kubernetes_executor.py for tasks to queue
[2024-10-31T11:55:20.910+0000] {logging_mixin.py:190} INFO - [2024-10-31T11:55:20.910+0000] {dagbag.py:588} INFO - Filling up the DagBag from /home/airflow/.local/lib/python3.12/site-packages/airflow/example_dags/example_kubernetes_executor.py
[2024-10-31T11:55:20.919+0000] {processor.py:925} INFO - DAG(s) 'example_kubernetes_executor' retrieved from /home/airflow/.local/lib/python3.12/site-packages/airflow/example_dags/example_kubernetes_executor.py
[2024-10-31T11:55:20.943+0000] {logging_mixin.py:190} INFO - [2024-10-31T11:55:20.943+0000] {dag.py:3239} INFO - Sync 1 DAGs
[2024-10-31T11:55:20.953+0000] {logging_mixin.py:190} INFO - [2024-10-31T11:55:20.952+0000] {dag.py:4180} INFO - Setting next_dagrun for example_kubernetes_executor to None, run_after=None
[2024-10-31T11:55:20.967+0000] {processor.py:208} INFO - Processing /home/airflow/.local/lib/python3.12/site-packages/airflow/example_dags/example_kubernetes_executor.py took 0.065 seconds
[2024-10-31T11:55:51.038+0000] {processor.py:186} INFO - Started process (PID=477) to work on /home/airflow/.local/lib/python3.12/site-packages/airflow/example_dags/example_kubernetes_executor.py
[2024-10-31T11:55:51.038+0000] {processor.py:914} INFO - Processing file /home/airflow/.local/lib/python3.12/site-packages/airflow/example_dags/example_kubernetes_executor.py for tasks to queue
[2024-10-31T11:55:51.040+0000] {logging_mixin.py:190} INFO - [2024-10-31T11:55:51.040+0000] {dagbag.py:588} INFO - Filling up the DagBag from /home/airflow/.local/lib/python3.12/site-packages/airflow/example_dags/example_kubernetes_executor.py
[2024-10-31T11:55:51.048+0000] {processor.py:925} INFO - DAG(s) 'example_kubernetes_executor' retrieved from /home/airflow/.local/lib/python3.12/site-packages/airflow/example_dags/example_kubernetes_executor.py
[2024-10-31T11:55:51.070+0000] {logging_mixin.py:190} INFO - [2024-10-31T11:55:51.070+0000] {dag.py:3239} INFO - Sync 1 DAGs
[2024-10-31T11:55:51.079+0000] {logging_mixin.py:190} INFO - [2024-10-31T11:55:51.079+0000] {dag.py:4180} INFO - Setting next_dagrun for example_kubernetes_executor to None, run_after=None
[2024-10-31T11:55:51.091+0000] {processor.py:208} INFO - Processing /home/airflow/.local/lib/python3.12/site-packages/airflow/example_dags/example_kubernetes_executor.py took 0.057 seconds
[2024-10-31T11:56:21.441+0000] {processor.py:186} INFO - Started process (PID=541) to work on /home/airflow/.local/lib/python3.12/site-packages/airflow/example_dags/example_kubernetes_executor.py
[2024-10-31T11:56:21.442+0000] {processor.py:914} INFO - Processing file /home/airflow/.local/lib/python3.12/site-packages/airflow/example_dags/example_kubernetes_executor.py for tasks to queue
[2024-10-31T11:56:21.444+0000] {logging_mixin.py:190} INFO - [2024-10-31T11:56:21.444+0000] {dagbag.py:588} INFO - Filling up the DagBag from /home/airflow/.local/lib/python3.12/site-packages/airflow/example_dags/example_kubernetes_executor.py
[2024-10-31T11:56:21.454+0000] {processor.py:925} INFO - DAG(s) 'example_kubernetes_executor' retrieved from /home/airflow/.local/lib/python3.12/site-packages/airflow/example_dags/example_kubernetes_executor.py
[2024-10-31T11:56:21.494+0000] {logging_mixin.py:190} INFO - [2024-10-31T11:56:21.493+0000] {dag.py:3239} INFO - Sync 1 DAGs
[2024-10-31T11:56:21.504+0000] {logging_mixin.py:190} INFO - [2024-10-31T11:56:21.504+0000] {dag.py:4180} INFO - Setting next_dagrun for example_kubernetes_executor to None, run_after=None
[2024-10-31T11:56:21.522+0000] {processor.py:208} INFO - Processing /home/airflow/.local/lib/python3.12/site-packages/airflow/example_dags/example_kubernetes_executor.py took 0.086 seconds
[2024-10-31T11:56:51.633+0000] {processor.py:186} INFO - Started process (PID=605) to work on /home/airflow/.local/lib/python3.12/site-packages/airflow/example_dags/example_kubernetes_executor.py
[2024-10-31T11:56:51.634+0000] {processor.py:914} INFO - Processing file /home/airflow/.local/lib/python3.12/site-packages/airflow/example_dags/example_kubernetes_executor.py for tasks to queue
[2024-10-31T11:56:51.639+0000] {logging_mixin.py:190} INFO - [2024-10-31T11:56:51.639+0000] {dagbag.py:588} INFO - Filling up the DagBag from /home/airflow/.local/lib/python3.12/site-packages/airflow/example_dags/example_kubernetes_executor.py
[2024-10-31T11:56:51.654+0000] {processor.py:925} INFO - DAG(s) 'example_kubernetes_executor' retrieved from /home/airflow/.local/lib/python3.12/site-packages/airflow/example_dags/example_kubernetes_executor.py
[2024-10-31T11:56:51.681+0000] {logging_mixin.py:190} INFO - [2024-10-31T11:56:51.681+0000] {dag.py:3239} INFO - Sync 1 DAGs
[2024-10-31T11:56:51.689+0000] {logging_mixin.py:190} INFO - [2024-10-31T11:56:51.689+0000] {dag.py:4180} INFO - Setting next_dagrun for example_kubernetes_executor to None, run_after=None
[2024-10-31T11:56:51.701+0000] {processor.py:208} INFO - Processing /home/airflow/.local/lib/python3.12/site-packages/airflow/example_dags/example_kubernetes_executor.py took 0.072 seconds
[2024-10-31T11:57:21.880+0000] {processor.py:186} INFO - Started process (PID=669) to work on /home/airflow/.local/lib/python3.12/site-packages/airflow/example_dags/example_kubernetes_executor.py
[2024-10-31T11:57:21.881+0000] {processor.py:914} INFO - Processing file /home/airflow/.local/lib/python3.12/site-packages/airflow/example_dags/example_kubernetes_executor.py for tasks to queue
[2024-10-31T11:57:21.884+0000] {logging_mixin.py:190} INFO - [2024-10-31T11:57:21.884+0000] {dagbag.py:588} INFO - Filling up the DagBag from /home/airflow/.local/lib/python3.12/site-packages/airflow/example_dags/example_kubernetes_executor.py
[2024-10-31T11:57:21.895+0000] {processor.py:925} INFO - DAG(s) 'example_kubernetes_executor' retrieved from /home/airflow/.local/lib/python3.12/site-packages/airflow/example_dags/example_kubernetes_executor.py
[2024-10-31T11:57:21.926+0000] {logging_mixin.py:190} INFO - [2024-10-31T11:57:21.926+0000] {dag.py:3239} INFO - Sync 1 DAGs
[2024-10-31T11:57:21.936+0000] {logging_mixin.py:190} INFO - [2024-10-31T11:57:21.936+0000] {dag.py:4180} INFO - Setting next_dagrun for example_kubernetes_executor to None, run_after=None
[2024-10-31T11:57:21.959+0000] {processor.py:208} INFO - Processing /home/airflow/.local/lib/python3.12/site-packages/airflow/example_dags/example_kubernetes_executor.py took 0.082 seconds
[2024-10-31T11:57:52.277+0000] {processor.py:186} INFO - Started process (PID=731) to work on /home/airflow/.local/lib/python3.12/site-packages/airflow/example_dags/example_kubernetes_executor.py
[2024-10-31T11:57:52.278+0000] {processor.py:914} INFO - Processing file /home/airflow/.local/lib/python3.12/site-packages/airflow/example_dags/example_kubernetes_executor.py for tasks to queue
[2024-10-31T11:57:52.280+0000] {logging_mixin.py:190} INFO - [2024-10-31T11:57:52.280+0000] {dagbag.py:588} INFO - Filling up the DagBag from /home/airflow/.local/lib/python3.12/site-packages/airflow/example_dags/example_kubernetes_executor.py
[2024-10-31T11:57:52.291+0000] {processor.py:925} INFO - DAG(s) 'example_kubernetes_executor' retrieved from /home/airflow/.local/lib/python3.12/site-packages/airflow/example_dags/example_kubernetes_executor.py
[2024-10-31T11:57:52.318+0000] {logging_mixin.py:190} INFO - [2024-10-31T11:57:52.318+0000] {dag.py:3239} INFO - Sync 1 DAGs
[2024-10-31T11:57:52.327+0000] {logging_mixin.py:190} INFO - [2024-10-31T11:57:52.327+0000] {dag.py:4180} INFO - Setting next_dagrun for example_kubernetes_executor to None, run_after=None
[2024-10-31T11:57:52.338+0000] {processor.py:208} INFO - Processing /home/airflow/.local/lib/python3.12/site-packages/airflow/example_dags/example_kubernetes_executor.py took 0.064 seconds
[2024-10-31T11:58:22.484+0000] {processor.py:186} INFO - Started process (PID=795) to work on /home/airflow/.local/lib/python3.12/site-packages/airflow/example_dags/example_kubernetes_executor.py
[2024-10-31T11:58:22.485+0000] {processor.py:914} INFO - Processing file /home/airflow/.local/lib/python3.12/site-packages/airflow/example_dags/example_kubernetes_executor.py for tasks to queue
[2024-10-31T11:58:22.486+0000] {logging_mixin.py:190} INFO - [2024-10-31T11:58:22.486+0000] {dagbag.py:588} INFO - Filling up the DagBag from /home/airflow/.local/lib/python3.12/site-packages/airflow/example_dags/example_kubernetes_executor.py
[2024-10-31T11:58:22.497+0000] {processor.py:925} INFO - DAG(s) 'example_kubernetes_executor' retrieved from /home/airflow/.local/lib/python3.12/site-packages/airflow/example_dags/example_kubernetes_executor.py
[2024-10-31T11:58:22.523+0000] {logging_mixin.py:190} INFO - [2024-10-31T11:58:22.523+0000] {dag.py:3239} INFO - Sync 1 DAGs
[2024-10-31T11:58:22.535+0000] {logging_mixin.py:190} INFO - [2024-10-31T11:58:22.535+0000] {dag.py:4180} INFO - Setting next_dagrun for example_kubernetes_executor to None, run_after=None
[2024-10-31T11:58:22.548+0000] {processor.py:208} INFO - Processing /home/airflow/.local/lib/python3.12/site-packages/airflow/example_dags/example_kubernetes_executor.py took 0.068 seconds
[2024-10-31T11:58:53.847+0000] {processor.py:186} INFO - Started process (PID=859) to work on /home/airflow/.local/lib/python3.12/site-packages/airflow/example_dags/example_kubernetes_executor.py
[2024-10-31T11:58:53.850+0000] {processor.py:914} INFO - Processing file /home/airflow/.local/lib/python3.12/site-packages/airflow/example_dags/example_kubernetes_executor.py for tasks to queue
[2024-10-31T11:58:53.851+0000] {logging_mixin.py:190} INFO - [2024-10-31T11:58:53.851+0000] {dagbag.py:588} INFO - Filling up the DagBag from /home/airflow/.local/lib/python3.12/site-packages/airflow/example_dags/example_kubernetes_executor.py
[2024-10-31T11:58:53.861+0000] {processor.py:925} INFO - DAG(s) 'example_kubernetes_executor' retrieved from /home/airflow/.local/lib/python3.12/site-packages/airflow/example_dags/example_kubernetes_executor.py
[2024-10-31T11:58:53.890+0000] {logging_mixin.py:190} INFO - [2024-10-31T11:58:53.890+0000] {dag.py:3239} INFO - Sync 1 DAGs
[2024-10-31T11:58:53.901+0000] {logging_mixin.py:190} INFO - [2024-10-31T11:58:53.901+0000] {dag.py:4180} INFO - Setting next_dagrun for example_kubernetes_executor to None, run_after=None
[2024-10-31T11:58:53.923+0000] {processor.py:208} INFO - Processing /home/airflow/.local/lib/python3.12/site-packages/airflow/example_dags/example_kubernetes_executor.py took 0.080 seconds
[2024-10-31T11:59:24.287+0000] {processor.py:186} INFO - Started process (PID=924) to work on /home/airflow/.local/lib/python3.12/site-packages/airflow/example_dags/example_kubernetes_executor.py
[2024-10-31T11:59:24.288+0000] {processor.py:914} INFO - Processing file /home/airflow/.local/lib/python3.12/site-packages/airflow/example_dags/example_kubernetes_executor.py for tasks to queue
[2024-10-31T11:59:24.290+0000] {logging_mixin.py:190} INFO - [2024-10-31T11:59:24.289+0000] {dagbag.py:588} INFO - Filling up the DagBag from /home/airflow/.local/lib/python3.12/site-packages/airflow/example_dags/example_kubernetes_executor.py
[2024-10-31T11:59:24.298+0000] {processor.py:925} INFO - DAG(s) 'example_kubernetes_executor' retrieved from /home/airflow/.local/lib/python3.12/site-packages/airflow/example_dags/example_kubernetes_executor.py
[2024-10-31T11:59:24.321+0000] {logging_mixin.py:190} INFO - [2024-10-31T11:59:24.320+0000] {dag.py:3239} INFO - Sync 1 DAGs
[2024-10-31T11:59:24.330+0000] {logging_mixin.py:190} INFO - [2024-10-31T11:59:24.330+0000] {dag.py:4180} INFO - Setting next_dagrun for example_kubernetes_executor to None, run_after=None
[2024-10-31T11:59:24.341+0000] {processor.py:208} INFO - Processing /home/airflow/.local/lib/python3.12/site-packages/airflow/example_dags/example_kubernetes_executor.py took 0.058 seconds
[2024-10-31T11:59:54.848+0000] {processor.py:186} INFO - Started process (PID=988) to work on /home/airflow/.local/lib/python3.12/site-packages/airflow/example_dags/example_kubernetes_executor.py
[2024-10-31T11:59:54.849+0000] {processor.py:914} INFO - Processing file /home/airflow/.local/lib/python3.12/site-packages/airflow/example_dags/example_kubernetes_executor.py for tasks to queue
[2024-10-31T11:59:54.851+0000] {logging_mixin.py:190} INFO - [2024-10-31T11:59:54.851+0000] {dagbag.py:588} INFO - Filling up the DagBag from /home/airflow/.local/lib/python3.12/site-packages/airflow/example_dags/example_kubernetes_executor.py
[2024-10-31T11:59:54.861+0000] {processor.py:925} INFO - DAG(s) 'example_kubernetes_executor' retrieved from /home/airflow/.local/lib/python3.12/site-packages/airflow/example_dags/example_kubernetes_executor.py
[2024-10-31T11:59:54.885+0000] {logging_mixin.py:190} INFO - [2024-10-31T11:59:54.885+0000] {dag.py:3239} INFO - Sync 1 DAGs
[2024-10-31T11:59:54.894+0000] {logging_mixin.py:190} INFO - [2024-10-31T11:59:54.894+0000] {dag.py:4180} INFO - Setting next_dagrun for example_kubernetes_executor to None, run_after=None
[2024-10-31T11:59:54.907+0000] {processor.py:208} INFO - Processing /home/airflow/.local/lib/python3.12/site-packages/airflow/example_dags/example_kubernetes_executor.py took 0.063 seconds
[2024-10-31T12:00:25.290+0000] {processor.py:186} INFO - Started process (PID=1051) to work on /home/airflow/.local/lib/python3.12/site-packages/airflow/example_dags/example_kubernetes_executor.py
[2024-10-31T12:00:25.291+0000] {processor.py:914} INFO - Processing file /home/airflow/.local/lib/python3.12/site-packages/airflow/example_dags/example_kubernetes_executor.py for tasks to queue
[2024-10-31T12:00:25.293+0000] {logging_mixin.py:190} INFO - [2024-10-31T12:00:25.293+0000] {dagbag.py:588} INFO - Filling up the DagBag from /home/airflow/.local/lib/python3.12/site-packages/airflow/example_dags/example_kubernetes_executor.py
[2024-10-31T12:00:25.301+0000] {processor.py:925} INFO - DAG(s) 'example_kubernetes_executor' retrieved from /home/airflow/.local/lib/python3.12/site-packages/airflow/example_dags/example_kubernetes_executor.py
[2024-10-31T12:00:25.327+0000] {logging_mixin.py:190} INFO - [2024-10-31T12:00:25.327+0000] {dag.py:3239} INFO - Sync 1 DAGs
[2024-10-31T12:00:25.336+0000] {logging_mixin.py:190} INFO - [2024-10-31T12:00:25.336+0000] {dag.py:4180} INFO - Setting next_dagrun for example_kubernetes_executor to None, run_after=None
[2024-10-31T12:00:25.349+0000] {processor.py:208} INFO - Processing /home/airflow/.local/lib/python3.12/site-packages/airflow/example_dags/example_kubernetes_executor.py took 0.063 seconds
[2024-10-31T12:42:20.406+0000] {processor.py:186} INFO - Started process (PID=102) to work on /home/airflow/.local/lib/python3.12/site-packages/airflow/example_dags/example_kubernetes_executor.py
[2024-10-31T12:42:20.407+0000] {processor.py:914} INFO - Processing file /home/airflow/.local/lib/python3.12/site-packages/airflow/example_dags/example_kubernetes_executor.py for tasks to queue
[2024-10-31T12:42:20.409+0000] {logging_mixin.py:190} INFO - [2024-10-31T12:42:20.409+0000] {dagbag.py:588} INFO - Filling up the DagBag from /home/airflow/.local/lib/python3.12/site-packages/airflow/example_dags/example_kubernetes_executor.py
[2024-10-31T12:42:20.421+0000] {processor.py:925} INFO - DAG(s) 'example_kubernetes_executor' retrieved from /home/airflow/.local/lib/python3.12/site-packages/airflow/example_dags/example_kubernetes_executor.py
[2024-10-31T12:42:20.496+0000] {logging_mixin.py:190} INFO - [2024-10-31T12:42:20.496+0000] {override.py:1900} INFO - Created Permission View: can read on DAG:example_kubernetes_executor
[2024-10-31T12:42:20.504+0000] {logging_mixin.py:190} INFO - [2024-10-31T12:42:20.504+0000] {override.py:1900} INFO - Created Permission View: can delete on DAG:example_kubernetes_executor
[2024-10-31T12:42:20.507+0000] {logging_mixin.py:190} INFO - [2024-10-31T12:42:20.507+0000] {override.py:1900} INFO - Created Permission View: can edit on DAG:example_kubernetes_executor
[2024-10-31T12:42:20.512+0000] {logging_mixin.py:190} INFO - [2024-10-31T12:42:20.512+0000] {override.py:1900} INFO - Created Permission View: menu access on DAG Run:example_kubernetes_executor
[2024-10-31T12:42:20.517+0000] {logging_mixin.py:190} INFO - [2024-10-31T12:42:20.517+0000] {override.py:1900} INFO - Created Permission View: can read on DAG Run:example_kubernetes_executor
[2024-10-31T12:42:20.528+0000] {logging_mixin.py:190} INFO - [2024-10-31T12:42:20.528+0000] {override.py:1900} INFO - Created Permission View: can delete on DAG Run:example_kubernetes_executor
[2024-10-31T12:42:20.537+0000] {logging_mixin.py:190} INFO - [2024-10-31T12:42:20.537+0000] {override.py:1900} INFO - Created Permission View: can create on DAG Run:example_kubernetes_executor
[2024-10-31T12:42:20.537+0000] {logging_mixin.py:190} INFO - [2024-10-31T12:42:20.537+0000] {dag.py:3239} INFO - Sync 1 DAGs
[2024-10-31T12:42:20.544+0000] {logging_mixin.py:190} INFO - [2024-10-31T12:42:20.544+0000] {dag.py:3262} INFO - Creating ORM DAG for example_kubernetes_executor
[2024-10-31T12:42:20.547+0000] {logging_mixin.py:190} INFO - [2024-10-31T12:42:20.546+0000] {dag.py:4180} INFO - Setting next_dagrun for example_kubernetes_executor to None, run_after=None
[2024-10-31T12:42:20.564+0000] {processor.py:208} INFO - Processing /home/airflow/.local/lib/python3.12/site-packages/airflow/example_dags/example_kubernetes_executor.py took 0.162 seconds
