[2024-10-31T11:46:26.471+0000] {processor.py:186} INFO - Started process (PID=94) to work on /home/airflow/.local/lib/python3.12/site-packages/airflow/example_dags/example_branch_python_dop_operator_3.py
[2024-10-31T11:46:26.472+0000] {processor.py:914} INFO - Processing file /home/airflow/.local/lib/python3.12/site-packages/airflow/example_dags/example_branch_python_dop_operator_3.py for tasks to queue
[2024-10-31T11:46:26.473+0000] {logging_mixin.py:190} INFO - [2024-10-31T11:46:26.473+0000] {dagbag.py:588} INFO - Filling up the DagBag from /home/airflow/.local/lib/python3.12/site-packages/airflow/example_dags/example_branch_python_dop_operator_3.py
[2024-10-31T11:46:26.480+0000] {processor.py:925} INFO - DAG(s) 'example_branch_dop_operator_v3' retrieved from /home/airflow/.local/lib/python3.12/site-packages/airflow/example_dags/example_branch_python_dop_operator_3.py
[2024-10-31T11:46:26.557+0000] {logging_mixin.py:190} INFO - [2024-10-31T11:46:26.557+0000] {override.py:1900} INFO - Created Permission View: can delete on DAG:example_branch_dop_operator_v3
[2024-10-31T11:46:26.562+0000] {logging_mixin.py:190} INFO - [2024-10-31T11:46:26.562+0000] {override.py:1900} INFO - Created Permission View: can read on DAG:example_branch_dop_operator_v3
[2024-10-31T11:46:26.569+0000] {logging_mixin.py:190} INFO - [2024-10-31T11:46:26.569+0000] {override.py:1900} INFO - Created Permission View: can edit on DAG:example_branch_dop_operator_v3
[2024-10-31T11:46:26.572+0000] {logging_mixin.py:190} INFO - [2024-10-31T11:46:26.572+0000] {override.py:1900} INFO - Created Permission View: can delete on DAG Run:example_branch_dop_operator_v3
[2024-10-31T11:46:26.576+0000] {logging_mixin.py:190} INFO - [2024-10-31T11:46:26.575+0000] {override.py:1900} INFO - Created Permission View: can read on DAG Run:example_branch_dop_operator_v3
[2024-10-31T11:46:26.579+0000] {logging_mixin.py:190} INFO - [2024-10-31T11:46:26.578+0000] {override.py:1900} INFO - Created Permission View: can create on DAG Run:example_branch_dop_operator_v3
[2024-10-31T11:46:26.581+0000] {logging_mixin.py:190} INFO - [2024-10-31T11:46:26.581+0000] {override.py:1900} INFO - Created Permission View: menu access on DAG Run:example_branch_dop_operator_v3
[2024-10-31T11:46:26.581+0000] {logging_mixin.py:190} INFO - [2024-10-31T11:46:26.581+0000] {dag.py:3239} INFO - Sync 1 DAGs
[2024-10-31T11:46:26.592+0000] {logging_mixin.py:190} INFO - [2024-10-31T11:46:26.591+0000] {dag.py:3262} INFO - Creating ORM DAG for example_branch_dop_operator_v3
[2024-10-31T11:46:26.602+0000] {logging_mixin.py:190} INFO - [2024-10-31T11:46:26.602+0000] {dag.py:4180} INFO - Setting next_dagrun for example_branch_dop_operator_v3 to 2024-10-31 11:45:00+00:00, run_after=2024-10-31 11:46:00+00:00
[2024-10-31T11:46:26.626+0000] {processor.py:208} INFO - Processing /home/airflow/.local/lib/python3.12/site-packages/airflow/example_dags/example_branch_python_dop_operator_3.py took 0.159 seconds
[2024-10-31T11:46:56.804+0000] {processor.py:186} INFO - Started process (PID=158) to work on /home/airflow/.local/lib/python3.12/site-packages/airflow/example_dags/example_branch_python_dop_operator_3.py
[2024-10-31T11:46:56.805+0000] {processor.py:914} INFO - Processing file /home/airflow/.local/lib/python3.12/site-packages/airflow/example_dags/example_branch_python_dop_operator_3.py for tasks to queue
[2024-10-31T11:46:56.808+0000] {logging_mixin.py:190} INFO - [2024-10-31T11:46:56.808+0000] {dagbag.py:588} INFO - Filling up the DagBag from /home/airflow/.local/lib/python3.12/site-packages/airflow/example_dags/example_branch_python_dop_operator_3.py
[2024-10-31T11:46:56.815+0000] {processor.py:925} INFO - DAG(s) 'example_branch_dop_operator_v3' retrieved from /home/airflow/.local/lib/python3.12/site-packages/airflow/example_dags/example_branch_python_dop_operator_3.py
[2024-10-31T11:46:56.832+0000] {logging_mixin.py:190} INFO - [2024-10-31T11:46:56.832+0000] {dag.py:3239} INFO - Sync 1 DAGs
[2024-10-31T11:46:56.850+0000] {logging_mixin.py:190} INFO - [2024-10-31T11:46:56.850+0000] {dag.py:4180} INFO - Setting next_dagrun for example_branch_dop_operator_v3 to 2024-10-31 11:45:00+00:00, run_after=2024-10-31 11:46:00+00:00
[2024-10-31T11:46:56.861+0000] {processor.py:208} INFO - Processing /home/airflow/.local/lib/python3.12/site-packages/airflow/example_dags/example_branch_python_dop_operator_3.py took 0.061 seconds
[2024-10-31T11:47:27.162+0000] {processor.py:186} INFO - Started process (PID=222) to work on /home/airflow/.local/lib/python3.12/site-packages/airflow/example_dags/example_branch_python_dop_operator_3.py
[2024-10-31T11:47:27.163+0000] {processor.py:914} INFO - Processing file /home/airflow/.local/lib/python3.12/site-packages/airflow/example_dags/example_branch_python_dop_operator_3.py for tasks to queue
[2024-10-31T11:47:27.170+0000] {logging_mixin.py:190} INFO - [2024-10-31T11:47:27.169+0000] {dagbag.py:588} INFO - Filling up the DagBag from /home/airflow/.local/lib/python3.12/site-packages/airflow/example_dags/example_branch_python_dop_operator_3.py
[2024-10-31T11:47:27.179+0000] {processor.py:925} INFO - DAG(s) 'example_branch_dop_operator_v3' retrieved from /home/airflow/.local/lib/python3.12/site-packages/airflow/example_dags/example_branch_python_dop_operator_3.py
[2024-10-31T11:47:27.194+0000] {logging_mixin.py:190} INFO - [2024-10-31T11:47:27.194+0000] {dag.py:3239} INFO - Sync 1 DAGs
[2024-10-31T11:47:27.215+0000] {logging_mixin.py:190} INFO - [2024-10-31T11:47:27.215+0000] {dag.py:4180} INFO - Setting next_dagrun for example_branch_dop_operator_v3 to 2024-10-31 11:46:00+00:00, run_after=2024-10-31 11:47:00+00:00
[2024-10-31T11:47:27.228+0000] {processor.py:208} INFO - Processing /home/airflow/.local/lib/python3.12/site-packages/airflow/example_dags/example_branch_python_dop_operator_3.py took 0.071 seconds
[2024-10-31T11:47:57.513+0000] {processor.py:186} INFO - Started process (PID=286) to work on /home/airflow/.local/lib/python3.12/site-packages/airflow/example_dags/example_branch_python_dop_operator_3.py
[2024-10-31T11:47:57.514+0000] {processor.py:914} INFO - Processing file /home/airflow/.local/lib/python3.12/site-packages/airflow/example_dags/example_branch_python_dop_operator_3.py for tasks to queue
[2024-10-31T11:47:57.516+0000] {logging_mixin.py:190} INFO - [2024-10-31T11:47:57.516+0000] {dagbag.py:588} INFO - Filling up the DagBag from /home/airflow/.local/lib/python3.12/site-packages/airflow/example_dags/example_branch_python_dop_operator_3.py
[2024-10-31T11:47:57.524+0000] {processor.py:925} INFO - DAG(s) 'example_branch_dop_operator_v3' retrieved from /home/airflow/.local/lib/python3.12/site-packages/airflow/example_dags/example_branch_python_dop_operator_3.py
[2024-10-31T11:47:57.537+0000] {logging_mixin.py:190} INFO - [2024-10-31T11:47:57.537+0000] {dag.py:3239} INFO - Sync 1 DAGs
[2024-10-31T11:47:57.554+0000] {logging_mixin.py:190} INFO - [2024-10-31T11:47:57.554+0000] {dag.py:4180} INFO - Setting next_dagrun for example_branch_dop_operator_v3 to 2024-10-31 11:46:00+00:00, run_after=2024-10-31 11:47:00+00:00
[2024-10-31T11:47:57.569+0000] {processor.py:208} INFO - Processing /home/airflow/.local/lib/python3.12/site-packages/airflow/example_dags/example_branch_python_dop_operator_3.py took 0.062 seconds
[2024-10-31T11:48:28.427+0000] {processor.py:186} INFO - Started process (PID=350) to work on /home/airflow/.local/lib/python3.12/site-packages/airflow/example_dags/example_branch_python_dop_operator_3.py
[2024-10-31T11:48:28.428+0000] {processor.py:914} INFO - Processing file /home/airflow/.local/lib/python3.12/site-packages/airflow/example_dags/example_branch_python_dop_operator_3.py for tasks to queue
[2024-10-31T11:48:28.430+0000] {logging_mixin.py:190} INFO - [2024-10-31T11:48:28.430+0000] {dagbag.py:588} INFO - Filling up the DagBag from /home/airflow/.local/lib/python3.12/site-packages/airflow/example_dags/example_branch_python_dop_operator_3.py
[2024-10-31T11:48:28.437+0000] {processor.py:925} INFO - DAG(s) 'example_branch_dop_operator_v3' retrieved from /home/airflow/.local/lib/python3.12/site-packages/airflow/example_dags/example_branch_python_dop_operator_3.py
[2024-10-31T11:48:28.456+0000] {logging_mixin.py:190} INFO - [2024-10-31T11:48:28.456+0000] {dag.py:3239} INFO - Sync 1 DAGs
[2024-10-31T11:48:28.476+0000] {logging_mixin.py:190} INFO - [2024-10-31T11:48:28.476+0000] {dag.py:4180} INFO - Setting next_dagrun for example_branch_dop_operator_v3 to 2024-10-31 11:47:00+00:00, run_after=2024-10-31 11:48:00+00:00
[2024-10-31T11:48:28.489+0000] {processor.py:208} INFO - Processing /home/airflow/.local/lib/python3.12/site-packages/airflow/example_dags/example_branch_python_dop_operator_3.py took 0.066 seconds
[2024-10-31T11:48:59.518+0000] {processor.py:186} INFO - Started process (PID=414) to work on /home/airflow/.local/lib/python3.12/site-packages/airflow/example_dags/example_branch_python_dop_operator_3.py
[2024-10-31T11:48:59.522+0000] {processor.py:914} INFO - Processing file /home/airflow/.local/lib/python3.12/site-packages/airflow/example_dags/example_branch_python_dop_operator_3.py for tasks to queue
[2024-10-31T11:48:59.525+0000] {logging_mixin.py:190} INFO - [2024-10-31T11:48:59.525+0000] {dagbag.py:588} INFO - Filling up the DagBag from /home/airflow/.local/lib/python3.12/site-packages/airflow/example_dags/example_branch_python_dop_operator_3.py
[2024-10-31T11:48:59.532+0000] {processor.py:925} INFO - DAG(s) 'example_branch_dop_operator_v3' retrieved from /home/airflow/.local/lib/python3.12/site-packages/airflow/example_dags/example_branch_python_dop_operator_3.py
[2024-10-31T11:48:59.547+0000] {logging_mixin.py:190} INFO - [2024-10-31T11:48:59.546+0000] {dag.py:3239} INFO - Sync 1 DAGs
[2024-10-31T11:48:59.564+0000] {logging_mixin.py:190} INFO - [2024-10-31T11:48:59.564+0000] {dag.py:4180} INFO - Setting next_dagrun for example_branch_dop_operator_v3 to 2024-10-31 11:47:00+00:00, run_after=2024-10-31 11:48:00+00:00
[2024-10-31T11:48:59.576+0000] {processor.py:208} INFO - Processing /home/airflow/.local/lib/python3.12/site-packages/airflow/example_dags/example_branch_python_dop_operator_3.py took 0.062 seconds
[2024-10-31T11:49:30.550+0000] {processor.py:186} INFO - Started process (PID=478) to work on /home/airflow/.local/lib/python3.12/site-packages/airflow/example_dags/example_branch_python_dop_operator_3.py
[2024-10-31T11:49:30.552+0000] {processor.py:914} INFO - Processing file /home/airflow/.local/lib/python3.12/site-packages/airflow/example_dags/example_branch_python_dop_operator_3.py for tasks to queue
[2024-10-31T11:49:30.555+0000] {logging_mixin.py:190} INFO - [2024-10-31T11:49:30.555+0000] {dagbag.py:588} INFO - Filling up the DagBag from /home/airflow/.local/lib/python3.12/site-packages/airflow/example_dags/example_branch_python_dop_operator_3.py
[2024-10-31T11:49:30.563+0000] {processor.py:925} INFO - DAG(s) 'example_branch_dop_operator_v3' retrieved from /home/airflow/.local/lib/python3.12/site-packages/airflow/example_dags/example_branch_python_dop_operator_3.py
[2024-10-31T11:49:30.577+0000] {logging_mixin.py:190} INFO - [2024-10-31T11:49:30.577+0000] {dag.py:3239} INFO - Sync 1 DAGs
[2024-10-31T11:49:30.594+0000] {logging_mixin.py:190} INFO - [2024-10-31T11:49:30.594+0000] {dag.py:4180} INFO - Setting next_dagrun for example_branch_dop_operator_v3 to 2024-10-31 11:48:00+00:00, run_after=2024-10-31 11:49:00+00:00
[2024-10-31T11:49:30.607+0000] {processor.py:208} INFO - Processing /home/airflow/.local/lib/python3.12/site-packages/airflow/example_dags/example_branch_python_dop_operator_3.py took 0.062 seconds
[2024-10-31T11:50:01.478+0000] {processor.py:186} INFO - Started process (PID=542) to work on /home/airflow/.local/lib/python3.12/site-packages/airflow/example_dags/example_branch_python_dop_operator_3.py
[2024-10-31T11:50:01.480+0000] {processor.py:914} INFO - Processing file /home/airflow/.local/lib/python3.12/site-packages/airflow/example_dags/example_branch_python_dop_operator_3.py for tasks to queue
[2024-10-31T11:50:01.483+0000] {logging_mixin.py:190} INFO - [2024-10-31T11:50:01.483+0000] {dagbag.py:588} INFO - Filling up the DagBag from /home/airflow/.local/lib/python3.12/site-packages/airflow/example_dags/example_branch_python_dop_operator_3.py
[2024-10-31T11:50:01.491+0000] {processor.py:925} INFO - DAG(s) 'example_branch_dop_operator_v3' retrieved from /home/airflow/.local/lib/python3.12/site-packages/airflow/example_dags/example_branch_python_dop_operator_3.py
[2024-10-31T11:50:01.505+0000] {logging_mixin.py:190} INFO - [2024-10-31T11:50:01.505+0000] {dag.py:3239} INFO - Sync 1 DAGs
[2024-10-31T11:50:01.522+0000] {logging_mixin.py:190} INFO - [2024-10-31T11:50:01.522+0000] {dag.py:4180} INFO - Setting next_dagrun for example_branch_dop_operator_v3 to 2024-10-31 11:49:00+00:00, run_after=2024-10-31 11:50:00+00:00
[2024-10-31T11:50:01.532+0000] {processor.py:208} INFO - Processing /home/airflow/.local/lib/python3.12/site-packages/airflow/example_dags/example_branch_python_dop_operator_3.py took 0.058 seconds
[2024-10-31T11:50:32.911+0000] {processor.py:186} INFO - Started process (PID=606) to work on /home/airflow/.local/lib/python3.12/site-packages/airflow/example_dags/example_branch_python_dop_operator_3.py
[2024-10-31T11:50:32.912+0000] {processor.py:914} INFO - Processing file /home/airflow/.local/lib/python3.12/site-packages/airflow/example_dags/example_branch_python_dop_operator_3.py for tasks to queue
[2024-10-31T11:50:32.914+0000] {logging_mixin.py:190} INFO - [2024-10-31T11:50:32.914+0000] {dagbag.py:588} INFO - Filling up the DagBag from /home/airflow/.local/lib/python3.12/site-packages/airflow/example_dags/example_branch_python_dop_operator_3.py
[2024-10-31T11:50:32.921+0000] {processor.py:925} INFO - DAG(s) 'example_branch_dop_operator_v3' retrieved from /home/airflow/.local/lib/python3.12/site-packages/airflow/example_dags/example_branch_python_dop_operator_3.py
[2024-10-31T11:50:32.938+0000] {logging_mixin.py:190} INFO - [2024-10-31T11:50:32.938+0000] {dag.py:3239} INFO - Sync 1 DAGs
[2024-10-31T11:50:32.956+0000] {logging_mixin.py:190} INFO - [2024-10-31T11:50:32.956+0000] {dag.py:4180} INFO - Setting next_dagrun for example_branch_dop_operator_v3 to 2024-10-31 11:49:00+00:00, run_after=2024-10-31 11:50:00+00:00
[2024-10-31T11:50:32.967+0000] {processor.py:208} INFO - Processing /home/airflow/.local/lib/python3.12/site-packages/airflow/example_dags/example_branch_python_dop_operator_3.py took 0.060 seconds
[2024-10-31T11:51:03.752+0000] {processor.py:186} INFO - Started process (PID=669) to work on /home/airflow/.local/lib/python3.12/site-packages/airflow/example_dags/example_branch_python_dop_operator_3.py
[2024-10-31T11:51:03.754+0000] {processor.py:914} INFO - Processing file /home/airflow/.local/lib/python3.12/site-packages/airflow/example_dags/example_branch_python_dop_operator_3.py for tasks to queue
[2024-10-31T11:51:03.757+0000] {logging_mixin.py:190} INFO - [2024-10-31T11:51:03.757+0000] {dagbag.py:588} INFO - Filling up the DagBag from /home/airflow/.local/lib/python3.12/site-packages/airflow/example_dags/example_branch_python_dop_operator_3.py
[2024-10-31T11:51:03.766+0000] {processor.py:925} INFO - DAG(s) 'example_branch_dop_operator_v3' retrieved from /home/airflow/.local/lib/python3.12/site-packages/airflow/example_dags/example_branch_python_dop_operator_3.py
[2024-10-31T11:51:03.784+0000] {logging_mixin.py:190} INFO - [2024-10-31T11:51:03.784+0000] {dag.py:3239} INFO - Sync 1 DAGs
[2024-10-31T11:51:03.803+0000] {logging_mixin.py:190} INFO - [2024-10-31T11:51:03.803+0000] {dag.py:4180} INFO - Setting next_dagrun for example_branch_dop_operator_v3 to 2024-10-31 11:50:00+00:00, run_after=2024-10-31 11:51:00+00:00
[2024-10-31T11:51:03.816+0000] {processor.py:208} INFO - Processing /home/airflow/.local/lib/python3.12/site-packages/airflow/example_dags/example_branch_python_dop_operator_3.py took 0.068 seconds
[2024-10-31T11:51:35.076+0000] {processor.py:186} INFO - Started process (PID=733) to work on /home/airflow/.local/lib/python3.12/site-packages/airflow/example_dags/example_branch_python_dop_operator_3.py
[2024-10-31T11:51:35.077+0000] {processor.py:914} INFO - Processing file /home/airflow/.local/lib/python3.12/site-packages/airflow/example_dags/example_branch_python_dop_operator_3.py for tasks to queue
[2024-10-31T11:51:35.078+0000] {logging_mixin.py:190} INFO - [2024-10-31T11:51:35.078+0000] {dagbag.py:588} INFO - Filling up the DagBag from /home/airflow/.local/lib/python3.12/site-packages/airflow/example_dags/example_branch_python_dop_operator_3.py
[2024-10-31T11:51:35.085+0000] {processor.py:925} INFO - DAG(s) 'example_branch_dop_operator_v3' retrieved from /home/airflow/.local/lib/python3.12/site-packages/airflow/example_dags/example_branch_python_dop_operator_3.py
[2024-10-31T11:51:35.103+0000] {logging_mixin.py:190} INFO - [2024-10-31T11:51:35.102+0000] {dag.py:3239} INFO - Sync 1 DAGs
[2024-10-31T11:51:35.124+0000] {logging_mixin.py:190} INFO - [2024-10-31T11:51:35.124+0000] {dag.py:4180} INFO - Setting next_dagrun for example_branch_dop_operator_v3 to 2024-10-31 11:50:00+00:00, run_after=2024-10-31 11:51:00+00:00
[2024-10-31T11:51:35.137+0000] {processor.py:208} INFO - Processing /home/airflow/.local/lib/python3.12/site-packages/airflow/example_dags/example_branch_python_dop_operator_3.py took 0.065 seconds
[2024-10-31T11:52:06.071+0000] {processor.py:186} INFO - Started process (PID=797) to work on /home/airflow/.local/lib/python3.12/site-packages/airflow/example_dags/example_branch_python_dop_operator_3.py
[2024-10-31T11:52:06.075+0000] {processor.py:914} INFO - Processing file /home/airflow/.local/lib/python3.12/site-packages/airflow/example_dags/example_branch_python_dop_operator_3.py for tasks to queue
[2024-10-31T11:52:06.078+0000] {logging_mixin.py:190} INFO - [2024-10-31T11:52:06.078+0000] {dagbag.py:588} INFO - Filling up the DagBag from /home/airflow/.local/lib/python3.12/site-packages/airflow/example_dags/example_branch_python_dop_operator_3.py
[2024-10-31T11:52:06.087+0000] {processor.py:925} INFO - DAG(s) 'example_branch_dop_operator_v3' retrieved from /home/airflow/.local/lib/python3.12/site-packages/airflow/example_dags/example_branch_python_dop_operator_3.py
[2024-10-31T11:52:06.101+0000] {logging_mixin.py:190} INFO - [2024-10-31T11:52:06.100+0000] {dag.py:3239} INFO - Sync 1 DAGs
[2024-10-31T11:52:06.116+0000] {logging_mixin.py:190} INFO - [2024-10-31T11:52:06.116+0000] {dag.py:4180} INFO - Setting next_dagrun for example_branch_dop_operator_v3 to 2024-10-31 11:51:00+00:00, run_after=2024-10-31 11:52:00+00:00
[2024-10-31T11:52:06.127+0000] {processor.py:208} INFO - Processing /home/airflow/.local/lib/python3.12/site-packages/airflow/example_dags/example_branch_python_dop_operator_3.py took 0.060 seconds
[2024-10-31T11:52:47.824+0000] {processor.py:186} INFO - Started process (PID=80) to work on /home/airflow/.local/lib/python3.12/site-packages/airflow/example_dags/example_branch_python_dop_operator_3.py
[2024-10-31T11:52:47.825+0000] {processor.py:914} INFO - Processing file /home/airflow/.local/lib/python3.12/site-packages/airflow/example_dags/example_branch_python_dop_operator_3.py for tasks to queue
[2024-10-31T11:52:47.827+0000] {logging_mixin.py:190} INFO - [2024-10-31T11:52:47.827+0000] {dagbag.py:588} INFO - Filling up the DagBag from /home/airflow/.local/lib/python3.12/site-packages/airflow/example_dags/example_branch_python_dop_operator_3.py
[2024-10-31T11:52:47.833+0000] {processor.py:925} INFO - DAG(s) 'example_branch_dop_operator_v3' retrieved from /home/airflow/.local/lib/python3.12/site-packages/airflow/example_dags/example_branch_python_dop_operator_3.py
[2024-10-31T11:52:47.846+0000] {logging_mixin.py:190} INFO - [2024-10-31T11:52:47.846+0000] {dag.py:3239} INFO - Sync 1 DAGs
[2024-10-31T11:52:47.862+0000] {logging_mixin.py:190} INFO - [2024-10-31T11:52:47.862+0000] {dag.py:4180} INFO - Setting next_dagrun for example_branch_dop_operator_v3 to 2024-10-31 11:51:00+00:00, run_after=2024-10-31 11:52:00+00:00
[2024-10-31T11:52:47.873+0000] {processor.py:208} INFO - Processing /home/airflow/.local/lib/python3.12/site-packages/airflow/example_dags/example_branch_python_dop_operator_3.py took 0.052 seconds
[2024-10-31T11:53:19.149+0000] {processor.py:186} INFO - Started process (PID=150) to work on /home/airflow/.local/lib/python3.12/site-packages/airflow/example_dags/example_branch_python_dop_operator_3.py
[2024-10-31T11:53:19.150+0000] {processor.py:914} INFO - Processing file /home/airflow/.local/lib/python3.12/site-packages/airflow/example_dags/example_branch_python_dop_operator_3.py for tasks to queue
[2024-10-31T11:53:19.152+0000] {logging_mixin.py:190} INFO - [2024-10-31T11:53:19.152+0000] {dagbag.py:588} INFO - Filling up the DagBag from /home/airflow/.local/lib/python3.12/site-packages/airflow/example_dags/example_branch_python_dop_operator_3.py
[2024-10-31T11:53:19.161+0000] {processor.py:925} INFO - DAG(s) 'example_branch_dop_operator_v3' retrieved from /home/airflow/.local/lib/python3.12/site-packages/airflow/example_dags/example_branch_python_dop_operator_3.py
[2024-10-31T11:53:19.198+0000] {logging_mixin.py:190} INFO - [2024-10-31T11:53:19.197+0000] {dag.py:3239} INFO - Sync 1 DAGs
[2024-10-31T11:53:19.236+0000] {logging_mixin.py:190} INFO - [2024-10-31T11:53:19.236+0000] {dag.py:4180} INFO - Setting next_dagrun for example_branch_dop_operator_v3 to 2024-10-31 11:52:00+00:00, run_after=2024-10-31 11:53:00+00:00
[2024-10-31T11:53:19.264+0000] {processor.py:208} INFO - Processing /home/airflow/.local/lib/python3.12/site-packages/airflow/example_dags/example_branch_python_dop_operator_3.py took 0.119 seconds
[2024-10-31T11:53:49.532+0000] {processor.py:186} INFO - Started process (PID=214) to work on /home/airflow/.local/lib/python3.12/site-packages/airflow/example_dags/example_branch_python_dop_operator_3.py
[2024-10-31T11:53:49.534+0000] {processor.py:914} INFO - Processing file /home/airflow/.local/lib/python3.12/site-packages/airflow/example_dags/example_branch_python_dop_operator_3.py for tasks to queue
[2024-10-31T11:53:49.536+0000] {logging_mixin.py:190} INFO - [2024-10-31T11:53:49.536+0000] {dagbag.py:588} INFO - Filling up the DagBag from /home/airflow/.local/lib/python3.12/site-packages/airflow/example_dags/example_branch_python_dop_operator_3.py
[2024-10-31T11:53:49.543+0000] {processor.py:925} INFO - DAG(s) 'example_branch_dop_operator_v3' retrieved from /home/airflow/.local/lib/python3.12/site-packages/airflow/example_dags/example_branch_python_dop_operator_3.py
[2024-10-31T11:53:49.557+0000] {logging_mixin.py:190} INFO - [2024-10-31T11:53:49.557+0000] {dag.py:3239} INFO - Sync 1 DAGs
[2024-10-31T11:53:49.598+0000] {logging_mixin.py:190} INFO - [2024-10-31T11:53:49.598+0000] {dag.py:4180} INFO - Setting next_dagrun for example_branch_dop_operator_v3 to 2024-10-31 11:52:00+00:00, run_after=2024-10-31 11:53:00+00:00
[2024-10-31T11:53:49.615+0000] {processor.py:208} INFO - Processing /home/airflow/.local/lib/python3.12/site-packages/airflow/example_dags/example_branch_python_dop_operator_3.py took 0.086 seconds
[2024-10-31T11:54:19.860+0000] {processor.py:186} INFO - Started process (PID=278) to work on /home/airflow/.local/lib/python3.12/site-packages/airflow/example_dags/example_branch_python_dop_operator_3.py
[2024-10-31T11:54:19.860+0000] {processor.py:914} INFO - Processing file /home/airflow/.local/lib/python3.12/site-packages/airflow/example_dags/example_branch_python_dop_operator_3.py for tasks to queue
[2024-10-31T11:54:19.862+0000] {logging_mixin.py:190} INFO - [2024-10-31T11:54:19.862+0000] {dagbag.py:588} INFO - Filling up the DagBag from /home/airflow/.local/lib/python3.12/site-packages/airflow/example_dags/example_branch_python_dop_operator_3.py
[2024-10-31T11:54:19.869+0000] {processor.py:925} INFO - DAG(s) 'example_branch_dop_operator_v3' retrieved from /home/airflow/.local/lib/python3.12/site-packages/airflow/example_dags/example_branch_python_dop_operator_3.py
[2024-10-31T11:54:19.884+0000] {logging_mixin.py:190} INFO - [2024-10-31T11:54:19.884+0000] {dag.py:3239} INFO - Sync 1 DAGs
[2024-10-31T11:54:19.901+0000] {logging_mixin.py:190} INFO - [2024-10-31T11:54:19.900+0000] {dag.py:4180} INFO - Setting next_dagrun for example_branch_dop_operator_v3 to 2024-10-31 11:53:00+00:00, run_after=2024-10-31 11:54:00+00:00
[2024-10-31T11:54:19.915+0000] {processor.py:208} INFO - Processing /home/airflow/.local/lib/python3.12/site-packages/airflow/example_dags/example_branch_python_dop_operator_3.py took 0.060 seconds
[2024-10-31T11:54:50.123+0000] {processor.py:186} INFO - Started process (PID=341) to work on /home/airflow/.local/lib/python3.12/site-packages/airflow/example_dags/example_branch_python_dop_operator_3.py
[2024-10-31T11:54:50.124+0000] {processor.py:914} INFO - Processing file /home/airflow/.local/lib/python3.12/site-packages/airflow/example_dags/example_branch_python_dop_operator_3.py for tasks to queue
[2024-10-31T11:54:50.126+0000] {logging_mixin.py:190} INFO - [2024-10-31T11:54:50.125+0000] {dagbag.py:588} INFO - Filling up the DagBag from /home/airflow/.local/lib/python3.12/site-packages/airflow/example_dags/example_branch_python_dop_operator_3.py
[2024-10-31T11:54:50.133+0000] {processor.py:925} INFO - DAG(s) 'example_branch_dop_operator_v3' retrieved from /home/airflow/.local/lib/python3.12/site-packages/airflow/example_dags/example_branch_python_dop_operator_3.py
[2024-10-31T11:54:50.147+0000] {logging_mixin.py:190} INFO - [2024-10-31T11:54:50.146+0000] {dag.py:3239} INFO - Sync 1 DAGs
[2024-10-31T11:54:50.163+0000] {logging_mixin.py:190} INFO - [2024-10-31T11:54:50.163+0000] {dag.py:4180} INFO - Setting next_dagrun for example_branch_dop_operator_v3 to 2024-10-31 11:53:00+00:00, run_after=2024-10-31 11:54:00+00:00
[2024-10-31T11:54:50.175+0000] {processor.py:208} INFO - Processing /home/airflow/.local/lib/python3.12/site-packages/airflow/example_dags/example_branch_python_dop_operator_3.py took 0.056 seconds
[2024-10-31T11:55:20.342+0000] {processor.py:186} INFO - Started process (PID=404) to work on /home/airflow/.local/lib/python3.12/site-packages/airflow/example_dags/example_branch_python_dop_operator_3.py
[2024-10-31T11:55:20.344+0000] {processor.py:914} INFO - Processing file /home/airflow/.local/lib/python3.12/site-packages/airflow/example_dags/example_branch_python_dop_operator_3.py for tasks to queue
[2024-10-31T11:55:20.347+0000] {logging_mixin.py:190} INFO - [2024-10-31T11:55:20.347+0000] {dagbag.py:588} INFO - Filling up the DagBag from /home/airflow/.local/lib/python3.12/site-packages/airflow/example_dags/example_branch_python_dop_operator_3.py
[2024-10-31T11:55:20.355+0000] {processor.py:925} INFO - DAG(s) 'example_branch_dop_operator_v3' retrieved from /home/airflow/.local/lib/python3.12/site-packages/airflow/example_dags/example_branch_python_dop_operator_3.py
[2024-10-31T11:55:20.372+0000] {logging_mixin.py:190} INFO - [2024-10-31T11:55:20.372+0000] {dag.py:3239} INFO - Sync 1 DAGs
[2024-10-31T11:55:20.391+0000] {logging_mixin.py:190} INFO - [2024-10-31T11:55:20.391+0000] {dag.py:4180} INFO - Setting next_dagrun for example_branch_dop_operator_v3 to 2024-10-31 11:54:00+00:00, run_after=2024-10-31 11:55:00+00:00
[2024-10-31T11:55:20.407+0000] {processor.py:208} INFO - Processing /home/airflow/.local/lib/python3.12/site-packages/airflow/example_dags/example_branch_python_dop_operator_3.py took 0.070 seconds
[2024-10-31T11:55:50.554+0000] {processor.py:186} INFO - Started process (PID=468) to work on /home/airflow/.local/lib/python3.12/site-packages/airflow/example_dags/example_branch_python_dop_operator_3.py
[2024-10-31T11:55:50.555+0000] {processor.py:914} INFO - Processing file /home/airflow/.local/lib/python3.12/site-packages/airflow/example_dags/example_branch_python_dop_operator_3.py for tasks to queue
[2024-10-31T11:55:50.557+0000] {logging_mixin.py:190} INFO - [2024-10-31T11:55:50.557+0000] {dagbag.py:588} INFO - Filling up the DagBag from /home/airflow/.local/lib/python3.12/site-packages/airflow/example_dags/example_branch_python_dop_operator_3.py
[2024-10-31T11:55:50.563+0000] {processor.py:925} INFO - DAG(s) 'example_branch_dop_operator_v3' retrieved from /home/airflow/.local/lib/python3.12/site-packages/airflow/example_dags/example_branch_python_dop_operator_3.py
[2024-10-31T11:55:50.576+0000] {logging_mixin.py:190} INFO - [2024-10-31T11:55:50.576+0000] {dag.py:3239} INFO - Sync 1 DAGs
[2024-10-31T11:55:50.591+0000] {logging_mixin.py:190} INFO - [2024-10-31T11:55:50.591+0000] {dag.py:4180} INFO - Setting next_dagrun for example_branch_dop_operator_v3 to 2024-10-31 11:54:00+00:00, run_after=2024-10-31 11:55:00+00:00
[2024-10-31T11:55:50.601+0000] {processor.py:208} INFO - Processing /home/airflow/.local/lib/python3.12/site-packages/airflow/example_dags/example_branch_python_dop_operator_3.py took 0.050 seconds
[2024-10-31T11:56:20.998+0000] {processor.py:186} INFO - Started process (PID=533) to work on /home/airflow/.local/lib/python3.12/site-packages/airflow/example_dags/example_branch_python_dop_operator_3.py
[2024-10-31T11:56:20.999+0000] {processor.py:914} INFO - Processing file /home/airflow/.local/lib/python3.12/site-packages/airflow/example_dags/example_branch_python_dop_operator_3.py for tasks to queue
[2024-10-31T11:56:21.001+0000] {logging_mixin.py:190} INFO - [2024-10-31T11:56:21.001+0000] {dagbag.py:588} INFO - Filling up the DagBag from /home/airflow/.local/lib/python3.12/site-packages/airflow/example_dags/example_branch_python_dop_operator_3.py
[2024-10-31T11:56:21.008+0000] {processor.py:925} INFO - DAG(s) 'example_branch_dop_operator_v3' retrieved from /home/airflow/.local/lib/python3.12/site-packages/airflow/example_dags/example_branch_python_dop_operator_3.py
[2024-10-31T11:56:21.021+0000] {logging_mixin.py:190} INFO - [2024-10-31T11:56:21.021+0000] {dag.py:3239} INFO - Sync 1 DAGs
[2024-10-31T11:56:21.036+0000] {logging_mixin.py:190} INFO - [2024-10-31T11:56:21.036+0000] {dag.py:4180} INFO - Setting next_dagrun for example_branch_dop_operator_v3 to 2024-10-31 11:55:00+00:00, run_after=2024-10-31 11:56:00+00:00
[2024-10-31T11:56:21.051+0000] {processor.py:208} INFO - Processing /home/airflow/.local/lib/python3.12/site-packages/airflow/example_dags/example_branch_python_dop_operator_3.py took 0.057 seconds
[2024-10-31T11:56:51.229+0000] {processor.py:186} INFO - Started process (PID=597) to work on /home/airflow/.local/lib/python3.12/site-packages/airflow/example_dags/example_branch_python_dop_operator_3.py
[2024-10-31T11:56:51.233+0000] {processor.py:914} INFO - Processing file /home/airflow/.local/lib/python3.12/site-packages/airflow/example_dags/example_branch_python_dop_operator_3.py for tasks to queue
[2024-10-31T11:56:51.236+0000] {logging_mixin.py:190} INFO - [2024-10-31T11:56:51.236+0000] {dagbag.py:588} INFO - Filling up the DagBag from /home/airflow/.local/lib/python3.12/site-packages/airflow/example_dags/example_branch_python_dop_operator_3.py
[2024-10-31T11:56:51.246+0000] {processor.py:925} INFO - DAG(s) 'example_branch_dop_operator_v3' retrieved from /home/airflow/.local/lib/python3.12/site-packages/airflow/example_dags/example_branch_python_dop_operator_3.py
[2024-10-31T11:56:51.267+0000] {logging_mixin.py:190} INFO - [2024-10-31T11:56:51.266+0000] {dag.py:3239} INFO - Sync 1 DAGs
[2024-10-31T11:56:51.287+0000] {logging_mixin.py:190} INFO - [2024-10-31T11:56:51.287+0000] {dag.py:4180} INFO - Setting next_dagrun for example_branch_dop_operator_v3 to 2024-10-31 11:55:00+00:00, run_after=2024-10-31 11:56:00+00:00
[2024-10-31T11:56:51.301+0000] {processor.py:208} INFO - Processing /home/airflow/.local/lib/python3.12/site-packages/airflow/example_dags/example_branch_python_dop_operator_3.py took 0.081 seconds
[2024-10-31T11:57:21.547+0000] {processor.py:186} INFO - Started process (PID=661) to work on /home/airflow/.local/lib/python3.12/site-packages/airflow/example_dags/example_branch_python_dop_operator_3.py
[2024-10-31T11:57:21.548+0000] {processor.py:914} INFO - Processing file /home/airflow/.local/lib/python3.12/site-packages/airflow/example_dags/example_branch_python_dop_operator_3.py for tasks to queue
[2024-10-31T11:57:21.549+0000] {logging_mixin.py:190} INFO - [2024-10-31T11:57:21.549+0000] {dagbag.py:588} INFO - Filling up the DagBag from /home/airflow/.local/lib/python3.12/site-packages/airflow/example_dags/example_branch_python_dop_operator_3.py
[2024-10-31T11:57:21.556+0000] {processor.py:925} INFO - DAG(s) 'example_branch_dop_operator_v3' retrieved from /home/airflow/.local/lib/python3.12/site-packages/airflow/example_dags/example_branch_python_dop_operator_3.py
[2024-10-31T11:57:21.571+0000] {logging_mixin.py:190} INFO - [2024-10-31T11:57:21.570+0000] {dag.py:3239} INFO - Sync 1 DAGs
[2024-10-31T11:57:21.588+0000] {logging_mixin.py:190} INFO - [2024-10-31T11:57:21.588+0000] {dag.py:4180} INFO - Setting next_dagrun for example_branch_dop_operator_v3 to 2024-10-31 11:56:00+00:00, run_after=2024-10-31 11:57:00+00:00
[2024-10-31T11:57:21.601+0000] {processor.py:208} INFO - Processing /home/airflow/.local/lib/python3.12/site-packages/airflow/example_dags/example_branch_python_dop_operator_3.py took 0.058 seconds
[2024-10-31T11:57:51.939+0000] {processor.py:186} INFO - Started process (PID=724) to work on /home/airflow/.local/lib/python3.12/site-packages/airflow/example_dags/example_branch_python_dop_operator_3.py
[2024-10-31T11:57:51.939+0000] {processor.py:914} INFO - Processing file /home/airflow/.local/lib/python3.12/site-packages/airflow/example_dags/example_branch_python_dop_operator_3.py for tasks to queue
[2024-10-31T11:57:51.944+0000] {logging_mixin.py:190} INFO - [2024-10-31T11:57:51.943+0000] {dagbag.py:588} INFO - Filling up the DagBag from /home/airflow/.local/lib/python3.12/site-packages/airflow/example_dags/example_branch_python_dop_operator_3.py
[2024-10-31T11:57:51.953+0000] {processor.py:925} INFO - DAG(s) 'example_branch_dop_operator_v3' retrieved from /home/airflow/.local/lib/python3.12/site-packages/airflow/example_dags/example_branch_python_dop_operator_3.py
[2024-10-31T11:57:51.977+0000] {logging_mixin.py:190} INFO - [2024-10-31T11:57:51.976+0000] {dag.py:3239} INFO - Sync 1 DAGs
[2024-10-31T11:57:51.998+0000] {logging_mixin.py:190} INFO - [2024-10-31T11:57:51.998+0000] {dag.py:4180} INFO - Setting next_dagrun for example_branch_dop_operator_v3 to 2024-10-31 11:56:00+00:00, run_after=2024-10-31 11:57:00+00:00
[2024-10-31T11:57:52.013+0000] {processor.py:208} INFO - Processing /home/airflow/.local/lib/python3.12/site-packages/airflow/example_dags/example_branch_python_dop_operator_3.py took 0.078 seconds
[2024-10-31T11:58:22.044+0000] {processor.py:186} INFO - Started process (PID=787) to work on /home/airflow/.local/lib/python3.12/site-packages/airflow/example_dags/example_branch_python_dop_operator_3.py
[2024-10-31T11:58:22.046+0000] {processor.py:914} INFO - Processing file /home/airflow/.local/lib/python3.12/site-packages/airflow/example_dags/example_branch_python_dop_operator_3.py for tasks to queue
[2024-10-31T11:58:22.047+0000] {logging_mixin.py:190} INFO - [2024-10-31T11:58:22.047+0000] {dagbag.py:588} INFO - Filling up the DagBag from /home/airflow/.local/lib/python3.12/site-packages/airflow/example_dags/example_branch_python_dop_operator_3.py
[2024-10-31T11:58:22.054+0000] {processor.py:925} INFO - DAG(s) 'example_branch_dop_operator_v3' retrieved from /home/airflow/.local/lib/python3.12/site-packages/airflow/example_dags/example_branch_python_dop_operator_3.py
[2024-10-31T11:58:22.075+0000] {logging_mixin.py:190} INFO - [2024-10-31T11:58:22.075+0000] {dag.py:3239} INFO - Sync 1 DAGs
[2024-10-31T11:58:22.095+0000] {logging_mixin.py:190} INFO - [2024-10-31T11:58:22.095+0000] {dag.py:4180} INFO - Setting next_dagrun for example_branch_dop_operator_v3 to 2024-10-31 11:57:00+00:00, run_after=2024-10-31 11:58:00+00:00
[2024-10-31T11:58:22.112+0000] {processor.py:208} INFO - Processing /home/airflow/.local/lib/python3.12/site-packages/airflow/example_dags/example_branch_python_dop_operator_3.py took 0.072 seconds
[2024-10-31T11:58:53.477+0000] {processor.py:186} INFO - Started process (PID=852) to work on /home/airflow/.local/lib/python3.12/site-packages/airflow/example_dags/example_branch_python_dop_operator_3.py
[2024-10-31T11:58:53.477+0000] {processor.py:914} INFO - Processing file /home/airflow/.local/lib/python3.12/site-packages/airflow/example_dags/example_branch_python_dop_operator_3.py for tasks to queue
[2024-10-31T11:58:53.480+0000] {logging_mixin.py:190} INFO - [2024-10-31T11:58:53.480+0000] {dagbag.py:588} INFO - Filling up the DagBag from /home/airflow/.local/lib/python3.12/site-packages/airflow/example_dags/example_branch_python_dop_operator_3.py
[2024-10-31T11:58:53.488+0000] {processor.py:925} INFO - DAG(s) 'example_branch_dop_operator_v3' retrieved from /home/airflow/.local/lib/python3.12/site-packages/airflow/example_dags/example_branch_python_dop_operator_3.py
[2024-10-31T11:58:53.504+0000] {logging_mixin.py:190} INFO - [2024-10-31T11:58:53.503+0000] {dag.py:3239} INFO - Sync 1 DAGs
[2024-10-31T11:58:53.521+0000] {logging_mixin.py:190} INFO - [2024-10-31T11:58:53.521+0000] {dag.py:4180} INFO - Setting next_dagrun for example_branch_dop_operator_v3 to 2024-10-31 11:57:00+00:00, run_after=2024-10-31 11:58:00+00:00
[2024-10-31T11:58:53.534+0000] {processor.py:208} INFO - Processing /home/airflow/.local/lib/python3.12/site-packages/airflow/example_dags/example_branch_python_dop_operator_3.py took 0.062 seconds
[2024-10-31T11:59:23.823+0000] {processor.py:186} INFO - Started process (PID=915) to work on /home/airflow/.local/lib/python3.12/site-packages/airflow/example_dags/example_branch_python_dop_operator_3.py
[2024-10-31T11:59:23.824+0000] {processor.py:914} INFO - Processing file /home/airflow/.local/lib/python3.12/site-packages/airflow/example_dags/example_branch_python_dop_operator_3.py for tasks to queue
[2024-10-31T11:59:23.826+0000] {logging_mixin.py:190} INFO - [2024-10-31T11:59:23.825+0000] {dagbag.py:588} INFO - Filling up the DagBag from /home/airflow/.local/lib/python3.12/site-packages/airflow/example_dags/example_branch_python_dop_operator_3.py
[2024-10-31T11:59:23.834+0000] {processor.py:925} INFO - DAG(s) 'example_branch_dop_operator_v3' retrieved from /home/airflow/.local/lib/python3.12/site-packages/airflow/example_dags/example_branch_python_dop_operator_3.py
[2024-10-31T11:59:23.849+0000] {logging_mixin.py:190} INFO - [2024-10-31T11:59:23.849+0000] {dag.py:3239} INFO - Sync 1 DAGs
[2024-10-31T11:59:23.867+0000] {logging_mixin.py:190} INFO - [2024-10-31T11:59:23.867+0000] {dag.py:4180} INFO - Setting next_dagrun for example_branch_dop_operator_v3 to 2024-10-31 11:58:00+00:00, run_after=2024-10-31 11:59:00+00:00
[2024-10-31T11:59:23.882+0000] {processor.py:208} INFO - Processing /home/airflow/.local/lib/python3.12/site-packages/airflow/example_dags/example_branch_python_dop_operator_3.py took 0.064 seconds
[2024-10-31T11:59:54.504+0000] {processor.py:186} INFO - Started process (PID=980) to work on /home/airflow/.local/lib/python3.12/site-packages/airflow/example_dags/example_branch_python_dop_operator_3.py
[2024-10-31T11:59:54.505+0000] {processor.py:914} INFO - Processing file /home/airflow/.local/lib/python3.12/site-packages/airflow/example_dags/example_branch_python_dop_operator_3.py for tasks to queue
[2024-10-31T11:59:54.510+0000] {logging_mixin.py:190} INFO - [2024-10-31T11:59:54.510+0000] {dagbag.py:588} INFO - Filling up the DagBag from /home/airflow/.local/lib/python3.12/site-packages/airflow/example_dags/example_branch_python_dop_operator_3.py
[2024-10-31T11:59:54.521+0000] {processor.py:925} INFO - DAG(s) 'example_branch_dop_operator_v3' retrieved from /home/airflow/.local/lib/python3.12/site-packages/airflow/example_dags/example_branch_python_dop_operator_3.py
[2024-10-31T11:59:54.542+0000] {logging_mixin.py:190} INFO - [2024-10-31T11:59:54.541+0000] {dag.py:3239} INFO - Sync 1 DAGs
[2024-10-31T11:59:54.559+0000] {logging_mixin.py:190} INFO - [2024-10-31T11:59:54.559+0000] {dag.py:4180} INFO - Setting next_dagrun for example_branch_dop_operator_v3 to 2024-10-31 11:58:00+00:00, run_after=2024-10-31 11:59:00+00:00
[2024-10-31T11:59:54.577+0000] {processor.py:208} INFO - Processing /home/airflow/.local/lib/python3.12/site-packages/airflow/example_dags/example_branch_python_dop_operator_3.py took 0.078 seconds
[2024-10-31T12:00:24.933+0000] {processor.py:186} INFO - Started process (PID=1043) to work on /home/airflow/.local/lib/python3.12/site-packages/airflow/example_dags/example_branch_python_dop_operator_3.py
[2024-10-31T12:00:24.934+0000] {processor.py:914} INFO - Processing file /home/airflow/.local/lib/python3.12/site-packages/airflow/example_dags/example_branch_python_dop_operator_3.py for tasks to queue
[2024-10-31T12:00:24.935+0000] {logging_mixin.py:190} INFO - [2024-10-31T12:00:24.935+0000] {dagbag.py:588} INFO - Filling up the DagBag from /home/airflow/.local/lib/python3.12/site-packages/airflow/example_dags/example_branch_python_dop_operator_3.py
[2024-10-31T12:00:24.942+0000] {processor.py:925} INFO - DAG(s) 'example_branch_dop_operator_v3' retrieved from /home/airflow/.local/lib/python3.12/site-packages/airflow/example_dags/example_branch_python_dop_operator_3.py
[2024-10-31T12:00:24.955+0000] {logging_mixin.py:190} INFO - [2024-10-31T12:00:24.954+0000] {dag.py:3239} INFO - Sync 1 DAGs
[2024-10-31T12:00:24.969+0000] {logging_mixin.py:190} INFO - [2024-10-31T12:00:24.969+0000] {dag.py:4180} INFO - Setting next_dagrun for example_branch_dop_operator_v3 to 2024-10-31 11:59:00+00:00, run_after=2024-10-31 12:00:00+00:00
[2024-10-31T12:00:24.982+0000] {processor.py:208} INFO - Processing /home/airflow/.local/lib/python3.12/site-packages/airflow/example_dags/example_branch_python_dop_operator_3.py took 0.053 seconds
[2024-10-31T12:42:19.610+0000] {processor.py:186} INFO - Started process (PID=88) to work on /home/airflow/.local/lib/python3.12/site-packages/airflow/example_dags/example_branch_python_dop_operator_3.py
[2024-10-31T12:42:19.611+0000] {processor.py:914} INFO - Processing file /home/airflow/.local/lib/python3.12/site-packages/airflow/example_dags/example_branch_python_dop_operator_3.py for tasks to queue
[2024-10-31T12:42:19.613+0000] {logging_mixin.py:190} INFO - [2024-10-31T12:42:19.613+0000] {dagbag.py:588} INFO - Filling up the DagBag from /home/airflow/.local/lib/python3.12/site-packages/airflow/example_dags/example_branch_python_dop_operator_3.py
[2024-10-31T12:42:19.621+0000] {processor.py:925} INFO - DAG(s) 'example_branch_dop_operator_v3' retrieved from /home/airflow/.local/lib/python3.12/site-packages/airflow/example_dags/example_branch_python_dop_operator_3.py
[2024-10-31T12:42:19.693+0000] {logging_mixin.py:190} INFO - [2024-10-31T12:42:19.693+0000] {override.py:1900} INFO - Created Permission View: can read on DAG:example_branch_dop_operator_v3
[2024-10-31T12:42:19.703+0000] {logging_mixin.py:190} INFO - [2024-10-31T12:42:19.703+0000] {override.py:1900} INFO - Created Permission View: can delete on DAG:example_branch_dop_operator_v3
[2024-10-31T12:42:19.709+0000] {logging_mixin.py:190} INFO - [2024-10-31T12:42:19.708+0000] {override.py:1900} INFO - Created Permission View: can edit on DAG:example_branch_dop_operator_v3
[2024-10-31T12:42:19.717+0000] {logging_mixin.py:190} INFO - [2024-10-31T12:42:19.717+0000] {override.py:1900} INFO - Created Permission View: menu access on DAG Run:example_branch_dop_operator_v3
[2024-10-31T12:42:19.728+0000] {logging_mixin.py:190} INFO - [2024-10-31T12:42:19.728+0000] {override.py:1900} INFO - Created Permission View: can read on DAG Run:example_branch_dop_operator_v3
[2024-10-31T12:42:19.732+0000] {logging_mixin.py:190} INFO - [2024-10-31T12:42:19.732+0000] {override.py:1900} INFO - Created Permission View: can delete on DAG Run:example_branch_dop_operator_v3
[2024-10-31T12:42:19.736+0000] {logging_mixin.py:190} INFO - [2024-10-31T12:42:19.736+0000] {override.py:1900} INFO - Created Permission View: can create on DAG Run:example_branch_dop_operator_v3
[2024-10-31T12:42:19.736+0000] {logging_mixin.py:190} INFO - [2024-10-31T12:42:19.736+0000] {dag.py:3239} INFO - Sync 1 DAGs
[2024-10-31T12:42:19.744+0000] {logging_mixin.py:190} INFO - [2024-10-31T12:42:19.744+0000] {dag.py:3262} INFO - Creating ORM DAG for example_branch_dop_operator_v3
[2024-10-31T12:42:19.753+0000] {logging_mixin.py:190} INFO - [2024-10-31T12:42:19.753+0000] {dag.py:4180} INFO - Setting next_dagrun for example_branch_dop_operator_v3 to 2024-10-31 12:41:00+00:00, run_after=2024-10-31 12:42:00+00:00
[2024-10-31T12:42:19.763+0000] {processor.py:208} INFO - Processing /home/airflow/.local/lib/python3.12/site-packages/airflow/example_dags/example_branch_python_dop_operator_3.py took 0.157 seconds
