[2024-10-31T11:46:25.183+0000] {processor.py:186} INFO - Started process (PID=85) to work on /home/airflow/.local/lib/python3.12/site-packages/airflow/example_dags/example_dataset_alias.py
[2024-10-31T11:46:25.184+0000] {processor.py:914} INFO - Processing file /home/airflow/.local/lib/python3.12/site-packages/airflow/example_dags/example_dataset_alias.py for tasks to queue
[2024-10-31T11:46:25.186+0000] {logging_mixin.py:190} INFO - [2024-10-31T11:46:25.186+0000] {dagbag.py:588} INFO - Filling up the DagBag from /home/airflow/.local/lib/python3.12/site-packages/airflow/example_dags/example_dataset_alias.py
[2024-10-31T11:46:25.306+0000] {processor.py:925} INFO - DAG(s) 'dataset_s3_bucket_consumer', 'dataset_s3_bucket_producer', 'dataset_alias_example_alias_consumer', 'dataset_alias_example_alias_producer' retrieved from /home/airflow/.local/lib/python3.12/site-packages/airflow/example_dags/example_dataset_alias.py
[2024-10-31T11:46:25.436+0000] {logging_mixin.py:190} INFO - [2024-10-31T11:46:25.435+0000] {override.py:1900} INFO - Created Permission View: can delete on DAG:dataset_s3_bucket_consumer
[2024-10-31T11:46:25.445+0000] {logging_mixin.py:190} INFO - [2024-10-31T11:46:25.445+0000] {override.py:1900} INFO - Created Permission View: can read on DAG:dataset_s3_bucket_consumer
[2024-10-31T11:46:25.451+0000] {logging_mixin.py:190} INFO - [2024-10-31T11:46:25.450+0000] {override.py:1900} INFO - Created Permission View: can edit on DAG:dataset_s3_bucket_consumer
[2024-10-31T11:46:25.457+0000] {logging_mixin.py:190} INFO - [2024-10-31T11:46:25.457+0000] {override.py:1900} INFO - Created Permission View: can delete on DAG Run:dataset_s3_bucket_consumer
[2024-10-31T11:46:25.464+0000] {logging_mixin.py:190} INFO - [2024-10-31T11:46:25.464+0000] {override.py:1900} INFO - Created Permission View: can read on DAG Run:dataset_s3_bucket_consumer
[2024-10-31T11:46:25.473+0000] {logging_mixin.py:190} INFO - [2024-10-31T11:46:25.473+0000] {override.py:1900} INFO - Created Permission View: can create on DAG Run:dataset_s3_bucket_consumer
[2024-10-31T11:46:25.482+0000] {logging_mixin.py:190} INFO - [2024-10-31T11:46:25.482+0000] {override.py:1900} INFO - Created Permission View: menu access on DAG Run:dataset_s3_bucket_consumer
[2024-10-31T11:46:25.498+0000] {logging_mixin.py:190} INFO - [2024-10-31T11:46:25.498+0000] {override.py:1900} INFO - Created Permission View: can delete on DAG:dataset_s3_bucket_producer
[2024-10-31T11:46:25.505+0000] {logging_mixin.py:190} INFO - [2024-10-31T11:46:25.505+0000] {override.py:1900} INFO - Created Permission View: can read on DAG:dataset_s3_bucket_producer
[2024-10-31T11:46:25.516+0000] {logging_mixin.py:190} INFO - [2024-10-31T11:46:25.516+0000] {override.py:1900} INFO - Created Permission View: can edit on DAG:dataset_s3_bucket_producer
[2024-10-31T11:46:25.522+0000] {logging_mixin.py:190} INFO - [2024-10-31T11:46:25.522+0000] {override.py:1900} INFO - Created Permission View: can delete on DAG Run:dataset_s3_bucket_producer
[2024-10-31T11:46:25.528+0000] {logging_mixin.py:190} INFO - [2024-10-31T11:46:25.528+0000] {override.py:1900} INFO - Created Permission View: can read on DAG Run:dataset_s3_bucket_producer
[2024-10-31T11:46:25.535+0000] {logging_mixin.py:190} INFO - [2024-10-31T11:46:25.534+0000] {override.py:1900} INFO - Created Permission View: can create on DAG Run:dataset_s3_bucket_producer
[2024-10-31T11:46:25.539+0000] {logging_mixin.py:190} INFO - [2024-10-31T11:46:25.539+0000] {override.py:1900} INFO - Created Permission View: menu access on DAG Run:dataset_s3_bucket_producer
[2024-10-31T11:46:25.558+0000] {logging_mixin.py:190} INFO - [2024-10-31T11:46:25.558+0000] {override.py:1900} INFO - Created Permission View: can delete on DAG:dataset_alias_example_alias_consumer
[2024-10-31T11:46:25.571+0000] {logging_mixin.py:190} INFO - [2024-10-31T11:46:25.571+0000] {override.py:1900} INFO - Created Permission View: can read on DAG:dataset_alias_example_alias_consumer
[2024-10-31T11:46:25.577+0000] {logging_mixin.py:190} INFO - [2024-10-31T11:46:25.576+0000] {override.py:1900} INFO - Created Permission View: can edit on DAG:dataset_alias_example_alias_consumer
[2024-10-31T11:46:25.589+0000] {logging_mixin.py:190} INFO - [2024-10-31T11:46:25.589+0000] {override.py:1900} INFO - Created Permission View: can delete on DAG Run:dataset_alias_example_alias_consumer
[2024-10-31T11:46:25.600+0000] {logging_mixin.py:190} INFO - [2024-10-31T11:46:25.599+0000] {override.py:1900} INFO - Created Permission View: can read on DAG Run:dataset_alias_example_alias_consumer
[2024-10-31T11:46:25.609+0000] {logging_mixin.py:190} INFO - [2024-10-31T11:46:25.608+0000] {override.py:1900} INFO - Created Permission View: can create on DAG Run:dataset_alias_example_alias_consumer
[2024-10-31T11:46:25.614+0000] {logging_mixin.py:190} INFO - [2024-10-31T11:46:25.614+0000] {override.py:1900} INFO - Created Permission View: menu access on DAG Run:dataset_alias_example_alias_consumer
[2024-10-31T11:46:25.632+0000] {logging_mixin.py:190} INFO - [2024-10-31T11:46:25.632+0000] {override.py:1900} INFO - Created Permission View: can delete on DAG:dataset_alias_example_alias_producer
[2024-10-31T11:46:25.642+0000] {logging_mixin.py:190} INFO - [2024-10-31T11:46:25.641+0000] {override.py:1900} INFO - Created Permission View: can read on DAG:dataset_alias_example_alias_producer
[2024-10-31T11:46:25.649+0000] {logging_mixin.py:190} INFO - [2024-10-31T11:46:25.649+0000] {override.py:1900} INFO - Created Permission View: can edit on DAG:dataset_alias_example_alias_producer
[2024-10-31T11:46:25.658+0000] {logging_mixin.py:190} INFO - [2024-10-31T11:46:25.658+0000] {override.py:1900} INFO - Created Permission View: can delete on DAG Run:dataset_alias_example_alias_producer
[2024-10-31T11:46:25.661+0000] {logging_mixin.py:190} INFO - [2024-10-31T11:46:25.661+0000] {override.py:1900} INFO - Created Permission View: can read on DAG Run:dataset_alias_example_alias_producer
[2024-10-31T11:46:25.667+0000] {logging_mixin.py:190} INFO - [2024-10-31T11:46:25.667+0000] {override.py:1900} INFO - Created Permission View: can create on DAG Run:dataset_alias_example_alias_producer
[2024-10-31T11:46:25.677+0000] {logging_mixin.py:190} INFO - [2024-10-31T11:46:25.676+0000] {override.py:1900} INFO - Created Permission View: menu access on DAG Run:dataset_alias_example_alias_producer
[2024-10-31T11:46:25.678+0000] {logging_mixin.py:190} INFO - [2024-10-31T11:46:25.678+0000] {dag.py:3239} INFO - Sync 4 DAGs
[2024-10-31T11:46:25.688+0000] {logging_mixin.py:190} INFO - [2024-10-31T11:46:25.688+0000] {dag.py:3262} INFO - Creating ORM DAG for dataset_s3_bucket_consumer
[2024-10-31T11:46:25.691+0000] {logging_mixin.py:190} INFO - [2024-10-31T11:46:25.691+0000] {dag.py:3262} INFO - Creating ORM DAG for dataset_alias_example_alias_producer
[2024-10-31T11:46:25.692+0000] {logging_mixin.py:190} INFO - [2024-10-31T11:46:25.691+0000] {dag.py:3262} INFO - Creating ORM DAG for dataset_s3_bucket_producer
[2024-10-31T11:46:25.692+0000] {logging_mixin.py:190} INFO - [2024-10-31T11:46:25.692+0000] {dag.py:3262} INFO - Creating ORM DAG for dataset_alias_example_alias_consumer
[2024-10-31T11:46:25.698+0000] {logging_mixin.py:190} INFO - [2024-10-31T11:46:25.698+0000] {dag.py:4180} INFO - Setting next_dagrun for dataset_alias_example_alias_consumer to None, run_after=None
[2024-10-31T11:46:25.698+0000] {logging_mixin.py:190} INFO - [2024-10-31T11:46:25.698+0000] {dag.py:4180} INFO - Setting next_dagrun for dataset_alias_example_alias_producer to None, run_after=None
[2024-10-31T11:46:25.699+0000] {logging_mixin.py:190} INFO - [2024-10-31T11:46:25.699+0000] {dag.py:4180} INFO - Setting next_dagrun for dataset_s3_bucket_consumer to None, run_after=None
[2024-10-31T11:46:25.699+0000] {logging_mixin.py:190} INFO - [2024-10-31T11:46:25.699+0000] {dag.py:4180} INFO - Setting next_dagrun for dataset_s3_bucket_producer to None, run_after=None
[2024-10-31T11:46:25.716+0000] {processor.py:208} INFO - Processing /home/airflow/.local/lib/python3.12/site-packages/airflow/example_dags/example_dataset_alias.py took 0.537 seconds
[2024-10-31T11:46:56.322+0000] {processor.py:186} INFO - Started process (PID=149) to work on /home/airflow/.local/lib/python3.12/site-packages/airflow/example_dags/example_dataset_alias.py
[2024-10-31T11:46:56.324+0000] {processor.py:914} INFO - Processing file /home/airflow/.local/lib/python3.12/site-packages/airflow/example_dags/example_dataset_alias.py for tasks to queue
[2024-10-31T11:46:56.328+0000] {logging_mixin.py:190} INFO - [2024-10-31T11:46:56.327+0000] {dagbag.py:588} INFO - Filling up the DagBag from /home/airflow/.local/lib/python3.12/site-packages/airflow/example_dags/example_dataset_alias.py
[2024-10-31T11:46:56.454+0000] {processor.py:925} INFO - DAG(s) 'dataset_alias_example_alias_consumer', 'dataset_s3_bucket_consumer', 'dataset_s3_bucket_producer', 'dataset_alias_example_alias_producer' retrieved from /home/airflow/.local/lib/python3.12/site-packages/airflow/example_dags/example_dataset_alias.py
[2024-10-31T11:46:56.472+0000] {logging_mixin.py:190} INFO - [2024-10-31T11:46:56.472+0000] {dag.py:3239} INFO - Sync 4 DAGs
[2024-10-31T11:46:56.485+0000] {logging_mixin.py:190} INFO - [2024-10-31T11:46:56.485+0000] {dag.py:4180} INFO - Setting next_dagrun for dataset_alias_example_alias_consumer to None, run_after=None
[2024-10-31T11:46:56.487+0000] {logging_mixin.py:190} INFO - [2024-10-31T11:46:56.487+0000] {dag.py:4180} INFO - Setting next_dagrun for dataset_alias_example_alias_producer to None, run_after=None
[2024-10-31T11:46:56.488+0000] {logging_mixin.py:190} INFO - [2024-10-31T11:46:56.488+0000] {dag.py:4180} INFO - Setting next_dagrun for dataset_s3_bucket_consumer to None, run_after=None
[2024-10-31T11:46:56.488+0000] {logging_mixin.py:190} INFO - [2024-10-31T11:46:56.488+0000] {dag.py:4180} INFO - Setting next_dagrun for dataset_s3_bucket_producer to None, run_after=None
[2024-10-31T11:46:56.507+0000] {processor.py:208} INFO - Processing /home/airflow/.local/lib/python3.12/site-packages/airflow/example_dags/example_dataset_alias.py took 0.193 seconds
[2024-10-31T11:47:26.527+0000] {processor.py:186} INFO - Started process (PID=214) to work on /home/airflow/.local/lib/python3.12/site-packages/airflow/example_dags/example_dataset_alias.py
[2024-10-31T11:47:26.528+0000] {processor.py:914} INFO - Processing file /home/airflow/.local/lib/python3.12/site-packages/airflow/example_dags/example_dataset_alias.py for tasks to queue
[2024-10-31T11:47:26.529+0000] {logging_mixin.py:190} INFO - [2024-10-31T11:47:26.529+0000] {dagbag.py:588} INFO - Filling up the DagBag from /home/airflow/.local/lib/python3.12/site-packages/airflow/example_dags/example_dataset_alias.py
[2024-10-31T11:47:26.630+0000] {processor.py:925} INFO - DAG(s) 'dataset_s3_bucket_producer', 'dataset_alias_example_alias_producer', 'dataset_s3_bucket_consumer', 'dataset_alias_example_alias_consumer' retrieved from /home/airflow/.local/lib/python3.12/site-packages/airflow/example_dags/example_dataset_alias.py
[2024-10-31T11:47:26.642+0000] {logging_mixin.py:190} INFO - [2024-10-31T11:47:26.642+0000] {dag.py:3239} INFO - Sync 4 DAGs
[2024-10-31T11:47:26.655+0000] {logging_mixin.py:190} INFO - [2024-10-31T11:47:26.655+0000] {dag.py:4180} INFO - Setting next_dagrun for dataset_alias_example_alias_consumer to None, run_after=None
[2024-10-31T11:47:26.657+0000] {logging_mixin.py:190} INFO - [2024-10-31T11:47:26.657+0000] {dag.py:4180} INFO - Setting next_dagrun for dataset_alias_example_alias_producer to None, run_after=None
[2024-10-31T11:47:26.658+0000] {logging_mixin.py:190} INFO - [2024-10-31T11:47:26.658+0000] {dag.py:4180} INFO - Setting next_dagrun for dataset_s3_bucket_consumer to None, run_after=None
[2024-10-31T11:47:26.659+0000] {logging_mixin.py:190} INFO - [2024-10-31T11:47:26.659+0000] {dag.py:4180} INFO - Setting next_dagrun for dataset_s3_bucket_producer to None, run_after=None
[2024-10-31T11:47:26.672+0000] {processor.py:208} INFO - Processing /home/airflow/.local/lib/python3.12/site-packages/airflow/example_dags/example_dataset_alias.py took 0.149 seconds
[2024-10-31T11:47:56.876+0000] {processor.py:186} INFO - Started process (PID=277) to work on /home/airflow/.local/lib/python3.12/site-packages/airflow/example_dags/example_dataset_alias.py
[2024-10-31T11:47:56.877+0000] {processor.py:914} INFO - Processing file /home/airflow/.local/lib/python3.12/site-packages/airflow/example_dags/example_dataset_alias.py for tasks to queue
[2024-10-31T11:47:56.879+0000] {logging_mixin.py:190} INFO - [2024-10-31T11:47:56.879+0000] {dagbag.py:588} INFO - Filling up the DagBag from /home/airflow/.local/lib/python3.12/site-packages/airflow/example_dags/example_dataset_alias.py
[2024-10-31T11:47:57.000+0000] {processor.py:925} INFO - DAG(s) 'dataset_s3_bucket_consumer', 'dataset_alias_example_alias_consumer', 'dataset_s3_bucket_producer', 'dataset_alias_example_alias_producer' retrieved from /home/airflow/.local/lib/python3.12/site-packages/airflow/example_dags/example_dataset_alias.py
[2024-10-31T11:47:57.023+0000] {logging_mixin.py:190} INFO - [2024-10-31T11:47:57.022+0000] {dag.py:3239} INFO - Sync 4 DAGs
[2024-10-31T11:47:57.039+0000] {logging_mixin.py:190} INFO - [2024-10-31T11:47:57.039+0000] {dag.py:4180} INFO - Setting next_dagrun for dataset_alias_example_alias_consumer to None, run_after=None
[2024-10-31T11:47:57.043+0000] {logging_mixin.py:190} INFO - [2024-10-31T11:47:57.042+0000] {dag.py:4180} INFO - Setting next_dagrun for dataset_alias_example_alias_producer to None, run_after=None
[2024-10-31T11:47:57.045+0000] {logging_mixin.py:190} INFO - [2024-10-31T11:47:57.045+0000] {dag.py:4180} INFO - Setting next_dagrun for dataset_s3_bucket_consumer to None, run_after=None
[2024-10-31T11:47:57.047+0000] {logging_mixin.py:190} INFO - [2024-10-31T11:47:57.046+0000] {dag.py:4180} INFO - Setting next_dagrun for dataset_s3_bucket_producer to None, run_after=None
[2024-10-31T11:47:57.060+0000] {processor.py:208} INFO - Processing /home/airflow/.local/lib/python3.12/site-packages/airflow/example_dags/example_dataset_alias.py took 0.189 seconds
[2024-10-31T11:48:27.987+0000] {processor.py:186} INFO - Started process (PID=342) to work on /home/airflow/.local/lib/python3.12/site-packages/airflow/example_dags/example_dataset_alias.py
[2024-10-31T11:48:27.988+0000] {processor.py:914} INFO - Processing file /home/airflow/.local/lib/python3.12/site-packages/airflow/example_dags/example_dataset_alias.py for tasks to queue
[2024-10-31T11:48:27.990+0000] {logging_mixin.py:190} INFO - [2024-10-31T11:48:27.990+0000] {dagbag.py:588} INFO - Filling up the DagBag from /home/airflow/.local/lib/python3.12/site-packages/airflow/example_dags/example_dataset_alias.py
[2024-10-31T11:48:28.126+0000] {processor.py:925} INFO - DAG(s) 'dataset_s3_bucket_producer', 'dataset_s3_bucket_consumer', 'dataset_alias_example_alias_consumer', 'dataset_alias_example_alias_producer' retrieved from /home/airflow/.local/lib/python3.12/site-packages/airflow/example_dags/example_dataset_alias.py
[2024-10-31T11:48:28.146+0000] {logging_mixin.py:190} INFO - [2024-10-31T11:48:28.145+0000] {dag.py:3239} INFO - Sync 4 DAGs
[2024-10-31T11:48:28.162+0000] {logging_mixin.py:190} INFO - [2024-10-31T11:48:28.161+0000] {dag.py:4180} INFO - Setting next_dagrun for dataset_alias_example_alias_consumer to None, run_after=None
[2024-10-31T11:48:28.165+0000] {logging_mixin.py:190} INFO - [2024-10-31T11:48:28.165+0000] {dag.py:4180} INFO - Setting next_dagrun for dataset_alias_example_alias_producer to None, run_after=None
[2024-10-31T11:48:28.167+0000] {logging_mixin.py:190} INFO - [2024-10-31T11:48:28.166+0000] {dag.py:4180} INFO - Setting next_dagrun for dataset_s3_bucket_consumer to None, run_after=None
[2024-10-31T11:48:28.169+0000] {logging_mixin.py:190} INFO - [2024-10-31T11:48:28.169+0000] {dag.py:4180} INFO - Setting next_dagrun for dataset_s3_bucket_producer to None, run_after=None
[2024-10-31T11:48:28.191+0000] {processor.py:208} INFO - Processing /home/airflow/.local/lib/python3.12/site-packages/airflow/example_dags/example_dataset_alias.py took 0.208 seconds
[2024-10-31T11:48:59.034+0000] {processor.py:186} INFO - Started process (PID=406) to work on /home/airflow/.local/lib/python3.12/site-packages/airflow/example_dags/example_dataset_alias.py
[2024-10-31T11:48:59.036+0000] {processor.py:914} INFO - Processing file /home/airflow/.local/lib/python3.12/site-packages/airflow/example_dags/example_dataset_alias.py for tasks to queue
[2024-10-31T11:48:59.038+0000] {logging_mixin.py:190} INFO - [2024-10-31T11:48:59.038+0000] {dagbag.py:588} INFO - Filling up the DagBag from /home/airflow/.local/lib/python3.12/site-packages/airflow/example_dags/example_dataset_alias.py
[2024-10-31T11:48:59.160+0000] {processor.py:925} INFO - DAG(s) 'dataset_alias_example_alias_producer', 'dataset_s3_bucket_producer', 'dataset_alias_example_alias_consumer', 'dataset_s3_bucket_consumer' retrieved from /home/airflow/.local/lib/python3.12/site-packages/airflow/example_dags/example_dataset_alias.py
[2024-10-31T11:48:59.181+0000] {logging_mixin.py:190} INFO - [2024-10-31T11:48:59.181+0000] {dag.py:3239} INFO - Sync 4 DAGs
[2024-10-31T11:48:59.203+0000] {logging_mixin.py:190} INFO - [2024-10-31T11:48:59.203+0000] {dag.py:4180} INFO - Setting next_dagrun for dataset_alias_example_alias_consumer to None, run_after=None
[2024-10-31T11:48:59.209+0000] {logging_mixin.py:190} INFO - [2024-10-31T11:48:59.209+0000] {dag.py:4180} INFO - Setting next_dagrun for dataset_alias_example_alias_producer to None, run_after=None
[2024-10-31T11:48:59.211+0000] {logging_mixin.py:190} INFO - [2024-10-31T11:48:59.210+0000] {dag.py:4180} INFO - Setting next_dagrun for dataset_s3_bucket_consumer to None, run_after=None
[2024-10-31T11:48:59.214+0000] {logging_mixin.py:190} INFO - [2024-10-31T11:48:59.213+0000] {dag.py:4180} INFO - Setting next_dagrun for dataset_s3_bucket_producer to None, run_after=None
[2024-10-31T11:48:59.232+0000] {processor.py:208} INFO - Processing /home/airflow/.local/lib/python3.12/site-packages/airflow/example_dags/example_dataset_alias.py took 0.202 seconds
[2024-10-31T11:49:30.118+0000] {processor.py:186} INFO - Started process (PID=470) to work on /home/airflow/.local/lib/python3.12/site-packages/airflow/example_dags/example_dataset_alias.py
[2024-10-31T11:49:30.119+0000] {processor.py:914} INFO - Processing file /home/airflow/.local/lib/python3.12/site-packages/airflow/example_dags/example_dataset_alias.py for tasks to queue
[2024-10-31T11:49:30.123+0000] {logging_mixin.py:190} INFO - [2024-10-31T11:49:30.122+0000] {dagbag.py:588} INFO - Filling up the DagBag from /home/airflow/.local/lib/python3.12/site-packages/airflow/example_dags/example_dataset_alias.py
[2024-10-31T11:49:30.245+0000] {processor.py:925} INFO - DAG(s) 'dataset_s3_bucket_producer', 'dataset_s3_bucket_consumer', 'dataset_alias_example_alias_consumer', 'dataset_alias_example_alias_producer' retrieved from /home/airflow/.local/lib/python3.12/site-packages/airflow/example_dags/example_dataset_alias.py
[2024-10-31T11:49:30.264+0000] {logging_mixin.py:190} INFO - [2024-10-31T11:49:30.264+0000] {dag.py:3239} INFO - Sync 4 DAGs
[2024-10-31T11:49:30.282+0000] {logging_mixin.py:190} INFO - [2024-10-31T11:49:30.281+0000] {dag.py:4180} INFO - Setting next_dagrun for dataset_alias_example_alias_consumer to None, run_after=None
[2024-10-31T11:49:30.285+0000] {logging_mixin.py:190} INFO - [2024-10-31T11:49:30.285+0000] {dag.py:4180} INFO - Setting next_dagrun for dataset_alias_example_alias_producer to None, run_after=None
[2024-10-31T11:49:30.288+0000] {logging_mixin.py:190} INFO - [2024-10-31T11:49:30.288+0000] {dag.py:4180} INFO - Setting next_dagrun for dataset_s3_bucket_consumer to None, run_after=None
[2024-10-31T11:49:30.288+0000] {logging_mixin.py:190} INFO - [2024-10-31T11:49:30.288+0000] {dag.py:4180} INFO - Setting next_dagrun for dataset_s3_bucket_producer to None, run_after=None
[2024-10-31T11:49:30.306+0000] {processor.py:208} INFO - Processing /home/airflow/.local/lib/python3.12/site-packages/airflow/example_dags/example_dataset_alias.py took 0.194 seconds
[2024-10-31T11:50:01.083+0000] {processor.py:186} INFO - Started process (PID=534) to work on /home/airflow/.local/lib/python3.12/site-packages/airflow/example_dags/example_dataset_alias.py
[2024-10-31T11:50:01.086+0000] {processor.py:914} INFO - Processing file /home/airflow/.local/lib/python3.12/site-packages/airflow/example_dags/example_dataset_alias.py for tasks to queue
[2024-10-31T11:50:01.089+0000] {logging_mixin.py:190} INFO - [2024-10-31T11:50:01.089+0000] {dagbag.py:588} INFO - Filling up the DagBag from /home/airflow/.local/lib/python3.12/site-packages/airflow/example_dags/example_dataset_alias.py
[2024-10-31T11:50:01.207+0000] {processor.py:925} INFO - DAG(s) 'dataset_alias_example_alias_producer', 'dataset_alias_example_alias_consumer', 'dataset_s3_bucket_producer', 'dataset_s3_bucket_consumer' retrieved from /home/airflow/.local/lib/python3.12/site-packages/airflow/example_dags/example_dataset_alias.py
[2024-10-31T11:50:01.220+0000] {logging_mixin.py:190} INFO - [2024-10-31T11:50:01.219+0000] {dag.py:3239} INFO - Sync 4 DAGs
[2024-10-31T11:50:01.233+0000] {logging_mixin.py:190} INFO - [2024-10-31T11:50:01.233+0000] {dag.py:4180} INFO - Setting next_dagrun for dataset_alias_example_alias_consumer to None, run_after=None
[2024-10-31T11:50:01.236+0000] {logging_mixin.py:190} INFO - [2024-10-31T11:50:01.236+0000] {dag.py:4180} INFO - Setting next_dagrun for dataset_alias_example_alias_producer to None, run_after=None
[2024-10-31T11:50:01.237+0000] {logging_mixin.py:190} INFO - [2024-10-31T11:50:01.237+0000] {dag.py:4180} INFO - Setting next_dagrun for dataset_s3_bucket_consumer to None, run_after=None
[2024-10-31T11:50:01.237+0000] {logging_mixin.py:190} INFO - [2024-10-31T11:50:01.237+0000] {dag.py:4180} INFO - Setting next_dagrun for dataset_s3_bucket_producer to None, run_after=None
[2024-10-31T11:50:01.251+0000] {processor.py:208} INFO - Processing /home/airflow/.local/lib/python3.12/site-packages/airflow/example_dags/example_dataset_alias.py took 0.175 seconds
[2024-10-31T11:50:32.235+0000] {processor.py:186} INFO - Started process (PID=598) to work on /home/airflow/.local/lib/python3.12/site-packages/airflow/example_dags/example_dataset_alias.py
[2024-10-31T11:50:32.237+0000] {processor.py:914} INFO - Processing file /home/airflow/.local/lib/python3.12/site-packages/airflow/example_dags/example_dataset_alias.py for tasks to queue
[2024-10-31T11:50:32.240+0000] {logging_mixin.py:190} INFO - [2024-10-31T11:50:32.239+0000] {dagbag.py:588} INFO - Filling up the DagBag from /home/airflow/.local/lib/python3.12/site-packages/airflow/example_dags/example_dataset_alias.py
[2024-10-31T11:50:32.537+0000] {processor.py:925} INFO - DAG(s) 'dataset_s3_bucket_consumer', 'dataset_alias_example_alias_producer', 'dataset_alias_example_alias_consumer', 'dataset_s3_bucket_producer' retrieved from /home/airflow/.local/lib/python3.12/site-packages/airflow/example_dags/example_dataset_alias.py
[2024-10-31T11:50:32.553+0000] {logging_mixin.py:190} INFO - [2024-10-31T11:50:32.552+0000] {dag.py:3239} INFO - Sync 4 DAGs
[2024-10-31T11:50:32.571+0000] {logging_mixin.py:190} INFO - [2024-10-31T11:50:32.571+0000] {dag.py:4180} INFO - Setting next_dagrun for dataset_alias_example_alias_consumer to None, run_after=None
[2024-10-31T11:50:32.577+0000] {logging_mixin.py:190} INFO - [2024-10-31T11:50:32.577+0000] {dag.py:4180} INFO - Setting next_dagrun for dataset_alias_example_alias_producer to None, run_after=None
[2024-10-31T11:50:32.579+0000] {logging_mixin.py:190} INFO - [2024-10-31T11:50:32.579+0000] {dag.py:4180} INFO - Setting next_dagrun for dataset_s3_bucket_consumer to None, run_after=None
[2024-10-31T11:50:32.580+0000] {logging_mixin.py:190} INFO - [2024-10-31T11:50:32.580+0000] {dag.py:4180} INFO - Setting next_dagrun for dataset_s3_bucket_producer to None, run_after=None
[2024-10-31T11:50:32.597+0000] {processor.py:208} INFO - Processing /home/airflow/.local/lib/python3.12/site-packages/airflow/example_dags/example_dataset_alias.py took 0.370 seconds
[2024-10-31T11:51:03.343+0000] {processor.py:186} INFO - Started process (PID=661) to work on /home/airflow/.local/lib/python3.12/site-packages/airflow/example_dags/example_dataset_alias.py
[2024-10-31T11:51:03.345+0000] {processor.py:914} INFO - Processing file /home/airflow/.local/lib/python3.12/site-packages/airflow/example_dags/example_dataset_alias.py for tasks to queue
[2024-10-31T11:51:03.348+0000] {logging_mixin.py:190} INFO - [2024-10-31T11:51:03.348+0000] {dagbag.py:588} INFO - Filling up the DagBag from /home/airflow/.local/lib/python3.12/site-packages/airflow/example_dags/example_dataset_alias.py
[2024-10-31T11:51:03.454+0000] {processor.py:925} INFO - DAG(s) 'dataset_alias_example_alias_consumer', 'dataset_s3_bucket_consumer', 'dataset_alias_example_alias_producer', 'dataset_s3_bucket_producer' retrieved from /home/airflow/.local/lib/python3.12/site-packages/airflow/example_dags/example_dataset_alias.py
[2024-10-31T11:51:03.470+0000] {logging_mixin.py:190} INFO - [2024-10-31T11:51:03.469+0000] {dag.py:3239} INFO - Sync 4 DAGs
[2024-10-31T11:51:03.486+0000] {logging_mixin.py:190} INFO - [2024-10-31T11:51:03.486+0000] {dag.py:4180} INFO - Setting next_dagrun for dataset_alias_example_alias_consumer to None, run_after=None
[2024-10-31T11:51:03.490+0000] {logging_mixin.py:190} INFO - [2024-10-31T11:51:03.490+0000] {dag.py:4180} INFO - Setting next_dagrun for dataset_alias_example_alias_producer to None, run_after=None
[2024-10-31T11:51:03.491+0000] {logging_mixin.py:190} INFO - [2024-10-31T11:51:03.491+0000] {dag.py:4180} INFO - Setting next_dagrun for dataset_s3_bucket_consumer to None, run_after=None
[2024-10-31T11:51:03.492+0000] {logging_mixin.py:190} INFO - [2024-10-31T11:51:03.492+0000] {dag.py:4180} INFO - Setting next_dagrun for dataset_s3_bucket_producer to None, run_after=None
[2024-10-31T11:51:03.508+0000] {processor.py:208} INFO - Processing /home/airflow/.local/lib/python3.12/site-packages/airflow/example_dags/example_dataset_alias.py took 0.171 seconds
[2024-10-31T11:51:34.489+0000] {processor.py:186} INFO - Started process (PID=725) to work on /home/airflow/.local/lib/python3.12/site-packages/airflow/example_dags/example_dataset_alias.py
[2024-10-31T11:51:34.490+0000] {processor.py:914} INFO - Processing file /home/airflow/.local/lib/python3.12/site-packages/airflow/example_dags/example_dataset_alias.py for tasks to queue
[2024-10-31T11:51:34.494+0000] {logging_mixin.py:190} INFO - [2024-10-31T11:51:34.494+0000] {dagbag.py:588} INFO - Filling up the DagBag from /home/airflow/.local/lib/python3.12/site-packages/airflow/example_dags/example_dataset_alias.py
[2024-10-31T11:51:34.614+0000] {processor.py:925} INFO - DAG(s) 'dataset_s3_bucket_producer', 'dataset_alias_example_alias_producer', 'dataset_alias_example_alias_consumer', 'dataset_s3_bucket_consumer' retrieved from /home/airflow/.local/lib/python3.12/site-packages/airflow/example_dags/example_dataset_alias.py
[2024-10-31T11:51:34.630+0000] {logging_mixin.py:190} INFO - [2024-10-31T11:51:34.630+0000] {dag.py:3239} INFO - Sync 4 DAGs
[2024-10-31T11:51:34.645+0000] {logging_mixin.py:190} INFO - [2024-10-31T11:51:34.645+0000] {dag.py:4180} INFO - Setting next_dagrun for dataset_alias_example_alias_consumer to None, run_after=None
[2024-10-31T11:51:34.649+0000] {logging_mixin.py:190} INFO - [2024-10-31T11:51:34.648+0000] {dag.py:4180} INFO - Setting next_dagrun for dataset_alias_example_alias_producer to None, run_after=None
[2024-10-31T11:51:34.653+0000] {logging_mixin.py:190} INFO - [2024-10-31T11:51:34.653+0000] {dag.py:4180} INFO - Setting next_dagrun for dataset_s3_bucket_consumer to None, run_after=None
[2024-10-31T11:51:34.657+0000] {logging_mixin.py:190} INFO - [2024-10-31T11:51:34.657+0000] {dag.py:4180} INFO - Setting next_dagrun for dataset_s3_bucket_producer to None, run_after=None
[2024-10-31T11:51:34.677+0000] {processor.py:208} INFO - Processing /home/airflow/.local/lib/python3.12/site-packages/airflow/example_dags/example_dataset_alias.py took 0.195 seconds
[2024-10-31T11:52:05.666+0000] {processor.py:186} INFO - Started process (PID=789) to work on /home/airflow/.local/lib/python3.12/site-packages/airflow/example_dags/example_dataset_alias.py
[2024-10-31T11:52:05.670+0000] {processor.py:914} INFO - Processing file /home/airflow/.local/lib/python3.12/site-packages/airflow/example_dags/example_dataset_alias.py for tasks to queue
[2024-10-31T11:52:05.672+0000] {logging_mixin.py:190} INFO - [2024-10-31T11:52:05.672+0000] {dagbag.py:588} INFO - Filling up the DagBag from /home/airflow/.local/lib/python3.12/site-packages/airflow/example_dags/example_dataset_alias.py
[2024-10-31T11:52:05.780+0000] {processor.py:925} INFO - DAG(s) 'dataset_s3_bucket_consumer', 'dataset_alias_example_alias_producer', 'dataset_s3_bucket_producer', 'dataset_alias_example_alias_consumer' retrieved from /home/airflow/.local/lib/python3.12/site-packages/airflow/example_dags/example_dataset_alias.py
[2024-10-31T11:52:05.798+0000] {logging_mixin.py:190} INFO - [2024-10-31T11:52:05.798+0000] {dag.py:3239} INFO - Sync 4 DAGs
[2024-10-31T11:52:05.813+0000] {logging_mixin.py:190} INFO - [2024-10-31T11:52:05.813+0000] {dag.py:4180} INFO - Setting next_dagrun for dataset_alias_example_alias_consumer to None, run_after=None
[2024-10-31T11:52:05.815+0000] {logging_mixin.py:190} INFO - [2024-10-31T11:52:05.815+0000] {dag.py:4180} INFO - Setting next_dagrun for dataset_alias_example_alias_producer to None, run_after=None
[2024-10-31T11:52:05.818+0000] {logging_mixin.py:190} INFO - [2024-10-31T11:52:05.818+0000] {dag.py:4180} INFO - Setting next_dagrun for dataset_s3_bucket_consumer to None, run_after=None
[2024-10-31T11:52:05.820+0000] {logging_mixin.py:190} INFO - [2024-10-31T11:52:05.820+0000] {dag.py:4180} INFO - Setting next_dagrun for dataset_s3_bucket_producer to None, run_after=None
[2024-10-31T11:52:05.837+0000] {processor.py:208} INFO - Processing /home/airflow/.local/lib/python3.12/site-packages/airflow/example_dags/example_dataset_alias.py took 0.176 seconds
[2024-10-31T11:52:47.354+0000] {processor.py:186} INFO - Started process (PID=71) to work on /home/airflow/.local/lib/python3.12/site-packages/airflow/example_dags/example_dataset_alias.py
[2024-10-31T11:52:47.356+0000] {processor.py:914} INFO - Processing file /home/airflow/.local/lib/python3.12/site-packages/airflow/example_dags/example_dataset_alias.py for tasks to queue
[2024-10-31T11:52:47.358+0000] {logging_mixin.py:190} INFO - [2024-10-31T11:52:47.358+0000] {dagbag.py:588} INFO - Filling up the DagBag from /home/airflow/.local/lib/python3.12/site-packages/airflow/example_dags/example_dataset_alias.py
[2024-10-31T11:52:47.464+0000] {processor.py:925} INFO - DAG(s) 'dataset_alias_example_alias_consumer', 'dataset_alias_example_alias_producer', 'dataset_s3_bucket_producer', 'dataset_s3_bucket_consumer' retrieved from /home/airflow/.local/lib/python3.12/site-packages/airflow/example_dags/example_dataset_alias.py
[2024-10-31T11:52:47.485+0000] {logging_mixin.py:190} INFO - [2024-10-31T11:52:47.485+0000] {dag.py:3239} INFO - Sync 4 DAGs
[2024-10-31T11:52:47.502+0000] {logging_mixin.py:190} INFO - [2024-10-31T11:52:47.502+0000] {dag.py:4180} INFO - Setting next_dagrun for dataset_alias_example_alias_consumer to None, run_after=None
[2024-10-31T11:52:47.504+0000] {logging_mixin.py:190} INFO - [2024-10-31T11:52:47.504+0000] {dag.py:4180} INFO - Setting next_dagrun for dataset_alias_example_alias_producer to None, run_after=None
[2024-10-31T11:52:47.505+0000] {logging_mixin.py:190} INFO - [2024-10-31T11:52:47.505+0000] {dag.py:4180} INFO - Setting next_dagrun for dataset_s3_bucket_consumer to None, run_after=None
[2024-10-31T11:52:47.506+0000] {logging_mixin.py:190} INFO - [2024-10-31T11:52:47.505+0000] {dag.py:4180} INFO - Setting next_dagrun for dataset_s3_bucket_producer to None, run_after=None
[2024-10-31T11:52:47.518+0000] {processor.py:208} INFO - Processing /home/airflow/.local/lib/python3.12/site-packages/airflow/example_dags/example_dataset_alias.py took 0.168 seconds
[2024-10-31T11:53:18.385+0000] {processor.py:186} INFO - Started process (PID=141) to work on /home/airflow/.local/lib/python3.12/site-packages/airflow/example_dags/example_dataset_alias.py
[2024-10-31T11:53:18.386+0000] {processor.py:914} INFO - Processing file /home/airflow/.local/lib/python3.12/site-packages/airflow/example_dags/example_dataset_alias.py for tasks to queue
[2024-10-31T11:53:18.388+0000] {logging_mixin.py:190} INFO - [2024-10-31T11:53:18.387+0000] {dagbag.py:588} INFO - Filling up the DagBag from /home/airflow/.local/lib/python3.12/site-packages/airflow/example_dags/example_dataset_alias.py
[2024-10-31T11:53:18.508+0000] {processor.py:925} INFO - DAG(s) 'dataset_s3_bucket_consumer', 'dataset_alias_example_alias_consumer', 'dataset_alias_example_alias_producer', 'dataset_s3_bucket_producer' retrieved from /home/airflow/.local/lib/python3.12/site-packages/airflow/example_dags/example_dataset_alias.py
[2024-10-31T11:53:18.523+0000] {logging_mixin.py:190} INFO - [2024-10-31T11:53:18.523+0000] {dag.py:3239} INFO - Sync 4 DAGs
[2024-10-31T11:53:18.538+0000] {logging_mixin.py:190} INFO - [2024-10-31T11:53:18.537+0000] {dag.py:4180} INFO - Setting next_dagrun for dataset_alias_example_alias_consumer to None, run_after=None
[2024-10-31T11:53:18.545+0000] {logging_mixin.py:190} INFO - [2024-10-31T11:53:18.544+0000] {dag.py:4180} INFO - Setting next_dagrun for dataset_alias_example_alias_producer to None, run_after=None
[2024-10-31T11:53:18.546+0000] {logging_mixin.py:190} INFO - [2024-10-31T11:53:18.546+0000] {dag.py:4180} INFO - Setting next_dagrun for dataset_s3_bucket_consumer to None, run_after=None
[2024-10-31T11:53:18.548+0000] {logging_mixin.py:190} INFO - [2024-10-31T11:53:18.548+0000] {dag.py:4180} INFO - Setting next_dagrun for dataset_s3_bucket_producer to None, run_after=None
[2024-10-31T11:53:18.565+0000] {processor.py:208} INFO - Processing /home/airflow/.local/lib/python3.12/site-packages/airflow/example_dags/example_dataset_alias.py took 0.184 seconds
[2024-10-31T11:53:48.899+0000] {processor.py:186} INFO - Started process (PID=206) to work on /home/airflow/.local/lib/python3.12/site-packages/airflow/example_dags/example_dataset_alias.py
[2024-10-31T11:53:48.899+0000] {processor.py:914} INFO - Processing file /home/airflow/.local/lib/python3.12/site-packages/airflow/example_dags/example_dataset_alias.py for tasks to queue
[2024-10-31T11:53:48.902+0000] {logging_mixin.py:190} INFO - [2024-10-31T11:53:48.901+0000] {dagbag.py:588} INFO - Filling up the DagBag from /home/airflow/.local/lib/python3.12/site-packages/airflow/example_dags/example_dataset_alias.py
[2024-10-31T11:53:49.040+0000] {processor.py:925} INFO - DAG(s) 'dataset_s3_bucket_producer', 'dataset_alias_example_alias_consumer', 'dataset_alias_example_alias_producer', 'dataset_s3_bucket_consumer' retrieved from /home/airflow/.local/lib/python3.12/site-packages/airflow/example_dags/example_dataset_alias.py
[2024-10-31T11:53:49.054+0000] {logging_mixin.py:190} INFO - [2024-10-31T11:53:49.054+0000] {dag.py:3239} INFO - Sync 4 DAGs
[2024-10-31T11:53:49.068+0000] {logging_mixin.py:190} INFO - [2024-10-31T11:53:49.068+0000] {dag.py:4180} INFO - Setting next_dagrun for dataset_alias_example_alias_consumer to None, run_after=None
[2024-10-31T11:53:49.070+0000] {logging_mixin.py:190} INFO - [2024-10-31T11:53:49.070+0000] {dag.py:4180} INFO - Setting next_dagrun for dataset_alias_example_alias_producer to None, run_after=None
[2024-10-31T11:53:49.071+0000] {logging_mixin.py:190} INFO - [2024-10-31T11:53:49.071+0000] {dag.py:4180} INFO - Setting next_dagrun for dataset_s3_bucket_consumer to None, run_after=None
[2024-10-31T11:53:49.072+0000] {logging_mixin.py:190} INFO - [2024-10-31T11:53:49.072+0000] {dag.py:4180} INFO - Setting next_dagrun for dataset_s3_bucket_producer to None, run_after=None
[2024-10-31T11:53:49.087+0000] {processor.py:208} INFO - Processing /home/airflow/.local/lib/python3.12/site-packages/airflow/example_dags/example_dataset_alias.py took 0.193 seconds
[2024-10-31T11:54:19.247+0000] {processor.py:186} INFO - Started process (PID=270) to work on /home/airflow/.local/lib/python3.12/site-packages/airflow/example_dags/example_dataset_alias.py
[2024-10-31T11:54:19.256+0000] {processor.py:914} INFO - Processing file /home/airflow/.local/lib/python3.12/site-packages/airflow/example_dags/example_dataset_alias.py for tasks to queue
[2024-10-31T11:54:19.265+0000] {logging_mixin.py:190} INFO - [2024-10-31T11:54:19.264+0000] {dagbag.py:588} INFO - Filling up the DagBag from /home/airflow/.local/lib/python3.12/site-packages/airflow/example_dags/example_dataset_alias.py
[2024-10-31T11:54:19.419+0000] {processor.py:925} INFO - DAG(s) 'dataset_s3_bucket_producer', 'dataset_s3_bucket_consumer', 'dataset_alias_example_alias_producer', 'dataset_alias_example_alias_consumer' retrieved from /home/airflow/.local/lib/python3.12/site-packages/airflow/example_dags/example_dataset_alias.py
[2024-10-31T11:54:19.433+0000] {logging_mixin.py:190} INFO - [2024-10-31T11:54:19.433+0000] {dag.py:3239} INFO - Sync 4 DAGs
[2024-10-31T11:54:19.449+0000] {logging_mixin.py:190} INFO - [2024-10-31T11:54:19.449+0000] {dag.py:4180} INFO - Setting next_dagrun for dataset_alias_example_alias_consumer to None, run_after=None
[2024-10-31T11:54:19.454+0000] {logging_mixin.py:190} INFO - [2024-10-31T11:54:19.454+0000] {dag.py:4180} INFO - Setting next_dagrun for dataset_alias_example_alias_producer to None, run_after=None
[2024-10-31T11:54:19.456+0000] {logging_mixin.py:190} INFO - [2024-10-31T11:54:19.456+0000] {dag.py:4180} INFO - Setting next_dagrun for dataset_s3_bucket_consumer to None, run_after=None
[2024-10-31T11:54:19.458+0000] {logging_mixin.py:190} INFO - [2024-10-31T11:54:19.458+0000] {dag.py:4180} INFO - Setting next_dagrun for dataset_s3_bucket_producer to None, run_after=None
[2024-10-31T11:54:19.474+0000] {processor.py:208} INFO - Processing /home/airflow/.local/lib/python3.12/site-packages/airflow/example_dags/example_dataset_alias.py took 0.244 seconds
[2024-10-31T11:54:49.715+0000] {processor.py:186} INFO - Started process (PID=334) to work on /home/airflow/.local/lib/python3.12/site-packages/airflow/example_dags/example_dataset_alias.py
[2024-10-31T11:54:49.716+0000] {processor.py:914} INFO - Processing file /home/airflow/.local/lib/python3.12/site-packages/airflow/example_dags/example_dataset_alias.py for tasks to queue
[2024-10-31T11:54:49.718+0000] {logging_mixin.py:190} INFO - [2024-10-31T11:54:49.718+0000] {dagbag.py:588} INFO - Filling up the DagBag from /home/airflow/.local/lib/python3.12/site-packages/airflow/example_dags/example_dataset_alias.py
[2024-10-31T11:54:49.829+0000] {processor.py:925} INFO - DAG(s) 'dataset_alias_example_alias_producer', 'dataset_s3_bucket_producer', 'dataset_s3_bucket_consumer', 'dataset_alias_example_alias_consumer' retrieved from /home/airflow/.local/lib/python3.12/site-packages/airflow/example_dags/example_dataset_alias.py
[2024-10-31T11:54:49.850+0000] {logging_mixin.py:190} INFO - [2024-10-31T11:54:49.850+0000] {dag.py:3239} INFO - Sync 4 DAGs
[2024-10-31T11:54:49.864+0000] {logging_mixin.py:190} INFO - [2024-10-31T11:54:49.864+0000] {dag.py:4180} INFO - Setting next_dagrun for dataset_alias_example_alias_consumer to None, run_after=None
[2024-10-31T11:54:49.866+0000] {logging_mixin.py:190} INFO - [2024-10-31T11:54:49.866+0000] {dag.py:4180} INFO - Setting next_dagrun for dataset_alias_example_alias_producer to None, run_after=None
[2024-10-31T11:54:49.867+0000] {logging_mixin.py:190} INFO - [2024-10-31T11:54:49.866+0000] {dag.py:4180} INFO - Setting next_dagrun for dataset_s3_bucket_consumer to None, run_after=None
[2024-10-31T11:54:49.867+0000] {logging_mixin.py:190} INFO - [2024-10-31T11:54:49.867+0000] {dag.py:4180} INFO - Setting next_dagrun for dataset_s3_bucket_producer to None, run_after=None
[2024-10-31T11:54:49.881+0000] {processor.py:208} INFO - Processing /home/airflow/.local/lib/python3.12/site-packages/airflow/example_dags/example_dataset_alias.py took 0.170 seconds
[2024-10-31T11:55:19.906+0000] {processor.py:186} INFO - Started process (PID=398) to work on /home/airflow/.local/lib/python3.12/site-packages/airflow/example_dags/example_dataset_alias.py
[2024-10-31T11:55:19.906+0000] {processor.py:914} INFO - Processing file /home/airflow/.local/lib/python3.12/site-packages/airflow/example_dags/example_dataset_alias.py for tasks to queue
[2024-10-31T11:55:19.908+0000] {logging_mixin.py:190} INFO - [2024-10-31T11:55:19.908+0000] {dagbag.py:588} INFO - Filling up the DagBag from /home/airflow/.local/lib/python3.12/site-packages/airflow/example_dags/example_dataset_alias.py
[2024-10-31T11:55:20.017+0000] {processor.py:925} INFO - DAG(s) 'dataset_s3_bucket_consumer', 'dataset_alias_example_alias_consumer', 'dataset_s3_bucket_producer', 'dataset_alias_example_alias_producer' retrieved from /home/airflow/.local/lib/python3.12/site-packages/airflow/example_dags/example_dataset_alias.py
[2024-10-31T11:55:20.030+0000] {logging_mixin.py:190} INFO - [2024-10-31T11:55:20.029+0000] {dag.py:3239} INFO - Sync 4 DAGs
[2024-10-31T11:55:20.045+0000] {logging_mixin.py:190} INFO - [2024-10-31T11:55:20.045+0000] {dag.py:4180} INFO - Setting next_dagrun for dataset_alias_example_alias_consumer to None, run_after=None
[2024-10-31T11:55:20.047+0000] {logging_mixin.py:190} INFO - [2024-10-31T11:55:20.047+0000] {dag.py:4180} INFO - Setting next_dagrun for dataset_alias_example_alias_producer to None, run_after=None
[2024-10-31T11:55:20.048+0000] {logging_mixin.py:190} INFO - [2024-10-31T11:55:20.048+0000] {dag.py:4180} INFO - Setting next_dagrun for dataset_s3_bucket_consumer to None, run_after=None
[2024-10-31T11:55:20.048+0000] {logging_mixin.py:190} INFO - [2024-10-31T11:55:20.048+0000] {dag.py:4180} INFO - Setting next_dagrun for dataset_s3_bucket_producer to None, run_after=None
[2024-10-31T11:55:20.062+0000] {processor.py:208} INFO - Processing /home/airflow/.local/lib/python3.12/site-packages/airflow/example_dags/example_dataset_alias.py took 0.161 seconds
[2024-10-31T11:55:50.146+0000] {processor.py:186} INFO - Started process (PID=461) to work on /home/airflow/.local/lib/python3.12/site-packages/airflow/example_dags/example_dataset_alias.py
[2024-10-31T11:55:50.147+0000] {processor.py:914} INFO - Processing file /home/airflow/.local/lib/python3.12/site-packages/airflow/example_dags/example_dataset_alias.py for tasks to queue
[2024-10-31T11:55:50.149+0000] {logging_mixin.py:190} INFO - [2024-10-31T11:55:50.149+0000] {dagbag.py:588} INFO - Filling up the DagBag from /home/airflow/.local/lib/python3.12/site-packages/airflow/example_dags/example_dataset_alias.py
[2024-10-31T11:55:50.249+0000] {processor.py:925} INFO - DAG(s) 'dataset_s3_bucket_producer', 'dataset_s3_bucket_consumer', 'dataset_alias_example_alias_consumer', 'dataset_alias_example_alias_producer' retrieved from /home/airflow/.local/lib/python3.12/site-packages/airflow/example_dags/example_dataset_alias.py
[2024-10-31T11:55:50.263+0000] {logging_mixin.py:190} INFO - [2024-10-31T11:55:50.263+0000] {dag.py:3239} INFO - Sync 4 DAGs
[2024-10-31T11:55:50.278+0000] {logging_mixin.py:190} INFO - [2024-10-31T11:55:50.277+0000] {dag.py:4180} INFO - Setting next_dagrun for dataset_alias_example_alias_consumer to None, run_after=None
[2024-10-31T11:55:50.281+0000] {logging_mixin.py:190} INFO - [2024-10-31T11:55:50.280+0000] {dag.py:4180} INFO - Setting next_dagrun for dataset_alias_example_alias_producer to None, run_after=None
[2024-10-31T11:55:50.286+0000] {logging_mixin.py:190} INFO - [2024-10-31T11:55:50.286+0000] {dag.py:4180} INFO - Setting next_dagrun for dataset_s3_bucket_consumer to None, run_after=None
[2024-10-31T11:55:50.289+0000] {logging_mixin.py:190} INFO - [2024-10-31T11:55:50.289+0000] {dag.py:4180} INFO - Setting next_dagrun for dataset_s3_bucket_producer to None, run_after=None
[2024-10-31T11:55:50.306+0000] {processor.py:208} INFO - Processing /home/airflow/.local/lib/python3.12/site-packages/airflow/example_dags/example_dataset_alias.py took 0.164 seconds
[2024-10-31T11:56:20.468+0000] {processor.py:186} INFO - Started process (PID=525) to work on /home/airflow/.local/lib/python3.12/site-packages/airflow/example_dags/example_dataset_alias.py
[2024-10-31T11:56:20.470+0000] {processor.py:914} INFO - Processing file /home/airflow/.local/lib/python3.12/site-packages/airflow/example_dags/example_dataset_alias.py for tasks to queue
[2024-10-31T11:56:20.471+0000] {logging_mixin.py:190} INFO - [2024-10-31T11:56:20.471+0000] {dagbag.py:588} INFO - Filling up the DagBag from /home/airflow/.local/lib/python3.12/site-packages/airflow/example_dags/example_dataset_alias.py
[2024-10-31T11:56:20.578+0000] {processor.py:925} INFO - DAG(s) 'dataset_alias_example_alias_consumer', 'dataset_s3_bucket_consumer', 'dataset_alias_example_alias_producer', 'dataset_s3_bucket_producer' retrieved from /home/airflow/.local/lib/python3.12/site-packages/airflow/example_dags/example_dataset_alias.py
[2024-10-31T11:56:20.595+0000] {logging_mixin.py:190} INFO - [2024-10-31T11:56:20.594+0000] {dag.py:3239} INFO - Sync 4 DAGs
[2024-10-31T11:56:20.608+0000] {logging_mixin.py:190} INFO - [2024-10-31T11:56:20.608+0000] {dag.py:4180} INFO - Setting next_dagrun for dataset_alias_example_alias_consumer to None, run_after=None
[2024-10-31T11:56:20.610+0000] {logging_mixin.py:190} INFO - [2024-10-31T11:56:20.610+0000] {dag.py:4180} INFO - Setting next_dagrun for dataset_alias_example_alias_producer to None, run_after=None
[2024-10-31T11:56:20.611+0000] {logging_mixin.py:190} INFO - [2024-10-31T11:56:20.611+0000] {dag.py:4180} INFO - Setting next_dagrun for dataset_s3_bucket_consumer to None, run_after=None
[2024-10-31T11:56:20.612+0000] {logging_mixin.py:190} INFO - [2024-10-31T11:56:20.612+0000] {dag.py:4180} INFO - Setting next_dagrun for dataset_s3_bucket_producer to None, run_after=None
[2024-10-31T11:56:20.623+0000] {processor.py:208} INFO - Processing /home/airflow/.local/lib/python3.12/site-packages/airflow/example_dags/example_dataset_alias.py took 0.159 seconds
[2024-10-31T11:56:50.710+0000] {processor.py:186} INFO - Started process (PID=589) to work on /home/airflow/.local/lib/python3.12/site-packages/airflow/example_dags/example_dataset_alias.py
[2024-10-31T11:56:50.711+0000] {processor.py:914} INFO - Processing file /home/airflow/.local/lib/python3.12/site-packages/airflow/example_dags/example_dataset_alias.py for tasks to queue
[2024-10-31T11:56:50.715+0000] {logging_mixin.py:190} INFO - [2024-10-31T11:56:50.714+0000] {dagbag.py:588} INFO - Filling up the DagBag from /home/airflow/.local/lib/python3.12/site-packages/airflow/example_dags/example_dataset_alias.py
[2024-10-31T11:56:50.841+0000] {processor.py:925} INFO - DAG(s) 'dataset_s3_bucket_consumer', 'dataset_s3_bucket_producer', 'dataset_alias_example_alias_producer', 'dataset_alias_example_alias_consumer' retrieved from /home/airflow/.local/lib/python3.12/site-packages/airflow/example_dags/example_dataset_alias.py
[2024-10-31T11:56:50.859+0000] {logging_mixin.py:190} INFO - [2024-10-31T11:56:50.859+0000] {dag.py:3239} INFO - Sync 4 DAGs
[2024-10-31T11:56:50.877+0000] {logging_mixin.py:190} INFO - [2024-10-31T11:56:50.876+0000] {dag.py:4180} INFO - Setting next_dagrun for dataset_alias_example_alias_consumer to None, run_after=None
[2024-10-31T11:56:50.880+0000] {logging_mixin.py:190} INFO - [2024-10-31T11:56:50.880+0000] {dag.py:4180} INFO - Setting next_dagrun for dataset_alias_example_alias_producer to None, run_after=None
[2024-10-31T11:56:50.884+0000] {logging_mixin.py:190} INFO - [2024-10-31T11:56:50.884+0000] {dag.py:4180} INFO - Setting next_dagrun for dataset_s3_bucket_consumer to None, run_after=None
[2024-10-31T11:56:50.886+0000] {logging_mixin.py:190} INFO - [2024-10-31T11:56:50.886+0000] {dag.py:4180} INFO - Setting next_dagrun for dataset_s3_bucket_producer to None, run_after=None
[2024-10-31T11:56:50.902+0000] {processor.py:208} INFO - Processing /home/airflow/.local/lib/python3.12/site-packages/airflow/example_dags/example_dataset_alias.py took 0.197 seconds
[2024-10-31T11:57:21.056+0000] {processor.py:186} INFO - Started process (PID=652) to work on /home/airflow/.local/lib/python3.12/site-packages/airflow/example_dags/example_dataset_alias.py
[2024-10-31T11:57:21.059+0000] {processor.py:914} INFO - Processing file /home/airflow/.local/lib/python3.12/site-packages/airflow/example_dags/example_dataset_alias.py for tasks to queue
[2024-10-31T11:57:21.060+0000] {logging_mixin.py:190} INFO - [2024-10-31T11:57:21.060+0000] {dagbag.py:588} INFO - Filling up the DagBag from /home/airflow/.local/lib/python3.12/site-packages/airflow/example_dags/example_dataset_alias.py
[2024-10-31T11:57:21.167+0000] {processor.py:925} INFO - DAG(s) 'dataset_s3_bucket_producer', 'dataset_s3_bucket_consumer', 'dataset_alias_example_alias_producer', 'dataset_alias_example_alias_consumer' retrieved from /home/airflow/.local/lib/python3.12/site-packages/airflow/example_dags/example_dataset_alias.py
[2024-10-31T11:57:21.191+0000] {logging_mixin.py:190} INFO - [2024-10-31T11:57:21.190+0000] {dag.py:3239} INFO - Sync 4 DAGs
[2024-10-31T11:57:21.209+0000] {logging_mixin.py:190} INFO - [2024-10-31T11:57:21.208+0000] {dag.py:4180} INFO - Setting next_dagrun for dataset_alias_example_alias_consumer to None, run_after=None
[2024-10-31T11:57:21.211+0000] {logging_mixin.py:190} INFO - [2024-10-31T11:57:21.211+0000] {dag.py:4180} INFO - Setting next_dagrun for dataset_alias_example_alias_producer to None, run_after=None
[2024-10-31T11:57:21.212+0000] {logging_mixin.py:190} INFO - [2024-10-31T11:57:21.212+0000] {dag.py:4180} INFO - Setting next_dagrun for dataset_s3_bucket_consumer to None, run_after=None
[2024-10-31T11:57:21.213+0000] {logging_mixin.py:190} INFO - [2024-10-31T11:57:21.213+0000] {dag.py:4180} INFO - Setting next_dagrun for dataset_s3_bucket_producer to None, run_after=None
[2024-10-31T11:57:21.230+0000] {processor.py:208} INFO - Processing /home/airflow/.local/lib/python3.12/site-packages/airflow/example_dags/example_dataset_alias.py took 0.178 seconds
[2024-10-31T11:57:51.420+0000] {processor.py:186} INFO - Started process (PID=715) to work on /home/airflow/.local/lib/python3.12/site-packages/airflow/example_dags/example_dataset_alias.py
[2024-10-31T11:57:51.422+0000] {processor.py:914} INFO - Processing file /home/airflow/.local/lib/python3.12/site-packages/airflow/example_dags/example_dataset_alias.py for tasks to queue
[2024-10-31T11:57:51.424+0000] {logging_mixin.py:190} INFO - [2024-10-31T11:57:51.424+0000] {dagbag.py:588} INFO - Filling up the DagBag from /home/airflow/.local/lib/python3.12/site-packages/airflow/example_dags/example_dataset_alias.py
[2024-10-31T11:57:51.529+0000] {processor.py:925} INFO - DAG(s) 'dataset_alias_example_alias_consumer', 'dataset_s3_bucket_consumer', 'dataset_s3_bucket_producer', 'dataset_alias_example_alias_producer' retrieved from /home/airflow/.local/lib/python3.12/site-packages/airflow/example_dags/example_dataset_alias.py
[2024-10-31T11:57:51.543+0000] {logging_mixin.py:190} INFO - [2024-10-31T11:57:51.543+0000] {dag.py:3239} INFO - Sync 4 DAGs
[2024-10-31T11:57:51.559+0000] {logging_mixin.py:190} INFO - [2024-10-31T11:57:51.559+0000] {dag.py:4180} INFO - Setting next_dagrun for dataset_alias_example_alias_consumer to None, run_after=None
[2024-10-31T11:57:51.562+0000] {logging_mixin.py:190} INFO - [2024-10-31T11:57:51.562+0000] {dag.py:4180} INFO - Setting next_dagrun for dataset_alias_example_alias_producer to None, run_after=None
[2024-10-31T11:57:51.565+0000] {logging_mixin.py:190} INFO - [2024-10-31T11:57:51.565+0000] {dag.py:4180} INFO - Setting next_dagrun for dataset_s3_bucket_consumer to None, run_after=None
[2024-10-31T11:57:51.567+0000] {logging_mixin.py:190} INFO - [2024-10-31T11:57:51.567+0000] {dag.py:4180} INFO - Setting next_dagrun for dataset_s3_bucket_producer to None, run_after=None
[2024-10-31T11:57:51.585+0000] {processor.py:208} INFO - Processing /home/airflow/.local/lib/python3.12/site-packages/airflow/example_dags/example_dataset_alias.py took 0.169 seconds
[2024-10-31T11:58:21.688+0000] {processor.py:186} INFO - Started process (PID=780) to work on /home/airflow/.local/lib/python3.12/site-packages/airflow/example_dags/example_dataset_alias.py
[2024-10-31T11:58:21.689+0000] {processor.py:914} INFO - Processing file /home/airflow/.local/lib/python3.12/site-packages/airflow/example_dags/example_dataset_alias.py for tasks to queue
[2024-10-31T11:58:21.691+0000] {logging_mixin.py:190} INFO - [2024-10-31T11:58:21.691+0000] {dagbag.py:588} INFO - Filling up the DagBag from /home/airflow/.local/lib/python3.12/site-packages/airflow/example_dags/example_dataset_alias.py
[2024-10-31T11:58:21.801+0000] {processor.py:925} INFO - DAG(s) 'dataset_s3_bucket_consumer', 'dataset_s3_bucket_producer', 'dataset_alias_example_alias_consumer', 'dataset_alias_example_alias_producer' retrieved from /home/airflow/.local/lib/python3.12/site-packages/airflow/example_dags/example_dataset_alias.py
[2024-10-31T11:58:21.817+0000] {logging_mixin.py:190} INFO - [2024-10-31T11:58:21.817+0000] {dag.py:3239} INFO - Sync 4 DAGs
[2024-10-31T11:58:21.833+0000] {logging_mixin.py:190} INFO - [2024-10-31T11:58:21.832+0000] {dag.py:4180} INFO - Setting next_dagrun for dataset_alias_example_alias_consumer to None, run_after=None
[2024-10-31T11:58:21.835+0000] {logging_mixin.py:190} INFO - [2024-10-31T11:58:21.834+0000] {dag.py:4180} INFO - Setting next_dagrun for dataset_alias_example_alias_producer to None, run_after=None
[2024-10-31T11:58:21.835+0000] {logging_mixin.py:190} INFO - [2024-10-31T11:58:21.835+0000] {dag.py:4180} INFO - Setting next_dagrun for dataset_s3_bucket_consumer to None, run_after=None
[2024-10-31T11:58:21.836+0000] {logging_mixin.py:190} INFO - [2024-10-31T11:58:21.836+0000] {dag.py:4180} INFO - Setting next_dagrun for dataset_s3_bucket_producer to None, run_after=None
[2024-10-31T11:58:21.854+0000] {processor.py:208} INFO - Processing /home/airflow/.local/lib/python3.12/site-packages/airflow/example_dags/example_dataset_alias.py took 0.169 seconds
[2024-10-31T11:58:52.904+0000] {processor.py:186} INFO - Started process (PID=843) to work on /home/airflow/.local/lib/python3.12/site-packages/airflow/example_dags/example_dataset_alias.py
[2024-10-31T11:58:52.906+0000] {processor.py:914} INFO - Processing file /home/airflow/.local/lib/python3.12/site-packages/airflow/example_dags/example_dataset_alias.py for tasks to queue
[2024-10-31T11:58:52.909+0000] {logging_mixin.py:190} INFO - [2024-10-31T11:58:52.909+0000] {dagbag.py:588} INFO - Filling up the DagBag from /home/airflow/.local/lib/python3.12/site-packages/airflow/example_dags/example_dataset_alias.py
[2024-10-31T11:58:53.017+0000] {processor.py:925} INFO - DAG(s) 'dataset_s3_bucket_consumer', 'dataset_alias_example_alias_consumer', 'dataset_alias_example_alias_producer', 'dataset_s3_bucket_producer' retrieved from /home/airflow/.local/lib/python3.12/site-packages/airflow/example_dags/example_dataset_alias.py
[2024-10-31T11:58:53.039+0000] {logging_mixin.py:190} INFO - [2024-10-31T11:58:53.039+0000] {dag.py:3239} INFO - Sync 4 DAGs
[2024-10-31T11:58:53.056+0000] {logging_mixin.py:190} INFO - [2024-10-31T11:58:53.056+0000] {dag.py:4180} INFO - Setting next_dagrun for dataset_alias_example_alias_consumer to None, run_after=None
[2024-10-31T11:58:53.059+0000] {logging_mixin.py:190} INFO - [2024-10-31T11:58:53.059+0000] {dag.py:4180} INFO - Setting next_dagrun for dataset_alias_example_alias_producer to None, run_after=None
[2024-10-31T11:58:53.064+0000] {logging_mixin.py:190} INFO - [2024-10-31T11:58:53.064+0000] {dag.py:4180} INFO - Setting next_dagrun for dataset_s3_bucket_consumer to None, run_after=None
[2024-10-31T11:58:53.065+0000] {logging_mixin.py:190} INFO - [2024-10-31T11:58:53.065+0000] {dag.py:4180} INFO - Setting next_dagrun for dataset_s3_bucket_producer to None, run_after=None
[2024-10-31T11:58:53.079+0000] {processor.py:208} INFO - Processing /home/airflow/.local/lib/python3.12/site-packages/airflow/example_dags/example_dataset_alias.py took 0.179 seconds
[2024-10-31T11:59:23.286+0000] {processor.py:186} INFO - Started process (PID=909) to work on /home/airflow/.local/lib/python3.12/site-packages/airflow/example_dags/example_dataset_alias.py
[2024-10-31T11:59:23.287+0000] {processor.py:914} INFO - Processing file /home/airflow/.local/lib/python3.12/site-packages/airflow/example_dags/example_dataset_alias.py for tasks to queue
[2024-10-31T11:59:23.288+0000] {logging_mixin.py:190} INFO - [2024-10-31T11:59:23.288+0000] {dagbag.py:588} INFO - Filling up the DagBag from /home/airflow/.local/lib/python3.12/site-packages/airflow/example_dags/example_dataset_alias.py
[2024-10-31T11:59:23.402+0000] {processor.py:925} INFO - DAG(s) 'dataset_alias_example_alias_producer', 'dataset_s3_bucket_producer', 'dataset_alias_example_alias_consumer', 'dataset_s3_bucket_consumer' retrieved from /home/airflow/.local/lib/python3.12/site-packages/airflow/example_dags/example_dataset_alias.py
[2024-10-31T11:59:23.425+0000] {logging_mixin.py:190} INFO - [2024-10-31T11:59:23.425+0000] {dag.py:3239} INFO - Sync 4 DAGs
[2024-10-31T11:59:23.479+0000] {logging_mixin.py:190} INFO - [2024-10-31T11:59:23.479+0000] {dag.py:4180} INFO - Setting next_dagrun for dataset_alias_example_alias_consumer to None, run_after=None
[2024-10-31T11:59:23.482+0000] {logging_mixin.py:190} INFO - [2024-10-31T11:59:23.482+0000] {dag.py:4180} INFO - Setting next_dagrun for dataset_alias_example_alias_producer to None, run_after=None
[2024-10-31T11:59:23.487+0000] {logging_mixin.py:190} INFO - [2024-10-31T11:59:23.487+0000] {dag.py:4180} INFO - Setting next_dagrun for dataset_s3_bucket_consumer to None, run_after=None
[2024-10-31T11:59:23.488+0000] {logging_mixin.py:190} INFO - [2024-10-31T11:59:23.488+0000] {dag.py:4180} INFO - Setting next_dagrun for dataset_s3_bucket_producer to None, run_after=None
[2024-10-31T11:59:23.512+0000] {processor.py:208} INFO - Processing /home/airflow/.local/lib/python3.12/site-packages/airflow/example_dags/example_dataset_alias.py took 0.231 seconds
[2024-10-31T11:59:53.932+0000] {processor.py:186} INFO - Started process (PID=971) to work on /home/airflow/.local/lib/python3.12/site-packages/airflow/example_dags/example_dataset_alias.py
[2024-10-31T11:59:53.934+0000] {processor.py:914} INFO - Processing file /home/airflow/.local/lib/python3.12/site-packages/airflow/example_dags/example_dataset_alias.py for tasks to queue
[2024-10-31T11:59:53.937+0000] {logging_mixin.py:190} INFO - [2024-10-31T11:59:53.937+0000] {dagbag.py:588} INFO - Filling up the DagBag from /home/airflow/.local/lib/python3.12/site-packages/airflow/example_dags/example_dataset_alias.py
[2024-10-31T11:59:54.058+0000] {processor.py:925} INFO - DAG(s) 'dataset_alias_example_alias_consumer', 'dataset_s3_bucket_producer', 'dataset_s3_bucket_consumer', 'dataset_alias_example_alias_producer' retrieved from /home/airflow/.local/lib/python3.12/site-packages/airflow/example_dags/example_dataset_alias.py
[2024-10-31T11:59:54.076+0000] {logging_mixin.py:190} INFO - [2024-10-31T11:59:54.076+0000] {dag.py:3239} INFO - Sync 4 DAGs
[2024-10-31T11:59:54.095+0000] {logging_mixin.py:190} INFO - [2024-10-31T11:59:54.095+0000] {dag.py:4180} INFO - Setting next_dagrun for dataset_alias_example_alias_consumer to None, run_after=None
[2024-10-31T11:59:54.097+0000] {logging_mixin.py:190} INFO - [2024-10-31T11:59:54.097+0000] {dag.py:4180} INFO - Setting next_dagrun for dataset_alias_example_alias_producer to None, run_after=None
[2024-10-31T11:59:54.098+0000] {logging_mixin.py:190} INFO - [2024-10-31T11:59:54.098+0000] {dag.py:4180} INFO - Setting next_dagrun for dataset_s3_bucket_consumer to None, run_after=None
[2024-10-31T11:59:54.099+0000] {logging_mixin.py:190} INFO - [2024-10-31T11:59:54.099+0000] {dag.py:4180} INFO - Setting next_dagrun for dataset_s3_bucket_producer to None, run_after=None
[2024-10-31T11:59:54.118+0000] {processor.py:208} INFO - Processing /home/airflow/.local/lib/python3.12/site-packages/airflow/example_dags/example_dataset_alias.py took 0.191 seconds
[2024-10-31T12:00:24.457+0000] {processor.py:186} INFO - Started process (PID=1034) to work on /home/airflow/.local/lib/python3.12/site-packages/airflow/example_dags/example_dataset_alias.py
[2024-10-31T12:00:24.458+0000] {processor.py:914} INFO - Processing file /home/airflow/.local/lib/python3.12/site-packages/airflow/example_dags/example_dataset_alias.py for tasks to queue
[2024-10-31T12:00:24.460+0000] {logging_mixin.py:190} INFO - [2024-10-31T12:00:24.460+0000] {dagbag.py:588} INFO - Filling up the DagBag from /home/airflow/.local/lib/python3.12/site-packages/airflow/example_dags/example_dataset_alias.py
[2024-10-31T12:00:24.585+0000] {processor.py:925} INFO - DAG(s) 'dataset_s3_bucket_consumer', 'dataset_alias_example_alias_producer', 'dataset_alias_example_alias_consumer', 'dataset_s3_bucket_producer' retrieved from /home/airflow/.local/lib/python3.12/site-packages/airflow/example_dags/example_dataset_alias.py
[2024-10-31T12:00:24.606+0000] {logging_mixin.py:190} INFO - [2024-10-31T12:00:24.606+0000] {dag.py:3239} INFO - Sync 4 DAGs
[2024-10-31T12:00:24.621+0000] {logging_mixin.py:190} INFO - [2024-10-31T12:00:24.621+0000] {dag.py:4180} INFO - Setting next_dagrun for dataset_alias_example_alias_consumer to None, run_after=None
[2024-10-31T12:00:24.623+0000] {logging_mixin.py:190} INFO - [2024-10-31T12:00:24.623+0000] {dag.py:4180} INFO - Setting next_dagrun for dataset_alias_example_alias_producer to None, run_after=None
[2024-10-31T12:00:24.624+0000] {logging_mixin.py:190} INFO - [2024-10-31T12:00:24.624+0000] {dag.py:4180} INFO - Setting next_dagrun for dataset_s3_bucket_consumer to None, run_after=None
[2024-10-31T12:00:24.625+0000] {logging_mixin.py:190} INFO - [2024-10-31T12:00:24.624+0000] {dag.py:4180} INFO - Setting next_dagrun for dataset_s3_bucket_producer to None, run_after=None
[2024-10-31T12:00:24.644+0000] {processor.py:208} INFO - Processing /home/airflow/.local/lib/python3.12/site-packages/airflow/example_dags/example_dataset_alias.py took 0.192 seconds
[2024-10-31T12:42:18.491+0000] {processor.py:186} INFO - Started process (PID=79) to work on /home/airflow/.local/lib/python3.12/site-packages/airflow/example_dags/example_dataset_alias.py
[2024-10-31T12:42:18.492+0000] {processor.py:914} INFO - Processing file /home/airflow/.local/lib/python3.12/site-packages/airflow/example_dags/example_dataset_alias.py for tasks to queue
[2024-10-31T12:42:18.494+0000] {logging_mixin.py:190} INFO - [2024-10-31T12:42:18.494+0000] {dagbag.py:588} INFO - Filling up the DagBag from /home/airflow/.local/lib/python3.12/site-packages/airflow/example_dags/example_dataset_alias.py
[2024-10-31T12:42:18.594+0000] {processor.py:925} INFO - DAG(s) 'dataset_s3_bucket_consumer', 'dataset_s3_bucket_producer', 'dataset_alias_example_alias_producer', 'dataset_alias_example_alias_consumer' retrieved from /home/airflow/.local/lib/python3.12/site-packages/airflow/example_dags/example_dataset_alias.py
[2024-10-31T12:42:18.650+0000] {logging_mixin.py:190} INFO - [2024-10-31T12:42:18.650+0000] {override.py:1900} INFO - Created Permission View: can read on DAG:dataset_s3_bucket_consumer
[2024-10-31T12:42:18.657+0000] {logging_mixin.py:190} INFO - [2024-10-31T12:42:18.657+0000] {override.py:1900} INFO - Created Permission View: can delete on DAG:dataset_s3_bucket_consumer
[2024-10-31T12:42:18.664+0000] {logging_mixin.py:190} INFO - [2024-10-31T12:42:18.664+0000] {override.py:1900} INFO - Created Permission View: can edit on DAG:dataset_s3_bucket_consumer
[2024-10-31T12:42:18.668+0000] {logging_mixin.py:190} INFO - [2024-10-31T12:42:18.668+0000] {override.py:1900} INFO - Created Permission View: menu access on DAG Run:dataset_s3_bucket_consumer
[2024-10-31T12:42:18.674+0000] {logging_mixin.py:190} INFO - [2024-10-31T12:42:18.674+0000] {override.py:1900} INFO - Created Permission View: can read on DAG Run:dataset_s3_bucket_consumer
[2024-10-31T12:42:18.681+0000] {logging_mixin.py:190} INFO - [2024-10-31T12:42:18.681+0000] {override.py:1900} INFO - Created Permission View: can delete on DAG Run:dataset_s3_bucket_consumer
[2024-10-31T12:42:18.684+0000] {logging_mixin.py:190} INFO - [2024-10-31T12:42:18.684+0000] {override.py:1900} INFO - Created Permission View: can create on DAG Run:dataset_s3_bucket_consumer
[2024-10-31T12:42:18.691+0000] {logging_mixin.py:190} INFO - [2024-10-31T12:42:18.691+0000] {override.py:1900} INFO - Created Permission View: can read on DAG:dataset_s3_bucket_producer
[2024-10-31T12:42:18.695+0000] {logging_mixin.py:190} INFO - [2024-10-31T12:42:18.694+0000] {override.py:1900} INFO - Created Permission View: can delete on DAG:dataset_s3_bucket_producer
[2024-10-31T12:42:18.703+0000] {logging_mixin.py:190} INFO - [2024-10-31T12:42:18.703+0000] {override.py:1900} INFO - Created Permission View: can edit on DAG:dataset_s3_bucket_producer
[2024-10-31T12:42:18.709+0000] {logging_mixin.py:190} INFO - [2024-10-31T12:42:18.708+0000] {override.py:1900} INFO - Created Permission View: menu access on DAG Run:dataset_s3_bucket_producer
[2024-10-31T12:42:18.713+0000] {logging_mixin.py:190} INFO - [2024-10-31T12:42:18.713+0000] {override.py:1900} INFO - Created Permission View: can read on DAG Run:dataset_s3_bucket_producer
[2024-10-31T12:42:18.722+0000] {logging_mixin.py:190} INFO - [2024-10-31T12:42:18.722+0000] {override.py:1900} INFO - Created Permission View: can delete on DAG Run:dataset_s3_bucket_producer
[2024-10-31T12:42:18.730+0000] {logging_mixin.py:190} INFO - [2024-10-31T12:42:18.730+0000] {override.py:1900} INFO - Created Permission View: can create on DAG Run:dataset_s3_bucket_producer
[2024-10-31T12:42:18.741+0000] {logging_mixin.py:190} INFO - [2024-10-31T12:42:18.740+0000] {override.py:1900} INFO - Created Permission View: can read on DAG:dataset_alias_example_alias_producer
[2024-10-31T12:42:18.748+0000] {logging_mixin.py:190} INFO - [2024-10-31T12:42:18.747+0000] {override.py:1900} INFO - Created Permission View: can delete on DAG:dataset_alias_example_alias_producer
[2024-10-31T12:42:18.754+0000] {logging_mixin.py:190} INFO - [2024-10-31T12:42:18.754+0000] {override.py:1900} INFO - Created Permission View: can edit on DAG:dataset_alias_example_alias_producer
[2024-10-31T12:42:18.763+0000] {logging_mixin.py:190} INFO - [2024-10-31T12:42:18.763+0000] {override.py:1900} INFO - Created Permission View: menu access on DAG Run:dataset_alias_example_alias_producer
[2024-10-31T12:42:18.768+0000] {logging_mixin.py:190} INFO - [2024-10-31T12:42:18.767+0000] {override.py:1900} INFO - Created Permission View: can read on DAG Run:dataset_alias_example_alias_producer
[2024-10-31T12:42:18.772+0000] {logging_mixin.py:190} INFO - [2024-10-31T12:42:18.772+0000] {override.py:1900} INFO - Created Permission View: can delete on DAG Run:dataset_alias_example_alias_producer
[2024-10-31T12:42:18.775+0000] {logging_mixin.py:190} INFO - [2024-10-31T12:42:18.775+0000] {override.py:1900} INFO - Created Permission View: can create on DAG Run:dataset_alias_example_alias_producer
[2024-10-31T12:42:18.784+0000] {logging_mixin.py:190} INFO - [2024-10-31T12:42:18.784+0000] {override.py:1900} INFO - Created Permission View: can read on DAG:dataset_alias_example_alias_consumer
[2024-10-31T12:42:18.792+0000] {logging_mixin.py:190} INFO - [2024-10-31T12:42:18.792+0000] {override.py:1900} INFO - Created Permission View: can delete on DAG:dataset_alias_example_alias_consumer
[2024-10-31T12:42:18.798+0000] {logging_mixin.py:190} INFO - [2024-10-31T12:42:18.797+0000] {override.py:1900} INFO - Created Permission View: can edit on DAG:dataset_alias_example_alias_consumer
[2024-10-31T12:42:18.806+0000] {logging_mixin.py:190} INFO - [2024-10-31T12:42:18.806+0000] {override.py:1900} INFO - Created Permission View: menu access on DAG Run:dataset_alias_example_alias_consumer
[2024-10-31T12:42:18.815+0000] {logging_mixin.py:190} INFO - [2024-10-31T12:42:18.814+0000] {override.py:1900} INFO - Created Permission View: can read on DAG Run:dataset_alias_example_alias_consumer
[2024-10-31T12:42:18.822+0000] {logging_mixin.py:190} INFO - [2024-10-31T12:42:18.822+0000] {override.py:1900} INFO - Created Permission View: can delete on DAG Run:dataset_alias_example_alias_consumer
[2024-10-31T12:42:18.826+0000] {logging_mixin.py:190} INFO - [2024-10-31T12:42:18.825+0000] {override.py:1900} INFO - Created Permission View: can create on DAG Run:dataset_alias_example_alias_consumer
[2024-10-31T12:42:18.826+0000] {logging_mixin.py:190} INFO - [2024-10-31T12:42:18.826+0000] {dag.py:3239} INFO - Sync 4 DAGs
[2024-10-31T12:42:18.834+0000] {logging_mixin.py:190} INFO - [2024-10-31T12:42:18.834+0000] {dag.py:3262} INFO - Creating ORM DAG for dataset_s3_bucket_consumer
[2024-10-31T12:42:18.837+0000] {logging_mixin.py:190} INFO - [2024-10-31T12:42:18.837+0000] {dag.py:3262} INFO - Creating ORM DAG for dataset_alias_example_alias_producer
[2024-10-31T12:42:18.839+0000] {logging_mixin.py:190} INFO - [2024-10-31T12:42:18.839+0000] {dag.py:3262} INFO - Creating ORM DAG for dataset_alias_example_alias_consumer
[2024-10-31T12:42:18.840+0000] {logging_mixin.py:190} INFO - [2024-10-31T12:42:18.840+0000] {dag.py:3262} INFO - Creating ORM DAG for dataset_s3_bucket_producer
[2024-10-31T12:42:18.846+0000] {logging_mixin.py:190} INFO - [2024-10-31T12:42:18.846+0000] {dag.py:4180} INFO - Setting next_dagrun for dataset_alias_example_alias_consumer to None, run_after=None
[2024-10-31T12:42:18.847+0000] {logging_mixin.py:190} INFO - [2024-10-31T12:42:18.847+0000] {dag.py:4180} INFO - Setting next_dagrun for dataset_alias_example_alias_producer to None, run_after=None
[2024-10-31T12:42:18.847+0000] {logging_mixin.py:190} INFO - [2024-10-31T12:42:18.847+0000] {dag.py:4180} INFO - Setting next_dagrun for dataset_s3_bucket_consumer to None, run_after=None
[2024-10-31T12:42:18.848+0000] {logging_mixin.py:190} INFO - [2024-10-31T12:42:18.848+0000] {dag.py:4180} INFO - Setting next_dagrun for dataset_s3_bucket_producer to None, run_after=None
[2024-10-31T12:42:18.872+0000] {processor.py:208} INFO - Processing /home/airflow/.local/lib/python3.12/site-packages/airflow/example_dags/example_dataset_alias.py took 0.384 seconds
