[2024-10-31T11:46:27.784+0000] {processor.py:186} INFO - Started process (PID=107) to work on /home/airflow/.local/lib/python3.12/site-packages/airflow/example_dags/example_sensors.py
[2024-10-31T11:46:27.786+0000] {processor.py:914} INFO - Processing file /home/airflow/.local/lib/python3.12/site-packages/airflow/example_dags/example_sensors.py for tasks to queue
[2024-10-31T11:46:27.788+0000] {logging_mixin.py:190} INFO - [2024-10-31T11:46:27.787+0000] {dagbag.py:588} INFO - Filling up the DagBag from /home/airflow/.local/lib/python3.12/site-packages/airflow/example_dags/example_sensors.py
[2024-10-31T11:46:27.814+0000] {processor.py:925} INFO - DAG(s) 'example_sensors' retrieved from /home/airflow/.local/lib/python3.12/site-packages/airflow/example_dags/example_sensors.py
[2024-10-31T11:46:27.907+0000] {logging_mixin.py:190} INFO - [2024-10-31T11:46:27.907+0000] {override.py:1900} INFO - Created Permission View: can delete on DAG:example_sensors
[2024-10-31T11:46:27.919+0000] {logging_mixin.py:190} INFO - [2024-10-31T11:46:27.918+0000] {override.py:1900} INFO - Created Permission View: can read on DAG:example_sensors
[2024-10-31T11:46:27.925+0000] {logging_mixin.py:190} INFO - [2024-10-31T11:46:27.925+0000] {override.py:1900} INFO - Created Permission View: can edit on DAG:example_sensors
[2024-10-31T11:46:27.930+0000] {logging_mixin.py:190} INFO - [2024-10-31T11:46:27.930+0000] {override.py:1900} INFO - Created Permission View: can delete on DAG Run:example_sensors
[2024-10-31T11:46:27.934+0000] {logging_mixin.py:190} INFO - [2024-10-31T11:46:27.934+0000] {override.py:1900} INFO - Created Permission View: can read on DAG Run:example_sensors
[2024-10-31T11:46:27.938+0000] {logging_mixin.py:190} INFO - [2024-10-31T11:46:27.938+0000] {override.py:1900} INFO - Created Permission View: can create on DAG Run:example_sensors
[2024-10-31T11:46:27.942+0000] {logging_mixin.py:190} INFO - [2024-10-31T11:46:27.942+0000] {override.py:1900} INFO - Created Permission View: menu access on DAG Run:example_sensors
[2024-10-31T11:46:27.943+0000] {logging_mixin.py:190} INFO - [2024-10-31T11:46:27.943+0000] {dag.py:3239} INFO - Sync 1 DAGs
[2024-10-31T11:46:27.952+0000] {logging_mixin.py:190} INFO - [2024-10-31T11:46:27.952+0000] {dag.py:3262} INFO - Creating ORM DAG for example_sensors
[2024-10-31T11:46:27.953+0000] {logging_mixin.py:190} INFO - [2024-10-31T11:46:27.953+0000] {dag.py:4180} INFO - Setting next_dagrun for example_sensors to None, run_after=None
[2024-10-31T11:46:27.988+0000] {processor.py:208} INFO - Processing /home/airflow/.local/lib/python3.12/site-packages/airflow/example_dags/example_sensors.py took 0.208 seconds
[2024-10-31T11:46:58.444+0000] {processor.py:186} INFO - Started process (PID=171) to work on /home/airflow/.local/lib/python3.12/site-packages/airflow/example_dags/example_sensors.py
[2024-10-31T11:46:58.448+0000] {processor.py:914} INFO - Processing file /home/airflow/.local/lib/python3.12/site-packages/airflow/example_dags/example_sensors.py for tasks to queue
[2024-10-31T11:46:58.450+0000] {logging_mixin.py:190} INFO - [2024-10-31T11:46:58.449+0000] {dagbag.py:588} INFO - Filling up the DagBag from /home/airflow/.local/lib/python3.12/site-packages/airflow/example_dags/example_sensors.py
[2024-10-31T11:46:58.457+0000] {processor.py:925} INFO - DAG(s) 'example_sensors' retrieved from /home/airflow/.local/lib/python3.12/site-packages/airflow/example_dags/example_sensors.py
[2024-10-31T11:46:58.482+0000] {logging_mixin.py:190} INFO - [2024-10-31T11:46:58.482+0000] {dag.py:3239} INFO - Sync 1 DAGs
[2024-10-31T11:46:58.491+0000] {logging_mixin.py:190} INFO - [2024-10-31T11:46:58.491+0000] {dag.py:4180} INFO - Setting next_dagrun for example_sensors to None, run_after=None
[2024-10-31T11:46:58.507+0000] {processor.py:208} INFO - Processing /home/airflow/.local/lib/python3.12/site-packages/airflow/example_dags/example_sensors.py took 0.067 seconds
[2024-10-31T11:47:28.780+0000] {processor.py:186} INFO - Started process (PID=235) to work on /home/airflow/.local/lib/python3.12/site-packages/airflow/example_dags/example_sensors.py
[2024-10-31T11:47:28.785+0000] {processor.py:914} INFO - Processing file /home/airflow/.local/lib/python3.12/site-packages/airflow/example_dags/example_sensors.py for tasks to queue
[2024-10-31T11:47:28.787+0000] {logging_mixin.py:190} INFO - [2024-10-31T11:47:28.787+0000] {dagbag.py:588} INFO - Filling up the DagBag from /home/airflow/.local/lib/python3.12/site-packages/airflow/example_dags/example_sensors.py
[2024-10-31T11:47:28.794+0000] {processor.py:925} INFO - DAG(s) 'example_sensors' retrieved from /home/airflow/.local/lib/python3.12/site-packages/airflow/example_dags/example_sensors.py
[2024-10-31T11:47:28.815+0000] {logging_mixin.py:190} INFO - [2024-10-31T11:47:28.815+0000] {dag.py:3239} INFO - Sync 1 DAGs
[2024-10-31T11:47:28.826+0000] {logging_mixin.py:190} INFO - [2024-10-31T11:47:28.826+0000] {dag.py:4180} INFO - Setting next_dagrun for example_sensors to None, run_after=None
[2024-10-31T11:47:28.838+0000] {processor.py:208} INFO - Processing /home/airflow/.local/lib/python3.12/site-packages/airflow/example_dags/example_sensors.py took 0.062 seconds
[2024-10-31T11:47:59.083+0000] {processor.py:186} INFO - Started process (PID=299) to work on /home/airflow/.local/lib/python3.12/site-packages/airflow/example_dags/example_sensors.py
[2024-10-31T11:47:59.084+0000] {processor.py:914} INFO - Processing file /home/airflow/.local/lib/python3.12/site-packages/airflow/example_dags/example_sensors.py for tasks to queue
[2024-10-31T11:47:59.086+0000] {logging_mixin.py:190} INFO - [2024-10-31T11:47:59.085+0000] {dagbag.py:588} INFO - Filling up the DagBag from /home/airflow/.local/lib/python3.12/site-packages/airflow/example_dags/example_sensors.py
[2024-10-31T11:47:59.097+0000] {processor.py:925} INFO - DAG(s) 'example_sensors' retrieved from /home/airflow/.local/lib/python3.12/site-packages/airflow/example_dags/example_sensors.py
[2024-10-31T11:47:59.120+0000] {logging_mixin.py:190} INFO - [2024-10-31T11:47:59.120+0000] {dag.py:3239} INFO - Sync 1 DAGs
[2024-10-31T11:47:59.129+0000] {logging_mixin.py:190} INFO - [2024-10-31T11:47:59.129+0000] {dag.py:4180} INFO - Setting next_dagrun for example_sensors to None, run_after=None
[2024-10-31T11:47:59.147+0000] {processor.py:208} INFO - Processing /home/airflow/.local/lib/python3.12/site-packages/airflow/example_dags/example_sensors.py took 0.074 seconds
[2024-10-31T11:48:29.984+0000] {processor.py:186} INFO - Started process (PID=363) to work on /home/airflow/.local/lib/python3.12/site-packages/airflow/example_dags/example_sensors.py
[2024-10-31T11:48:29.985+0000] {processor.py:914} INFO - Processing file /home/airflow/.local/lib/python3.12/site-packages/airflow/example_dags/example_sensors.py for tasks to queue
[2024-10-31T11:48:29.986+0000] {logging_mixin.py:190} INFO - [2024-10-31T11:48:29.986+0000] {dagbag.py:588} INFO - Filling up the DagBag from /home/airflow/.local/lib/python3.12/site-packages/airflow/example_dags/example_sensors.py
[2024-10-31T11:48:29.993+0000] {processor.py:925} INFO - DAG(s) 'example_sensors' retrieved from /home/airflow/.local/lib/python3.12/site-packages/airflow/example_dags/example_sensors.py
[2024-10-31T11:48:30.011+0000] {logging_mixin.py:190} INFO - [2024-10-31T11:48:30.010+0000] {dag.py:3239} INFO - Sync 1 DAGs
[2024-10-31T11:48:30.022+0000] {logging_mixin.py:190} INFO - [2024-10-31T11:48:30.022+0000] {dag.py:4180} INFO - Setting next_dagrun for example_sensors to None, run_after=None
[2024-10-31T11:48:30.036+0000] {processor.py:208} INFO - Processing /home/airflow/.local/lib/python3.12/site-packages/airflow/example_dags/example_sensors.py took 0.056 seconds
[2024-10-31T11:49:00.222+0000] {processor.py:186} INFO - Started process (PID=427) to work on /home/airflow/.local/lib/python3.12/site-packages/airflow/example_dags/example_sensors.py
[2024-10-31T11:49:00.224+0000] {processor.py:914} INFO - Processing file /home/airflow/.local/lib/python3.12/site-packages/airflow/example_dags/example_sensors.py for tasks to queue
[2024-10-31T11:49:00.226+0000] {logging_mixin.py:190} INFO - [2024-10-31T11:49:00.225+0000] {dagbag.py:588} INFO - Filling up the DagBag from /home/airflow/.local/lib/python3.12/site-packages/airflow/example_dags/example_sensors.py
[2024-10-31T11:49:00.235+0000] {processor.py:925} INFO - DAG(s) 'example_sensors' retrieved from /home/airflow/.local/lib/python3.12/site-packages/airflow/example_dags/example_sensors.py
[2024-10-31T11:49:00.263+0000] {logging_mixin.py:190} INFO - [2024-10-31T11:49:00.263+0000] {dag.py:3239} INFO - Sync 1 DAGs
[2024-10-31T11:49:00.272+0000] {logging_mixin.py:190} INFO - [2024-10-31T11:49:00.272+0000] {dag.py:4180} INFO - Setting next_dagrun for example_sensors to None, run_after=None
[2024-10-31T11:49:00.284+0000] {processor.py:208} INFO - Processing /home/airflow/.local/lib/python3.12/site-packages/airflow/example_dags/example_sensors.py took 0.068 seconds
[2024-10-31T11:49:31.154+0000] {processor.py:186} INFO - Started process (PID=491) to work on /home/airflow/.local/lib/python3.12/site-packages/airflow/example_dags/example_sensors.py
[2024-10-31T11:49:31.155+0000] {processor.py:914} INFO - Processing file /home/airflow/.local/lib/python3.12/site-packages/airflow/example_dags/example_sensors.py for tasks to queue
[2024-10-31T11:49:31.157+0000] {logging_mixin.py:190} INFO - [2024-10-31T11:49:31.156+0000] {dagbag.py:588} INFO - Filling up the DagBag from /home/airflow/.local/lib/python3.12/site-packages/airflow/example_dags/example_sensors.py
[2024-10-31T11:49:31.163+0000] {processor.py:925} INFO - DAG(s) 'example_sensors' retrieved from /home/airflow/.local/lib/python3.12/site-packages/airflow/example_dags/example_sensors.py
[2024-10-31T11:49:31.180+0000] {logging_mixin.py:190} INFO - [2024-10-31T11:49:31.180+0000] {dag.py:3239} INFO - Sync 1 DAGs
[2024-10-31T11:49:31.188+0000] {logging_mixin.py:190} INFO - [2024-10-31T11:49:31.188+0000] {dag.py:4180} INFO - Setting next_dagrun for example_sensors to None, run_after=None
[2024-10-31T11:49:31.198+0000] {processor.py:208} INFO - Processing /home/airflow/.local/lib/python3.12/site-packages/airflow/example_dags/example_sensors.py took 0.048 seconds
[2024-10-31T11:50:02.114+0000] {processor.py:186} INFO - Started process (PID=555) to work on /home/airflow/.local/lib/python3.12/site-packages/airflow/example_dags/example_sensors.py
[2024-10-31T11:50:02.114+0000] {processor.py:914} INFO - Processing file /home/airflow/.local/lib/python3.12/site-packages/airflow/example_dags/example_sensors.py for tasks to queue
[2024-10-31T11:50:02.116+0000] {logging_mixin.py:190} INFO - [2024-10-31T11:50:02.116+0000] {dagbag.py:588} INFO - Filling up the DagBag from /home/airflow/.local/lib/python3.12/site-packages/airflow/example_dags/example_sensors.py
[2024-10-31T11:50:02.123+0000] {processor.py:925} INFO - DAG(s) 'example_sensors' retrieved from /home/airflow/.local/lib/python3.12/site-packages/airflow/example_dags/example_sensors.py
[2024-10-31T11:50:02.141+0000] {logging_mixin.py:190} INFO - [2024-10-31T11:50:02.141+0000] {dag.py:3239} INFO - Sync 1 DAGs
[2024-10-31T11:50:02.150+0000] {logging_mixin.py:190} INFO - [2024-10-31T11:50:02.150+0000] {dag.py:4180} INFO - Setting next_dagrun for example_sensors to None, run_after=None
[2024-10-31T11:50:02.161+0000] {processor.py:208} INFO - Processing /home/airflow/.local/lib/python3.12/site-packages/airflow/example_dags/example_sensors.py took 0.051 seconds
[2024-10-31T11:50:33.551+0000] {processor.py:186} INFO - Started process (PID=619) to work on /home/airflow/.local/lib/python3.12/site-packages/airflow/example_dags/example_sensors.py
[2024-10-31T11:50:33.552+0000] {processor.py:914} INFO - Processing file /home/airflow/.local/lib/python3.12/site-packages/airflow/example_dags/example_sensors.py for tasks to queue
[2024-10-31T11:50:33.554+0000] {logging_mixin.py:190} INFO - [2024-10-31T11:50:33.554+0000] {dagbag.py:588} INFO - Filling up the DagBag from /home/airflow/.local/lib/python3.12/site-packages/airflow/example_dags/example_sensors.py
[2024-10-31T11:50:33.561+0000] {processor.py:925} INFO - DAG(s) 'example_sensors' retrieved from /home/airflow/.local/lib/python3.12/site-packages/airflow/example_dags/example_sensors.py
[2024-10-31T11:50:33.579+0000] {logging_mixin.py:190} INFO - [2024-10-31T11:50:33.579+0000] {dag.py:3239} INFO - Sync 1 DAGs
[2024-10-31T11:50:33.588+0000] {logging_mixin.py:190} INFO - [2024-10-31T11:50:33.587+0000] {dag.py:4180} INFO - Setting next_dagrun for example_sensors to None, run_after=None
[2024-10-31T11:50:33.602+0000] {processor.py:208} INFO - Processing /home/airflow/.local/lib/python3.12/site-packages/airflow/example_dags/example_sensors.py took 0.055 seconds
[2024-10-31T11:51:04.367+0000] {processor.py:186} INFO - Started process (PID=682) to work on /home/airflow/.local/lib/python3.12/site-packages/airflow/example_dags/example_sensors.py
[2024-10-31T11:51:04.369+0000] {processor.py:914} INFO - Processing file /home/airflow/.local/lib/python3.12/site-packages/airflow/example_dags/example_sensors.py for tasks to queue
[2024-10-31T11:51:04.370+0000] {logging_mixin.py:190} INFO - [2024-10-31T11:51:04.370+0000] {dagbag.py:588} INFO - Filling up the DagBag from /home/airflow/.local/lib/python3.12/site-packages/airflow/example_dags/example_sensors.py
[2024-10-31T11:51:04.379+0000] {processor.py:925} INFO - DAG(s) 'example_sensors' retrieved from /home/airflow/.local/lib/python3.12/site-packages/airflow/example_dags/example_sensors.py
[2024-10-31T11:51:04.396+0000] {logging_mixin.py:190} INFO - [2024-10-31T11:51:04.395+0000] {dag.py:3239} INFO - Sync 1 DAGs
[2024-10-31T11:51:04.404+0000] {logging_mixin.py:190} INFO - [2024-10-31T11:51:04.404+0000] {dag.py:4180} INFO - Setting next_dagrun for example_sensors to None, run_after=None
[2024-10-31T11:51:04.415+0000] {processor.py:208} INFO - Processing /home/airflow/.local/lib/python3.12/site-packages/airflow/example_dags/example_sensors.py took 0.051 seconds
[2024-10-31T11:51:35.712+0000] {processor.py:186} INFO - Started process (PID=746) to work on /home/airflow/.local/lib/python3.12/site-packages/airflow/example_dags/example_sensors.py
[2024-10-31T11:51:35.713+0000] {processor.py:914} INFO - Processing file /home/airflow/.local/lib/python3.12/site-packages/airflow/example_dags/example_sensors.py for tasks to queue
[2024-10-31T11:51:35.714+0000] {logging_mixin.py:190} INFO - [2024-10-31T11:51:35.714+0000] {dagbag.py:588} INFO - Filling up the DagBag from /home/airflow/.local/lib/python3.12/site-packages/airflow/example_dags/example_sensors.py
[2024-10-31T11:51:35.721+0000] {processor.py:925} INFO - DAG(s) 'example_sensors' retrieved from /home/airflow/.local/lib/python3.12/site-packages/airflow/example_dags/example_sensors.py
[2024-10-31T11:51:35.737+0000] {logging_mixin.py:190} INFO - [2024-10-31T11:51:35.737+0000] {dag.py:3239} INFO - Sync 1 DAGs
[2024-10-31T11:51:35.746+0000] {logging_mixin.py:190} INFO - [2024-10-31T11:51:35.746+0000] {dag.py:4180} INFO - Setting next_dagrun for example_sensors to None, run_after=None
[2024-10-31T11:51:35.759+0000] {processor.py:208} INFO - Processing /home/airflow/.local/lib/python3.12/site-packages/airflow/example_dags/example_sensors.py took 0.051 seconds
[2024-10-31T11:52:06.673+0000] {processor.py:186} INFO - Started process (PID=810) to work on /home/airflow/.local/lib/python3.12/site-packages/airflow/example_dags/example_sensors.py
[2024-10-31T11:52:06.674+0000] {processor.py:914} INFO - Processing file /home/airflow/.local/lib/python3.12/site-packages/airflow/example_dags/example_sensors.py for tasks to queue
[2024-10-31T11:52:06.676+0000] {logging_mixin.py:190} INFO - [2024-10-31T11:52:06.676+0000] {dagbag.py:588} INFO - Filling up the DagBag from /home/airflow/.local/lib/python3.12/site-packages/airflow/example_dags/example_sensors.py
[2024-10-31T11:52:06.683+0000] {processor.py:925} INFO - DAG(s) 'example_sensors' retrieved from /home/airflow/.local/lib/python3.12/site-packages/airflow/example_dags/example_sensors.py
[2024-10-31T11:52:06.704+0000] {logging_mixin.py:190} INFO - [2024-10-31T11:52:06.704+0000] {dag.py:3239} INFO - Sync 1 DAGs
[2024-10-31T11:52:06.713+0000] {logging_mixin.py:190} INFO - [2024-10-31T11:52:06.713+0000] {dag.py:4180} INFO - Setting next_dagrun for example_sensors to None, run_after=None
[2024-10-31T11:52:06.724+0000] {processor.py:208} INFO - Processing /home/airflow/.local/lib/python3.12/site-packages/airflow/example_dags/example_sensors.py took 0.054 seconds
[2024-10-31T11:52:48.531+0000] {processor.py:186} INFO - Started process (PID=99) to work on /home/airflow/.local/lib/python3.12/site-packages/airflow/example_dags/example_sensors.py
[2024-10-31T11:52:48.532+0000] {processor.py:914} INFO - Processing file /home/airflow/.local/lib/python3.12/site-packages/airflow/example_dags/example_sensors.py for tasks to queue
[2024-10-31T11:52:48.538+0000] {logging_mixin.py:190} INFO - [2024-10-31T11:52:48.538+0000] {dagbag.py:588} INFO - Filling up the DagBag from /home/airflow/.local/lib/python3.12/site-packages/airflow/example_dags/example_sensors.py
[2024-10-31T11:52:48.545+0000] {processor.py:925} INFO - DAG(s) 'example_sensors' retrieved from /home/airflow/.local/lib/python3.12/site-packages/airflow/example_dags/example_sensors.py
[2024-10-31T11:52:48.564+0000] {logging_mixin.py:190} INFO - [2024-10-31T11:52:48.563+0000] {dag.py:3239} INFO - Sync 1 DAGs
[2024-10-31T11:52:48.572+0000] {logging_mixin.py:190} INFO - [2024-10-31T11:52:48.572+0000] {dag.py:4180} INFO - Setting next_dagrun for example_sensors to None, run_after=None
[2024-10-31T11:52:48.583+0000] {processor.py:208} INFO - Processing /home/airflow/.local/lib/python3.12/site-packages/airflow/example_dags/example_sensors.py took 0.059 seconds
[2024-10-31T11:53:19.991+0000] {processor.py:186} INFO - Started process (PID=163) to work on /home/airflow/.local/lib/python3.12/site-packages/airflow/example_dags/example_sensors.py
[2024-10-31T11:53:19.992+0000] {processor.py:914} INFO - Processing file /home/airflow/.local/lib/python3.12/site-packages/airflow/example_dags/example_sensors.py for tasks to queue
[2024-10-31T11:53:19.994+0000] {logging_mixin.py:190} INFO - [2024-10-31T11:53:19.994+0000] {dagbag.py:588} INFO - Filling up the DagBag from /home/airflow/.local/lib/python3.12/site-packages/airflow/example_dags/example_sensors.py
[2024-10-31T11:53:20.001+0000] {processor.py:925} INFO - DAG(s) 'example_sensors' retrieved from /home/airflow/.local/lib/python3.12/site-packages/airflow/example_dags/example_sensors.py
[2024-10-31T11:53:20.019+0000] {logging_mixin.py:190} INFO - [2024-10-31T11:53:20.019+0000] {dag.py:3239} INFO - Sync 1 DAGs
[2024-10-31T11:53:20.028+0000] {logging_mixin.py:190} INFO - [2024-10-31T11:53:20.028+0000] {dag.py:4180} INFO - Setting next_dagrun for example_sensors to None, run_after=None
[2024-10-31T11:53:20.039+0000] {processor.py:208} INFO - Processing /home/airflow/.local/lib/python3.12/site-packages/airflow/example_dags/example_sensors.py took 0.052 seconds
[2024-10-31T11:53:50.145+0000] {processor.py:186} INFO - Started process (PID=227) to work on /home/airflow/.local/lib/python3.12/site-packages/airflow/example_dags/example_sensors.py
[2024-10-31T11:53:50.146+0000] {processor.py:914} INFO - Processing file /home/airflow/.local/lib/python3.12/site-packages/airflow/example_dags/example_sensors.py for tasks to queue
[2024-10-31T11:53:50.147+0000] {logging_mixin.py:190} INFO - [2024-10-31T11:53:50.147+0000] {dagbag.py:588} INFO - Filling up the DagBag from /home/airflow/.local/lib/python3.12/site-packages/airflow/example_dags/example_sensors.py
[2024-10-31T11:53:50.154+0000] {processor.py:925} INFO - DAG(s) 'example_sensors' retrieved from /home/airflow/.local/lib/python3.12/site-packages/airflow/example_dags/example_sensors.py
[2024-10-31T11:53:50.174+0000] {logging_mixin.py:190} INFO - [2024-10-31T11:53:50.174+0000] {dag.py:3239} INFO - Sync 1 DAGs
[2024-10-31T11:53:50.185+0000] {logging_mixin.py:190} INFO - [2024-10-31T11:53:50.185+0000] {dag.py:4180} INFO - Setting next_dagrun for example_sensors to None, run_after=None
[2024-10-31T11:53:50.198+0000] {processor.py:208} INFO - Processing /home/airflow/.local/lib/python3.12/site-packages/airflow/example_dags/example_sensors.py took 0.058 seconds
[2024-10-31T11:54:20.464+0000] {processor.py:186} INFO - Started process (PID=291) to work on /home/airflow/.local/lib/python3.12/site-packages/airflow/example_dags/example_sensors.py
[2024-10-31T11:54:20.465+0000] {processor.py:914} INFO - Processing file /home/airflow/.local/lib/python3.12/site-packages/airflow/example_dags/example_sensors.py for tasks to queue
[2024-10-31T11:54:20.467+0000] {logging_mixin.py:190} INFO - [2024-10-31T11:54:20.467+0000] {dagbag.py:588} INFO - Filling up the DagBag from /home/airflow/.local/lib/python3.12/site-packages/airflow/example_dags/example_sensors.py
[2024-10-31T11:54:20.474+0000] {processor.py:925} INFO - DAG(s) 'example_sensors' retrieved from /home/airflow/.local/lib/python3.12/site-packages/airflow/example_dags/example_sensors.py
[2024-10-31T11:54:20.494+0000] {logging_mixin.py:190} INFO - [2024-10-31T11:54:20.494+0000] {dag.py:3239} INFO - Sync 1 DAGs
[2024-10-31T11:54:20.504+0000] {logging_mixin.py:190} INFO - [2024-10-31T11:54:20.503+0000] {dag.py:4180} INFO - Setting next_dagrun for example_sensors to None, run_after=None
[2024-10-31T11:54:20.519+0000] {processor.py:208} INFO - Processing /home/airflow/.local/lib/python3.12/site-packages/airflow/example_dags/example_sensors.py took 0.059 seconds
[2024-10-31T11:54:50.775+0000] {processor.py:186} INFO - Started process (PID=355) to work on /home/airflow/.local/lib/python3.12/site-packages/airflow/example_dags/example_sensors.py
[2024-10-31T11:54:50.777+0000] {processor.py:914} INFO - Processing file /home/airflow/.local/lib/python3.12/site-packages/airflow/example_dags/example_sensors.py for tasks to queue
[2024-10-31T11:54:50.780+0000] {logging_mixin.py:190} INFO - [2024-10-31T11:54:50.779+0000] {dagbag.py:588} INFO - Filling up the DagBag from /home/airflow/.local/lib/python3.12/site-packages/airflow/example_dags/example_sensors.py
[2024-10-31T11:54:50.789+0000] {processor.py:925} INFO - DAG(s) 'example_sensors' retrieved from /home/airflow/.local/lib/python3.12/site-packages/airflow/example_dags/example_sensors.py
[2024-10-31T11:54:50.810+0000] {logging_mixin.py:190} INFO - [2024-10-31T11:54:50.810+0000] {dag.py:3239} INFO - Sync 1 DAGs
[2024-10-31T11:54:50.820+0000] {logging_mixin.py:190} INFO - [2024-10-31T11:54:50.820+0000] {dag.py:4180} INFO - Setting next_dagrun for example_sensors to None, run_after=None
[2024-10-31T11:54:50.836+0000] {processor.py:208} INFO - Processing /home/airflow/.local/lib/python3.12/site-packages/airflow/example_dags/example_sensors.py took 0.065 seconds
[2024-10-31T11:55:21.156+0000] {processor.py:186} INFO - Started process (PID=418) to work on /home/airflow/.local/lib/python3.12/site-packages/airflow/example_dags/example_sensors.py
[2024-10-31T11:55:21.157+0000] {processor.py:914} INFO - Processing file /home/airflow/.local/lib/python3.12/site-packages/airflow/example_dags/example_sensors.py for tasks to queue
[2024-10-31T11:55:21.159+0000] {logging_mixin.py:190} INFO - [2024-10-31T11:55:21.159+0000] {dagbag.py:588} INFO - Filling up the DagBag from /home/airflow/.local/lib/python3.12/site-packages/airflow/example_dags/example_sensors.py
[2024-10-31T11:55:21.169+0000] {processor.py:925} INFO - DAG(s) 'example_sensors' retrieved from /home/airflow/.local/lib/python3.12/site-packages/airflow/example_dags/example_sensors.py
[2024-10-31T11:55:21.195+0000] {logging_mixin.py:190} INFO - [2024-10-31T11:55:21.195+0000] {dag.py:3239} INFO - Sync 1 DAGs
[2024-10-31T11:55:21.212+0000] {logging_mixin.py:190} INFO - [2024-10-31T11:55:21.212+0000] {dag.py:4180} INFO - Setting next_dagrun for example_sensors to None, run_after=None
[2024-10-31T11:55:21.228+0000] {processor.py:208} INFO - Processing /home/airflow/.local/lib/python3.12/site-packages/airflow/example_dags/example_sensors.py took 0.076 seconds
[2024-10-31T11:55:51.295+0000] {processor.py:186} INFO - Started process (PID=482) to work on /home/airflow/.local/lib/python3.12/site-packages/airflow/example_dags/example_sensors.py
[2024-10-31T11:55:51.297+0000] {processor.py:914} INFO - Processing file /home/airflow/.local/lib/python3.12/site-packages/airflow/example_dags/example_sensors.py for tasks to queue
[2024-10-31T11:55:51.299+0000] {logging_mixin.py:190} INFO - [2024-10-31T11:55:51.299+0000] {dagbag.py:588} INFO - Filling up the DagBag from /home/airflow/.local/lib/python3.12/site-packages/airflow/example_dags/example_sensors.py
[2024-10-31T11:55:51.308+0000] {processor.py:925} INFO - DAG(s) 'example_sensors' retrieved from /home/airflow/.local/lib/python3.12/site-packages/airflow/example_dags/example_sensors.py
[2024-10-31T11:55:51.329+0000] {logging_mixin.py:190} INFO - [2024-10-31T11:55:51.329+0000] {dag.py:3239} INFO - Sync 1 DAGs
[2024-10-31T11:55:51.338+0000] {logging_mixin.py:190} INFO - [2024-10-31T11:55:51.338+0000] {dag.py:4180} INFO - Setting next_dagrun for example_sensors to None, run_after=None
[2024-10-31T11:55:51.355+0000] {processor.py:208} INFO - Processing /home/airflow/.local/lib/python3.12/site-packages/airflow/example_dags/example_sensors.py took 0.064 seconds
[2024-10-31T11:56:21.626+0000] {processor.py:186} INFO - Started process (PID=546) to work on /home/airflow/.local/lib/python3.12/site-packages/airflow/example_dags/example_sensors.py
[2024-10-31T11:56:21.627+0000] {processor.py:914} INFO - Processing file /home/airflow/.local/lib/python3.12/site-packages/airflow/example_dags/example_sensors.py for tasks to queue
[2024-10-31T11:56:21.629+0000] {logging_mixin.py:190} INFO - [2024-10-31T11:56:21.629+0000] {dagbag.py:588} INFO - Filling up the DagBag from /home/airflow/.local/lib/python3.12/site-packages/airflow/example_dags/example_sensors.py
[2024-10-31T11:56:21.638+0000] {processor.py:925} INFO - DAG(s) 'example_sensors' retrieved from /home/airflow/.local/lib/python3.12/site-packages/airflow/example_dags/example_sensors.py
[2024-10-31T11:56:21.658+0000] {logging_mixin.py:190} INFO - [2024-10-31T11:56:21.658+0000] {dag.py:3239} INFO - Sync 1 DAGs
[2024-10-31T11:56:21.669+0000] {logging_mixin.py:190} INFO - [2024-10-31T11:56:21.668+0000] {dag.py:4180} INFO - Setting next_dagrun for example_sensors to None, run_after=None
[2024-10-31T11:56:21.681+0000] {processor.py:208} INFO - Processing /home/airflow/.local/lib/python3.12/site-packages/airflow/example_dags/example_sensors.py took 0.060 seconds
[2024-10-31T11:56:51.932+0000] {processor.py:186} INFO - Started process (PID=610) to work on /home/airflow/.local/lib/python3.12/site-packages/airflow/example_dags/example_sensors.py
[2024-10-31T11:56:51.933+0000] {processor.py:914} INFO - Processing file /home/airflow/.local/lib/python3.12/site-packages/airflow/example_dags/example_sensors.py for tasks to queue
[2024-10-31T11:56:51.934+0000] {logging_mixin.py:190} INFO - [2024-10-31T11:56:51.934+0000] {dagbag.py:588} INFO - Filling up the DagBag from /home/airflow/.local/lib/python3.12/site-packages/airflow/example_dags/example_sensors.py
[2024-10-31T11:56:51.941+0000] {processor.py:925} INFO - DAG(s) 'example_sensors' retrieved from /home/airflow/.local/lib/python3.12/site-packages/airflow/example_dags/example_sensors.py
[2024-10-31T11:56:51.962+0000] {logging_mixin.py:190} INFO - [2024-10-31T11:56:51.962+0000] {dag.py:3239} INFO - Sync 1 DAGs
[2024-10-31T11:56:51.971+0000] {logging_mixin.py:190} INFO - [2024-10-31T11:56:51.971+0000] {dag.py:4180} INFO - Setting next_dagrun for example_sensors to None, run_after=None
[2024-10-31T11:56:51.986+0000] {processor.py:208} INFO - Processing /home/airflow/.local/lib/python3.12/site-packages/airflow/example_dags/example_sensors.py took 0.058 seconds
[2024-10-31T11:57:22.196+0000] {processor.py:186} INFO - Started process (PID=674) to work on /home/airflow/.local/lib/python3.12/site-packages/airflow/example_dags/example_sensors.py
[2024-10-31T11:57:22.196+0000] {processor.py:914} INFO - Processing file /home/airflow/.local/lib/python3.12/site-packages/airflow/example_dags/example_sensors.py for tasks to queue
[2024-10-31T11:57:22.200+0000] {logging_mixin.py:190} INFO - [2024-10-31T11:57:22.199+0000] {dagbag.py:588} INFO - Filling up the DagBag from /home/airflow/.local/lib/python3.12/site-packages/airflow/example_dags/example_sensors.py
[2024-10-31T11:57:22.207+0000] {processor.py:925} INFO - DAG(s) 'example_sensors' retrieved from /home/airflow/.local/lib/python3.12/site-packages/airflow/example_dags/example_sensors.py
[2024-10-31T11:57:22.227+0000] {logging_mixin.py:190} INFO - [2024-10-31T11:57:22.227+0000] {dag.py:3239} INFO - Sync 1 DAGs
[2024-10-31T11:57:22.239+0000] {logging_mixin.py:190} INFO - [2024-10-31T11:57:22.239+0000] {dag.py:4180} INFO - Setting next_dagrun for example_sensors to None, run_after=None
[2024-10-31T11:57:22.253+0000] {processor.py:208} INFO - Processing /home/airflow/.local/lib/python3.12/site-packages/airflow/example_dags/example_sensors.py took 0.061 seconds
[2024-10-31T11:57:52.722+0000] {processor.py:186} INFO - Started process (PID=737) to work on /home/airflow/.local/lib/python3.12/site-packages/airflow/example_dags/example_sensors.py
[2024-10-31T11:57:52.724+0000] {processor.py:914} INFO - Processing file /home/airflow/.local/lib/python3.12/site-packages/airflow/example_dags/example_sensors.py for tasks to queue
[2024-10-31T11:57:52.727+0000] {logging_mixin.py:190} INFO - [2024-10-31T11:57:52.727+0000] {dagbag.py:588} INFO - Filling up the DagBag from /home/airflow/.local/lib/python3.12/site-packages/airflow/example_dags/example_sensors.py
[2024-10-31T11:57:52.736+0000] {processor.py:925} INFO - DAG(s) 'example_sensors' retrieved from /home/airflow/.local/lib/python3.12/site-packages/airflow/example_dags/example_sensors.py
[2024-10-31T11:57:52.756+0000] {logging_mixin.py:190} INFO - [2024-10-31T11:57:52.756+0000] {dag.py:3239} INFO - Sync 1 DAGs
[2024-10-31T11:57:52.765+0000] {logging_mixin.py:190} INFO - [2024-10-31T11:57:52.765+0000] {dag.py:4180} INFO - Setting next_dagrun for example_sensors to None, run_after=None
[2024-10-31T11:57:52.779+0000] {processor.py:208} INFO - Processing /home/airflow/.local/lib/python3.12/site-packages/airflow/example_dags/example_sensors.py took 0.060 seconds
[2024-10-31T11:58:23.783+0000] {processor.py:186} INFO - Started process (PID=801) to work on /home/airflow/.local/lib/python3.12/site-packages/airflow/example_dags/example_sensors.py
[2024-10-31T11:58:23.785+0000] {processor.py:914} INFO - Processing file /home/airflow/.local/lib/python3.12/site-packages/airflow/example_dags/example_sensors.py for tasks to queue
[2024-10-31T11:58:23.788+0000] {logging_mixin.py:190} INFO - [2024-10-31T11:58:23.788+0000] {dagbag.py:588} INFO - Filling up the DagBag from /home/airflow/.local/lib/python3.12/site-packages/airflow/example_dags/example_sensors.py
[2024-10-31T11:58:23.796+0000] {processor.py:925} INFO - DAG(s) 'example_sensors' retrieved from /home/airflow/.local/lib/python3.12/site-packages/airflow/example_dags/example_sensors.py
[2024-10-31T11:58:23.816+0000] {logging_mixin.py:190} INFO - [2024-10-31T11:58:23.816+0000] {dag.py:3239} INFO - Sync 1 DAGs
[2024-10-31T11:58:23.826+0000] {logging_mixin.py:190} INFO - [2024-10-31T11:58:23.826+0000] {dag.py:4180} INFO - Setting next_dagrun for example_sensors to None, run_after=None
[2024-10-31T11:58:23.838+0000] {processor.py:208} INFO - Processing /home/airflow/.local/lib/python3.12/site-packages/airflow/example_dags/example_sensors.py took 0.059 seconds
[2024-10-31T11:58:54.257+0000] {processor.py:186} INFO - Started process (PID=865) to work on /home/airflow/.local/lib/python3.12/site-packages/airflow/example_dags/example_sensors.py
[2024-10-31T11:58:54.258+0000] {processor.py:914} INFO - Processing file /home/airflow/.local/lib/python3.12/site-packages/airflow/example_dags/example_sensors.py for tasks to queue
[2024-10-31T11:58:54.262+0000] {logging_mixin.py:190} INFO - [2024-10-31T11:58:54.262+0000] {dagbag.py:588} INFO - Filling up the DagBag from /home/airflow/.local/lib/python3.12/site-packages/airflow/example_dags/example_sensors.py
[2024-10-31T11:58:54.271+0000] {processor.py:925} INFO - DAG(s) 'example_sensors' retrieved from /home/airflow/.local/lib/python3.12/site-packages/airflow/example_dags/example_sensors.py
[2024-10-31T11:58:54.290+0000] {logging_mixin.py:190} INFO - [2024-10-31T11:58:54.290+0000] {dag.py:3239} INFO - Sync 1 DAGs
[2024-10-31T11:58:54.299+0000] {logging_mixin.py:190} INFO - [2024-10-31T11:58:54.299+0000] {dag.py:4180} INFO - Setting next_dagrun for example_sensors to None, run_after=None
[2024-10-31T11:58:54.315+0000] {processor.py:208} INFO - Processing /home/airflow/.local/lib/python3.12/site-packages/airflow/example_dags/example_sensors.py took 0.063 seconds
[2024-10-31T11:59:24.531+0000] {processor.py:186} INFO - Started process (PID=929) to work on /home/airflow/.local/lib/python3.12/site-packages/airflow/example_dags/example_sensors.py
[2024-10-31T11:59:24.535+0000] {processor.py:914} INFO - Processing file /home/airflow/.local/lib/python3.12/site-packages/airflow/example_dags/example_sensors.py for tasks to queue
[2024-10-31T11:59:24.536+0000] {logging_mixin.py:190} INFO - [2024-10-31T11:59:24.536+0000] {dagbag.py:588} INFO - Filling up the DagBag from /home/airflow/.local/lib/python3.12/site-packages/airflow/example_dags/example_sensors.py
[2024-10-31T11:59:24.547+0000] {processor.py:925} INFO - DAG(s) 'example_sensors' retrieved from /home/airflow/.local/lib/python3.12/site-packages/airflow/example_dags/example_sensors.py
[2024-10-31T11:59:24.569+0000] {logging_mixin.py:190} INFO - [2024-10-31T11:59:24.569+0000] {dag.py:3239} INFO - Sync 1 DAGs
[2024-10-31T11:59:24.579+0000] {logging_mixin.py:190} INFO - [2024-10-31T11:59:24.579+0000] {dag.py:4180} INFO - Setting next_dagrun for example_sensors to None, run_after=None
[2024-10-31T11:59:24.595+0000] {processor.py:208} INFO - Processing /home/airflow/.local/lib/python3.12/site-packages/airflow/example_dags/example_sensors.py took 0.068 seconds
[2024-10-31T11:59:55.163+0000] {processor.py:186} INFO - Started process (PID=993) to work on /home/airflow/.local/lib/python3.12/site-packages/airflow/example_dags/example_sensors.py
[2024-10-31T11:59:55.165+0000] {processor.py:914} INFO - Processing file /home/airflow/.local/lib/python3.12/site-packages/airflow/example_dags/example_sensors.py for tasks to queue
[2024-10-31T11:59:55.169+0000] {logging_mixin.py:190} INFO - [2024-10-31T11:59:55.169+0000] {dagbag.py:588} INFO - Filling up the DagBag from /home/airflow/.local/lib/python3.12/site-packages/airflow/example_dags/example_sensors.py
[2024-10-31T11:59:55.179+0000] {processor.py:925} INFO - DAG(s) 'example_sensors' retrieved from /home/airflow/.local/lib/python3.12/site-packages/airflow/example_dags/example_sensors.py
[2024-10-31T11:59:55.210+0000] {logging_mixin.py:190} INFO - [2024-10-31T11:59:55.210+0000] {dag.py:3239} INFO - Sync 1 DAGs
[2024-10-31T11:59:55.221+0000] {logging_mixin.py:190} INFO - [2024-10-31T11:59:55.221+0000] {dag.py:4180} INFO - Setting next_dagrun for example_sensors to None, run_after=None
[2024-10-31T11:59:55.243+0000] {processor.py:208} INFO - Processing /home/airflow/.local/lib/python3.12/site-packages/airflow/example_dags/example_sensors.py took 0.084 seconds
[2024-10-31T12:00:25.459+0000] {processor.py:186} INFO - Started process (PID=1056) to work on /home/airflow/.local/lib/python3.12/site-packages/airflow/example_dags/example_sensors.py
[2024-10-31T12:00:25.463+0000] {processor.py:914} INFO - Processing file /home/airflow/.local/lib/python3.12/site-packages/airflow/example_dags/example_sensors.py for tasks to queue
[2024-10-31T12:00:25.465+0000] {logging_mixin.py:190} INFO - [2024-10-31T12:00:25.465+0000] {dagbag.py:588} INFO - Filling up the DagBag from /home/airflow/.local/lib/python3.12/site-packages/airflow/example_dags/example_sensors.py
[2024-10-31T12:00:25.476+0000] {processor.py:925} INFO - DAG(s) 'example_sensors' retrieved from /home/airflow/.local/lib/python3.12/site-packages/airflow/example_dags/example_sensors.py
[2024-10-31T12:00:25.493+0000] {logging_mixin.py:190} INFO - [2024-10-31T12:00:25.493+0000] {dag.py:3239} INFO - Sync 1 DAGs
[2024-10-31T12:00:25.503+0000] {logging_mixin.py:190} INFO - [2024-10-31T12:00:25.503+0000] {dag.py:4180} INFO - Setting next_dagrun for example_sensors to None, run_after=None
[2024-10-31T12:00:25.515+0000] {processor.py:208} INFO - Processing /home/airflow/.local/lib/python3.12/site-packages/airflow/example_dags/example_sensors.py took 0.060 seconds
[2024-10-31T12:42:20.849+0000] {processor.py:186} INFO - Started process (PID=107) to work on /home/airflow/.local/lib/python3.12/site-packages/airflow/example_dags/example_sensors.py
[2024-10-31T12:42:20.853+0000] {processor.py:914} INFO - Processing file /home/airflow/.local/lib/python3.12/site-packages/airflow/example_dags/example_sensors.py for tasks to queue
[2024-10-31T12:42:20.854+0000] {logging_mixin.py:190} INFO - [2024-10-31T12:42:20.854+0000] {dagbag.py:588} INFO - Filling up the DagBag from /home/airflow/.local/lib/python3.12/site-packages/airflow/example_dags/example_sensors.py
[2024-10-31T12:42:20.863+0000] {processor.py:925} INFO - DAG(s) 'example_sensors' retrieved from /home/airflow/.local/lib/python3.12/site-packages/airflow/example_dags/example_sensors.py
[2024-10-31T12:42:20.935+0000] {logging_mixin.py:190} INFO - [2024-10-31T12:42:20.935+0000] {override.py:1900} INFO - Created Permission View: can read on DAG:example_sensors
[2024-10-31T12:42:20.943+0000] {logging_mixin.py:190} INFO - [2024-10-31T12:42:20.943+0000] {override.py:1900} INFO - Created Permission View: can delete on DAG:example_sensors
[2024-10-31T12:42:20.948+0000] {logging_mixin.py:190} INFO - [2024-10-31T12:42:20.948+0000] {override.py:1900} INFO - Created Permission View: can edit on DAG:example_sensors
[2024-10-31T12:42:20.952+0000] {logging_mixin.py:190} INFO - [2024-10-31T12:42:20.951+0000] {override.py:1900} INFO - Created Permission View: menu access on DAG Run:example_sensors
[2024-10-31T12:42:20.955+0000] {logging_mixin.py:190} INFO - [2024-10-31T12:42:20.955+0000] {override.py:1900} INFO - Created Permission View: can read on DAG Run:example_sensors
[2024-10-31T12:42:20.959+0000] {logging_mixin.py:190} INFO - [2024-10-31T12:42:20.959+0000] {override.py:1900} INFO - Created Permission View: can delete on DAG Run:example_sensors
[2024-10-31T12:42:20.964+0000] {logging_mixin.py:190} INFO - [2024-10-31T12:42:20.964+0000] {override.py:1900} INFO - Created Permission View: can create on DAG Run:example_sensors
[2024-10-31T12:42:20.965+0000] {logging_mixin.py:190} INFO - [2024-10-31T12:42:20.965+0000] {dag.py:3239} INFO - Sync 1 DAGs
[2024-10-31T12:42:20.974+0000] {logging_mixin.py:190} INFO - [2024-10-31T12:42:20.973+0000] {dag.py:3262} INFO - Creating ORM DAG for example_sensors
[2024-10-31T12:42:20.975+0000] {logging_mixin.py:190} INFO - [2024-10-31T12:42:20.974+0000] {dag.py:4180} INFO - Setting next_dagrun for example_sensors to None, run_after=None
[2024-10-31T12:42:20.986+0000] {processor.py:208} INFO - Processing /home/airflow/.local/lib/python3.12/site-packages/airflow/example_dags/example_sensors.py took 0.140 seconds
