[2024-10-31T11:46:26.813+0000] {processor.py:186} INFO - Started process (PID=98) to work on /home/airflow/.local/lib/python3.12/site-packages/airflow/example_dags/example_xcom.py
[2024-10-31T11:46:26.813+0000] {processor.py:914} INFO - Processing file /home/airflow/.local/lib/python3.12/site-packages/airflow/example_dags/example_xcom.py for tasks to queue
[2024-10-31T11:46:26.815+0000] {logging_mixin.py:190} INFO - [2024-10-31T11:46:26.815+0000] {dagbag.py:588} INFO - Filling up the DagBag from /home/airflow/.local/lib/python3.12/site-packages/airflow/example_dags/example_xcom.py
[2024-10-31T11:46:26.821+0000] {processor.py:925} INFO - DAG(s) 'example_xcom' retrieved from /home/airflow/.local/lib/python3.12/site-packages/airflow/example_dags/example_xcom.py
[2024-10-31T11:46:26.887+0000] {logging_mixin.py:190} INFO - [2024-10-31T11:46:26.887+0000] {override.py:1900} INFO - Created Permission View: can delete on DAG:example_xcom
[2024-10-31T11:46:26.898+0000] {logging_mixin.py:190} INFO - [2024-10-31T11:46:26.897+0000] {override.py:1900} INFO - Created Permission View: can read on DAG:example_xcom
[2024-10-31T11:46:26.901+0000] {logging_mixin.py:190} INFO - [2024-10-31T11:46:26.901+0000] {override.py:1900} INFO - Created Permission View: can edit on DAG:example_xcom
[2024-10-31T11:46:26.905+0000] {logging_mixin.py:190} INFO - [2024-10-31T11:46:26.904+0000] {override.py:1900} INFO - Created Permission View: can delete on DAG Run:example_xcom
[2024-10-31T11:46:26.909+0000] {logging_mixin.py:190} INFO - [2024-10-31T11:46:26.908+0000] {override.py:1900} INFO - Created Permission View: can read on DAG Run:example_xcom
[2024-10-31T11:46:26.919+0000] {logging_mixin.py:190} INFO - [2024-10-31T11:46:26.919+0000] {override.py:1900} INFO - Created Permission View: can create on DAG Run:example_xcom
[2024-10-31T11:46:26.929+0000] {logging_mixin.py:190} INFO - [2024-10-31T11:46:26.929+0000] {override.py:1900} INFO - Created Permission View: menu access on DAG Run:example_xcom
[2024-10-31T11:46:26.930+0000] {logging_mixin.py:190} INFO - [2024-10-31T11:46:26.930+0000] {dag.py:3239} INFO - Sync 1 DAGs
[2024-10-31T11:46:26.937+0000] {logging_mixin.py:190} INFO - [2024-10-31T11:46:26.937+0000] {dag.py:3262} INFO - Creating ORM DAG for example_xcom
[2024-10-31T11:46:26.943+0000] {logging_mixin.py:190} INFO - [2024-10-31T11:46:26.943+0000] {dag.py:4180} INFO - Setting next_dagrun for example_xcom to 2021-01-01 00:00:00+00:00, run_after=2021-01-01 00:00:00+00:00
[2024-10-31T11:46:26.951+0000] {processor.py:208} INFO - Processing /home/airflow/.local/lib/python3.12/site-packages/airflow/example_dags/example_xcom.py took 0.143 seconds
[2024-10-31T11:46:57.010+0000] {processor.py:186} INFO - Started process (PID=162) to work on /home/airflow/.local/lib/python3.12/site-packages/airflow/example_dags/example_xcom.py
[2024-10-31T11:46:57.011+0000] {processor.py:914} INFO - Processing file /home/airflow/.local/lib/python3.12/site-packages/airflow/example_dags/example_xcom.py for tasks to queue
[2024-10-31T11:46:57.013+0000] {logging_mixin.py:190} INFO - [2024-10-31T11:46:57.013+0000] {dagbag.py:588} INFO - Filling up the DagBag from /home/airflow/.local/lib/python3.12/site-packages/airflow/example_dags/example_xcom.py
[2024-10-31T11:46:57.019+0000] {processor.py:925} INFO - DAG(s) 'example_xcom' retrieved from /home/airflow/.local/lib/python3.12/site-packages/airflow/example_dags/example_xcom.py
[2024-10-31T11:46:57.032+0000] {logging_mixin.py:190} INFO - [2024-10-31T11:46:57.032+0000] {dag.py:3239} INFO - Sync 1 DAGs
[2024-10-31T11:46:57.046+0000] {logging_mixin.py:190} INFO - [2024-10-31T11:46:57.046+0000] {dag.py:4180} INFO - Setting next_dagrun for example_xcom to 2021-01-01 00:00:00+00:00, run_after=2021-01-01 00:00:00+00:00
[2024-10-31T11:46:57.056+0000] {processor.py:208} INFO - Processing /home/airflow/.local/lib/python3.12/site-packages/airflow/example_dags/example_xcom.py took 0.050 seconds
[2024-10-31T11:47:27.405+0000] {processor.py:186} INFO - Started process (PID=226) to work on /home/airflow/.local/lib/python3.12/site-packages/airflow/example_dags/example_xcom.py
[2024-10-31T11:47:27.408+0000] {processor.py:914} INFO - Processing file /home/airflow/.local/lib/python3.12/site-packages/airflow/example_dags/example_xcom.py for tasks to queue
[2024-10-31T11:47:27.410+0000] {logging_mixin.py:190} INFO - [2024-10-31T11:47:27.410+0000] {dagbag.py:588} INFO - Filling up the DagBag from /home/airflow/.local/lib/python3.12/site-packages/airflow/example_dags/example_xcom.py
[2024-10-31T11:47:27.420+0000] {processor.py:925} INFO - DAG(s) 'example_xcom' retrieved from /home/airflow/.local/lib/python3.12/site-packages/airflow/example_dags/example_xcom.py
[2024-10-31T11:47:27.432+0000] {logging_mixin.py:190} INFO - [2024-10-31T11:47:27.432+0000] {dag.py:3239} INFO - Sync 1 DAGs
[2024-10-31T11:47:27.445+0000] {logging_mixin.py:190} INFO - [2024-10-31T11:47:27.445+0000] {dag.py:4180} INFO - Setting next_dagrun for example_xcom to 2021-01-01 00:00:00+00:00, run_after=2021-01-01 00:00:00+00:00
[2024-10-31T11:47:27.456+0000] {processor.py:208} INFO - Processing /home/airflow/.local/lib/python3.12/site-packages/airflow/example_dags/example_xcom.py took 0.054 seconds
[2024-10-31T11:47:57.665+0000] {processor.py:186} INFO - Started process (PID=290) to work on /home/airflow/.local/lib/python3.12/site-packages/airflow/example_dags/example_xcom.py
[2024-10-31T11:47:57.667+0000] {processor.py:914} INFO - Processing file /home/airflow/.local/lib/python3.12/site-packages/airflow/example_dags/example_xcom.py for tasks to queue
[2024-10-31T11:47:57.670+0000] {logging_mixin.py:190} INFO - [2024-10-31T11:47:57.670+0000] {dagbag.py:588} INFO - Filling up the DagBag from /home/airflow/.local/lib/python3.12/site-packages/airflow/example_dags/example_xcom.py
[2024-10-31T11:47:57.676+0000] {processor.py:925} INFO - DAG(s) 'example_xcom' retrieved from /home/airflow/.local/lib/python3.12/site-packages/airflow/example_dags/example_xcom.py
[2024-10-31T11:47:57.694+0000] {logging_mixin.py:190} INFO - [2024-10-31T11:47:57.694+0000] {dag.py:3239} INFO - Sync 1 DAGs
[2024-10-31T11:47:57.708+0000] {logging_mixin.py:190} INFO - [2024-10-31T11:47:57.708+0000] {dag.py:4180} INFO - Setting next_dagrun for example_xcom to 2021-01-01 00:00:00+00:00, run_after=2021-01-01 00:00:00+00:00
[2024-10-31T11:47:57.719+0000] {processor.py:208} INFO - Processing /home/airflow/.local/lib/python3.12/site-packages/airflow/example_dags/example_xcom.py took 0.058 seconds
[2024-10-31T11:48:28.600+0000] {processor.py:186} INFO - Started process (PID=354) to work on /home/airflow/.local/lib/python3.12/site-packages/airflow/example_dags/example_xcom.py
[2024-10-31T11:48:28.602+0000] {processor.py:914} INFO - Processing file /home/airflow/.local/lib/python3.12/site-packages/airflow/example_dags/example_xcom.py for tasks to queue
[2024-10-31T11:48:28.606+0000] {logging_mixin.py:190} INFO - [2024-10-31T11:48:28.605+0000] {dagbag.py:588} INFO - Filling up the DagBag from /home/airflow/.local/lib/python3.12/site-packages/airflow/example_dags/example_xcom.py
[2024-10-31T11:48:28.614+0000] {processor.py:925} INFO - DAG(s) 'example_xcom' retrieved from /home/airflow/.local/lib/python3.12/site-packages/airflow/example_dags/example_xcom.py
[2024-10-31T11:48:28.632+0000] {logging_mixin.py:190} INFO - [2024-10-31T11:48:28.632+0000] {dag.py:3239} INFO - Sync 1 DAGs
[2024-10-31T11:48:28.647+0000] {logging_mixin.py:190} INFO - [2024-10-31T11:48:28.647+0000] {dag.py:4180} INFO - Setting next_dagrun for example_xcom to 2021-01-01 00:00:00+00:00, run_after=2021-01-01 00:00:00+00:00
[2024-10-31T11:48:28.659+0000] {processor.py:208} INFO - Processing /home/airflow/.local/lib/python3.12/site-packages/airflow/example_dags/example_xcom.py took 0.062 seconds
[2024-10-31T11:48:59.714+0000] {processor.py:186} INFO - Started process (PID=418) to work on /home/airflow/.local/lib/python3.12/site-packages/airflow/example_dags/example_xcom.py
[2024-10-31T11:48:59.717+0000] {processor.py:914} INFO - Processing file /home/airflow/.local/lib/python3.12/site-packages/airflow/example_dags/example_xcom.py for tasks to queue
[2024-10-31T11:48:59.719+0000] {logging_mixin.py:190} INFO - [2024-10-31T11:48:59.719+0000] {dagbag.py:588} INFO - Filling up the DagBag from /home/airflow/.local/lib/python3.12/site-packages/airflow/example_dags/example_xcom.py
[2024-10-31T11:48:59.725+0000] {processor.py:925} INFO - DAG(s) 'example_xcom' retrieved from /home/airflow/.local/lib/python3.12/site-packages/airflow/example_dags/example_xcom.py
[2024-10-31T11:48:59.739+0000] {logging_mixin.py:190} INFO - [2024-10-31T11:48:59.739+0000] {dag.py:3239} INFO - Sync 1 DAGs
[2024-10-31T11:48:59.752+0000] {logging_mixin.py:190} INFO - [2024-10-31T11:48:59.752+0000] {dag.py:4180} INFO - Setting next_dagrun for example_xcom to 2021-01-01 00:00:00+00:00, run_after=2021-01-01 00:00:00+00:00
[2024-10-31T11:48:59.763+0000] {processor.py:208} INFO - Processing /home/airflow/.local/lib/python3.12/site-packages/airflow/example_dags/example_xcom.py took 0.053 seconds
[2024-10-31T11:49:30.741+0000] {processor.py:186} INFO - Started process (PID=482) to work on /home/airflow/.local/lib/python3.12/site-packages/airflow/example_dags/example_xcom.py
[2024-10-31T11:49:30.742+0000] {processor.py:914} INFO - Processing file /home/airflow/.local/lib/python3.12/site-packages/airflow/example_dags/example_xcom.py for tasks to queue
[2024-10-31T11:49:30.743+0000] {logging_mixin.py:190} INFO - [2024-10-31T11:49:30.743+0000] {dagbag.py:588} INFO - Filling up the DagBag from /home/airflow/.local/lib/python3.12/site-packages/airflow/example_dags/example_xcom.py
[2024-10-31T11:49:30.749+0000] {processor.py:925} INFO - DAG(s) 'example_xcom' retrieved from /home/airflow/.local/lib/python3.12/site-packages/airflow/example_dags/example_xcom.py
[2024-10-31T11:49:30.762+0000] {logging_mixin.py:190} INFO - [2024-10-31T11:49:30.762+0000] {dag.py:3239} INFO - Sync 1 DAGs
[2024-10-31T11:49:30.781+0000] {logging_mixin.py:190} INFO - [2024-10-31T11:49:30.780+0000] {dag.py:4180} INFO - Setting next_dagrun for example_xcom to 2021-01-01 00:00:00+00:00, run_after=2021-01-01 00:00:00+00:00
[2024-10-31T11:49:30.794+0000] {processor.py:208} INFO - Processing /home/airflow/.local/lib/python3.12/site-packages/airflow/example_dags/example_xcom.py took 0.057 seconds
[2024-10-31T11:50:01.652+0000] {processor.py:186} INFO - Started process (PID=546) to work on /home/airflow/.local/lib/python3.12/site-packages/airflow/example_dags/example_xcom.py
[2024-10-31T11:50:01.653+0000] {processor.py:914} INFO - Processing file /home/airflow/.local/lib/python3.12/site-packages/airflow/example_dags/example_xcom.py for tasks to queue
[2024-10-31T11:50:01.655+0000] {logging_mixin.py:190} INFO - [2024-10-31T11:50:01.655+0000] {dagbag.py:588} INFO - Filling up the DagBag from /home/airflow/.local/lib/python3.12/site-packages/airflow/example_dags/example_xcom.py
[2024-10-31T11:50:01.661+0000] {processor.py:925} INFO - DAG(s) 'example_xcom' retrieved from /home/airflow/.local/lib/python3.12/site-packages/airflow/example_dags/example_xcom.py
[2024-10-31T11:50:01.676+0000] {logging_mixin.py:190} INFO - [2024-10-31T11:50:01.676+0000] {dag.py:3239} INFO - Sync 1 DAGs
[2024-10-31T11:50:01.690+0000] {logging_mixin.py:190} INFO - [2024-10-31T11:50:01.690+0000] {dag.py:4180} INFO - Setting next_dagrun for example_xcom to 2021-01-01 00:00:00+00:00, run_after=2021-01-01 00:00:00+00:00
[2024-10-31T11:50:01.703+0000] {processor.py:208} INFO - Processing /home/airflow/.local/lib/python3.12/site-packages/airflow/example_dags/example_xcom.py took 0.055 seconds
[2024-10-31T11:50:33.112+0000] {processor.py:186} INFO - Started process (PID=610) to work on /home/airflow/.local/lib/python3.12/site-packages/airflow/example_dags/example_xcom.py
[2024-10-31T11:50:33.113+0000] {processor.py:914} INFO - Processing file /home/airflow/.local/lib/python3.12/site-packages/airflow/example_dags/example_xcom.py for tasks to queue
[2024-10-31T11:50:33.115+0000] {logging_mixin.py:190} INFO - [2024-10-31T11:50:33.114+0000] {dagbag.py:588} INFO - Filling up the DagBag from /home/airflow/.local/lib/python3.12/site-packages/airflow/example_dags/example_xcom.py
[2024-10-31T11:50:33.121+0000] {processor.py:925} INFO - DAG(s) 'example_xcom' retrieved from /home/airflow/.local/lib/python3.12/site-packages/airflow/example_dags/example_xcom.py
[2024-10-31T11:50:33.136+0000] {logging_mixin.py:190} INFO - [2024-10-31T11:50:33.135+0000] {dag.py:3239} INFO - Sync 1 DAGs
[2024-10-31T11:50:33.154+0000] {logging_mixin.py:190} INFO - [2024-10-31T11:50:33.154+0000] {dag.py:4180} INFO - Setting next_dagrun for example_xcom to 2021-01-01 00:00:00+00:00, run_after=2021-01-01 00:00:00+00:00
[2024-10-31T11:50:33.178+0000] {processor.py:208} INFO - Processing /home/airflow/.local/lib/python3.12/site-packages/airflow/example_dags/example_xcom.py took 0.070 seconds
[2024-10-31T11:51:03.947+0000] {processor.py:186} INFO - Started process (PID=673) to work on /home/airflow/.local/lib/python3.12/site-packages/airflow/example_dags/example_xcom.py
[2024-10-31T11:51:03.947+0000] {processor.py:914} INFO - Processing file /home/airflow/.local/lib/python3.12/site-packages/airflow/example_dags/example_xcom.py for tasks to queue
[2024-10-31T11:51:03.949+0000] {logging_mixin.py:190} INFO - [2024-10-31T11:51:03.949+0000] {dagbag.py:588} INFO - Filling up the DagBag from /home/airflow/.local/lib/python3.12/site-packages/airflow/example_dags/example_xcom.py
[2024-10-31T11:51:03.959+0000] {processor.py:925} INFO - DAG(s) 'example_xcom' retrieved from /home/airflow/.local/lib/python3.12/site-packages/airflow/example_dags/example_xcom.py
[2024-10-31T11:51:03.973+0000] {logging_mixin.py:190} INFO - [2024-10-31T11:51:03.972+0000] {dag.py:3239} INFO - Sync 1 DAGs
[2024-10-31T11:51:03.986+0000] {logging_mixin.py:190} INFO - [2024-10-31T11:51:03.986+0000] {dag.py:4180} INFO - Setting next_dagrun for example_xcom to 2021-01-01 00:00:00+00:00, run_after=2021-01-01 00:00:00+00:00
[2024-10-31T11:51:03.997+0000] {processor.py:208} INFO - Processing /home/airflow/.local/lib/python3.12/site-packages/airflow/example_dags/example_xcom.py took 0.054 seconds
[2024-10-31T11:51:35.215+0000] {processor.py:186} INFO - Started process (PID=737) to work on /home/airflow/.local/lib/python3.12/site-packages/airflow/example_dags/example_xcom.py
[2024-10-31T11:51:35.216+0000] {processor.py:914} INFO - Processing file /home/airflow/.local/lib/python3.12/site-packages/airflow/example_dags/example_xcom.py for tasks to queue
[2024-10-31T11:51:35.218+0000] {logging_mixin.py:190} INFO - [2024-10-31T11:51:35.218+0000] {dagbag.py:588} INFO - Filling up the DagBag from /home/airflow/.local/lib/python3.12/site-packages/airflow/example_dags/example_xcom.py
[2024-10-31T11:51:35.225+0000] {processor.py:925} INFO - DAG(s) 'example_xcom' retrieved from /home/airflow/.local/lib/python3.12/site-packages/airflow/example_dags/example_xcom.py
[2024-10-31T11:51:35.243+0000] {logging_mixin.py:190} INFO - [2024-10-31T11:51:35.243+0000] {dag.py:3239} INFO - Sync 1 DAGs
[2024-10-31T11:51:35.258+0000] {logging_mixin.py:190} INFO - [2024-10-31T11:51:35.257+0000] {dag.py:4180} INFO - Setting next_dagrun for example_xcom to 2021-01-01 00:00:00+00:00, run_after=2021-01-01 00:00:00+00:00
[2024-10-31T11:51:35.272+0000] {processor.py:208} INFO - Processing /home/airflow/.local/lib/python3.12/site-packages/airflow/example_dags/example_xcom.py took 0.060 seconds
[2024-10-31T11:52:06.238+0000] {processor.py:186} INFO - Started process (PID=801) to work on /home/airflow/.local/lib/python3.12/site-packages/airflow/example_dags/example_xcom.py
[2024-10-31T11:52:06.243+0000] {processor.py:914} INFO - Processing file /home/airflow/.local/lib/python3.12/site-packages/airflow/example_dags/example_xcom.py for tasks to queue
[2024-10-31T11:52:06.246+0000] {logging_mixin.py:190} INFO - [2024-10-31T11:52:06.245+0000] {dagbag.py:588} INFO - Filling up the DagBag from /home/airflow/.local/lib/python3.12/site-packages/airflow/example_dags/example_xcom.py
[2024-10-31T11:52:06.252+0000] {processor.py:925} INFO - DAG(s) 'example_xcom' retrieved from /home/airflow/.local/lib/python3.12/site-packages/airflow/example_dags/example_xcom.py
[2024-10-31T11:52:06.266+0000] {logging_mixin.py:190} INFO - [2024-10-31T11:52:06.266+0000] {dag.py:3239} INFO - Sync 1 DAGs
[2024-10-31T11:52:06.280+0000] {logging_mixin.py:190} INFO - [2024-10-31T11:52:06.280+0000] {dag.py:4180} INFO - Setting next_dagrun for example_xcom to 2021-01-01 00:00:00+00:00, run_after=2021-01-01 00:00:00+00:00
[2024-10-31T11:52:06.290+0000] {processor.py:208} INFO - Processing /home/airflow/.local/lib/python3.12/site-packages/airflow/example_dags/example_xcom.py took 0.056 seconds
[2024-10-31T11:52:48.065+0000] {processor.py:186} INFO - Started process (PID=90) to work on /home/airflow/.local/lib/python3.12/site-packages/airflow/example_dags/example_xcom.py
[2024-10-31T11:52:48.067+0000] {processor.py:914} INFO - Processing file /home/airflow/.local/lib/python3.12/site-packages/airflow/example_dags/example_xcom.py for tasks to queue
[2024-10-31T11:52:48.082+0000] {logging_mixin.py:190} INFO - [2024-10-31T11:52:48.082+0000] {dagbag.py:588} INFO - Filling up the DagBag from /home/airflow/.local/lib/python3.12/site-packages/airflow/example_dags/example_xcom.py
[2024-10-31T11:52:48.093+0000] {processor.py:925} INFO - DAG(s) 'example_xcom' retrieved from /home/airflow/.local/lib/python3.12/site-packages/airflow/example_dags/example_xcom.py
[2024-10-31T11:52:48.106+0000] {logging_mixin.py:190} INFO - [2024-10-31T11:52:48.106+0000] {dag.py:3239} INFO - Sync 1 DAGs
[2024-10-31T11:52:48.120+0000] {logging_mixin.py:190} INFO - [2024-10-31T11:52:48.120+0000] {dag.py:4180} INFO - Setting next_dagrun for example_xcom to 2021-01-01 00:00:00+00:00, run_after=2021-01-01 00:00:00+00:00
[2024-10-31T11:52:48.131+0000] {processor.py:208} INFO - Processing /home/airflow/.local/lib/python3.12/site-packages/airflow/example_dags/example_xcom.py took 0.070 seconds
[2024-10-31T11:53:19.414+0000] {processor.py:186} INFO - Started process (PID=154) to work on /home/airflow/.local/lib/python3.12/site-packages/airflow/example_dags/example_xcom.py
[2024-10-31T11:53:19.416+0000] {processor.py:914} INFO - Processing file /home/airflow/.local/lib/python3.12/site-packages/airflow/example_dags/example_xcom.py for tasks to queue
[2024-10-31T11:53:19.419+0000] {logging_mixin.py:190} INFO - [2024-10-31T11:53:19.419+0000] {dagbag.py:588} INFO - Filling up the DagBag from /home/airflow/.local/lib/python3.12/site-packages/airflow/example_dags/example_xcom.py
[2024-10-31T11:53:19.429+0000] {processor.py:925} INFO - DAG(s) 'example_xcom' retrieved from /home/airflow/.local/lib/python3.12/site-packages/airflow/example_dags/example_xcom.py
[2024-10-31T11:53:19.468+0000] {logging_mixin.py:190} INFO - [2024-10-31T11:53:19.466+0000] {dag.py:3239} INFO - Sync 1 DAGs
[2024-10-31T11:53:19.496+0000] {logging_mixin.py:190} INFO - [2024-10-31T11:53:19.496+0000] {dag.py:4180} INFO - Setting next_dagrun for example_xcom to 2021-01-01 00:00:00+00:00, run_after=2021-01-01 00:00:00+00:00
[2024-10-31T11:53:19.508+0000] {processor.py:208} INFO - Processing /home/airflow/.local/lib/python3.12/site-packages/airflow/example_dags/example_xcom.py took 0.097 seconds
[2024-10-31T11:53:49.703+0000] {processor.py:186} INFO - Started process (PID=218) to work on /home/airflow/.local/lib/python3.12/site-packages/airflow/example_dags/example_xcom.py
[2024-10-31T11:53:49.706+0000] {processor.py:914} INFO - Processing file /home/airflow/.local/lib/python3.12/site-packages/airflow/example_dags/example_xcom.py for tasks to queue
[2024-10-31T11:53:49.707+0000] {logging_mixin.py:190} INFO - [2024-10-31T11:53:49.707+0000] {dagbag.py:588} INFO - Filling up the DagBag from /home/airflow/.local/lib/python3.12/site-packages/airflow/example_dags/example_xcom.py
[2024-10-31T11:53:49.713+0000] {processor.py:925} INFO - DAG(s) 'example_xcom' retrieved from /home/airflow/.local/lib/python3.12/site-packages/airflow/example_dags/example_xcom.py
[2024-10-31T11:53:49.727+0000] {logging_mixin.py:190} INFO - [2024-10-31T11:53:49.727+0000] {dag.py:3239} INFO - Sync 1 DAGs
[2024-10-31T11:53:49.744+0000] {logging_mixin.py:190} INFO - [2024-10-31T11:53:49.744+0000] {dag.py:4180} INFO - Setting next_dagrun for example_xcom to 2021-01-01 00:00:00+00:00, run_after=2021-01-01 00:00:00+00:00
[2024-10-31T11:53:49.757+0000] {processor.py:208} INFO - Processing /home/airflow/.local/lib/python3.12/site-packages/airflow/example_dags/example_xcom.py took 0.058 seconds
[2024-10-31T11:54:20.011+0000] {processor.py:186} INFO - Started process (PID=282) to work on /home/airflow/.local/lib/python3.12/site-packages/airflow/example_dags/example_xcom.py
[2024-10-31T11:54:20.012+0000] {processor.py:914} INFO - Processing file /home/airflow/.local/lib/python3.12/site-packages/airflow/example_dags/example_xcom.py for tasks to queue
[2024-10-31T11:54:20.014+0000] {logging_mixin.py:190} INFO - [2024-10-31T11:54:20.014+0000] {dagbag.py:588} INFO - Filling up the DagBag from /home/airflow/.local/lib/python3.12/site-packages/airflow/example_dags/example_xcom.py
[2024-10-31T11:54:20.021+0000] {processor.py:925} INFO - DAG(s) 'example_xcom' retrieved from /home/airflow/.local/lib/python3.12/site-packages/airflow/example_dags/example_xcom.py
[2024-10-31T11:54:20.037+0000] {logging_mixin.py:190} INFO - [2024-10-31T11:54:20.036+0000] {dag.py:3239} INFO - Sync 1 DAGs
[2024-10-31T11:54:20.051+0000] {logging_mixin.py:190} INFO - [2024-10-31T11:54:20.051+0000] {dag.py:4180} INFO - Setting next_dagrun for example_xcom to 2021-01-01 00:00:00+00:00, run_after=2021-01-01 00:00:00+00:00
[2024-10-31T11:54:20.063+0000] {processor.py:208} INFO - Processing /home/airflow/.local/lib/python3.12/site-packages/airflow/example_dags/example_xcom.py took 0.056 seconds
[2024-10-31T11:54:50.307+0000] {processor.py:186} INFO - Started process (PID=345) to work on /home/airflow/.local/lib/python3.12/site-packages/airflow/example_dags/example_xcom.py
[2024-10-31T11:54:50.308+0000] {processor.py:914} INFO - Processing file /home/airflow/.local/lib/python3.12/site-packages/airflow/example_dags/example_xcom.py for tasks to queue
[2024-10-31T11:54:50.313+0000] {logging_mixin.py:190} INFO - [2024-10-31T11:54:50.313+0000] {dagbag.py:588} INFO - Filling up the DagBag from /home/airflow/.local/lib/python3.12/site-packages/airflow/example_dags/example_xcom.py
[2024-10-31T11:54:50.320+0000] {processor.py:925} INFO - DAG(s) 'example_xcom' retrieved from /home/airflow/.local/lib/python3.12/site-packages/airflow/example_dags/example_xcom.py
[2024-10-31T11:54:50.336+0000] {logging_mixin.py:190} INFO - [2024-10-31T11:54:50.336+0000] {dag.py:3239} INFO - Sync 1 DAGs
[2024-10-31T11:54:50.352+0000] {logging_mixin.py:190} INFO - [2024-10-31T11:54:50.351+0000] {dag.py:4180} INFO - Setting next_dagrun for example_xcom to 2021-01-01 00:00:00+00:00, run_after=2021-01-01 00:00:00+00:00
[2024-10-31T11:54:50.372+0000] {processor.py:208} INFO - Processing /home/airflow/.local/lib/python3.12/site-packages/airflow/example_dags/example_xcom.py took 0.070 seconds
[2024-10-31T11:55:20.567+0000] {processor.py:186} INFO - Started process (PID=409) to work on /home/airflow/.local/lib/python3.12/site-packages/airflow/example_dags/example_xcom.py
[2024-10-31T11:55:20.569+0000] {processor.py:914} INFO - Processing file /home/airflow/.local/lib/python3.12/site-packages/airflow/example_dags/example_xcom.py for tasks to queue
[2024-10-31T11:55:20.572+0000] {logging_mixin.py:190} INFO - [2024-10-31T11:55:20.572+0000] {dagbag.py:588} INFO - Filling up the DagBag from /home/airflow/.local/lib/python3.12/site-packages/airflow/example_dags/example_xcom.py
[2024-10-31T11:55:20.579+0000] {processor.py:925} INFO - DAG(s) 'example_xcom' retrieved from /home/airflow/.local/lib/python3.12/site-packages/airflow/example_dags/example_xcom.py
[2024-10-31T11:55:20.596+0000] {logging_mixin.py:190} INFO - [2024-10-31T11:55:20.596+0000] {dag.py:3239} INFO - Sync 1 DAGs
[2024-10-31T11:55:20.613+0000] {logging_mixin.py:190} INFO - [2024-10-31T11:55:20.613+0000] {dag.py:4180} INFO - Setting next_dagrun for example_xcom to 2021-01-01 00:00:00+00:00, run_after=2021-01-01 00:00:00+00:00
[2024-10-31T11:55:20.632+0000] {processor.py:208} INFO - Processing /home/airflow/.local/lib/python3.12/site-packages/airflow/example_dags/example_xcom.py took 0.070 seconds
[2024-10-31T11:55:50.745+0000] {processor.py:186} INFO - Started process (PID=473) to work on /home/airflow/.local/lib/python3.12/site-packages/airflow/example_dags/example_xcom.py
[2024-10-31T11:55:50.748+0000] {processor.py:914} INFO - Processing file /home/airflow/.local/lib/python3.12/site-packages/airflow/example_dags/example_xcom.py for tasks to queue
[2024-10-31T11:55:50.750+0000] {logging_mixin.py:190} INFO - [2024-10-31T11:55:50.749+0000] {dagbag.py:588} INFO - Filling up the DagBag from /home/airflow/.local/lib/python3.12/site-packages/airflow/example_dags/example_xcom.py
[2024-10-31T11:55:50.757+0000] {processor.py:925} INFO - DAG(s) 'example_xcom' retrieved from /home/airflow/.local/lib/python3.12/site-packages/airflow/example_dags/example_xcom.py
[2024-10-31T11:55:50.772+0000] {logging_mixin.py:190} INFO - [2024-10-31T11:55:50.772+0000] {dag.py:3239} INFO - Sync 1 DAGs
[2024-10-31T11:55:50.788+0000] {logging_mixin.py:190} INFO - [2024-10-31T11:55:50.788+0000] {dag.py:4180} INFO - Setting next_dagrun for example_xcom to 2021-01-01 00:00:00+00:00, run_after=2021-01-01 00:00:00+00:00
[2024-10-31T11:55:50.803+0000] {processor.py:208} INFO - Processing /home/airflow/.local/lib/python3.12/site-packages/airflow/example_dags/example_xcom.py took 0.061 seconds
[2024-10-31T11:56:21.193+0000] {processor.py:186} INFO - Started process (PID=537) to work on /home/airflow/.local/lib/python3.12/site-packages/airflow/example_dags/example_xcom.py
[2024-10-31T11:56:21.200+0000] {processor.py:914} INFO - Processing file /home/airflow/.local/lib/python3.12/site-packages/airflow/example_dags/example_xcom.py for tasks to queue
[2024-10-31T11:56:21.202+0000] {logging_mixin.py:190} INFO - [2024-10-31T11:56:21.202+0000] {dagbag.py:588} INFO - Filling up the DagBag from /home/airflow/.local/lib/python3.12/site-packages/airflow/example_dags/example_xcom.py
[2024-10-31T11:56:21.211+0000] {processor.py:925} INFO - DAG(s) 'example_xcom' retrieved from /home/airflow/.local/lib/python3.12/site-packages/airflow/example_dags/example_xcom.py
[2024-10-31T11:56:21.235+0000] {logging_mixin.py:190} INFO - [2024-10-31T11:56:21.234+0000] {dag.py:3239} INFO - Sync 1 DAGs
[2024-10-31T11:56:21.251+0000] {logging_mixin.py:190} INFO - [2024-10-31T11:56:21.251+0000] {dag.py:4180} INFO - Setting next_dagrun for example_xcom to 2021-01-01 00:00:00+00:00, run_after=2021-01-01 00:00:00+00:00
[2024-10-31T11:56:21.265+0000] {processor.py:208} INFO - Processing /home/airflow/.local/lib/python3.12/site-packages/airflow/example_dags/example_xcom.py took 0.075 seconds
[2024-10-31T11:56:51.457+0000] {processor.py:186} INFO - Started process (PID=601) to work on /home/airflow/.local/lib/python3.12/site-packages/airflow/example_dags/example_xcom.py
[2024-10-31T11:56:51.460+0000] {processor.py:914} INFO - Processing file /home/airflow/.local/lib/python3.12/site-packages/airflow/example_dags/example_xcom.py for tasks to queue
[2024-10-31T11:56:51.463+0000] {logging_mixin.py:190} INFO - [2024-10-31T11:56:51.463+0000] {dagbag.py:588} INFO - Filling up the DagBag from /home/airflow/.local/lib/python3.12/site-packages/airflow/example_dags/example_xcom.py
[2024-10-31T11:56:51.470+0000] {processor.py:925} INFO - DAG(s) 'example_xcom' retrieved from /home/airflow/.local/lib/python3.12/site-packages/airflow/example_dags/example_xcom.py
[2024-10-31T11:56:51.489+0000] {logging_mixin.py:190} INFO - [2024-10-31T11:56:51.489+0000] {dag.py:3239} INFO - Sync 1 DAGs
[2024-10-31T11:56:51.506+0000] {logging_mixin.py:190} INFO - [2024-10-31T11:56:51.506+0000] {dag.py:4180} INFO - Setting next_dagrun for example_xcom to 2021-01-01 00:00:00+00:00, run_after=2021-01-01 00:00:00+00:00
[2024-10-31T11:56:51.518+0000] {processor.py:208} INFO - Processing /home/airflow/.local/lib/python3.12/site-packages/airflow/example_dags/example_xcom.py took 0.065 seconds
[2024-10-31T11:57:21.718+0000] {processor.py:186} INFO - Started process (PID=665) to work on /home/airflow/.local/lib/python3.12/site-packages/airflow/example_dags/example_xcom.py
[2024-10-31T11:57:21.719+0000] {processor.py:914} INFO - Processing file /home/airflow/.local/lib/python3.12/site-packages/airflow/example_dags/example_xcom.py for tasks to queue
[2024-10-31T11:57:21.721+0000] {logging_mixin.py:190} INFO - [2024-10-31T11:57:21.721+0000] {dagbag.py:588} INFO - Filling up the DagBag from /home/airflow/.local/lib/python3.12/site-packages/airflow/example_dags/example_xcom.py
[2024-10-31T11:57:21.728+0000] {processor.py:925} INFO - DAG(s) 'example_xcom' retrieved from /home/airflow/.local/lib/python3.12/site-packages/airflow/example_dags/example_xcom.py
[2024-10-31T11:57:21.743+0000] {logging_mixin.py:190} INFO - [2024-10-31T11:57:21.743+0000] {dag.py:3239} INFO - Sync 1 DAGs
[2024-10-31T11:57:21.759+0000] {logging_mixin.py:190} INFO - [2024-10-31T11:57:21.758+0000] {dag.py:4180} INFO - Setting next_dagrun for example_xcom to 2021-01-01 00:00:00+00:00, run_after=2021-01-01 00:00:00+00:00
[2024-10-31T11:57:21.773+0000] {processor.py:208} INFO - Processing /home/airflow/.local/lib/python3.12/site-packages/airflow/example_dags/example_xcom.py took 0.060 seconds
[2024-10-31T11:57:52.138+0000] {processor.py:186} INFO - Started process (PID=728) to work on /home/airflow/.local/lib/python3.12/site-packages/airflow/example_dags/example_xcom.py
[2024-10-31T11:57:52.139+0000] {processor.py:914} INFO - Processing file /home/airflow/.local/lib/python3.12/site-packages/airflow/example_dags/example_xcom.py for tasks to queue
[2024-10-31T11:57:52.140+0000] {logging_mixin.py:190} INFO - [2024-10-31T11:57:52.140+0000] {dagbag.py:588} INFO - Filling up the DagBag from /home/airflow/.local/lib/python3.12/site-packages/airflow/example_dags/example_xcom.py
[2024-10-31T11:57:52.146+0000] {processor.py:925} INFO - DAG(s) 'example_xcom' retrieved from /home/airflow/.local/lib/python3.12/site-packages/airflow/example_dags/example_xcom.py
[2024-10-31T11:57:52.162+0000] {logging_mixin.py:190} INFO - [2024-10-31T11:57:52.161+0000] {dag.py:3239} INFO - Sync 1 DAGs
[2024-10-31T11:57:52.178+0000] {logging_mixin.py:190} INFO - [2024-10-31T11:57:52.178+0000] {dag.py:4180} INFO - Setting next_dagrun for example_xcom to 2021-01-01 00:00:00+00:00, run_after=2021-01-01 00:00:00+00:00
[2024-10-31T11:57:52.190+0000] {processor.py:208} INFO - Processing /home/airflow/.local/lib/python3.12/site-packages/airflow/example_dags/example_xcom.py took 0.056 seconds
[2024-10-31T11:58:22.391+0000] {processor.py:186} INFO - Started process (PID=792) to work on /home/airflow/.local/lib/python3.12/site-packages/airflow/example_dags/example_xcom.py
[2024-10-31T11:58:22.392+0000] {processor.py:914} INFO - Processing file /home/airflow/.local/lib/python3.12/site-packages/airflow/example_dags/example_xcom.py for tasks to queue
[2024-10-31T11:58:22.393+0000] {logging_mixin.py:190} INFO - [2024-10-31T11:58:22.393+0000] {dagbag.py:588} INFO - Filling up the DagBag from /home/airflow/.local/lib/python3.12/site-packages/airflow/example_dags/example_xcom.py
[2024-10-31T11:58:22.399+0000] {processor.py:925} INFO - DAG(s) 'example_xcom' retrieved from /home/airflow/.local/lib/python3.12/site-packages/airflow/example_dags/example_xcom.py
[2024-10-31T11:58:22.418+0000] {logging_mixin.py:190} INFO - [2024-10-31T11:58:22.418+0000] {dag.py:3239} INFO - Sync 1 DAGs
[2024-10-31T11:58:22.434+0000] {logging_mixin.py:190} INFO - [2024-10-31T11:58:22.434+0000] {dag.py:4180} INFO - Setting next_dagrun for example_xcom to 2021-01-01 00:00:00+00:00, run_after=2021-01-01 00:00:00+00:00
[2024-10-31T11:58:22.455+0000] {processor.py:208} INFO - Processing /home/airflow/.local/lib/python3.12/site-packages/airflow/example_dags/example_xcom.py took 0.068 seconds
[2024-10-31T11:58:53.693+0000] {processor.py:186} INFO - Started process (PID=856) to work on /home/airflow/.local/lib/python3.12/site-packages/airflow/example_dags/example_xcom.py
[2024-10-31T11:58:53.694+0000] {processor.py:914} INFO - Processing file /home/airflow/.local/lib/python3.12/site-packages/airflow/example_dags/example_xcom.py for tasks to queue
[2024-10-31T11:58:53.696+0000] {logging_mixin.py:190} INFO - [2024-10-31T11:58:53.696+0000] {dagbag.py:588} INFO - Filling up the DagBag from /home/airflow/.local/lib/python3.12/site-packages/airflow/example_dags/example_xcom.py
[2024-10-31T11:58:53.705+0000] {processor.py:925} INFO - DAG(s) 'example_xcom' retrieved from /home/airflow/.local/lib/python3.12/site-packages/airflow/example_dags/example_xcom.py
[2024-10-31T11:58:53.724+0000] {logging_mixin.py:190} INFO - [2024-10-31T11:58:53.724+0000] {dag.py:3239} INFO - Sync 1 DAGs
[2024-10-31T11:58:53.741+0000] {logging_mixin.py:190} INFO - [2024-10-31T11:58:53.741+0000] {dag.py:4180} INFO - Setting next_dagrun for example_xcom to 2021-01-01 00:00:00+00:00, run_after=2021-01-01 00:00:00+00:00
[2024-10-31T11:58:53.757+0000] {processor.py:208} INFO - Processing /home/airflow/.local/lib/python3.12/site-packages/airflow/example_dags/example_xcom.py took 0.068 seconds
[2024-10-31T11:59:24.129+0000] {processor.py:186} INFO - Started process (PID=920) to work on /home/airflow/.local/lib/python3.12/site-packages/airflow/example_dags/example_xcom.py
[2024-10-31T11:59:24.132+0000] {processor.py:914} INFO - Processing file /home/airflow/.local/lib/python3.12/site-packages/airflow/example_dags/example_xcom.py for tasks to queue
[2024-10-31T11:59:24.133+0000] {logging_mixin.py:190} INFO - [2024-10-31T11:59:24.133+0000] {dagbag.py:588} INFO - Filling up the DagBag from /home/airflow/.local/lib/python3.12/site-packages/airflow/example_dags/example_xcom.py
[2024-10-31T11:59:24.140+0000] {processor.py:925} INFO - DAG(s) 'example_xcom' retrieved from /home/airflow/.local/lib/python3.12/site-packages/airflow/example_dags/example_xcom.py
[2024-10-31T11:59:24.160+0000] {logging_mixin.py:190} INFO - [2024-10-31T11:59:24.160+0000] {dag.py:3239} INFO - Sync 1 DAGs
[2024-10-31T11:59:24.177+0000] {logging_mixin.py:190} INFO - [2024-10-31T11:59:24.177+0000] {dag.py:4180} INFO - Setting next_dagrun for example_xcom to 2021-01-01 00:00:00+00:00, run_after=2021-01-01 00:00:00+00:00
[2024-10-31T11:59:24.193+0000] {processor.py:208} INFO - Processing /home/airflow/.local/lib/python3.12/site-packages/airflow/example_dags/example_xcom.py took 0.068 seconds
[2024-10-31T11:59:54.677+0000] {processor.py:186} INFO - Started process (PID=984) to work on /home/airflow/.local/lib/python3.12/site-packages/airflow/example_dags/example_xcom.py
[2024-10-31T11:59:54.679+0000] {processor.py:914} INFO - Processing file /home/airflow/.local/lib/python3.12/site-packages/airflow/example_dags/example_xcom.py for tasks to queue
[2024-10-31T11:59:54.681+0000] {logging_mixin.py:190} INFO - [2024-10-31T11:59:54.680+0000] {dagbag.py:588} INFO - Filling up the DagBag from /home/airflow/.local/lib/python3.12/site-packages/airflow/example_dags/example_xcom.py
[2024-10-31T11:59:54.687+0000] {processor.py:925} INFO - DAG(s) 'example_xcom' retrieved from /home/airflow/.local/lib/python3.12/site-packages/airflow/example_dags/example_xcom.py
[2024-10-31T11:59:54.705+0000] {logging_mixin.py:190} INFO - [2024-10-31T11:59:54.704+0000] {dag.py:3239} INFO - Sync 1 DAGs
[2024-10-31T11:59:54.720+0000] {logging_mixin.py:190} INFO - [2024-10-31T11:59:54.720+0000] {dag.py:4180} INFO - Setting next_dagrun for example_xcom to 2021-01-01 00:00:00+00:00, run_after=2021-01-01 00:00:00+00:00
[2024-10-31T11:59:54.737+0000] {processor.py:208} INFO - Processing /home/airflow/.local/lib/python3.12/site-packages/airflow/example_dags/example_xcom.py took 0.065 seconds
[2024-10-31T12:00:25.077+0000] {processor.py:186} INFO - Started process (PID=1047) to work on /home/airflow/.local/lib/python3.12/site-packages/airflow/example_dags/example_xcom.py
[2024-10-31T12:00:25.079+0000] {processor.py:914} INFO - Processing file /home/airflow/.local/lib/python3.12/site-packages/airflow/example_dags/example_xcom.py for tasks to queue
[2024-10-31T12:00:25.081+0000] {logging_mixin.py:190} INFO - [2024-10-31T12:00:25.081+0000] {dagbag.py:588} INFO - Filling up the DagBag from /home/airflow/.local/lib/python3.12/site-packages/airflow/example_dags/example_xcom.py
[2024-10-31T12:00:25.087+0000] {processor.py:925} INFO - DAG(s) 'example_xcom' retrieved from /home/airflow/.local/lib/python3.12/site-packages/airflow/example_dags/example_xcom.py
[2024-10-31T12:00:25.103+0000] {logging_mixin.py:190} INFO - [2024-10-31T12:00:25.103+0000] {dag.py:3239} INFO - Sync 1 DAGs
[2024-10-31T12:00:25.118+0000] {logging_mixin.py:190} INFO - [2024-10-31T12:00:25.118+0000] {dag.py:4180} INFO - Setting next_dagrun for example_xcom to 2021-01-01 00:00:00+00:00, run_after=2021-01-01 00:00:00+00:00
[2024-10-31T12:00:25.129+0000] {processor.py:208} INFO - Processing /home/airflow/.local/lib/python3.12/site-packages/airflow/example_dags/example_xcom.py took 0.056 seconds
[2024-10-31T12:42:19.993+0000] {processor.py:186} INFO - Started process (PID=98) to work on /home/airflow/.local/lib/python3.12/site-packages/airflow/example_dags/example_xcom.py
[2024-10-31T12:42:19.994+0000] {processor.py:914} INFO - Processing file /home/airflow/.local/lib/python3.12/site-packages/airflow/example_dags/example_xcom.py for tasks to queue
[2024-10-31T12:42:19.996+0000] {logging_mixin.py:190} INFO - [2024-10-31T12:42:19.995+0000] {dagbag.py:588} INFO - Filling up the DagBag from /home/airflow/.local/lib/python3.12/site-packages/airflow/example_dags/example_xcom.py
[2024-10-31T12:42:20.002+0000] {processor.py:925} INFO - DAG(s) 'example_xcom' retrieved from /home/airflow/.local/lib/python3.12/site-packages/airflow/example_dags/example_xcom.py
[2024-10-31T12:42:20.066+0000] {logging_mixin.py:190} INFO - [2024-10-31T12:42:20.066+0000] {override.py:1900} INFO - Created Permission View: can read on DAG:example_xcom
[2024-10-31T12:42:20.073+0000] {logging_mixin.py:190} INFO - [2024-10-31T12:42:20.073+0000] {override.py:1900} INFO - Created Permission View: can delete on DAG:example_xcom
[2024-10-31T12:42:20.077+0000] {logging_mixin.py:190} INFO - [2024-10-31T12:42:20.077+0000] {override.py:1900} INFO - Created Permission View: can edit on DAG:example_xcom
[2024-10-31T12:42:20.084+0000] {logging_mixin.py:190} INFO - [2024-10-31T12:42:20.084+0000] {override.py:1900} INFO - Created Permission View: menu access on DAG Run:example_xcom
[2024-10-31T12:42:20.091+0000] {logging_mixin.py:190} INFO - [2024-10-31T12:42:20.091+0000] {override.py:1900} INFO - Created Permission View: can read on DAG Run:example_xcom
[2024-10-31T12:42:20.097+0000] {logging_mixin.py:190} INFO - [2024-10-31T12:42:20.097+0000] {override.py:1900} INFO - Created Permission View: can delete on DAG Run:example_xcom
[2024-10-31T12:42:20.103+0000] {logging_mixin.py:190} INFO - [2024-10-31T12:42:20.103+0000] {override.py:1900} INFO - Created Permission View: can create on DAG Run:example_xcom
[2024-10-31T12:42:20.104+0000] {logging_mixin.py:190} INFO - [2024-10-31T12:42:20.104+0000] {dag.py:3239} INFO - Sync 1 DAGs
[2024-10-31T12:42:20.114+0000] {logging_mixin.py:190} INFO - [2024-10-31T12:42:20.114+0000] {dag.py:3262} INFO - Creating ORM DAG for example_xcom
[2024-10-31T12:42:20.121+0000] {logging_mixin.py:190} INFO - [2024-10-31T12:42:20.121+0000] {dag.py:4180} INFO - Setting next_dagrun for example_xcom to 2021-01-01 00:00:00+00:00, run_after=2021-01-01 00:00:00+00:00
[2024-10-31T12:42:20.133+0000] {processor.py:208} INFO - Processing /home/airflow/.local/lib/python3.12/site-packages/airflow/example_dags/example_xcom.py took 0.145 seconds
