[2024-10-31T11:46:25.042+0000] {processor.py:186} INFO - Started process (PID=83) to work on /home/airflow/.local/lib/python3.12/site-packages/airflow/example_dags/example_sensor_decorator.py
[2024-10-31T11:46:25.044+0000] {processor.py:914} INFO - Processing file /home/airflow/.local/lib/python3.12/site-packages/airflow/example_dags/example_sensor_decorator.py for tasks to queue
[2024-10-31T11:46:25.045+0000] {logging_mixin.py:190} INFO - [2024-10-31T11:46:25.045+0000] {dagbag.py:588} INFO - Filling up the DagBag from /home/airflow/.local/lib/python3.12/site-packages/airflow/example_dags/example_sensor_decorator.py
[2024-10-31T11:46:25.051+0000] {processor.py:925} INFO - DAG(s) 'example_sensor_decorator' retrieved from /home/airflow/.local/lib/python3.12/site-packages/airflow/example_dags/example_sensor_decorator.py
[2024-10-31T11:46:25.125+0000] {logging_mixin.py:190} INFO - [2024-10-31T11:46:25.124+0000] {override.py:1900} INFO - Created Permission View: can delete on DAG:example_sensor_decorator
[2024-10-31T11:46:25.135+0000] {logging_mixin.py:190} INFO - [2024-10-31T11:46:25.135+0000] {override.py:1900} INFO - Created Permission View: can read on DAG:example_sensor_decorator
[2024-10-31T11:46:25.138+0000] {logging_mixin.py:190} INFO - [2024-10-31T11:46:25.138+0000] {override.py:1900} INFO - Created Permission View: can edit on DAG:example_sensor_decorator
[2024-10-31T11:46:25.141+0000] {logging_mixin.py:190} INFO - [2024-10-31T11:46:25.141+0000] {override.py:1900} INFO - Created Permission View: can delete on DAG Run:example_sensor_decorator
[2024-10-31T11:46:25.143+0000] {logging_mixin.py:190} INFO - [2024-10-31T11:46:25.143+0000] {override.py:1900} INFO - Created Permission View: can read on DAG Run:example_sensor_decorator
[2024-10-31T11:46:25.146+0000] {logging_mixin.py:190} INFO - [2024-10-31T11:46:25.146+0000] {override.py:1900} INFO - Created Permission View: can create on DAG Run:example_sensor_decorator
[2024-10-31T11:46:25.149+0000] {logging_mixin.py:190} INFO - [2024-10-31T11:46:25.149+0000] {override.py:1900} INFO - Created Permission View: menu access on DAG Run:example_sensor_decorator
[2024-10-31T11:46:25.149+0000] {logging_mixin.py:190} INFO - [2024-10-31T11:46:25.149+0000] {dag.py:3239} INFO - Sync 1 DAGs
[2024-10-31T11:46:25.156+0000] {logging_mixin.py:190} INFO - [2024-10-31T11:46:25.156+0000] {dag.py:3262} INFO - Creating ORM DAG for example_sensor_decorator
[2024-10-31T11:46:25.156+0000] {logging_mixin.py:190} INFO - [2024-10-31T11:46:25.156+0000] {dag.py:4180} INFO - Setting next_dagrun for example_sensor_decorator to None, run_after=None
[2024-10-31T11:46:25.164+0000] {processor.py:208} INFO - Processing /home/airflow/.local/lib/python3.12/site-packages/airflow/example_dags/example_sensor_decorator.py took 0.126 seconds
[2024-10-31T11:46:55.235+0000] {processor.py:186} INFO - Started process (PID=147) to work on /home/airflow/.local/lib/python3.12/site-packages/airflow/example_dags/example_sensor_decorator.py
[2024-10-31T11:46:55.236+0000] {processor.py:914} INFO - Processing file /home/airflow/.local/lib/python3.12/site-packages/airflow/example_dags/example_sensor_decorator.py for tasks to queue
[2024-10-31T11:46:55.237+0000] {logging_mixin.py:190} INFO - [2024-10-31T11:46:55.237+0000] {dagbag.py:588} INFO - Filling up the DagBag from /home/airflow/.local/lib/python3.12/site-packages/airflow/example_dags/example_sensor_decorator.py
[2024-10-31T11:46:55.243+0000] {processor.py:925} INFO - DAG(s) 'example_sensor_decorator' retrieved from /home/airflow/.local/lib/python3.12/site-packages/airflow/example_dags/example_sensor_decorator.py
[2024-10-31T11:46:55.258+0000] {logging_mixin.py:190} INFO - [2024-10-31T11:46:55.257+0000] {dag.py:3239} INFO - Sync 1 DAGs
[2024-10-31T11:46:55.268+0000] {logging_mixin.py:190} INFO - [2024-10-31T11:46:55.267+0000] {dag.py:4180} INFO - Setting next_dagrun for example_sensor_decorator to None, run_after=None
[2024-10-31T11:46:55.279+0000] {processor.py:208} INFO - Processing /home/airflow/.local/lib/python3.12/site-packages/airflow/example_dags/example_sensor_decorator.py took 0.048 seconds
[2024-10-31T11:47:25.388+0000] {processor.py:186} INFO - Started process (PID=211) to work on /home/airflow/.local/lib/python3.12/site-packages/airflow/example_dags/example_sensor_decorator.py
[2024-10-31T11:47:25.390+0000] {processor.py:914} INFO - Processing file /home/airflow/.local/lib/python3.12/site-packages/airflow/example_dags/example_sensor_decorator.py for tasks to queue
[2024-10-31T11:47:25.392+0000] {logging_mixin.py:190} INFO - [2024-10-31T11:47:25.392+0000] {dagbag.py:588} INFO - Filling up the DagBag from /home/airflow/.local/lib/python3.12/site-packages/airflow/example_dags/example_sensor_decorator.py
[2024-10-31T11:47:25.397+0000] {processor.py:925} INFO - DAG(s) 'example_sensor_decorator' retrieved from /home/airflow/.local/lib/python3.12/site-packages/airflow/example_dags/example_sensor_decorator.py
[2024-10-31T11:47:25.414+0000] {logging_mixin.py:190} INFO - [2024-10-31T11:47:25.414+0000] {dag.py:3239} INFO - Sync 1 DAGs
[2024-10-31T11:47:25.422+0000] {logging_mixin.py:190} INFO - [2024-10-31T11:47:25.422+0000] {dag.py:4180} INFO - Setting next_dagrun for example_sensor_decorator to None, run_after=None
[2024-10-31T11:47:25.433+0000] {processor.py:208} INFO - Processing /home/airflow/.local/lib/python3.12/site-packages/airflow/example_dags/example_sensor_decorator.py took 0.049 seconds
[2024-10-31T11:47:55.789+0000] {processor.py:186} INFO - Started process (PID=275) to work on /home/airflow/.local/lib/python3.12/site-packages/airflow/example_dags/example_sensor_decorator.py
[2024-10-31T11:47:55.791+0000] {processor.py:914} INFO - Processing file /home/airflow/.local/lib/python3.12/site-packages/airflow/example_dags/example_sensor_decorator.py for tasks to queue
[2024-10-31T11:47:55.792+0000] {logging_mixin.py:190} INFO - [2024-10-31T11:47:55.792+0000] {dagbag.py:588} INFO - Filling up the DagBag from /home/airflow/.local/lib/python3.12/site-packages/airflow/example_dags/example_sensor_decorator.py
[2024-10-31T11:47:55.798+0000] {processor.py:925} INFO - DAG(s) 'example_sensor_decorator' retrieved from /home/airflow/.local/lib/python3.12/site-packages/airflow/example_dags/example_sensor_decorator.py
[2024-10-31T11:47:55.816+0000] {logging_mixin.py:190} INFO - [2024-10-31T11:47:55.815+0000] {dag.py:3239} INFO - Sync 1 DAGs
[2024-10-31T11:47:55.825+0000] {logging_mixin.py:190} INFO - [2024-10-31T11:47:55.825+0000] {dag.py:4180} INFO - Setting next_dagrun for example_sensor_decorator to None, run_after=None
[2024-10-31T11:47:55.840+0000] {processor.py:208} INFO - Processing /home/airflow/.local/lib/python3.12/site-packages/airflow/example_dags/example_sensor_decorator.py took 0.055 seconds
[2024-10-31T11:48:26.887+0000] {processor.py:186} INFO - Started process (PID=339) to work on /home/airflow/.local/lib/python3.12/site-packages/airflow/example_dags/example_sensor_decorator.py
[2024-10-31T11:48:26.888+0000] {processor.py:914} INFO - Processing file /home/airflow/.local/lib/python3.12/site-packages/airflow/example_dags/example_sensor_decorator.py for tasks to queue
[2024-10-31T11:48:26.890+0000] {logging_mixin.py:190} INFO - [2024-10-31T11:48:26.890+0000] {dagbag.py:588} INFO - Filling up the DagBag from /home/airflow/.local/lib/python3.12/site-packages/airflow/example_dags/example_sensor_decorator.py
[2024-10-31T11:48:26.895+0000] {processor.py:925} INFO - DAG(s) 'example_sensor_decorator' retrieved from /home/airflow/.local/lib/python3.12/site-packages/airflow/example_dags/example_sensor_decorator.py
[2024-10-31T11:48:26.909+0000] {logging_mixin.py:190} INFO - [2024-10-31T11:48:26.909+0000] {dag.py:3239} INFO - Sync 1 DAGs
[2024-10-31T11:48:26.918+0000] {logging_mixin.py:190} INFO - [2024-10-31T11:48:26.918+0000] {dag.py:4180} INFO - Setting next_dagrun for example_sensor_decorator to None, run_after=None
[2024-10-31T11:48:26.936+0000] {processor.py:208} INFO - Processing /home/airflow/.local/lib/python3.12/site-packages/airflow/example_dags/example_sensor_decorator.py took 0.052 seconds
[2024-10-31T11:48:57.951+0000] {processor.py:186} INFO - Started process (PID=403) to work on /home/airflow/.local/lib/python3.12/site-packages/airflow/example_dags/example_sensor_decorator.py
[2024-10-31T11:48:57.953+0000] {processor.py:914} INFO - Processing file /home/airflow/.local/lib/python3.12/site-packages/airflow/example_dags/example_sensor_decorator.py for tasks to queue
[2024-10-31T11:48:57.955+0000] {logging_mixin.py:190} INFO - [2024-10-31T11:48:57.955+0000] {dagbag.py:588} INFO - Filling up the DagBag from /home/airflow/.local/lib/python3.12/site-packages/airflow/example_dags/example_sensor_decorator.py
[2024-10-31T11:48:57.961+0000] {processor.py:925} INFO - DAG(s) 'example_sensor_decorator' retrieved from /home/airflow/.local/lib/python3.12/site-packages/airflow/example_dags/example_sensor_decorator.py
[2024-10-31T11:48:57.980+0000] {logging_mixin.py:190} INFO - [2024-10-31T11:48:57.980+0000] {dag.py:3239} INFO - Sync 1 DAGs
[2024-10-31T11:48:57.989+0000] {logging_mixin.py:190} INFO - [2024-10-31T11:48:57.989+0000] {dag.py:4180} INFO - Setting next_dagrun for example_sensor_decorator to None, run_after=None
[2024-10-31T11:48:58.003+0000] {processor.py:208} INFO - Processing /home/airflow/.local/lib/python3.12/site-packages/airflow/example_dags/example_sensor_decorator.py took 0.056 seconds
[2024-10-31T11:49:28.982+0000] {processor.py:186} INFO - Started process (PID=467) to work on /home/airflow/.local/lib/python3.12/site-packages/airflow/example_dags/example_sensor_decorator.py
[2024-10-31T11:49:28.986+0000] {processor.py:914} INFO - Processing file /home/airflow/.local/lib/python3.12/site-packages/airflow/example_dags/example_sensor_decorator.py for tasks to queue
[2024-10-31T11:49:28.989+0000] {logging_mixin.py:190} INFO - [2024-10-31T11:49:28.988+0000] {dagbag.py:588} INFO - Filling up the DagBag from /home/airflow/.local/lib/python3.12/site-packages/airflow/example_dags/example_sensor_decorator.py
[2024-10-31T11:49:28.995+0000] {processor.py:925} INFO - DAG(s) 'example_sensor_decorator' retrieved from /home/airflow/.local/lib/python3.12/site-packages/airflow/example_dags/example_sensor_decorator.py
[2024-10-31T11:49:29.009+0000] {logging_mixin.py:190} INFO - [2024-10-31T11:49:29.009+0000] {dag.py:3239} INFO - Sync 1 DAGs
[2024-10-31T11:49:29.017+0000] {logging_mixin.py:190} INFO - [2024-10-31T11:49:29.017+0000] {dag.py:4180} INFO - Setting next_dagrun for example_sensor_decorator to None, run_after=None
[2024-10-31T11:49:29.028+0000] {processor.py:208} INFO - Processing /home/airflow/.local/lib/python3.12/site-packages/airflow/example_dags/example_sensor_decorator.py took 0.051 seconds
[2024-10-31T11:49:59.950+0000] {processor.py:186} INFO - Started process (PID=531) to work on /home/airflow/.local/lib/python3.12/site-packages/airflow/example_dags/example_sensor_decorator.py
[2024-10-31T11:49:59.952+0000] {processor.py:914} INFO - Processing file /home/airflow/.local/lib/python3.12/site-packages/airflow/example_dags/example_sensor_decorator.py for tasks to queue
[2024-10-31T11:49:59.953+0000] {logging_mixin.py:190} INFO - [2024-10-31T11:49:59.953+0000] {dagbag.py:588} INFO - Filling up the DagBag from /home/airflow/.local/lib/python3.12/site-packages/airflow/example_dags/example_sensor_decorator.py
[2024-10-31T11:49:59.959+0000] {processor.py:925} INFO - DAG(s) 'example_sensor_decorator' retrieved from /home/airflow/.local/lib/python3.12/site-packages/airflow/example_dags/example_sensor_decorator.py
[2024-10-31T11:49:59.972+0000] {logging_mixin.py:190} INFO - [2024-10-31T11:49:59.972+0000] {dag.py:3239} INFO - Sync 1 DAGs
[2024-10-31T11:49:59.981+0000] {logging_mixin.py:190} INFO - [2024-10-31T11:49:59.981+0000] {dag.py:4180} INFO - Setting next_dagrun for example_sensor_decorator to None, run_after=None
[2024-10-31T11:49:59.994+0000] {processor.py:208} INFO - Processing /home/airflow/.local/lib/python3.12/site-packages/airflow/example_dags/example_sensor_decorator.py took 0.048 seconds
[2024-10-31T11:50:31.084+0000] {processor.py:186} INFO - Started process (PID=595) to work on /home/airflow/.local/lib/python3.12/site-packages/airflow/example_dags/example_sensor_decorator.py
[2024-10-31T11:50:31.085+0000] {processor.py:914} INFO - Processing file /home/airflow/.local/lib/python3.12/site-packages/airflow/example_dags/example_sensor_decorator.py for tasks to queue
[2024-10-31T11:50:31.090+0000] {logging_mixin.py:190} INFO - [2024-10-31T11:50:31.090+0000] {dagbag.py:588} INFO - Filling up the DagBag from /home/airflow/.local/lib/python3.12/site-packages/airflow/example_dags/example_sensor_decorator.py
[2024-10-31T11:50:31.095+0000] {processor.py:925} INFO - DAG(s) 'example_sensor_decorator' retrieved from /home/airflow/.local/lib/python3.12/site-packages/airflow/example_dags/example_sensor_decorator.py
[2024-10-31T11:50:31.110+0000] {logging_mixin.py:190} INFO - [2024-10-31T11:50:31.109+0000] {dag.py:3239} INFO - Sync 1 DAGs
[2024-10-31T11:50:31.119+0000] {logging_mixin.py:190} INFO - [2024-10-31T11:50:31.119+0000] {dag.py:4180} INFO - Setting next_dagrun for example_sensor_decorator to None, run_after=None
[2024-10-31T11:50:31.136+0000] {processor.py:208} INFO - Processing /home/airflow/.local/lib/python3.12/site-packages/airflow/example_dags/example_sensor_decorator.py took 0.056 seconds
[2024-10-31T11:51:02.192+0000] {processor.py:186} INFO - Started process (PID=658) to work on /home/airflow/.local/lib/python3.12/site-packages/airflow/example_dags/example_sensor_decorator.py
[2024-10-31T11:51:02.196+0000] {processor.py:914} INFO - Processing file /home/airflow/.local/lib/python3.12/site-packages/airflow/example_dags/example_sensor_decorator.py for tasks to queue
[2024-10-31T11:51:02.199+0000] {logging_mixin.py:190} INFO - [2024-10-31T11:51:02.199+0000] {dagbag.py:588} INFO - Filling up the DagBag from /home/airflow/.local/lib/python3.12/site-packages/airflow/example_dags/example_sensor_decorator.py
[2024-10-31T11:51:02.205+0000] {processor.py:925} INFO - DAG(s) 'example_sensor_decorator' retrieved from /home/airflow/.local/lib/python3.12/site-packages/airflow/example_dags/example_sensor_decorator.py
[2024-10-31T11:51:02.219+0000] {logging_mixin.py:190} INFO - [2024-10-31T11:51:02.219+0000] {dag.py:3239} INFO - Sync 1 DAGs
[2024-10-31T11:51:02.228+0000] {logging_mixin.py:190} INFO - [2024-10-31T11:51:02.227+0000] {dag.py:4180} INFO - Setting next_dagrun for example_sensor_decorator to None, run_after=None
[2024-10-31T11:51:02.240+0000] {processor.py:208} INFO - Processing /home/airflow/.local/lib/python3.12/site-packages/airflow/example_dags/example_sensor_decorator.py took 0.052 seconds
[2024-10-31T11:51:33.336+0000] {processor.py:186} INFO - Started process (PID=722) to work on /home/airflow/.local/lib/python3.12/site-packages/airflow/example_dags/example_sensor_decorator.py
[2024-10-31T11:51:33.338+0000] {processor.py:914} INFO - Processing file /home/airflow/.local/lib/python3.12/site-packages/airflow/example_dags/example_sensor_decorator.py for tasks to queue
[2024-10-31T11:51:33.340+0000] {logging_mixin.py:190} INFO - [2024-10-31T11:51:33.340+0000] {dagbag.py:588} INFO - Filling up the DagBag from /home/airflow/.local/lib/python3.12/site-packages/airflow/example_dags/example_sensor_decorator.py
[2024-10-31T11:51:33.346+0000] {processor.py:925} INFO - DAG(s) 'example_sensor_decorator' retrieved from /home/airflow/.local/lib/python3.12/site-packages/airflow/example_dags/example_sensor_decorator.py
[2024-10-31T11:51:33.361+0000] {logging_mixin.py:190} INFO - [2024-10-31T11:51:33.360+0000] {dag.py:3239} INFO - Sync 1 DAGs
[2024-10-31T11:51:33.369+0000] {logging_mixin.py:190} INFO - [2024-10-31T11:51:33.369+0000] {dag.py:4180} INFO - Setting next_dagrun for example_sensor_decorator to None, run_after=None
[2024-10-31T11:51:33.380+0000] {processor.py:208} INFO - Processing /home/airflow/.local/lib/python3.12/site-packages/airflow/example_dags/example_sensor_decorator.py took 0.047 seconds
[2024-10-31T11:52:03.566+0000] {processor.py:186} INFO - Started process (PID=786) to work on /home/airflow/.local/lib/python3.12/site-packages/airflow/example_dags/example_sensor_decorator.py
[2024-10-31T11:52:03.567+0000] {processor.py:914} INFO - Processing file /home/airflow/.local/lib/python3.12/site-packages/airflow/example_dags/example_sensor_decorator.py for tasks to queue
[2024-10-31T11:52:03.568+0000] {logging_mixin.py:190} INFO - [2024-10-31T11:52:03.568+0000] {dagbag.py:588} INFO - Filling up the DagBag from /home/airflow/.local/lib/python3.12/site-packages/airflow/example_dags/example_sensor_decorator.py
[2024-10-31T11:52:03.574+0000] {processor.py:925} INFO - DAG(s) 'example_sensor_decorator' retrieved from /home/airflow/.local/lib/python3.12/site-packages/airflow/example_dags/example_sensor_decorator.py
[2024-10-31T11:52:03.592+0000] {logging_mixin.py:190} INFO - [2024-10-31T11:52:03.591+0000] {dag.py:3239} INFO - Sync 1 DAGs
[2024-10-31T11:52:03.602+0000] {logging_mixin.py:190} INFO - [2024-10-31T11:52:03.602+0000] {dag.py:4180} INFO - Setting next_dagrun for example_sensor_decorator to None, run_after=None
[2024-10-31T11:52:03.615+0000] {processor.py:208} INFO - Processing /home/airflow/.local/lib/python3.12/site-packages/airflow/example_dags/example_sensor_decorator.py took 0.053 seconds
[2024-10-31T11:52:47.253+0000] {processor.py:186} INFO - Started process (PID=69) to work on /home/airflow/.local/lib/python3.12/site-packages/airflow/example_dags/example_sensor_decorator.py
[2024-10-31T11:52:47.261+0000] {processor.py:914} INFO - Processing file /home/airflow/.local/lib/python3.12/site-packages/airflow/example_dags/example_sensor_decorator.py for tasks to queue
[2024-10-31T11:52:47.274+0000] {logging_mixin.py:190} INFO - [2024-10-31T11:52:47.273+0000] {dagbag.py:588} INFO - Filling up the DagBag from /home/airflow/.local/lib/python3.12/site-packages/airflow/example_dags/example_sensor_decorator.py
[2024-10-31T11:52:47.284+0000] {processor.py:925} INFO - DAG(s) 'example_sensor_decorator' retrieved from /home/airflow/.local/lib/python3.12/site-packages/airflow/example_dags/example_sensor_decorator.py
[2024-10-31T11:52:47.305+0000] {logging_mixin.py:190} INFO - [2024-10-31T11:52:47.305+0000] {dag.py:3239} INFO - Sync 1 DAGs
[2024-10-31T11:52:47.317+0000] {logging_mixin.py:190} INFO - [2024-10-31T11:52:47.317+0000] {dag.py:4180} INFO - Setting next_dagrun for example_sensor_decorator to None, run_after=None
[2024-10-31T11:52:47.330+0000] {processor.py:208} INFO - Processing /home/airflow/.local/lib/python3.12/site-packages/airflow/example_dags/example_sensor_decorator.py took 0.081 seconds
[2024-10-31T11:53:18.322+0000] {processor.py:186} INFO - Started process (PID=139) to work on /home/airflow/.local/lib/python3.12/site-packages/airflow/example_dags/example_sensor_decorator.py
[2024-10-31T11:53:18.324+0000] {processor.py:914} INFO - Processing file /home/airflow/.local/lib/python3.12/site-packages/airflow/example_dags/example_sensor_decorator.py for tasks to queue
[2024-10-31T11:53:18.326+0000] {logging_mixin.py:190} INFO - [2024-10-31T11:53:18.325+0000] {dagbag.py:588} INFO - Filling up the DagBag from /home/airflow/.local/lib/python3.12/site-packages/airflow/example_dags/example_sensor_decorator.py
[2024-10-31T11:53:18.331+0000] {processor.py:925} INFO - DAG(s) 'example_sensor_decorator' retrieved from /home/airflow/.local/lib/python3.12/site-packages/airflow/example_dags/example_sensor_decorator.py
[2024-10-31T11:53:18.346+0000] {logging_mixin.py:190} INFO - [2024-10-31T11:53:18.346+0000] {dag.py:3239} INFO - Sync 1 DAGs
[2024-10-31T11:53:18.356+0000] {logging_mixin.py:190} INFO - [2024-10-31T11:53:18.355+0000] {dag.py:4180} INFO - Setting next_dagrun for example_sensor_decorator to None, run_after=None
[2024-10-31T11:53:18.367+0000] {processor.py:208} INFO - Processing /home/airflow/.local/lib/python3.12/site-packages/airflow/example_dags/example_sensor_decorator.py took 0.049 seconds
[2024-10-31T11:53:48.737+0000] {processor.py:186} INFO - Started process (PID=203) to work on /home/airflow/.local/lib/python3.12/site-packages/airflow/example_dags/example_sensor_decorator.py
[2024-10-31T11:53:48.738+0000] {processor.py:914} INFO - Processing file /home/airflow/.local/lib/python3.12/site-packages/airflow/example_dags/example_sensor_decorator.py for tasks to queue
[2024-10-31T11:53:48.741+0000] {logging_mixin.py:190} INFO - [2024-10-31T11:53:48.740+0000] {dagbag.py:588} INFO - Filling up the DagBag from /home/airflow/.local/lib/python3.12/site-packages/airflow/example_dags/example_sensor_decorator.py
[2024-10-31T11:53:48.747+0000] {processor.py:925} INFO - DAG(s) 'example_sensor_decorator' retrieved from /home/airflow/.local/lib/python3.12/site-packages/airflow/example_dags/example_sensor_decorator.py
[2024-10-31T11:53:48.764+0000] {logging_mixin.py:190} INFO - [2024-10-31T11:53:48.764+0000] {dag.py:3239} INFO - Sync 1 DAGs
[2024-10-31T11:53:48.774+0000] {logging_mixin.py:190} INFO - [2024-10-31T11:53:48.773+0000] {dag.py:4180} INFO - Setting next_dagrun for example_sensor_decorator to None, run_after=None
[2024-10-31T11:53:48.789+0000] {processor.py:208} INFO - Processing /home/airflow/.local/lib/python3.12/site-packages/airflow/example_dags/example_sensor_decorator.py took 0.059 seconds
[2024-10-31T11:54:19.097+0000] {processor.py:186} INFO - Started process (PID=267) to work on /home/airflow/.local/lib/python3.12/site-packages/airflow/example_dags/example_sensor_decorator.py
[2024-10-31T11:54:19.098+0000] {processor.py:914} INFO - Processing file /home/airflow/.local/lib/python3.12/site-packages/airflow/example_dags/example_sensor_decorator.py for tasks to queue
[2024-10-31T11:54:19.101+0000] {logging_mixin.py:190} INFO - [2024-10-31T11:54:19.101+0000] {dagbag.py:588} INFO - Filling up the DagBag from /home/airflow/.local/lib/python3.12/site-packages/airflow/example_dags/example_sensor_decorator.py
[2024-10-31T11:54:19.106+0000] {processor.py:925} INFO - DAG(s) 'example_sensor_decorator' retrieved from /home/airflow/.local/lib/python3.12/site-packages/airflow/example_dags/example_sensor_decorator.py
[2024-10-31T11:54:19.122+0000] {logging_mixin.py:190} INFO - [2024-10-31T11:54:19.121+0000] {dag.py:3239} INFO - Sync 1 DAGs
[2024-10-31T11:54:19.132+0000] {logging_mixin.py:190} INFO - [2024-10-31T11:54:19.132+0000] {dag.py:4180} INFO - Setting next_dagrun for example_sensor_decorator to None, run_after=None
[2024-10-31T11:54:19.147+0000] {processor.py:208} INFO - Processing /home/airflow/.local/lib/python3.12/site-packages/airflow/example_dags/example_sensor_decorator.py took 0.054 seconds
[2024-10-31T11:54:49.551+0000] {processor.py:186} INFO - Started process (PID=330) to work on /home/airflow/.local/lib/python3.12/site-packages/airflow/example_dags/example_sensor_decorator.py
[2024-10-31T11:54:49.552+0000] {processor.py:914} INFO - Processing file /home/airflow/.local/lib/python3.12/site-packages/airflow/example_dags/example_sensor_decorator.py for tasks to queue
[2024-10-31T11:54:49.554+0000] {logging_mixin.py:190} INFO - [2024-10-31T11:54:49.554+0000] {dagbag.py:588} INFO - Filling up the DagBag from /home/airflow/.local/lib/python3.12/site-packages/airflow/example_dags/example_sensor_decorator.py
[2024-10-31T11:54:49.561+0000] {processor.py:925} INFO - DAG(s) 'example_sensor_decorator' retrieved from /home/airflow/.local/lib/python3.12/site-packages/airflow/example_dags/example_sensor_decorator.py
[2024-10-31T11:54:49.574+0000] {logging_mixin.py:190} INFO - [2024-10-31T11:54:49.574+0000] {dag.py:3239} INFO - Sync 1 DAGs
[2024-10-31T11:54:49.584+0000] {logging_mixin.py:190} INFO - [2024-10-31T11:54:49.584+0000] {dag.py:4180} INFO - Setting next_dagrun for example_sensor_decorator to None, run_after=None
[2024-10-31T11:54:49.598+0000] {processor.py:208} INFO - Processing /home/airflow/.local/lib/python3.12/site-packages/airflow/example_dags/example_sensor_decorator.py took 0.051 seconds
[2024-10-31T11:55:19.743+0000] {processor.py:186} INFO - Started process (PID=394) to work on /home/airflow/.local/lib/python3.12/site-packages/airflow/example_dags/example_sensor_decorator.py
[2024-10-31T11:55:19.744+0000] {processor.py:914} INFO - Processing file /home/airflow/.local/lib/python3.12/site-packages/airflow/example_dags/example_sensor_decorator.py for tasks to queue
[2024-10-31T11:55:19.746+0000] {logging_mixin.py:190} INFO - [2024-10-31T11:55:19.746+0000] {dagbag.py:588} INFO - Filling up the DagBag from /home/airflow/.local/lib/python3.12/site-packages/airflow/example_dags/example_sensor_decorator.py
[2024-10-31T11:55:19.751+0000] {processor.py:925} INFO - DAG(s) 'example_sensor_decorator' retrieved from /home/airflow/.local/lib/python3.12/site-packages/airflow/example_dags/example_sensor_decorator.py
[2024-10-31T11:55:19.765+0000] {logging_mixin.py:190} INFO - [2024-10-31T11:55:19.765+0000] {dag.py:3239} INFO - Sync 1 DAGs
[2024-10-31T11:55:19.780+0000] {logging_mixin.py:190} INFO - [2024-10-31T11:55:19.780+0000] {dag.py:4180} INFO - Setting next_dagrun for example_sensor_decorator to None, run_after=None
[2024-10-31T11:55:19.795+0000] {processor.py:208} INFO - Processing /home/airflow/.local/lib/python3.12/site-packages/airflow/example_dags/example_sensor_decorator.py took 0.056 seconds
[2024-10-31T11:55:50.055+0000] {processor.py:186} INFO - Started process (PID=458) to work on /home/airflow/.local/lib/python3.12/site-packages/airflow/example_dags/example_sensor_decorator.py
[2024-10-31T11:55:50.057+0000] {processor.py:914} INFO - Processing file /home/airflow/.local/lib/python3.12/site-packages/airflow/example_dags/example_sensor_decorator.py for tasks to queue
[2024-10-31T11:55:50.058+0000] {logging_mixin.py:190} INFO - [2024-10-31T11:55:50.058+0000] {dagbag.py:588} INFO - Filling up the DagBag from /home/airflow/.local/lib/python3.12/site-packages/airflow/example_dags/example_sensor_decorator.py
[2024-10-31T11:55:50.067+0000] {processor.py:925} INFO - DAG(s) 'example_sensor_decorator' retrieved from /home/airflow/.local/lib/python3.12/site-packages/airflow/example_dags/example_sensor_decorator.py
[2024-10-31T11:55:50.087+0000] {logging_mixin.py:190} INFO - [2024-10-31T11:55:50.086+0000] {dag.py:3239} INFO - Sync 1 DAGs
[2024-10-31T11:55:50.097+0000] {logging_mixin.py:190} INFO - [2024-10-31T11:55:50.097+0000] {dag.py:4180} INFO - Setting next_dagrun for example_sensor_decorator to None, run_after=None
[2024-10-31T11:55:50.115+0000] {processor.py:208} INFO - Processing /home/airflow/.local/lib/python3.12/site-packages/airflow/example_dags/example_sensor_decorator.py took 0.065 seconds
[2024-10-31T11:56:20.264+0000] {processor.py:186} INFO - Started process (PID=522) to work on /home/airflow/.local/lib/python3.12/site-packages/airflow/example_dags/example_sensor_decorator.py
[2024-10-31T11:56:20.265+0000] {processor.py:914} INFO - Processing file /home/airflow/.local/lib/python3.12/site-packages/airflow/example_dags/example_sensor_decorator.py for tasks to queue
[2024-10-31T11:56:20.267+0000] {logging_mixin.py:190} INFO - [2024-10-31T11:56:20.267+0000] {dagbag.py:588} INFO - Filling up the DagBag from /home/airflow/.local/lib/python3.12/site-packages/airflow/example_dags/example_sensor_decorator.py
[2024-10-31T11:56:20.272+0000] {processor.py:925} INFO - DAG(s) 'example_sensor_decorator' retrieved from /home/airflow/.local/lib/python3.12/site-packages/airflow/example_dags/example_sensor_decorator.py
[2024-10-31T11:56:20.287+0000] {logging_mixin.py:190} INFO - [2024-10-31T11:56:20.287+0000] {dag.py:3239} INFO - Sync 1 DAGs
[2024-10-31T11:56:20.296+0000] {logging_mixin.py:190} INFO - [2024-10-31T11:56:20.296+0000] {dag.py:4180} INFO - Setting next_dagrun for example_sensor_decorator to None, run_after=None
[2024-10-31T11:56:20.309+0000] {processor.py:208} INFO - Processing /home/airflow/.local/lib/python3.12/site-packages/airflow/example_dags/example_sensor_decorator.py took 0.049 seconds
[2024-10-31T11:56:50.594+0000] {processor.py:186} INFO - Started process (PID=586) to work on /home/airflow/.local/lib/python3.12/site-packages/airflow/example_dags/example_sensor_decorator.py
[2024-10-31T11:56:50.600+0000] {processor.py:914} INFO - Processing file /home/airflow/.local/lib/python3.12/site-packages/airflow/example_dags/example_sensor_decorator.py for tasks to queue
[2024-10-31T11:56:50.603+0000] {logging_mixin.py:190} INFO - [2024-10-31T11:56:50.603+0000] {dagbag.py:588} INFO - Filling up the DagBag from /home/airflow/.local/lib/python3.12/site-packages/airflow/example_dags/example_sensor_decorator.py
[2024-10-31T11:56:50.610+0000] {processor.py:925} INFO - DAG(s) 'example_sensor_decorator' retrieved from /home/airflow/.local/lib/python3.12/site-packages/airflow/example_dags/example_sensor_decorator.py
[2024-10-31T11:56:50.622+0000] {logging_mixin.py:190} INFO - [2024-10-31T11:56:50.622+0000] {dag.py:3239} INFO - Sync 1 DAGs
[2024-10-31T11:56:50.631+0000] {logging_mixin.py:190} INFO - [2024-10-31T11:56:50.631+0000] {dag.py:4180} INFO - Setting next_dagrun for example_sensor_decorator to None, run_after=None
[2024-10-31T11:56:50.643+0000] {processor.py:208} INFO - Processing /home/airflow/.local/lib/python3.12/site-packages/airflow/example_dags/example_sensor_decorator.py took 0.053 seconds
[2024-10-31T11:57:20.974+0000] {processor.py:186} INFO - Started process (PID=650) to work on /home/airflow/.local/lib/python3.12/site-packages/airflow/example_dags/example_sensor_decorator.py
[2024-10-31T11:57:20.975+0000] {processor.py:914} INFO - Processing file /home/airflow/.local/lib/python3.12/site-packages/airflow/example_dags/example_sensor_decorator.py for tasks to queue
[2024-10-31T11:57:20.976+0000] {logging_mixin.py:190} INFO - [2024-10-31T11:57:20.976+0000] {dagbag.py:588} INFO - Filling up the DagBag from /home/airflow/.local/lib/python3.12/site-packages/airflow/example_dags/example_sensor_decorator.py
[2024-10-31T11:57:20.982+0000] {processor.py:925} INFO - DAG(s) 'example_sensor_decorator' retrieved from /home/airflow/.local/lib/python3.12/site-packages/airflow/example_dags/example_sensor_decorator.py
[2024-10-31T11:57:21.004+0000] {logging_mixin.py:190} INFO - [2024-10-31T11:57:21.004+0000] {dag.py:3239} INFO - Sync 1 DAGs
[2024-10-31T11:57:21.018+0000] {logging_mixin.py:190} INFO - [2024-10-31T11:57:21.018+0000] {dag.py:4180} INFO - Setting next_dagrun for example_sensor_decorator to None, run_after=None
[2024-10-31T11:57:21.036+0000] {processor.py:208} INFO - Processing /home/airflow/.local/lib/python3.12/site-packages/airflow/example_dags/example_sensor_decorator.py took 0.066 seconds
[2024-10-31T11:57:51.338+0000] {processor.py:186} INFO - Started process (PID=713) to work on /home/airflow/.local/lib/python3.12/site-packages/airflow/example_dags/example_sensor_decorator.py
[2024-10-31T11:57:51.339+0000] {processor.py:914} INFO - Processing file /home/airflow/.local/lib/python3.12/site-packages/airflow/example_dags/example_sensor_decorator.py for tasks to queue
[2024-10-31T11:57:51.341+0000] {logging_mixin.py:190} INFO - [2024-10-31T11:57:51.341+0000] {dagbag.py:588} INFO - Filling up the DagBag from /home/airflow/.local/lib/python3.12/site-packages/airflow/example_dags/example_sensor_decorator.py
[2024-10-31T11:57:51.346+0000] {processor.py:925} INFO - DAG(s) 'example_sensor_decorator' retrieved from /home/airflow/.local/lib/python3.12/site-packages/airflow/example_dags/example_sensor_decorator.py
[2024-10-31T11:57:51.367+0000] {logging_mixin.py:190} INFO - [2024-10-31T11:57:51.367+0000] {dag.py:3239} INFO - Sync 1 DAGs
[2024-10-31T11:57:51.381+0000] {logging_mixin.py:190} INFO - [2024-10-31T11:57:51.381+0000] {dag.py:4180} INFO - Setting next_dagrun for example_sensor_decorator to None, run_after=None
[2024-10-31T11:57:51.398+0000] {processor.py:208} INFO - Processing /home/airflow/.local/lib/python3.12/site-packages/airflow/example_dags/example_sensor_decorator.py took 0.064 seconds
[2024-10-31T11:58:21.528+0000] {processor.py:186} INFO - Started process (PID=777) to work on /home/airflow/.local/lib/python3.12/site-packages/airflow/example_dags/example_sensor_decorator.py
[2024-10-31T11:58:21.529+0000] {processor.py:914} INFO - Processing file /home/airflow/.local/lib/python3.12/site-packages/airflow/example_dags/example_sensor_decorator.py for tasks to queue
[2024-10-31T11:58:21.531+0000] {logging_mixin.py:190} INFO - [2024-10-31T11:58:21.531+0000] {dagbag.py:588} INFO - Filling up the DagBag from /home/airflow/.local/lib/python3.12/site-packages/airflow/example_dags/example_sensor_decorator.py
[2024-10-31T11:58:21.538+0000] {processor.py:925} INFO - DAG(s) 'example_sensor_decorator' retrieved from /home/airflow/.local/lib/python3.12/site-packages/airflow/example_dags/example_sensor_decorator.py
[2024-10-31T11:58:21.566+0000] {logging_mixin.py:190} INFO - [2024-10-31T11:58:21.565+0000] {dag.py:3239} INFO - Sync 1 DAGs
[2024-10-31T11:58:21.576+0000] {logging_mixin.py:190} INFO - [2024-10-31T11:58:21.576+0000] {dag.py:4180} INFO - Setting next_dagrun for example_sensor_decorator to None, run_after=None
[2024-10-31T11:58:21.589+0000] {processor.py:208} INFO - Processing /home/airflow/.local/lib/python3.12/site-packages/airflow/example_dags/example_sensor_decorator.py took 0.065 seconds
[2024-10-31T11:58:52.823+0000] {processor.py:186} INFO - Started process (PID=841) to work on /home/airflow/.local/lib/python3.12/site-packages/airflow/example_dags/example_sensor_decorator.py
[2024-10-31T11:58:52.825+0000] {processor.py:914} INFO - Processing file /home/airflow/.local/lib/python3.12/site-packages/airflow/example_dags/example_sensor_decorator.py for tasks to queue
[2024-10-31T11:58:52.827+0000] {logging_mixin.py:190} INFO - [2024-10-31T11:58:52.827+0000] {dagbag.py:588} INFO - Filling up the DagBag from /home/airflow/.local/lib/python3.12/site-packages/airflow/example_dags/example_sensor_decorator.py
[2024-10-31T11:58:52.832+0000] {processor.py:925} INFO - DAG(s) 'example_sensor_decorator' retrieved from /home/airflow/.local/lib/python3.12/site-packages/airflow/example_dags/example_sensor_decorator.py
[2024-10-31T11:58:52.852+0000] {logging_mixin.py:190} INFO - [2024-10-31T11:58:52.852+0000] {dag.py:3239} INFO - Sync 1 DAGs
[2024-10-31T11:58:52.862+0000] {logging_mixin.py:190} INFO - [2024-10-31T11:58:52.862+0000] {dag.py:4180} INFO - Setting next_dagrun for example_sensor_decorator to None, run_after=None
[2024-10-31T11:58:52.884+0000] {processor.py:208} INFO - Processing /home/airflow/.local/lib/python3.12/site-packages/airflow/example_dags/example_sensor_decorator.py took 0.066 seconds
[2024-10-31T11:59:23.135+0000] {processor.py:186} INFO - Started process (PID=905) to work on /home/airflow/.local/lib/python3.12/site-packages/airflow/example_dags/example_sensor_decorator.py
[2024-10-31T11:59:23.136+0000] {processor.py:914} INFO - Processing file /home/airflow/.local/lib/python3.12/site-packages/airflow/example_dags/example_sensor_decorator.py for tasks to queue
[2024-10-31T11:59:23.138+0000] {logging_mixin.py:190} INFO - [2024-10-31T11:59:23.138+0000] {dagbag.py:588} INFO - Filling up the DagBag from /home/airflow/.local/lib/python3.12/site-packages/airflow/example_dags/example_sensor_decorator.py
[2024-10-31T11:59:23.146+0000] {processor.py:925} INFO - DAG(s) 'example_sensor_decorator' retrieved from /home/airflow/.local/lib/python3.12/site-packages/airflow/example_dags/example_sensor_decorator.py
[2024-10-31T11:59:23.160+0000] {logging_mixin.py:190} INFO - [2024-10-31T11:59:23.159+0000] {dag.py:3239} INFO - Sync 1 DAGs
[2024-10-31T11:59:23.169+0000] {logging_mixin.py:190} INFO - [2024-10-31T11:59:23.169+0000] {dag.py:4180} INFO - Setting next_dagrun for example_sensor_decorator to None, run_after=None
[2024-10-31T11:59:23.187+0000] {processor.py:208} INFO - Processing /home/airflow/.local/lib/python3.12/site-packages/airflow/example_dags/example_sensor_decorator.py took 0.056 seconds
[2024-10-31T11:59:53.849+0000] {processor.py:186} INFO - Started process (PID=969) to work on /home/airflow/.local/lib/python3.12/site-packages/airflow/example_dags/example_sensor_decorator.py
[2024-10-31T11:59:53.851+0000] {processor.py:914} INFO - Processing file /home/airflow/.local/lib/python3.12/site-packages/airflow/example_dags/example_sensor_decorator.py for tasks to queue
[2024-10-31T11:59:53.853+0000] {logging_mixin.py:190} INFO - [2024-10-31T11:59:53.853+0000] {dagbag.py:588} INFO - Filling up the DagBag from /home/airflow/.local/lib/python3.12/site-packages/airflow/example_dags/example_sensor_decorator.py
[2024-10-31T11:59:53.860+0000] {processor.py:925} INFO - DAG(s) 'example_sensor_decorator' retrieved from /home/airflow/.local/lib/python3.12/site-packages/airflow/example_dags/example_sensor_decorator.py
[2024-10-31T11:59:53.883+0000] {logging_mixin.py:190} INFO - [2024-10-31T11:59:53.882+0000] {dag.py:3239} INFO - Sync 1 DAGs
[2024-10-31T11:59:53.892+0000] {logging_mixin.py:190} INFO - [2024-10-31T11:59:53.892+0000] {dag.py:4180} INFO - Setting next_dagrun for example_sensor_decorator to None, run_after=None
[2024-10-31T11:59:53.907+0000] {processor.py:208} INFO - Processing /home/airflow/.local/lib/python3.12/site-packages/airflow/example_dags/example_sensor_decorator.py took 0.062 seconds
[2024-10-31T12:00:24.382+0000] {processor.py:186} INFO - Started process (PID=1032) to work on /home/airflow/.local/lib/python3.12/site-packages/airflow/example_dags/example_sensor_decorator.py
[2024-10-31T12:00:24.385+0000] {processor.py:914} INFO - Processing file /home/airflow/.local/lib/python3.12/site-packages/airflow/example_dags/example_sensor_decorator.py for tasks to queue
[2024-10-31T12:00:24.387+0000] {logging_mixin.py:190} INFO - [2024-10-31T12:00:24.387+0000] {dagbag.py:588} INFO - Filling up the DagBag from /home/airflow/.local/lib/python3.12/site-packages/airflow/example_dags/example_sensor_decorator.py
[2024-10-31T12:00:24.393+0000] {processor.py:925} INFO - DAG(s) 'example_sensor_decorator' retrieved from /home/airflow/.local/lib/python3.12/site-packages/airflow/example_dags/example_sensor_decorator.py
[2024-10-31T12:00:24.408+0000] {logging_mixin.py:190} INFO - [2024-10-31T12:00:24.408+0000] {dag.py:3239} INFO - Sync 1 DAGs
[2024-10-31T12:00:24.417+0000] {logging_mixin.py:190} INFO - [2024-10-31T12:00:24.417+0000] {dag.py:4180} INFO - Setting next_dagrun for example_sensor_decorator to None, run_after=None
[2024-10-31T12:00:24.436+0000] {processor.py:208} INFO - Processing /home/airflow/.local/lib/python3.12/site-packages/airflow/example_dags/example_sensor_decorator.py took 0.059 seconds
[2024-10-31T12:42:18.260+0000] {processor.py:186} INFO - Started process (PID=77) to work on /home/airflow/.local/lib/python3.12/site-packages/airflow/example_dags/example_sensor_decorator.py
[2024-10-31T12:42:18.261+0000] {processor.py:914} INFO - Processing file /home/airflow/.local/lib/python3.12/site-packages/airflow/example_dags/example_sensor_decorator.py for tasks to queue
[2024-10-31T12:42:18.262+0000] {logging_mixin.py:190} INFO - [2024-10-31T12:42:18.262+0000] {dagbag.py:588} INFO - Filling up the DagBag from /home/airflow/.local/lib/python3.12/site-packages/airflow/example_dags/example_sensor_decorator.py
[2024-10-31T12:42:18.268+0000] {processor.py:925} INFO - DAG(s) 'example_sensor_decorator' retrieved from /home/airflow/.local/lib/python3.12/site-packages/airflow/example_dags/example_sensor_decorator.py
[2024-10-31T12:42:18.405+0000] {logging_mixin.py:190} INFO - [2024-10-31T12:42:18.405+0000] {override.py:1900} INFO - Created Permission View: can read on DAG:example_sensor_decorator
[2024-10-31T12:42:18.412+0000] {logging_mixin.py:190} INFO - [2024-10-31T12:42:18.412+0000] {override.py:1900} INFO - Created Permission View: can delete on DAG:example_sensor_decorator
[2024-10-31T12:42:18.420+0000] {logging_mixin.py:190} INFO - [2024-10-31T12:42:18.420+0000] {override.py:1900} INFO - Created Permission View: can edit on DAG:example_sensor_decorator
[2024-10-31T12:42:18.430+0000] {logging_mixin.py:190} INFO - [2024-10-31T12:42:18.430+0000] {override.py:1900} INFO - Created Permission View: menu access on DAG Run:example_sensor_decorator
[2024-10-31T12:42:18.437+0000] {logging_mixin.py:190} INFO - [2024-10-31T12:42:18.437+0000] {override.py:1900} INFO - Created Permission View: can read on DAG Run:example_sensor_decorator
[2024-10-31T12:42:18.445+0000] {logging_mixin.py:190} INFO - [2024-10-31T12:42:18.445+0000] {override.py:1900} INFO - Created Permission View: can delete on DAG Run:example_sensor_decorator
[2024-10-31T12:42:18.450+0000] {logging_mixin.py:190} INFO - [2024-10-31T12:42:18.450+0000] {override.py:1900} INFO - Created Permission View: can create on DAG Run:example_sensor_decorator
[2024-10-31T12:42:18.451+0000] {logging_mixin.py:190} INFO - [2024-10-31T12:42:18.451+0000] {dag.py:3239} INFO - Sync 1 DAGs
[2024-10-31T12:42:18.459+0000] {logging_mixin.py:190} INFO - [2024-10-31T12:42:18.459+0000] {dag.py:3262} INFO - Creating ORM DAG for example_sensor_decorator
[2024-10-31T12:42:18.461+0000] {logging_mixin.py:190} INFO - [2024-10-31T12:42:18.461+0000] {dag.py:4180} INFO - Setting next_dagrun for example_sensor_decorator to None, run_after=None
[2024-10-31T12:42:18.474+0000] {processor.py:208} INFO - Processing /home/airflow/.local/lib/python3.12/site-packages/airflow/example_dags/example_sensor_decorator.py took 0.218 seconds
