[2024-10-31T11:46:27.142+0000] {processor.py:186} INFO - Started process (PID=101) to work on /home/airflow/.local/lib/python3.12/site-packages/airflow/example_dags/tutorial.py
[2024-10-31T11:46:27.143+0000] {processor.py:914} INFO - Processing file /home/airflow/.local/lib/python3.12/site-packages/airflow/example_dags/tutorial.py for tasks to queue
[2024-10-31T11:46:27.145+0000] {logging_mixin.py:190} INFO - [2024-10-31T11:46:27.145+0000] {dagbag.py:588} INFO - Filling up the DagBag from /home/airflow/.local/lib/python3.12/site-packages/airflow/example_dags/tutorial.py
[2024-10-31T11:46:27.151+0000] {processor.py:925} INFO - DAG(s) 'tutorial' retrieved from /home/airflow/.local/lib/python3.12/site-packages/airflow/example_dags/tutorial.py
[2024-10-31T11:46:27.225+0000] {logging_mixin.py:190} INFO - [2024-10-31T11:46:27.225+0000] {override.py:1900} INFO - Created Permission View: can delete on DAG:tutorial
[2024-10-31T11:46:27.231+0000] {logging_mixin.py:190} INFO - [2024-10-31T11:46:27.231+0000] {override.py:1900} INFO - Created Permission View: can read on DAG:tutorial
[2024-10-31T11:46:27.234+0000] {logging_mixin.py:190} INFO - [2024-10-31T11:46:27.234+0000] {override.py:1900} INFO - Created Permission View: can edit on DAG:tutorial
[2024-10-31T11:46:27.244+0000] {logging_mixin.py:190} INFO - [2024-10-31T11:46:27.243+0000] {override.py:1900} INFO - Created Permission View: can delete on DAG Run:tutorial
[2024-10-31T11:46:27.252+0000] {logging_mixin.py:190} INFO - [2024-10-31T11:46:27.252+0000] {override.py:1900} INFO - Created Permission View: can read on DAG Run:tutorial
[2024-10-31T11:46:27.259+0000] {logging_mixin.py:190} INFO - [2024-10-31T11:46:27.259+0000] {override.py:1900} INFO - Created Permission View: can create on DAG Run:tutorial
[2024-10-31T11:46:27.269+0000] {logging_mixin.py:190} INFO - [2024-10-31T11:46:27.269+0000] {override.py:1900} INFO - Created Permission View: menu access on DAG Run:tutorial
[2024-10-31T11:46:27.270+0000] {logging_mixin.py:190} INFO - [2024-10-31T11:46:27.270+0000] {dag.py:3239} INFO - Sync 1 DAGs
[2024-10-31T11:46:27.279+0000] {logging_mixin.py:190} INFO - [2024-10-31T11:46:27.279+0000] {dag.py:3262} INFO - Creating ORM DAG for tutorial
[2024-10-31T11:46:27.286+0000] {logging_mixin.py:190} INFO - [2024-10-31T11:46:27.285+0000] {dag.py:4180} INFO - Setting next_dagrun for tutorial to 2024-10-30 00:00:00+00:00, run_after=2024-10-31 00:00:00+00:00
[2024-10-31T11:46:27.296+0000] {processor.py:208} INFO - Processing /home/airflow/.local/lib/python3.12/site-packages/airflow/example_dags/tutorial.py took 0.158 seconds
[2024-10-31T11:46:58.141+0000] {processor.py:186} INFO - Started process (PID=165) to work on /home/airflow/.local/lib/python3.12/site-packages/airflow/example_dags/tutorial.py
[2024-10-31T11:46:58.142+0000] {processor.py:914} INFO - Processing file /home/airflow/.local/lib/python3.12/site-packages/airflow/example_dags/tutorial.py for tasks to queue
[2024-10-31T11:46:58.144+0000] {logging_mixin.py:190} INFO - [2024-10-31T11:46:58.143+0000] {dagbag.py:588} INFO - Filling up the DagBag from /home/airflow/.local/lib/python3.12/site-packages/airflow/example_dags/tutorial.py
[2024-10-31T11:46:58.170+0000] {processor.py:925} INFO - DAG(s) 'tutorial' retrieved from /home/airflow/.local/lib/python3.12/site-packages/airflow/example_dags/tutorial.py
[2024-10-31T11:46:58.186+0000] {logging_mixin.py:190} INFO - [2024-10-31T11:46:58.186+0000] {dag.py:3239} INFO - Sync 1 DAGs
[2024-10-31T11:46:58.201+0000] {logging_mixin.py:190} INFO - [2024-10-31T11:46:58.201+0000] {dag.py:4180} INFO - Setting next_dagrun for tutorial to 2024-10-30 00:00:00+00:00, run_after=2024-10-31 00:00:00+00:00
[2024-10-31T11:46:58.220+0000] {processor.py:208} INFO - Processing /home/airflow/.local/lib/python3.12/site-packages/airflow/example_dags/tutorial.py took 0.083 seconds
[2024-10-31T11:47:28.532+0000] {processor.py:186} INFO - Started process (PID=229) to work on /home/airflow/.local/lib/python3.12/site-packages/airflow/example_dags/tutorial.py
[2024-10-31T11:47:28.533+0000] {processor.py:914} INFO - Processing file /home/airflow/.local/lib/python3.12/site-packages/airflow/example_dags/tutorial.py for tasks to queue
[2024-10-31T11:47:28.535+0000] {logging_mixin.py:190} INFO - [2024-10-31T11:47:28.535+0000] {dagbag.py:588} INFO - Filling up the DagBag from /home/airflow/.local/lib/python3.12/site-packages/airflow/example_dags/tutorial.py
[2024-10-31T11:47:28.540+0000] {processor.py:925} INFO - DAG(s) 'tutorial' retrieved from /home/airflow/.local/lib/python3.12/site-packages/airflow/example_dags/tutorial.py
[2024-10-31T11:47:28.553+0000] {logging_mixin.py:190} INFO - [2024-10-31T11:47:28.553+0000] {dag.py:3239} INFO - Sync 1 DAGs
[2024-10-31T11:47:28.567+0000] {logging_mixin.py:190} INFO - [2024-10-31T11:47:28.567+0000] {dag.py:4180} INFO - Setting next_dagrun for tutorial to 2024-10-30 00:00:00+00:00, run_after=2024-10-31 00:00:00+00:00
[2024-10-31T11:47:28.585+0000] {processor.py:208} INFO - Processing /home/airflow/.local/lib/python3.12/site-packages/airflow/example_dags/tutorial.py took 0.057 seconds
[2024-10-31T11:47:58.780+0000] {processor.py:186} INFO - Started process (PID=293) to work on /home/airflow/.local/lib/python3.12/site-packages/airflow/example_dags/tutorial.py
[2024-10-31T11:47:58.781+0000] {processor.py:914} INFO - Processing file /home/airflow/.local/lib/python3.12/site-packages/airflow/example_dags/tutorial.py for tasks to queue
[2024-10-31T11:47:58.783+0000] {logging_mixin.py:190} INFO - [2024-10-31T11:47:58.783+0000] {dagbag.py:588} INFO - Filling up the DagBag from /home/airflow/.local/lib/python3.12/site-packages/airflow/example_dags/tutorial.py
[2024-10-31T11:47:58.788+0000] {processor.py:925} INFO - DAG(s) 'tutorial' retrieved from /home/airflow/.local/lib/python3.12/site-packages/airflow/example_dags/tutorial.py
[2024-10-31T11:47:58.801+0000] {logging_mixin.py:190} INFO - [2024-10-31T11:47:58.801+0000] {dag.py:3239} INFO - Sync 1 DAGs
[2024-10-31T11:47:58.815+0000] {logging_mixin.py:190} INFO - [2024-10-31T11:47:58.815+0000] {dag.py:4180} INFO - Setting next_dagrun for tutorial to 2024-10-30 00:00:00+00:00, run_after=2024-10-31 00:00:00+00:00
[2024-10-31T11:47:58.833+0000] {processor.py:208} INFO - Processing /home/airflow/.local/lib/python3.12/site-packages/airflow/example_dags/tutorial.py took 0.057 seconds
[2024-10-31T11:48:29.742+0000] {processor.py:186} INFO - Started process (PID=357) to work on /home/airflow/.local/lib/python3.12/site-packages/airflow/example_dags/tutorial.py
[2024-10-31T11:48:29.743+0000] {processor.py:914} INFO - Processing file /home/airflow/.local/lib/python3.12/site-packages/airflow/example_dags/tutorial.py for tasks to queue
[2024-10-31T11:48:29.744+0000] {logging_mixin.py:190} INFO - [2024-10-31T11:48:29.744+0000] {dagbag.py:588} INFO - Filling up the DagBag from /home/airflow/.local/lib/python3.12/site-packages/airflow/example_dags/tutorial.py
[2024-10-31T11:48:29.750+0000] {processor.py:925} INFO - DAG(s) 'tutorial' retrieved from /home/airflow/.local/lib/python3.12/site-packages/airflow/example_dags/tutorial.py
[2024-10-31T11:48:29.763+0000] {logging_mixin.py:190} INFO - [2024-10-31T11:48:29.763+0000] {dag.py:3239} INFO - Sync 1 DAGs
[2024-10-31T11:48:29.779+0000] {logging_mixin.py:190} INFO - [2024-10-31T11:48:29.779+0000] {dag.py:4180} INFO - Setting next_dagrun for tutorial to 2024-10-30 00:00:00+00:00, run_after=2024-10-31 00:00:00+00:00
[2024-10-31T11:48:29.793+0000] {processor.py:208} INFO - Processing /home/airflow/.local/lib/python3.12/site-packages/airflow/example_dags/tutorial.py took 0.056 seconds
[2024-10-31T11:48:59.845+0000] {processor.py:186} INFO - Started process (PID=421) to work on /home/airflow/.local/lib/python3.12/site-packages/airflow/example_dags/tutorial.py
[2024-10-31T11:48:59.849+0000] {processor.py:914} INFO - Processing file /home/airflow/.local/lib/python3.12/site-packages/airflow/example_dags/tutorial.py for tasks to queue
[2024-10-31T11:48:59.853+0000] {logging_mixin.py:190} INFO - [2024-10-31T11:48:59.853+0000] {dagbag.py:588} INFO - Filling up the DagBag from /home/airflow/.local/lib/python3.12/site-packages/airflow/example_dags/tutorial.py
[2024-10-31T11:48:59.860+0000] {processor.py:925} INFO - DAG(s) 'tutorial' retrieved from /home/airflow/.local/lib/python3.12/site-packages/airflow/example_dags/tutorial.py
[2024-10-31T11:48:59.877+0000] {logging_mixin.py:190} INFO - [2024-10-31T11:48:59.877+0000] {dag.py:3239} INFO - Sync 1 DAGs
[2024-10-31T11:48:59.893+0000] {logging_mixin.py:190} INFO - [2024-10-31T11:48:59.893+0000] {dag.py:4180} INFO - Setting next_dagrun for tutorial to 2024-10-30 00:00:00+00:00, run_after=2024-10-31 00:00:00+00:00
[2024-10-31T11:48:59.907+0000] {processor.py:208} INFO - Processing /home/airflow/.local/lib/python3.12/site-packages/airflow/example_dags/tutorial.py took 0.068 seconds
[2024-10-31T11:49:30.874+0000] {processor.py:186} INFO - Started process (PID=485) to work on /home/airflow/.local/lib/python3.12/site-packages/airflow/example_dags/tutorial.py
[2024-10-31T11:49:30.878+0000] {processor.py:914} INFO - Processing file /home/airflow/.local/lib/python3.12/site-packages/airflow/example_dags/tutorial.py for tasks to queue
[2024-10-31T11:49:30.881+0000] {logging_mixin.py:190} INFO - [2024-10-31T11:49:30.881+0000] {dagbag.py:588} INFO - Filling up the DagBag from /home/airflow/.local/lib/python3.12/site-packages/airflow/example_dags/tutorial.py
[2024-10-31T11:49:30.886+0000] {processor.py:925} INFO - DAG(s) 'tutorial' retrieved from /home/airflow/.local/lib/python3.12/site-packages/airflow/example_dags/tutorial.py
[2024-10-31T11:49:30.898+0000] {logging_mixin.py:190} INFO - [2024-10-31T11:49:30.898+0000] {dag.py:3239} INFO - Sync 1 DAGs
[2024-10-31T11:49:30.912+0000] {logging_mixin.py:190} INFO - [2024-10-31T11:49:30.912+0000] {dag.py:4180} INFO - Setting next_dagrun for tutorial to 2024-10-30 00:00:00+00:00, run_after=2024-10-31 00:00:00+00:00
[2024-10-31T11:49:30.923+0000] {processor.py:208} INFO - Processing /home/airflow/.local/lib/python3.12/site-packages/airflow/example_dags/tutorial.py took 0.053 seconds
[2024-10-31T11:50:01.795+0000] {processor.py:186} INFO - Started process (PID=549) to work on /home/airflow/.local/lib/python3.12/site-packages/airflow/example_dags/tutorial.py
[2024-10-31T11:50:01.796+0000] {processor.py:914} INFO - Processing file /home/airflow/.local/lib/python3.12/site-packages/airflow/example_dags/tutorial.py for tasks to queue
[2024-10-31T11:50:01.798+0000] {logging_mixin.py:190} INFO - [2024-10-31T11:50:01.798+0000] {dagbag.py:588} INFO - Filling up the DagBag from /home/airflow/.local/lib/python3.12/site-packages/airflow/example_dags/tutorial.py
[2024-10-31T11:50:01.803+0000] {processor.py:925} INFO - DAG(s) 'tutorial' retrieved from /home/airflow/.local/lib/python3.12/site-packages/airflow/example_dags/tutorial.py
[2024-10-31T11:50:01.819+0000] {logging_mixin.py:190} INFO - [2024-10-31T11:50:01.819+0000] {dag.py:3239} INFO - Sync 1 DAGs
[2024-10-31T11:50:01.833+0000] {logging_mixin.py:190} INFO - [2024-10-31T11:50:01.833+0000] {dag.py:4180} INFO - Setting next_dagrun for tutorial to 2024-10-30 00:00:00+00:00, run_after=2024-10-31 00:00:00+00:00
[2024-10-31T11:50:01.846+0000] {processor.py:208} INFO - Processing /home/airflow/.local/lib/python3.12/site-packages/airflow/example_dags/tutorial.py took 0.055 seconds
[2024-10-31T11:50:33.269+0000] {processor.py:186} INFO - Started process (PID=613) to work on /home/airflow/.local/lib/python3.12/site-packages/airflow/example_dags/tutorial.py
[2024-10-31T11:50:33.275+0000] {processor.py:914} INFO - Processing file /home/airflow/.local/lib/python3.12/site-packages/airflow/example_dags/tutorial.py for tasks to queue
[2024-10-31T11:50:33.287+0000] {logging_mixin.py:190} INFO - [2024-10-31T11:50:33.286+0000] {dagbag.py:588} INFO - Filling up the DagBag from /home/airflow/.local/lib/python3.12/site-packages/airflow/example_dags/tutorial.py
[2024-10-31T11:50:33.298+0000] {processor.py:925} INFO - DAG(s) 'tutorial' retrieved from /home/airflow/.local/lib/python3.12/site-packages/airflow/example_dags/tutorial.py
[2024-10-31T11:50:33.313+0000] {logging_mixin.py:190} INFO - [2024-10-31T11:50:33.313+0000] {dag.py:3239} INFO - Sync 1 DAGs
[2024-10-31T11:50:33.327+0000] {logging_mixin.py:190} INFO - [2024-10-31T11:50:33.327+0000] {dag.py:4180} INFO - Setting next_dagrun for tutorial to 2024-10-30 00:00:00+00:00, run_after=2024-10-31 00:00:00+00:00
[2024-10-31T11:50:33.339+0000] {processor.py:208} INFO - Processing /home/airflow/.local/lib/python3.12/site-packages/airflow/example_dags/tutorial.py took 0.075 seconds
[2024-10-31T11:51:04.041+0000] {processor.py:186} INFO - Started process (PID=676) to work on /home/airflow/.local/lib/python3.12/site-packages/airflow/example_dags/tutorial.py
[2024-10-31T11:51:04.043+0000] {processor.py:914} INFO - Processing file /home/airflow/.local/lib/python3.12/site-packages/airflow/example_dags/tutorial.py for tasks to queue
[2024-10-31T11:51:04.045+0000] {logging_mixin.py:190} INFO - [2024-10-31T11:51:04.045+0000] {dagbag.py:588} INFO - Filling up the DagBag from /home/airflow/.local/lib/python3.12/site-packages/airflow/example_dags/tutorial.py
[2024-10-31T11:51:04.050+0000] {processor.py:925} INFO - DAG(s) 'tutorial' retrieved from /home/airflow/.local/lib/python3.12/site-packages/airflow/example_dags/tutorial.py
[2024-10-31T11:51:04.063+0000] {logging_mixin.py:190} INFO - [2024-10-31T11:51:04.062+0000] {dag.py:3239} INFO - Sync 1 DAGs
[2024-10-31T11:51:04.076+0000] {logging_mixin.py:190} INFO - [2024-10-31T11:51:04.076+0000] {dag.py:4180} INFO - Setting next_dagrun for tutorial to 2024-10-30 00:00:00+00:00, run_after=2024-10-31 00:00:00+00:00
[2024-10-31T11:51:04.086+0000] {processor.py:208} INFO - Processing /home/airflow/.local/lib/python3.12/site-packages/airflow/example_dags/tutorial.py took 0.050 seconds
[2024-10-31T11:51:35.443+0000] {processor.py:186} INFO - Started process (PID=740) to work on /home/airflow/.local/lib/python3.12/site-packages/airflow/example_dags/tutorial.py
[2024-10-31T11:51:35.444+0000] {processor.py:914} INFO - Processing file /home/airflow/.local/lib/python3.12/site-packages/airflow/example_dags/tutorial.py for tasks to queue
[2024-10-31T11:51:35.446+0000] {logging_mixin.py:190} INFO - [2024-10-31T11:51:35.446+0000] {dagbag.py:588} INFO - Filling up the DagBag from /home/airflow/.local/lib/python3.12/site-packages/airflow/example_dags/tutorial.py
[2024-10-31T11:51:35.451+0000] {processor.py:925} INFO - DAG(s) 'tutorial' retrieved from /home/airflow/.local/lib/python3.12/site-packages/airflow/example_dags/tutorial.py
[2024-10-31T11:51:35.467+0000] {logging_mixin.py:190} INFO - [2024-10-31T11:51:35.467+0000] {dag.py:3239} INFO - Sync 1 DAGs
[2024-10-31T11:51:35.484+0000] {logging_mixin.py:190} INFO - [2024-10-31T11:51:35.483+0000] {dag.py:4180} INFO - Setting next_dagrun for tutorial to 2024-10-30 00:00:00+00:00, run_after=2024-10-31 00:00:00+00:00
[2024-10-31T11:51:35.499+0000] {processor.py:208} INFO - Processing /home/airflow/.local/lib/python3.12/site-packages/airflow/example_dags/tutorial.py took 0.060 seconds
[2024-10-31T11:52:06.391+0000] {processor.py:186} INFO - Started process (PID=804) to work on /home/airflow/.local/lib/python3.12/site-packages/airflow/example_dags/tutorial.py
[2024-10-31T11:52:06.392+0000] {processor.py:914} INFO - Processing file /home/airflow/.local/lib/python3.12/site-packages/airflow/example_dags/tutorial.py for tasks to queue
[2024-10-31T11:52:06.393+0000] {logging_mixin.py:190} INFO - [2024-10-31T11:52:06.393+0000] {dagbag.py:588} INFO - Filling up the DagBag from /home/airflow/.local/lib/python3.12/site-packages/airflow/example_dags/tutorial.py
[2024-10-31T11:52:06.399+0000] {processor.py:925} INFO - DAG(s) 'tutorial' retrieved from /home/airflow/.local/lib/python3.12/site-packages/airflow/example_dags/tutorial.py
[2024-10-31T11:52:06.411+0000] {logging_mixin.py:190} INFO - [2024-10-31T11:52:06.411+0000] {dag.py:3239} INFO - Sync 1 DAGs
[2024-10-31T11:52:06.424+0000] {logging_mixin.py:190} INFO - [2024-10-31T11:52:06.424+0000] {dag.py:4180} INFO - Setting next_dagrun for tutorial to 2024-10-30 00:00:00+00:00, run_after=2024-10-31 00:00:00+00:00
[2024-10-31T11:52:06.437+0000] {processor.py:208} INFO - Processing /home/airflow/.local/lib/python3.12/site-packages/airflow/example_dags/tutorial.py took 0.050 seconds
[2024-10-31T11:52:48.233+0000] {processor.py:186} INFO - Started process (PID=93) to work on /home/airflow/.local/lib/python3.12/site-packages/airflow/example_dags/tutorial.py
[2024-10-31T11:52:48.234+0000] {processor.py:914} INFO - Processing file /home/airflow/.local/lib/python3.12/site-packages/airflow/example_dags/tutorial.py for tasks to queue
[2024-10-31T11:52:48.235+0000] {logging_mixin.py:190} INFO - [2024-10-31T11:52:48.235+0000] {dagbag.py:588} INFO - Filling up the DagBag from /home/airflow/.local/lib/python3.12/site-packages/airflow/example_dags/tutorial.py
[2024-10-31T11:52:48.240+0000] {processor.py:925} INFO - DAG(s) 'tutorial' retrieved from /home/airflow/.local/lib/python3.12/site-packages/airflow/example_dags/tutorial.py
[2024-10-31T11:52:48.254+0000] {logging_mixin.py:190} INFO - [2024-10-31T11:52:48.253+0000] {dag.py:3239} INFO - Sync 1 DAGs
[2024-10-31T11:52:48.268+0000] {logging_mixin.py:190} INFO - [2024-10-31T11:52:48.268+0000] {dag.py:4180} INFO - Setting next_dagrun for tutorial to 2024-10-30 00:00:00+00:00, run_after=2024-10-31 00:00:00+00:00
[2024-10-31T11:52:48.285+0000] {processor.py:208} INFO - Processing /home/airflow/.local/lib/python3.12/site-packages/airflow/example_dags/tutorial.py took 0.056 seconds
[2024-10-31T11:53:19.653+0000] {processor.py:186} INFO - Started process (PID=157) to work on /home/airflow/.local/lib/python3.12/site-packages/airflow/example_dags/tutorial.py
[2024-10-31T11:53:19.654+0000] {processor.py:914} INFO - Processing file /home/airflow/.local/lib/python3.12/site-packages/airflow/example_dags/tutorial.py for tasks to queue
[2024-10-31T11:53:19.655+0000] {logging_mixin.py:190} INFO - [2024-10-31T11:53:19.655+0000] {dagbag.py:588} INFO - Filling up the DagBag from /home/airflow/.local/lib/python3.12/site-packages/airflow/example_dags/tutorial.py
[2024-10-31T11:53:19.660+0000] {processor.py:925} INFO - DAG(s) 'tutorial' retrieved from /home/airflow/.local/lib/python3.12/site-packages/airflow/example_dags/tutorial.py
[2024-10-31T11:53:19.676+0000] {logging_mixin.py:190} INFO - [2024-10-31T11:53:19.676+0000] {dag.py:3239} INFO - Sync 1 DAGs
[2024-10-31T11:53:19.691+0000] {logging_mixin.py:190} INFO - [2024-10-31T11:53:19.691+0000] {dag.py:4180} INFO - Setting next_dagrun for tutorial to 2024-10-30 00:00:00+00:00, run_after=2024-10-31 00:00:00+00:00
[2024-10-31T11:53:19.707+0000] {processor.py:208} INFO - Processing /home/airflow/.local/lib/python3.12/site-packages/airflow/example_dags/tutorial.py took 0.065 seconds
[2024-10-31T11:53:49.792+0000] {processor.py:186} INFO - Started process (PID=221) to work on /home/airflow/.local/lib/python3.12/site-packages/airflow/example_dags/tutorial.py
[2024-10-31T11:53:49.794+0000] {processor.py:914} INFO - Processing file /home/airflow/.local/lib/python3.12/site-packages/airflow/example_dags/tutorial.py for tasks to queue
[2024-10-31T11:53:49.797+0000] {logging_mixin.py:190} INFO - [2024-10-31T11:53:49.797+0000] {dagbag.py:588} INFO - Filling up the DagBag from /home/airflow/.local/lib/python3.12/site-packages/airflow/example_dags/tutorial.py
[2024-10-31T11:53:49.805+0000] {processor.py:925} INFO - DAG(s) 'tutorial' retrieved from /home/airflow/.local/lib/python3.12/site-packages/airflow/example_dags/tutorial.py
[2024-10-31T11:53:49.820+0000] {logging_mixin.py:190} INFO - [2024-10-31T11:53:49.820+0000] {dag.py:3239} INFO - Sync 1 DAGs
[2024-10-31T11:53:49.834+0000] {logging_mixin.py:190} INFO - [2024-10-31T11:53:49.834+0000] {dag.py:4180} INFO - Setting next_dagrun for tutorial to 2024-10-30 00:00:00+00:00, run_after=2024-10-31 00:00:00+00:00
[2024-10-31T11:53:49.846+0000] {processor.py:208} INFO - Processing /home/airflow/.local/lib/python3.12/site-packages/airflow/example_dags/tutorial.py took 0.057 seconds
[2024-10-31T11:54:20.155+0000] {processor.py:186} INFO - Started process (PID=285) to work on /home/airflow/.local/lib/python3.12/site-packages/airflow/example_dags/tutorial.py
[2024-10-31T11:54:20.160+0000] {processor.py:914} INFO - Processing file /home/airflow/.local/lib/python3.12/site-packages/airflow/example_dags/tutorial.py for tasks to queue
[2024-10-31T11:54:20.162+0000] {logging_mixin.py:190} INFO - [2024-10-31T11:54:20.162+0000] {dagbag.py:588} INFO - Filling up the DagBag from /home/airflow/.local/lib/python3.12/site-packages/airflow/example_dags/tutorial.py
[2024-10-31T11:54:20.168+0000] {processor.py:925} INFO - DAG(s) 'tutorial' retrieved from /home/airflow/.local/lib/python3.12/site-packages/airflow/example_dags/tutorial.py
[2024-10-31T11:54:20.184+0000] {logging_mixin.py:190} INFO - [2024-10-31T11:54:20.183+0000] {dag.py:3239} INFO - Sync 1 DAGs
[2024-10-31T11:54:20.202+0000] {logging_mixin.py:190} INFO - [2024-10-31T11:54:20.202+0000] {dag.py:4180} INFO - Setting next_dagrun for tutorial to 2024-10-30 00:00:00+00:00, run_after=2024-10-31 00:00:00+00:00
[2024-10-31T11:54:20.215+0000] {processor.py:208} INFO - Processing /home/airflow/.local/lib/python3.12/site-packages/airflow/example_dags/tutorial.py took 0.065 seconds
[2024-10-31T11:54:50.463+0000] {processor.py:186} INFO - Started process (PID=348) to work on /home/airflow/.local/lib/python3.12/site-packages/airflow/example_dags/tutorial.py
[2024-10-31T11:54:50.467+0000] {processor.py:914} INFO - Processing file /home/airflow/.local/lib/python3.12/site-packages/airflow/example_dags/tutorial.py for tasks to queue
[2024-10-31T11:54:50.469+0000] {logging_mixin.py:190} INFO - [2024-10-31T11:54:50.469+0000] {dagbag.py:588} INFO - Filling up the DagBag from /home/airflow/.local/lib/python3.12/site-packages/airflow/example_dags/tutorial.py
[2024-10-31T11:54:50.474+0000] {processor.py:925} INFO - DAG(s) 'tutorial' retrieved from /home/airflow/.local/lib/python3.12/site-packages/airflow/example_dags/tutorial.py
[2024-10-31T11:54:50.487+0000] {logging_mixin.py:190} INFO - [2024-10-31T11:54:50.487+0000] {dag.py:3239} INFO - Sync 1 DAGs
[2024-10-31T11:54:50.504+0000] {logging_mixin.py:190} INFO - [2024-10-31T11:54:50.504+0000] {dag.py:4180} INFO - Setting next_dagrun for tutorial to 2024-10-30 00:00:00+00:00, run_after=2024-10-31 00:00:00+00:00
[2024-10-31T11:54:50.516+0000] {processor.py:208} INFO - Processing /home/airflow/.local/lib/python3.12/site-packages/airflow/example_dags/tutorial.py took 0.057 seconds
[2024-10-31T11:55:20.816+0000] {processor.py:186} INFO - Started process (PID=412) to work on /home/airflow/.local/lib/python3.12/site-packages/airflow/example_dags/tutorial.py
[2024-10-31T11:55:20.819+0000] {processor.py:914} INFO - Processing file /home/airflow/.local/lib/python3.12/site-packages/airflow/example_dags/tutorial.py for tasks to queue
[2024-10-31T11:55:20.822+0000] {logging_mixin.py:190} INFO - [2024-10-31T11:55:20.821+0000] {dagbag.py:588} INFO - Filling up the DagBag from /home/airflow/.local/lib/python3.12/site-packages/airflow/example_dags/tutorial.py
[2024-10-31T11:55:20.828+0000] {processor.py:925} INFO - DAG(s) 'tutorial' retrieved from /home/airflow/.local/lib/python3.12/site-packages/airflow/example_dags/tutorial.py
[2024-10-31T11:55:20.849+0000] {logging_mixin.py:190} INFO - [2024-10-31T11:55:20.849+0000] {dag.py:3239} INFO - Sync 1 DAGs
[2024-10-31T11:55:20.867+0000] {logging_mixin.py:190} INFO - [2024-10-31T11:55:20.867+0000] {dag.py:4180} INFO - Setting next_dagrun for tutorial to 2024-10-30 00:00:00+00:00, run_after=2024-10-31 00:00:00+00:00
[2024-10-31T11:55:20.885+0000] {processor.py:208} INFO - Processing /home/airflow/.local/lib/python3.12/site-packages/airflow/example_dags/tutorial.py took 0.074 seconds
[2024-10-31T11:55:50.966+0000] {processor.py:186} INFO - Started process (PID=476) to work on /home/airflow/.local/lib/python3.12/site-packages/airflow/example_dags/tutorial.py
[2024-10-31T11:55:50.970+0000] {processor.py:914} INFO - Processing file /home/airflow/.local/lib/python3.12/site-packages/airflow/example_dags/tutorial.py for tasks to queue
[2024-10-31T11:55:50.973+0000] {logging_mixin.py:190} INFO - [2024-10-31T11:55:50.972+0000] {dagbag.py:588} INFO - Filling up the DagBag from /home/airflow/.local/lib/python3.12/site-packages/airflow/example_dags/tutorial.py
[2024-10-31T11:55:50.978+0000] {processor.py:925} INFO - DAG(s) 'tutorial' retrieved from /home/airflow/.local/lib/python3.12/site-packages/airflow/example_dags/tutorial.py
[2024-10-31T11:55:50.996+0000] {logging_mixin.py:190} INFO - [2024-10-31T11:55:50.995+0000] {dag.py:3239} INFO - Sync 1 DAGs
[2024-10-31T11:55:51.011+0000] {logging_mixin.py:190} INFO - [2024-10-31T11:55:51.011+0000] {dag.py:4180} INFO - Setting next_dagrun for tutorial to 2024-10-30 00:00:00+00:00, run_after=2024-10-31 00:00:00+00:00
[2024-10-31T11:55:51.025+0000] {processor.py:208} INFO - Processing /home/airflow/.local/lib/python3.12/site-packages/airflow/example_dags/tutorial.py took 0.063 seconds
[2024-10-31T11:56:21.354+0000] {processor.py:186} INFO - Started process (PID=540) to work on /home/airflow/.local/lib/python3.12/site-packages/airflow/example_dags/tutorial.py
[2024-10-31T11:56:21.355+0000] {processor.py:914} INFO - Processing file /home/airflow/.local/lib/python3.12/site-packages/airflow/example_dags/tutorial.py for tasks to queue
[2024-10-31T11:56:21.356+0000] {logging_mixin.py:190} INFO - [2024-10-31T11:56:21.356+0000] {dagbag.py:588} INFO - Filling up the DagBag from /home/airflow/.local/lib/python3.12/site-packages/airflow/example_dags/tutorial.py
[2024-10-31T11:56:21.362+0000] {processor.py:925} INFO - DAG(s) 'tutorial' retrieved from /home/airflow/.local/lib/python3.12/site-packages/airflow/example_dags/tutorial.py
[2024-10-31T11:56:21.377+0000] {logging_mixin.py:190} INFO - [2024-10-31T11:56:21.377+0000] {dag.py:3239} INFO - Sync 1 DAGs
[2024-10-31T11:56:21.393+0000] {logging_mixin.py:190} INFO - [2024-10-31T11:56:21.392+0000] {dag.py:4180} INFO - Setting next_dagrun for tutorial to 2024-10-30 00:00:00+00:00, run_after=2024-10-31 00:00:00+00:00
[2024-10-31T11:56:21.412+0000] {processor.py:208} INFO - Processing /home/airflow/.local/lib/python3.12/site-packages/airflow/example_dags/tutorial.py took 0.063 seconds
[2024-10-31T11:56:51.539+0000] {processor.py:186} INFO - Started process (PID=603) to work on /home/airflow/.local/lib/python3.12/site-packages/airflow/example_dags/tutorial.py
[2024-10-31T11:56:51.541+0000] {processor.py:914} INFO - Processing file /home/airflow/.local/lib/python3.12/site-packages/airflow/example_dags/tutorial.py for tasks to queue
[2024-10-31T11:56:51.553+0000] {logging_mixin.py:190} INFO - [2024-10-31T11:56:51.552+0000] {dagbag.py:588} INFO - Filling up the DagBag from /home/airflow/.local/lib/python3.12/site-packages/airflow/example_dags/tutorial.py
[2024-10-31T11:56:51.565+0000] {processor.py:925} INFO - DAG(s) 'tutorial' retrieved from /home/airflow/.local/lib/python3.12/site-packages/airflow/example_dags/tutorial.py
[2024-10-31T11:56:51.582+0000] {logging_mixin.py:190} INFO - [2024-10-31T11:56:51.582+0000] {dag.py:3239} INFO - Sync 1 DAGs
[2024-10-31T11:56:51.599+0000] {logging_mixin.py:190} INFO - [2024-10-31T11:56:51.599+0000] {dag.py:4180} INFO - Setting next_dagrun for tutorial to 2024-10-30 00:00:00+00:00, run_after=2024-10-31 00:00:00+00:00
[2024-10-31T11:56:51.611+0000] {processor.py:208} INFO - Processing /home/airflow/.local/lib/python3.12/site-packages/airflow/example_dags/tutorial.py took 0.076 seconds
[2024-10-31T11:57:21.795+0000] {processor.py:186} INFO - Started process (PID=667) to work on /home/airflow/.local/lib/python3.12/site-packages/airflow/example_dags/tutorial.py
[2024-10-31T11:57:21.796+0000] {processor.py:914} INFO - Processing file /home/airflow/.local/lib/python3.12/site-packages/airflow/example_dags/tutorial.py for tasks to queue
[2024-10-31T11:57:21.797+0000] {logging_mixin.py:190} INFO - [2024-10-31T11:57:21.797+0000] {dagbag.py:588} INFO - Filling up the DagBag from /home/airflow/.local/lib/python3.12/site-packages/airflow/example_dags/tutorial.py
[2024-10-31T11:57:21.803+0000] {processor.py:925} INFO - DAG(s) 'tutorial' retrieved from /home/airflow/.local/lib/python3.12/site-packages/airflow/example_dags/tutorial.py
[2024-10-31T11:57:21.820+0000] {logging_mixin.py:190} INFO - [2024-10-31T11:57:21.820+0000] {dag.py:3239} INFO - Sync 1 DAGs
[2024-10-31T11:57:21.840+0000] {logging_mixin.py:190} INFO - [2024-10-31T11:57:21.840+0000] {dag.py:4180} INFO - Setting next_dagrun for tutorial to 2024-10-30 00:00:00+00:00, run_after=2024-10-31 00:00:00+00:00
[2024-10-31T11:57:21.858+0000] {processor.py:208} INFO - Processing /home/airflow/.local/lib/python3.12/site-packages/airflow/example_dags/tutorial.py took 0.068 seconds
[2024-10-31T11:57:52.210+0000] {processor.py:186} INFO - Started process (PID=730) to work on /home/airflow/.local/lib/python3.12/site-packages/airflow/example_dags/tutorial.py
[2024-10-31T11:57:52.215+0000] {processor.py:914} INFO - Processing file /home/airflow/.local/lib/python3.12/site-packages/airflow/example_dags/tutorial.py for tasks to queue
[2024-10-31T11:57:52.217+0000] {logging_mixin.py:190} INFO - [2024-10-31T11:57:52.217+0000] {dagbag.py:588} INFO - Filling up the DagBag from /home/airflow/.local/lib/python3.12/site-packages/airflow/example_dags/tutorial.py
[2024-10-31T11:57:52.222+0000] {processor.py:925} INFO - DAG(s) 'tutorial' retrieved from /home/airflow/.local/lib/python3.12/site-packages/airflow/example_dags/tutorial.py
[2024-10-31T11:57:52.237+0000] {logging_mixin.py:190} INFO - [2024-10-31T11:57:52.237+0000] {dag.py:3239} INFO - Sync 1 DAGs
[2024-10-31T11:57:52.256+0000] {logging_mixin.py:190} INFO - [2024-10-31T11:57:52.256+0000] {dag.py:4180} INFO - Setting next_dagrun for tutorial to 2024-10-30 00:00:00+00:00, run_after=2024-10-31 00:00:00+00:00
[2024-10-31T11:57:52.269+0000] {processor.py:208} INFO - Processing /home/airflow/.local/lib/python3.12/site-packages/airflow/example_dags/tutorial.py took 0.062 seconds
[2024-10-31T11:58:22.473+0000] {processor.py:186} INFO - Started process (PID=794) to work on /home/airflow/.local/lib/python3.12/site-packages/airflow/example_dags/tutorial.py
[2024-10-31T11:58:22.474+0000] {processor.py:914} INFO - Processing file /home/airflow/.local/lib/python3.12/site-packages/airflow/example_dags/tutorial.py for tasks to queue
[2024-10-31T11:58:22.475+0000] {logging_mixin.py:190} INFO - [2024-10-31T11:58:22.475+0000] {dagbag.py:588} INFO - Filling up the DagBag from /home/airflow/.local/lib/python3.12/site-packages/airflow/example_dags/tutorial.py
[2024-10-31T11:58:22.480+0000] {processor.py:925} INFO - DAG(s) 'tutorial' retrieved from /home/airflow/.local/lib/python3.12/site-packages/airflow/example_dags/tutorial.py
[2024-10-31T11:58:22.499+0000] {logging_mixin.py:190} INFO - [2024-10-31T11:58:22.499+0000] {dag.py:3239} INFO - Sync 1 DAGs
[2024-10-31T11:58:22.518+0000] {logging_mixin.py:190} INFO - [2024-10-31T11:58:22.518+0000] {dag.py:4180} INFO - Setting next_dagrun for tutorial to 2024-10-30 00:00:00+00:00, run_after=2024-10-31 00:00:00+00:00
[2024-10-31T11:58:22.533+0000] {processor.py:208} INFO - Processing /home/airflow/.local/lib/python3.12/site-packages/airflow/example_dags/tutorial.py took 0.064 seconds
[2024-10-31T11:58:53.780+0000] {processor.py:186} INFO - Started process (PID=858) to work on /home/airflow/.local/lib/python3.12/site-packages/airflow/example_dags/tutorial.py
[2024-10-31T11:58:53.781+0000] {processor.py:914} INFO - Processing file /home/airflow/.local/lib/python3.12/site-packages/airflow/example_dags/tutorial.py for tasks to queue
[2024-10-31T11:58:53.782+0000] {logging_mixin.py:190} INFO - [2024-10-31T11:58:53.782+0000] {dagbag.py:588} INFO - Filling up the DagBag from /home/airflow/.local/lib/python3.12/site-packages/airflow/example_dags/tutorial.py
[2024-10-31T11:58:53.791+0000] {processor.py:925} INFO - DAG(s) 'tutorial' retrieved from /home/airflow/.local/lib/python3.12/site-packages/airflow/example_dags/tutorial.py
[2024-10-31T11:58:53.816+0000] {logging_mixin.py:190} INFO - [2024-10-31T11:58:53.816+0000] {dag.py:3239} INFO - Sync 1 DAGs
[2024-10-31T11:58:53.833+0000] {logging_mixin.py:190} INFO - [2024-10-31T11:58:53.833+0000] {dag.py:4180} INFO - Setting next_dagrun for tutorial to 2024-10-30 00:00:00+00:00, run_after=2024-10-31 00:00:00+00:00
[2024-10-31T11:58:53.845+0000] {processor.py:208} INFO - Processing /home/airflow/.local/lib/python3.12/site-packages/airflow/example_dags/tutorial.py took 0.069 seconds
[2024-10-31T11:59:24.212+0000] {processor.py:186} INFO - Started process (PID=922) to work on /home/airflow/.local/lib/python3.12/site-packages/airflow/example_dags/tutorial.py
[2024-10-31T11:59:24.212+0000] {processor.py:914} INFO - Processing file /home/airflow/.local/lib/python3.12/site-packages/airflow/example_dags/tutorial.py for tasks to queue
[2024-10-31T11:59:24.214+0000] {logging_mixin.py:190} INFO - [2024-10-31T11:59:24.214+0000] {dagbag.py:588} INFO - Filling up the DagBag from /home/airflow/.local/lib/python3.12/site-packages/airflow/example_dags/tutorial.py
[2024-10-31T11:59:24.219+0000] {processor.py:925} INFO - DAG(s) 'tutorial' retrieved from /home/airflow/.local/lib/python3.12/site-packages/airflow/example_dags/tutorial.py
[2024-10-31T11:59:24.241+0000] {logging_mixin.py:190} INFO - [2024-10-31T11:59:24.241+0000] {dag.py:3239} INFO - Sync 1 DAGs
[2024-10-31T11:59:24.256+0000] {logging_mixin.py:190} INFO - [2024-10-31T11:59:24.256+0000] {dag.py:4180} INFO - Setting next_dagrun for tutorial to 2024-10-30 00:00:00+00:00, run_after=2024-10-31 00:00:00+00:00
[2024-10-31T11:59:24.269+0000] {processor.py:208} INFO - Processing /home/airflow/.local/lib/python3.12/site-packages/airflow/example_dags/tutorial.py took 0.062 seconds
[2024-10-31T11:59:54.758+0000] {processor.py:186} INFO - Started process (PID=986) to work on /home/airflow/.local/lib/python3.12/site-packages/airflow/example_dags/tutorial.py
[2024-10-31T11:59:54.760+0000] {processor.py:914} INFO - Processing file /home/airflow/.local/lib/python3.12/site-packages/airflow/example_dags/tutorial.py for tasks to queue
[2024-10-31T11:59:54.763+0000] {logging_mixin.py:190} INFO - [2024-10-31T11:59:54.762+0000] {dagbag.py:588} INFO - Filling up the DagBag from /home/airflow/.local/lib/python3.12/site-packages/airflow/example_dags/tutorial.py
[2024-10-31T11:59:54.768+0000] {processor.py:925} INFO - DAG(s) 'tutorial' retrieved from /home/airflow/.local/lib/python3.12/site-packages/airflow/example_dags/tutorial.py
[2024-10-31T11:59:54.786+0000] {logging_mixin.py:190} INFO - [2024-10-31T11:59:54.786+0000] {dag.py:3239} INFO - Sync 1 DAGs
[2024-10-31T11:59:54.803+0000] {logging_mixin.py:190} INFO - [2024-10-31T11:59:54.802+0000] {dag.py:4180} INFO - Setting next_dagrun for tutorial to 2024-10-30 00:00:00+00:00, run_after=2024-10-31 00:00:00+00:00
[2024-10-31T11:59:54.823+0000] {processor.py:208} INFO - Processing /home/airflow/.local/lib/python3.12/site-packages/airflow/example_dags/tutorial.py took 0.069 seconds
[2024-10-31T12:00:25.225+0000] {processor.py:186} INFO - Started process (PID=1050) to work on /home/airflow/.local/lib/python3.12/site-packages/airflow/example_dags/tutorial.py
[2024-10-31T12:00:25.225+0000] {processor.py:914} INFO - Processing file /home/airflow/.local/lib/python3.12/site-packages/airflow/example_dags/tutorial.py for tasks to queue
[2024-10-31T12:00:25.227+0000] {logging_mixin.py:190} INFO - [2024-10-31T12:00:25.227+0000] {dagbag.py:588} INFO - Filling up the DagBag from /home/airflow/.local/lib/python3.12/site-packages/airflow/example_dags/tutorial.py
[2024-10-31T12:00:25.232+0000] {processor.py:925} INFO - DAG(s) 'tutorial' retrieved from /home/airflow/.local/lib/python3.12/site-packages/airflow/example_dags/tutorial.py
[2024-10-31T12:00:25.247+0000] {logging_mixin.py:190} INFO - [2024-10-31T12:00:25.247+0000] {dag.py:3239} INFO - Sync 1 DAGs
[2024-10-31T12:00:25.260+0000] {logging_mixin.py:190} INFO - [2024-10-31T12:00:25.260+0000] {dag.py:4180} INFO - Setting next_dagrun for tutorial to 2024-10-30 00:00:00+00:00, run_after=2024-10-31 00:00:00+00:00
[2024-10-31T12:00:25.272+0000] {processor.py:208} INFO - Processing /home/airflow/.local/lib/python3.12/site-packages/airflow/example_dags/tutorial.py took 0.051 seconds
[2024-10-31T12:42:20.363+0000] {processor.py:186} INFO - Started process (PID=101) to work on /home/airflow/.local/lib/python3.12/site-packages/airflow/example_dags/tutorial.py
[2024-10-31T12:42:20.365+0000] {processor.py:914} INFO - Processing file /home/airflow/.local/lib/python3.12/site-packages/airflow/example_dags/tutorial.py for tasks to queue
[2024-10-31T12:42:20.367+0000] {logging_mixin.py:190} INFO - [2024-10-31T12:42:20.366+0000] {dagbag.py:588} INFO - Filling up the DagBag from /home/airflow/.local/lib/python3.12/site-packages/airflow/example_dags/tutorial.py
[2024-10-31T12:42:20.374+0000] {processor.py:925} INFO - DAG(s) 'tutorial' retrieved from /home/airflow/.local/lib/python3.12/site-packages/airflow/example_dags/tutorial.py
[2024-10-31T12:42:20.452+0000] {logging_mixin.py:190} INFO - [2024-10-31T12:42:20.451+0000] {override.py:1900} INFO - Created Permission View: can read on DAG:tutorial
[2024-10-31T12:42:20.458+0000] {logging_mixin.py:190} INFO - [2024-10-31T12:42:20.457+0000] {override.py:1900} INFO - Created Permission View: can delete on DAG:tutorial
[2024-10-31T12:42:20.462+0000] {logging_mixin.py:190} INFO - [2024-10-31T12:42:20.462+0000] {override.py:1900} INFO - Created Permission View: can edit on DAG:tutorial
[2024-10-31T12:42:20.466+0000] {logging_mixin.py:190} INFO - [2024-10-31T12:42:20.466+0000] {override.py:1900} INFO - Created Permission View: menu access on DAG Run:tutorial
[2024-10-31T12:42:20.470+0000] {logging_mixin.py:190} INFO - [2024-10-31T12:42:20.470+0000] {override.py:1900} INFO - Created Permission View: can read on DAG Run:tutorial
[2024-10-31T12:42:20.474+0000] {logging_mixin.py:190} INFO - [2024-10-31T12:42:20.474+0000] {override.py:1900} INFO - Created Permission View: can delete on DAG Run:tutorial
[2024-10-31T12:42:20.478+0000] {logging_mixin.py:190} INFO - [2024-10-31T12:42:20.478+0000] {override.py:1900} INFO - Created Permission View: can create on DAG Run:tutorial
[2024-10-31T12:42:20.478+0000] {logging_mixin.py:190} INFO - [2024-10-31T12:42:20.478+0000] {dag.py:3239} INFO - Sync 1 DAGs
[2024-10-31T12:42:20.488+0000] {logging_mixin.py:190} INFO - [2024-10-31T12:42:20.488+0000] {dag.py:3262} INFO - Creating ORM DAG for tutorial
[2024-10-31T12:42:20.494+0000] {logging_mixin.py:190} INFO - [2024-10-31T12:42:20.494+0000] {dag.py:4180} INFO - Setting next_dagrun for tutorial to 2024-10-30 00:00:00+00:00, run_after=2024-10-31 00:00:00+00:00
[2024-10-31T12:42:20.504+0000] {processor.py:208} INFO - Processing /home/airflow/.local/lib/python3.12/site-packages/airflow/example_dags/tutorial.py took 0.144 seconds
