[2024-10-31T06:00:01.061+0000] {local_task_job_runner.py:123} INFO - ::group::Pre task execution logs
[2024-10-31T06:00:01.072+0000] {taskinstance.py:2612} INFO - Dependencies all met for dep_context=non-requeueable deps ti=<TaskInstance: web_scrapping_dag.task scheduled__2024-10-31T05:00:00+00:00 [queued]>
[2024-10-31T06:00:01.077+0000] {taskinstance.py:2612} INFO - Dependencies all met for dep_context=requeueable deps ti=<TaskInstance: web_scrapping_dag.task scheduled__2024-10-31T05:00:00+00:00 [queued]>
[2024-10-31T06:00:01.078+0000] {taskinstance.py:2865} INFO - Starting attempt 1 of 1
[2024-10-31T06:00:01.085+0000] {taskinstance.py:2888} INFO - Executing <Task(PythonOperator): task> on 2024-10-31 05:00:00+00:00
[2024-10-31T06:00:01.089+0000] {warnings.py:112} WARNING - /home/***/.local/lib/python3.12/site-packages/***/task/task_runner/standard_task_runner.py:70: DeprecationWarning: This process (pid=2191) is multi-threaded, use of fork() may lead to deadlocks in the child.
  pid = os.fork()

[2024-10-31T06:00:01.090+0000] {standard_task_runner.py:72} INFO - Started process 2192 to run task
[2024-10-31T06:00:01.090+0000] {standard_task_runner.py:104} INFO - Running: ['***', 'tasks', 'run', 'web_scrapping_dag', 'task', 'scheduled__2024-10-31T05:00:00+00:00', '--job-id', '25', '--raw', '--subdir', 'DAGS_FOLDER/first_dag_with_python.py', '--cfg-path', '/tmp/tmpyfpv8wmu']
[2024-10-31T06:00:01.092+0000] {standard_task_runner.py:105} INFO - Job 25: Subtask task
[2024-10-31T06:00:01.120+0000] {task_command.py:467} INFO - Running <TaskInstance: web_scrapping_dag.task scheduled__2024-10-31T05:00:00+00:00 [running]> on host 0c345cfeaacd
[2024-10-31T06:00:01.171+0000] {taskinstance.py:3131} INFO - Exporting env vars: AIRFLOW_CTX_DAG_OWNER='***' AIRFLOW_CTX_DAG_ID='web_scrapping_dag' AIRFLOW_CTX_TASK_ID='task' AIRFLOW_CTX_EXECUTION_DATE='2024-10-31T05:00:00+00:00' AIRFLOW_CTX_TRY_NUMBER='1' AIRFLOW_CTX_DAG_RUN_ID='scheduled__2024-10-31T05:00:00+00:00'
[2024-10-31T06:00:01.172+0000] {taskinstance.py:731} INFO - ::endgroup::
[2024-10-31T06:00:01.323+0000] {logging_mixin.py:190} INFO - data/30.10.2024.csv ------
[2024-10-31T06:00:03.684+0000] {logging_mixin.py:190} INFO - Saved article: Hindistondagi yirik yangiliklar agentligi Wikipedia’ni sudga berdi
[2024-10-31T06:00:03.789+0000] {logging_mixin.py:190} INFO - Saved article: Reddit ijtimoiy tarmog‘i 20 yil ichida birinchi marta foyda ko‘rdi
[2024-10-31T06:00:03.899+0000] {logging_mixin.py:190} INFO - Saved article: AQSh Rossiya «do‘stlariga» qarshi sanksiyalar kiritdi
[2024-10-31T06:00:04.093+0000] {logging_mixin.py:190} INFO - Saved article: Qozog‘istonda davlat xizmatchilariga mukofot pullarini ajratish taqiqlandi
[2024-10-31T06:00:04.190+0000] {logging_mixin.py:190} INFO - Saved article: Erdo‘g‘an kurdlarni «Turkiya asrini» birgalikda qurishga chaqirdi
[2024-10-31T06:00:04.302+0000] {logging_mixin.py:190} INFO - Saved article: Trampning tarafdorlari Bayden ularni «chiqindi» deb ataganini aytishmoqda
[2024-10-31T06:00:04.784+0000] {logging_mixin.py:190} INFO - Saved article: «Hizbulloh»ning yangi rahbari Nasrullohning yo‘lini davom ettirishga va’da berdi
[2024-10-31T06:00:04.881+0000] {logging_mixin.py:190} INFO - Saved article: Turkiyada 8 ming yilga qamalgan Adnan Oktarning mulki musodara qilindi
[2024-10-31T06:00:04.977+0000] {logging_mixin.py:190} INFO - Saved article: Dekabr oyi oxirida MDH norasmiy sammiti bo‘lib o‘tadi
[2024-10-31T06:00:05.341+0000] {logging_mixin.py:190} INFO - Saved article: Yevropada sun’iy intellekt sabab millionlab ish o‘rinlari xavf ostida qolmoqda
[2024-10-31T06:00:05.463+0000] {logging_mixin.py:190} INFO - Saved article: Rossiya Davlat xizmatlari Google servislarini o‘chirishga tayyorgarlik boshladi
[2024-10-31T06:00:06.377+0000] {logging_mixin.py:190} INFO - Saved article: 30 oktyabr yangiliklari: O‘zbekistonda ro‘y bergan muhim voqea va hodisalar
[2024-10-31T06:00:06.573+0000] {logging_mixin.py:190} INFO - Saved article: Britaniyadagi atom suvosti kemalari ishlab chiqariladigan korxonada yong‘in yuz berdi
[2024-10-31T06:00:07.264+0000] {logging_mixin.py:190} INFO - Saved article: Toshkentga to‘rtta kirish darvozasi quriladi
[2024-10-31T06:00:07.373+0000] {logging_mixin.py:190} INFO - Saved article: Farg‘onada jamoat transporti yo‘l haqi oshirildi
[2024-10-31T06:00:07.790+0000] {logging_mixin.py:190} INFO - Saved article: Gurjistonda saylovlar bo‘yicha tergov boshlandi. Mamlakat prezidenti so‘roqqa chaqirildi
[2024-10-31T06:00:07.884+0000] {logging_mixin.py:190} INFO - Saved article: Chery 2024 Xalqaro foydalanuvchilar sammiti yakunlandi
[2024-10-31T06:00:07.983+0000] {logging_mixin.py:190} INFO - Saved article: Maktab darsliklari ijarasi uchun to‘lov tiklanishi mumkin
[2024-10-31T06:00:08.087+0000] {logging_mixin.py:190} INFO - Saved article: Saida Mirziyoyeva Fashion Trust Arabia taqdirlash marosimida ishtirok etdi
[2024-10-31T06:00:09.213+0000] {logging_mixin.py:190} INFO - Saved article: Maktabgacha va maktab ta’limi vaziriga yangi birinchi o‘rinbosar tayinlandi
[2024-10-31T06:00:09.754+0000] {logging_mixin.py:190} INFO - Saved article: Sovuq tushdi, ammo uylarga issiqlik berilmayapti. Nega?
[2024-10-31T06:00:09.857+0000] {logging_mixin.py:190} INFO - Saved article: 2025 yil uchun davlat budjeti: qaysi tashkilotga qancha pul ajratiladi?
[2024-10-31T06:00:10.037+0000] {logging_mixin.py:190} INFO - Saved article: Surxondaryoda isitish mavsumi 1 noyabrdan boshlanadi
[2024-10-31T06:00:10.148+0000] {logging_mixin.py:190} INFO - Saved article: BMW, Mercedes, Porsche va boshqa nemis kompaniyalarida umummilliy ish tashlash boshlandi
[2024-10-31T06:00:10.243+0000] {logging_mixin.py:190} INFO - Saved article: Alimentdan qochib yurgan otani “ilintirgan” xodim – MIB operatsiyasi tafsilotlari
[2024-10-31T06:00:10.394+0000] {logging_mixin.py:190} INFO - Saved article: Dunyoda silga chalinish holatlari oshdi – JSST
[2024-10-31T06:00:10.497+0000] {logging_mixin.py:190} INFO - Saved article: «Dahshatli voqea». AQSh yana o‘nlab kishi o‘ldirilishi ortidan G‘azodagi urushni yakunlashga chaqirdi
[2024-10-31T06:00:10.599+0000] {logging_mixin.py:190} INFO - Saved article: Atlas Mebel Beruniy: 1 noyabr kuni zamonaviy mebel bozori o‘z eshiklarini ochadi
[2024-10-31T06:00:10.740+0000] {logging_mixin.py:190} INFO - Saved article: Farg‘onada saylov qonunchiligini buzgan uchastka saylov komissiyasi a’zosi ma’muriy jazoga tortildi
[2024-10-31T06:00:10.984+0000] {logging_mixin.py:190} INFO - Saved article: Ispaniyada suv toshqini. 50 dan ortiq kishi halok bo‘lgan
[2024-10-31T06:00:11.066+0000] {logging_mixin.py:190} INFO - Saved article: Yangi uzilgan meva-sabzavotlarning “umrini uzaytirish” usuli ma’lum qilindi
[2024-10-31T06:00:11.222+0000] {logging_mixin.py:190} INFO - Saved article: Zelenskiy Shimoliy kengashni Ukrainani NATOga taklif qilishga chaqirdi
[2024-10-31T06:00:11.321+0000] {logging_mixin.py:190} INFO - Saved article: Enso Mayorka - ovchidan tabiat himoyachisiga aylangan sportchi haqida hikoya
[2024-10-31T06:00:11.941+0000] {logging_mixin.py:190} INFO - Saved article: Ma’lumotlar “kaft ustida” bo‘lsa, to‘g‘ri qaror chiqarish ehtimoli ortadi – Toshkentda ma’lumotlarni boshqarish mavzusida konferensiya bo‘lib o‘tdi
[2024-10-31T06:00:12.043+0000] {logging_mixin.py:190} INFO - Saved article: Rossiyada mahsulotlar narxi 2025 yilda 20 foizga oshishi mumkin
[2024-10-31T06:00:12.201+0000] {logging_mixin.py:190} INFO - Saved article: Vinisiusning fanatlari nafratini Rodrining «adash»lariga sochishdi
[2024-10-31T06:00:12.317+0000] {logging_mixin.py:190} INFO - Saved article: Yaponiyadagi qishloqda keksalar yolg‘izlikni yengish uchun ko‘chalarga qo‘g‘irchoqlar o‘rnatyapti
[2024-10-31T06:00:12.466+0000] {logging_mixin.py:190} INFO - Saved article: Olimlar saratonni sun’iy intellekt yordamida davolashning yangi usulini kashf etdi
[2024-10-31T06:00:12.561+0000] {logging_mixin.py:190} INFO - Saved article: UQK generali Marchenko: Donbassdagi front «parchalandi»
[2024-10-31T06:00:12.683+0000] {logging_mixin.py:190} INFO - Saved article: Oliy rada Ukrainadagi harbiy holatni uzaytirdi
[2024-10-31T06:00:12.907+0000] {logging_mixin.py:190} INFO - Saved article: Kiyev va Seul KXDRga qarshi turish uchun aloqalarni faollashtirmoqda
[2024-10-31T06:00:13.071+0000] {logging_mixin.py:190} INFO - Saved article: Italiyada farrosh ayol 50 ming yevrolik pul va taqinchoqlar solingan eski to‘shakni chiqindiga tashlab yubordi
[2024-10-31T06:00:13.251+0000] {logging_mixin.py:190} INFO - Saved article: Toyota avtomobillarini ishlab chiqarish hajmi ketma-ket sakkizinchi oy pasaydi, sotuvlar ham qisqardi
[2024-10-31T06:00:13.340+0000] {logging_mixin.py:190} INFO - Saved article: 2025 yilda qaysi yo‘nalishga qancha subsidiya ajratiladi?
[2024-10-31T06:00:13.465+0000] {logging_mixin.py:190} INFO - Saved article: Berlin va YeI GFR fuqarosining Eronda qatl etilishiga javob berilishini va’da qildi
[2024-10-31T06:00:13.617+0000] {logging_mixin.py:190} INFO - Saved article: Borrel Gurjiston saylovlari bo‘yicha «shaffof tekshiruv»ni talab qildi
[2024-10-31T06:00:13.716+0000] {logging_mixin.py:190} INFO - Saved article: “Qarzdor” hokim, chuv tushirilgan tadbirkor va isbotini topgan qilmish – Merey Omonboyevaga hukm o‘qildi
[2024-10-31T06:00:13.853+0000] {logging_mixin.py:190} INFO - Saved article: Bayt Lahiyaga raketa hujumi, «Hizbulloh»ning yangi yetakchisi va AQShni ko‘ndira olmayotgan Zelenskiy - kun dayjesti
[2024-10-31T06:00:13.950+0000] {logging_mixin.py:190} INFO - Saved article: Suv resurslarini boshqarish sohasidagi qonunchilikka qo‘shimcha kiritildi
[2024-10-31T06:00:14.076+0000] {logging_mixin.py:190} INFO - Saved article: RF 131 nafar Avstraliya fuqarosini «stop-list»ga kiritdi
[2024-10-31T06:00:14.212+0000] {logging_mixin.py:190} INFO - Saved article: 31 oktyabr kuni harorat 22 darajani tashkil etadi
[2024-10-31T06:00:14.322+0000] {logging_mixin.py:190} INFO - Saved article: O‘zbekistonda autstaffing xizmatlarini ko‘rsatish tartibi tasdiqlandi
[2024-10-31T06:00:14.453+0000] {logging_mixin.py:190} INFO - Saved article: Yle: Finlandiyada RF davlat mulki xatlovga olindi
[2024-10-31T06:00:14.638+0000] {logging_mixin.py:190} INFO - Saved article: O‘zbekiston va Iordaniya aviakompaniyalar soniga qo‘yilgan cheklovni olib tashlaydi
[2024-10-31T06:00:15.027+0000] {logging_mixin.py:190} INFO - Saved article: AQSh Davlat departamenti Daniyaga "havo-havo" raketalarini sotishni ma’qulladi
[2024-10-31T06:00:15.118+0000] {logging_mixin.py:190} INFO - Saved article: 1 noyabrdan boshlab chiqindidan qarzi borlarga elektr uchun to‘lov qilish cheklab qo‘yiladimi?
[2024-10-31T06:00:15.216+0000] {logging_mixin.py:190} INFO - Saved article: 3 yoshli bolaning qotili Jinoyat kodeksining 5 ta moddasi bilan ayblanmoqda
[2024-10-31T06:00:15.431+0000] {logging_mixin.py:190} INFO - Saved article: Markaziy Osiyoda yerusti transportini mustahkamlash to‘g‘risidagi bitim tasdiqlandi
[2024-10-31T06:00:15.583+0000] {logging_mixin.py:190} INFO - Saved article: «Shunchaki saylovdan ko‘ra kattaroq». Harris ovoz berish kuniga bir hafta qolganida muhim chiqish qildi
[2024-10-31T06:00:15.794+0000] {logging_mixin.py:190} INFO - Saved article: OAV: Putinning soqchilari tasodifan uning harakatlanishini oshkor qilib qo‘ydi
[2024-10-31T06:00:16.046+0000] {logging_mixin.py:190} INFO - Saved article: O‘rta tadbirkorlik sub’yektlari 9 oyda qancha soliq to‘lagani aytildi
[2024-10-31T06:00:16.221+0000] {logging_mixin.py:190} INFO - Saved article: FT: Ramaposaning Putinni maqtashi JAR koalitsiyasini parchaladi
[2024-10-31T06:00:16.324+0000] {logging_mixin.py:190} INFO - Saved article: Zangiotada gazdan noqonuniy foydalangan shaxslar ushlandi
[2024-10-31T06:00:16.424+0000] {logging_mixin.py:190} INFO - Saved article: “O‘zbekiston texnologik metallar kombinati” yillik eksport rejasini bajardi
[2024-10-31T06:00:16.514+0000] {logging_mixin.py:190} INFO - Saved article: Osiyo OAV: KXDRdan qochgan 200 kishi Ukrainaga yordam berishga tayyor
[2024-10-31T06:00:16.651+0000] {logging_mixin.py:190} INFO - Saved article: RFda aktyor Artur Smolyaninov sirtdan hibsga olindi
[2024-10-31T06:00:16.776+0000] {logging_mixin.py:190} INFO - Saved article: Rossiyada va dunyoda «Ismlarni qaytarish» aksiyasi bo‘lib o‘tdi
[2024-10-31T06:00:16.917+0000] {logging_mixin.py:190} INFO - Saved article: Pentagon: KXDRning oz sonli askarlari - RFning Kursk oblastida
[2024-10-31T06:00:17.108+0000] {logging_mixin.py:190} INFO - Saved article: FT: RF va Kiyev energoobektlarga hujumlarni to‘xtatishni muhokama qilmoqda
[2024-10-31T06:00:17.225+0000] {logging_mixin.py:190} INFO - Saved article: Ajrashish holatlari asosan necha yoshda ko‘proq kuzatilayotgani aytildi
[2024-10-31T06:00:17.430+0000] {logging_mixin.py:190} INFO - Saved article: Vazirlik va idoralar xodimlari soni qisqartirilmoqda
[2024-10-31T06:00:17.546+0000] {logging_mixin.py:190} INFO - Saved article: Toshkent shahridagi ayrim AYoQShda sifatsiz benzin sotilayotgani aniqlandi
[2024-10-31T06:00:17.861+0000] {logging_mixin.py:190} INFO - Saved article: 2025 yilda ish haqi va pensiyalarni oshirishga qancha mablag‘ ajratilishi ma’lum qilindi
[2024-10-31T06:00:17.990+0000] {logging_mixin.py:190} INFO - Saved article: Microsoft Googleʼni o‘z biznesiga putur yetkazayotgan «yashirin kampaniyalar»da aybladi
[2024-10-31T06:00:18.379+0000] {logging_mixin.py:190} INFO - Saved article: Londonda firibgarlar 22 tonna yuqori sifatli cheddar pishloqlarini o‘g‘irlab ketdi
[2024-10-31T06:00:18.737+0000] {logging_mixin.py:190} INFO - Saved article: Turkiya tashqi tahdidlarning oldini olish uchun yangi harbiy platformalar yaratadi
[2024-10-31T06:00:18.822+0000] {python.py:240} INFO - Done. Returned value was: None
[2024-10-31T06:00:18.831+0000] {taskinstance.py:340} INFO - ::group::Post task execution logs
[2024-10-31T06:00:18.832+0000] {taskinstance.py:352} INFO - Marking task as SUCCESS. dag_id=web_scrapping_dag, task_id=task, run_id=scheduled__2024-10-31T05:00:00+00:00, execution_date=20241031T050000, start_date=20241031T060001, end_date=20241031T060018
[2024-10-31T06:00:18.859+0000] {local_task_job_runner.py:266} INFO - Task exited with return code 0
[2024-10-31T06:00:18.880+0000] {taskinstance.py:3900} INFO - 0 downstream tasks scheduled from follow-on schedule check
[2024-10-31T06:00:18.881+0000] {local_task_job_runner.py:245} INFO - ::endgroup::
