[2024-10-31T07:00:01.097+0000] {local_task_job_runner.py:123} INFO - ::group::Pre task execution logs
[2024-10-31T07:00:01.107+0000] {taskinstance.py:2612} INFO - Dependencies all met for dep_context=non-requeueable deps ti=<TaskInstance: web_scrapping_dag.task scheduled__2024-10-31T06:00:00+00:00 [queued]>
[2024-10-31T07:00:01.112+0000] {taskinstance.py:2612} INFO - Dependencies all met for dep_context=requeueable deps ti=<TaskInstance: web_scrapping_dag.task scheduled__2024-10-31T06:00:00+00:00 [queued]>
[2024-10-31T07:00:01.112+0000] {taskinstance.py:2865} INFO - Starting attempt 1 of 1
[2024-10-31T07:00:01.120+0000] {taskinstance.py:2888} INFO - Executing <Task(PythonOperator): task> on 2024-10-31 06:00:00+00:00
[2024-10-31T07:00:01.124+0000] {warnings.py:112} WARNING - /home/***/.local/lib/python3.12/site-packages/***/task/task_runner/standard_task_runner.py:70: DeprecationWarning: This process (pid=2972) is multi-threaded, use of fork() may lead to deadlocks in the child.
  pid = os.fork()

[2024-10-31T07:00:01.125+0000] {standard_task_runner.py:72} INFO - Started process 2973 to run task
[2024-10-31T07:00:01.125+0000] {standard_task_runner.py:104} INFO - Running: ['***', 'tasks', 'run', 'web_scrapping_dag', 'task', 'scheduled__2024-10-31T06:00:00+00:00', '--job-id', '26', '--raw', '--subdir', 'DAGS_FOLDER/first_dag_with_python.py', '--cfg-path', '/tmp/tmp5e49itmv']
[2024-10-31T07:00:01.128+0000] {standard_task_runner.py:105} INFO - Job 26: Subtask task
[2024-10-31T07:00:01.162+0000] {task_command.py:467} INFO - Running <TaskInstance: web_scrapping_dag.task scheduled__2024-10-31T06:00:00+00:00 [running]> on host 0c345cfeaacd
[2024-10-31T07:00:01.233+0000] {taskinstance.py:3131} INFO - Exporting env vars: AIRFLOW_CTX_DAG_OWNER='***' AIRFLOW_CTX_DAG_ID='web_scrapping_dag' AIRFLOW_CTX_TASK_ID='task' AIRFLOW_CTX_EXECUTION_DATE='2024-10-31T06:00:00+00:00' AIRFLOW_CTX_TRY_NUMBER='1' AIRFLOW_CTX_DAG_RUN_ID='scheduled__2024-10-31T06:00:00+00:00'
[2024-10-31T07:00:01.234+0000] {taskinstance.py:731} INFO - ::endgroup::
[2024-10-31T07:00:01.349+0000] {logging_mixin.py:190} INFO - data/30.10.2024.csv ------
[2024-10-31T07:00:01.517+0000] {logging_mixin.py:190} INFO - Saved article: Hindistondagi yirik yangiliklar agentligi Wikipedia’ni sudga berdi
[2024-10-31T07:00:01.620+0000] {logging_mixin.py:190} INFO - Saved article: Reddit ijtimoiy tarmog‘i 20 yil ichida birinchi marta foyda ko‘rdi
[2024-10-31T07:00:01.722+0000] {logging_mixin.py:190} INFO - Saved article: AQSh Rossiya «do‘stlariga» qarshi sanksiyalar kiritdi
[2024-10-31T07:00:01.831+0000] {logging_mixin.py:190} INFO - Saved article: Qozog‘istonda davlat xizmatchilariga mukofot pullarini ajratish taqiqlandi
[2024-10-31T07:00:01.943+0000] {logging_mixin.py:190} INFO - Saved article: Erdo‘g‘an kurdlarni «Turkiya asrini» birgalikda qurishga chaqirdi
[2024-10-31T07:00:02.034+0000] {logging_mixin.py:190} INFO - Saved article: Trampning tarafdorlari Bayden ularni «chiqindi» deb ataganini aytishmoqda
[2024-10-31T07:00:02.182+0000] {logging_mixin.py:190} INFO - Saved article: «Hizbulloh»ning yangi rahbari Nasrullohning yo‘lini davom ettirishga va’da berdi
[2024-10-31T07:00:02.280+0000] {logging_mixin.py:190} INFO - Saved article: Turkiyada 8 ming yilga qamalgan Adnan Oktarning mulki musodara qilindi
[2024-10-31T07:00:02.394+0000] {logging_mixin.py:190} INFO - Saved article: Dekabr oyi oxirida MDH norasmiy sammiti bo‘lib o‘tadi
[2024-10-31T07:00:02.812+0000] {logging_mixin.py:190} INFO - Saved article: Yevropada sun’iy intellekt sabab millionlab ish o‘rinlari xavf ostida qolmoqda
[2024-10-31T07:00:02.916+0000] {logging_mixin.py:190} INFO - Saved article: Rossiya Davlat xizmatlari Google servislarini o‘chirishga tayyorgarlik boshladi
[2024-10-31T07:00:03.068+0000] {logging_mixin.py:190} INFO - Saved article: 30 oktyabr yangiliklari: O‘zbekistonda ro‘y bergan muhim voqea va hodisalar
[2024-10-31T07:00:03.254+0000] {logging_mixin.py:190} INFO - Saved article: Britaniyadagi atom suvosti kemalari ishlab chiqariladigan korxonada yong‘in yuz berdi
[2024-10-31T07:00:03.702+0000] {logging_mixin.py:190} INFO - Saved article: Toshkentga to‘rtta kirish darvozasi quriladi
[2024-10-31T07:00:04.212+0000] {logging_mixin.py:190} INFO - Saved article: Farg‘onada jamoat transporti yo‘l haqi oshirildi
[2024-10-31T07:00:04.350+0000] {logging_mixin.py:190} INFO - Saved article: Gurjistonda saylovlar bo‘yicha tergov boshlandi. Mamlakat prezidenti so‘roqqa chaqirildi
[2024-10-31T07:00:04.454+0000] {logging_mixin.py:190} INFO - Saved article: Chery 2024 Xalqaro foydalanuvchilar sammiti yakunlandi
[2024-10-31T07:00:04.557+0000] {logging_mixin.py:190} INFO - Saved article: Maktab darsliklari ijarasi uchun to‘lov tiklanishi mumkin
[2024-10-31T07:00:04.746+0000] {logging_mixin.py:190} INFO - Saved article: Saida Mirziyoyeva Fashion Trust Arabia taqdirlash marosimida ishtirok etdi
[2024-10-31T07:00:04.892+0000] {logging_mixin.py:190} INFO - Saved article: Maktabgacha va maktab ta’limi vaziriga yangi birinchi o‘rinbosar tayinlandi
[2024-10-31T07:00:05.011+0000] {logging_mixin.py:190} INFO - Saved article: Sovuq tushdi, ammo uylarga issiqlik berilmayapti. Nega?
[2024-10-31T07:00:05.123+0000] {logging_mixin.py:190} INFO - Saved article: 2025 yil uchun davlat budjeti: qaysi tashkilotga qancha pul ajratiladi?
[2024-10-31T07:00:05.316+0000] {logging_mixin.py:190} INFO - Saved article: Surxondaryoda isitish mavsumi 1 noyabrdan boshlanadi
[2024-10-31T07:00:05.472+0000] {logging_mixin.py:190} INFO - Saved article: BMW, Mercedes, Porsche va boshqa nemis kompaniyalarida umummilliy ish tashlash boshlandi
[2024-10-31T07:00:05.586+0000] {logging_mixin.py:190} INFO - Saved article: Alimentdan qochib yurgan otani “ilintirgan” xodim – MIB operatsiyasi tafsilotlari
[2024-10-31T07:00:05.758+0000] {logging_mixin.py:190} INFO - Saved article: Dunyoda silga chalinish holatlari oshdi – JSST
[2024-10-31T07:00:05.896+0000] {logging_mixin.py:190} INFO - Saved article: «Dahshatli voqea». AQSh yana o‘nlab kishi o‘ldirilishi ortidan G‘azodagi urushni yakunlashga chaqirdi
[2024-10-31T07:00:06.909+0000] {logging_mixin.py:190} INFO - Saved article: Atlas Mebel Beruniy: 1 noyabr kuni zamonaviy mebel bozori o‘z eshiklarini ochadi
[2024-10-31T07:00:07.057+0000] {logging_mixin.py:190} INFO - Saved article: Farg‘onada saylov qonunchiligini buzgan uchastka saylov komissiyasi a’zosi ma’muriy jazoga tortildi
[2024-10-31T07:00:07.158+0000] {logging_mixin.py:190} INFO - Saved article: Ispaniyada suv toshqini. 50 dan ortiq kishi halok bo‘lgan
[2024-10-31T07:00:07.267+0000] {logging_mixin.py:190} INFO - Saved article: Yangi uzilgan meva-sabzavotlarning “umrini uzaytirish” usuli ma’lum qilindi
[2024-10-31T07:00:07.430+0000] {logging_mixin.py:190} INFO - Saved article: Zelenskiy Shimoliy kengashni Ukrainani NATOga taklif qilishga chaqirdi
[2024-10-31T07:00:07.699+0000] {logging_mixin.py:190} INFO - Saved article: Enso Mayorka - ovchidan tabiat himoyachisiga aylangan sportchi haqida hikoya
[2024-10-31T07:00:08.300+0000] {logging_mixin.py:190} INFO - Saved article: Ma’lumotlar “kaft ustida” bo‘lsa, to‘g‘ri qaror chiqarish ehtimoli ortadi – Toshkentda ma’lumotlarni boshqarish mavzusida konferensiya bo‘lib o‘tdi
[2024-10-31T07:00:08.402+0000] {logging_mixin.py:190} INFO - Saved article: Rossiyada mahsulotlar narxi 2025 yilda 20 foizga oshishi mumkin
[2024-10-31T07:00:08.550+0000] {logging_mixin.py:190} INFO - Saved article: Vinisiusning fanatlari nafratini Rodrining «adash»lariga sochishdi
[2024-10-31T07:00:08.666+0000] {logging_mixin.py:190} INFO - Saved article: Yaponiyadagi qishloqda keksalar yolg‘izlikni yengish uchun ko‘chalarga qo‘g‘irchoqlar o‘rnatyapti
[2024-10-31T07:00:08.773+0000] {logging_mixin.py:190} INFO - Saved article: Olimlar saratonni sun’iy intellekt yordamida davolashning yangi usulini kashf etdi
[2024-10-31T07:00:09.034+0000] {logging_mixin.py:190} INFO - Saved article: UQK generali Marchenko: Donbassdagi front «parchalandi»
[2024-10-31T07:00:09.251+0000] {logging_mixin.py:190} INFO - Saved article: Oliy rada Ukrainadagi harbiy holatni uzaytirdi
[2024-10-31T07:00:10.773+0000] {logging_mixin.py:190} INFO - Saved article: Toshkentda yuz-jag‘ jarrohligiga ixtisoslashgan yangi SAIF PROFACE klinikasi ish boshladi
[2024-10-31T07:00:10.937+0000] {logging_mixin.py:190} INFO - Saved article: Kiyev va Seul KXDRga qarshi turish uchun aloqalarni faollashtirmoqda
[2024-10-31T07:00:11.046+0000] {logging_mixin.py:190} INFO - Saved article: Italiyada farrosh ayol 50 ming yevrolik pul va taqinchoqlar solingan eski to‘shakni chiqindiga tashlab yubordi
[2024-10-31T07:00:11.200+0000] {logging_mixin.py:190} INFO - Saved article: Toyota avtomobillarini ishlab chiqarish hajmi ketma-ket sakkizinchi oy pasaydi, sotuvlar ham qisqardi
[2024-10-31T07:00:11.441+0000] {logging_mixin.py:190} INFO - Saved article: 2025 yilda qaysi yo‘nalishga qancha subsidiya ajratiladi?
[2024-10-31T07:00:11.556+0000] {logging_mixin.py:190} INFO - Saved article: Berlin va YeI GFR fuqarosining Eronda qatl etilishiga javob berilishini va’da qildi
[2024-10-31T07:00:11.694+0000] {logging_mixin.py:190} INFO - Saved article: Borrel Gurjiston saylovlari bo‘yicha «shaffof tekshiruv»ni talab qildi
[2024-10-31T07:00:11.810+0000] {logging_mixin.py:190} INFO - Saved article: “Qarzdor” hokim, chuv tushirilgan tadbirkor va isbotini topgan qilmish – Merey Omonboyevaga hukm o‘qildi
[2024-10-31T07:00:12.004+0000] {logging_mixin.py:190} INFO - Saved article: Bayt Lahiyaga raketa hujumi, «Hizbulloh»ning yangi yetakchisi va AQShni ko‘ndira olmayotgan Zelenskiy - kun dayjesti
[2024-10-31T07:00:12.145+0000] {logging_mixin.py:190} INFO - Saved article: RF 131 nafar Avstraliya fuqarosini «stop-list»ga kiritdi
[2024-10-31T07:00:12.254+0000] {logging_mixin.py:190} INFO - Saved article: 31 oktyabr kuni harorat 22 darajani tashkil etadi
[2024-10-31T07:00:12.388+0000] {logging_mixin.py:190} INFO - Saved article: Yle: Finlandiyada RF davlat mulki xatlovga olindi
[2024-10-31T07:00:12.502+0000] {logging_mixin.py:190} INFO - Saved article: AQSh Davlat departamenti Daniyaga "havo-havo" raketalarini sotishni ma’qulladi
[2024-10-31T07:00:12.901+0000] {logging_mixin.py:190} INFO - Saved article: 1 noyabrdan boshlab chiqindidan qarzi borlarga elektr uchun to‘lov qilish cheklab qo‘yiladimi?
[2024-10-31T07:00:13.006+0000] {logging_mixin.py:190} INFO - Saved article: 3 yoshli bolaning qotili Jinoyat kodeksining 5 ta moddasi bilan ayblanmoqda
[2024-10-31T07:00:13.138+0000] {logging_mixin.py:190} INFO - Saved article: «Shunchaki saylovdan ko‘ra kattaroq». Harris ovoz berish kuniga bir hafta qolganida muhim chiqish qildi
[2024-10-31T07:00:13.356+0000] {logging_mixin.py:190} INFO - Saved article: OAV: Putinning soqchilari tasodifan uning harakatlanishini oshkor qilib qo‘ydi
[2024-10-31T07:00:13.451+0000] {logging_mixin.py:190} INFO - Saved article: O‘rta tadbirkorlik sub’yektlari 9 oyda qancha soliq to‘lagani aytildi
[2024-10-31T07:00:13.751+0000] {logging_mixin.py:190} INFO - Saved article: FT: Ramaposaning Putinni maqtashi JAR koalitsiyasini parchaladi
[2024-10-31T07:00:13.939+0000] {logging_mixin.py:190} INFO - Saved article: Zangiotada gazdan noqonuniy foydalangan shaxslar ushlandi
[2024-10-31T07:00:14.034+0000] {logging_mixin.py:190} INFO - Saved article: “O‘zbekiston texnologik metallar kombinati” yillik eksport rejasini bajardi
[2024-10-31T07:00:14.144+0000] {logging_mixin.py:190} INFO - Saved article: Osiyo OAV: KXDRdan qochgan 200 kishi Ukrainaga yordam berishga tayyor
[2024-10-31T07:00:14.292+0000] {logging_mixin.py:190} INFO - Saved article: RFda aktyor Artur Smolyaninov sirtdan hibsga olindi
[2024-10-31T07:00:14.458+0000] {logging_mixin.py:190} INFO - Saved article: Rossiyada va dunyoda «Ismlarni qaytarish» aksiyasi bo‘lib o‘tdi
[2024-10-31T07:00:14.619+0000] {logging_mixin.py:190} INFO - Saved article: Pentagon: KXDRning oz sonli askarlari - RFning Kursk oblastida
[2024-10-31T07:00:14.815+0000] {logging_mixin.py:190} INFO - Saved article: FT: RF va Kiyev energoobektlarga hujumlarni to‘xtatishni muhokama qilmoqda
[2024-10-31T07:00:15.027+0000] {logging_mixin.py:190} INFO - Saved article: Vazirlik va idoralar xodimlari soni qisqartirilmoqda
[2024-10-31T07:00:15.123+0000] {logging_mixin.py:190} INFO - Saved article: Toshkent shahridagi ayrim AYoQShda sifatsiz benzin sotilayotgani aniqlandi
[2024-10-31T07:00:15.238+0000] {logging_mixin.py:190} INFO - Saved article: 2025 yilda ish haqi va pensiyalarni oshirishga qancha mablag‘ ajratilishi ma’lum qilindi
[2024-10-31T07:00:15.384+0000] {logging_mixin.py:190} INFO - Saved article: Microsoft Googleʼni o‘z biznesiga putur yetkazayotgan «yashirin kampaniyalar»da aybladi
[2024-10-31T07:00:15.491+0000] {logging_mixin.py:190} INFO - Saved article: Londonda firibgarlar 22 tonna yuqori sifatli cheddar pishloqlarini o‘g‘irlab ketdi
[2024-10-31T07:00:15.658+0000] {logging_mixin.py:190} INFO - Saved article: Turkiya tashqi tahdidlarning oldini olish uchun yangi harbiy platformalar yaratadi
[2024-10-31T07:00:15.773+0000] {python.py:240} INFO - Done. Returned value was: None
[2024-10-31T07:00:15.786+0000] {taskinstance.py:340} INFO - ::group::Post task execution logs
[2024-10-31T07:00:15.787+0000] {taskinstance.py:352} INFO - Marking task as SUCCESS. dag_id=web_scrapping_dag, task_id=task, run_id=scheduled__2024-10-31T06:00:00+00:00, execution_date=20241031T060000, start_date=20241031T070001, end_date=20241031T070015
[2024-10-31T07:00:15.813+0000] {local_task_job_runner.py:266} INFO - Task exited with return code 0
[2024-10-31T07:00:15.825+0000] {taskinstance.py:3900} INFO - 0 downstream tasks scheduled from follow-on schedule check
[2024-10-31T07:00:15.826+0000] {local_task_job_runner.py:245} INFO - ::endgroup::
